[0.721s] Invoking command in '/home/edwinooi/Desktop/foxy_ws/build/nav2_smac_planner': AMENT_PREFIX_PATH=/home/edwinooi/Desktop/foxy_ws/install/nav2_core:/home/edwinooi/Desktop/foxy_ws/install/nav2_costmap_2d:/home/edwinooi/Desktop/foxy_ws/install/nav2_util:/home/edwinooi/Desktop/foxy_ws/install/nav2_voxel_grid:/home/edwinooi/Desktop/foxy_ws/install/nav2_msgs:/home/edwinooi/Desktop/foxy_ws/install/nav2_common:${AMENT_PREFIX_PATH} CMAKE_PREFIX_PATH=/home/edwinooi/Desktop/foxy_ws/install/nav2_core:/home/edwinooi/Desktop/foxy_ws/install/nav2_costmap_2d:/home/edwinooi/Desktop/foxy_ws/install/nav2_util:/home/edwinooi/Desktop/foxy_ws/install/nav2_voxel_grid:/home/edwinooi/Desktop/foxy_ws/install/nav2_msgs:/home/edwinooi/Desktop/foxy_ws/install/nav2_common:/home/edwinooi/Desktop/emanual/install/turtlebot3_simulations:/home/edwinooi/Desktop/emanual/install/turtlebot3_gazebo:/home/edwinooi/Desktop/emanual/install/turtlebot3_fake_node:/home/edwinooi/Desktop/emanual/install/ros2_aruco_interfaces:/home/edwinooi/Desktop/emanual/install/ros2_aruco:/opt/ros/humble LD_LIBRARY_PATH=/home/edwinooi/Desktop/foxy_ws/install/nav2_costmap_2d/lib:/home/edwinooi/Desktop/foxy_ws/install/nav2_util/lib:/home/edwinooi/Desktop/foxy_ws/install/nav2_voxel_grid/lib:/home/edwinooi/Desktop/foxy_ws/install/nav2_msgs/lib:${LD_LIBRARY_PATH} PYTHONPATH=/home/edwinooi/Desktop/foxy_ws/install/nav2_msgs/local/lib/python3.10/dist-packages:/home/edwinooi/Desktop/foxy_ws/install/nav2_common/local/lib/python3.10/dist-packages:${PYTHONPATH} /usr/bin/cmake /home/edwinooi/Desktop/foxy_ws/src/turtlebot3_simulations/navigation2-humble/nav2_smac_planner -DCMAKE_INSTALL_PREFIX=/home/edwinooi/Desktop/foxy_ws/install/nav2_smac_planner
[1.045s] -- The C compiler identification is GNU 11.4.0
[1.368s] -- The CXX compiler identification is GNU 11.4.0
[1.403s] -- Detecting C compiler ABI info
[1.752s] -- Detecting C compiler ABI info - done
[1.795s] -- Check for working C compiler: /usr/bin/cc - skipped
[1.800s] -- Detecting C compile features
[1.802s] -- Detecting C compile features - done
[1.821s] -- Detecting CXX compiler ABI info
[2.392s] -- Detecting CXX compiler ABI info - done
[2.476s] -- Check for working CXX compiler: /usr/bin/c++ - skipped
[2.477s] -- Detecting CXX compile features
[2.480s] -- Detecting CXX compile features - done
[2.496s] -- Found ament_cmake: 1.3.8 (/opt/ros/humble/share/ament_cmake/cmake)
[3.220s] -- Found Python3: /usr/bin/python3 (found version "3.10.12") found components: Interpreter 
[3.516s] -- Found nav2_common: 1.1.15 (/home/edwinooi/Desktop/foxy_ws/install/nav2_common/share/nav2_common/cmake)
[3.525s] -- Found rclcpp: 16.0.8 (/opt/ros/humble/share/rclcpp/cmake)
[3.669s] -- Found rosidl_generator_c: 3.1.5 (/opt/ros/humble/share/rosidl_generator_c/cmake)
[3.687s] -- Found rosidl_adapter: 3.1.5 (/opt/ros/humble/share/rosidl_adapter/cmake)
[3.713s] -- Found rosidl_generator_cpp: 3.1.5 (/opt/ros/humble/share/rosidl_generator_cpp/cmake)
[3.759s] -- Using all available rosidl_typesupport_c: rosidl_typesupport_fastrtps_c;rosidl_typesupport_introspection_c
[3.819s] -- Using all available rosidl_typesupport_cpp: rosidl_typesupport_fastrtps_cpp;rosidl_typesupport_introspection_cpp
[4.040s] -- Found rmw_implementation_cmake: 6.1.1 (/opt/ros/humble/share/rmw_implementation_cmake/cmake)
[4.064s] -- Found rmw_fastrtps_cpp: 6.2.6 (/opt/ros/humble/share/rmw_fastrtps_cpp/cmake)
[4.398s] -- Found OpenSSL: /usr/lib/x86_64-linux-gnu/libcrypto.so (found version "3.0.2")  
[4.505s] -- Found FastRTPS: /opt/ros/humble/include  
[4.669s] -- Using RMW implementation 'rmw_fastrtps_cpp' as default
[4.705s] -- Looking for pthread.h
[5.161s] -- Looking for pthread.h - found
[5.162s] -- Performing Test CMAKE_HAVE_LIBC_PTHREAD
[5.613s] -- Performing Test CMAKE_HAVE_LIBC_PTHREAD - Success
[5.620s] -- Found Threads: TRUE  
[6.245s] -- Found rclcpp_action: 16.0.8 (/opt/ros/humble/share/rclcpp_action/cmake)
[6.604s] -- Found rclcpp_lifecycle: 16.0.8 (/opt/ros/humble/share/rclcpp_lifecycle/cmake)
[6.749s] -- Found visualization_msgs: 4.2.3 (/opt/ros/humble/share/visualization_msgs/cmake)
[7.663s] -- Found nav2_util: 1.1.15 (/home/edwinooi/Desktop/foxy_ws/install/nav2_util/share/nav2_util/cmake)
[9.448s] -- Found eigen3_cmake_module: 0.1.1 (/opt/ros/humble/share/eigen3_cmake_module/cmake)
[9.455s] -- Found Eigen3: TRUE (found version "3.4.0") 
[9.457s] -- Ensuring Eigen3 include directory is part of orocos-kdl CMake target
[10.259s] -- Found nav2_core: 1.1.15 (/home/edwinooi/Desktop/foxy_ws/install/nav2_core/share/nav2_core/cmake)
[15.404s] -- Found ompl: /opt/ros/humble/include/ompl-1.6;/usr/include;/usr/include/eigen3  
[16.832s] -- Found OpenMP_C: -fopenmp (found version "4.5") 
[17.405s] -- Found OpenMP_CXX: -fopenmp (found version "4.5") 
[17.406s] -- Found OpenMP: TRUE (found version "4.5")  
[17.412s] -- Found OpenMP_C: -fopenmp (found version "4.5") 
[17.416s] -- Found OpenMP_CXX: -fopenmp (found version "4.5") 
[36.550s] -- Found ament_lint_auto: 0.12.10 (/opt/ros/humble/share/ament_lint_auto/cmake)
[36.858s] -- Found gtest sources under '/opt/ros/humble/src/gtest_vendor': C++ tests using 'Google Test' will be built
[118.161s] -- Added test 'copyright' to check source files copyright and LICENSE
[118.176s] -- Added test 'cppcheck' to perform static code analysis on C / C++ code
[118.186s] -- Configured cppcheck include dirs: /home/edwinooi/Desktop/foxy_ws/src/turtlebot3_simulations/navigation2-humble/nav2_smac_planner/include
[118.186s] -- Configured cppcheck exclude dirs and/or files: include/nav2_smac_planner/thirdparty/robin_hood.h
[118.216s] -- Added test 'cpplint' to check C / C++ code against the Google style
[118.216s] -- Configured cpplint exclude dirs and/or files: include/nav2_smac_planner/thirdparty/robin_hood.h
[118.221s] -- Added test 'flake8' to check Python code syntax and style conventions
[118.229s] -- Added test 'lint_cmake' to check CMake code style
[118.240s] -- Added test 'pep257' to check Python code against some of the docstring style conventions in PEP 257
[118.273s] -- Added test 'uncrustify' to check C / C++ code style
[118.273s] -- Configured uncrustify additional arguments: 
[118.278s] -- Added test 'xmllint' to check XML markup files
[118.312s] -- Configuring done
[120.947s] -- Generating done
[120.956s] -- Build files have been written to: /home/edwinooi/Desktop/foxy_ws/build/nav2_smac_planner
[121.021s] Invoked command in '/home/edwinooi/Desktop/foxy_ws/build/nav2_smac_planner' returned '0': AMENT_PREFIX_PATH=/home/edwinooi/Desktop/foxy_ws/install/nav2_core:/home/edwinooi/Desktop/foxy_ws/install/nav2_costmap_2d:/home/edwinooi/Desktop/foxy_ws/install/nav2_util:/home/edwinooi/Desktop/foxy_ws/install/nav2_voxel_grid:/home/edwinooi/Desktop/foxy_ws/install/nav2_msgs:/home/edwinooi/Desktop/foxy_ws/install/nav2_common:${AMENT_PREFIX_PATH} CMAKE_PREFIX_PATH=/home/edwinooi/Desktop/foxy_ws/install/nav2_core:/home/edwinooi/Desktop/foxy_ws/install/nav2_costmap_2d:/home/edwinooi/Desktop/foxy_ws/install/nav2_util:/home/edwinooi/Desktop/foxy_ws/install/nav2_voxel_grid:/home/edwinooi/Desktop/foxy_ws/install/nav2_msgs:/home/edwinooi/Desktop/foxy_ws/install/nav2_common:/home/edwinooi/Desktop/emanual/install/turtlebot3_simulations:/home/edwinooi/Desktop/emanual/install/turtlebot3_gazebo:/home/edwinooi/Desktop/emanual/install/turtlebot3_fake_node:/home/edwinooi/Desktop/emanual/install/ros2_aruco_interfaces:/home/edwinooi/Desktop/emanual/install/ros2_aruco:/opt/ros/humble LD_LIBRARY_PATH=/home/edwinooi/Desktop/foxy_ws/install/nav2_costmap_2d/lib:/home/edwinooi/Desktop/foxy_ws/install/nav2_util/lib:/home/edwinooi/Desktop/foxy_ws/install/nav2_voxel_grid/lib:/home/edwinooi/Desktop/foxy_ws/install/nav2_msgs/lib:${LD_LIBRARY_PATH} PYTHONPATH=/home/edwinooi/Desktop/foxy_ws/install/nav2_msgs/local/lib/python3.10/dist-packages:/home/edwinooi/Desktop/foxy_ws/install/nav2_common/local/lib/python3.10/dist-packages:${PYTHONPATH} /usr/bin/cmake /home/edwinooi/Desktop/foxy_ws/src/turtlebot3_simulations/navigation2-humble/nav2_smac_planner -DCMAKE_INSTALL_PREFIX=/home/edwinooi/Desktop/foxy_ws/install/nav2_smac_planner
[121.022s] Invoking command in '/home/edwinooi/Desktop/foxy_ws/build/nav2_smac_planner': AMENT_PREFIX_PATH=/home/edwinooi/Desktop/foxy_ws/install/nav2_core:/home/edwinooi/Desktop/foxy_ws/install/nav2_costmap_2d:/home/edwinooi/Desktop/foxy_ws/install/nav2_util:/home/edwinooi/Desktop/foxy_ws/install/nav2_voxel_grid:/home/edwinooi/Desktop/foxy_ws/install/nav2_msgs:/home/edwinooi/Desktop/foxy_ws/install/nav2_common:${AMENT_PREFIX_PATH} CMAKE_PREFIX_PATH=/home/edwinooi/Desktop/foxy_ws/install/nav2_core:/home/edwinooi/Desktop/foxy_ws/install/nav2_costmap_2d:/home/edwinooi/Desktop/foxy_ws/install/nav2_util:/home/edwinooi/Desktop/foxy_ws/install/nav2_voxel_grid:/home/edwinooi/Desktop/foxy_ws/install/nav2_msgs:/home/edwinooi/Desktop/foxy_ws/install/nav2_common:/home/edwinooi/Desktop/emanual/install/turtlebot3_simulations:/home/edwinooi/Desktop/emanual/install/turtlebot3_gazebo:/home/edwinooi/Desktop/emanual/install/turtlebot3_fake_node:/home/edwinooi/Desktop/emanual/install/ros2_aruco_interfaces:/home/edwinooi/Desktop/emanual/install/ros2_aruco:/opt/ros/humble LD_LIBRARY_PATH=/home/edwinooi/Desktop/foxy_ws/install/nav2_costmap_2d/lib:/home/edwinooi/Desktop/foxy_ws/install/nav2_util/lib:/home/edwinooi/Desktop/foxy_ws/install/nav2_voxel_grid/lib:/home/edwinooi/Desktop/foxy_ws/install/nav2_msgs/lib:${LD_LIBRARY_PATH} PYTHONPATH=/home/edwinooi/Desktop/foxy_ws/install/nav2_msgs/local/lib/python3.10/dist-packages:/home/edwinooi/Desktop/foxy_ws/install/nav2_common/local/lib/python3.10/dist-packages:${PYTHONPATH} /usr/bin/cmake --build /home/edwinooi/Desktop/foxy_ws/build/nav2_smac_planner -- -j4 -l4
[121.168s] [  1%] [32mBuilding CXX object CMakeFiles/nav2_smac_planner.dir/src/smac_planner_hybrid.cpp.o[0m
[152.069s] [  3%] [32mBuilding CXX object CMakeFiles/nav2_smac_planner.dir/src/a_star.cpp.o[0m
[174.773s] [  5%] [32mBuilding CXX object CMakeFiles/nav2_smac_planner.dir/src/collision_checker.cpp.o[0m
[184.684s] [  6%] [32mBuilding CXX object CMakeFiles/nav2_smac_planner.dir/src/smoother.cpp.o[0m
[201.469s] [  8%] [32mBuilding CXX object CMakeFiles/nav2_smac_planner.dir/src/analytic_expansion.cpp.o[0m
[219.231s] [ 10%] [32mBuilding CXX object CMakeFiles/nav2_smac_planner.dir/src/node_hybrid.cpp.o[0m
[242.856s] [ 11%] [32mBuilding CXX object CMakeFiles/nav2_smac_planner.dir/src/node_lattice.cpp.o[0m
[273.288s] [ 13%] [32mBuilding CXX object CMakeFiles/nav2_smac_planner.dir/src/costmap_downsampler.cpp.o[0m
[285.825s] [ 15%] [32mBuilding CXX object CMakeFiles/nav2_smac_planner.dir/src/node_2d.cpp.o[0m
[298.816s] [ 16%] [32mBuilding CXX object CMakeFiles/nav2_smac_planner.dir/src/node_basic.cpp.o[0m
[314.569s] [ 18%] [32m[1mLinking CXX shared library libnav2_smac_planner.so[0m
[316.916s] [ 18%] Built target nav2_smac_planner
[316.998s] [ 20%] [32mBuilding CXX object gtest/CMakeFiles/gtest.dir/src/gtest-all.cc.o[0m
[336.607s] [ 22%] [32m[1mLinking CXX static library libgtest.a[0m
[336.773s] [ 22%] Built target gtest
[336.844s] [ 23%] [32mBuilding CXX object gtest/CMakeFiles/gtest_main.dir/src/gtest_main.cc.o[0m
[340.135s] [ 25%] [32m[1mLinking CXX static library libgtest_main.a[0m
[340.218s] [ 25%] Built target gtest_main
[340.305s] [ 27%] [32mBuilding CXX object CMakeFiles/nav2_smac_planner_lattice.dir/src/smac_planner_lattice.cpp.o[0m
[369.319s] [ 28%] [32mBuilding CXX object CMakeFiles/nav2_smac_planner_lattice.dir/src/a_star.cpp.o[0m
[393.059s] [ 30%] [32mBuilding CXX object CMakeFiles/nav2_smac_planner_lattice.dir/src/smoother.cpp.o[0m
[407.718s] [ 32%] [32mBuilding CXX object CMakeFiles/nav2_smac_planner_lattice.dir/src/collision_checker.cpp.o[0m
[417.411s] [ 33%] [32mBuilding CXX object CMakeFiles/nav2_smac_planner_lattice.dir/src/analytic_expansion.cpp.o[0m
[438.036s] [ 35%] [32mBuilding CXX object CMakeFiles/nav2_smac_planner_lattice.dir/src/node_hybrid.cpp.o[0m
[455.843s] [ 37%] [32mBuilding CXX object CMakeFiles/nav2_smac_planner_lattice.dir/src/node_lattice.cpp.o[0m
[486.364s] [ 38%] [32mBuilding CXX object CMakeFiles/nav2_smac_planner_lattice.dir/src/costmap_downsampler.cpp.o[0m
[498.443s] [ 40%] [32mBuilding CXX object CMakeFiles/nav2_smac_planner_lattice.dir/src/node_2d.cpp.o[0m
[512.965s] [ 42%] [32mBuilding CXX object CMakeFiles/nav2_smac_planner_lattice.dir/src/node_basic.cpp.o[0m
[530.888s] [ 44%] [32m[1mLinking CXX shared library libnav2_smac_planner_lattice.so[0m
[533.139s] [ 44%] Built target nav2_smac_planner_lattice
[533.212s] [ 45%] [32mBuilding CXX object test/CMakeFiles/test_node2d.dir/test_node2d.cpp.o[0m
[553.257s] [ 47%] [32m[1mLinking CXX executable test_node2d[0m
[554.633s] [ 47%] Built target test_node2d
[554.697s] [ 49%] [32mBuilding CXX object test/CMakeFiles/test_nodehybrid.dir/test_nodehybrid.cpp.o[0m
[581.462s] [ 50%] [32m[1mLinking CXX executable test_nodehybrid[0m
[583.054s] [ 50%] Built target test_nodehybrid
[583.198s] [ 52%] [32mBuilding CXX object test/CMakeFiles/test_nodebasic.dir/test_nodebasic.cpp.o[0m
[608.852s] [ 54%] [32m[1mLinking CXX executable test_nodebasic[0m
[609.702s] [ 54%] Built target test_nodebasic
[609.747s] [ 55%] [32mBuilding CXX object test/CMakeFiles/test_collision_checker.dir/test_collision_checker.cpp.o[0m
[622.602s] [ 57%] [32m[1mLinking CXX executable test_collision_checker[0m
[624.052s] [ 57%] Built target test_collision_checker
[624.174s] [ 59%] [32mBuilding CXX object test/CMakeFiles/test_a_star.dir/test_a_star.cpp.o[0m
[648.639s] [ 61%] [32m[1mLinking CXX executable test_a_star[0m
[649.995s] [ 61%] Built target test_a_star
[650.049s] [ 62%] [32mBuilding CXX object test/CMakeFiles/test_smac_hybrid.dir/test_smac_hybrid.cpp.o[0m
[679.119s] [ 64%] [32m[1mLinking CXX executable test_smac_hybrid[0m
[680.943s] [ 64%] Built target test_smac_hybrid
[680.998s] [ 66%] [32mBuilding CXX object test/CMakeFiles/test_smac_lattice.dir/test_smac_lattice.cpp.o[0m
[707.521s] [ 67%] [32m[1mLinking CXX executable test_smac_lattice[0m
[708.740s] [ 67%] Built target test_smac_lattice
[708.832s] [ 69%] [32mBuilding CXX object test/CMakeFiles/test_lattice_node.dir/test_nodelattice.cpp.o[0m
[741.625s] [ 71%] [32m[1mLinking CXX executable test_lattice_node[0m
[743.163s] [ 71%] Built target test_lattice_node
[743.242s] [ 72%] [32mBuilding CXX object test/CMakeFiles/test_costmap_downsampler.dir/test_costmap_downsampler.cpp.o[0m
[758.781s] [ 74%] [32m[1mLinking CXX executable test_costmap_downsampler[0m
[760.283s] [ 74%] Built target test_costmap_downsampler
[760.376s] [ 76%] [32mBuilding CXX object CMakeFiles/nav2_smac_planner_2d.dir/src/smac_planner_2d.cpp.o[0m
[789.347s] [ 77%] [32mBuilding CXX object CMakeFiles/nav2_smac_planner_2d.dir/src/collision_checker.cpp.o[0m
[799.131s] [ 79%] [32mBuilding CXX object CMakeFiles/nav2_smac_planner_2d.dir/src/analytic_expansion.cpp.o[0m
[821.202s] [ 81%] [32mBuilding CXX object CMakeFiles/nav2_smac_planner_2d.dir/src/node_hybrid.cpp.o[0m
[842.199s] [ 83%] [32mBuilding CXX object CMakeFiles/nav2_smac_planner_2d.dir/src/node_lattice.cpp.o[0m
[872.007s] [ 84%] [32mBuilding CXX object CMakeFiles/nav2_smac_planner_2d.dir/src/costmap_downsampler.cpp.o[0m
[884.844s] [ 86%] [32mBuilding CXX object CMakeFiles/nav2_smac_planner_2d.dir/src/node_2d.cpp.o[0m
[902.634s] [ 88%] [32mBuilding CXX object CMakeFiles/nav2_smac_planner_2d.dir/src/node_basic.cpp.o[0m
[918.164s] [ 89%] [32mBuilding CXX object CMakeFiles/nav2_smac_planner_2d.dir/src/smoother.cpp.o[0m
[933.804s] [ 91%] [32mBuilding CXX object CMakeFiles/nav2_smac_planner_2d.dir/src/a_star.cpp.o[0m
[954.073s] [ 93%] [32m[1mLinking CXX shared library libnav2_smac_planner_2d.so[0m
[955.810s] [ 93%] Built target nav2_smac_planner_2d
[955.865s] [ 94%] [32mBuilding CXX object test/CMakeFiles/test_smac_2d.dir/test_smac_2d.cpp.o[0m
[975.653s] [ 96%] [32m[1mLinking CXX executable test_smac_2d[0m
[976.572s] [ 96%] Built target test_smac_2d
[976.614s] [ 98%] [32mBuilding CXX object test/CMakeFiles/test_smoother.dir/test_smoother.cpp.o[0m
[996.195s] [100%] [32m[1mLinking CXX executable test_smoother[0m
[997.098s] [100%] Built target test_smoother
[997.118s] Invoked command in '/home/edwinooi/Desktop/foxy_ws/build/nav2_smac_planner' returned '0': AMENT_PREFIX_PATH=/home/edwinooi/Desktop/foxy_ws/install/nav2_core:/home/edwinooi/Desktop/foxy_ws/install/nav2_costmap_2d:/home/edwinooi/Desktop/foxy_ws/install/nav2_util:/home/edwinooi/Desktop/foxy_ws/install/nav2_voxel_grid:/home/edwinooi/Desktop/foxy_ws/install/nav2_msgs:/home/edwinooi/Desktop/foxy_ws/install/nav2_common:${AMENT_PREFIX_PATH} CMAKE_PREFIX_PATH=/home/edwinooi/Desktop/foxy_ws/install/nav2_core:/home/edwinooi/Desktop/foxy_ws/install/nav2_costmap_2d:/home/edwinooi/Desktop/foxy_ws/install/nav2_util:/home/edwinooi/Desktop/foxy_ws/install/nav2_voxel_grid:/home/edwinooi/Desktop/foxy_ws/install/nav2_msgs:/home/edwinooi/Desktop/foxy_ws/install/nav2_common:/home/edwinooi/Desktop/emanual/install/turtlebot3_simulations:/home/edwinooi/Desktop/emanual/install/turtlebot3_gazebo:/home/edwinooi/Desktop/emanual/install/turtlebot3_fake_node:/home/edwinooi/Desktop/emanual/install/ros2_aruco_interfaces:/home/edwinooi/Desktop/emanual/install/ros2_aruco:/opt/ros/humble LD_LIBRARY_PATH=/home/edwinooi/Desktop/foxy_ws/install/nav2_costmap_2d/lib:/home/edwinooi/Desktop/foxy_ws/install/nav2_util/lib:/home/edwinooi/Desktop/foxy_ws/install/nav2_voxel_grid/lib:/home/edwinooi/Desktop/foxy_ws/install/nav2_msgs/lib:${LD_LIBRARY_PATH} PYTHONPATH=/home/edwinooi/Desktop/foxy_ws/install/nav2_msgs/local/lib/python3.10/dist-packages:/home/edwinooi/Desktop/foxy_ws/install/nav2_common/local/lib/python3.10/dist-packages:${PYTHONPATH} /usr/bin/cmake --build /home/edwinooi/Desktop/foxy_ws/build/nav2_smac_planner -- -j4 -l4
[997.244s] Invoking command in '/home/edwinooi/Desktop/foxy_ws/build/nav2_smac_planner': AMENT_PREFIX_PATH=/home/edwinooi/Desktop/foxy_ws/install/nav2_core:/home/edwinooi/Desktop/foxy_ws/install/nav2_costmap_2d:/home/edwinooi/Desktop/foxy_ws/install/nav2_util:/home/edwinooi/Desktop/foxy_ws/install/nav2_voxel_grid:/home/edwinooi/Desktop/foxy_ws/install/nav2_msgs:/home/edwinooi/Desktop/foxy_ws/install/nav2_common:${AMENT_PREFIX_PATH} CMAKE_PREFIX_PATH=/home/edwinooi/Desktop/foxy_ws/install/nav2_core:/home/edwinooi/Desktop/foxy_ws/install/nav2_costmap_2d:/home/edwinooi/Desktop/foxy_ws/install/nav2_util:/home/edwinooi/Desktop/foxy_ws/install/nav2_voxel_grid:/home/edwinooi/Desktop/foxy_ws/install/nav2_msgs:/home/edwinooi/Desktop/foxy_ws/install/nav2_common:/home/edwinooi/Desktop/emanual/install/turtlebot3_simulations:/home/edwinooi/Desktop/emanual/install/turtlebot3_gazebo:/home/edwinooi/Desktop/emanual/install/turtlebot3_fake_node:/home/edwinooi/Desktop/emanual/install/ros2_aruco_interfaces:/home/edwinooi/Desktop/emanual/install/ros2_aruco:/opt/ros/humble LD_LIBRARY_PATH=/home/edwinooi/Desktop/foxy_ws/install/nav2_costmap_2d/lib:/home/edwinooi/Desktop/foxy_ws/install/nav2_util/lib:/home/edwinooi/Desktop/foxy_ws/install/nav2_voxel_grid/lib:/home/edwinooi/Desktop/foxy_ws/install/nav2_msgs/lib:${LD_LIBRARY_PATH} PYTHONPATH=/home/edwinooi/Desktop/foxy_ws/install/nav2_msgs/local/lib/python3.10/dist-packages:/home/edwinooi/Desktop/foxy_ws/install/nav2_common/local/lib/python3.10/dist-packages:${PYTHONPATH} /usr/bin/cmake --install /home/edwinooi/Desktop/foxy_ws/build/nav2_smac_planner
[997.258s] -- Install configuration: "Release"
[997.258s] -- Installing: /home/edwinooi/Desktop/foxy_ws/install/nav2_smac_planner/share/nav2_smac_planner/smac_plugin_hybrid.xml
[997.259s] -- Installing: /home/edwinooi/Desktop/foxy_ws/install/nav2_smac_planner/share/nav2_smac_planner/smac_plugin_2d.xml
[997.260s] -- Installing: /home/edwinooi/Desktop/foxy_ws/install/nav2_smac_planner/share/nav2_smac_planner/smac_plugin_lattice.xml
[997.261s] -- Installing: /home/edwinooi/Desktop/foxy_ws/install/nav2_smac_planner/lib/libnav2_smac_planner.so
[997.265s] -- Set runtime path of "/home/edwinooi/Desktop/foxy_ws/install/nav2_smac_planner/lib/libnav2_smac_planner.so" to ""
[997.265s] -- Installing: /home/edwinooi/Desktop/foxy_ws/install/nav2_smac_planner/lib/libnav2_smac_planner_2d.so
[997.269s] -- Set runtime path of "/home/edwinooi/Desktop/foxy_ws/install/nav2_smac_planner/lib/libnav2_smac_planner_2d.so" to ""
[997.273s] -- Installing: /home/edwinooi/Desktop/foxy_ws/install/nav2_smac_planner/lib/libnav2_smac_planner_lattice.so
[997.276s] -- Set runtime path of "/home/edwinooi/Desktop/foxy_ws/install/nav2_smac_planner/lib/libnav2_smac_planner_lattice.so" to ""
[997.276s] -- Installing: /home/edwinooi/Desktop/foxy_ws/install/nav2_smac_planner/include/
[997.276s] -- Installing: /home/edwinooi/Desktop/foxy_ws/install/nav2_smac_planner/include//nav2_smac_planner
[997.278s] -- Installing: /home/edwinooi/Desktop/foxy_ws/install/nav2_smac_planner/include//nav2_smac_planner/collision_checker.hpp
[997.279s] -- Installing: /home/edwinooi/Desktop/foxy_ws/install/nav2_smac_planner/include//nav2_smac_planner/smac_planner_2d.hpp
[997.280s] -- Installing: /home/edwinooi/Desktop/foxy_ws/install/nav2_smac_planner/include//nav2_smac_planner/types.hpp
[997.280s] -- Installing: /home/edwinooi/Desktop/foxy_ws/install/nav2_smac_planner/include//nav2_smac_planner/node_2d.hpp
[997.282s] -- Installing: /home/edwinooi/Desktop/foxy_ws/install/nav2_smac_planner/include//nav2_smac_planner/smac_planner_hybrid.hpp
[997.282s] -- Installing: /home/edwinooi/Desktop/foxy_ws/install/nav2_smac_planner/include//nav2_smac_planner/a_star.hpp
[997.283s] -- Installing: /home/edwinooi/Desktop/foxy_ws/install/nav2_smac_planner/include//nav2_smac_planner/utils.hpp
[997.283s] -- Installing: /home/edwinooi/Desktop/foxy_ws/install/nav2_smac_planner/include//nav2_smac_planner/node_hybrid.hpp
[997.284s] -- Installing: /home/edwinooi/Desktop/foxy_ws/install/nav2_smac_planner/include//nav2_smac_planner/analytic_expansion.hpp
[997.284s] -- Installing: /home/edwinooi/Desktop/foxy_ws/install/nav2_smac_planner/include//nav2_smac_planner/node_lattice.hpp
[997.284s] -- Installing: /home/edwinooi/Desktop/foxy_ws/install/nav2_smac_planner/include//nav2_smac_planner/node_basic.hpp
[997.284s] -- Installing: /home/edwinooi/Desktop/foxy_ws/install/nav2_smac_planner/include//nav2_smac_planner/smoother.hpp
[997.284s] -- Installing: /home/edwinooi/Desktop/foxy_ws/install/nav2_smac_planner/include//nav2_smac_planner/constants.hpp
[997.285s] -- Installing: /home/edwinooi/Desktop/foxy_ws/install/nav2_smac_planner/include//nav2_smac_planner/smac_planner_lattice.hpp
[997.285s] -- Installing: /home/edwinooi/Desktop/foxy_ws/install/nav2_smac_planner/include//nav2_smac_planner/costmap_downsampler.hpp
[997.285s] -- Installing: /home/edwinooi/Desktop/foxy_ws/install/nav2_smac_planner/include//nav2_smac_planner/thirdparty
[997.285s] -- Installing: /home/edwinooi/Desktop/foxy_ws/install/nav2_smac_planner/include//nav2_smac_planner/thirdparty/robin_hood.h
[997.285s] -- Installing: /home/edwinooi/Desktop/foxy_ws/install/nav2_smac_planner/share/nav2_smac_planner/sample_primitives
[997.285s] -- Installing: /home/edwinooi/Desktop/foxy_ws/install/nav2_smac_planner/share/nav2_smac_planner/sample_primitives/5cm_resolution
[997.285s] -- Installing: /home/edwinooi/Desktop/foxy_ws/install/nav2_smac_planner/share/nav2_smac_planner/sample_primitives/5cm_resolution/0.5m_turning_radius
[997.286s] -- Installing: /home/edwinooi/Desktop/foxy_ws/install/nav2_smac_planner/share/nav2_smac_planner/sample_primitives/5cm_resolution/0.5m_turning_radius/all_trajectories.png
[997.288s] -- Installing: /home/edwinooi/Desktop/foxy_ws/install/nav2_smac_planner/share/nav2_smac_planner/sample_primitives/5cm_resolution/0.5m_turning_radius/omni
[997.289s] -- Installing: /home/edwinooi/Desktop/foxy_ws/install/nav2_smac_planner/share/nav2_smac_planner/sample_primitives/5cm_resolution/0.5m_turning_radius/omni/output.json
[997.289s] -- Installing: /home/edwinooi/Desktop/foxy_ws/install/nav2_smac_planner/share/nav2_smac_planner/sample_primitives/5cm_resolution/0.5m_turning_radius/ackermann
[997.290s] -- Installing: /home/edwinooi/Desktop/foxy_ws/install/nav2_smac_planner/share/nav2_smac_planner/sample_primitives/5cm_resolution/0.5m_turning_radius/ackermann/output.json
[997.292s] -- Installing: /home/edwinooi/Desktop/foxy_ws/install/nav2_smac_planner/share/nav2_smac_planner/sample_primitives/5cm_resolution/0.5m_turning_radius/diff
[997.292s] -- Installing: /home/edwinooi/Desktop/foxy_ws/install/nav2_smac_planner/share/nav2_smac_planner/sample_primitives/5cm_resolution/0.5m_turning_radius/diff/output.json
[997.297s] -- Installing: /home/edwinooi/Desktop/foxy_ws/install/nav2_smac_planner/share/nav2_smac_planner/sample_primitives/5cm_resolution/1m_turning_radius
[997.297s] -- Installing: /home/edwinooi/Desktop/foxy_ws/install/nav2_smac_planner/share/nav2_smac_planner/sample_primitives/5cm_resolution/1m_turning_radius/all_trajectories.png
[997.299s] -- Installing: /home/edwinooi/Desktop/foxy_ws/install/nav2_smac_planner/share/nav2_smac_planner/sample_primitives/5cm_resolution/1m_turning_radius/omni
[997.299s] -- Installing: /home/edwinooi/Desktop/foxy_ws/install/nav2_smac_planner/share/nav2_smac_planner/sample_primitives/5cm_resolution/1m_turning_radius/omni/output.json
[997.301s] -- Installing: /home/edwinooi/Desktop/foxy_ws/install/nav2_smac_planner/share/nav2_smac_planner/sample_primitives/5cm_resolution/1m_turning_radius/ackermann
[997.301s] -- Installing: /home/edwinooi/Desktop/foxy_ws/install/nav2_smac_planner/share/nav2_smac_planner/sample_primitives/5cm_resolution/1m_turning_radius/ackermann/output.json
[997.302s] -- Installing: /home/edwinooi/Desktop/foxy_ws/install/nav2_smac_planner/share/nav2_smac_planner/sample_primitives/5cm_resolution/1m_turning_radius/diff
[997.303s] -- Installing: /home/edwinooi/Desktop/foxy_ws/install/nav2_smac_planner/share/nav2_smac_planner/sample_primitives/5cm_resolution/1m_turning_radius/diff/output.json
[997.304s] -- Installing: /home/edwinooi/Desktop/foxy_ws/install/nav2_smac_planner/share/nav2_smac_planner/environment/library_path.sh
[997.305s] -- Installing: /home/edwinooi/Desktop/foxy_ws/install/nav2_smac_planner/share/nav2_smac_planner/environment/library_path.dsv
[997.306s] -- Installing: /home/edwinooi/Desktop/foxy_ws/install/nav2_smac_planner/share/ament_index/resource_index/package_run_dependencies/nav2_smac_planner
[997.306s] -- Installing: /home/edwinooi/Desktop/foxy_ws/install/nav2_smac_planner/share/ament_index/resource_index/parent_prefix_path/nav2_smac_planner
[997.307s] -- Installing: /home/edwinooi/Desktop/foxy_ws/install/nav2_smac_planner/share/nav2_smac_planner/environment/ament_prefix_path.sh
[997.308s] -- Installing: /home/edwinooi/Desktop/foxy_ws/install/nav2_smac_planner/share/nav2_smac_planner/environment/ament_prefix_path.dsv
[997.308s] -- Installing: /home/edwinooi/Desktop/foxy_ws/install/nav2_smac_planner/share/nav2_smac_planner/environment/path.sh
[997.309s] -- Installing: /home/edwinooi/Desktop/foxy_ws/install/nav2_smac_planner/share/nav2_smac_planner/environment/path.dsv
[997.309s] -- Installing: /home/edwinooi/Desktop/foxy_ws/install/nav2_smac_planner/share/nav2_smac_planner/local_setup.bash
[997.310s] -- Installing: /home/edwinooi/Desktop/foxy_ws/install/nav2_smac_planner/share/nav2_smac_planner/local_setup.sh
[997.311s] -- Installing: /home/edwinooi/Desktop/foxy_ws/install/nav2_smac_planner/share/nav2_smac_planner/local_setup.zsh
[997.311s] -- Installing: /home/edwinooi/Desktop/foxy_ws/install/nav2_smac_planner/share/nav2_smac_planner/local_setup.dsv
[997.312s] -- Installing: /home/edwinooi/Desktop/foxy_ws/install/nav2_smac_planner/share/nav2_smac_planner/package.dsv
[997.312s] -- Installing: /home/edwinooi/Desktop/foxy_ws/install/nav2_smac_planner/share/ament_index/resource_index/packages/nav2_smac_planner
[997.313s] -- Installing: /home/edwinooi/Desktop/foxy_ws/install/nav2_smac_planner/share/ament_index/resource_index/nav2_core__pluginlib__plugin/nav2_smac_planner
[997.314s] -- Installing: /home/edwinooi/Desktop/foxy_ws/install/nav2_smac_planner/share/nav2_smac_planner/cmake/ament_cmake_export_include_directories-extras.cmake
[997.315s] -- Installing: /home/edwinooi/Desktop/foxy_ws/install/nav2_smac_planner/share/nav2_smac_planner/cmake/ament_cmake_export_libraries-extras.cmake
[997.315s] -- Installing: /home/edwinooi/Desktop/foxy_ws/install/nav2_smac_planner/share/nav2_smac_planner/cmake/ament_cmake_export_dependencies-extras.cmake
[997.316s] -- Installing: /home/edwinooi/Desktop/foxy_ws/install/nav2_smac_planner/share/nav2_smac_planner/cmake/nav2_smac_plannerConfig.cmake
[997.316s] -- Installing: /home/edwinooi/Desktop/foxy_ws/install/nav2_smac_planner/share/nav2_smac_planner/cmake/nav2_smac_plannerConfig-version.cmake
[997.317s] -- Installing: /home/edwinooi/Desktop/foxy_ws/install/nav2_smac_planner/share/nav2_smac_planner/package.xml
[997.325s] Invoked command in '/home/edwinooi/Desktop/foxy_ws/build/nav2_smac_planner' returned '0': AMENT_PREFIX_PATH=/home/edwinooi/Desktop/foxy_ws/install/nav2_core:/home/edwinooi/Desktop/foxy_ws/install/nav2_costmap_2d:/home/edwinooi/Desktop/foxy_ws/install/nav2_util:/home/edwinooi/Desktop/foxy_ws/install/nav2_voxel_grid:/home/edwinooi/Desktop/foxy_ws/install/nav2_msgs:/home/edwinooi/Desktop/foxy_ws/install/nav2_common:${AMENT_PREFIX_PATH} CMAKE_PREFIX_PATH=/home/edwinooi/Desktop/foxy_ws/install/nav2_core:/home/edwinooi/Desktop/foxy_ws/install/nav2_costmap_2d:/home/edwinooi/Desktop/foxy_ws/install/nav2_util:/home/edwinooi/Desktop/foxy_ws/install/nav2_voxel_grid:/home/edwinooi/Desktop/foxy_ws/install/nav2_msgs:/home/edwinooi/Desktop/foxy_ws/install/nav2_common:/home/edwinooi/Desktop/emanual/install/turtlebot3_simulations:/home/edwinooi/Desktop/emanual/install/turtlebot3_gazebo:/home/edwinooi/Desktop/emanual/install/turtlebot3_fake_node:/home/edwinooi/Desktop/emanual/install/ros2_aruco_interfaces:/home/edwinooi/Desktop/emanual/install/ros2_aruco:/opt/ros/humble LD_LIBRARY_PATH=/home/edwinooi/Desktop/foxy_ws/install/nav2_costmap_2d/lib:/home/edwinooi/Desktop/foxy_ws/install/nav2_util/lib:/home/edwinooi/Desktop/foxy_ws/install/nav2_voxel_grid/lib:/home/edwinooi/Desktop/foxy_ws/install/nav2_msgs/lib:${LD_LIBRARY_PATH} PYTHONPATH=/home/edwinooi/Desktop/foxy_ws/install/nav2_msgs/local/lib/python3.10/dist-packages:/home/edwinooi/Desktop/foxy_ws/install/nav2_common/local/lib/python3.10/dist-packages:${PYTHONPATH} /usr/bin/cmake --install /home/edwinooi/Desktop/foxy_ws/build/nav2_smac_planner
