[0.298s] Invoking command in '/home/edwinooi/Desktop/foxy_ws/build/nav_2d_msgs': CMAKE_PREFIX_PATH=${CMAKE_PREFIX_PATH}:/home/edwinooi/Desktop/emanual/install/ros2_aruco:/opt/ros/humble /usr/bin/cmake --build /home/edwinooi/Desktop/foxy_ws/build/nav_2d_msgs -- -j4 -l4
[0.446s] [35m[1mConsolidate compiler generated dependencies of target nav_2d_msgs__rosidl_generator_c[0m
[0.476s] [  1%] Built target nav_2d_msgs__cpp
[0.535s] [ 12%] Built target nav_2d_msgs__rosidl_generator_c
[0.571s] [35m[1mConsolidate compiler generated dependencies of target nav_2d_msgs__rosidl_typesupport_fastrtps_cpp[0m
[0.601s] [35m[1mConsolidate compiler generated dependencies of target nav_2d_msgs__rosidl_typesupport_cpp[0m
[0.602s] [ 12%] Built target ament_cmake_python_copy_nav_2d_msgs
[0.689s] [35m[1mConsolidate compiler generated dependencies of target nav_2d_msgs__rosidl_typesupport_introspection_cpp[0m
[0.695s] [35m[1mConsolidate compiler generated dependencies of target nav_2d_msgs__rosidl_typesupport_fastrtps_c[0m
[0.770s] [ 23%] Built target nav_2d_msgs__rosidl_typesupport_cpp
[0.806s] [ 35%] Built target nav_2d_msgs__rosidl_typesupport_fastrtps_cpp
[0.864s] [35m[1mConsolidate compiler generated dependencies of target nav_2d_msgs__rosidl_typesupport_introspection_c[0m
[0.897s] [35m[1mConsolidate compiler generated dependencies of target nav_2d_msgs__rosidl_typesupport_c[0m
[0.943s] [ 46%] Built target nav_2d_msgs__rosidl_typesupport_introspection_cpp
[0.974s] [ 59%] Built target nav_2d_msgs__rosidl_typesupport_introspection_c
[1.004s] [ 69%] Built target nav_2d_msgs__rosidl_typesupport_fastrtps_c
[1.045s] [ 80%] Built target nav_2d_msgs__rosidl_typesupport_c
[1.220s] [ 80%] Built target nav_2d_msgs
[1.356s] [ 81%] Built target nav_2d_msgs__py
[1.401s] [35m[1mConsolidate compiler generated dependencies of target nav_2d_msgs__rosidl_generator_py[0m
[1.515s] [ 91%] Built target nav_2d_msgs__rosidl_generator_py
[1.572s] [35m[1mConsolidate compiler generated dependencies of target nav_2d_msgs__rosidl_typesupport_fastrtps_c__pyext[0m
[1.589s] [35m[1mConsolidate compiler generated dependencies of target nav_2d_msgs__rosidl_typesupport_introspection_c__pyext[0m
[1.636s] [35m[1mConsolidate compiler generated dependencies of target nav_2d_msgs__rosidl_typesupport_c__pyext[0m
[1.716s] [ 95%] Built target nav_2d_msgs__rosidl_typesupport_introspection_c__pyext
[1.718s] [ 97%] Built target nav_2d_msgs__rosidl_typesupport_fastrtps_c__pyext
[1.761s] [100%] Built target nav_2d_msgs__rosidl_typesupport_c__pyext
[2.378s] running egg_info
[2.380s] writing nav_2d_msgs.egg-info/PKG-INFO
[2.380s] writing dependency_links to nav_2d_msgs.egg-info/dependency_links.txt
[2.381s] writing top-level names to nav_2d_msgs.egg-info/top_level.txt
[2.385s] reading manifest file 'nav_2d_msgs.egg-info/SOURCES.txt'
[2.386s] writing manifest file 'nav_2d_msgs.egg-info/SOURCES.txt'
[2.477s] [100%] Built target ament_cmake_python_build_nav_2d_msgs_egg
[2.521s] Invoked command in '/home/edwinooi/Desktop/foxy_ws/build/nav_2d_msgs' returned '0': CMAKE_PREFIX_PATH=${CMAKE_PREFIX_PATH}:/home/edwinooi/Desktop/emanual/install/ros2_aruco:/opt/ros/humble /usr/bin/cmake --build /home/edwinooi/Desktop/foxy_ws/build/nav_2d_msgs -- -j4 -l4
[4.305s] Invoking command in '/home/edwinooi/Desktop/foxy_ws/build/nav_2d_msgs': CMAKE_PREFIX_PATH=${CMAKE_PREFIX_PATH}:/home/edwinooi/Desktop/emanual/install/ros2_aruco:/opt/ros/humble /usr/bin/cmake --install /home/edwinooi/Desktop/foxy_ws/build/nav_2d_msgs
[4.544s] -- Install configuration: ""
[4.544s] -- Up-to-date: /home/edwinooi/Desktop/foxy_ws/install/nav_2d_msgs/share/ament_index/resource_index/rosidl_interfaces/nav_2d_msgs
[4.544s] -- Up-to-date: /home/edwinooi/Desktop/foxy_ws/install/nav_2d_msgs/include/nav_2d_msgs/nav_2d_msgs
[4.544s] -- Up-to-date: /home/edwinooi/Desktop/foxy_ws/install/nav_2d_msgs/include/nav_2d_msgs/nav_2d_msgs/msg
[4.545s] -- Up-to-date: /home/edwinooi/Desktop/foxy_ws/install/nav_2d_msgs/include/nav_2d_msgs/nav_2d_msgs/msg/twist2_d_stamped.h
[4.545s] -- Up-to-date: /home/edwinooi/Desktop/foxy_ws/install/nav_2d_msgs/include/nav_2d_msgs/nav_2d_msgs/msg/path2_d.h
[4.545s] -- Up-to-date: /home/edwinooi/Desktop/foxy_ws/install/nav_2d_msgs/include/nav_2d_msgs/nav_2d_msgs/msg/pose2_d_stamped.h
[4.545s] -- Up-to-date: /home/edwinooi/Desktop/foxy_ws/install/nav_2d_msgs/include/nav_2d_msgs/nav_2d_msgs/msg/twist2_d.h
[4.545s] -- Up-to-date: /home/edwinooi/Desktop/foxy_ws/install/nav_2d_msgs/include/nav_2d_msgs/nav_2d_msgs/msg/rosidl_generator_c__visibility_control.h
[4.545s] -- Up-to-date: /home/edwinooi/Desktop/foxy_ws/install/nav_2d_msgs/include/nav_2d_msgs/nav_2d_msgs/msg/pose2_d32.h
[4.545s] -- Up-to-date: /home/edwinooi/Desktop/foxy_ws/install/nav_2d_msgs/include/nav_2d_msgs/nav_2d_msgs/msg/detail
[4.546s] -- Up-to-date: /home/edwinooi/Desktop/foxy_ws/install/nav_2d_msgs/include/nav_2d_msgs/nav_2d_msgs/msg/detail/twist2_d__type_support.h
[4.546s] -- Up-to-date: /home/edwinooi/Desktop/foxy_ws/install/nav_2d_msgs/include/nav_2d_msgs/nav_2d_msgs/msg/detail/pose2_d32__type_support.h
[4.546s] -- Up-to-date: /home/edwinooi/Desktop/foxy_ws/install/nav_2d_msgs/include/nav_2d_msgs/nav_2d_msgs/msg/detail/pose2_d32__functions.h
[4.546s] -- Up-to-date: /home/edwinooi/Desktop/foxy_ws/install/nav_2d_msgs/include/nav_2d_msgs/nav_2d_msgs/msg/detail/twist2_d__functions.c
[4.546s] -- Up-to-date: /home/edwinooi/Desktop/foxy_ws/install/nav_2d_msgs/include/nav_2d_msgs/nav_2d_msgs/msg/detail/path2_d__struct.h
[4.546s] -- Up-to-date: /home/edwinooi/Desktop/foxy_ws/install/nav_2d_msgs/include/nav_2d_msgs/nav_2d_msgs/msg/detail/twist2_d32__functions.c
[4.547s] -- Up-to-date: /home/edwinooi/Desktop/foxy_ws/install/nav_2d_msgs/include/nav_2d_msgs/nav_2d_msgs/msg/detail/twist2_d32__type_support.h
[4.547s] -- Up-to-date: /home/edwinooi/Desktop/foxy_ws/install/nav_2d_msgs/include/nav_2d_msgs/nav_2d_msgs/msg/detail/twist2_d_stamped__struct.h
[4.547s] -- Up-to-date: /home/edwinooi/Desktop/foxy_ws/install/nav_2d_msgs/include/nav_2d_msgs/nav_2d_msgs/msg/detail/pose2_d_stamped__type_support.h
[4.547s] -- Up-to-date: /home/edwinooi/Desktop/foxy_ws/install/nav_2d_msgs/include/nav_2d_msgs/nav_2d_msgs/msg/detail/twist2_d_stamped__functions.c
[4.547s] -- Up-to-date: /home/edwinooi/Desktop/foxy_ws/install/nav_2d_msgs/include/nav_2d_msgs/nav_2d_msgs/msg/detail/pose2_d_stamped__functions.c
[4.547s] -- Up-to-date: /home/edwinooi/Desktop/foxy_ws/install/nav_2d_msgs/include/nav_2d_msgs/nav_2d_msgs/msg/detail/twist2_d__functions.h
[4.548s] -- Up-to-date: /home/edwinooi/Desktop/foxy_ws/install/nav_2d_msgs/include/nav_2d_msgs/nav_2d_msgs/msg/detail/twist2_d_stamped__type_support.h
[4.548s] -- Up-to-date: /home/edwinooi/Desktop/foxy_ws/install/nav_2d_msgs/include/nav_2d_msgs/nav_2d_msgs/msg/detail/pose2_d32__struct.h
[4.548s] -- Up-to-date: /home/edwinooi/Desktop/foxy_ws/install/nav_2d_msgs/include/nav_2d_msgs/nav_2d_msgs/msg/detail/twist2_d_stamped__functions.h
[4.576s] -- Up-to-date: /home/edwinooi/Desktop/foxy_ws/install/nav_2d_msgs/include/nav_2d_msgs/nav_2d_msgs/msg/detail/path2_d__functions.h
[4.577s] -- Up-to-date: /home/edwinooi/Desktop/foxy_ws/install/nav_2d_msgs/include/nav_2d_msgs/nav_2d_msgs/msg/detail/path2_d__type_support.h
[4.577s] -- Up-to-date: /home/edwinooi/Desktop/foxy_ws/install/nav_2d_msgs/include/nav_2d_msgs/nav_2d_msgs/msg/detail/pose2_d32__functions.c
[4.577s] -- Up-to-date: /home/edwinooi/Desktop/foxy_ws/install/nav_2d_msgs/include/nav_2d_msgs/nav_2d_msgs/msg/detail/twist2_d__struct.h
[4.577s] -- Up-to-date: /home/edwinooi/Desktop/foxy_ws/install/nav_2d_msgs/include/nav_2d_msgs/nav_2d_msgs/msg/detail/twist2_d32__functions.h
[4.577s] -- Up-to-date: /home/edwinooi/Desktop/foxy_ws/install/nav_2d_msgs/include/nav_2d_msgs/nav_2d_msgs/msg/detail/pose2_d_stamped__struct.h
[4.578s] -- Up-to-date: /home/edwinooi/Desktop/foxy_ws/install/nav_2d_msgs/include/nav_2d_msgs/nav_2d_msgs/msg/detail/twist2_d32__struct.h
[4.578s] -- Up-to-date: /home/edwinooi/Desktop/foxy_ws/install/nav_2d_msgs/include/nav_2d_msgs/nav_2d_msgs/msg/detail/pose2_d_stamped__functions.h
[4.578s] -- Up-to-date: /home/edwinooi/Desktop/foxy_ws/install/nav_2d_msgs/include/nav_2d_msgs/nav_2d_msgs/msg/detail/path2_d__functions.c
[4.578s] -- Up-to-date: /home/edwinooi/Desktop/foxy_ws/install/nav_2d_msgs/include/nav_2d_msgs/nav_2d_msgs/msg/twist2_d32.h
[4.578s] -- Up-to-date: /home/edwinooi/Desktop/foxy_ws/install/nav_2d_msgs/share/nav_2d_msgs/environment/library_path.sh
[4.578s] -- Up-to-date: /home/edwinooi/Desktop/foxy_ws/install/nav_2d_msgs/share/nav_2d_msgs/environment/library_path.dsv
[4.579s] -- Up-to-date: /home/edwinooi/Desktop/foxy_ws/install/nav_2d_msgs/lib/libnav_2d_msgs__rosidl_generator_c.so
[4.579s] -- Up-to-date: /home/edwinooi/Desktop/foxy_ws/install/nav_2d_msgs/include/nav_2d_msgs/nav_2d_msgs
[4.579s] -- Up-to-date: /home/edwinooi/Desktop/foxy_ws/install/nav_2d_msgs/include/nav_2d_msgs/nav_2d_msgs/msg
[4.579s] -- Up-to-date: /home/edwinooi/Desktop/foxy_ws/install/nav_2d_msgs/include/nav_2d_msgs/nav_2d_msgs/msg/rosidl_typesupport_fastrtps_c__visibility_control.h
[4.579s] -- Up-to-date: /home/edwinooi/Desktop/foxy_ws/install/nav_2d_msgs/include/nav_2d_msgs/nav_2d_msgs/msg/detail
[4.579s] -- Up-to-date: /home/edwinooi/Desktop/foxy_ws/install/nav_2d_msgs/include/nav_2d_msgs/nav_2d_msgs/msg/detail/pose2_d32__rosidl_typesupport_fastrtps_c.h
[4.579s] -- Up-to-date: /home/edwinooi/Desktop/foxy_ws/install/nav_2d_msgs/include/nav_2d_msgs/nav_2d_msgs/msg/detail/twist2_d_stamped__rosidl_typesupport_fastrtps_c.h
[4.580s] -- Up-to-date: /home/edwinooi/Desktop/foxy_ws/install/nav_2d_msgs/include/nav_2d_msgs/nav_2d_msgs/msg/detail/pose2_d_stamped__rosidl_typesupport_fastrtps_c.h
[4.587s] -- Up-to-date: /home/edwinooi/Desktop/foxy_ws/install/nav_2d_msgs/include/nav_2d_msgs/nav_2d_msgs/msg/detail/twist2_d__rosidl_typesupport_fastrtps_c.h
[4.588s] -- Up-to-date: /home/edwinooi/Desktop/foxy_ws/install/nav_2d_msgs/include/nav_2d_msgs/nav_2d_msgs/msg/detail/path2_d__rosidl_typesupport_fastrtps_c.h
[4.588s] -- Up-to-date: /home/edwinooi/Desktop/foxy_ws/install/nav_2d_msgs/include/nav_2d_msgs/nav_2d_msgs/msg/detail/twist2_d32__rosidl_typesupport_fastrtps_c.h
[4.588s] -- Up-to-date: /home/edwinooi/Desktop/foxy_ws/install/nav_2d_msgs/lib/libnav_2d_msgs__rosidl_typesupport_fastrtps_c.so
[4.608s] -- Up-to-date: /home/edwinooi/Desktop/foxy_ws/install/nav_2d_msgs/include/nav_2d_msgs/nav_2d_msgs
[4.609s] -- Up-to-date: /home/edwinooi/Desktop/foxy_ws/install/nav_2d_msgs/include/nav_2d_msgs/nav_2d_msgs/msg
[4.609s] -- Up-to-date: /home/edwinooi/Desktop/foxy_ws/install/nav_2d_msgs/include/nav_2d_msgs/nav_2d_msgs/msg/twist2_d32.hpp
[4.609s] -- Up-to-date: /home/edwinooi/Desktop/foxy_ws/install/nav_2d_msgs/include/nav_2d_msgs/nav_2d_msgs/msg/path2_d.hpp
[4.609s] -- Up-to-date: /home/edwinooi/Desktop/foxy_ws/install/nav_2d_msgs/include/nav_2d_msgs/nav_2d_msgs/msg/twist2_d.hpp
[4.609s] -- Up-to-date: /home/edwinooi/Desktop/foxy_ws/install/nav_2d_msgs/include/nav_2d_msgs/nav_2d_msgs/msg/pose2_d_stamped.hpp
[4.609s] -- Up-to-date: /home/edwinooi/Desktop/foxy_ws/install/nav_2d_msgs/include/nav_2d_msgs/nav_2d_msgs/msg/detail
[4.609s] -- Up-to-date: /home/edwinooi/Desktop/foxy_ws/install/nav_2d_msgs/include/nav_2d_msgs/nav_2d_msgs/msg/detail/pose2_d_stamped__struct.hpp
[4.610s] -- Up-to-date: /home/edwinooi/Desktop/foxy_ws/install/nav_2d_msgs/include/nav_2d_msgs/nav_2d_msgs/msg/detail/twist2_d_stamped__struct.hpp
[4.610s] -- Up-to-date: /home/edwinooi/Desktop/foxy_ws/install/nav_2d_msgs/include/nav_2d_msgs/nav_2d_msgs/msg/detail/pose2_d32__traits.hpp
[4.610s] -- Up-to-date: /home/edwinooi/Desktop/foxy_ws/install/nav_2d_msgs/include/nav_2d_msgs/nav_2d_msgs/msg/detail/twist2_d_stamped__builder.hpp
[4.610s] -- Up-to-date: /home/edwinooi/Desktop/foxy_ws/install/nav_2d_msgs/include/nav_2d_msgs/nav_2d_msgs/msg/detail/twist2_d__traits.hpp
[4.610s] -- Up-to-date: /home/edwinooi/Desktop/foxy_ws/install/nav_2d_msgs/include/nav_2d_msgs/nav_2d_msgs/msg/detail/twist2_d32__struct.hpp
[4.610s] -- Up-to-date: /home/edwinooi/Desktop/foxy_ws/install/nav_2d_msgs/include/nav_2d_msgs/nav_2d_msgs/msg/detail/twist2_d_stamped__traits.hpp
[4.611s] -- Up-to-date: /home/edwinooi/Desktop/foxy_ws/install/nav_2d_msgs/include/nav_2d_msgs/nav_2d_msgs/msg/detail/pose2_d_stamped__builder.hpp
[4.611s] -- Up-to-date: /home/edwinooi/Desktop/foxy_ws/install/nav_2d_msgs/include/nav_2d_msgs/nav_2d_msgs/msg/detail/path2_d__traits.hpp
[4.611s] -- Up-to-date: /home/edwinooi/Desktop/foxy_ws/install/nav_2d_msgs/include/nav_2d_msgs/nav_2d_msgs/msg/detail/pose2_d32__struct.hpp
[4.625s] -- Up-to-date: /home/edwinooi/Desktop/foxy_ws/install/nav_2d_msgs/include/nav_2d_msgs/nav_2d_msgs/msg/detail/pose2_d32__builder.hpp
[4.625s] -- Up-to-date: /home/edwinooi/Desktop/foxy_ws/install/nav_2d_msgs/include/nav_2d_msgs/nav_2d_msgs/msg/detail/twist2_d__builder.hpp
[4.625s] -- Up-to-date: /home/edwinooi/Desktop/foxy_ws/install/nav_2d_msgs/include/nav_2d_msgs/nav_2d_msgs/msg/detail/path2_d__builder.hpp
[4.625s] -- Up-to-date: /home/edwinooi/Desktop/foxy_ws/install/nav_2d_msgs/include/nav_2d_msgs/nav_2d_msgs/msg/detail/path2_d__struct.hpp
[4.625s] -- Up-to-date: /home/edwinooi/Desktop/foxy_ws/install/nav_2d_msgs/include/nav_2d_msgs/nav_2d_msgs/msg/detail/twist2_d__struct.hpp
[4.625s] -- Up-to-date: /home/edwinooi/Desktop/foxy_ws/install/nav_2d_msgs/include/nav_2d_msgs/nav_2d_msgs/msg/detail/twist2_d32__builder.hpp
[4.625s] -- Up-to-date: /home/edwinooi/Desktop/foxy_ws/install/nav_2d_msgs/include/nav_2d_msgs/nav_2d_msgs/msg/detail/pose2_d_stamped__traits.hpp
[4.626s] -- Up-to-date: /home/edwinooi/Desktop/foxy_ws/install/nav_2d_msgs/include/nav_2d_msgs/nav_2d_msgs/msg/detail/twist2_d32__traits.hpp
[4.626s] -- Up-to-date: /home/edwinooi/Desktop/foxy_ws/install/nav_2d_msgs/include/nav_2d_msgs/nav_2d_msgs/msg/twist2_d_stamped.hpp
[4.626s] -- Up-to-date: /home/edwinooi/Desktop/foxy_ws/install/nav_2d_msgs/include/nav_2d_msgs/nav_2d_msgs/msg/pose2_d32.hpp
[4.626s] -- Up-to-date: /home/edwinooi/Desktop/foxy_ws/install/nav_2d_msgs/include/nav_2d_msgs/nav_2d_msgs
[4.626s] -- Up-to-date: /home/edwinooi/Desktop/foxy_ws/install/nav_2d_msgs/include/nav_2d_msgs/nav_2d_msgs/msg
[4.626s] -- Up-to-date: /home/edwinooi/Desktop/foxy_ws/install/nav_2d_msgs/include/nav_2d_msgs/nav_2d_msgs/msg/rosidl_typesupport_fastrtps_cpp__visibility_control.h
[4.626s] -- Up-to-date: /home/edwinooi/Desktop/foxy_ws/install/nav_2d_msgs/include/nav_2d_msgs/nav_2d_msgs/msg/detail
[4.627s] -- Up-to-date: /home/edwinooi/Desktop/foxy_ws/install/nav_2d_msgs/include/nav_2d_msgs/nav_2d_msgs/msg/detail/pose2_d32__rosidl_typesupport_fastrtps_cpp.hpp
[4.627s] -- Up-to-date: /home/edwinooi/Desktop/foxy_ws/install/nav_2d_msgs/include/nav_2d_msgs/nav_2d_msgs/msg/detail/pose2_d_stamped__rosidl_typesupport_fastrtps_cpp.hpp
[4.627s] -- Up-to-date: /home/edwinooi/Desktop/foxy_ws/install/nav_2d_msgs/include/nav_2d_msgs/nav_2d_msgs/msg/detail/twist2_d__rosidl_typesupport_fastrtps_cpp.hpp
[4.627s] -- Up-to-date: /home/edwinooi/Desktop/foxy_ws/install/nav_2d_msgs/include/nav_2d_msgs/nav_2d_msgs/msg/detail/dds_fastrtps
[4.627s] -- Up-to-date: /home/edwinooi/Desktop/foxy_ws/install/nav_2d_msgs/include/nav_2d_msgs/nav_2d_msgs/msg/detail/twist2_d_stamped__rosidl_typesupport_fastrtps_cpp.hpp
[4.627s] -- Up-to-date: /home/edwinooi/Desktop/foxy_ws/install/nav_2d_msgs/include/nav_2d_msgs/nav_2d_msgs/msg/detail/twist2_d32__rosidl_typesupport_fastrtps_cpp.hpp
[4.627s] -- Up-to-date: /home/edwinooi/Desktop/foxy_ws/install/nav_2d_msgs/include/nav_2d_msgs/nav_2d_msgs/msg/detail/path2_d__rosidl_typesupport_fastrtps_cpp.hpp
[4.627s] -- Up-to-date: /home/edwinooi/Desktop/foxy_ws/install/nav_2d_msgs/lib/libnav_2d_msgs__rosidl_typesupport_fastrtps_cpp.so
[4.628s] -- Up-to-date: /home/edwinooi/Desktop/foxy_ws/install/nav_2d_msgs/include/nav_2d_msgs/nav_2d_msgs
[4.628s] -- Up-to-date: /home/edwinooi/Desktop/foxy_ws/install/nav_2d_msgs/include/nav_2d_msgs/nav_2d_msgs/msg
[4.628s] -- Up-to-date: /home/edwinooi/Desktop/foxy_ws/install/nav_2d_msgs/include/nav_2d_msgs/nav_2d_msgs/msg/rosidl_typesupport_introspection_c__visibility_control.h
[4.628s] -- Up-to-date: /home/edwinooi/Desktop/foxy_ws/install/nav_2d_msgs/include/nav_2d_msgs/nav_2d_msgs/msg/detail
[4.628s] -- Up-to-date: /home/edwinooi/Desktop/foxy_ws/install/nav_2d_msgs/include/nav_2d_msgs/nav_2d_msgs/msg/detail/pose2_d_stamped__type_support.c
[4.628s] -- Up-to-date: /home/edwinooi/Desktop/foxy_ws/install/nav_2d_msgs/include/nav_2d_msgs/nav_2d_msgs/msg/detail/pose2_d32__type_support.c
[4.628s] -- Up-to-date: /home/edwinooi/Desktop/foxy_ws/install/nav_2d_msgs/include/nav_2d_msgs/nav_2d_msgs/msg/detail/twist2_d32__type_support.c
[4.629s] -- Up-to-date: /home/edwinooi/Desktop/foxy_ws/install/nav_2d_msgs/include/nav_2d_msgs/nav_2d_msgs/msg/detail/pose2_d32__rosidl_typesupport_introspection_c.h
[4.629s] -- Up-to-date: /home/edwinooi/Desktop/foxy_ws/install/nav_2d_msgs/include/nav_2d_msgs/nav_2d_msgs/msg/detail/pose2_d_stamped__rosidl_typesupport_introspection_c.h
[4.629s] -- Up-to-date: /home/edwinooi/Desktop/foxy_ws/install/nav_2d_msgs/include/nav_2d_msgs/nav_2d_msgs/msg/detail/twist2_d__rosidl_typesupport_introspection_c.h
[4.629s] -- Up-to-date: /home/edwinooi/Desktop/foxy_ws/install/nav_2d_msgs/include/nav_2d_msgs/nav_2d_msgs/msg/detail/path2_d__rosidl_typesupport_introspection_c.h
[4.629s] -- Up-to-date: /home/edwinooi/Desktop/foxy_ws/install/nav_2d_msgs/include/nav_2d_msgs/nav_2d_msgs/msg/detail/twist2_d32__rosidl_typesupport_introspection_c.h
[4.629s] -- Up-to-date: /home/edwinooi/Desktop/foxy_ws/install/nav_2d_msgs/include/nav_2d_msgs/nav_2d_msgs/msg/detail/path2_d__type_support.c
[4.629s] -- Up-to-date: /home/edwinooi/Desktop/foxy_ws/install/nav_2d_msgs/include/nav_2d_msgs/nav_2d_msgs/msg/detail/twist2_d_stamped__type_support.c
[4.630s] -- Up-to-date: /home/edwinooi/Desktop/foxy_ws/install/nav_2d_msgs/include/nav_2d_msgs/nav_2d_msgs/msg/detail/twist2_d_stamped__rosidl_typesupport_introspection_c.h
[4.630s] -- Up-to-date: /home/edwinooi/Desktop/foxy_ws/install/nav_2d_msgs/include/nav_2d_msgs/nav_2d_msgs/msg/detail/twist2_d__type_support.c
[4.630s] -- Up-to-date: /home/edwinooi/Desktop/foxy_ws/install/nav_2d_msgs/lib/libnav_2d_msgs__rosidl_typesupport_introspection_c.so
[4.630s] -- Up-to-date: /home/edwinooi/Desktop/foxy_ws/install/nav_2d_msgs/lib/libnav_2d_msgs__rosidl_typesupport_c.so
[4.630s] -- Up-to-date: /home/edwinooi/Desktop/foxy_ws/install/nav_2d_msgs/include/nav_2d_msgs/nav_2d_msgs
[4.630s] -- Up-to-date: /home/edwinooi/Desktop/foxy_ws/install/nav_2d_msgs/include/nav_2d_msgs/nav_2d_msgs/msg
[4.630s] -- Up-to-date: /home/edwinooi/Desktop/foxy_ws/install/nav_2d_msgs/include/nav_2d_msgs/nav_2d_msgs/msg/detail
[4.631s] -- Up-to-date: /home/edwinooi/Desktop/foxy_ws/install/nav_2d_msgs/include/nav_2d_msgs/nav_2d_msgs/msg/detail/pose2_d32__type_support.cpp
[4.631s] -- Up-to-date: /home/edwinooi/Desktop/foxy_ws/install/nav_2d_msgs/include/nav_2d_msgs/nav_2d_msgs/msg/detail/twist2_d_stamped__rosidl_typesupport_introspection_cpp.hpp
[4.631s] -- Up-to-date: /home/edwinooi/Desktop/foxy_ws/install/nav_2d_msgs/include/nav_2d_msgs/nav_2d_msgs/msg/detail/path2_d__rosidl_typesupport_introspection_cpp.hpp
[4.631s] -- Up-to-date: /home/edwinooi/Desktop/foxy_ws/install/nav_2d_msgs/include/nav_2d_msgs/nav_2d_msgs/msg/detail/pose2_d_stamped__type_support.cpp
[4.631s] -- Up-to-date: /home/edwinooi/Desktop/foxy_ws/install/nav_2d_msgs/include/nav_2d_msgs/nav_2d_msgs/msg/detail/twist2_d32__rosidl_typesupport_introspection_cpp.hpp
[4.631s] -- Up-to-date: /home/edwinooi/Desktop/foxy_ws/install/nav_2d_msgs/include/nav_2d_msgs/nav_2d_msgs/msg/detail/twist2_d32__type_support.cpp
[4.631s] -- Up-to-date: /home/edwinooi/Desktop/foxy_ws/install/nav_2d_msgs/include/nav_2d_msgs/nav_2d_msgs/msg/detail/pose2_d_stamped__rosidl_typesupport_introspection_cpp.hpp
[4.631s] -- Up-to-date: /home/edwinooi/Desktop/foxy_ws/install/nav_2d_msgs/include/nav_2d_msgs/nav_2d_msgs/msg/detail/twist2_d_stamped__type_support.cpp
[4.632s] -- Up-to-date: /home/edwinooi/Desktop/foxy_ws/install/nav_2d_msgs/include/nav_2d_msgs/nav_2d_msgs/msg/detail/path2_d__type_support.cpp
[4.632s] -- Up-to-date: /home/edwinooi/Desktop/foxy_ws/install/nav_2d_msgs/include/nav_2d_msgs/nav_2d_msgs/msg/detail/twist2_d__rosidl_typesupport_introspection_cpp.hpp
[4.632s] -- Up-to-date: /home/edwinooi/Desktop/foxy_ws/install/nav_2d_msgs/include/nav_2d_msgs/nav_2d_msgs/msg/detail/twist2_d__type_support.cpp
[4.632s] -- Up-to-date: /home/edwinooi/Desktop/foxy_ws/install/nav_2d_msgs/include/nav_2d_msgs/nav_2d_msgs/msg/detail/pose2_d32__rosidl_typesupport_introspection_cpp.hpp
[4.653s] -- Up-to-date: /home/edwinooi/Desktop/foxy_ws/install/nav_2d_msgs/lib/libnav_2d_msgs__rosidl_typesupport_introspection_cpp.so
[4.653s] -- Up-to-date: /home/edwinooi/Desktop/foxy_ws/install/nav_2d_msgs/lib/libnav_2d_msgs__rosidl_typesupport_cpp.so
[4.654s] -- Up-to-date: /home/edwinooi/Desktop/foxy_ws/install/nav_2d_msgs/share/nav_2d_msgs/environment/pythonpath.sh
[4.654s] -- Up-to-date: /home/edwinooi/Desktop/foxy_ws/install/nav_2d_msgs/share/nav_2d_msgs/environment/pythonpath.dsv
[4.654s] -- Up-to-date: /home/edwinooi/Desktop/foxy_ws/install/nav_2d_msgs/local/lib/python3.10/dist-packages/nav_2d_msgs-1.1.15-py3.10.egg-info
[4.654s] -- Installing: /home/edwinooi/Desktop/foxy_ws/install/nav_2d_msgs/local/lib/python3.10/dist-packages/nav_2d_msgs-1.1.15-py3.10.egg-info/SOURCES.txt
[4.654s] -- Installing: /home/edwinooi/Desktop/foxy_ws/install/nav_2d_msgs/local/lib/python3.10/dist-packages/nav_2d_msgs-1.1.15-py3.10.egg-info/PKG-INFO
[4.655s] -- Installing: /home/edwinooi/Desktop/foxy_ws/install/nav_2d_msgs/local/lib/python3.10/dist-packages/nav_2d_msgs-1.1.15-py3.10.egg-info/top_level.txt
[4.655s] -- Installing: /home/edwinooi/Desktop/foxy_ws/install/nav_2d_msgs/local/lib/python3.10/dist-packages/nav_2d_msgs-1.1.15-py3.10.egg-info/dependency_links.txt
[4.655s] -- Up-to-date: /home/edwinooi/Desktop/foxy_ws/install/nav_2d_msgs/local/lib/python3.10/dist-packages/nav_2d_msgs
[4.655s] -- Up-to-date: /home/edwinooi/Desktop/foxy_ws/install/nav_2d_msgs/local/lib/python3.10/dist-packages/nav_2d_msgs/_nav_2d_msgs_s.ep.rosidl_typesupport_introspection_c.c
[4.655s] -- Up-to-date: /home/edwinooi/Desktop/foxy_ws/install/nav_2d_msgs/local/lib/python3.10/dist-packages/nav_2d_msgs/_nav_2d_msgs_s.ep.rosidl_typesupport_c.c
[4.655s] -- Up-to-date: /home/edwinooi/Desktop/foxy_ws/install/nav_2d_msgs/local/lib/python3.10/dist-packages/nav_2d_msgs/_nav_2d_msgs_s.ep.rosidl_typesupport_fastrtps_c.c
[4.655s] -- Up-to-date: /home/edwinooi/Desktop/foxy_ws/install/nav_2d_msgs/local/lib/python3.10/dist-packages/nav_2d_msgs/__init__.py
[4.656s] -- Up-to-date: /home/edwinooi/Desktop/foxy_ws/install/nav_2d_msgs/local/lib/python3.10/dist-packages/nav_2d_msgs/msg
[4.656s] -- Up-to-date: /home/edwinooi/Desktop/foxy_ws/install/nav_2d_msgs/local/lib/python3.10/dist-packages/nav_2d_msgs/msg/_pose2_d32.py
[4.656s] -- Up-to-date: /home/edwinooi/Desktop/foxy_ws/install/nav_2d_msgs/local/lib/python3.10/dist-packages/nav_2d_msgs/msg/_path2_d_s.c
[4.656s] -- Up-to-date: /home/edwinooi/Desktop/foxy_ws/install/nav_2d_msgs/local/lib/python3.10/dist-packages/nav_2d_msgs/msg/_twist2_d32.py
[4.656s] -- Up-to-date: /home/edwinooi/Desktop/foxy_ws/install/nav_2d_msgs/local/lib/python3.10/dist-packages/nav_2d_msgs/msg/_twist2_d32_s.c
[4.656s] -- Up-to-date: /home/edwinooi/Desktop/foxy_ws/install/nav_2d_msgs/local/lib/python3.10/dist-packages/nav_2d_msgs/msg/_twist2_d_stamped_s.c
[4.656s] -- Up-to-date: /home/edwinooi/Desktop/foxy_ws/install/nav_2d_msgs/local/lib/python3.10/dist-packages/nav_2d_msgs/msg/_pose2_d_stamped_s.c
[4.657s] -- Up-to-date: /home/edwinooi/Desktop/foxy_ws/install/nav_2d_msgs/local/lib/python3.10/dist-packages/nav_2d_msgs/msg/__init__.py
[4.657s] -- Up-to-date: /home/edwinooi/Desktop/foxy_ws/install/nav_2d_msgs/local/lib/python3.10/dist-packages/nav_2d_msgs/msg/_twist2_d_s.c
[4.657s] -- Up-to-date: /home/edwinooi/Desktop/foxy_ws/install/nav_2d_msgs/local/lib/python3.10/dist-packages/nav_2d_msgs/msg/_twist2_d.py
[4.657s] -- Up-to-date: /home/edwinooi/Desktop/foxy_ws/install/nav_2d_msgs/local/lib/python3.10/dist-packages/nav_2d_msgs/msg/_pose2_d32_s.c
[4.657s] -- Up-to-date: /home/edwinooi/Desktop/foxy_ws/install/nav_2d_msgs/local/lib/python3.10/dist-packages/nav_2d_msgs/msg/_path2_d.py
[4.657s] -- Up-to-date: /home/edwinooi/Desktop/foxy_ws/install/nav_2d_msgs/local/lib/python3.10/dist-packages/nav_2d_msgs/msg/_pose2_d_stamped.py
[4.657s] -- Up-to-date: /home/edwinooi/Desktop/foxy_ws/install/nav_2d_msgs/local/lib/python3.10/dist-packages/nav_2d_msgs/msg/_twist2_d_stamped.py
[4.658s] -- Up-to-date: /home/edwinooi/Desktop/foxy_ws/install/nav_2d_msgs/local/lib/python3.10/dist-packages/nav_2d_msgs/libnav_2d_msgs__rosidl_generator_py.so
[4.658s] -- Up-to-date: /home/edwinooi/Desktop/foxy_ws/install/nav_2d_msgs/local/lib/python3.10/dist-packages/nav_2d_msgs/nav_2d_msgs_s__rosidl_typesupport_fastrtps_c.cpython-310-x86_64-linux-gnu.so
[4.658s] -- Up-to-date: /home/edwinooi/Desktop/foxy_ws/install/nav_2d_msgs/local/lib/python3.10/dist-packages/nav_2d_msgs/nav_2d_msgs_s__rosidl_typesupport_introspection_c.cpython-310-x86_64-linux-gnu.so
[4.658s] -- Up-to-date: /home/edwinooi/Desktop/foxy_ws/install/nav_2d_msgs/local/lib/python3.10/dist-packages/nav_2d_msgs/nav_2d_msgs_s__rosidl_typesupport_c.cpython-310-x86_64-linux-gnu.so
[4.705s] Listing '/home/edwinooi/Desktop/foxy_ws/install/nav_2d_msgs/local/lib/python3.10/dist-packages/nav_2d_msgs'...
[4.705s] Listing '/home/edwinooi/Desktop/foxy_ws/install/nav_2d_msgs/local/lib/python3.10/dist-packages/nav_2d_msgs/msg'...
[4.729s] -- Up-to-date: /home/edwinooi/Desktop/foxy_ws/install/nav_2d_msgs/local/lib/python3.10/dist-packages/nav_2d_msgs/nav_2d_msgs_s__rosidl_typesupport_fastrtps_c.cpython-310-x86_64-linux-gnu.so
[4.729s] -- Up-to-date: /home/edwinooi/Desktop/foxy_ws/install/nav_2d_msgs/local/lib/python3.10/dist-packages/nav_2d_msgs/nav_2d_msgs_s__rosidl_typesupport_introspection_c.cpython-310-x86_64-linux-gnu.so
[4.760s] -- Up-to-date: /home/edwinooi/Desktop/foxy_ws/install/nav_2d_msgs/local/lib/python3.10/dist-packages/nav_2d_msgs/nav_2d_msgs_s__rosidl_typesupport_c.cpython-310-x86_64-linux-gnu.so
[4.760s] -- Up-to-date: /home/edwinooi/Desktop/foxy_ws/install/nav_2d_msgs/lib/libnav_2d_msgs__rosidl_generator_py.so
[4.761s] -- Up-to-date: /home/edwinooi/Desktop/foxy_ws/install/nav_2d_msgs/share/nav_2d_msgs/msg/Path2D.idl
[4.761s] -- Up-to-date: /home/edwinooi/Desktop/foxy_ws/install/nav_2d_msgs/share/nav_2d_msgs/msg/Pose2D32.idl
[4.761s] -- Up-to-date: /home/edwinooi/Desktop/foxy_ws/install/nav_2d_msgs/share/nav_2d_msgs/msg/Pose2DStamped.idl
[4.761s] -- Up-to-date: /home/edwinooi/Desktop/foxy_ws/install/nav_2d_msgs/share/nav_2d_msgs/msg/Twist2D.idl
[4.761s] -- Up-to-date: /home/edwinooi/Desktop/foxy_ws/install/nav_2d_msgs/share/nav_2d_msgs/msg/Twist2D32.idl
[4.761s] -- Up-to-date: /home/edwinooi/Desktop/foxy_ws/install/nav_2d_msgs/share/nav_2d_msgs/msg/Twist2DStamped.idl
[4.761s] -- Up-to-date: /home/edwinooi/Desktop/foxy_ws/install/nav_2d_msgs/share/nav_2d_msgs/msg/Path2D.msg
[4.761s] -- Up-to-date: /home/edwinooi/Desktop/foxy_ws/install/nav_2d_msgs/share/nav_2d_msgs/msg/Pose2D32.msg
[4.762s] -- Up-to-date: /home/edwinooi/Desktop/foxy_ws/install/nav_2d_msgs/share/nav_2d_msgs/msg/Pose2DStamped.msg
[4.762s] -- Up-to-date: /home/edwinooi/Desktop/foxy_ws/install/nav_2d_msgs/share/nav_2d_msgs/msg/Twist2D.msg
[4.762s] -- Up-to-date: /home/edwinooi/Desktop/foxy_ws/install/nav_2d_msgs/share/nav_2d_msgs/msg/Twist2D32.msg
[4.762s] -- Up-to-date: /home/edwinooi/Desktop/foxy_ws/install/nav_2d_msgs/share/nav_2d_msgs/msg/Twist2DStamped.msg
[4.762s] -- Up-to-date: /home/edwinooi/Desktop/foxy_ws/install/nav_2d_msgs/share/ament_index/resource_index/package_run_dependencies/nav_2d_msgs
[4.762s] -- Up-to-date: /home/edwinooi/Desktop/foxy_ws/install/nav_2d_msgs/share/ament_index/resource_index/parent_prefix_path/nav_2d_msgs
[4.762s] -- Up-to-date: /home/edwinooi/Desktop/foxy_ws/install/nav_2d_msgs/share/nav_2d_msgs/environment/ament_prefix_path.sh
[4.763s] -- Up-to-date: /home/edwinooi/Desktop/foxy_ws/install/nav_2d_msgs/share/nav_2d_msgs/environment/ament_prefix_path.dsv
[4.763s] -- Up-to-date: /home/edwinooi/Desktop/foxy_ws/install/nav_2d_msgs/share/nav_2d_msgs/environment/path.sh
[4.763s] -- Up-to-date: /home/edwinooi/Desktop/foxy_ws/install/nav_2d_msgs/share/nav_2d_msgs/environment/path.dsv
[4.763s] -- Up-to-date: /home/edwinooi/Desktop/foxy_ws/install/nav_2d_msgs/share/nav_2d_msgs/local_setup.bash
[4.763s] -- Up-to-date: /home/edwinooi/Desktop/foxy_ws/install/nav_2d_msgs/share/nav_2d_msgs/local_setup.sh
[4.763s] -- Up-to-date: /home/edwinooi/Desktop/foxy_ws/install/nav_2d_msgs/share/nav_2d_msgs/local_setup.zsh
[4.763s] -- Up-to-date: /home/edwinooi/Desktop/foxy_ws/install/nav_2d_msgs/share/nav_2d_msgs/local_setup.dsv
[4.763s] -- Installing: /home/edwinooi/Desktop/foxy_ws/install/nav_2d_msgs/share/nav_2d_msgs/package.dsv
[4.764s] -- Up-to-date: /home/edwinooi/Desktop/foxy_ws/install/nav_2d_msgs/share/ament_index/resource_index/packages/nav_2d_msgs
[4.764s] -- Up-to-date: /home/edwinooi/Desktop/foxy_ws/install/nav_2d_msgs/share/nav_2d_msgs/cmake/export_nav_2d_msgs__rosidl_generator_cExport.cmake
[4.764s] -- Up-to-date: /home/edwinooi/Desktop/foxy_ws/install/nav_2d_msgs/share/nav_2d_msgs/cmake/export_nav_2d_msgs__rosidl_generator_cExport-noconfig.cmake
[4.764s] -- Up-to-date: /home/edwinooi/Desktop/foxy_ws/install/nav_2d_msgs/share/nav_2d_msgs/cmake/export_nav_2d_msgs__rosidl_typesupport_fastrtps_cExport.cmake
[4.764s] -- Up-to-date: /home/edwinooi/Desktop/foxy_ws/install/nav_2d_msgs/share/nav_2d_msgs/cmake/export_nav_2d_msgs__rosidl_typesupport_fastrtps_cExport-noconfig.cmake
[4.764s] -- Up-to-date: /home/edwinooi/Desktop/foxy_ws/install/nav_2d_msgs/share/nav_2d_msgs/cmake/export_nav_2d_msgs__rosidl_generator_cppExport.cmake
[4.764s] -- Up-to-date: /home/edwinooi/Desktop/foxy_ws/install/nav_2d_msgs/share/nav_2d_msgs/cmake/export_nav_2d_msgs__rosidl_typesupport_fastrtps_cppExport.cmake
[4.765s] -- Up-to-date: /home/edwinooi/Desktop/foxy_ws/install/nav_2d_msgs/share/nav_2d_msgs/cmake/export_nav_2d_msgs__rosidl_typesupport_fastrtps_cppExport-noconfig.cmake
[4.765s] -- Up-to-date: /home/edwinooi/Desktop/foxy_ws/install/nav_2d_msgs/share/nav_2d_msgs/cmake/nav_2d_msgs__rosidl_typesupport_introspection_cExport.cmake
[4.765s] -- Up-to-date: /home/edwinooi/Desktop/foxy_ws/install/nav_2d_msgs/share/nav_2d_msgs/cmake/nav_2d_msgs__rosidl_typesupport_introspection_cExport-noconfig.cmake
[4.765s] -- Up-to-date: /home/edwinooi/Desktop/foxy_ws/install/nav_2d_msgs/share/nav_2d_msgs/cmake/nav_2d_msgs__rosidl_typesupport_cExport.cmake
[4.765s] -- Up-to-date: /home/edwinooi/Desktop/foxy_ws/install/nav_2d_msgs/share/nav_2d_msgs/cmake/nav_2d_msgs__rosidl_typesupport_cExport-noconfig.cmake
[4.765s] -- Up-to-date: /home/edwinooi/Desktop/foxy_ws/install/nav_2d_msgs/share/nav_2d_msgs/cmake/nav_2d_msgs__rosidl_typesupport_introspection_cppExport.cmake
[4.765s] -- Up-to-date: /home/edwinooi/Desktop/foxy_ws/install/nav_2d_msgs/share/nav_2d_msgs/cmake/nav_2d_msgs__rosidl_typesupport_introspection_cppExport-noconfig.cmake
[4.766s] -- Up-to-date: /home/edwinooi/Desktop/foxy_ws/install/nav_2d_msgs/share/nav_2d_msgs/cmake/nav_2d_msgs__rosidl_typesupport_cppExport.cmake
[4.766s] -- Up-to-date: /home/edwinooi/Desktop/foxy_ws/install/nav_2d_msgs/share/nav_2d_msgs/cmake/nav_2d_msgs__rosidl_typesupport_cppExport-noconfig.cmake
[4.766s] -- Up-to-date: /home/edwinooi/Desktop/foxy_ws/install/nav_2d_msgs/share/nav_2d_msgs/cmake/export_nav_2d_msgs__rosidl_generator_pyExport.cmake
[4.766s] -- Up-to-date: /home/edwinooi/Desktop/foxy_ws/install/nav_2d_msgs/share/nav_2d_msgs/cmake/export_nav_2d_msgs__rosidl_generator_pyExport-noconfig.cmake
[4.766s] -- Up-to-date: /home/edwinooi/Desktop/foxy_ws/install/nav_2d_msgs/share/nav_2d_msgs/cmake/rosidl_cmake-extras.cmake
[4.767s] -- Up-to-date: /home/edwinooi/Desktop/foxy_ws/install/nav_2d_msgs/share/nav_2d_msgs/cmake/ament_cmake_export_dependencies-extras.cmake
[4.767s] -- Up-to-date: /home/edwinooi/Desktop/foxy_ws/install/nav_2d_msgs/share/nav_2d_msgs/cmake/ament_cmake_export_include_directories-extras.cmake
[4.767s] -- Up-to-date: /home/edwinooi/Desktop/foxy_ws/install/nav_2d_msgs/share/nav_2d_msgs/cmake/ament_cmake_export_libraries-extras.cmake
[4.767s] -- Up-to-date: /home/edwinooi/Desktop/foxy_ws/install/nav_2d_msgs/share/nav_2d_msgs/cmake/ament_cmake_export_targets-extras.cmake
[4.767s] -- Up-to-date: /home/edwinooi/Desktop/foxy_ws/install/nav_2d_msgs/share/nav_2d_msgs/cmake/rosidl_cmake_export_typesupport_targets-extras.cmake
[4.767s] -- Up-to-date: /home/edwinooi/Desktop/foxy_ws/install/nav_2d_msgs/share/nav_2d_msgs/cmake/rosidl_cmake_export_typesupport_libraries-extras.cmake
[4.767s] -- Up-to-date: /home/edwinooi/Desktop/foxy_ws/install/nav_2d_msgs/share/nav_2d_msgs/cmake/nav_2d_msgsConfig.cmake
[4.767s] -- Up-to-date: /home/edwinooi/Desktop/foxy_ws/install/nav_2d_msgs/share/nav_2d_msgs/cmake/nav_2d_msgsConfig-version.cmake
[4.768s] -- Up-to-date: /home/edwinooi/Desktop/foxy_ws/install/nav_2d_msgs/share/nav_2d_msgs/package.xml
[4.964s] Invoked command in '/home/edwinooi/Desktop/foxy_ws/build/nav_2d_msgs' returned '0': CMAKE_PREFIX_PATH=${CMAKE_PREFIX_PATH}:/home/edwinooi/Desktop/emanual/install/ros2_aruco:/opt/ros/humble /usr/bin/cmake --install /home/edwinooi/Desktop/foxy_ws/build/nav_2d_msgs
