[0.771s] Invoking command in '/home/edwinooi/Desktop/foxy_ws/build/realsense2_camera': CMAKE_PREFIX_PATH=/home/edwinooi/Desktop/foxy_ws/install/realsense2_camera_msgs:/home/edwinooi/Desktop/foxy_ws/install/turtlebot3_gazebo:/home/edwinooi/Desktop/foxy_ws/install/ros2_aruco_interfaces:/home/edwinooi/Desktop/foxy_ws/install/realsense2_description:/home/edwinooi/Desktop/foxy_ws/install/realsense2_camera:/home/edwinooi/Desktop/emanual/install/turtlebot3_simulations:/home/edwinooi/Desktop/emanual/install/turtlebot3_gazebo:/home/edwinooi/Desktop/emanual/install/turtlebot3_fake_node:/home/edwinooi/Desktop/emanual/install/ros2_aruco_interfaces:/home/edwinooi/Desktop/foxy_ws/install/ros2_aruco:/home/edwinooi/Desktop/emanual/install/ros2_aruco:/opt/ros/humble LD_LIBRARY_PATH=/home/edwinooi/Desktop/foxy_ws/install/realsense2_camera_msgs/lib:/home/edwinooi/Desktop/foxy_ws/install/ros2_aruco_interfaces/lib:/home/edwinooi/Desktop/foxy_ws/install/realsense2_camera/lib:/home/edwinooi/Desktop/emanual/install/ros2_aruco_interfaces/lib:/usr/lib/x86_64-linux-gnu/gazebo-11/plugins:/opt/ros/humble/opt/rviz_ogre_vendor/lib:/opt/ros/humble/lib/x86_64-linux-gnu:/opt/ros/humble/lib /usr/bin/cmake --build /home/edwinooi/Desktop/foxy_ws/build/realsense2_camera -- -j4 -l4
[1.366s] [ 12%] Built target realsense2_camera_node
[1.520s] [100%] Built target realsense2_camera
[1.560s] Invoked command in '/home/edwinooi/Desktop/foxy_ws/build/realsense2_camera' returned '0': CMAKE_PREFIX_PATH=/home/edwinooi/Desktop/foxy_ws/install/realsense2_camera_msgs:/home/edwinooi/Desktop/foxy_ws/install/turtlebot3_gazebo:/home/edwinooi/Desktop/foxy_ws/install/ros2_aruco_interfaces:/home/edwinooi/Desktop/foxy_ws/install/realsense2_description:/home/edwinooi/Desktop/foxy_ws/install/realsense2_camera:/home/edwinooi/Desktop/emanual/install/turtlebot3_simulations:/home/edwinooi/Desktop/emanual/install/turtlebot3_gazebo:/home/edwinooi/Desktop/emanual/install/turtlebot3_fake_node:/home/edwinooi/Desktop/emanual/install/ros2_aruco_interfaces:/home/edwinooi/Desktop/foxy_ws/install/ros2_aruco:/home/edwinooi/Desktop/emanual/install/ros2_aruco:/opt/ros/humble LD_LIBRARY_PATH=/home/edwinooi/Desktop/foxy_ws/install/realsense2_camera_msgs/lib:/home/edwinooi/Desktop/foxy_ws/install/ros2_aruco_interfaces/lib:/home/edwinooi/Desktop/foxy_ws/install/realsense2_camera/lib:/home/edwinooi/Desktop/emanual/install/ros2_aruco_interfaces/lib:/usr/lib/x86_64-linux-gnu/gazebo-11/plugins:/opt/ros/humble/opt/rviz_ogre_vendor/lib:/opt/ros/humble/lib/x86_64-linux-gnu:/opt/ros/humble/lib /usr/bin/cmake --build /home/edwinooi/Desktop/foxy_ws/build/realsense2_camera -- -j4 -l4
[2.151s] Invoking command in '/home/edwinooi/Desktop/foxy_ws/build/realsense2_camera': CMAKE_PREFIX_PATH=/home/edwinooi/Desktop/foxy_ws/install/realsense2_camera_msgs:/home/edwinooi/Desktop/foxy_ws/install/turtlebot3_gazebo:/home/edwinooi/Desktop/foxy_ws/install/ros2_aruco_interfaces:/home/edwinooi/Desktop/foxy_ws/install/realsense2_description:/home/edwinooi/Desktop/foxy_ws/install/realsense2_camera:/home/edwinooi/Desktop/emanual/install/turtlebot3_simulations:/home/edwinooi/Desktop/emanual/install/turtlebot3_gazebo:/home/edwinooi/Desktop/emanual/install/turtlebot3_fake_node:/home/edwinooi/Desktop/emanual/install/ros2_aruco_interfaces:/home/edwinooi/Desktop/foxy_ws/install/ros2_aruco:/home/edwinooi/Desktop/emanual/install/ros2_aruco:/opt/ros/humble LD_LIBRARY_PATH=/home/edwinooi/Desktop/foxy_ws/install/realsense2_camera_msgs/lib:/home/edwinooi/Desktop/foxy_ws/install/ros2_aruco_interfaces/lib:/home/edwinooi/Desktop/foxy_ws/install/realsense2_camera/lib:/home/edwinooi/Desktop/emanual/install/ros2_aruco_interfaces/lib:/usr/lib/x86_64-linux-gnu/gazebo-11/plugins:/opt/ros/humble/opt/rviz_ogre_vendor/lib:/opt/ros/humble/lib/x86_64-linux-gnu:/opt/ros/humble/lib /usr/bin/cmake --install /home/edwinooi/Desktop/foxy_ws/build/realsense2_camera
[2.194s] -- Install configuration: "Release"
[2.210s] -- Up-to-date: /home/edwinooi/Desktop/foxy_ws/install/realsense2_camera/lib/realsense2_camera/realsense2_camera_node
[2.219s] -- Up-to-date: /home/edwinooi/Desktop/foxy_ws/install/realsense2_camera/lib/librealsense2_camera.so
[2.219s] -- Up-to-date: /home/edwinooi/Desktop/foxy_ws/install/realsense2_camera/include
[2.219s] -- Up-to-date: /home/edwinooi/Desktop/foxy_ws/install/realsense2_camera/include/ros_utils.h
[2.219s] -- Up-to-date: /home/edwinooi/Desktop/foxy_ws/install/realsense2_camera/include/ros_param_backend.h
[2.219s] -- Up-to-date: /home/edwinooi/Desktop/foxy_ws/install/realsense2_camera/include/ros_sensor.h
[2.220s] -- Up-to-date: /home/edwinooi/Desktop/foxy_ws/install/realsense2_camera/include/constants.h
[2.220s] -- Up-to-date: /home/edwinooi/Desktop/foxy_ws/install/realsense2_camera/include/t265_realsense_node.h
[2.220s] -- Up-to-date: /home/edwinooi/Desktop/foxy_ws/install/realsense2_camera/include/image_publisher.h
[2.220s] -- Up-to-date: /home/edwinooi/Desktop/foxy_ws/install/realsense2_camera/include/named_filter.h
[2.220s] -- Up-to-date: /home/edwinooi/Desktop/foxy_ws/install/realsense2_camera/include/realsense_node_factory.h
[2.220s] -- Up-to-date: /home/edwinooi/Desktop/foxy_ws/install/realsense2_camera/include/dynamic_params.h
[2.221s] -- Up-to-date: /home/edwinooi/Desktop/foxy_ws/install/realsense2_camera/include/base_realsense_node.h
[2.221s] -- Up-to-date: /home/edwinooi/Desktop/foxy_ws/install/realsense2_camera/include/profile_manager.h
[2.221s] -- Up-to-date: /home/edwinooi/Desktop/foxy_ws/install/realsense2_camera/include/sensor_params.h
[2.221s] -- Up-to-date: /home/edwinooi/Desktop/foxy_ws/install/realsense2_camera/share/realsense2_camera/launch
[2.221s] -- Up-to-date: /home/edwinooi/Desktop/foxy_ws/install/realsense2_camera/share/realsense2_camera/launch/default.rviz
[2.221s] -- Up-to-date: /home/edwinooi/Desktop/foxy_ws/install/realsense2_camera/share/realsense2_camera/launch/rs_d400_and_t265_launch.py
[2.221s] -- Up-to-date: /home/edwinooi/Desktop/foxy_ws/install/realsense2_camera/share/realsense2_camera/launch/rs_launch.py
[2.222s] -- Up-to-date: /home/edwinooi/Desktop/foxy_ws/install/realsense2_camera/share/realsense2_camera/launch/rs_intra_process_demo_launch.py
[2.260s] -- Up-to-date: /home/edwinooi/Desktop/foxy_ws/install/realsense2_camera/share/realsense2_camera/launch/rs_multi_camera_launch.py
[2.260s] -- Up-to-date: /home/edwinooi/Desktop/foxy_ws/install/realsense2_camera/share/realsense2_camera/environment/library_path.sh
[2.260s] -- Up-to-date: /home/edwinooi/Desktop/foxy_ws/install/realsense2_camera/share/realsense2_camera/environment/library_path.dsv
[2.260s] -- Up-to-date: /home/edwinooi/Desktop/foxy_ws/install/realsense2_camera/share/ament_index/resource_index/package_run_dependencies/realsense2_camera
[2.261s] -- Up-to-date: /home/edwinooi/Desktop/foxy_ws/install/realsense2_camera/share/ament_index/resource_index/parent_prefix_path/realsense2_camera
[2.261s] -- Up-to-date: /home/edwinooi/Desktop/foxy_ws/install/realsense2_camera/share/realsense2_camera/environment/ament_prefix_path.sh
[2.261s] -- Up-to-date: /home/edwinooi/Desktop/foxy_ws/install/realsense2_camera/share/realsense2_camera/environment/ament_prefix_path.dsv
[2.261s] -- Up-to-date: /home/edwinooi/Desktop/foxy_ws/install/realsense2_camera/share/realsense2_camera/environment/path.sh
[2.261s] -- Up-to-date: /home/edwinooi/Desktop/foxy_ws/install/realsense2_camera/share/realsense2_camera/environment/path.dsv
[2.261s] -- Up-to-date: /home/edwinooi/Desktop/foxy_ws/install/realsense2_camera/share/realsense2_camera/local_setup.bash
[2.261s] -- Up-to-date: /home/edwinooi/Desktop/foxy_ws/install/realsense2_camera/share/realsense2_camera/local_setup.sh
[2.262s] -- Up-to-date: /home/edwinooi/Desktop/foxy_ws/install/realsense2_camera/share/realsense2_camera/local_setup.zsh
[2.262s] -- Up-to-date: /home/edwinooi/Desktop/foxy_ws/install/realsense2_camera/share/realsense2_camera/local_setup.dsv
[2.262s] -- Installing: /home/edwinooi/Desktop/foxy_ws/install/realsense2_camera/share/realsense2_camera/package.dsv
[2.262s] -- Up-to-date: /home/edwinooi/Desktop/foxy_ws/install/realsense2_camera/share/ament_index/resource_index/packages/realsense2_camera
[2.262s] -- Up-to-date: /home/edwinooi/Desktop/foxy_ws/install/realsense2_camera/share/ament_index/resource_index/rclcpp_components/realsense2_camera
[2.262s] -- Up-to-date: /home/edwinooi/Desktop/foxy_ws/install/realsense2_camera/share/realsense2_camera/cmake/ament_cmake_export_include_directories-extras.cmake
[2.263s] -- Up-to-date: /home/edwinooi/Desktop/foxy_ws/install/realsense2_camera/share/realsense2_camera/cmake/ament_cmake_export_libraries-extras.cmake
[2.263s] -- Up-to-date: /home/edwinooi/Desktop/foxy_ws/install/realsense2_camera/share/realsense2_camera/cmake/ament_cmake_export_dependencies-extras.cmake
[2.263s] -- Up-to-date: /home/edwinooi/Desktop/foxy_ws/install/realsense2_camera/share/realsense2_camera/cmake/realsense2_cameraConfig.cmake
[2.263s] -- Up-to-date: /home/edwinooi/Desktop/foxy_ws/install/realsense2_camera/share/realsense2_camera/cmake/realsense2_cameraConfig-version.cmake
[2.263s] -- Up-to-date: /home/edwinooi/Desktop/foxy_ws/install/realsense2_camera/share/realsense2_camera/package.xml
[2.263s] Invoked command in '/home/edwinooi/Desktop/foxy_ws/build/realsense2_camera' returned '0': CMAKE_PREFIX_PATH=/home/edwinooi/Desktop/foxy_ws/install/realsense2_camera_msgs:/home/edwinooi/Desktop/foxy_ws/install/turtlebot3_gazebo:/home/edwinooi/Desktop/foxy_ws/install/ros2_aruco_interfaces:/home/edwinooi/Desktop/foxy_ws/install/realsense2_description:/home/edwinooi/Desktop/foxy_ws/install/realsense2_camera:/home/edwinooi/Desktop/emanual/install/turtlebot3_simulations:/home/edwinooi/Desktop/emanual/install/turtlebot3_gazebo:/home/edwinooi/Desktop/emanual/install/turtlebot3_fake_node:/home/edwinooi/Desktop/emanual/install/ros2_aruco_interfaces:/home/edwinooi/Desktop/foxy_ws/install/ros2_aruco:/home/edwinooi/Desktop/emanual/install/ros2_aruco:/opt/ros/humble LD_LIBRARY_PATH=/home/edwinooi/Desktop/foxy_ws/install/realsense2_camera_msgs/lib:/home/edwinooi/Desktop/foxy_ws/install/ros2_aruco_interfaces/lib:/home/edwinooi/Desktop/foxy_ws/install/realsense2_camera/lib:/home/edwinooi/Desktop/emanual/install/ros2_aruco_interfaces/lib:/usr/lib/x86_64-linux-gnu/gazebo-11/plugins:/opt/ros/humble/opt/rviz_ogre_vendor/lib:/opt/ros/humble/lib/x86_64-linux-gnu:/opt/ros/humble/lib /usr/bin/cmake --install /home/edwinooi/Desktop/foxy_ws/build/realsense2_camera
