[0.327s] Invoking command in '/home/edwinooi/Desktop/foxy_ws/build/nav2_rviz_plugins': AMENT_PREFIX_PATH=/home/edwinooi/Desktop/foxy_ws/install/nav2_lifecycle_manager:/home/edwinooi/Desktop/foxy_ws/install/nav2_util:/home/edwinooi/Desktop/foxy_ws/install/nav2_msgs:/home/edwinooi/Desktop/foxy_ws/install/nav2_common:${AMENT_PREFIX_PATH} CMAKE_PREFIX_PATH=/home/edwinooi/Desktop/foxy_ws/install/nav2_lifecycle_manager:/home/edwinooi/Desktop/foxy_ws/install/nav2_util:/home/edwinooi/Desktop/foxy_ws/install/nav2_msgs:/home/edwinooi/Desktop/foxy_ws/install/nav2_common:/home/edwinooi/Desktop/emanual/install/turtlebot3_simulations:/home/edwinooi/Desktop/emanual/install/turtlebot3_gazebo:/home/edwinooi/Desktop/emanual/install/turtlebot3_fake_node:/home/edwinooi/Desktop/emanual/install/ros2_aruco_interfaces:/home/edwinooi/Desktop/emanual/install/ros2_aruco:/opt/ros/humble LD_LIBRARY_PATH=/home/edwinooi/Desktop/foxy_ws/install/nav2_lifecycle_manager/lib:/home/edwinooi/Desktop/foxy_ws/install/nav2_util/lib:/home/edwinooi/Desktop/foxy_ws/install/nav2_msgs/lib:${LD_LIBRARY_PATH} PYTHONPATH=/home/edwinooi/Desktop/foxy_ws/install/nav2_msgs/local/lib/python3.10/dist-packages:/home/edwinooi/Desktop/foxy_ws/install/nav2_common/local/lib/python3.10/dist-packages:${PYTHONPATH} /usr/bin/cmake /home/edwinooi/Desktop/foxy_ws/src/turtlebot3_simulations/navigation2-humble/nav2_rviz_plugins -DCMAKE_INSTALL_PREFIX=/home/edwinooi/Desktop/foxy_ws/install/nav2_rviz_plugins
[0.482s] -- The C compiler identification is GNU 11.4.0
[0.610s] -- The CXX compiler identification is GNU 11.4.0
[0.628s] -- Detecting C compiler ABI info
[0.918s] -- Detecting C compiler ABI info - done
[0.996s] -- Check for working C compiler: /usr/bin/cc - skipped
[1.000s] -- Detecting C compile features
[1.002s] -- Detecting C compile features - done
[1.028s] -- Detecting CXX compiler ABI info
[1.430s] -- Detecting CXX compiler ABI info - done
[1.487s] -- Check for working CXX compiler: /usr/bin/c++ - skipped
[1.492s] -- Detecting CXX compile features
[1.494s] -- Detecting CXX compile features - done
[1.501s] -- Found ament_cmake: 1.3.8 (/opt/ros/humble/share/ament_cmake/cmake)
[1.913s] -- Found Python3: /usr/bin/python3 (found version "3.10.12") found components: Interpreter 
[2.184s] -- Found geometry_msgs: 4.2.3 (/opt/ros/humble/share/geometry_msgs/cmake)
[2.307s] -- Found rosidl_generator_c: 3.1.5 (/opt/ros/humble/share/rosidl_generator_c/cmake)
[2.325s] -- Found rosidl_adapter: 3.1.5 (/opt/ros/humble/share/rosidl_adapter/cmake)
[2.356s] -- Found rosidl_generator_cpp: 3.1.5 (/opt/ros/humble/share/rosidl_generator_cpp/cmake)
[2.398s] -- Using all available rosidl_typesupport_c: rosidl_typesupport_fastrtps_c;rosidl_typesupport_introspection_c
[2.461s] -- Using all available rosidl_typesupport_cpp: rosidl_typesupport_fastrtps_cpp;rosidl_typesupport_introspection_cpp
[2.885s] -- Found nav2_util: 1.1.15 (/home/edwinooi/Desktop/foxy_ws/install/nav2_util/share/nav2_util/cmake)
[4.472s] -- Found rmw_implementation_cmake: 6.1.1 (/opt/ros/humble/share/rmw_implementation_cmake/cmake)
[4.481s] -- Found rmw_fastrtps_cpp: 6.2.6 (/opt/ros/humble/share/rmw_fastrtps_cpp/cmake)
[4.795s] -- Found OpenSSL: /usr/lib/x86_64-linux-gnu/libcrypto.so (found version "3.0.2")  
[4.887s] -- Found FastRTPS: /opt/ros/humble/include  
[5.025s] -- Using RMW implementation 'rmw_fastrtps_cpp' as default
[5.083s] -- Looking for pthread.h
[5.286s] -- Looking for pthread.h - found
[5.287s] -- Performing Test CMAKE_HAVE_LIBC_PTHREAD
[5.765s] -- Performing Test CMAKE_HAVE_LIBC_PTHREAD - Success
[5.770s] -- Found Threads: TRUE  
[7.431s] -- Found eigen3_cmake_module: 0.1.1 (/opt/ros/humble/share/eigen3_cmake_module/cmake)
[7.434s] -- Found Eigen3: TRUE (found version "3.4.0") 
[7.435s] -- Ensuring Eigen3 include directory is part of orocos-kdl CMake target
[8.103s] -- Found nav2_lifecycle_manager: 1.1.15 (/home/edwinooi/Desktop/foxy_ws/install/nav2_lifecycle_manager/share/nav2_lifecycle_manager/cmake)
[10.224s] -- Found pluginlib: 5.1.0 (/opt/ros/humble/share/pluginlib/cmake)
[10.409s] -- Found rviz_common: 11.2.11 (/opt/ros/humble/share/rviz_common/cmake)
[10.474s] -- Setting OGRE_DIR to: '/opt/ros/humble/share/rviz_ogre_vendor/cmake/../../../opt/rviz_ogre_vendor/lib/OGRE/cmake'
[10.481s] -- Found OGRE
[10.483s] --   static     : OFF
[10.484s] --   components : HLMS;MeshLodGenerator;Overlay;Paging;Property;RTShaderSystem;Terrain;Volume
[10.486s] --   plugins    : Plugin_BSPSceneManager;Plugin_OctreeSceneManager;Plugin_PCZSceneManager;Plugin_ParticleFX;RenderSystem_GL;RenderSystem_GL3Plus;Codec_STBI
[10.487s] --   media      : /opt/ros/humble/opt/rviz_ogre_vendor/share/OGRE/Media
[10.489s] -- OGRE_LIBRARIES: OgreHLMS;OgreMeshLodGenerator;OgreOverlay;OgrePaging;OgreProperty;OgreRTShaderSystem;OgreTerrain;OgreVolume;OgreMain
[10.491s] -- OGRE_LIBRARY_DIRS: /opt/ros/humble/opt/rviz_ogre_vendor/lib
[10.493s] -- OGRE_PLUGINS: Plugin_BSPSceneManager;Plugin_OctreeSceneManager;Plugin_PCZSceneManager;Plugin_ParticleFX;RenderSystem_GL;RenderSystem_GL3Plus;Codec_STBI
[10.494s] -- OGRE_PLUGIN_DIR: /opt/ros/humble/opt/rviz_ogre_vendor/lib/OGRE
[10.498s] -- rviz_ogre_vendor::OgreOverlay for IMPORTED_LOCATION_RELEASE: /opt/ros/humble/opt/rviz_ogre_vendor/lib/libOgreOverlay.so
[10.499s] -- rviz_ogre_vendor::OgreOverlay for IMPORTED_LOCATION_DEBUG: /opt/ros/humble/opt/rviz_ogre_vendor/lib/libOgreOverlay.so
[10.502s] -- rviz_ogre_vendor::OgreMain for IMPORTED_LOCATION_RELEASE: /opt/ros/humble/opt/rviz_ogre_vendor/lib/libOgreMain.so
[10.505s] -- rviz_ogre_vendor::OgreMain for IMPORTED_LOCATION_DEBUG: /opt/ros/humble/opt/rviz_ogre_vendor/lib/libOgreMain.so
[10.632s] -- Found ZLIB: /usr/lib/x86_64-linux-gnu/libz.so (found version "1.2.11") 
[10.651s] -- Found OpenGL: /usr/lib/x86_64-linux-gnu/libOpenGL.so   
[10.983s] -- Found X11: /usr/include   
[10.984s] -- Looking for XOpenDisplay in /usr/lib/x86_64-linux-gnu/libX11.so;/usr/lib/x86_64-linux-gnu/libXext.so
[11.214s] -- Looking for XOpenDisplay in /usr/lib/x86_64-linux-gnu/libX11.so;/usr/lib/x86_64-linux-gnu/libXext.so - found
[11.219s] -- Looking for gethostbyname
[11.470s] -- Looking for gethostbyname - found
[11.470s] -- Looking for connect
[11.726s] -- Looking for connect - found
[11.730s] -- Looking for remove
[11.958s] -- Looking for remove - found
[11.962s] -- Looking for shmat
[12.238s] -- Looking for shmat - found
[12.238s] -- Looking for IceConnectionNumber in ICE
[12.474s] -- Looking for IceConnectionNumber in ICE - found
[12.493s] -- rviz_ogre_vendor::RenderSystem_GL for IMPORTED_LOCATION_RELEASE: _render_system_gl_static_library_abs-NOTFOUND
[12.496s] -- rviz_ogre_vendor::RenderSystem_GL for IMPORTED_LOCATION_DEBUG: _render_system_gl_static_library_abs-NOTFOUND
[12.816s] -- library: /usr/lib/x86_64-linux-gnu/libcurl.so
[13.257s] -- Found rviz_default_plugins: 11.2.11 (/opt/ros/humble/share/rviz_default_plugins/cmake)
[21.035s] -- Found ament_lint_auto: 0.12.10 (/opt/ros/humble/share/ament_lint_auto/cmake)
[21.324s] -- Added test 'copyright' to check source files copyright and LICENSE
[21.329s] -- Added test 'cppcheck' to perform static code analysis on C / C++ code
[21.332s] -- Configured cppcheck include dirs: /home/edwinooi/Desktop/foxy_ws/src/turtlebot3_simulations/navigation2-humble/nav2_rviz_plugins/include
[21.334s] -- Configured cppcheck exclude dirs and/or files: 
[21.340s] -- Added test 'cpplint' to check C / C++ code against the Google style
[21.341s] -- Configured cpplint exclude dirs and/or files: 
[21.347s] -- Added test 'lint_cmake' to check CMake code style
[21.353s] -- Added test 'uncrustify' to check C / C++ code style
[21.355s] -- Configured uncrustify additional arguments: 
[21.358s] -- Added test 'xmllint' to check XML markup files
[21.380s] -- Configuring done
[21.668s] -- Generating done
[21.685s] -- Build files have been written to: /home/edwinooi/Desktop/foxy_ws/build/nav2_rviz_plugins
[21.767s] Invoked command in '/home/edwinooi/Desktop/foxy_ws/build/nav2_rviz_plugins' returned '0': AMENT_PREFIX_PATH=/home/edwinooi/Desktop/foxy_ws/install/nav2_lifecycle_manager:/home/edwinooi/Desktop/foxy_ws/install/nav2_util:/home/edwinooi/Desktop/foxy_ws/install/nav2_msgs:/home/edwinooi/Desktop/foxy_ws/install/nav2_common:${AMENT_PREFIX_PATH} CMAKE_PREFIX_PATH=/home/edwinooi/Desktop/foxy_ws/install/nav2_lifecycle_manager:/home/edwinooi/Desktop/foxy_ws/install/nav2_util:/home/edwinooi/Desktop/foxy_ws/install/nav2_msgs:/home/edwinooi/Desktop/foxy_ws/install/nav2_common:/home/edwinooi/Desktop/emanual/install/turtlebot3_simulations:/home/edwinooi/Desktop/emanual/install/turtlebot3_gazebo:/home/edwinooi/Desktop/emanual/install/turtlebot3_fake_node:/home/edwinooi/Desktop/emanual/install/ros2_aruco_interfaces:/home/edwinooi/Desktop/emanual/install/ros2_aruco:/opt/ros/humble LD_LIBRARY_PATH=/home/edwinooi/Desktop/foxy_ws/install/nav2_lifecycle_manager/lib:/home/edwinooi/Desktop/foxy_ws/install/nav2_util/lib:/home/edwinooi/Desktop/foxy_ws/install/nav2_msgs/lib:${LD_LIBRARY_PATH} PYTHONPATH=/home/edwinooi/Desktop/foxy_ws/install/nav2_msgs/local/lib/python3.10/dist-packages:/home/edwinooi/Desktop/foxy_ws/install/nav2_common/local/lib/python3.10/dist-packages:${PYTHONPATH} /usr/bin/cmake /home/edwinooi/Desktop/foxy_ws/src/turtlebot3_simulations/navigation2-humble/nav2_rviz_plugins -DCMAKE_INSTALL_PREFIX=/home/edwinooi/Desktop/foxy_ws/install/nav2_rviz_plugins
[21.768s] Invoking command in '/home/edwinooi/Desktop/foxy_ws/build/nav2_rviz_plugins': AMENT_PREFIX_PATH=/home/edwinooi/Desktop/foxy_ws/install/nav2_lifecycle_manager:/home/edwinooi/Desktop/foxy_ws/install/nav2_util:/home/edwinooi/Desktop/foxy_ws/install/nav2_msgs:/home/edwinooi/Desktop/foxy_ws/install/nav2_common:${AMENT_PREFIX_PATH} CMAKE_PREFIX_PATH=/home/edwinooi/Desktop/foxy_ws/install/nav2_lifecycle_manager:/home/edwinooi/Desktop/foxy_ws/install/nav2_util:/home/edwinooi/Desktop/foxy_ws/install/nav2_msgs:/home/edwinooi/Desktop/foxy_ws/install/nav2_common:/home/edwinooi/Desktop/emanual/install/turtlebot3_simulations:/home/edwinooi/Desktop/emanual/install/turtlebot3_gazebo:/home/edwinooi/Desktop/emanual/install/turtlebot3_fake_node:/home/edwinooi/Desktop/emanual/install/ros2_aruco_interfaces:/home/edwinooi/Desktop/emanual/install/ros2_aruco:/opt/ros/humble LD_LIBRARY_PATH=/home/edwinooi/Desktop/foxy_ws/install/nav2_lifecycle_manager/lib:/home/edwinooi/Desktop/foxy_ws/install/nav2_util/lib:/home/edwinooi/Desktop/foxy_ws/install/nav2_msgs/lib:${LD_LIBRARY_PATH} PYTHONPATH=/home/edwinooi/Desktop/foxy_ws/install/nav2_msgs/local/lib/python3.10/dist-packages:/home/edwinooi/Desktop/foxy_ws/install/nav2_common/local/lib/python3.10/dist-packages:${PYTHONPATH} /usr/bin/cmake --build /home/edwinooi/Desktop/foxy_ws/build/nav2_rviz_plugins -- -j4 -l4
[21.990s] [ 14%] [34m[1mAutomatic MOC for target nav2_rviz_plugins[0m
[25.390s] [ 14%] Built target nav2_rviz_plugins_autogen
[25.459s] [ 28%] [32mBuilding CXX object CMakeFiles/nav2_rviz_plugins.dir/nav2_rviz_plugins_autogen/mocs_compilation.cpp.o[0m
[60.729s] [ 42%] [32mBuilding CXX object CMakeFiles/nav2_rviz_plugins.dir/src/particle_cloud_display/flat_weighted_arrows_array.cpp.o[0m
[73.482s] [ 57%] [32mBuilding CXX object CMakeFiles/nav2_rviz_plugins.dir/src/particle_cloud_display/particle_cloud_display.cpp.o[0m
[103.171s] [ 71%] [32mBuilding CXX object CMakeFiles/nav2_rviz_plugins.dir/src/nav2_panel.cpp.o[0m
[155.107s] [ 85%] [32mBuilding CXX object CMakeFiles/nav2_rviz_plugins.dir/src/goal_tool.cpp.o[0m
[163.100s] [100%] [32m[1mLinking CXX shared library libnav2_rviz_plugins.so[0m
[171.850s] [100%] Built target nav2_rviz_plugins
[171.914s] Invoked command in '/home/edwinooi/Desktop/foxy_ws/build/nav2_rviz_plugins' returned '0': AMENT_PREFIX_PATH=/home/edwinooi/Desktop/foxy_ws/install/nav2_lifecycle_manager:/home/edwinooi/Desktop/foxy_ws/install/nav2_util:/home/edwinooi/Desktop/foxy_ws/install/nav2_msgs:/home/edwinooi/Desktop/foxy_ws/install/nav2_common:${AMENT_PREFIX_PATH} CMAKE_PREFIX_PATH=/home/edwinooi/Desktop/foxy_ws/install/nav2_lifecycle_manager:/home/edwinooi/Desktop/foxy_ws/install/nav2_util:/home/edwinooi/Desktop/foxy_ws/install/nav2_msgs:/home/edwinooi/Desktop/foxy_ws/install/nav2_common:/home/edwinooi/Desktop/emanual/install/turtlebot3_simulations:/home/edwinooi/Desktop/emanual/install/turtlebot3_gazebo:/home/edwinooi/Desktop/emanual/install/turtlebot3_fake_node:/home/edwinooi/Desktop/emanual/install/ros2_aruco_interfaces:/home/edwinooi/Desktop/emanual/install/ros2_aruco:/opt/ros/humble LD_LIBRARY_PATH=/home/edwinooi/Desktop/foxy_ws/install/nav2_lifecycle_manager/lib:/home/edwinooi/Desktop/foxy_ws/install/nav2_util/lib:/home/edwinooi/Desktop/foxy_ws/install/nav2_msgs/lib:${LD_LIBRARY_PATH} PYTHONPATH=/home/edwinooi/Desktop/foxy_ws/install/nav2_msgs/local/lib/python3.10/dist-packages:/home/edwinooi/Desktop/foxy_ws/install/nav2_common/local/lib/python3.10/dist-packages:${PYTHONPATH} /usr/bin/cmake --build /home/edwinooi/Desktop/foxy_ws/build/nav2_rviz_plugins -- -j4 -l4
[172.106s] Invoking command in '/home/edwinooi/Desktop/foxy_ws/build/nav2_rviz_plugins': AMENT_PREFIX_PATH=/home/edwinooi/Desktop/foxy_ws/install/nav2_lifecycle_manager:/home/edwinooi/Desktop/foxy_ws/install/nav2_util:/home/edwinooi/Desktop/foxy_ws/install/nav2_msgs:/home/edwinooi/Desktop/foxy_ws/install/nav2_common:${AMENT_PREFIX_PATH} CMAKE_PREFIX_PATH=/home/edwinooi/Desktop/foxy_ws/install/nav2_lifecycle_manager:/home/edwinooi/Desktop/foxy_ws/install/nav2_util:/home/edwinooi/Desktop/foxy_ws/install/nav2_msgs:/home/edwinooi/Desktop/foxy_ws/install/nav2_common:/home/edwinooi/Desktop/emanual/install/turtlebot3_simulations:/home/edwinooi/Desktop/emanual/install/turtlebot3_gazebo:/home/edwinooi/Desktop/emanual/install/turtlebot3_fake_node:/home/edwinooi/Desktop/emanual/install/ros2_aruco_interfaces:/home/edwinooi/Desktop/emanual/install/ros2_aruco:/opt/ros/humble LD_LIBRARY_PATH=/home/edwinooi/Desktop/foxy_ws/install/nav2_lifecycle_manager/lib:/home/edwinooi/Desktop/foxy_ws/install/nav2_util/lib:/home/edwinooi/Desktop/foxy_ws/install/nav2_msgs/lib:${LD_LIBRARY_PATH} PYTHONPATH=/home/edwinooi/Desktop/foxy_ws/install/nav2_msgs/local/lib/python3.10/dist-packages:/home/edwinooi/Desktop/foxy_ws/install/nav2_common/local/lib/python3.10/dist-packages:${PYTHONPATH} /usr/bin/cmake --install /home/edwinooi/Desktop/foxy_ws/build/nav2_rviz_plugins
[172.134s] -- Install configuration: ""
[172.138s] -- Installing: /home/edwinooi/Desktop/foxy_ws/install/nav2_rviz_plugins/share/nav2_rviz_plugins/plugins_description.xml
[172.141s] -- Installing: /home/edwinooi/Desktop/foxy_ws/install/nav2_rviz_plugins/lib/libnav2_rviz_plugins.so
[172.207s] -- Set runtime path of "/home/edwinooi/Desktop/foxy_ws/install/nav2_rviz_plugins/lib/libnav2_rviz_plugins.so" to ""
[172.207s] -- Installing: /home/edwinooi/Desktop/foxy_ws/install/nav2_rviz_plugins/include/
[172.207s] -- Installing: /home/edwinooi/Desktop/foxy_ws/install/nav2_rviz_plugins/include//nav2_rviz_plugins
[172.207s] -- Installing: /home/edwinooi/Desktop/foxy_ws/install/nav2_rviz_plugins/include//nav2_rviz_plugins/goal_tool.hpp
[172.208s] -- Installing: /home/edwinooi/Desktop/foxy_ws/install/nav2_rviz_plugins/include//nav2_rviz_plugins/particle_cloud_display
[172.208s] -- Installing: /home/edwinooi/Desktop/foxy_ws/install/nav2_rviz_plugins/include//nav2_rviz_plugins/particle_cloud_display/flat_weighted_arrows_array.hpp
[172.208s] -- Installing: /home/edwinooi/Desktop/foxy_ws/install/nav2_rviz_plugins/include//nav2_rviz_plugins/particle_cloud_display/particle_cloud_display.hpp
[172.208s] -- Installing: /home/edwinooi/Desktop/foxy_ws/install/nav2_rviz_plugins/include//nav2_rviz_plugins/ros_action_qevent.hpp
[172.209s] -- Installing: /home/edwinooi/Desktop/foxy_ws/install/nav2_rviz_plugins/include//nav2_rviz_plugins/goal_pose_updater.hpp
[172.209s] -- Installing: /home/edwinooi/Desktop/foxy_ws/install/nav2_rviz_plugins/include//nav2_rviz_plugins/nav2_panel.hpp
[172.209s] -- Installing: /home/edwinooi/Desktop/foxy_ws/install/nav2_rviz_plugins/include//nav2_rviz_plugins/goal_common.hpp
[172.209s] -- Installing: /home/edwinooi/Desktop/foxy_ws/install/nav2_rviz_plugins/share/nav2_rviz_plugins/environment/library_path.sh
[172.209s] -- Installing: /home/edwinooi/Desktop/foxy_ws/install/nav2_rviz_plugins/share/nav2_rviz_plugins/environment/library_path.dsv
[172.217s] -- Installing: /home/edwinooi/Desktop/foxy_ws/install/nav2_rviz_plugins/share/ament_index/resource_index/package_run_dependencies/nav2_rviz_plugins
[172.217s] -- Installing: /home/edwinooi/Desktop/foxy_ws/install/nav2_rviz_plugins/share/ament_index/resource_index/parent_prefix_path/nav2_rviz_plugins
[172.218s] -- Installing: /home/edwinooi/Desktop/foxy_ws/install/nav2_rviz_plugins/share/nav2_rviz_plugins/environment/ament_prefix_path.sh
[172.218s] -- Installing: /home/edwinooi/Desktop/foxy_ws/install/nav2_rviz_plugins/share/nav2_rviz_plugins/environment/ament_prefix_path.dsv
[172.218s] -- Installing: /home/edwinooi/Desktop/foxy_ws/install/nav2_rviz_plugins/share/nav2_rviz_plugins/environment/path.sh
[172.218s] -- Installing: /home/edwinooi/Desktop/foxy_ws/install/nav2_rviz_plugins/share/nav2_rviz_plugins/environment/path.dsv
[172.218s] -- Installing: /home/edwinooi/Desktop/foxy_ws/install/nav2_rviz_plugins/share/nav2_rviz_plugins/local_setup.bash
[172.222s] -- Installing: /home/edwinooi/Desktop/foxy_ws/install/nav2_rviz_plugins/share/nav2_rviz_plugins/local_setup.sh
[172.226s] -- Installing: /home/edwinooi/Desktop/foxy_ws/install/nav2_rviz_plugins/share/nav2_rviz_plugins/local_setup.zsh
[172.226s] -- Installing: /home/edwinooi/Desktop/foxy_ws/install/nav2_rviz_plugins/share/nav2_rviz_plugins/local_setup.dsv
[172.226s] -- Installing: /home/edwinooi/Desktop/foxy_ws/install/nav2_rviz_plugins/share/nav2_rviz_plugins/package.dsv
[172.227s] -- Installing: /home/edwinooi/Desktop/foxy_ws/install/nav2_rviz_plugins/share/ament_index/resource_index/packages/nav2_rviz_plugins
[172.227s] -- Installing: /home/edwinooi/Desktop/foxy_ws/install/nav2_rviz_plugins/share/ament_index/resource_index/rviz_common__pluginlib__plugin/nav2_rviz_plugins
[172.231s] -- Installing: /home/edwinooi/Desktop/foxy_ws/install/nav2_rviz_plugins/share/nav2_rviz_plugins/cmake/nav2_rviz_pluginsExport.cmake
[172.233s] -- Installing: /home/edwinooi/Desktop/foxy_ws/install/nav2_rviz_plugins/share/nav2_rviz_plugins/cmake/nav2_rviz_pluginsExport-noconfig.cmake
[172.233s] -- Installing: /home/edwinooi/Desktop/foxy_ws/install/nav2_rviz_plugins/share/nav2_rviz_plugins/cmake/ament_cmake_export_include_directories-extras.cmake
[172.234s] -- Installing: /home/edwinooi/Desktop/foxy_ws/install/nav2_rviz_plugins/share/nav2_rviz_plugins/cmake/ament_cmake_export_targets-extras.cmake
[172.234s] -- Installing: /home/edwinooi/Desktop/foxy_ws/install/nav2_rviz_plugins/share/nav2_rviz_plugins/cmake/ament_cmake_export_dependencies-extras.cmake
[172.234s] -- Installing: /home/edwinooi/Desktop/foxy_ws/install/nav2_rviz_plugins/share/nav2_rviz_plugins/cmake/nav2_rviz_pluginsConfig.cmake
[172.237s] -- Installing: /home/edwinooi/Desktop/foxy_ws/install/nav2_rviz_plugins/share/nav2_rviz_plugins/cmake/nav2_rviz_pluginsConfig-version.cmake
[172.238s] -- Installing: /home/edwinooi/Desktop/foxy_ws/install/nav2_rviz_plugins/share/nav2_rviz_plugins/package.xml
[172.239s] Invoked command in '/home/edwinooi/Desktop/foxy_ws/build/nav2_rviz_plugins' returned '0': AMENT_PREFIX_PATH=/home/edwinooi/Desktop/foxy_ws/install/nav2_lifecycle_manager:/home/edwinooi/Desktop/foxy_ws/install/nav2_util:/home/edwinooi/Desktop/foxy_ws/install/nav2_msgs:/home/edwinooi/Desktop/foxy_ws/install/nav2_common:${AMENT_PREFIX_PATH} CMAKE_PREFIX_PATH=/home/edwinooi/Desktop/foxy_ws/install/nav2_lifecycle_manager:/home/edwinooi/Desktop/foxy_ws/install/nav2_util:/home/edwinooi/Desktop/foxy_ws/install/nav2_msgs:/home/edwinooi/Desktop/foxy_ws/install/nav2_common:/home/edwinooi/Desktop/emanual/install/turtlebot3_simulations:/home/edwinooi/Desktop/emanual/install/turtlebot3_gazebo:/home/edwinooi/Desktop/emanual/install/turtlebot3_fake_node:/home/edwinooi/Desktop/emanual/install/ros2_aruco_interfaces:/home/edwinooi/Desktop/emanual/install/ros2_aruco:/opt/ros/humble LD_LIBRARY_PATH=/home/edwinooi/Desktop/foxy_ws/install/nav2_lifecycle_manager/lib:/home/edwinooi/Desktop/foxy_ws/install/nav2_util/lib:/home/edwinooi/Desktop/foxy_ws/install/nav2_msgs/lib:${LD_LIBRARY_PATH} PYTHONPATH=/home/edwinooi/Desktop/foxy_ws/install/nav2_msgs/local/lib/python3.10/dist-packages:/home/edwinooi/Desktop/foxy_ws/install/nav2_common/local/lib/python3.10/dist-packages:${PYTHONPATH} /usr/bin/cmake --install /home/edwinooi/Desktop/foxy_ws/build/nav2_rviz_plugins
