[0.352s] Invoking command in '/home/edwinooi/Desktop/foxy_ws/build/realsense2_description': AMENT_PREFIX_PATH=/home/edwinooi/Desktop/foxy_ws/install/realsense2_camera_msgs:${AMENT_PREFIX_PATH} CMAKE_PREFIX_PATH=/home/edwinooi/Desktop/foxy_ws/install/realsense2_camera_msgs:/home/edwinooi/Desktop/emanual/install/turtlebot3_simulations:/home/edwinooi/Desktop/emanual/install/turtlebot3_gazebo:/home/edwinooi/Desktop/emanual/install/turtlebot3_fake_node:/home/edwinooi/Desktop/emanual/install/ros2_aruco_interfaces:/home/edwinooi/Desktop/emanual/install/ros2_aruco:/opt/ros/humble LD_LIBRARY_PATH=/home/edwinooi/Desktop/foxy_ws/install/realsense2_camera_msgs/lib:${LD_LIBRARY_PATH} PYTHONPATH=/home/edwinooi/Desktop/foxy_ws/install/realsense2_camera_msgs/local/lib/python3.10/dist-packages:${PYTHONPATH} /usr/bin/cmake /home/edwinooi/Desktop/foxy_ws/src/turtlebot3_simulations/realsense-ros-4.51.1/realsense2_description -DCMAKE_INSTALL_PREFIX=/home/edwinooi/Desktop/foxy_ws/install/realsense2_description
[0.704s] -- The C compiler identification is GNU 11.4.0
[1.016s] -- The CXX compiler identification is GNU 11.4.0
[1.084s] -- Detecting C compiler ABI info
[1.457s] -- Detecting C compiler ABI info - done
[1.480s] -- Check for working C compiler: /usr/bin/cc - skipped
[1.493s] -- Detecting C compile features
[1.494s] -- Detecting C compile features - done
[1.504s] -- Detecting CXX compiler ABI info
[1.865s] -- Detecting CXX compiler ABI info - done
[1.918s] -- Check for working CXX compiler: /usr/bin/c++ - skipped
[1.918s] -- Detecting CXX compile features
[1.919s] -- Detecting CXX compile features - done
[1.978s] -- Found ament_cmake: 1.3.8 (/opt/ros/humble/share/ament_cmake/cmake)
[2.802s] -- Found Python3: /usr/bin/python3 (found version "3.10.12") found components: Interpreter 
[3.545s] -- Configuring done
[3.564s] -- Generating done
[3.564s] -- Build files have been written to: /home/edwinooi/Desktop/foxy_ws/build/realsense2_description
[3.613s] Invoked command in '/home/edwinooi/Desktop/foxy_ws/build/realsense2_description' returned '0': AMENT_PREFIX_PATH=/home/edwinooi/Desktop/foxy_ws/install/realsense2_camera_msgs:${AMENT_PREFIX_PATH} CMAKE_PREFIX_PATH=/home/edwinooi/Desktop/foxy_ws/install/realsense2_camera_msgs:/home/edwinooi/Desktop/emanual/install/turtlebot3_simulations:/home/edwinooi/Desktop/emanual/install/turtlebot3_gazebo:/home/edwinooi/Desktop/emanual/install/turtlebot3_fake_node:/home/edwinooi/Desktop/emanual/install/ros2_aruco_interfaces:/home/edwinooi/Desktop/emanual/install/ros2_aruco:/opt/ros/humble LD_LIBRARY_PATH=/home/edwinooi/Desktop/foxy_ws/install/realsense2_camera_msgs/lib:${LD_LIBRARY_PATH} PYTHONPATH=/home/edwinooi/Desktop/foxy_ws/install/realsense2_camera_msgs/local/lib/python3.10/dist-packages:${PYTHONPATH} /usr/bin/cmake /home/edwinooi/Desktop/foxy_ws/src/turtlebot3_simulations/realsense-ros-4.51.1/realsense2_description -DCMAKE_INSTALL_PREFIX=/home/edwinooi/Desktop/foxy_ws/install/realsense2_description
[3.615s] Invoking command in '/home/edwinooi/Desktop/foxy_ws/build/realsense2_description': AMENT_PREFIX_PATH=/home/edwinooi/Desktop/foxy_ws/install/realsense2_camera_msgs:${AMENT_PREFIX_PATH} CMAKE_PREFIX_PATH=/home/edwinooi/Desktop/foxy_ws/install/realsense2_camera_msgs:/home/edwinooi/Desktop/emanual/install/turtlebot3_simulations:/home/edwinooi/Desktop/emanual/install/turtlebot3_gazebo:/home/edwinooi/Desktop/emanual/install/turtlebot3_fake_node:/home/edwinooi/Desktop/emanual/install/ros2_aruco_interfaces:/home/edwinooi/Desktop/emanual/install/ros2_aruco:/opt/ros/humble LD_LIBRARY_PATH=/home/edwinooi/Desktop/foxy_ws/install/realsense2_camera_msgs/lib:${LD_LIBRARY_PATH} PYTHONPATH=/home/edwinooi/Desktop/foxy_ws/install/realsense2_camera_msgs/local/lib/python3.10/dist-packages:${PYTHONPATH} /usr/bin/cmake --build /home/edwinooi/Desktop/foxy_ws/build/realsense2_description -- -j4 -l4
[3.747s] Invoked command in '/home/edwinooi/Desktop/foxy_ws/build/realsense2_description' returned '0': AMENT_PREFIX_PATH=/home/edwinooi/Desktop/foxy_ws/install/realsense2_camera_msgs:${AMENT_PREFIX_PATH} CMAKE_PREFIX_PATH=/home/edwinooi/Desktop/foxy_ws/install/realsense2_camera_msgs:/home/edwinooi/Desktop/emanual/install/turtlebot3_simulations:/home/edwinooi/Desktop/emanual/install/turtlebot3_gazebo:/home/edwinooi/Desktop/emanual/install/turtlebot3_fake_node:/home/edwinooi/Desktop/emanual/install/ros2_aruco_interfaces:/home/edwinooi/Desktop/emanual/install/ros2_aruco:/opt/ros/humble LD_LIBRARY_PATH=/home/edwinooi/Desktop/foxy_ws/install/realsense2_camera_msgs/lib:${LD_LIBRARY_PATH} PYTHONPATH=/home/edwinooi/Desktop/foxy_ws/install/realsense2_camera_msgs/local/lib/python3.10/dist-packages:${PYTHONPATH} /usr/bin/cmake --build /home/edwinooi/Desktop/foxy_ws/build/realsense2_description -- -j4 -l4
[3.862s] Invoking command in '/home/edwinooi/Desktop/foxy_ws/build/realsense2_description': AMENT_PREFIX_PATH=/home/edwinooi/Desktop/foxy_ws/install/realsense2_camera_msgs:${AMENT_PREFIX_PATH} CMAKE_PREFIX_PATH=/home/edwinooi/Desktop/foxy_ws/install/realsense2_camera_msgs:/home/edwinooi/Desktop/emanual/install/turtlebot3_simulations:/home/edwinooi/Desktop/emanual/install/turtlebot3_gazebo:/home/edwinooi/Desktop/emanual/install/turtlebot3_fake_node:/home/edwinooi/Desktop/emanual/install/ros2_aruco_interfaces:/home/edwinooi/Desktop/emanual/install/ros2_aruco:/opt/ros/humble LD_LIBRARY_PATH=/home/edwinooi/Desktop/foxy_ws/install/realsense2_camera_msgs/lib:${LD_LIBRARY_PATH} PYTHONPATH=/home/edwinooi/Desktop/foxy_ws/install/realsense2_camera_msgs/local/lib/python3.10/dist-packages:${PYTHONPATH} /usr/bin/cmake --install /home/edwinooi/Desktop/foxy_ws/build/realsense2_description
[3.896s] -- Install configuration: ""
[3.896s] -- Installing: /home/edwinooi/Desktop/foxy_ws/install/realsense2_description/share/realsense2_description/launch
[3.897s] -- Installing: /home/edwinooi/Desktop/foxy_ws/install/realsense2_description/share/realsense2_description/launch/view_model.launch.py
[3.898s] -- Installing: /home/edwinooi/Desktop/foxy_ws/install/realsense2_description/share/realsense2_description/launch/launch_utils.py
[3.899s] -- Installing: /home/edwinooi/Desktop/foxy_ws/install/realsense2_description/share/realsense2_description/meshes
[3.899s] -- Installing: /home/edwinooi/Desktop/foxy_ws/install/realsense2_description/share/realsense2_description/meshes/l515.dae
[4.048s] -- Installing: /home/edwinooi/Desktop/foxy_ws/install/realsense2_description/share/realsense2_description/meshes/d435.dae
[4.120s] -- Installing: /home/edwinooi/Desktop/foxy_ws/install/realsense2_description/share/realsense2_description/meshes/plug.stl
[4.122s] -- Installing: /home/edwinooi/Desktop/foxy_ws/install/realsense2_description/share/realsense2_description/meshes/d455.stl
[4.139s] -- Installing: /home/edwinooi/Desktop/foxy_ws/install/realsense2_description/share/realsense2_description/meshes/plug_collision.stl
[4.140s] -- Installing: /home/edwinooi/Desktop/foxy_ws/install/realsense2_description/share/realsense2_description/meshes/d415.stl
[4.243s] -- Installing: /home/edwinooi/Desktop/foxy_ws/install/realsense2_description/share/realsense2_description/rviz
[4.243s] -- Installing: /home/edwinooi/Desktop/foxy_ws/install/realsense2_description/share/realsense2_description/rviz/urdf.rviz
[4.244s] -- Installing: /home/edwinooi/Desktop/foxy_ws/install/realsense2_description/share/realsense2_description/urdf
[4.244s] -- Installing: /home/edwinooi/Desktop/foxy_ws/install/realsense2_description/share/realsense2_description/urdf/test_r430_camera.urdf.xacro
[4.245s] -- Installing: /home/edwinooi/Desktop/foxy_ws/install/realsense2_description/share/realsense2_description/urdf/_d435i_imu_modules.urdf.xacro
[4.246s] -- Installing: /home/edwinooi/Desktop/foxy_ws/install/realsense2_description/share/realsense2_description/urdf/_d455.urdf.xacro
[4.246s] -- Installing: /home/edwinooi/Desktop/foxy_ws/install/realsense2_description/share/realsense2_description/urdf/test_d455_camera.urdf.xacro
[4.247s] -- Installing: /home/edwinooi/Desktop/foxy_ws/install/realsense2_description/share/realsense2_description/urdf/test_d415_camera.urdf.xacro
[4.248s] -- Installing: /home/edwinooi/Desktop/foxy_ws/install/realsense2_description/share/realsense2_description/urdf/test_r410_camera.urdf.xacro
[4.248s] -- Installing: /home/edwinooi/Desktop/foxy_ws/install/realsense2_description/share/realsense2_description/urdf/_l515.urdf.xacro
[4.249s] -- Installing: /home/edwinooi/Desktop/foxy_ws/install/realsense2_description/share/realsense2_description/urdf/_d415.urdf.xacro
[4.250s] -- Installing: /home/edwinooi/Desktop/foxy_ws/install/realsense2_description/share/realsense2_description/urdf/test_d435_camera.urdf.xacro
[4.250s] -- Installing: /home/edwinooi/Desktop/foxy_ws/install/realsense2_description/share/realsense2_description/urdf/_d435.urdf.xacro
[4.253s] -- Installing: /home/edwinooi/Desktop/foxy_ws/install/realsense2_description/share/realsense2_description/urdf/_materials.urdf.xacro
[4.253s] -- Installing: /home/edwinooi/Desktop/foxy_ws/install/realsense2_description/share/realsense2_description/urdf/_r430.urdf.xacro
[4.253s] -- Installing: /home/edwinooi/Desktop/foxy_ws/install/realsense2_description/share/realsense2_description/urdf/test_d435i_camera.urdf.xacro
[4.253s] -- Installing: /home/edwinooi/Desktop/foxy_ws/install/realsense2_description/share/realsense2_description/urdf/test_l515_camera.urdf.xacro
[4.255s] -- Installing: /home/edwinooi/Desktop/foxy_ws/install/realsense2_description/share/realsense2_description/urdf/_d435i.urdf.xacro
[4.256s] -- Installing: /home/edwinooi/Desktop/foxy_ws/install/realsense2_description/share/realsense2_description/urdf/_usb_plug.urdf.xacro
[4.256s] -- Installing: /home/edwinooi/Desktop/foxy_ws/install/realsense2_description/share/realsense2_description/urdf/test_d435_multiple_cameras.urdf.xacro
[4.256s] -- Installing: /home/edwinooi/Desktop/foxy_ws/install/realsense2_description/share/realsense2_description/urdf/_r410.urdf.xacro
[4.256s] -- Installing: /home/edwinooi/Desktop/foxy_ws/install/realsense2_description/share/ament_index/resource_index/package_run_dependencies/realsense2_description
[4.256s] -- Installing: /home/edwinooi/Desktop/foxy_ws/install/realsense2_description/share/ament_index/resource_index/parent_prefix_path/realsense2_description
[4.256s] -- Installing: /home/edwinooi/Desktop/foxy_ws/install/realsense2_description/share/realsense2_description/environment/ament_prefix_path.sh
[4.256s] -- Installing: /home/edwinooi/Desktop/foxy_ws/install/realsense2_description/share/realsense2_description/environment/ament_prefix_path.dsv
[4.257s] -- Installing: /home/edwinooi/Desktop/foxy_ws/install/realsense2_description/share/realsense2_description/environment/path.sh
[4.257s] -- Installing: /home/edwinooi/Desktop/foxy_ws/install/realsense2_description/share/realsense2_description/environment/path.dsv
[4.257s] -- Installing: /home/edwinooi/Desktop/foxy_ws/install/realsense2_description/share/realsense2_description/local_setup.bash
[4.257s] -- Installing: /home/edwinooi/Desktop/foxy_ws/install/realsense2_description/share/realsense2_description/local_setup.sh
[4.257s] -- Installing: /home/edwinooi/Desktop/foxy_ws/install/realsense2_description/share/realsense2_description/local_setup.zsh
[4.258s] -- Installing: /home/edwinooi/Desktop/foxy_ws/install/realsense2_description/share/realsense2_description/local_setup.dsv
[4.258s] -- Installing: /home/edwinooi/Desktop/foxy_ws/install/realsense2_description/share/realsense2_description/package.dsv
[4.258s] -- Installing: /home/edwinooi/Desktop/foxy_ws/install/realsense2_description/share/ament_index/resource_index/packages/realsense2_description
[4.258s] -- Installing: /home/edwinooi/Desktop/foxy_ws/install/realsense2_description/share/realsense2_description/cmake/realsense2_descriptionConfig.cmake
[4.258s] -- Installing: /home/edwinooi/Desktop/foxy_ws/install/realsense2_description/share/realsense2_description/cmake/realsense2_descriptionConfig-version.cmake
[4.258s] -- Installing: /home/edwinooi/Desktop/foxy_ws/install/realsense2_description/share/realsense2_description/package.xml
[4.293s] Invoked command in '/home/edwinooi/Desktop/foxy_ws/build/realsense2_description' returned '0': AMENT_PREFIX_PATH=/home/edwinooi/Desktop/foxy_ws/install/realsense2_camera_msgs:${AMENT_PREFIX_PATH} CMAKE_PREFIX_PATH=/home/edwinooi/Desktop/foxy_ws/install/realsense2_camera_msgs:/home/edwinooi/Desktop/emanual/install/turtlebot3_simulations:/home/edwinooi/Desktop/emanual/install/turtlebot3_gazebo:/home/edwinooi/Desktop/emanual/install/turtlebot3_fake_node:/home/edwinooi/Desktop/emanual/install/ros2_aruco_interfaces:/home/edwinooi/Desktop/emanual/install/ros2_aruco:/opt/ros/humble LD_LIBRARY_PATH=/home/edwinooi/Desktop/foxy_ws/install/realsense2_camera_msgs/lib:${LD_LIBRARY_PATH} PYTHONPATH=/home/edwinooi/Desktop/foxy_ws/install/realsense2_camera_msgs/local/lib/python3.10/dist-packages:${PYTHONPATH} /usr/bin/cmake --install /home/edwinooi/Desktop/foxy_ws/build/realsense2_description
