[1.544s] Invoking command in '/home/edwinooi/Desktop/foxy_ws/build/ros2_aruco_interfaces': CMAKE_PREFIX_PATH=${CMAKE_PREFIX_PATH}:/home/edwinooi/Desktop/foxy_ws/install/ros2_aruco:/home/edwinooi/Desktop/emanual/install/ros2_aruco:/opt/ros/humble /usr/bin/cmake --build /home/edwinooi/Desktop/foxy_ws/build/ros2_aruco_interfaces -- -j4 -l4
[1.899s] [ 10%] Built target ros2_aruco_interfaces__rosidl_generator_c
[2.009s] [ 12%] Built target ros2_aruco_interfaces__cpp
[2.009s] [ 12%] Built target ament_cmake_python_copy_ros2_aruco_interfaces
[2.074s] [ 23%] Built target ros2_aruco_interfaces__rosidl_typesupport_fastrtps_c
[2.104s] [ 35%] Built target ros2_aruco_interfaces__rosidl_typesupport_introspection_c
[2.104s] [ 43%] Built target ros2_aruco_interfaces__rosidl_typesupport_c
[2.139s] [ 53%] Built target ros2_aruco_interfaces__rosidl_typesupport_introspection_cpp
[2.291s] [ 64%] Built target ros2_aruco_interfaces__rosidl_typesupport_cpp
[2.322s] [ 74%] Built target ros2_aruco_interfaces__rosidl_typesupport_fastrtps_cpp
[2.454s] [ 74%] Built target ros2_aruco_interfaces
[2.608s] [ 76%] Built target ros2_aruco_interfaces__py
[2.882s] [ 84%] Built target ros2_aruco_interfaces__rosidl_generator_py
[3.117s] [ 89%] Built target ros2_aruco_interfaces__rosidl_typesupport_fastrtps_c__pyext
[3.149s] [ 94%] Built target ros2_aruco_interfaces__rosidl_typesupport_introspection_c__pyext
[3.177s] [100%] Built target ros2_aruco_interfaces__rosidl_typesupport_c__pyext
[3.615s] running egg_info
[3.616s] writing ros2_aruco_interfaces.egg-info/PKG-INFO
[3.616s] writing dependency_links to ros2_aruco_interfaces.egg-info/dependency_links.txt
[3.616s] writing top-level names to ros2_aruco_interfaces.egg-info/top_level.txt
[3.627s] reading manifest file 'ros2_aruco_interfaces.egg-info/SOURCES.txt'
[3.630s] writing manifest file 'ros2_aruco_interfaces.egg-info/SOURCES.txt'
[3.727s] [100%] Built target ament_cmake_python_build_ros2_aruco_interfaces_egg
[3.790s] Invoked command in '/home/edwinooi/Desktop/foxy_ws/build/ros2_aruco_interfaces' returned '0': CMAKE_PREFIX_PATH=${CMAKE_PREFIX_PATH}:/home/edwinooi/Desktop/foxy_ws/install/ros2_aruco:/home/edwinooi/Desktop/emanual/install/ros2_aruco:/opt/ros/humble /usr/bin/cmake --build /home/edwinooi/Desktop/foxy_ws/build/ros2_aruco_interfaces -- -j4 -l4
[4.971s] Invoking command in '/home/edwinooi/Desktop/foxy_ws/build/ros2_aruco_interfaces': CMAKE_PREFIX_PATH=${CMAKE_PREFIX_PATH}:/home/edwinooi/Desktop/foxy_ws/install/ros2_aruco:/home/edwinooi/Desktop/emanual/install/ros2_aruco:/opt/ros/humble /usr/bin/cmake --install /home/edwinooi/Desktop/foxy_ws/build/ros2_aruco_interfaces
[4.998s] -- Install configuration: ""
[4.998s] -- Up-to-date: /home/edwinooi/Desktop/foxy_ws/install/ros2_aruco_interfaces/share/ament_index/resource_index/rosidl_interfaces/ros2_aruco_interfaces
[4.999s] -- Up-to-date: /home/edwinooi/Desktop/foxy_ws/install/ros2_aruco_interfaces/include/ros2_aruco_interfaces/ros2_aruco_interfaces
[4.999s] -- Up-to-date: /home/edwinooi/Desktop/foxy_ws/install/ros2_aruco_interfaces/include/ros2_aruco_interfaces/ros2_aruco_interfaces/msg
[4.999s] -- Up-to-date: /home/edwinooi/Desktop/foxy_ws/install/ros2_aruco_interfaces/include/ros2_aruco_interfaces/ros2_aruco_interfaces/msg/rosidl_generator_c__visibility_control.h
[4.999s] -- Up-to-date: /home/edwinooi/Desktop/foxy_ws/install/ros2_aruco_interfaces/include/ros2_aruco_interfaces/ros2_aruco_interfaces/msg/aruco_markers_with_rot_matrix.h
[4.999s] -- Up-to-date: /home/edwinooi/Desktop/foxy_ws/install/ros2_aruco_interfaces/include/ros2_aruco_interfaces/ros2_aruco_interfaces/msg/detail
[5.000s] -- Up-to-date: /home/edwinooi/Desktop/foxy_ws/install/ros2_aruco_interfaces/include/ros2_aruco_interfaces/ros2_aruco_interfaces/msg/detail/aruco_markers_with_rot_matrix__struct.h
[5.000s] -- Up-to-date: /home/edwinooi/Desktop/foxy_ws/install/ros2_aruco_interfaces/include/ros2_aruco_interfaces/ros2_aruco_interfaces/msg/detail/aruco_markers__type_support.h
[5.000s] -- Up-to-date: /home/edwinooi/Desktop/foxy_ws/install/ros2_aruco_interfaces/include/ros2_aruco_interfaces/ros2_aruco_interfaces/msg/detail/aruco_markers_with_rot_matrix__functions.h
[5.000s] -- Up-to-date: /home/edwinooi/Desktop/foxy_ws/install/ros2_aruco_interfaces/include/ros2_aruco_interfaces/ros2_aruco_interfaces/msg/detail/aruco_markers_with_rot_matrix__type_support.h
[5.000s] -- Up-to-date: /home/edwinooi/Desktop/foxy_ws/install/ros2_aruco_interfaces/include/ros2_aruco_interfaces/ros2_aruco_interfaces/msg/detail/aruco_markers__struct.h
[5.000s] -- Up-to-date: /home/edwinooi/Desktop/foxy_ws/install/ros2_aruco_interfaces/include/ros2_aruco_interfaces/ros2_aruco_interfaces/msg/detail/aruco_markers__functions.c
[5.000s] -- Up-to-date: /home/edwinooi/Desktop/foxy_ws/install/ros2_aruco_interfaces/include/ros2_aruco_interfaces/ros2_aruco_interfaces/msg/detail/aruco_markers_with_rot_matrix__functions.c
[5.001s] -- Up-to-date: /home/edwinooi/Desktop/foxy_ws/install/ros2_aruco_interfaces/include/ros2_aruco_interfaces/ros2_aruco_interfaces/msg/detail/aruco_markers__functions.h
[5.004s] -- Up-to-date: /home/edwinooi/Desktop/foxy_ws/install/ros2_aruco_interfaces/include/ros2_aruco_interfaces/ros2_aruco_interfaces/msg/aruco_markers.h
[5.004s] -- Up-to-date: /home/edwinooi/Desktop/foxy_ws/install/ros2_aruco_interfaces/share/ros2_aruco_interfaces/environment/library_path.sh
[5.005s] -- Up-to-date: /home/edwinooi/Desktop/foxy_ws/install/ros2_aruco_interfaces/share/ros2_aruco_interfaces/environment/library_path.dsv
[5.008s] -- Up-to-date: /home/edwinooi/Desktop/foxy_ws/install/ros2_aruco_interfaces/lib/libros2_aruco_interfaces__rosidl_generator_c.so
[5.008s] -- Up-to-date: /home/edwinooi/Desktop/foxy_ws/install/ros2_aruco_interfaces/include/ros2_aruco_interfaces/ros2_aruco_interfaces
[5.009s] -- Up-to-date: /home/edwinooi/Desktop/foxy_ws/install/ros2_aruco_interfaces/include/ros2_aruco_interfaces/ros2_aruco_interfaces/msg
[5.009s] -- Up-to-date: /home/edwinooi/Desktop/foxy_ws/install/ros2_aruco_interfaces/include/ros2_aruco_interfaces/ros2_aruco_interfaces/msg/rosidl_typesupport_fastrtps_c__visibility_control.h
[5.009s] -- Up-to-date: /home/edwinooi/Desktop/foxy_ws/install/ros2_aruco_interfaces/include/ros2_aruco_interfaces/ros2_aruco_interfaces/msg/detail
[5.009s] -- Up-to-date: /home/edwinooi/Desktop/foxy_ws/install/ros2_aruco_interfaces/include/ros2_aruco_interfaces/ros2_aruco_interfaces/msg/detail/aruco_markers__rosidl_typesupport_fastrtps_c.h
[5.009s] -- Up-to-date: /home/edwinooi/Desktop/foxy_ws/install/ros2_aruco_interfaces/include/ros2_aruco_interfaces/ros2_aruco_interfaces/msg/detail/aruco_markers_with_rot_matrix__rosidl_typesupport_fastrtps_c.h
[5.021s] -- Up-to-date: /home/edwinooi/Desktop/foxy_ws/install/ros2_aruco_interfaces/lib/libros2_aruco_interfaces__rosidl_typesupport_fastrtps_c.so
[5.021s] -- Up-to-date: /home/edwinooi/Desktop/foxy_ws/install/ros2_aruco_interfaces/include/ros2_aruco_interfaces/ros2_aruco_interfaces
[5.022s] -- Up-to-date: /home/edwinooi/Desktop/foxy_ws/install/ros2_aruco_interfaces/include/ros2_aruco_interfaces/ros2_aruco_interfaces/msg
[5.022s] -- Up-to-date: /home/edwinooi/Desktop/foxy_ws/install/ros2_aruco_interfaces/include/ros2_aruco_interfaces/ros2_aruco_interfaces/msg/detail
[5.022s] -- Up-to-date: /home/edwinooi/Desktop/foxy_ws/install/ros2_aruco_interfaces/include/ros2_aruco_interfaces/ros2_aruco_interfaces/msg/detail/aruco_markers__builder.hpp
[5.038s] -- Up-to-date: /home/edwinooi/Desktop/foxy_ws/install/ros2_aruco_interfaces/include/ros2_aruco_interfaces/ros2_aruco_interfaces/msg/detail/aruco_markers_with_rot_matrix__struct.hpp
[5.038s] -- Up-to-date: /home/edwinooi/Desktop/foxy_ws/install/ros2_aruco_interfaces/include/ros2_aruco_interfaces/ros2_aruco_interfaces/msg/detail/aruco_markers_with_rot_matrix__builder.hpp
[5.038s] -- Up-to-date: /home/edwinooi/Desktop/foxy_ws/install/ros2_aruco_interfaces/include/ros2_aruco_interfaces/ros2_aruco_interfaces/msg/detail/aruco_markers__traits.hpp
[5.038s] -- Up-to-date: /home/edwinooi/Desktop/foxy_ws/install/ros2_aruco_interfaces/include/ros2_aruco_interfaces/ros2_aruco_interfaces/msg/detail/aruco_markers__struct.hpp
[5.039s] -- Up-to-date: /home/edwinooi/Desktop/foxy_ws/install/ros2_aruco_interfaces/include/ros2_aruco_interfaces/ros2_aruco_interfaces/msg/detail/aruco_markers_with_rot_matrix__traits.hpp
[5.039s] -- Up-to-date: /home/edwinooi/Desktop/foxy_ws/install/ros2_aruco_interfaces/include/ros2_aruco_interfaces/ros2_aruco_interfaces/msg/aruco_markers.hpp
[5.051s] -- Up-to-date: /home/edwinooi/Desktop/foxy_ws/install/ros2_aruco_interfaces/include/ros2_aruco_interfaces/ros2_aruco_interfaces/msg/aruco_markers_with_rot_matrix.hpp
[5.052s] -- Up-to-date: /home/edwinooi/Desktop/foxy_ws/install/ros2_aruco_interfaces/include/ros2_aruco_interfaces/ros2_aruco_interfaces
[5.052s] -- Up-to-date: /home/edwinooi/Desktop/foxy_ws/install/ros2_aruco_interfaces/include/ros2_aruco_interfaces/ros2_aruco_interfaces/msg
[5.052s] -- Up-to-date: /home/edwinooi/Desktop/foxy_ws/install/ros2_aruco_interfaces/include/ros2_aruco_interfaces/ros2_aruco_interfaces/msg/rosidl_typesupport_fastrtps_cpp__visibility_control.h
[5.052s] -- Up-to-date: /home/edwinooi/Desktop/foxy_ws/install/ros2_aruco_interfaces/include/ros2_aruco_interfaces/ros2_aruco_interfaces/msg/detail
[5.052s] -- Up-to-date: /home/edwinooi/Desktop/foxy_ws/install/ros2_aruco_interfaces/include/ros2_aruco_interfaces/ros2_aruco_interfaces/msg/detail/aruco_markers__rosidl_typesupport_fastrtps_cpp.hpp
[5.052s] -- Up-to-date: /home/edwinooi/Desktop/foxy_ws/install/ros2_aruco_interfaces/include/ros2_aruco_interfaces/ros2_aruco_interfaces/msg/detail/dds_fastrtps
[5.053s] -- Up-to-date: /home/edwinooi/Desktop/foxy_ws/install/ros2_aruco_interfaces/include/ros2_aruco_interfaces/ros2_aruco_interfaces/msg/detail/aruco_markers_with_rot_matrix__rosidl_typesupport_fastrtps_cpp.hpp
[5.053s] -- Up-to-date: /home/edwinooi/Desktop/foxy_ws/install/ros2_aruco_interfaces/lib/libros2_aruco_interfaces__rosidl_typesupport_fastrtps_cpp.so
[5.053s] -- Up-to-date: /home/edwinooi/Desktop/foxy_ws/install/ros2_aruco_interfaces/include/ros2_aruco_interfaces/ros2_aruco_interfaces
[5.053s] -- Up-to-date: /home/edwinooi/Desktop/foxy_ws/install/ros2_aruco_interfaces/include/ros2_aruco_interfaces/ros2_aruco_interfaces/msg
[5.053s] -- Up-to-date: /home/edwinooi/Desktop/foxy_ws/install/ros2_aruco_interfaces/include/ros2_aruco_interfaces/ros2_aruco_interfaces/msg/rosidl_typesupport_introspection_c__visibility_control.h
[5.053s] -- Up-to-date: /home/edwinooi/Desktop/foxy_ws/install/ros2_aruco_interfaces/include/ros2_aruco_interfaces/ros2_aruco_interfaces/msg/detail
[5.054s] -- Up-to-date: /home/edwinooi/Desktop/foxy_ws/install/ros2_aruco_interfaces/include/ros2_aruco_interfaces/ros2_aruco_interfaces/msg/detail/aruco_markers_with_rot_matrix__rosidl_typesupport_introspection_c.h
[5.054s] -- Up-to-date: /home/edwinooi/Desktop/foxy_ws/install/ros2_aruco_interfaces/include/ros2_aruco_interfaces/ros2_aruco_interfaces/msg/detail/aruco_markers__type_support.c
[5.054s] -- Up-to-date: /home/edwinooi/Desktop/foxy_ws/install/ros2_aruco_interfaces/include/ros2_aruco_interfaces/ros2_aruco_interfaces/msg/detail/aruco_markers__rosidl_typesupport_introspection_c.h
[5.054s] -- Up-to-date: /home/edwinooi/Desktop/foxy_ws/install/ros2_aruco_interfaces/include/ros2_aruco_interfaces/ros2_aruco_interfaces/msg/detail/aruco_markers_with_rot_matrix__type_support.c
[5.054s] -- Up-to-date: /home/edwinooi/Desktop/foxy_ws/install/ros2_aruco_interfaces/lib/libros2_aruco_interfaces__rosidl_typesupport_introspection_c.so
[5.054s] -- Up-to-date: /home/edwinooi/Desktop/foxy_ws/install/ros2_aruco_interfaces/lib/libros2_aruco_interfaces__rosidl_typesupport_c.so
[5.054s] -- Up-to-date: /home/edwinooi/Desktop/foxy_ws/install/ros2_aruco_interfaces/include/ros2_aruco_interfaces/ros2_aruco_interfaces
[5.055s] -- Up-to-date: /home/edwinooi/Desktop/foxy_ws/install/ros2_aruco_interfaces/include/ros2_aruco_interfaces/ros2_aruco_interfaces/msg
[5.055s] -- Up-to-date: /home/edwinooi/Desktop/foxy_ws/install/ros2_aruco_interfaces/include/ros2_aruco_interfaces/ros2_aruco_interfaces/msg/detail
[5.055s] -- Up-to-date: /home/edwinooi/Desktop/foxy_ws/install/ros2_aruco_interfaces/include/ros2_aruco_interfaces/ros2_aruco_interfaces/msg/detail/aruco_markers_with_rot_matrix__rosidl_typesupport_introspection_cpp.hpp
[5.055s] -- Up-to-date: /home/edwinooi/Desktop/foxy_ws/install/ros2_aruco_interfaces/include/ros2_aruco_interfaces/ros2_aruco_interfaces/msg/detail/aruco_markers__type_support.cpp
[5.055s] -- Up-to-date: /home/edwinooi/Desktop/foxy_ws/install/ros2_aruco_interfaces/include/ros2_aruco_interfaces/ros2_aruco_interfaces/msg/detail/aruco_markers__rosidl_typesupport_introspection_cpp.hpp
[5.055s] -- Up-to-date: /home/edwinooi/Desktop/foxy_ws/install/ros2_aruco_interfaces/include/ros2_aruco_interfaces/ros2_aruco_interfaces/msg/detail/aruco_markers_with_rot_matrix__type_support.cpp
[5.055s] -- Up-to-date: /home/edwinooi/Desktop/foxy_ws/install/ros2_aruco_interfaces/lib/libros2_aruco_interfaces__rosidl_typesupport_introspection_cpp.so
[5.055s] -- Up-to-date: /home/edwinooi/Desktop/foxy_ws/install/ros2_aruco_interfaces/lib/libros2_aruco_interfaces__rosidl_typesupport_cpp.so
[5.055s] -- Up-to-date: /home/edwinooi/Desktop/foxy_ws/install/ros2_aruco_interfaces/share/ros2_aruco_interfaces/environment/pythonpath.sh
[5.056s] -- Up-to-date: /home/edwinooi/Desktop/foxy_ws/install/ros2_aruco_interfaces/share/ros2_aruco_interfaces/environment/pythonpath.dsv
[5.056s] -- Up-to-date: /home/edwinooi/Desktop/foxy_ws/install/ros2_aruco_interfaces/local/lib/python3.10/dist-packages/ros2_aruco_interfaces-0.1.0-py3.10.egg-info
[5.056s] -- Installing: /home/edwinooi/Desktop/foxy_ws/install/ros2_aruco_interfaces/local/lib/python3.10/dist-packages/ros2_aruco_interfaces-0.1.0-py3.10.egg-info/SOURCES.txt
[5.058s] -- Installing: /home/edwinooi/Desktop/foxy_ws/install/ros2_aruco_interfaces/local/lib/python3.10/dist-packages/ros2_aruco_interfaces-0.1.0-py3.10.egg-info/PKG-INFO
[5.058s] -- Installing: /home/edwinooi/Desktop/foxy_ws/install/ros2_aruco_interfaces/local/lib/python3.10/dist-packages/ros2_aruco_interfaces-0.1.0-py3.10.egg-info/top_level.txt
[5.059s] -- Installing: /home/edwinooi/Desktop/foxy_ws/install/ros2_aruco_interfaces/local/lib/python3.10/dist-packages/ros2_aruco_interfaces-0.1.0-py3.10.egg-info/dependency_links.txt
[5.066s] -- Up-to-date: /home/edwinooi/Desktop/foxy_ws/install/ros2_aruco_interfaces/local/lib/python3.10/dist-packages/ros2_aruco_interfaces
[5.066s] -- Up-to-date: /home/edwinooi/Desktop/foxy_ws/install/ros2_aruco_interfaces/local/lib/python3.10/dist-packages/ros2_aruco_interfaces/libros2_aruco_interfaces__rosidl_generator_py.so
[5.068s] -- Up-to-date: /home/edwinooi/Desktop/foxy_ws/install/ros2_aruco_interfaces/local/lib/python3.10/dist-packages/ros2_aruco_interfaces/_ros2_aruco_interfaces_s.ep.rosidl_typesupport_fastrtps_c.c
[5.068s] -- Up-to-date: /home/edwinooi/Desktop/foxy_ws/install/ros2_aruco_interfaces/local/lib/python3.10/dist-packages/ros2_aruco_interfaces/_ros2_aruco_interfaces_s.ep.rosidl_typesupport_c.c
[5.069s] -- Up-to-date: /home/edwinooi/Desktop/foxy_ws/install/ros2_aruco_interfaces/local/lib/python3.10/dist-packages/ros2_aruco_interfaces/ros2_aruco_interfaces_s__rosidl_typesupport_introspection_c.cpython-310-x86_64-linux-gnu.so
[5.069s] -- Up-to-date: /home/edwinooi/Desktop/foxy_ws/install/ros2_aruco_interfaces/local/lib/python3.10/dist-packages/ros2_aruco_interfaces/__init__.py
[5.069s] -- Up-to-date: /home/edwinooi/Desktop/foxy_ws/install/ros2_aruco_interfaces/local/lib/python3.10/dist-packages/ros2_aruco_interfaces/msg
[5.069s] -- Up-to-date: /home/edwinooi/Desktop/foxy_ws/install/ros2_aruco_interfaces/local/lib/python3.10/dist-packages/ros2_aruco_interfaces/msg/_aruco_markers_with_rot_matrix_s.c
[5.069s] -- Up-to-date: /home/edwinooi/Desktop/foxy_ws/install/ros2_aruco_interfaces/local/lib/python3.10/dist-packages/ros2_aruco_interfaces/msg/_aruco_markers_s.c
[5.070s] -- Up-to-date: /home/edwinooi/Desktop/foxy_ws/install/ros2_aruco_interfaces/local/lib/python3.10/dist-packages/ros2_aruco_interfaces/msg/__init__.py
[5.070s] -- Up-to-date: /home/edwinooi/Desktop/foxy_ws/install/ros2_aruco_interfaces/local/lib/python3.10/dist-packages/ros2_aruco_interfaces/msg/_aruco_markers_with_rot_matrix.py
[5.070s] -- Up-to-date: /home/edwinooi/Desktop/foxy_ws/install/ros2_aruco_interfaces/local/lib/python3.10/dist-packages/ros2_aruco_interfaces/msg/_aruco_markers.py
[5.070s] -- Up-to-date: /home/edwinooi/Desktop/foxy_ws/install/ros2_aruco_interfaces/local/lib/python3.10/dist-packages/ros2_aruco_interfaces/ros2_aruco_interfaces_s__rosidl_typesupport_c.cpython-310-x86_64-linux-gnu.so
[5.070s] -- Up-to-date: /home/edwinooi/Desktop/foxy_ws/install/ros2_aruco_interfaces/local/lib/python3.10/dist-packages/ros2_aruco_interfaces/_ros2_aruco_interfaces_s.ep.rosidl_typesupport_introspection_c.c
[5.071s] -- Up-to-date: /home/edwinooi/Desktop/foxy_ws/install/ros2_aruco_interfaces/local/lib/python3.10/dist-packages/ros2_aruco_interfaces/ros2_aruco_interfaces_s__rosidl_typesupport_fastrtps_c.cpython-310-x86_64-linux-gnu.so
[5.282s] Listing '/home/edwinooi/Desktop/foxy_ws/install/ros2_aruco_interfaces/local/lib/python3.10/dist-packages/ros2_aruco_interfaces'...
[5.282s] Listing '/home/edwinooi/Desktop/foxy_ws/install/ros2_aruco_interfaces/local/lib/python3.10/dist-packages/ros2_aruco_interfaces/msg'...
[5.312s] -- Up-to-date: /home/edwinooi/Desktop/foxy_ws/install/ros2_aruco_interfaces/local/lib/python3.10/dist-packages/ros2_aruco_interfaces/ros2_aruco_interfaces_s__rosidl_typesupport_fastrtps_c.cpython-310-x86_64-linux-gnu.so
[5.317s] -- Up-to-date: /home/edwinooi/Desktop/foxy_ws/install/ros2_aruco_interfaces/local/lib/python3.10/dist-packages/ros2_aruco_interfaces/ros2_aruco_interfaces_s__rosidl_typesupport_introspection_c.cpython-310-x86_64-linux-gnu.so
[5.319s] -- Up-to-date: /home/edwinooi/Desktop/foxy_ws/install/ros2_aruco_interfaces/local/lib/python3.10/dist-packages/ros2_aruco_interfaces/ros2_aruco_interfaces_s__rosidl_typesupport_c.cpython-310-x86_64-linux-gnu.so
[5.320s] -- Up-to-date: /home/edwinooi/Desktop/foxy_ws/install/ros2_aruco_interfaces/lib/libros2_aruco_interfaces__rosidl_generator_py.so
[5.320s] -- Up-to-date: /home/edwinooi/Desktop/foxy_ws/install/ros2_aruco_interfaces/share/ros2_aruco_interfaces/msg/ArucoMarkers.idl
[5.320s] -- Up-to-date: /home/edwinooi/Desktop/foxy_ws/install/ros2_aruco_interfaces/share/ros2_aruco_interfaces/msg/ArucoMarkersWithRotMatrix.idl
[5.321s] -- Up-to-date: /home/edwinooi/Desktop/foxy_ws/install/ros2_aruco_interfaces/share/ros2_aruco_interfaces/msg/ArucoMarkers.msg
[5.321s] -- Up-to-date: /home/edwinooi/Desktop/foxy_ws/install/ros2_aruco_interfaces/share/ros2_aruco_interfaces/msg/ArucoMarkersWithRotMatrix.msg
[5.321s] -- Up-to-date: /home/edwinooi/Desktop/foxy_ws/install/ros2_aruco_interfaces/share/ament_index/resource_index/package_run_dependencies/ros2_aruco_interfaces
[5.321s] -- Up-to-date: /home/edwinooi/Desktop/foxy_ws/install/ros2_aruco_interfaces/share/ament_index/resource_index/parent_prefix_path/ros2_aruco_interfaces
[5.321s] -- Up-to-date: /home/edwinooi/Desktop/foxy_ws/install/ros2_aruco_interfaces/share/ros2_aruco_interfaces/environment/ament_prefix_path.sh
[5.322s] -- Up-to-date: /home/edwinooi/Desktop/foxy_ws/install/ros2_aruco_interfaces/share/ros2_aruco_interfaces/environment/ament_prefix_path.dsv
[5.322s] -- Up-to-date: /home/edwinooi/Desktop/foxy_ws/install/ros2_aruco_interfaces/share/ros2_aruco_interfaces/environment/path.sh
[5.322s] -- Up-to-date: /home/edwinooi/Desktop/foxy_ws/install/ros2_aruco_interfaces/share/ros2_aruco_interfaces/environment/path.dsv
[5.322s] -- Up-to-date: /home/edwinooi/Desktop/foxy_ws/install/ros2_aruco_interfaces/share/ros2_aruco_interfaces/local_setup.bash
[5.322s] -- Up-to-date: /home/edwinooi/Desktop/foxy_ws/install/ros2_aruco_interfaces/share/ros2_aruco_interfaces/local_setup.sh
[5.322s] -- Up-to-date: /home/edwinooi/Desktop/foxy_ws/install/ros2_aruco_interfaces/share/ros2_aruco_interfaces/local_setup.zsh
[5.322s] -- Up-to-date: /home/edwinooi/Desktop/foxy_ws/install/ros2_aruco_interfaces/share/ros2_aruco_interfaces/local_setup.dsv
[5.323s] -- Installing: /home/edwinooi/Desktop/foxy_ws/install/ros2_aruco_interfaces/share/ros2_aruco_interfaces/package.dsv
[5.323s] -- Up-to-date: /home/edwinooi/Desktop/foxy_ws/install/ros2_aruco_interfaces/share/ament_index/resource_index/packages/ros2_aruco_interfaces
[5.323s] -- Up-to-date: /home/edwinooi/Desktop/foxy_ws/install/ros2_aruco_interfaces/share/ros2_aruco_interfaces/cmake/export_ros2_aruco_interfaces__rosidl_generator_cExport.cmake
[5.323s] -- Up-to-date: /home/edwinooi/Desktop/foxy_ws/install/ros2_aruco_interfaces/share/ros2_aruco_interfaces/cmake/export_ros2_aruco_interfaces__rosidl_generator_cExport-noconfig.cmake
[5.330s] -- Up-to-date: /home/edwinooi/Desktop/foxy_ws/install/ros2_aruco_interfaces/share/ros2_aruco_interfaces/cmake/export_ros2_aruco_interfaces__rosidl_typesupport_fastrtps_cExport.cmake
[5.330s] -- Up-to-date: /home/edwinooi/Desktop/foxy_ws/install/ros2_aruco_interfaces/share/ros2_aruco_interfaces/cmake/export_ros2_aruco_interfaces__rosidl_typesupport_fastrtps_cExport-noconfig.cmake
[5.330s] -- Up-to-date: /home/edwinooi/Desktop/foxy_ws/install/ros2_aruco_interfaces/share/ros2_aruco_interfaces/cmake/export_ros2_aruco_interfaces__rosidl_generator_cppExport.cmake
[5.331s] -- Up-to-date: /home/edwinooi/Desktop/foxy_ws/install/ros2_aruco_interfaces/share/ros2_aruco_interfaces/cmake/export_ros2_aruco_interfaces__rosidl_typesupport_fastrtps_cppExport.cmake
[5.331s] -- Up-to-date: /home/edwinooi/Desktop/foxy_ws/install/ros2_aruco_interfaces/share/ros2_aruco_interfaces/cmake/export_ros2_aruco_interfaces__rosidl_typesupport_fastrtps_cppExport-noconfig.cmake
[5.331s] -- Up-to-date: /home/edwinooi/Desktop/foxy_ws/install/ros2_aruco_interfaces/share/ros2_aruco_interfaces/cmake/ros2_aruco_interfaces__rosidl_typesupport_introspection_cExport.cmake
[5.331s] -- Up-to-date: /home/edwinooi/Desktop/foxy_ws/install/ros2_aruco_interfaces/share/ros2_aruco_interfaces/cmake/ros2_aruco_interfaces__rosidl_typesupport_introspection_cExport-noconfig.cmake
[5.331s] -- Up-to-date: /home/edwinooi/Desktop/foxy_ws/install/ros2_aruco_interfaces/share/ros2_aruco_interfaces/cmake/ros2_aruco_interfaces__rosidl_typesupport_cExport.cmake
[5.332s] -- Up-to-date: /home/edwinooi/Desktop/foxy_ws/install/ros2_aruco_interfaces/share/ros2_aruco_interfaces/cmake/ros2_aruco_interfaces__rosidl_typesupport_cExport-noconfig.cmake
[5.332s] -- Up-to-date: /home/edwinooi/Desktop/foxy_ws/install/ros2_aruco_interfaces/share/ros2_aruco_interfaces/cmake/ros2_aruco_interfaces__rosidl_typesupport_introspection_cppExport.cmake
[5.332s] -- Up-to-date: /home/edwinooi/Desktop/foxy_ws/install/ros2_aruco_interfaces/share/ros2_aruco_interfaces/cmake/ros2_aruco_interfaces__rosidl_typesupport_introspection_cppExport-noconfig.cmake
[5.335s] -- Up-to-date: /home/edwinooi/Desktop/foxy_ws/install/ros2_aruco_interfaces/share/ros2_aruco_interfaces/cmake/ros2_aruco_interfaces__rosidl_typesupport_cppExport.cmake
[5.335s] -- Up-to-date: /home/edwinooi/Desktop/foxy_ws/install/ros2_aruco_interfaces/share/ros2_aruco_interfaces/cmake/ros2_aruco_interfaces__rosidl_typesupport_cppExport-noconfig.cmake
[5.336s] -- Up-to-date: /home/edwinooi/Desktop/foxy_ws/install/ros2_aruco_interfaces/share/ros2_aruco_interfaces/cmake/export_ros2_aruco_interfaces__rosidl_generator_pyExport.cmake
[5.336s] -- Up-to-date: /home/edwinooi/Desktop/foxy_ws/install/ros2_aruco_interfaces/share/ros2_aruco_interfaces/cmake/export_ros2_aruco_interfaces__rosidl_generator_pyExport-noconfig.cmake
[5.342s] -- Up-to-date: /home/edwinooi/Desktop/foxy_ws/install/ros2_aruco_interfaces/share/ros2_aruco_interfaces/cmake/rosidl_cmake-extras.cmake
[5.343s] -- Up-to-date: /home/edwinooi/Desktop/foxy_ws/install/ros2_aruco_interfaces/share/ros2_aruco_interfaces/cmake/ament_cmake_export_dependencies-extras.cmake
[5.343s] -- Up-to-date: /home/edwinooi/Desktop/foxy_ws/install/ros2_aruco_interfaces/share/ros2_aruco_interfaces/cmake/ament_cmake_export_include_directories-extras.cmake
[5.343s] -- Up-to-date: /home/edwinooi/Desktop/foxy_ws/install/ros2_aruco_interfaces/share/ros2_aruco_interfaces/cmake/ament_cmake_export_libraries-extras.cmake
[5.343s] -- Up-to-date: /home/edwinooi/Desktop/foxy_ws/install/ros2_aruco_interfaces/share/ros2_aruco_interfaces/cmake/ament_cmake_export_targets-extras.cmake
[5.344s] -- Up-to-date: /home/edwinooi/Desktop/foxy_ws/install/ros2_aruco_interfaces/share/ros2_aruco_interfaces/cmake/rosidl_cmake_export_typesupport_targets-extras.cmake
[5.344s] -- Up-to-date: /home/edwinooi/Desktop/foxy_ws/install/ros2_aruco_interfaces/share/ros2_aruco_interfaces/cmake/rosidl_cmake_export_typesupport_libraries-extras.cmake
[5.344s] -- Up-to-date: /home/edwinooi/Desktop/foxy_ws/install/ros2_aruco_interfaces/share/ros2_aruco_interfaces/cmake/ros2_aruco_interfacesConfig.cmake
[5.344s] -- Up-to-date: /home/edwinooi/Desktop/foxy_ws/install/ros2_aruco_interfaces/share/ros2_aruco_interfaces/cmake/ros2_aruco_interfacesConfig-version.cmake
[5.344s] -- Up-to-date: /home/edwinooi/Desktop/foxy_ws/install/ros2_aruco_interfaces/share/ros2_aruco_interfaces/package.xml
[6.168s] Invoked command in '/home/edwinooi/Desktop/foxy_ws/build/ros2_aruco_interfaces' returned '0': CMAKE_PREFIX_PATH=${CMAKE_PREFIX_PATH}:/home/edwinooi/Desktop/foxy_ws/install/ros2_aruco:/home/edwinooi/Desktop/emanual/install/ros2_aruco:/opt/ros/humble /usr/bin/cmake --install /home/edwinooi/Desktop/foxy_ws/build/ros2_aruco_interfaces
