[0.644s] Invoking command in '/home/edwinooi/Desktop/foxy_ws/build/nav2_util': AMENT_PREFIX_PATH=/home/edwinooi/Desktop/foxy_ws/install/nav2_msgs:/home/edwinooi/Desktop/foxy_ws/install/nav2_common:${AMENT_PREFIX_PATH} CMAKE_PREFIX_PATH=/home/edwinooi/Desktop/foxy_ws/install/nav2_msgs:/home/edwinooi/Desktop/foxy_ws/install/nav2_common:/home/edwinooi/Desktop/emanual/install/turtlebot3_simulations:/home/edwinooi/Desktop/emanual/install/turtlebot3_gazebo:/home/edwinooi/Desktop/emanual/install/turtlebot3_fake_node:/home/edwinooi/Desktop/emanual/install/ros2_aruco_interfaces:/home/edwinooi/Desktop/emanual/install/ros2_aruco:/opt/ros/humble LD_LIBRARY_PATH=/home/edwinooi/Desktop/foxy_ws/install/nav2_msgs/lib:${LD_LIBRARY_PATH} PYTHONPATH=/home/edwinooi/Desktop/foxy_ws/install/nav2_msgs/local/lib/python3.10/dist-packages:/home/edwinooi/Desktop/foxy_ws/install/nav2_common/local/lib/python3.10/dist-packages:${PYTHONPATH} /usr/bin/cmake /home/edwinooi/Desktop/foxy_ws/src/turtlebot3_simulations/navigation2-humble/nav2_util -DCMAKE_INSTALL_PREFIX=/home/edwinooi/Desktop/foxy_ws/install/nav2_util
[0.711s] -- Found ament_cmake: 1.3.8 (/opt/ros/humble/share/ament_cmake/cmake)
[1.138s] -- Found nav2_common: 1.1.15 (/home/edwinooi/Desktop/foxy_ws/install/nav2_common/share/nav2_common/cmake)
[1.139s] -- Found nav2_msgs: 1.1.15 (/home/edwinooi/Desktop/foxy_ws/install/nav2_msgs/share/nav2_msgs/cmake)
[1.194s] -- Found rosidl_generator_c: 3.1.5 (/opt/ros/humble/share/rosidl_generator_c/cmake)
[1.199s] -- Found rosidl_adapter: 3.1.5 (/opt/ros/humble/share/rosidl_adapter/cmake)
[1.214s] -- Found rosidl_generator_cpp: 3.1.5 (/opt/ros/humble/share/rosidl_generator_cpp/cmake)
[1.247s] -- Using all available rosidl_typesupport_c: rosidl_typesupport_fastrtps_c;rosidl_typesupport_introspection_c
[1.286s] -- Using all available rosidl_typesupport_cpp: rosidl_typesupport_fastrtps_cpp;rosidl_typesupport_introspection_cpp
[2.705s] -- Found tf2_ros: 0.25.6 (/opt/ros/humble/share/tf2_ros/cmake)
[2.948s] -- Found rmw_implementation_cmake: 6.1.1 (/opt/ros/humble/share/rmw_implementation_cmake/cmake)
[2.951s] -- Found rmw_fastrtps_cpp: 6.2.6 (/opt/ros/humble/share/rmw_fastrtps_cpp/cmake)
[3.316s] -- Using RMW implementation 'rmw_fastrtps_cpp' as default
[4.279s] -- Found tf2_geometry_msgs: 0.25.6 (/opt/ros/humble/share/tf2_geometry_msgs/cmake)
[4.284s] -- Found eigen3_cmake_module: 0.1.1 (/opt/ros/humble/share/eigen3_cmake_module/cmake)
[4.287s] -- Ensuring Eigen3 include directory is part of orocos-kdl CMake target
[4.310s] -- Found lifecycle_msgs: 1.2.1 (/opt/ros/humble/share/lifecycle_msgs/cmake)
[4.350s] -- Found rclcpp_lifecycle: 16.0.8 (/opt/ros/humble/share/rclcpp_lifecycle/cmake)
[4.396s] -- Found bondcpp: 3.0.2 (/opt/ros/humble/share/bondcpp/cmake)
[4.554s] -- Setting build type to Release as none was specified.
[4.656s] -- Found Boost: /usr/lib/x86_64-linux-gnu/cmake/Boost-1.74.0/BoostConfig.cmake (found version "1.74.0") found components: program_options 
[4.662s] -- Found ament_lint_auto: 0.12.10 (/opt/ros/humble/share/ament_lint_auto/cmake)
[4.668s] -- Found ament_cmake_pytest: 1.3.8 (/opt/ros/humble/share/ament_cmake_pytest/cmake)
[4.674s] -- Found launch_testing_ament_cmake: 1.0.5 (/opt/ros/humble/share/launch_testing_ament_cmake/cmake)
[4.679s] -- Found python_cmake_module: 0.10.0 (/opt/ros/humble/share/python_cmake_module/cmake)
[4.717s] -- Found PythonInterp: /usr/bin/python3 (found suitable version "3.10.12", minimum required is "3.6") 
[4.724s] -- Found PythonLibs: /usr/lib/x86_64-linux-gnu/libpython3.10.so (found suitable version "3.10.12", minimum required is "3.5") 
[4.724s] -- Using PYTHON_EXECUTABLE: /usr/bin/python3
[4.724s] -- Using PYTHON_INCLUDE_DIRS: /usr/include/python3.10
[4.725s] -- Using PYTHON_LIBRARIES: /usr/lib/x86_64-linux-gnu/libpython3.10.so
[4.757s] -- Found PythonExtra: .so  
[5.096s] -- Found gtest sources under '/opt/ros/humble/src/gtest_vendor': C++ tests using 'Google Test' will be built
[5.139s] -- Added test 'copyright' to check source files copyright and LICENSE
[5.144s] -- Added test 'cppcheck' to perform static code analysis on C / C++ code
[5.144s] -- Configured cppcheck include dirs: /home/edwinooi/Desktop/foxy_ws/src/turtlebot3_simulations/navigation2-humble/nav2_util/include
[5.144s] -- Configured cppcheck exclude dirs and/or files: 
[5.149s] -- Added test 'cpplint' to check C / C++ code against the Google style
[5.149s] -- Configured cpplint exclude dirs and/or files: 
[5.151s] -- Added test 'lint_cmake' to check CMake code style
[5.155s] -- Added test 'uncrustify' to check C / C++ code style
[5.155s] -- Configured uncrustify additional arguments: 
[5.156s] -- Added test 'xmllint' to check XML markup files
[5.161s] -- Configuring done
[5.491s] -- Generating done
[5.497s] -- Build files have been written to: /home/edwinooi/Desktop/foxy_ws/build/nav2_util
[5.523s] Invoked command in '/home/edwinooi/Desktop/foxy_ws/build/nav2_util' returned '0': AMENT_PREFIX_PATH=/home/edwinooi/Desktop/foxy_ws/install/nav2_msgs:/home/edwinooi/Desktop/foxy_ws/install/nav2_common:${AMENT_PREFIX_PATH} CMAKE_PREFIX_PATH=/home/edwinooi/Desktop/foxy_ws/install/nav2_msgs:/home/edwinooi/Desktop/foxy_ws/install/nav2_common:/home/edwinooi/Desktop/emanual/install/turtlebot3_simulations:/home/edwinooi/Desktop/emanual/install/turtlebot3_gazebo:/home/edwinooi/Desktop/emanual/install/turtlebot3_fake_node:/home/edwinooi/Desktop/emanual/install/ros2_aruco_interfaces:/home/edwinooi/Desktop/emanual/install/ros2_aruco:/opt/ros/humble LD_LIBRARY_PATH=/home/edwinooi/Desktop/foxy_ws/install/nav2_msgs/lib:${LD_LIBRARY_PATH} PYTHONPATH=/home/edwinooi/Desktop/foxy_ws/install/nav2_msgs/local/lib/python3.10/dist-packages:/home/edwinooi/Desktop/foxy_ws/install/nav2_common/local/lib/python3.10/dist-packages:${PYTHONPATH} /usr/bin/cmake /home/edwinooi/Desktop/foxy_ws/src/turtlebot3_simulations/navigation2-humble/nav2_util -DCMAKE_INSTALL_PREFIX=/home/edwinooi/Desktop/foxy_ws/install/nav2_util
[5.523s] Invoking command in '/home/edwinooi/Desktop/foxy_ws/build/nav2_util': AMENT_PREFIX_PATH=/home/edwinooi/Desktop/foxy_ws/install/nav2_msgs:/home/edwinooi/Desktop/foxy_ws/install/nav2_common:${AMENT_PREFIX_PATH} CMAKE_PREFIX_PATH=/home/edwinooi/Desktop/foxy_ws/install/nav2_msgs:/home/edwinooi/Desktop/foxy_ws/install/nav2_common:/home/edwinooi/Desktop/emanual/install/turtlebot3_simulations:/home/edwinooi/Desktop/emanual/install/turtlebot3_gazebo:/home/edwinooi/Desktop/emanual/install/turtlebot3_fake_node:/home/edwinooi/Desktop/emanual/install/ros2_aruco_interfaces:/home/edwinooi/Desktop/emanual/install/ros2_aruco:/opt/ros/humble LD_LIBRARY_PATH=/home/edwinooi/Desktop/foxy_ws/install/nav2_msgs/lib:${LD_LIBRARY_PATH} PYTHONPATH=/home/edwinooi/Desktop/foxy_ws/install/nav2_msgs/local/lib/python3.10/dist-packages:/home/edwinooi/Desktop/foxy_ws/install/nav2_common/local/lib/python3.10/dist-packages:${PYTHONPATH} /usr/bin/cmake --build /home/edwinooi/Desktop/foxy_ws/build/nav2_util -- -j4 -l4
[5.627s] [  2%] [32mBuilding CXX object src/CMakeFiles/nav2_util_core.dir/costmap.cpp.o[0m
[12.464s] [  5%] [32mBuilding CXX object src/CMakeFiles/nav2_util_core.dir/node_utils.cpp.o[0m
[18.426s] [  7%] [32mBuilding CXX object src/CMakeFiles/nav2_util_core.dir/lifecycle_service_client.cpp.o[0m
[25.256s] [ 10%] [32mBuilding CXX object src/CMakeFiles/nav2_util_core.dir/string_utils.cpp.o[0m
[25.703s] [ 12%] [32mBuilding CXX object src/CMakeFiles/nav2_util_core.dir/lifecycle_utils.cpp.o[0m
[29.427s] [ 15%] [32mBuilding CXX object src/CMakeFiles/nav2_util_core.dir/lifecycle_node.cpp.o[0m
[33.469s] [ 17%] [32mBuilding CXX object src/CMakeFiles/nav2_util_core.dir/robot_utils.cpp.o[0m
[37.542s] [ 20%] [32mBuilding CXX object src/CMakeFiles/nav2_util_core.dir/node_thread.cpp.o[0m
[41.148s] [ 22%] [32mBuilding CXX object src/CMakeFiles/nav2_util_core.dir/odometry_utils.cpp.o[0m
[54.121s] [ 25%] [32m[1mLinking CXX shared library libnav2_util_core.so[0m
[54.489s] [ 25%] Built target nav2_util_core
[54.525s] [ 27%] [32mBuilding CXX object gtest/CMakeFiles/gtest.dir/src/gtest-all.cc.o[0m
[64.293s] [ 30%] [32m[1mLinking CXX static library libgtest.a[0m
[64.358s] [ 30%] Built target gtest
[64.390s] [ 32%] [32mBuilding CXX object src/CMakeFiles/lifecycle_bringup.dir/lifecycle_bringup_commandline.cpp.o[0m
[68.202s] [ 35%] [32m[1mLinking CXX executable lifecycle_bringup[0m
[68.487s] [ 35%] Built target lifecycle_bringup
[68.512s] [ 37%] [32mBuilding CXX object gtest/CMakeFiles/gtest_main.dir/src/gtest_main.cc.o[0m
[69.797s] [ 40%] [32m[1mLinking CXX static library libgtest_main.a[0m
[69.847s] [ 40%] Built target gtest_main
[69.896s] [ 42%] [32mBuilding CXX object test/CMakeFiles/test_execution_timer.dir/test_execution_timer.cpp.o[0m
[69.900s] [ 45%] [32mBuilding CXX object test/CMakeFiles/test_node_utils.dir/test_node_utils.cpp.o[0m
[71.925s] [ 47%] [32mBuilding CXX object test/CMakeFiles/test_string_utils.dir/test_string_utils.cpp.o[0m
[72.602s] [ 50%] [32m[1mLinking CXX executable test_execution_timer[0m
[72.905s] [ 50%] Built target test_execution_timer
[73.950s] [ 52%] [32mBuilding CXX object test/CMakeFiles/test_lifecycle_utils.dir/test_lifecycle_utils.cpp.o[0m
[75.049s] [ 55%] [32mBuilding CXX object test/CMakeFiles/test_service_client.dir/test_service_client.cpp.o[0m
[75.123s] [ 57%] [32m[1mLinking CXX executable test_string_utils[0m
[75.862s] [ 57%] Built target test_string_utils
[76.015s] [ 60%] [32mBuilding CXX object test/CMakeFiles/test_actions.dir/test_actions.cpp.o[0m
[81.399s] [ 62%] [32m[1mLinking CXX executable test_node_utils[0m
[81.962s] [ 62%] Built target test_node_utils
[82.033s] [ 65%] [32mBuilding CXX object test/CMakeFiles/test_lifecycle_node.dir/test_lifecycle_node.cpp.o[0m
[84.187s] [ 67%] [32m[1mLinking CXX executable test_lifecycle_utils[0m
[84.777s] [ 67%] Built target test_lifecycle_utils
[84.840s] [ 70%] [32mBuilding CXX object test/CMakeFiles/test_lifecycle_cli_node.dir/test_lifecycle_cli_node.cpp.o[0m
[92.099s] [ 72%] [32m[1mLinking CXX executable test_lifecycle_node[0m
[92.673s] [ 72%] Built target test_lifecycle_node
[94.139s] [ 75%] [32m[1mLinking CXX executable test_lifecycle_cli_node[0m
[94.601s] [ 75%] Built target test_lifecycle_cli_node
[95.645s] [ 77%] [32mBuilding CXX object test/CMakeFiles/test_odometry_utils.dir/test_odometry_utils.cpp.o[0m
[97.742s] [ 80%] [32mBuilding CXX object test/CMakeFiles/test_geometry_utils.dir/test_geometry_utils.cpp.o[0m
[104.569s] [ 82%] [32m[1mLinking CXX executable test_service_client[0m
[105.195s] [ 82%] Built target test_service_client
[107.102s] [ 85%] [32m[1mLinking CXX executable test_geometry_utils[0m
[107.609s] [ 85%] Built target test_geometry_utils
[109.130s] [ 87%] [32m[1mLinking CXX executable test_odometry_utils[0m
[109.439s] [ 87%] Built target test_odometry_utils
[109.471s] [ 90%] [32mBuilding CXX object test/CMakeFiles/test_validation_messages.dir/test_validation_messages.cpp.o[0m
[111.260s] [ 92%] [32m[1mLinking CXX executable test_actions[0m
[111.757s] [ 92%] Built target test_actions
[111.792s] [ 95%] [32mBuilding CXX object test/CMakeFiles/test_robot_utils.dir/test_robot_utils.cpp.o[0m
[112.597s] [ 97%] [32m[1mLinking CXX executable test_validation_messages[0m
[113.119s] [ 97%] Built target test_validation_messages
[117.154s] [100%] [32m[1mLinking CXX executable test_robot_utils[0m
[117.418s] [100%] Built target test_robot_utils
[117.434s] Invoked command in '/home/edwinooi/Desktop/foxy_ws/build/nav2_util' returned '0': AMENT_PREFIX_PATH=/home/edwinooi/Desktop/foxy_ws/install/nav2_msgs:/home/edwinooi/Desktop/foxy_ws/install/nav2_common:${AMENT_PREFIX_PATH} CMAKE_PREFIX_PATH=/home/edwinooi/Desktop/foxy_ws/install/nav2_msgs:/home/edwinooi/Desktop/foxy_ws/install/nav2_common:/home/edwinooi/Desktop/emanual/install/turtlebot3_simulations:/home/edwinooi/Desktop/emanual/install/turtlebot3_gazebo:/home/edwinooi/Desktop/emanual/install/turtlebot3_fake_node:/home/edwinooi/Desktop/emanual/install/ros2_aruco_interfaces:/home/edwinooi/Desktop/emanual/install/ros2_aruco:/opt/ros/humble LD_LIBRARY_PATH=/home/edwinooi/Desktop/foxy_ws/install/nav2_msgs/lib:${LD_LIBRARY_PATH} PYTHONPATH=/home/edwinooi/Desktop/foxy_ws/install/nav2_msgs/local/lib/python3.10/dist-packages:/home/edwinooi/Desktop/foxy_ws/install/nav2_common/local/lib/python3.10/dist-packages:${PYTHONPATH} /usr/bin/cmake --build /home/edwinooi/Desktop/foxy_ws/build/nav2_util -- -j4 -l4
[117.489s] Invoking command in '/home/edwinooi/Desktop/foxy_ws/build/nav2_util': AMENT_PREFIX_PATH=/home/edwinooi/Desktop/foxy_ws/install/nav2_msgs:/home/edwinooi/Desktop/foxy_ws/install/nav2_common:${AMENT_PREFIX_PATH} CMAKE_PREFIX_PATH=/home/edwinooi/Desktop/foxy_ws/install/nav2_msgs:/home/edwinooi/Desktop/foxy_ws/install/nav2_common:/home/edwinooi/Desktop/emanual/install/turtlebot3_simulations:/home/edwinooi/Desktop/emanual/install/turtlebot3_gazebo:/home/edwinooi/Desktop/emanual/install/turtlebot3_fake_node:/home/edwinooi/Desktop/emanual/install/ros2_aruco_interfaces:/home/edwinooi/Desktop/emanual/install/ros2_aruco:/opt/ros/humble LD_LIBRARY_PATH=/home/edwinooi/Desktop/foxy_ws/install/nav2_msgs/lib:${LD_LIBRARY_PATH} PYTHONPATH=/home/edwinooi/Desktop/foxy_ws/install/nav2_msgs/local/lib/python3.10/dist-packages:/home/edwinooi/Desktop/foxy_ws/install/nav2_common/local/lib/python3.10/dist-packages:${PYTHONPATH} /usr/bin/cmake --install /home/edwinooi/Desktop/foxy_ws/build/nav2_util
[117.500s] -- Install configuration: "Release"
[117.500s] -- Installing: /home/edwinooi/Desktop/foxy_ws/install/nav2_util/include/
[117.500s] -- Installing: /home/edwinooi/Desktop/foxy_ws/install/nav2_util/include//nav2_util
[117.500s] -- Installing: /home/edwinooi/Desktop/foxy_ws/install/nav2_util/include//nav2_util/lifecycle_utils.hpp
[117.500s] -- Installing: /home/edwinooi/Desktop/foxy_ws/install/nav2_util/include//nav2_util/lifecycle_node.hpp
[117.501s] -- Installing: /home/edwinooi/Desktop/foxy_ws/install/nav2_util/include//nav2_util/node_utils.hpp
[117.501s] -- Installing: /home/edwinooi/Desktop/foxy_ws/install/nav2_util/include//nav2_util/node_thread.hpp
[117.501s] -- Installing: /home/edwinooi/Desktop/foxy_ws/install/nav2_util/include//nav2_util/robot_utils.hpp
[117.501s] -- Installing: /home/edwinooi/Desktop/foxy_ws/install/nav2_util/include//nav2_util/odometry_utils.hpp
[117.501s] -- Installing: /home/edwinooi/Desktop/foxy_ws/install/nav2_util/include//nav2_util/string_utils.hpp
[117.501s] -- Installing: /home/edwinooi/Desktop/foxy_ws/install/nav2_util/include//nav2_util/line_iterator.hpp
[117.502s] -- Installing: /home/edwinooi/Desktop/foxy_ws/install/nav2_util/include//nav2_util/execution_timer.hpp
[117.502s] -- Installing: /home/edwinooi/Desktop/foxy_ws/install/nav2_util/include//nav2_util/occ_grid_values.hpp
[117.502s] -- Installing: /home/edwinooi/Desktop/foxy_ws/install/nav2_util/include//nav2_util/service_client.hpp
[117.502s] -- Installing: /home/edwinooi/Desktop/foxy_ws/install/nav2_util/include//nav2_util/geometry_utils.hpp
[117.502s] -- Installing: /home/edwinooi/Desktop/foxy_ws/install/nav2_util/include//nav2_util/validate_messages.hpp
[117.502s] -- Installing: /home/edwinooi/Desktop/foxy_ws/install/nav2_util/include//nav2_util/costmap.hpp
[117.503s] -- Installing: /home/edwinooi/Desktop/foxy_ws/install/nav2_util/include//nav2_util/lifecycle_service_client.hpp
[117.503s] -- Installing: /home/edwinooi/Desktop/foxy_ws/install/nav2_util/include//nav2_util/simple_action_server.hpp
[117.503s] -- Installing: /home/edwinooi/Desktop/foxy_ws/install/nav2_util/include//nav2_util/clear_entirely_costmap_service_client.hpp
[117.503s] -- Installing: /home/edwinooi/Desktop/foxy_ws/install/nav2_util/share/nav2_util/environment/library_path.sh
[117.503s] -- Installing: /home/edwinooi/Desktop/foxy_ws/install/nav2_util/share/nav2_util/environment/library_path.dsv
[117.505s] -- Installing: /home/edwinooi/Desktop/foxy_ws/install/nav2_util/share/ament_index/resource_index/package_run_dependencies/nav2_util
[117.505s] -- Installing: /home/edwinooi/Desktop/foxy_ws/install/nav2_util/share/ament_index/resource_index/parent_prefix_path/nav2_util
[117.505s] -- Installing: /home/edwinooi/Desktop/foxy_ws/install/nav2_util/share/nav2_util/environment/ament_prefix_path.sh
[117.506s] -- Installing: /home/edwinooi/Desktop/foxy_ws/install/nav2_util/share/nav2_util/environment/ament_prefix_path.dsv
[117.506s] -- Installing: /home/edwinooi/Desktop/foxy_ws/install/nav2_util/share/nav2_util/environment/path.sh
[117.506s] -- Installing: /home/edwinooi/Desktop/foxy_ws/install/nav2_util/share/nav2_util/environment/path.dsv
[117.506s] -- Installing: /home/edwinooi/Desktop/foxy_ws/install/nav2_util/share/nav2_util/local_setup.bash
[117.506s] -- Installing: /home/edwinooi/Desktop/foxy_ws/install/nav2_util/share/nav2_util/local_setup.sh
[117.508s] -- Installing: /home/edwinooi/Desktop/foxy_ws/install/nav2_util/share/nav2_util/local_setup.zsh
[117.508s] -- Installing: /home/edwinooi/Desktop/foxy_ws/install/nav2_util/share/nav2_util/local_setup.dsv
[117.508s] -- Installing: /home/edwinooi/Desktop/foxy_ws/install/nav2_util/share/nav2_util/package.dsv
[117.508s] -- Installing: /home/edwinooi/Desktop/foxy_ws/install/nav2_util/share/ament_index/resource_index/packages/nav2_util
[117.508s] -- Installing: /home/edwinooi/Desktop/foxy_ws/install/nav2_util/share/nav2_util/cmake/ament_cmake_export_include_directories-extras.cmake
[117.508s] -- Installing: /home/edwinooi/Desktop/foxy_ws/install/nav2_util/share/nav2_util/cmake/ament_cmake_export_libraries-extras.cmake
[117.509s] -- Installing: /home/edwinooi/Desktop/foxy_ws/install/nav2_util/share/nav2_util/cmake/ament_cmake_export_dependencies-extras.cmake
[117.509s] -- Installing: /home/edwinooi/Desktop/foxy_ws/install/nav2_util/share/nav2_util/cmake/nav2_utilConfig.cmake
[117.509s] -- Installing: /home/edwinooi/Desktop/foxy_ws/install/nav2_util/share/nav2_util/cmake/nav2_utilConfig-version.cmake
[117.509s] -- Installing: /home/edwinooi/Desktop/foxy_ws/install/nav2_util/share/nav2_util/package.xml
[117.509s] -- Installing: /home/edwinooi/Desktop/foxy_ws/install/nav2_util/lib/libnav2_util_core.so
[117.511s] -- Set runtime path of "/home/edwinooi/Desktop/foxy_ws/install/nav2_util/lib/libnav2_util_core.so" to ""
[117.512s] -- Installing: /home/edwinooi/Desktop/foxy_ws/install/nav2_util/lib/nav2_util/lifecycle_bringup
[117.512s] -- Set runtime path of "/home/edwinooi/Desktop/foxy_ws/install/nav2_util/lib/nav2_util/lifecycle_bringup" to ""
[117.517s] Invoked command in '/home/edwinooi/Desktop/foxy_ws/build/nav2_util' returned '0': AMENT_PREFIX_PATH=/home/edwinooi/Desktop/foxy_ws/install/nav2_msgs:/home/edwinooi/Desktop/foxy_ws/install/nav2_common:${AMENT_PREFIX_PATH} CMAKE_PREFIX_PATH=/home/edwinooi/Desktop/foxy_ws/install/nav2_msgs:/home/edwinooi/Desktop/foxy_ws/install/nav2_common:/home/edwinooi/Desktop/emanual/install/turtlebot3_simulations:/home/edwinooi/Desktop/emanual/install/turtlebot3_gazebo:/home/edwinooi/Desktop/emanual/install/turtlebot3_fake_node:/home/edwinooi/Desktop/emanual/install/ros2_aruco_interfaces:/home/edwinooi/Desktop/emanual/install/ros2_aruco:/opt/ros/humble LD_LIBRARY_PATH=/home/edwinooi/Desktop/foxy_ws/install/nav2_msgs/lib:${LD_LIBRARY_PATH} PYTHONPATH=/home/edwinooi/Desktop/foxy_ws/install/nav2_msgs/local/lib/python3.10/dist-packages:/home/edwinooi/Desktop/foxy_ws/install/nav2_common/local/lib/python3.10/dist-packages:${PYTHONPATH} /usr/bin/cmake --install /home/edwinooi/Desktop/foxy_ws/build/nav2_util
