[2.747s] Invoking command in '/home/edwinooi/Desktop/foxy_ws/src/turtlebot3_simulations/navigation2-humble/nav2_simple_commander': AMENT_PREFIX_PATH=/home/edwinooi/Desktop/foxy_ws/install/nav2_msgs:${AMENT_PREFIX_PATH} CMAKE_PREFIX_PATH=/home/edwinooi/Desktop/foxy_ws/install/nav2_msgs:${CMAKE_PREFIX_PATH} LD_LIBRARY_PATH=/home/edwinooi/Desktop/foxy_ws/install/nav2_msgs/lib:${LD_LIBRARY_PATH} PYTHONPATH=/home/edwinooi/Desktop/foxy_ws/build/nav2_simple_commander/prefix_override:/home/edwinooi/Desktop/foxy_ws/install/nav2_simple_commander/lib/python3.10/site-packages:/home/edwinooi/Desktop/foxy_ws/install/nav2_msgs/local/lib/python3.10/dist-packages:${PYTHONPATH} /usr/bin/python3 setup.py egg_info --egg-base ../../../../build/nav2_simple_commander build --build-base /home/edwinooi/Desktop/foxy_ws/build/nav2_simple_commander/build install --record /home/edwinooi/Desktop/foxy_ws/build/nav2_simple_commander/install.log --single-version-externally-managed
[3.400s] running egg_info
[3.408s] writing ../../../../build/nav2_simple_commander/nav2_simple_commander.egg-info/PKG-INFO
[3.409s] writing dependency_links to ../../../../build/nav2_simple_commander/nav2_simple_commander.egg-info/dependency_links.txt
[3.409s] writing entry points to ../../../../build/nav2_simple_commander/nav2_simple_commander.egg-info/entry_points.txt
[3.411s] writing requirements to ../../../../build/nav2_simple_commander/nav2_simple_commander.egg-info/requires.txt
[3.411s] writing top-level names to ../../../../build/nav2_simple_commander/nav2_simple_commander.egg-info/top_level.txt
[3.419s] reading manifest file '../../../../build/nav2_simple_commander/nav2_simple_commander.egg-info/SOURCES.txt'
[3.423s] writing manifest file '../../../../build/nav2_simple_commander/nav2_simple_commander.egg-info/SOURCES.txt'
[3.424s] running build
[3.424s] running build_py
[3.429s] running install
[3.430s] /usr/lib/python3/dist-packages/setuptools/command/install.py:34: SetuptoolsDeprecationWarning: setup.py install is deprecated. Use build and pip and other standards-based tools.
[3.430s]   warnings.warn(
[3.432s] running install_lib
[3.439s] running install_data
[3.441s] running install_egg_info
[3.448s] removing '/home/edwinooi/Desktop/foxy_ws/install/nav2_simple_commander/lib/python3.10/site-packages/nav2_simple_commander-1.0.0-py3.10.egg-info' (and everything under it)
[3.454s] Copying ../../../../build/nav2_simple_commander/nav2_simple_commander.egg-info to /home/edwinooi/Desktop/foxy_ws/install/nav2_simple_commander/lib/python3.10/site-packages/nav2_simple_commander-1.0.0-py3.10.egg-info
[3.457s] running install_scripts
[3.499s] Installing demo_inspection script to /home/edwinooi/Desktop/foxy_ws/install/nav2_simple_commander/lib/nav2_simple_commander
[3.500s] Installing demo_picking script to /home/edwinooi/Desktop/foxy_ws/install/nav2_simple_commander/lib/nav2_simple_commander
[3.500s] Installing demo_recoveries script to /home/edwinooi/Desktop/foxy_ws/install/nav2_simple_commander/lib/nav2_simple_commander
[3.501s] Installing demo_security script to /home/edwinooi/Desktop/foxy_ws/install/nav2_simple_commander/lib/nav2_simple_commander
[3.501s] Installing example_assisted_teleop script to /home/edwinooi/Desktop/foxy_ws/install/nav2_simple_commander/lib/nav2_simple_commander
[3.502s] Installing example_follow_path script to /home/edwinooi/Desktop/foxy_ws/install/nav2_simple_commander/lib/nav2_simple_commander
[3.502s] Installing example_nav_through_poses script to /home/edwinooi/Desktop/foxy_ws/install/nav2_simple_commander/lib/nav2_simple_commander
[3.503s] Installing example_nav_to_pose script to /home/edwinooi/Desktop/foxy_ws/install/nav2_simple_commander/lib/nav2_simple_commander
[3.503s] Installing example_waypoint_follower script to /home/edwinooi/Desktop/foxy_ws/install/nav2_simple_commander/lib/nav2_simple_commander
[3.505s] writing list of installed files to '/home/edwinooi/Desktop/foxy_ws/build/nav2_simple_commander/install.log'
[3.579s] Invoked command in '/home/edwinooi/Desktop/foxy_ws/src/turtlebot3_simulations/navigation2-humble/nav2_simple_commander' returned '0': AMENT_PREFIX_PATH=/home/edwinooi/Desktop/foxy_ws/install/nav2_msgs:${AMENT_PREFIX_PATH} CMAKE_PREFIX_PATH=/home/edwinooi/Desktop/foxy_ws/install/nav2_msgs:${CMAKE_PREFIX_PATH} LD_LIBRARY_PATH=/home/edwinooi/Desktop/foxy_ws/install/nav2_msgs/lib:${LD_LIBRARY_PATH} PYTHONPATH=/home/edwinooi/Desktop/foxy_ws/build/nav2_simple_commander/prefix_override:/home/edwinooi/Desktop/foxy_ws/install/nav2_simple_commander/lib/python3.10/site-packages:/home/edwinooi/Desktop/foxy_ws/install/nav2_msgs/local/lib/python3.10/dist-packages:${PYTHONPATH} /usr/bin/python3 setup.py egg_info --egg-base ../../../../build/nav2_simple_commander build --build-base /home/edwinooi/Desktop/foxy_ws/build/nav2_simple_commander/build install --record /home/edwinooi/Desktop/foxy_ws/build/nav2_simple_commander/install.log --single-version-externally-managed
