[4.952s] Invoking command in '/home/edwinooi/Desktop/foxy_ws/src/turtlebot3_simulations/map_server': PYTHONPATH=/home/edwinooi/Desktop/foxy_ws/build/map_server/prefix_override:/home/edwinooi/Desktop/foxy_ws/install/map_server/lib/python3.10/site-packages:${PYTHONPATH} /usr/bin/python3 setup.py egg_info --egg-base ../../../build/map_server build --build-base /home/edwinooi/Desktop/foxy_ws/build/map_server/build install --record /home/edwinooi/Desktop/foxy_ws/build/map_server/install.log --single-version-externally-managed
[6.910s] running egg_info
[6.914s] writing ../../../build/map_server/map_server.egg-info/PKG-INFO
[6.914s] writing dependency_links to ../../../build/map_server/map_server.egg-info/dependency_links.txt
[6.915s] writing entry points to ../../../build/map_server/map_server.egg-info/entry_points.txt
[6.915s] writing requirements to ../../../build/map_server/map_server.egg-info/requires.txt
[6.915s] writing top-level names to ../../../build/map_server/map_server.egg-info/top_level.txt
[6.936s] reading manifest file '../../../build/map_server/map_server.egg-info/SOURCES.txt'
[6.939s] writing manifest file '../../../build/map_server/map_server.egg-info/SOURCES.txt'
[6.940s] running build
[6.940s] running build_py
[6.940s] running install
[6.940s] /usr/lib/python3/dist-packages/setuptools/command/install.py:34: SetuptoolsDeprecationWarning: setup.py install is deprecated. Use build and pip and other standards-based tools.
[6.940s]   warnings.warn(
[6.941s] running install_lib
[6.964s] running install_data
[6.977s] running install_egg_info
[6.988s] removing '/home/edwinooi/Desktop/foxy_ws/install/map_server/lib/python3.10/site-packages/map_server-0.0.0-py3.10.egg-info' (and everything under it)
[6.995s] Copying ../../../build/map_server/map_server.egg-info to /home/edwinooi/Desktop/foxy_ws/install/map_server/lib/python3.10/site-packages/map_server-0.0.0-py3.10.egg-info
[7.003s] running install_scripts
[7.176s] writing list of installed files to '/home/edwinooi/Desktop/foxy_ws/build/map_server/install.log'
[7.315s] Invoked command in '/home/edwinooi/Desktop/foxy_ws/src/turtlebot3_simulations/map_server' returned '0': PYTHONPATH=/home/edwinooi/Desktop/foxy_ws/build/map_server/prefix_override:/home/edwinooi/Desktop/foxy_ws/install/map_server/lib/python3.10/site-packages:${PYTHONPATH} /usr/bin/python3 setup.py egg_info --egg-base ../../../build/map_server build --build-base /home/edwinooi/Desktop/foxy_ws/build/map_server/build install --record /home/edwinooi/Desktop/foxy_ws/build/map_server/install.log --single-version-externally-managed
