[2.833s] Invoking command in '/home/edwinooi/Desktop/foxy_ws/src/turtlebot3_simulations/ros2_aruco/ros2_aruco': PYTHONPATH=/home/edwinooi/Desktop/foxy_ws/build/ros2_aruco/prefix_override:/home/edwinooi/Desktop/foxy_ws/install/ros2_aruco/lib/python3.10/site-packages:${PYTHONPATH} /usr/bin/python3 setup.py egg_info --egg-base ../../../../build/ros2_aruco build --build-base /home/edwinooi/Desktop/foxy_ws/build/ros2_aruco/build install --record /home/edwinooi/Desktop/foxy_ws/build/ros2_aruco/install.log --single-version-externally-managed
[3.512s] running egg_info
[3.513s] creating ../../../../build/ros2_aruco/ros2_aruco.egg-info
[3.513s] writing ../../../../build/ros2_aruco/ros2_aruco.egg-info/PKG-INFO
[3.513s] writing dependency_links to ../../../../build/ros2_aruco/ros2_aruco.egg-info/dependency_links.txt
[3.513s] writing entry points to ../../../../build/ros2_aruco/ros2_aruco.egg-info/entry_points.txt
[3.513s] writing requirements to ../../../../build/ros2_aruco/ros2_aruco.egg-info/requires.txt
[3.513s] writing top-level names to ../../../../build/ros2_aruco/ros2_aruco.egg-info/top_level.txt
[3.514s] writing manifest file '../../../../build/ros2_aruco/ros2_aruco.egg-info/SOURCES.txt'
[3.514s] reading manifest file '../../../../build/ros2_aruco/ros2_aruco.egg-info/SOURCES.txt'
[3.514s] writing manifest file '../../../../build/ros2_aruco/ros2_aruco.egg-info/SOURCES.txt'
[3.514s] running build
[3.514s] running build_py
[3.514s] creating /home/edwinooi/Desktop/foxy_ws/build/ros2_aruco/build
[3.514s] creating /home/edwinooi/Desktop/foxy_ws/build/ros2_aruco/build/lib
[3.514s] creating /home/edwinooi/Desktop/foxy_ws/build/ros2_aruco/build/lib/ros2_aruco
[3.515s] copying ros2_aruco/__init__.py -> /home/edwinooi/Desktop/foxy_ws/build/ros2_aruco/build/lib/ros2_aruco
[3.515s] copying ros2_aruco/aruco_generate_marker.py -> /home/edwinooi/Desktop/foxy_ws/build/ros2_aruco/build/lib/ros2_aruco
[3.515s] copying ros2_aruco/aruco_node_with_rotmatrix.py -> /home/edwinooi/Desktop/foxy_ws/build/ros2_aruco/build/lib/ros2_aruco
[3.516s] copying ros2_aruco/aruco_node.py -> /home/edwinooi/Desktop/foxy_ws/build/ros2_aruco/build/lib/ros2_aruco
[3.517s] running install
[3.520s] /usr/lib/python3/dist-packages/setuptools/command/install.py:34: SetuptoolsDeprecationWarning: setup.py install is deprecated. Use build and pip and other standards-based tools.
[3.524s]   warnings.warn(
[3.524s] running install_lib
[3.524s] creating /home/edwinooi/Desktop/foxy_ws/install/ros2_aruco/lib/python3.10/site-packages/ros2_aruco
[3.524s] copying /home/edwinooi/Desktop/foxy_ws/build/ros2_aruco/build/lib/ros2_aruco/__init__.py -> /home/edwinooi/Desktop/foxy_ws/install/ros2_aruco/lib/python3.10/site-packages/ros2_aruco
[3.524s] copying /home/edwinooi/Desktop/foxy_ws/build/ros2_aruco/build/lib/ros2_aruco/aruco_generate_marker.py -> /home/edwinooi/Desktop/foxy_ws/install/ros2_aruco/lib/python3.10/site-packages/ros2_aruco
[3.525s] copying /home/edwinooi/Desktop/foxy_ws/build/ros2_aruco/build/lib/ros2_aruco/aruco_node_with_rotmatrix.py -> /home/edwinooi/Desktop/foxy_ws/install/ros2_aruco/lib/python3.10/site-packages/ros2_aruco
[3.525s] copying /home/edwinooi/Desktop/foxy_ws/build/ros2_aruco/build/lib/ros2_aruco/aruco_node.py -> /home/edwinooi/Desktop/foxy_ws/install/ros2_aruco/lib/python3.10/site-packages/ros2_aruco
[3.538s] byte-compiling /home/edwinooi/Desktop/foxy_ws/install/ros2_aruco/lib/python3.10/site-packages/ros2_aruco/__init__.py to __init__.cpython-310.pyc
[3.538s] byte-compiling /home/edwinooi/Desktop/foxy_ws/install/ros2_aruco/lib/python3.10/site-packages/ros2_aruco/aruco_generate_marker.py to aruco_generate_marker.cpython-310.pyc
[3.539s] byte-compiling /home/edwinooi/Desktop/foxy_ws/install/ros2_aruco/lib/python3.10/site-packages/ros2_aruco/aruco_node_with_rotmatrix.py to aruco_node_with_rotmatrix.cpython-310.pyc
[3.553s] byte-compiling /home/edwinooi/Desktop/foxy_ws/install/ros2_aruco/lib/python3.10/site-packages/ros2_aruco/aruco_node.py to aruco_node.cpython-310.pyc
[3.560s] running install_data
[3.561s] creating /home/edwinooi/Desktop/foxy_ws/install/ros2_aruco/share/ament_index
[3.561s] creating /home/edwinooi/Desktop/foxy_ws/install/ros2_aruco/share/ament_index/resource_index
[3.561s] creating /home/edwinooi/Desktop/foxy_ws/install/ros2_aruco/share/ament_index/resource_index/packages
[3.561s] copying resource/ros2_aruco -> /home/edwinooi/Desktop/foxy_ws/install/ros2_aruco/share/ament_index/resource_index/packages
[3.562s] copying package.xml -> /home/edwinooi/Desktop/foxy_ws/install/ros2_aruco/share/ros2_aruco
[3.562s] creating /home/edwinooi/Desktop/foxy_ws/install/ros2_aruco/share/ros2_aruco/launch
[3.562s] copying launch/aruco_recognition.launch.py -> /home/edwinooi/Desktop/foxy_ws/install/ros2_aruco/share/ros2_aruco/launch
[3.565s] copying launch/aruco_recognition_with_rotmatrix.launch.py -> /home/edwinooi/Desktop/foxy_ws/install/ros2_aruco/share/ros2_aruco/launch
[3.565s] creating /home/edwinooi/Desktop/foxy_ws/install/ros2_aruco/share/ros2_aruco/config
[3.565s] copying config/aruco_parameters.yaml -> /home/edwinooi/Desktop/foxy_ws/install/ros2_aruco/share/ros2_aruco/config
[3.569s] copying config/aruco_parameters_new.yaml -> /home/edwinooi/Desktop/foxy_ws/install/ros2_aruco/share/ros2_aruco/config
[3.570s] running install_egg_info
[3.593s] Copying ../../../../build/ros2_aruco/ros2_aruco.egg-info to /home/edwinooi/Desktop/foxy_ws/install/ros2_aruco/lib/python3.10/site-packages/ros2_aruco-0.1.0-py3.10.egg-info
[3.605s] running install_scripts
[3.695s] Installing aruco_generate_marker script to /home/edwinooi/Desktop/foxy_ws/install/ros2_aruco/lib/ros2_aruco
[3.695s] Installing aruco_node script to /home/edwinooi/Desktop/foxy_ws/install/ros2_aruco/lib/ros2_aruco
[3.695s] Installing aruco_node_with_rotmatrix script to /home/edwinooi/Desktop/foxy_ws/install/ros2_aruco/lib/ros2_aruco
[3.696s] writing list of installed files to '/home/edwinooi/Desktop/foxy_ws/build/ros2_aruco/install.log'
[3.781s] Invoked command in '/home/edwinooi/Desktop/foxy_ws/src/turtlebot3_simulations/ros2_aruco/ros2_aruco' returned '0': PYTHONPATH=/home/edwinooi/Desktop/foxy_ws/build/ros2_aruco/prefix_override:/home/edwinooi/Desktop/foxy_ws/install/ros2_aruco/lib/python3.10/site-packages:${PYTHONPATH} /usr/bin/python3 setup.py egg_info --egg-base ../../../../build/ros2_aruco build --build-base /home/edwinooi/Desktop/foxy_ws/build/ros2_aruco/build install --record /home/edwinooi/Desktop/foxy_ws/build/ros2_aruco/install.log --single-version-externally-managed
