[0.252s] Invoking command in '/home/edwinooi/Desktop/foxy_ws/build/nav2_navfn_planner': AMENT_PREFIX_PATH=/home/edwinooi/Desktop/foxy_ws/install/nav2_core:/home/edwinooi/Desktop/foxy_ws/install/nav2_costmap_2d:/home/edwinooi/Desktop/foxy_ws/install/nav2_util:/home/edwinooi/Desktop/foxy_ws/install/nav2_voxel_grid:/home/edwinooi/Desktop/foxy_ws/install/nav2_msgs:/home/edwinooi/Desktop/foxy_ws/install/nav2_common:${AMENT_PREFIX_PATH} CMAKE_PREFIX_PATH=/home/edwinooi/Desktop/foxy_ws/install/nav2_core:/home/edwinooi/Desktop/foxy_ws/install/nav2_costmap_2d:/home/edwinooi/Desktop/foxy_ws/install/nav2_util:/home/edwinooi/Desktop/foxy_ws/install/nav2_voxel_grid:/home/edwinooi/Desktop/foxy_ws/install/nav2_msgs:/home/edwinooi/Desktop/foxy_ws/install/nav2_common:/home/edwinooi/Desktop/emanual/install/turtlebot3_simulations:/home/edwinooi/Desktop/emanual/install/turtlebot3_gazebo:/home/edwinooi/Desktop/emanual/install/turtlebot3_fake_node:/home/edwinooi/Desktop/emanual/install/ros2_aruco_interfaces:/home/edwinooi/Desktop/emanual/install/ros2_aruco:/opt/ros/humble LD_LIBRARY_PATH=/home/edwinooi/Desktop/foxy_ws/install/nav2_costmap_2d/lib:/home/edwinooi/Desktop/foxy_ws/install/nav2_util/lib:/home/edwinooi/Desktop/foxy_ws/install/nav2_voxel_grid/lib:/home/edwinooi/Desktop/foxy_ws/install/nav2_msgs/lib:${LD_LIBRARY_PATH} PYTHONPATH=/home/edwinooi/Desktop/foxy_ws/install/nav2_msgs/local/lib/python3.10/dist-packages:/home/edwinooi/Desktop/foxy_ws/install/nav2_common/local/lib/python3.10/dist-packages:${PYTHONPATH} /usr/bin/cmake /home/edwinooi/Desktop/foxy_ws/src/turtlebot3_simulations/navigation2-humble/nav2_navfn_planner -DCMAKE_INSTALL_PREFIX=/home/edwinooi/Desktop/foxy_ws/install/nav2_navfn_planner
[0.522s] -- The C compiler identification is GNU 11.4.0
[0.824s] -- The CXX compiler identification is GNU 11.4.0
[0.878s] -- Detecting C compiler ABI info
[1.388s] -- Detecting C compiler ABI info - done
[1.423s] -- Check for working C compiler: /usr/bin/cc - skipped
[1.424s] -- Detecting C compile features
[1.425s] -- Detecting C compile features - done
[1.479s] -- Detecting CXX compiler ABI info
[1.822s] -- Detecting CXX compiler ABI info - done
[1.897s] -- Check for working CXX compiler: /usr/bin/c++ - skipped
[1.899s] -- Detecting CXX compile features
[1.901s] -- Detecting CXX compile features - done
[1.913s] -- Found ament_cmake: 1.3.8 (/opt/ros/humble/share/ament_cmake/cmake)
[2.512s] -- Found Python3: /usr/bin/python3 (found version "3.10.12") found components: Interpreter 
[2.782s] -- Found nav2_common: 1.1.15 (/home/edwinooi/Desktop/foxy_ws/install/nav2_common/share/nav2_common/cmake)
[2.788s] -- Found rclcpp: 16.0.8 (/opt/ros/humble/share/rclcpp/cmake)
[2.939s] -- Found rosidl_generator_c: 3.1.5 (/opt/ros/humble/share/rosidl_generator_c/cmake)
[2.957s] -- Found rosidl_adapter: 3.1.5 (/opt/ros/humble/share/rosidl_adapter/cmake)
[2.986s] -- Found rosidl_generator_cpp: 3.1.5 (/opt/ros/humble/share/rosidl_generator_cpp/cmake)
[3.034s] -- Using all available rosidl_typesupport_c: rosidl_typesupport_fastrtps_c;rosidl_typesupport_introspection_c
[3.117s] -- Using all available rosidl_typesupport_cpp: rosidl_typesupport_fastrtps_cpp;rosidl_typesupport_introspection_cpp
[3.365s] -- Found rmw_implementation_cmake: 6.1.1 (/opt/ros/humble/share/rmw_implementation_cmake/cmake)
[3.376s] -- Found rmw_fastrtps_cpp: 6.2.6 (/opt/ros/humble/share/rmw_fastrtps_cpp/cmake)
[3.692s] -- Found OpenSSL: /usr/lib/x86_64-linux-gnu/libcrypto.so (found version "3.0.2")  
[3.764s] -- Found FastRTPS: /opt/ros/humble/include  
[3.938s] -- Using RMW implementation 'rmw_fastrtps_cpp' as default
[3.975s] -- Looking for pthread.h
[4.372s] -- Looking for pthread.h - found
[4.372s] -- Performing Test CMAKE_HAVE_LIBC_PTHREAD
[4.841s] -- Performing Test CMAKE_HAVE_LIBC_PTHREAD - Success
[4.844s] -- Found Threads: TRUE  
[5.901s] -- Found rclcpp_action: 16.0.8 (/opt/ros/humble/share/rclcpp_action/cmake)
[6.376s] -- Found rclcpp_lifecycle: 16.0.8 (/opt/ros/humble/share/rclcpp_lifecycle/cmake)
[6.569s] -- Found visualization_msgs: 4.2.3 (/opt/ros/humble/share/visualization_msgs/cmake)
[7.862s] -- Found nav2_util: 1.1.15 (/home/edwinooi/Desktop/foxy_ws/install/nav2_util/share/nav2_util/cmake)
[10.318s] -- Found eigen3_cmake_module: 0.1.1 (/opt/ros/humble/share/eigen3_cmake_module/cmake)
[10.328s] -- Found Eigen3: TRUE (found version "3.4.0") 
[10.329s] -- Ensuring Eigen3 include directory is part of orocos-kdl CMake target
[11.159s] -- Found nav2_core: 1.1.15 (/home/edwinooi/Desktop/foxy_ws/install/nav2_core/share/nav2_core/cmake)
[15.811s] -- Setting build type to Release as none was specified.
[22.614s] -- Found ament_lint_auto: 0.12.10 (/opt/ros/humble/share/ament_lint_auto/cmake)
[22.622s] -- Found ament_cmake_gtest: 1.3.8 (/opt/ros/humble/share/ament_cmake_gtest/cmake)
[22.967s] -- Found gtest sources under '/opt/ros/humble/src/gtest_vendor': C++ tests using 'Google Test' will be built
[29.823s] -- Added test 'copyright' to check source files copyright and LICENSE
[29.827s] -- Added test 'cppcheck' to perform static code analysis on C / C++ code
[29.833s] -- Configured cppcheck include dirs: /home/edwinooi/Desktop/foxy_ws/src/turtlebot3_simulations/navigation2-humble/nav2_navfn_planner/include
[29.833s] -- Configured cppcheck exclude dirs and/or files: 
[29.834s] -- Added test 'cpplint' to check C / C++ code against the Google style
[29.834s] -- Configured cpplint exclude dirs and/or files: 
[29.834s] -- Added test 'lint_cmake' to check CMake code style
[29.841s] -- Added test 'uncrustify' to check C / C++ code style
[29.841s] -- Configured uncrustify additional arguments: 
[29.841s] -- Added test 'xmllint' to check XML markup files
[29.855s] -- Configuring done
[30.258s] -- Generating done
[30.265s] -- Build files have been written to: /home/edwinooi/Desktop/foxy_ws/build/nav2_navfn_planner
[30.305s] Invoked command in '/home/edwinooi/Desktop/foxy_ws/build/nav2_navfn_planner' returned '0': AMENT_PREFIX_PATH=/home/edwinooi/Desktop/foxy_ws/install/nav2_core:/home/edwinooi/Desktop/foxy_ws/install/nav2_costmap_2d:/home/edwinooi/Desktop/foxy_ws/install/nav2_util:/home/edwinooi/Desktop/foxy_ws/install/nav2_voxel_grid:/home/edwinooi/Desktop/foxy_ws/install/nav2_msgs:/home/edwinooi/Desktop/foxy_ws/install/nav2_common:${AMENT_PREFIX_PATH} CMAKE_PREFIX_PATH=/home/edwinooi/Desktop/foxy_ws/install/nav2_core:/home/edwinooi/Desktop/foxy_ws/install/nav2_costmap_2d:/home/edwinooi/Desktop/foxy_ws/install/nav2_util:/home/edwinooi/Desktop/foxy_ws/install/nav2_voxel_grid:/home/edwinooi/Desktop/foxy_ws/install/nav2_msgs:/home/edwinooi/Desktop/foxy_ws/install/nav2_common:/home/edwinooi/Desktop/emanual/install/turtlebot3_simulations:/home/edwinooi/Desktop/emanual/install/turtlebot3_gazebo:/home/edwinooi/Desktop/emanual/install/turtlebot3_fake_node:/home/edwinooi/Desktop/emanual/install/ros2_aruco_interfaces:/home/edwinooi/Desktop/emanual/install/ros2_aruco:/opt/ros/humble LD_LIBRARY_PATH=/home/edwinooi/Desktop/foxy_ws/install/nav2_costmap_2d/lib:/home/edwinooi/Desktop/foxy_ws/install/nav2_util/lib:/home/edwinooi/Desktop/foxy_ws/install/nav2_voxel_grid/lib:/home/edwinooi/Desktop/foxy_ws/install/nav2_msgs/lib:${LD_LIBRARY_PATH} PYTHONPATH=/home/edwinooi/Desktop/foxy_ws/install/nav2_msgs/local/lib/python3.10/dist-packages:/home/edwinooi/Desktop/foxy_ws/install/nav2_common/local/lib/python3.10/dist-packages:${PYTHONPATH} /usr/bin/cmake /home/edwinooi/Desktop/foxy_ws/src/turtlebot3_simulations/navigation2-humble/nav2_navfn_planner -DCMAKE_INSTALL_PREFIX=/home/edwinooi/Desktop/foxy_ws/install/nav2_navfn_planner
[30.319s] Invoking command in '/home/edwinooi/Desktop/foxy_ws/build/nav2_navfn_planner': AMENT_PREFIX_PATH=/home/edwinooi/Desktop/foxy_ws/install/nav2_core:/home/edwinooi/Desktop/foxy_ws/install/nav2_costmap_2d:/home/edwinooi/Desktop/foxy_ws/install/nav2_util:/home/edwinooi/Desktop/foxy_ws/install/nav2_voxel_grid:/home/edwinooi/Desktop/foxy_ws/install/nav2_msgs:/home/edwinooi/Desktop/foxy_ws/install/nav2_common:${AMENT_PREFIX_PATH} CMAKE_PREFIX_PATH=/home/edwinooi/Desktop/foxy_ws/install/nav2_core:/home/edwinooi/Desktop/foxy_ws/install/nav2_costmap_2d:/home/edwinooi/Desktop/foxy_ws/install/nav2_util:/home/edwinooi/Desktop/foxy_ws/install/nav2_voxel_grid:/home/edwinooi/Desktop/foxy_ws/install/nav2_msgs:/home/edwinooi/Desktop/foxy_ws/install/nav2_common:/home/edwinooi/Desktop/emanual/install/turtlebot3_simulations:/home/edwinooi/Desktop/emanual/install/turtlebot3_gazebo:/home/edwinooi/Desktop/emanual/install/turtlebot3_fake_node:/home/edwinooi/Desktop/emanual/install/ros2_aruco_interfaces:/home/edwinooi/Desktop/emanual/install/ros2_aruco:/opt/ros/humble LD_LIBRARY_PATH=/home/edwinooi/Desktop/foxy_ws/install/nav2_costmap_2d/lib:/home/edwinooi/Desktop/foxy_ws/install/nav2_util/lib:/home/edwinooi/Desktop/foxy_ws/install/nav2_voxel_grid/lib:/home/edwinooi/Desktop/foxy_ws/install/nav2_msgs/lib:${LD_LIBRARY_PATH} PYTHONPATH=/home/edwinooi/Desktop/foxy_ws/install/nav2_msgs/local/lib/python3.10/dist-packages:/home/edwinooi/Desktop/foxy_ws/install/nav2_common/local/lib/python3.10/dist-packages:${PYTHONPATH} /usr/bin/cmake --build /home/edwinooi/Desktop/foxy_ws/build/nav2_navfn_planner -- -j4 -l4
[30.672s] [ 11%] [32mBuilding CXX object CMakeFiles/nav2_navfn_planner.dir/src/navfn_planner.cpp.o[0m
[45.810s] [ 22%] [32mBuilding CXX object CMakeFiles/nav2_navfn_planner.dir/src/navfn.cpp.o[0m
[60.363s] [ 33%] [32m[1mLinking CXX shared library libnav2_navfn_planner.so[0m
[61.951s] [ 33%] Built target nav2_navfn_planner
[62.028s] [ 44%] [32mBuilding CXX object gtest/CMakeFiles/gtest.dir/src/gtest-all.cc.o[0m
[84.350s] [ 55%] [32m[1mLinking CXX static library libgtest.a[0m
[84.482s] [ 55%] Built target gtest
[84.542s] [ 66%] [32mBuilding CXX object gtest/CMakeFiles/gtest_main.dir/src/gtest_main.cc.o[0m
[87.198s] [ 77%] [32m[1mLinking CXX static library libgtest_main.a[0m
[87.287s] [ 77%] Built target gtest_main
[87.343s] [ 88%] [32mBuilding CXX object test/CMakeFiles/test_dynamic_parameters.dir/test_dynamic_parameters.cpp.o[0m
[104.196s] [100%] [32m[1mLinking CXX executable test_dynamic_parameters[0m
[105.685s] [100%] Built target test_dynamic_parameters
[105.734s] Invoked command in '/home/edwinooi/Desktop/foxy_ws/build/nav2_navfn_planner' returned '0': AMENT_PREFIX_PATH=/home/edwinooi/Desktop/foxy_ws/install/nav2_core:/home/edwinooi/Desktop/foxy_ws/install/nav2_costmap_2d:/home/edwinooi/Desktop/foxy_ws/install/nav2_util:/home/edwinooi/Desktop/foxy_ws/install/nav2_voxel_grid:/home/edwinooi/Desktop/foxy_ws/install/nav2_msgs:/home/edwinooi/Desktop/foxy_ws/install/nav2_common:${AMENT_PREFIX_PATH} CMAKE_PREFIX_PATH=/home/edwinooi/Desktop/foxy_ws/install/nav2_core:/home/edwinooi/Desktop/foxy_ws/install/nav2_costmap_2d:/home/edwinooi/Desktop/foxy_ws/install/nav2_util:/home/edwinooi/Desktop/foxy_ws/install/nav2_voxel_grid:/home/edwinooi/Desktop/foxy_ws/install/nav2_msgs:/home/edwinooi/Desktop/foxy_ws/install/nav2_common:/home/edwinooi/Desktop/emanual/install/turtlebot3_simulations:/home/edwinooi/Desktop/emanual/install/turtlebot3_gazebo:/home/edwinooi/Desktop/emanual/install/turtlebot3_fake_node:/home/edwinooi/Desktop/emanual/install/ros2_aruco_interfaces:/home/edwinooi/Desktop/emanual/install/ros2_aruco:/opt/ros/humble LD_LIBRARY_PATH=/home/edwinooi/Desktop/foxy_ws/install/nav2_costmap_2d/lib:/home/edwinooi/Desktop/foxy_ws/install/nav2_util/lib:/home/edwinooi/Desktop/foxy_ws/install/nav2_voxel_grid/lib:/home/edwinooi/Desktop/foxy_ws/install/nav2_msgs/lib:${LD_LIBRARY_PATH} PYTHONPATH=/home/edwinooi/Desktop/foxy_ws/install/nav2_msgs/local/lib/python3.10/dist-packages:/home/edwinooi/Desktop/foxy_ws/install/nav2_common/local/lib/python3.10/dist-packages:${PYTHONPATH} /usr/bin/cmake --build /home/edwinooi/Desktop/foxy_ws/build/nav2_navfn_planner -- -j4 -l4
[105.845s] Invoking command in '/home/edwinooi/Desktop/foxy_ws/build/nav2_navfn_planner': AMENT_PREFIX_PATH=/home/edwinooi/Desktop/foxy_ws/install/nav2_core:/home/edwinooi/Desktop/foxy_ws/install/nav2_costmap_2d:/home/edwinooi/Desktop/foxy_ws/install/nav2_util:/home/edwinooi/Desktop/foxy_ws/install/nav2_voxel_grid:/home/edwinooi/Desktop/foxy_ws/install/nav2_msgs:/home/edwinooi/Desktop/foxy_ws/install/nav2_common:${AMENT_PREFIX_PATH} CMAKE_PREFIX_PATH=/home/edwinooi/Desktop/foxy_ws/install/nav2_core:/home/edwinooi/Desktop/foxy_ws/install/nav2_costmap_2d:/home/edwinooi/Desktop/foxy_ws/install/nav2_util:/home/edwinooi/Desktop/foxy_ws/install/nav2_voxel_grid:/home/edwinooi/Desktop/foxy_ws/install/nav2_msgs:/home/edwinooi/Desktop/foxy_ws/install/nav2_common:/home/edwinooi/Desktop/emanual/install/turtlebot3_simulations:/home/edwinooi/Desktop/emanual/install/turtlebot3_gazebo:/home/edwinooi/Desktop/emanual/install/turtlebot3_fake_node:/home/edwinooi/Desktop/emanual/install/ros2_aruco_interfaces:/home/edwinooi/Desktop/emanual/install/ros2_aruco:/opt/ros/humble LD_LIBRARY_PATH=/home/edwinooi/Desktop/foxy_ws/install/nav2_costmap_2d/lib:/home/edwinooi/Desktop/foxy_ws/install/nav2_util/lib:/home/edwinooi/Desktop/foxy_ws/install/nav2_voxel_grid/lib:/home/edwinooi/Desktop/foxy_ws/install/nav2_msgs/lib:${LD_LIBRARY_PATH} PYTHONPATH=/home/edwinooi/Desktop/foxy_ws/install/nav2_msgs/local/lib/python3.10/dist-packages:/home/edwinooi/Desktop/foxy_ws/install/nav2_common/local/lib/python3.10/dist-packages:${PYTHONPATH} /usr/bin/cmake --install /home/edwinooi/Desktop/foxy_ws/build/nav2_navfn_planner
[105.866s] -- Install configuration: "Release"
[105.868s] -- Installing: /home/edwinooi/Desktop/foxy_ws/install/nav2_navfn_planner/share/nav2_navfn_planner/global_planner_plugin.xml
[105.874s] -- Installing: /home/edwinooi/Desktop/foxy_ws/install/nav2_navfn_planner/lib/libnav2_navfn_planner.so
[105.890s] -- Set runtime path of "/home/edwinooi/Desktop/foxy_ws/install/nav2_navfn_planner/lib/libnav2_navfn_planner.so" to ""
[105.892s] -- Installing: /home/edwinooi/Desktop/foxy_ws/install/nav2_navfn_planner/include/
[105.895s] -- Installing: /home/edwinooi/Desktop/foxy_ws/install/nav2_navfn_planner/include//nav2_navfn_planner
[105.900s] -- Installing: /home/edwinooi/Desktop/foxy_ws/install/nav2_navfn_planner/include//nav2_navfn_planner/navfn.hpp
[105.905s] -- Installing: /home/edwinooi/Desktop/foxy_ws/install/nav2_navfn_planner/include//nav2_navfn_planner/navfn_planner.hpp
[105.909s] -- Up-to-date: /home/edwinooi/Desktop/foxy_ws/install/nav2_navfn_planner/share/nav2_navfn_planner/global_planner_plugin.xml
[105.913s] -- Installing: /home/edwinooi/Desktop/foxy_ws/install/nav2_navfn_planner/share/nav2_navfn_planner/environment/library_path.sh
[105.920s] -- Installing: /home/edwinooi/Desktop/foxy_ws/install/nav2_navfn_planner/share/nav2_navfn_planner/environment/library_path.dsv
[105.926s] -- Installing: /home/edwinooi/Desktop/foxy_ws/install/nav2_navfn_planner/share/ament_index/resource_index/package_run_dependencies/nav2_navfn_planner
[105.932s] -- Installing: /home/edwinooi/Desktop/foxy_ws/install/nav2_navfn_planner/share/ament_index/resource_index/parent_prefix_path/nav2_navfn_planner
[105.937s] -- Installing: /home/edwinooi/Desktop/foxy_ws/install/nav2_navfn_planner/share/nav2_navfn_planner/environment/ament_prefix_path.sh
[105.941s] -- Installing: /home/edwinooi/Desktop/foxy_ws/install/nav2_navfn_planner/share/nav2_navfn_planner/environment/ament_prefix_path.dsv
[105.944s] -- Installing: /home/edwinooi/Desktop/foxy_ws/install/nav2_navfn_planner/share/nav2_navfn_planner/environment/path.sh
[105.947s] -- Installing: /home/edwinooi/Desktop/foxy_ws/install/nav2_navfn_planner/share/nav2_navfn_planner/environment/path.dsv
[105.950s] -- Installing: /home/edwinooi/Desktop/foxy_ws/install/nav2_navfn_planner/share/nav2_navfn_planner/local_setup.bash
[105.953s] -- Installing: /home/edwinooi/Desktop/foxy_ws/install/nav2_navfn_planner/share/nav2_navfn_planner/local_setup.sh
[105.956s] -- Installing: /home/edwinooi/Desktop/foxy_ws/install/nav2_navfn_planner/share/nav2_navfn_planner/local_setup.zsh
[105.959s] -- Installing: /home/edwinooi/Desktop/foxy_ws/install/nav2_navfn_planner/share/nav2_navfn_planner/local_setup.dsv
[105.962s] -- Installing: /home/edwinooi/Desktop/foxy_ws/install/nav2_navfn_planner/share/nav2_navfn_planner/package.dsv
[105.965s] -- Installing: /home/edwinooi/Desktop/foxy_ws/install/nav2_navfn_planner/share/ament_index/resource_index/packages/nav2_navfn_planner
[105.969s] -- Installing: /home/edwinooi/Desktop/foxy_ws/install/nav2_navfn_planner/share/ament_index/resource_index/nav2_core__pluginlib__plugin/nav2_navfn_planner
[105.973s] -- Installing: /home/edwinooi/Desktop/foxy_ws/install/nav2_navfn_planner/share/nav2_navfn_planner/cmake/ament_cmake_export_include_directories-extras.cmake
[105.973s] -- Installing: /home/edwinooi/Desktop/foxy_ws/install/nav2_navfn_planner/share/nav2_navfn_planner/cmake/ament_cmake_export_libraries-extras.cmake
[105.975s] -- Installing: /home/edwinooi/Desktop/foxy_ws/install/nav2_navfn_planner/share/nav2_navfn_planner/cmake/ament_cmake_export_dependencies-extras.cmake
[105.977s] -- Installing: /home/edwinooi/Desktop/foxy_ws/install/nav2_navfn_planner/share/nav2_navfn_planner/cmake/nav2_navfn_plannerConfig.cmake
[105.985s] -- Installing: /home/edwinooi/Desktop/foxy_ws/install/nav2_navfn_planner/share/nav2_navfn_planner/cmake/nav2_navfn_plannerConfig-version.cmake
[105.985s] -- Installing: /home/edwinooi/Desktop/foxy_ws/install/nav2_navfn_planner/share/nav2_navfn_planner/package.xml
[105.993s] Invoked command in '/home/edwinooi/Desktop/foxy_ws/build/nav2_navfn_planner' returned '0': AMENT_PREFIX_PATH=/home/edwinooi/Desktop/foxy_ws/install/nav2_core:/home/edwinooi/Desktop/foxy_ws/install/nav2_costmap_2d:/home/edwinooi/Desktop/foxy_ws/install/nav2_util:/home/edwinooi/Desktop/foxy_ws/install/nav2_voxel_grid:/home/edwinooi/Desktop/foxy_ws/install/nav2_msgs:/home/edwinooi/Desktop/foxy_ws/install/nav2_common:${AMENT_PREFIX_PATH} CMAKE_PREFIX_PATH=/home/edwinooi/Desktop/foxy_ws/install/nav2_core:/home/edwinooi/Desktop/foxy_ws/install/nav2_costmap_2d:/home/edwinooi/Desktop/foxy_ws/install/nav2_util:/home/edwinooi/Desktop/foxy_ws/install/nav2_voxel_grid:/home/edwinooi/Desktop/foxy_ws/install/nav2_msgs:/home/edwinooi/Desktop/foxy_ws/install/nav2_common:/home/edwinooi/Desktop/emanual/install/turtlebot3_simulations:/home/edwinooi/Desktop/emanual/install/turtlebot3_gazebo:/home/edwinooi/Desktop/emanual/install/turtlebot3_fake_node:/home/edwinooi/Desktop/emanual/install/ros2_aruco_interfaces:/home/edwinooi/Desktop/emanual/install/ros2_aruco:/opt/ros/humble LD_LIBRARY_PATH=/home/edwinooi/Desktop/foxy_ws/install/nav2_costmap_2d/lib:/home/edwinooi/Desktop/foxy_ws/install/nav2_util/lib:/home/edwinooi/Desktop/foxy_ws/install/nav2_voxel_grid/lib:/home/edwinooi/Desktop/foxy_ws/install/nav2_msgs/lib:${LD_LIBRARY_PATH} PYTHONPATH=/home/edwinooi/Desktop/foxy_ws/install/nav2_msgs/local/lib/python3.10/dist-packages:/home/edwinooi/Desktop/foxy_ws/install/nav2_common/local/lib/python3.10/dist-packages:${PYTHONPATH} /usr/bin/cmake --install /home/edwinooi/Desktop/foxy_ws/build/nav2_navfn_planner
