[0.390s] Invoking command in '/home/edwinooi/Desktop/foxy_ws/build/nav2_mppi_controller': AMENT_PREFIX_PATH=/home/edwinooi/Desktop/foxy_ws/install/nav2_core:/home/edwinooi/Desktop/foxy_ws/install/nav2_costmap_2d:/home/edwinooi/Desktop/foxy_ws/install/nav2_util:/home/edwinooi/Desktop/foxy_ws/install/nav2_voxel_grid:/home/edwinooi/Desktop/foxy_ws/install/nav2_msgs:/home/edwinooi/Desktop/foxy_ws/install/nav2_common:${AMENT_PREFIX_PATH} CMAKE_PREFIX_PATH=/home/edwinooi/Desktop/foxy_ws/install/nav2_core:/home/edwinooi/Desktop/foxy_ws/install/nav2_costmap_2d:/home/edwinooi/Desktop/foxy_ws/install/nav2_util:/home/edwinooi/Desktop/foxy_ws/install/nav2_voxel_grid:/home/edwinooi/Desktop/foxy_ws/install/nav2_msgs:/home/edwinooi/Desktop/foxy_ws/install/nav2_common:/home/edwinooi/Desktop/emanual/install/turtlebot3_simulations:/home/edwinooi/Desktop/emanual/install/turtlebot3_gazebo:/home/edwinooi/Desktop/emanual/install/turtlebot3_fake_node:/home/edwinooi/Desktop/emanual/install/ros2_aruco_interfaces:/home/edwinooi/Desktop/emanual/install/ros2_aruco:/opt/ros/humble LD_LIBRARY_PATH=/home/edwinooi/Desktop/foxy_ws/install/nav2_costmap_2d/lib:/home/edwinooi/Desktop/foxy_ws/install/nav2_util/lib:/home/edwinooi/Desktop/foxy_ws/install/nav2_voxel_grid/lib:/home/edwinooi/Desktop/foxy_ws/install/nav2_msgs/lib:${LD_LIBRARY_PATH} PYTHONPATH=/home/edwinooi/Desktop/foxy_ws/install/nav2_msgs/local/lib/python3.10/dist-packages:/home/edwinooi/Desktop/foxy_ws/install/nav2_common/local/lib/python3.10/dist-packages:${PYTHONPATH} /usr/bin/cmake /home/edwinooi/Desktop/foxy_ws/src/turtlebot3_simulations/navigation2-humble/nav2_mppi_controller -DCMAKE_INSTALL_PREFIX=/home/edwinooi/Desktop/foxy_ws/install/nav2_mppi_controller
[0.684s] -- The C compiler identification is GNU 11.4.0
[0.851s] -- The CXX compiler identification is GNU 11.4.0
[0.916s] -- Detecting C compiler ABI info
[1.257s] -- Detecting C compiler ABI info - done
[1.275s] -- Check for working C compiler: /usr/bin/cc - skipped
[1.291s] -- Detecting C compile features
[1.293s] -- Detecting C compile features - done
[1.314s] -- Detecting CXX compiler ABI info
[1.797s] -- Detecting CXX compiler ABI info - done
[1.879s] -- Check for working CXX compiler: /usr/bin/c++ - skipped
[1.879s] -- Detecting CXX compile features
[1.879s] -- Detecting CXX compile features - done
[1.891s] -- Found ament_cmake: 1.3.8 (/opt/ros/humble/share/ament_cmake/cmake)
[2.738s] -- Found Python3: /usr/bin/python3 (found version "3.10.12") found components: Interpreter 
[3.423s] -- Performing Test arch_native_supported
[3.847s] -- Performing Test arch_native_supported - Success
[3.898s] -- Found rclcpp: 16.0.8 (/opt/ros/humble/share/rclcpp/cmake)
[4.242s] -- Found rosidl_generator_c: 3.1.5 (/opt/ros/humble/share/rosidl_generator_c/cmake)
[4.293s] -- Found rosidl_adapter: 3.1.5 (/opt/ros/humble/share/rosidl_adapter/cmake)
[4.323s] -- Found rosidl_generator_cpp: 3.1.5 (/opt/ros/humble/share/rosidl_generator_cpp/cmake)
[4.430s] -- Using all available rosidl_typesupport_c: rosidl_typesupport_fastrtps_c;rosidl_typesupport_introspection_c
[4.580s] -- Using all available rosidl_typesupport_cpp: rosidl_typesupport_fastrtps_cpp;rosidl_typesupport_introspection_cpp
[5.083s] -- Found rmw_implementation_cmake: 6.1.1 (/opt/ros/humble/share/rmw_implementation_cmake/cmake)
[5.102s] -- Found rmw_fastrtps_cpp: 6.2.6 (/opt/ros/humble/share/rmw_fastrtps_cpp/cmake)
[5.885s] -- Found OpenSSL: /usr/lib/x86_64-linux-gnu/libcrypto.so (found version "3.0.2")  
[6.055s] -- Found FastRTPS: /opt/ros/humble/include  
[6.325s] -- Using RMW implementation 'rmw_fastrtps_cpp' as default
[6.388s] -- Looking for pthread.h
[6.739s] -- Looking for pthread.h - found
[6.741s] -- Performing Test CMAKE_HAVE_LIBC_PTHREAD
[7.007s] -- Performing Test CMAKE_HAVE_LIBC_PTHREAD - Success
[7.010s] -- Found Threads: TRUE  
[8.168s] -- Found nav2_common: 1.1.15 (/home/edwinooi/Desktop/foxy_ws/install/nav2_common/share/nav2_common/cmake)
[8.174s] -- Found pluginlib: 5.1.0 (/opt/ros/humble/share/pluginlib/cmake)
[8.326s] -- Found tf2: 0.25.6 (/opt/ros/humble/share/tf2/cmake)
[8.599s] -- Found visualization_msgs: 4.2.3 (/opt/ros/humble/share/visualization_msgs/cmake)
[9.452s] -- Found nav_msgs: 4.2.3 (/opt/ros/humble/share/nav_msgs/cmake)
[9.744s] -- Found nav2_core: 1.1.15 (/home/edwinooi/Desktop/foxy_ws/install/nav2_core/share/nav2_core/cmake)
[12.383s] -- Found Eigen3: TRUE (found version "3.4.0") 
[12.384s] -- Ensuring Eigen3 include directory is part of orocos-kdl CMake target
[16.866s] -- Found tf2_eigen: 0.25.6 (/opt/ros/humble/share/tf2_eigen/cmake)
[16.883s] -- Setting build type to Release as none was specified.
[16.887s] -- Performing Test COMPILER_SUPPORTS_AVX512
[17.266s] -- Performing Test COMPILER_SUPPORTS_AVX512 - Success
[17.269s] -- Performing Test COMPILER_SUPPORTS_SSE4
[17.771s] -- Performing Test COMPILER_SUPPORTS_SSE4 - Success
[17.773s] -- Performing Test COMPILER_SUPPORTS_AVX2
[18.276s] -- Performing Test COMPILER_SUPPORTS_AVX2 - Success
[18.278s] -- Performing Test COMPILER_SUPPORTS_FMA
[18.555s] -- Performing Test COMPILER_SUPPORTS_FMA - Success
[32.011s] -- Found ament_lint_auto: 0.12.10 (/opt/ros/humble/share/ament_lint_auto/cmake)
[32.018s] -- Found ament_cmake_gtest: 1.3.8 (/opt/ros/humble/share/ament_cmake_gtest/cmake)
[32.286s] -- Found gtest sources under '/opt/ros/humble/src/gtest_vendor': C++ tests using 'Google Test' will be built
[117.480s] -- Added test 'cppcheck' to perform static code analysis on C / C++ code
[117.483s] -- Configured cppcheck include dirs: /home/edwinooi/Desktop/foxy_ws/src/turtlebot3_simulations/navigation2-humble/nav2_mppi_controller/include
[117.483s] -- Configured cppcheck exclude dirs and/or files: 
[117.495s] -- Added test 'cpplint' to check C / C++ code against the Google style
[117.495s] -- Configured cpplint exclude dirs and/or files: 
[117.502s] -- Added test 'lint_cmake' to check CMake code style
[117.515s] -- Added test 'uncrustify' to check C / C++ code style
[117.515s] -- Configured uncrustify additional arguments: 
[117.519s] -- Added test 'xmllint' to check XML markup files
[117.561s] -- Configuring done
[120.147s] -- Generating done
[120.147s] -- Build files have been written to: /home/edwinooi/Desktop/foxy_ws/build/nav2_mppi_controller
[120.224s] Invoked command in '/home/edwinooi/Desktop/foxy_ws/build/nav2_mppi_controller' returned '0': AMENT_PREFIX_PATH=/home/edwinooi/Desktop/foxy_ws/install/nav2_core:/home/edwinooi/Desktop/foxy_ws/install/nav2_costmap_2d:/home/edwinooi/Desktop/foxy_ws/install/nav2_util:/home/edwinooi/Desktop/foxy_ws/install/nav2_voxel_grid:/home/edwinooi/Desktop/foxy_ws/install/nav2_msgs:/home/edwinooi/Desktop/foxy_ws/install/nav2_common:${AMENT_PREFIX_PATH} CMAKE_PREFIX_PATH=/home/edwinooi/Desktop/foxy_ws/install/nav2_core:/home/edwinooi/Desktop/foxy_ws/install/nav2_costmap_2d:/home/edwinooi/Desktop/foxy_ws/install/nav2_util:/home/edwinooi/Desktop/foxy_ws/install/nav2_voxel_grid:/home/edwinooi/Desktop/foxy_ws/install/nav2_msgs:/home/edwinooi/Desktop/foxy_ws/install/nav2_common:/home/edwinooi/Desktop/emanual/install/turtlebot3_simulations:/home/edwinooi/Desktop/emanual/install/turtlebot3_gazebo:/home/edwinooi/Desktop/emanual/install/turtlebot3_fake_node:/home/edwinooi/Desktop/emanual/install/ros2_aruco_interfaces:/home/edwinooi/Desktop/emanual/install/ros2_aruco:/opt/ros/humble LD_LIBRARY_PATH=/home/edwinooi/Desktop/foxy_ws/install/nav2_costmap_2d/lib:/home/edwinooi/Desktop/foxy_ws/install/nav2_util/lib:/home/edwinooi/Desktop/foxy_ws/install/nav2_voxel_grid/lib:/home/edwinooi/Desktop/foxy_ws/install/nav2_msgs/lib:${LD_LIBRARY_PATH} PYTHONPATH=/home/edwinooi/Desktop/foxy_ws/install/nav2_msgs/local/lib/python3.10/dist-packages:/home/edwinooi/Desktop/foxy_ws/install/nav2_common/local/lib/python3.10/dist-packages:${PYTHONPATH} /usr/bin/cmake /home/edwinooi/Desktop/foxy_ws/src/turtlebot3_simulations/navigation2-humble/nav2_mppi_controller -DCMAKE_INSTALL_PREFIX=/home/edwinooi/Desktop/foxy_ws/install/nav2_mppi_controller
[120.229s] Invoking command in '/home/edwinooi/Desktop/foxy_ws/build/nav2_mppi_controller': AMENT_PREFIX_PATH=/home/edwinooi/Desktop/foxy_ws/install/nav2_core:/home/edwinooi/Desktop/foxy_ws/install/nav2_costmap_2d:/home/edwinooi/Desktop/foxy_ws/install/nav2_util:/home/edwinooi/Desktop/foxy_ws/install/nav2_voxel_grid:/home/edwinooi/Desktop/foxy_ws/install/nav2_msgs:/home/edwinooi/Desktop/foxy_ws/install/nav2_common:${AMENT_PREFIX_PATH} CMAKE_PREFIX_PATH=/home/edwinooi/Desktop/foxy_ws/install/nav2_core:/home/edwinooi/Desktop/foxy_ws/install/nav2_costmap_2d:/home/edwinooi/Desktop/foxy_ws/install/nav2_util:/home/edwinooi/Desktop/foxy_ws/install/nav2_voxel_grid:/home/edwinooi/Desktop/foxy_ws/install/nav2_msgs:/home/edwinooi/Desktop/foxy_ws/install/nav2_common:/home/edwinooi/Desktop/emanual/install/turtlebot3_simulations:/home/edwinooi/Desktop/emanual/install/turtlebot3_gazebo:/home/edwinooi/Desktop/emanual/install/turtlebot3_fake_node:/home/edwinooi/Desktop/emanual/install/ros2_aruco_interfaces:/home/edwinooi/Desktop/emanual/install/ros2_aruco:/opt/ros/humble LD_LIBRARY_PATH=/home/edwinooi/Desktop/foxy_ws/install/nav2_costmap_2d/lib:/home/edwinooi/Desktop/foxy_ws/install/nav2_util/lib:/home/edwinooi/Desktop/foxy_ws/install/nav2_voxel_grid/lib:/home/edwinooi/Desktop/foxy_ws/install/nav2_msgs/lib:${LD_LIBRARY_PATH} PYTHONPATH=/home/edwinooi/Desktop/foxy_ws/install/nav2_msgs/local/lib/python3.10/dist-packages:/home/edwinooi/Desktop/foxy_ws/install/nav2_common/local/lib/python3.10/dist-packages:${PYTHONPATH} /usr/bin/cmake --build /home/edwinooi/Desktop/foxy_ws/build/nav2_mppi_controller -- -j4 -l4
[120.398s] [  2%] [32mBuilding CXX object CMakeFiles/mppi_controller.dir/src/controller.cpp.o[0m
[156.284s] [  4%] [32mBuilding CXX object CMakeFiles/mppi_controller.dir/src/optimizer.cpp.o[0m
[210.348s] [  6%] [32mBuilding CXX object CMakeFiles/mppi_controller.dir/src/critic_manager.cpp.o[0m
[245.108s] [  8%] [32mBuilding CXX object CMakeFiles/mppi_controller.dir/src/trajectory_visualizer.cpp.o[0m
[276.878s] [ 10%] [32mBuilding CXX object CMakeFiles/mppi_controller.dir/src/path_handler.cpp.o[0m
[299.913s] [ 12%] [32mBuilding CXX object CMakeFiles/mppi_controller.dir/src/parameters_handler.cpp.o[0m
[310.161s] [ 14%] [32mBuilding CXX object CMakeFiles/mppi_controller.dir/src/noise_generator.cpp.o[0m
[326.012s] [ 16%] [32m[1mLinking CXX shared library libmppi_controller.so[0m
[327.233s] [ 16%] Built target mppi_controller
[327.397s] [ 18%] [32mBuilding CXX object gtest/CMakeFiles/gtest_main.dir/src/gtest_main.cc.o[0m
[330.247s] [ 20%] [32m[1mLinking CXX static library libgtest_main.a[0m
[330.429s] [ 20%] Built target gtest_main
[330.573s] [ 22%] [32mBuilding CXX object gtest/CMakeFiles/gtest.dir/src/gtest-all.cc.o[0m
[351.597s] [ 24%] [32m[1mLinking CXX static library libgtest.a[0m
[351.719s] [ 24%] Built target gtest
[351.861s] [ 26%] [32mBuilding CXX object CMakeFiles/mppi_critics.dir/src/critics/obstacles_critic.cpp.o[0m
[379.118s] [ 28%] [32mBuilding CXX object CMakeFiles/mppi_critics.dir/src/critics/cost_critic.cpp.o[0m
[405.485s] [ 30%] [32mBuilding CXX object CMakeFiles/mppi_critics.dir/src/critics/goal_critic.cpp.o[0m
[434.126s] [ 32%] [32mBuilding CXX object CMakeFiles/mppi_critics.dir/src/critics/goal_angle_critic.cpp.o[0m
[458.337s] [ 34%] [32mBuilding CXX object CMakeFiles/mppi_critics.dir/src/critics/path_align_critic.cpp.o[0m
[483.319s] [ 36%] [32mBuilding CXX object CMakeFiles/mppi_critics.dir/src/critics/path_align_legacy_critic.cpp.o[0m
[510.116s] [ 38%] [32mBuilding CXX object CMakeFiles/mppi_critics.dir/src/critics/path_follow_critic.cpp.o[0m
[537.600s] [ 40%] [32mBuilding CXX object CMakeFiles/mppi_critics.dir/src/critics/path_angle_critic.cpp.o[0m
[568.925s] [ 42%] [32mBuilding CXX object CMakeFiles/mppi_critics.dir/src/critics/prefer_forward_critic.cpp.o[0m
[593.325s] [ 44%] [32mBuilding CXX object CMakeFiles/mppi_critics.dir/src/critics/twirling_critic.cpp.o[0m
[617.534s] [ 46%] [32mBuilding CXX object CMakeFiles/mppi_critics.dir/src/critics/constraint_critic.cpp.o[0m
[647.595s] [ 48%] [32mBuilding CXX object CMakeFiles/mppi_critics.dir/src/critics/velocity_deadband_critic.cpp.o[0m
[676.080s] [ 51%] [32m[1mLinking CXX shared library libmppi_critics.so[0m
[677.768s] [ 51%] Built target mppi_critics
[677.880s] [ 53%] [32mBuilding CXX object test/CMakeFiles/models_test.dir/models_test.cpp.o[0m
[698.241s] [ 55%] [32m[1mLinking CXX executable models_test[0m
[699.308s] [ 55%] Built target models_test
[699.392s] [ 57%] [32mBuilding CXX object test/CMakeFiles/noise_generator_test.dir/noise_generator_test.cpp.o[0m
[721.442s] [ 59%] [32m[1mLinking CXX executable noise_generator_test[0m
[722.740s] [ 59%] Built target noise_generator_test
[722.893s] [ 61%] [32mBuilding CXX object test/CMakeFiles/parameter_handler_test.dir/parameter_handler_test.cpp.o[0m
[741.666s] [ 63%] [32m[1mLinking CXX executable parameter_handler_test[0m
[743.317s] [ 63%] Built target parameter_handler_test
[743.460s] [ 65%] [32mBuilding CXX object test/CMakeFiles/motion_model_tests.dir/motion_model_tests.cpp.o[0m
[768.794s] [ 67%] [32m[1mLinking CXX executable motion_model_tests[0m
[769.896s] [ 67%] Built target motion_model_tests
[769.961s] [ 69%] [32mBuilding CXX object test/CMakeFiles/trajectory_visualizer_tests.dir/trajectory_visualizer_tests.cpp.o[0m
[824.524s] [ 71%] [32m[1mLinking CXX executable trajectory_visualizer_tests[0m
[825.893s] [ 71%] Built target trajectory_visualizer_tests
[825.954s] [ 73%] [32mBuilding CXX object test/CMakeFiles/utils_test.dir/utils_test.cpp.o[0m
[863.713s] [ 75%] [32m[1mLinking CXX executable utils_test[0m
[864.838s] [ 75%] Built target utils_test
[864.954s] [ 77%] [32mBuilding CXX object test/CMakeFiles/path_handler_test.dir/path_handler_test.cpp.o[0m
[888.467s] [ 79%] [32m[1mLinking CXX executable path_handler_test[0m
[889.736s] [ 79%] Built target path_handler_test
[889.887s] [ 81%] [32mBuilding CXX object test/CMakeFiles/critic_manager_test.dir/critic_manager_test.cpp.o[0m
[928.115s] [ 83%] [32m[1mLinking CXX executable critic_manager_test[0m
[929.732s] [ 83%] Built target critic_manager_test
[929.856s] [ 85%] [32mBuilding CXX object test/CMakeFiles/optimizer_unit_tests.dir/optimizer_unit_tests.cpp.o[0m
[977.026s] [ 87%] [32m[1mLinking CXX executable optimizer_unit_tests[0m
[978.636s] [ 87%] Built target optimizer_unit_tests
[978.793s] [ 89%] [32mBuilding CXX object test/CMakeFiles/critics_tests.dir/critics_tests.cpp.o[0m
[1029.364s] [ 91%] [32m[1mLinking CXX executable critics_tests[0m
[1030.659s] [ 91%] Built target critics_tests
[1030.744s] [ 93%] [32mBuilding CXX object test/CMakeFiles/controller_state_transition_test.dir/controller_state_transition_test.cpp.o[0m
[1072.455s] [ 95%] [32m[1mLinking CXX executable controller_state_transition_test[0m
[1074.493s] [ 95%] Built target controller_state_transition_test
[1074.577s] [ 97%] [32mBuilding CXX object test/CMakeFiles/optimizer_smoke_test.dir/optimizer_smoke_test.cpp.o[0m
[1112.681s] [100%] [32m[1mLinking CXX executable optimizer_smoke_test[0m
[1114.036s] [100%] Built target optimizer_smoke_test
[1114.072s] Invoked command in '/home/edwinooi/Desktop/foxy_ws/build/nav2_mppi_controller' returned '0': AMENT_PREFIX_PATH=/home/edwinooi/Desktop/foxy_ws/install/nav2_core:/home/edwinooi/Desktop/foxy_ws/install/nav2_costmap_2d:/home/edwinooi/Desktop/foxy_ws/install/nav2_util:/home/edwinooi/Desktop/foxy_ws/install/nav2_voxel_grid:/home/edwinooi/Desktop/foxy_ws/install/nav2_msgs:/home/edwinooi/Desktop/foxy_ws/install/nav2_common:${AMENT_PREFIX_PATH} CMAKE_PREFIX_PATH=/home/edwinooi/Desktop/foxy_ws/install/nav2_core:/home/edwinooi/Desktop/foxy_ws/install/nav2_costmap_2d:/home/edwinooi/Desktop/foxy_ws/install/nav2_util:/home/edwinooi/Desktop/foxy_ws/install/nav2_voxel_grid:/home/edwinooi/Desktop/foxy_ws/install/nav2_msgs:/home/edwinooi/Desktop/foxy_ws/install/nav2_common:/home/edwinooi/Desktop/emanual/install/turtlebot3_simulations:/home/edwinooi/Desktop/emanual/install/turtlebot3_gazebo:/home/edwinooi/Desktop/emanual/install/turtlebot3_fake_node:/home/edwinooi/Desktop/emanual/install/ros2_aruco_interfaces:/home/edwinooi/Desktop/emanual/install/ros2_aruco:/opt/ros/humble LD_LIBRARY_PATH=/home/edwinooi/Desktop/foxy_ws/install/nav2_costmap_2d/lib:/home/edwinooi/Desktop/foxy_ws/install/nav2_util/lib:/home/edwinooi/Desktop/foxy_ws/install/nav2_voxel_grid/lib:/home/edwinooi/Desktop/foxy_ws/install/nav2_msgs/lib:${LD_LIBRARY_PATH} PYTHONPATH=/home/edwinooi/Desktop/foxy_ws/install/nav2_msgs/local/lib/python3.10/dist-packages:/home/edwinooi/Desktop/foxy_ws/install/nav2_common/local/lib/python3.10/dist-packages:${PYTHONPATH} /usr/bin/cmake --build /home/edwinooi/Desktop/foxy_ws/build/nav2_mppi_controller -- -j4 -l4
[1114.285s] Invoking command in '/home/edwinooi/Desktop/foxy_ws/build/nav2_mppi_controller': AMENT_PREFIX_PATH=/home/edwinooi/Desktop/foxy_ws/install/nav2_core:/home/edwinooi/Desktop/foxy_ws/install/nav2_costmap_2d:/home/edwinooi/Desktop/foxy_ws/install/nav2_util:/home/edwinooi/Desktop/foxy_ws/install/nav2_voxel_grid:/home/edwinooi/Desktop/foxy_ws/install/nav2_msgs:/home/edwinooi/Desktop/foxy_ws/install/nav2_common:${AMENT_PREFIX_PATH} CMAKE_PREFIX_PATH=/home/edwinooi/Desktop/foxy_ws/install/nav2_core:/home/edwinooi/Desktop/foxy_ws/install/nav2_costmap_2d:/home/edwinooi/Desktop/foxy_ws/install/nav2_util:/home/edwinooi/Desktop/foxy_ws/install/nav2_voxel_grid:/home/edwinooi/Desktop/foxy_ws/install/nav2_msgs:/home/edwinooi/Desktop/foxy_ws/install/nav2_common:/home/edwinooi/Desktop/emanual/install/turtlebot3_simulations:/home/edwinooi/Desktop/emanual/install/turtlebot3_gazebo:/home/edwinooi/Desktop/emanual/install/turtlebot3_fake_node:/home/edwinooi/Desktop/emanual/install/ros2_aruco_interfaces:/home/edwinooi/Desktop/emanual/install/ros2_aruco:/opt/ros/humble LD_LIBRARY_PATH=/home/edwinooi/Desktop/foxy_ws/install/nav2_costmap_2d/lib:/home/edwinooi/Desktop/foxy_ws/install/nav2_util/lib:/home/edwinooi/Desktop/foxy_ws/install/nav2_voxel_grid/lib:/home/edwinooi/Desktop/foxy_ws/install/nav2_msgs/lib:${LD_LIBRARY_PATH} PYTHONPATH=/home/edwinooi/Desktop/foxy_ws/install/nav2_msgs/local/lib/python3.10/dist-packages:/home/edwinooi/Desktop/foxy_ws/install/nav2_common/local/lib/python3.10/dist-packages:${PYTHONPATH} /usr/bin/cmake --install /home/edwinooi/Desktop/foxy_ws/build/nav2_mppi_controller
[1114.305s] -- Install configuration: "Release"
[1114.308s] -- Installing: /home/edwinooi/Desktop/foxy_ws/install/nav2_mppi_controller/lib/libmppi_controller.so
[1114.328s] -- Set runtime path of "/home/edwinooi/Desktop/foxy_ws/install/nav2_mppi_controller/lib/libmppi_controller.so" to ""
[1114.333s] -- Installing: /home/edwinooi/Desktop/foxy_ws/install/nav2_mppi_controller/lib/libmppi_critics.so
[1114.334s] -- Set runtime path of "/home/edwinooi/Desktop/foxy_ws/install/nav2_mppi_controller/lib/libmppi_critics.so" to ""
[1114.335s] -- Installing: /home/edwinooi/Desktop/foxy_ws/install/nav2_mppi_controller/include/
[1114.335s] -- Installing: /home/edwinooi/Desktop/foxy_ws/install/nav2_mppi_controller/include//nav2_mppi_controller
[1114.336s] -- Installing: /home/edwinooi/Desktop/foxy_ws/install/nav2_mppi_controller/include//nav2_mppi_controller/critic_function.hpp
[1114.339s] -- Installing: /home/edwinooi/Desktop/foxy_ws/install/nav2_mppi_controller/include//nav2_mppi_controller/critics
[1114.339s] -- Installing: /home/edwinooi/Desktop/foxy_ws/install/nav2_mppi_controller/include//nav2_mppi_controller/critics/path_align_critic.hpp
[1114.340s] -- Installing: /home/edwinooi/Desktop/foxy_ws/install/nav2_mppi_controller/include//nav2_mppi_controller/critics/path_follow_critic.hpp
[1114.341s] -- Installing: /home/edwinooi/Desktop/foxy_ws/install/nav2_mppi_controller/include//nav2_mppi_controller/critics/prefer_forward_critic.hpp
[1114.341s] -- Installing: /home/edwinooi/Desktop/foxy_ws/install/nav2_mppi_controller/include//nav2_mppi_controller/critics/obstacles_critic.hpp
[1114.342s] -- Installing: /home/edwinooi/Desktop/foxy_ws/install/nav2_mppi_controller/include//nav2_mppi_controller/critics/constraint_critic.hpp
[1114.342s] -- Installing: /home/edwinooi/Desktop/foxy_ws/install/nav2_mppi_controller/include//nav2_mppi_controller/critics/cost_critic.hpp
[1114.343s] -- Installing: /home/edwinooi/Desktop/foxy_ws/install/nav2_mppi_controller/include//nav2_mppi_controller/critics/path_align_legacy_critic.hpp
[1114.344s] -- Installing: /home/edwinooi/Desktop/foxy_ws/install/nav2_mppi_controller/include//nav2_mppi_controller/critics/goal_critic.hpp
[1114.344s] -- Installing: /home/edwinooi/Desktop/foxy_ws/install/nav2_mppi_controller/include//nav2_mppi_controller/critics/path_angle_critic.hpp
[1114.345s] -- Installing: /home/edwinooi/Desktop/foxy_ws/install/nav2_mppi_controller/include//nav2_mppi_controller/critics/twirling_critic.hpp
[1114.346s] -- Installing: /home/edwinooi/Desktop/foxy_ws/install/nav2_mppi_controller/include//nav2_mppi_controller/critics/goal_angle_critic.hpp
[1114.348s] -- Installing: /home/edwinooi/Desktop/foxy_ws/install/nav2_mppi_controller/include//nav2_mppi_controller/critics/velocity_deadband_critic.hpp
[1114.349s] -- Installing: /home/edwinooi/Desktop/foxy_ws/install/nav2_mppi_controller/include//nav2_mppi_controller/models
[1114.350s] -- Installing: /home/edwinooi/Desktop/foxy_ws/install/nav2_mppi_controller/include//nav2_mppi_controller/models/trajectories.hpp
[1114.350s] -- Installing: /home/edwinooi/Desktop/foxy_ws/install/nav2_mppi_controller/include//nav2_mppi_controller/models/constraints.hpp
[1114.351s] -- Installing: /home/edwinooi/Desktop/foxy_ws/install/nav2_mppi_controller/include//nav2_mppi_controller/models/state.hpp
[1114.355s] -- Installing: /home/edwinooi/Desktop/foxy_ws/install/nav2_mppi_controller/include//nav2_mppi_controller/models/path.hpp
[1114.355s] -- Installing: /home/edwinooi/Desktop/foxy_ws/install/nav2_mppi_controller/include//nav2_mppi_controller/models/optimizer_settings.hpp
[1114.356s] -- Installing: /home/edwinooi/Desktop/foxy_ws/install/nav2_mppi_controller/include//nav2_mppi_controller/models/control_sequence.hpp
[1114.357s] -- Installing: /home/edwinooi/Desktop/foxy_ws/install/nav2_mppi_controller/include//nav2_mppi_controller/critic_manager.hpp
[1114.357s] -- Installing: /home/edwinooi/Desktop/foxy_ws/install/nav2_mppi_controller/include//nav2_mppi_controller/controller.hpp
[1114.358s] -- Installing: /home/edwinooi/Desktop/foxy_ws/install/nav2_mppi_controller/include//nav2_mppi_controller/motion_models.hpp
[1114.358s] -- Installing: /home/edwinooi/Desktop/foxy_ws/install/nav2_mppi_controller/include//nav2_mppi_controller/optimizer.hpp
[1114.359s] -- Installing: /home/edwinooi/Desktop/foxy_ws/install/nav2_mppi_controller/include//nav2_mppi_controller/tools
[1114.360s] -- Installing: /home/edwinooi/Desktop/foxy_ws/install/nav2_mppi_controller/include//nav2_mppi_controller/tools/utils.hpp
[1114.360s] -- Installing: /home/edwinooi/Desktop/foxy_ws/install/nav2_mppi_controller/include//nav2_mppi_controller/tools/parameters_handler.hpp
[1114.361s] -- Installing: /home/edwinooi/Desktop/foxy_ws/install/nav2_mppi_controller/include//nav2_mppi_controller/tools/trajectory_visualizer.hpp
[1114.361s] -- Installing: /home/edwinooi/Desktop/foxy_ws/install/nav2_mppi_controller/include//nav2_mppi_controller/tools/noise_generator.hpp
[1114.362s] -- Installing: /home/edwinooi/Desktop/foxy_ws/install/nav2_mppi_controller/include//nav2_mppi_controller/tools/path_handler.hpp
[1114.363s] -- Installing: /home/edwinooi/Desktop/foxy_ws/install/nav2_mppi_controller/include//nav2_mppi_controller/critic_data.hpp
[1114.364s] -- Installing: /home/edwinooi/Desktop/foxy_ws/install/nav2_mppi_controller/share/nav2_mppi_controller/environment/library_path.sh
[1114.364s] -- Installing: /home/edwinooi/Desktop/foxy_ws/install/nav2_mppi_controller/share/nav2_mppi_controller/environment/library_path.dsv
[1114.365s] -- Installing: /home/edwinooi/Desktop/foxy_ws/install/nav2_mppi_controller/share/nav2_mppi_controller/mppic.xml
[1114.376s] -- Installing: /home/edwinooi/Desktop/foxy_ws/install/nav2_mppi_controller/share/nav2_mppi_controller/critics.xml
[1114.378s] -- Installing: /home/edwinooi/Desktop/foxy_ws/install/nav2_mppi_controller/share/ament_index/resource_index/package_run_dependencies/nav2_mppi_controller
[1114.380s] -- Installing: /home/edwinooi/Desktop/foxy_ws/install/nav2_mppi_controller/share/ament_index/resource_index/parent_prefix_path/nav2_mppi_controller
[1114.382s] -- Installing: /home/edwinooi/Desktop/foxy_ws/install/nav2_mppi_controller/share/nav2_mppi_controller/environment/ament_prefix_path.sh
[1114.382s] -- Installing: /home/edwinooi/Desktop/foxy_ws/install/nav2_mppi_controller/share/nav2_mppi_controller/environment/ament_prefix_path.dsv
[1114.384s] -- Installing: /home/edwinooi/Desktop/foxy_ws/install/nav2_mppi_controller/share/nav2_mppi_controller/environment/path.sh
[1114.384s] -- Installing: /home/edwinooi/Desktop/foxy_ws/install/nav2_mppi_controller/share/nav2_mppi_controller/environment/path.dsv
[1114.384s] -- Installing: /home/edwinooi/Desktop/foxy_ws/install/nav2_mppi_controller/share/nav2_mppi_controller/local_setup.bash
[1114.385s] -- Installing: /home/edwinooi/Desktop/foxy_ws/install/nav2_mppi_controller/share/nav2_mppi_controller/local_setup.sh
[1114.385s] -- Installing: /home/edwinooi/Desktop/foxy_ws/install/nav2_mppi_controller/share/nav2_mppi_controller/local_setup.zsh
[1114.385s] -- Installing: /home/edwinooi/Desktop/foxy_ws/install/nav2_mppi_controller/share/nav2_mppi_controller/local_setup.dsv
[1114.385s] -- Installing: /home/edwinooi/Desktop/foxy_ws/install/nav2_mppi_controller/share/nav2_mppi_controller/package.dsv
[1114.385s] -- Installing: /home/edwinooi/Desktop/foxy_ws/install/nav2_mppi_controller/share/ament_index/resource_index/packages/nav2_mppi_controller
[1114.385s] -- Installing: /home/edwinooi/Desktop/foxy_ws/install/nav2_mppi_controller/share/ament_index/resource_index/nav2_core__pluginlib__plugin/nav2_mppi_controller
[1114.385s] -- Installing: /home/edwinooi/Desktop/foxy_ws/install/nav2_mppi_controller/share/ament_index/resource_index/nav2_mppi_controller__pluginlib__plugin/nav2_mppi_controller
[1114.386s] -- Installing: /home/edwinooi/Desktop/foxy_ws/install/nav2_mppi_controller/share/nav2_mppi_controller/cmake/ament_cmake_export_libraries-extras.cmake
[1114.386s] -- Installing: /home/edwinooi/Desktop/foxy_ws/install/nav2_mppi_controller/share/nav2_mppi_controller/cmake/ament_cmake_export_dependencies-extras.cmake
[1114.386s] -- Installing: /home/edwinooi/Desktop/foxy_ws/install/nav2_mppi_controller/share/nav2_mppi_controller/cmake/ament_cmake_export_include_directories-extras.cmake
[1114.386s] -- Installing: /home/edwinooi/Desktop/foxy_ws/install/nav2_mppi_controller/share/nav2_mppi_controller/cmake/nav2_mppi_controllerConfig.cmake
[1114.386s] -- Installing: /home/edwinooi/Desktop/foxy_ws/install/nav2_mppi_controller/share/nav2_mppi_controller/cmake/nav2_mppi_controllerConfig-version.cmake
[1114.392s] -- Installing: /home/edwinooi/Desktop/foxy_ws/install/nav2_mppi_controller/share/nav2_mppi_controller/package.xml
[1114.399s] Invoked command in '/home/edwinooi/Desktop/foxy_ws/build/nav2_mppi_controller' returned '0': AMENT_PREFIX_PATH=/home/edwinooi/Desktop/foxy_ws/install/nav2_core:/home/edwinooi/Desktop/foxy_ws/install/nav2_costmap_2d:/home/edwinooi/Desktop/foxy_ws/install/nav2_util:/home/edwinooi/Desktop/foxy_ws/install/nav2_voxel_grid:/home/edwinooi/Desktop/foxy_ws/install/nav2_msgs:/home/edwinooi/Desktop/foxy_ws/install/nav2_common:${AMENT_PREFIX_PATH} CMAKE_PREFIX_PATH=/home/edwinooi/Desktop/foxy_ws/install/nav2_core:/home/edwinooi/Desktop/foxy_ws/install/nav2_costmap_2d:/home/edwinooi/Desktop/foxy_ws/install/nav2_util:/home/edwinooi/Desktop/foxy_ws/install/nav2_voxel_grid:/home/edwinooi/Desktop/foxy_ws/install/nav2_msgs:/home/edwinooi/Desktop/foxy_ws/install/nav2_common:/home/edwinooi/Desktop/emanual/install/turtlebot3_simulations:/home/edwinooi/Desktop/emanual/install/turtlebot3_gazebo:/home/edwinooi/Desktop/emanual/install/turtlebot3_fake_node:/home/edwinooi/Desktop/emanual/install/ros2_aruco_interfaces:/home/edwinooi/Desktop/emanual/install/ros2_aruco:/opt/ros/humble LD_LIBRARY_PATH=/home/edwinooi/Desktop/foxy_ws/install/nav2_costmap_2d/lib:/home/edwinooi/Desktop/foxy_ws/install/nav2_util/lib:/home/edwinooi/Desktop/foxy_ws/install/nav2_voxel_grid/lib:/home/edwinooi/Desktop/foxy_ws/install/nav2_msgs/lib:${LD_LIBRARY_PATH} PYTHONPATH=/home/edwinooi/Desktop/foxy_ws/install/nav2_msgs/local/lib/python3.10/dist-packages:/home/edwinooi/Desktop/foxy_ws/install/nav2_common/local/lib/python3.10/dist-packages:${PYTHONPATH} /usr/bin/cmake --install /home/edwinooi/Desktop/foxy_ws/build/nav2_mppi_controller
