[3.073s] Invoking command in '/home/edwinooi/Desktop/foxy_ws/src/turtlebot3_simulations/ros2_aruco/ros2_aruco': PYTHONPATH=/home/edwinooi/Desktop/foxy_ws/build/ros2_aruco/prefix_override:/home/edwinooi/Desktop/foxy_ws/install/ros2_aruco/lib/python3.10/site-packages:${PYTHONPATH} /usr/bin/python3 setup.py egg_info --egg-base ../../../../build/ros2_aruco build --build-base /home/edwinooi/Desktop/foxy_ws/build/ros2_aruco/build install --record /home/edwinooi/Desktop/foxy_ws/build/ros2_aruco/install.log --single-version-externally-managed
[4.439s] running egg_info
[4.444s] writing ../../../../build/ros2_aruco/ros2_aruco.egg-info/PKG-INFO
[4.444s] writing dependency_links to ../../../../build/ros2_aruco/ros2_aruco.egg-info/dependency_links.txt
[4.445s] writing entry points to ../../../../build/ros2_aruco/ros2_aruco.egg-info/entry_points.txt
[4.445s] writing requirements to ../../../../build/ros2_aruco/ros2_aruco.egg-info/requires.txt
[4.445s] writing top-level names to ../../../../build/ros2_aruco/ros2_aruco.egg-info/top_level.txt
[4.456s] reading manifest file '../../../../build/ros2_aruco/ros2_aruco.egg-info/SOURCES.txt'
[4.459s] writing manifest file '../../../../build/ros2_aruco/ros2_aruco.egg-info/SOURCES.txt'
[4.462s] running build
[4.463s] running build_py
[4.469s] running install
[4.469s] /usr/lib/python3/dist-packages/setuptools/command/install.py:34: SetuptoolsDeprecationWarning: setup.py install is deprecated. Use build and pip and other standards-based tools.
[4.470s]   warnings.warn(
[4.472s] running install_lib
[4.476s] running install_data
[4.478s] running install_egg_info
[4.482s] removing '/home/edwinooi/Desktop/foxy_ws/install/ros2_aruco/lib/python3.10/site-packages/ros2_aruco-0.1.0-py3.10.egg-info' (and everything under it)
[4.496s] Copying ../../../../build/ros2_aruco/ros2_aruco.egg-info to /home/edwinooi/Desktop/foxy_ws/install/ros2_aruco/lib/python3.10/site-packages/ros2_aruco-0.1.0-py3.10.egg-info
[4.507s] running install_scripts
[4.585s] Installing aruco_generate_marker script to /home/edwinooi/Desktop/foxy_ws/install/ros2_aruco/lib/ros2_aruco
[4.585s] Installing aruco_node script to /home/edwinooi/Desktop/foxy_ws/install/ros2_aruco/lib/ros2_aruco
[4.585s] Installing aruco_node_with_rotmatrix script to /home/edwinooi/Desktop/foxy_ws/install/ros2_aruco/lib/ros2_aruco
[4.586s] writing list of installed files to '/home/edwinooi/Desktop/foxy_ws/build/ros2_aruco/install.log'
[4.652s] Invoked command in '/home/edwinooi/Desktop/foxy_ws/src/turtlebot3_simulations/ros2_aruco/ros2_aruco' returned '0': PYTHONPATH=/home/edwinooi/Desktop/foxy_ws/build/ros2_aruco/prefix_override:/home/edwinooi/Desktop/foxy_ws/install/ros2_aruco/lib/python3.10/site-packages:${PYTHONPATH} /usr/bin/python3 setup.py egg_info --egg-base ../../../../build/ros2_aruco build --build-base /home/edwinooi/Desktop/foxy_ws/build/ros2_aruco/build install --record /home/edwinooi/Desktop/foxy_ws/build/ros2_aruco/install.log --single-version-externally-managed
