[1.425s] DEBUG:colcon:Command line arguments: ['/usr/bin/colcon', 'build', '--packages-select', 'ros2_aruco']
[1.425s] DEBUG:colcon:Parsed command line arguments: Namespace(log_base=None, log_level=None, verb_name='build', build_base='build', install_base='install', merge_install=False, symlink_install=False, test_result_base=None, continue_on_error=False, executor='parallel', parallel_workers=4, event_handlers=None, ignore_user_meta=False, metas=['./colcon.meta'], base_paths=['.'], packages_ignore=None, packages_ignore_regex=None, paths=None, packages_up_to=None, packages_up_to_regex=None, packages_above=None, packages_above_and_dependencies=None, packages_above_depth=None, packages_select_by_dep=None, packages_skip_by_dep=None, packages_skip_up_to=None, packages_select_build_failed=False, packages_skip_build_finished=False, packages_select_test_failures=False, packages_skip_test_passed=False, packages_select=['ros2_aruco'], packages_skip=None, packages_select_regex=None, packages_skip_regex=None, packages_start=None, packages_end=None, allow_overriding=[], cmake_args=None, cmake_target=None, cmake_target_skip_unavailable=False, cmake_clean_cache=False, cmake_clean_first=False, cmake_force_configure=False, ament_cmake_args=None, catkin_cmake_args=None, catkin_skip_building_tests=False, verb_parser=<colcon_defaults.argument_parser.defaults.DefaultArgumentsDecorator object at 0x717ffc354a60>, verb_extension=<colcon_core.verb.build.BuildVerb object at 0x717ffc686ce0>, main=<bound method BuildVerb.main of <colcon_core.verb.build.BuildVerb object at 0x717ffc686ce0>>)
[1.498s] Level 1:colcon.colcon_core.package_discovery:discover_packages(colcon_meta) check parameters
[1.498s] Level 1:colcon.colcon_core.package_discovery:discover_packages(recursive) check parameters
[1.498s] Level 1:colcon.colcon_core.package_discovery:discover_packages(ignore) check parameters
[1.498s] Level 1:colcon.colcon_core.package_discovery:discover_packages(path) check parameters
[1.498s] Level 1:colcon.colcon_core.package_discovery:discover_packages(colcon_meta) discover
[1.498s] Level 1:colcon.colcon_core.package_discovery:discover_packages(recursive) discover
[1.498s] INFO:colcon.colcon_core.package_discovery:Crawling recursively for packages in '/home/edwinooi/Desktop/foxy_ws'
[1.499s] Level 1:colcon.colcon_core.package_identification:_identify(.) by extensions ['ignore', 'ignore_ament_install']
[1.499s] Level 1:colcon.colcon_core.package_identification:_identify(.) by extension 'ignore'
[1.499s] Level 1:colcon.colcon_core.package_identification:_identify(.) by extension 'ignore_ament_install'
[1.499s] Level 1:colcon.colcon_core.package_identification:_identify(.) by extensions ['colcon_pkg']
[1.499s] Level 1:colcon.colcon_core.package_identification:_identify(.) by extension 'colcon_pkg'
[1.499s] Level 1:colcon.colcon_core.package_identification:_identify(.) by extensions ['colcon_meta']
[1.499s] Level 1:colcon.colcon_core.package_identification:_identify(.) by extension 'colcon_meta'
[1.499s] Level 1:colcon.colcon_core.package_identification:_identify(.) by extensions ['ros']
[1.499s] Level 1:colcon.colcon_core.package_identification:_identify(.) by extension 'ros'
[1.515s] Level 1:colcon.colcon_core.package_identification:_identify(.) by extensions ['cmake', 'python']
[1.515s] Level 1:colcon.colcon_core.package_identification:_identify(.) by extension 'cmake'
[1.515s] Level 1:colcon.colcon_core.package_identification:_identify(.) by extension 'python'
[1.515s] Level 1:colcon.colcon_core.package_identification:_identify(.) by extensions ['python_setup_py']
[1.515s] Level 1:colcon.colcon_core.package_identification:_identify(.) by extension 'python_setup_py'
[1.516s] Level 1:colcon.colcon_core.package_identification:_identify(build) by extensions ['ignore', 'ignore_ament_install']
[1.516s] Level 1:colcon.colcon_core.package_identification:_identify(build) by extension 'ignore'
[1.516s] Level 1:colcon.colcon_core.package_identification:_identify(build) ignored
[1.516s] Level 1:colcon.colcon_core.package_identification:_identify(install) by extensions ['ignore', 'ignore_ament_install']
[1.516s] Level 1:colcon.colcon_core.package_identification:_identify(install) by extension 'ignore'
[1.516s] Level 1:colcon.colcon_core.package_identification:_identify(install) ignored
[1.516s] Level 1:colcon.colcon_core.package_identification:_identify(log) by extensions ['ignore', 'ignore_ament_install']
[1.516s] Level 1:colcon.colcon_core.package_identification:_identify(log) by extension 'ignore'
[1.516s] Level 1:colcon.colcon_core.package_identification:_identify(log) ignored
[1.516s] Level 1:colcon.colcon_core.package_identification:_identify(src) by extensions ['ignore', 'ignore_ament_install']
[1.517s] Level 1:colcon.colcon_core.package_identification:_identify(src) by extension 'ignore'
[1.517s] Level 1:colcon.colcon_core.package_identification:_identify(src) by extension 'ignore_ament_install'
[1.517s] Level 1:colcon.colcon_core.package_identification:_identify(src) by extensions ['colcon_pkg']
[1.517s] Level 1:colcon.colcon_core.package_identification:_identify(src) by extension 'colcon_pkg'
[1.517s] Level 1:colcon.colcon_core.package_identification:_identify(src) by extensions ['colcon_meta']
[1.517s] Level 1:colcon.colcon_core.package_identification:_identify(src) by extension 'colcon_meta'
[1.517s] Level 1:colcon.colcon_core.package_identification:_identify(src) by extensions ['ros']
[1.517s] Level 1:colcon.colcon_core.package_identification:_identify(src) by extension 'ros'
[1.517s] Level 1:colcon.colcon_core.package_identification:_identify(src) by extensions ['cmake', 'python']
[1.517s] Level 1:colcon.colcon_core.package_identification:_identify(src) by extension 'cmake'
[1.517s] Level 1:colcon.colcon_core.package_identification:_identify(src) by extension 'python'
[1.517s] Level 1:colcon.colcon_core.package_identification:_identify(src) by extensions ['python_setup_py']
[1.517s] Level 1:colcon.colcon_core.package_identification:_identify(src) by extension 'python_setup_py'
[1.517s] Level 1:colcon.colcon_core.package_identification:_identify(src/turtlebot3_simulations) by extensions ['ignore', 'ignore_ament_install']
[1.517s] Level 1:colcon.colcon_core.package_identification:_identify(src/turtlebot3_simulations) by extension 'ignore'
[1.518s] Level 1:colcon.colcon_core.package_identification:_identify(src/turtlebot3_simulations) by extension 'ignore_ament_install'
[1.518s] Level 1:colcon.colcon_core.package_identification:_identify(src/turtlebot3_simulations) by extensions ['colcon_pkg']
[1.518s] Level 1:colcon.colcon_core.package_identification:_identify(src/turtlebot3_simulations) by extension 'colcon_pkg'
[1.518s] Level 1:colcon.colcon_core.package_identification:_identify(src/turtlebot3_simulations) by extensions ['colcon_meta']
[1.518s] Level 1:colcon.colcon_core.package_identification:_identify(src/turtlebot3_simulations) by extension 'colcon_meta'
[1.518s] Level 1:colcon.colcon_core.package_identification:_identify(src/turtlebot3_simulations) by extensions ['ros']
[1.518s] Level 1:colcon.colcon_core.package_identification:_identify(src/turtlebot3_simulations) by extension 'ros'
[1.518s] Level 1:colcon.colcon_core.package_identification:_identify(src/turtlebot3_simulations) by extensions ['cmake', 'python']
[1.518s] Level 1:colcon.colcon_core.package_identification:_identify(src/turtlebot3_simulations) by extension 'cmake'
[1.518s] Level 1:colcon.colcon_core.package_identification:_identify(src/turtlebot3_simulations) by extension 'python'
[1.518s] Level 1:colcon.colcon_core.package_identification:_identify(src/turtlebot3_simulations) by extensions ['python_setup_py']
[1.518s] Level 1:colcon.colcon_core.package_identification:_identify(src/turtlebot3_simulations) by extension 'python_setup_py'
[1.518s] Level 1:colcon.colcon_core.package_identification:_identify(src/turtlebot3_simulations/realsense-ros-4.51.1) by extensions ['ignore', 'ignore_ament_install']
[1.518s] Level 1:colcon.colcon_core.package_identification:_identify(src/turtlebot3_simulations/realsense-ros-4.51.1) by extension 'ignore'
[1.518s] Level 1:colcon.colcon_core.package_identification:_identify(src/turtlebot3_simulations/realsense-ros-4.51.1) by extension 'ignore_ament_install'
[1.518s] Level 1:colcon.colcon_core.package_identification:_identify(src/turtlebot3_simulations/realsense-ros-4.51.1) by extensions ['colcon_pkg']
[1.518s] Level 1:colcon.colcon_core.package_identification:_identify(src/turtlebot3_simulations/realsense-ros-4.51.1) by extension 'colcon_pkg'
[1.519s] Level 1:colcon.colcon_core.package_identification:_identify(src/turtlebot3_simulations/realsense-ros-4.51.1) by extensions ['colcon_meta']
[1.519s] Level 1:colcon.colcon_core.package_identification:_identify(src/turtlebot3_simulations/realsense-ros-4.51.1) by extension 'colcon_meta'
[1.519s] Level 1:colcon.colcon_core.package_identification:_identify(src/turtlebot3_simulations/realsense-ros-4.51.1) by extensions ['ros']
[1.519s] Level 1:colcon.colcon_core.package_identification:_identify(src/turtlebot3_simulations/realsense-ros-4.51.1) by extension 'ros'
[1.519s] Level 1:colcon.colcon_core.package_identification:_identify(src/turtlebot3_simulations/realsense-ros-4.51.1) by extensions ['cmake', 'python']
[1.519s] Level 1:colcon.colcon_core.package_identification:_identify(src/turtlebot3_simulations/realsense-ros-4.51.1) by extension 'cmake'
[1.519s] Level 1:colcon.colcon_core.package_identification:_identify(src/turtlebot3_simulations/realsense-ros-4.51.1) by extension 'python'
[1.519s] Level 1:colcon.colcon_core.package_identification:_identify(src/turtlebot3_simulations/realsense-ros-4.51.1) by extensions ['python_setup_py']
[1.519s] Level 1:colcon.colcon_core.package_identification:_identify(src/turtlebot3_simulations/realsense-ros-4.51.1) by extension 'python_setup_py'
[1.519s] Level 1:colcon.colcon_core.package_identification:_identify(src/turtlebot3_simulations/realsense-ros-4.51.1/realsense2_camera) by extensions ['ignore', 'ignore_ament_install']
[1.519s] Level 1:colcon.colcon_core.package_identification:_identify(src/turtlebot3_simulations/realsense-ros-4.51.1/realsense2_camera) by extension 'ignore'
[1.519s] Level 1:colcon.colcon_core.package_identification:_identify(src/turtlebot3_simulations/realsense-ros-4.51.1/realsense2_camera) by extension 'ignore_ament_install'
[1.519s] Level 1:colcon.colcon_core.package_identification:_identify(src/turtlebot3_simulations/realsense-ros-4.51.1/realsense2_camera) by extensions ['colcon_pkg']
[1.519s] Level 1:colcon.colcon_core.package_identification:_identify(src/turtlebot3_simulations/realsense-ros-4.51.1/realsense2_camera) by extension 'colcon_pkg'
[1.519s] Level 1:colcon.colcon_core.package_identification:_identify(src/turtlebot3_simulations/realsense-ros-4.51.1/realsense2_camera) by extensions ['colcon_meta']
[1.519s] Level 1:colcon.colcon_core.package_identification:_identify(src/turtlebot3_simulations/realsense-ros-4.51.1/realsense2_camera) by extension 'colcon_meta'
[1.520s] Level 1:colcon.colcon_core.package_identification:_identify(src/turtlebot3_simulations/realsense-ros-4.51.1/realsense2_camera) by extensions ['ros']
[1.520s] Level 1:colcon.colcon_core.package_identification:_identify(src/turtlebot3_simulations/realsense-ros-4.51.1/realsense2_camera) by extension 'ros'
[1.524s] DEBUG:colcon.colcon_core.package_identification:Package 'src/turtlebot3_simulations/realsense-ros-4.51.1/realsense2_camera' with type 'ros.ament_cmake' and name 'realsense2_camera'
[1.524s] Level 1:colcon.colcon_core.package_identification:_identify(src/turtlebot3_simulations/realsense-ros-4.51.1/realsense2_camera_msgs) by extensions ['ignore', 'ignore_ament_install']
[1.524s] Level 1:colcon.colcon_core.package_identification:_identify(src/turtlebot3_simulations/realsense-ros-4.51.1/realsense2_camera_msgs) by extension 'ignore'
[1.524s] Level 1:colcon.colcon_core.package_identification:_identify(src/turtlebot3_simulations/realsense-ros-4.51.1/realsense2_camera_msgs) by extension 'ignore_ament_install'
[1.524s] Level 1:colcon.colcon_core.package_identification:_identify(src/turtlebot3_simulations/realsense-ros-4.51.1/realsense2_camera_msgs) by extensions ['colcon_pkg']
[1.524s] Level 1:colcon.colcon_core.package_identification:_identify(src/turtlebot3_simulations/realsense-ros-4.51.1/realsense2_camera_msgs) by extension 'colcon_pkg'
[1.524s] Level 1:colcon.colcon_core.package_identification:_identify(src/turtlebot3_simulations/realsense-ros-4.51.1/realsense2_camera_msgs) by extensions ['colcon_meta']
[1.524s] Level 1:colcon.colcon_core.package_identification:_identify(src/turtlebot3_simulations/realsense-ros-4.51.1/realsense2_camera_msgs) by extension 'colcon_meta'
[1.524s] Level 1:colcon.colcon_core.package_identification:_identify(src/turtlebot3_simulations/realsense-ros-4.51.1/realsense2_camera_msgs) by extensions ['ros']
[1.525s] Level 1:colcon.colcon_core.package_identification:_identify(src/turtlebot3_simulations/realsense-ros-4.51.1/realsense2_camera_msgs) by extension 'ros'
[1.525s] DEBUG:colcon.colcon_core.package_identification:Package 'src/turtlebot3_simulations/realsense-ros-4.51.1/realsense2_camera_msgs' with type 'ros.ament_cmake' and name 'realsense2_camera_msgs'
[1.525s] Level 1:colcon.colcon_core.package_identification:_identify(src/turtlebot3_simulations/realsense-ros-4.51.1/realsense2_description) by extensions ['ignore', 'ignore_ament_install']
[1.526s] Level 1:colcon.colcon_core.package_identification:_identify(src/turtlebot3_simulations/realsense-ros-4.51.1/realsense2_description) by extension 'ignore'
[1.526s] Level 1:colcon.colcon_core.package_identification:_identify(src/turtlebot3_simulations/realsense-ros-4.51.1/realsense2_description) by extension 'ignore_ament_install'
[1.526s] Level 1:colcon.colcon_core.package_identification:_identify(src/turtlebot3_simulations/realsense-ros-4.51.1/realsense2_description) by extensions ['colcon_pkg']
[1.526s] Level 1:colcon.colcon_core.package_identification:_identify(src/turtlebot3_simulations/realsense-ros-4.51.1/realsense2_description) by extension 'colcon_pkg'
[1.526s] Level 1:colcon.colcon_core.package_identification:_identify(src/turtlebot3_simulations/realsense-ros-4.51.1/realsense2_description) by extensions ['colcon_meta']
[1.526s] Level 1:colcon.colcon_core.package_identification:_identify(src/turtlebot3_simulations/realsense-ros-4.51.1/realsense2_description) by extension 'colcon_meta'
[1.526s] Level 1:colcon.colcon_core.package_identification:_identify(src/turtlebot3_simulations/realsense-ros-4.51.1/realsense2_description) by extensions ['ros']
[1.526s] Level 1:colcon.colcon_core.package_identification:_identify(src/turtlebot3_simulations/realsense-ros-4.51.1/realsense2_description) by extension 'ros'
[1.527s] DEBUG:colcon.colcon_core.package_identification:Package 'src/turtlebot3_simulations/realsense-ros-4.51.1/realsense2_description' with type 'ros.ament_cmake' and name 'realsense2_description'
[1.527s] Level 1:colcon.colcon_core.package_identification:_identify(src/turtlebot3_simulations/realsense-ros-4.51.1/scripts) by extensions ['ignore', 'ignore_ament_install']
[1.527s] Level 1:colcon.colcon_core.package_identification:_identify(src/turtlebot3_simulations/realsense-ros-4.51.1/scripts) by extension 'ignore'
[1.527s] Level 1:colcon.colcon_core.package_identification:_identify(src/turtlebot3_simulations/realsense-ros-4.51.1/scripts) by extension 'ignore_ament_install'
[1.527s] Level 1:colcon.colcon_core.package_identification:_identify(src/turtlebot3_simulations/realsense-ros-4.51.1/scripts) by extensions ['colcon_pkg']
[1.527s] Level 1:colcon.colcon_core.package_identification:_identify(src/turtlebot3_simulations/realsense-ros-4.51.1/scripts) by extension 'colcon_pkg'
[1.527s] Level 1:colcon.colcon_core.package_identification:_identify(src/turtlebot3_simulations/realsense-ros-4.51.1/scripts) by extensions ['colcon_meta']
[1.528s] Level 1:colcon.colcon_core.package_identification:_identify(src/turtlebot3_simulations/realsense-ros-4.51.1/scripts) by extension 'colcon_meta'
[1.528s] Level 1:colcon.colcon_core.package_identification:_identify(src/turtlebot3_simulations/realsense-ros-4.51.1/scripts) by extensions ['ros']
[1.528s] Level 1:colcon.colcon_core.package_identification:_identify(src/turtlebot3_simulations/realsense-ros-4.51.1/scripts) by extension 'ros'
[1.528s] Level 1:colcon.colcon_core.package_identification:_identify(src/turtlebot3_simulations/realsense-ros-4.51.1/scripts) by extensions ['cmake', 'python']
[1.528s] Level 1:colcon.colcon_core.package_identification:_identify(src/turtlebot3_simulations/realsense-ros-4.51.1/scripts) by extension 'cmake'
[1.528s] Level 1:colcon.colcon_core.package_identification:_identify(src/turtlebot3_simulations/realsense-ros-4.51.1/scripts) by extension 'python'
[1.528s] Level 1:colcon.colcon_core.package_identification:_identify(src/turtlebot3_simulations/realsense-ros-4.51.1/scripts) by extensions ['python_setup_py']
[1.528s] Level 1:colcon.colcon_core.package_identification:_identify(src/turtlebot3_simulations/realsense-ros-4.51.1/scripts) by extension 'python_setup_py'
[1.528s] Level 1:colcon.colcon_core.package_identification:_identify(src/turtlebot3_simulations/ros2_aruco) by extensions ['ignore', 'ignore_ament_install']
[1.528s] Level 1:colcon.colcon_core.package_identification:_identify(src/turtlebot3_simulations/ros2_aruco) by extension 'ignore'
[1.528s] Level 1:colcon.colcon_core.package_identification:_identify(src/turtlebot3_simulations/ros2_aruco) by extension 'ignore_ament_install'
[1.528s] Level 1:colcon.colcon_core.package_identification:_identify(src/turtlebot3_simulations/ros2_aruco) by extensions ['colcon_pkg']
[1.529s] Level 1:colcon.colcon_core.package_identification:_identify(src/turtlebot3_simulations/ros2_aruco) by extension 'colcon_pkg'
[1.529s] Level 1:colcon.colcon_core.package_identification:_identify(src/turtlebot3_simulations/ros2_aruco) by extensions ['colcon_meta']
[1.529s] Level 1:colcon.colcon_core.package_identification:_identify(src/turtlebot3_simulations/ros2_aruco) by extension 'colcon_meta'
[1.529s] Level 1:colcon.colcon_core.package_identification:_identify(src/turtlebot3_simulations/ros2_aruco) by extensions ['ros']
[1.529s] Level 1:colcon.colcon_core.package_identification:_identify(src/turtlebot3_simulations/ros2_aruco) by extension 'ros'
[1.529s] Level 1:colcon.colcon_core.package_identification:_identify(src/turtlebot3_simulations/ros2_aruco) by extensions ['cmake', 'python']
[1.529s] Level 1:colcon.colcon_core.package_identification:_identify(src/turtlebot3_simulations/ros2_aruco) by extension 'cmake'
[1.529s] Level 1:colcon.colcon_core.package_identification:_identify(src/turtlebot3_simulations/ros2_aruco) by extension 'python'
[1.529s] Level 1:colcon.colcon_core.package_identification:_identify(src/turtlebot3_simulations/ros2_aruco) by extensions ['python_setup_py']
[1.529s] Level 1:colcon.colcon_core.package_identification:_identify(src/turtlebot3_simulations/ros2_aruco) by extension 'python_setup_py'
[1.529s] Level 1:colcon.colcon_core.package_identification:_identify(src/turtlebot3_simulations/ros2_aruco/ros2_aruco) by extensions ['ignore', 'ignore_ament_install']
[1.529s] Level 1:colcon.colcon_core.package_identification:_identify(src/turtlebot3_simulations/ros2_aruco/ros2_aruco) by extension 'ignore'
[1.529s] Level 1:colcon.colcon_core.package_identification:_identify(src/turtlebot3_simulations/ros2_aruco/ros2_aruco) by extension 'ignore_ament_install'
[1.529s] Level 1:colcon.colcon_core.package_identification:_identify(src/turtlebot3_simulations/ros2_aruco/ros2_aruco) by extensions ['colcon_pkg']
[1.529s] Level 1:colcon.colcon_core.package_identification:_identify(src/turtlebot3_simulations/ros2_aruco/ros2_aruco) by extension 'colcon_pkg'
[1.530s] Level 1:colcon.colcon_core.package_identification:_identify(src/turtlebot3_simulations/ros2_aruco/ros2_aruco) by extensions ['colcon_meta']
[1.530s] Level 1:colcon.colcon_core.package_identification:_identify(src/turtlebot3_simulations/ros2_aruco/ros2_aruco) by extension 'colcon_meta'
[1.530s] Level 1:colcon.colcon_core.package_identification:_identify(src/turtlebot3_simulations/ros2_aruco/ros2_aruco) by extensions ['ros']
[1.530s] Level 1:colcon.colcon_core.package_identification:_identify(src/turtlebot3_simulations/ros2_aruco/ros2_aruco) by extension 'ros'
[1.530s] DEBUG:colcon.colcon_core.package_identification:Package 'src/turtlebot3_simulations/ros2_aruco/ros2_aruco' with type 'ros.ament_python' and name 'ros2_aruco'
[1.531s] Level 1:colcon.colcon_core.package_identification:_identify(src/turtlebot3_simulations/ros2_aruco/ros2_aruco_interfaces) by extensions ['ignore', 'ignore_ament_install']
[1.531s] Level 1:colcon.colcon_core.package_identification:_identify(src/turtlebot3_simulations/ros2_aruco/ros2_aruco_interfaces) by extension 'ignore'
[1.531s] Level 1:colcon.colcon_core.package_identification:_identify(src/turtlebot3_simulations/ros2_aruco/ros2_aruco_interfaces) by extension 'ignore_ament_install'
[1.531s] Level 1:colcon.colcon_core.package_identification:_identify(src/turtlebot3_simulations/ros2_aruco/ros2_aruco_interfaces) by extensions ['colcon_pkg']
[1.531s] Level 1:colcon.colcon_core.package_identification:_identify(src/turtlebot3_simulations/ros2_aruco/ros2_aruco_interfaces) by extension 'colcon_pkg'
[1.531s] Level 1:colcon.colcon_core.package_identification:_identify(src/turtlebot3_simulations/ros2_aruco/ros2_aruco_interfaces) by extensions ['colcon_meta']
[1.531s] Level 1:colcon.colcon_core.package_identification:_identify(src/turtlebot3_simulations/ros2_aruco/ros2_aruco_interfaces) by extension 'colcon_meta'
[1.531s] Level 1:colcon.colcon_core.package_identification:_identify(src/turtlebot3_simulations/ros2_aruco/ros2_aruco_interfaces) by extensions ['ros']
[1.531s] Level 1:colcon.colcon_core.package_identification:_identify(src/turtlebot3_simulations/ros2_aruco/ros2_aruco_interfaces) by extension 'ros'
[1.532s] DEBUG:colcon.colcon_core.package_identification:Package 'src/turtlebot3_simulations/ros2_aruco/ros2_aruco_interfaces' with type 'ros.ament_cmake' and name 'ros2_aruco_interfaces'
[1.532s] Level 1:colcon.colcon_core.package_identification:_identify(src/turtlebot3_simulations/turtlebot3_fake_node) by extensions ['ignore', 'ignore_ament_install']
[1.532s] Level 1:colcon.colcon_core.package_identification:_identify(src/turtlebot3_simulations/turtlebot3_fake_node) by extension 'ignore'
[1.532s] Level 1:colcon.colcon_core.package_identification:_identify(src/turtlebot3_simulations/turtlebot3_fake_node) by extension 'ignore_ament_install'
[1.532s] Level 1:colcon.colcon_core.package_identification:_identify(src/turtlebot3_simulations/turtlebot3_fake_node) by extensions ['colcon_pkg']
[1.532s] Level 1:colcon.colcon_core.package_identification:_identify(src/turtlebot3_simulations/turtlebot3_fake_node) by extension 'colcon_pkg'
[1.532s] Level 1:colcon.colcon_core.package_identification:_identify(src/turtlebot3_simulations/turtlebot3_fake_node) by extensions ['colcon_meta']
[1.532s] Level 1:colcon.colcon_core.package_identification:_identify(src/turtlebot3_simulations/turtlebot3_fake_node) by extension 'colcon_meta'
[1.532s] Level 1:colcon.colcon_core.package_identification:_identify(src/turtlebot3_simulations/turtlebot3_fake_node) by extensions ['ros']
[1.532s] Level 1:colcon.colcon_core.package_identification:_identify(src/turtlebot3_simulations/turtlebot3_fake_node) by extension 'ros'
[1.534s] DEBUG:colcon.colcon_core.package_identification:Package 'src/turtlebot3_simulations/turtlebot3_fake_node' with type 'ros.ament_cmake' and name 'turtlebot3_fake_node'
[1.534s] Level 1:colcon.colcon_core.package_identification:_identify(src/turtlebot3_simulations/turtlebot3_gazebo) by extensions ['ignore', 'ignore_ament_install']
[1.534s] Level 1:colcon.colcon_core.package_identification:_identify(src/turtlebot3_simulations/turtlebot3_gazebo) by extension 'ignore'
[1.534s] Level 1:colcon.colcon_core.package_identification:_identify(src/turtlebot3_simulations/turtlebot3_gazebo) by extension 'ignore_ament_install'
[1.534s] Level 1:colcon.colcon_core.package_identification:_identify(src/turtlebot3_simulations/turtlebot3_gazebo) by extensions ['colcon_pkg']
[1.534s] Level 1:colcon.colcon_core.package_identification:_identify(src/turtlebot3_simulations/turtlebot3_gazebo) by extension 'colcon_pkg'
[1.534s] Level 1:colcon.colcon_core.package_identification:_identify(src/turtlebot3_simulations/turtlebot3_gazebo) by extensions ['colcon_meta']
[1.534s] Level 1:colcon.colcon_core.package_identification:_identify(src/turtlebot3_simulations/turtlebot3_gazebo) by extension 'colcon_meta'
[1.534s] Level 1:colcon.colcon_core.package_identification:_identify(src/turtlebot3_simulations/turtlebot3_gazebo) by extensions ['ros']
[1.534s] Level 1:colcon.colcon_core.package_identification:_identify(src/turtlebot3_simulations/turtlebot3_gazebo) by extension 'ros'
[1.535s] DEBUG:colcon.colcon_core.package_identification:Package 'src/turtlebot3_simulations/turtlebot3_gazebo' with type 'ros.ament_cmake' and name 'turtlebot3_gazebo'
[1.536s] Level 1:colcon.colcon_core.package_identification:_identify(src/turtlebot3_simulations/turtlebot3_simulations) by extensions ['ignore', 'ignore_ament_install']
[1.536s] Level 1:colcon.colcon_core.package_identification:_identify(src/turtlebot3_simulations/turtlebot3_simulations) by extension 'ignore'
[1.536s] Level 1:colcon.colcon_core.package_identification:_identify(src/turtlebot3_simulations/turtlebot3_simulations) by extension 'ignore_ament_install'
[1.536s] Level 1:colcon.colcon_core.package_identification:_identify(src/turtlebot3_simulations/turtlebot3_simulations) by extensions ['colcon_pkg']
[1.536s] Level 1:colcon.colcon_core.package_identification:_identify(src/turtlebot3_simulations/turtlebot3_simulations) by extension 'colcon_pkg'
[1.536s] Level 1:colcon.colcon_core.package_identification:_identify(src/turtlebot3_simulations/turtlebot3_simulations) by extensions ['colcon_meta']
[1.536s] Level 1:colcon.colcon_core.package_identification:_identify(src/turtlebot3_simulations/turtlebot3_simulations) by extension 'colcon_meta'
[1.536s] Level 1:colcon.colcon_core.package_identification:_identify(src/turtlebot3_simulations/turtlebot3_simulations) by extensions ['ros']
[1.536s] Level 1:colcon.colcon_core.package_identification:_identify(src/turtlebot3_simulations/turtlebot3_simulations) by extension 'ros'
[1.539s] DEBUG:colcon.colcon_core.package_identification:Package 'src/turtlebot3_simulations/turtlebot3_simulations' with type 'ros.ament_cmake' and name 'turtlebot3_simulations'
[1.539s] Level 1:colcon.colcon_core.package_discovery:discover_packages(recursive) using defaults
[1.539s] Level 1:colcon.colcon_core.package_discovery:discover_packages(ignore) discover
[1.539s] Level 1:colcon.colcon_core.package_discovery:discover_packages(ignore) using defaults
[1.539s] Level 1:colcon.colcon_core.package_discovery:discover_packages(path) discover
[1.539s] Level 1:colcon.colcon_core.package_discovery:discover_packages(path) using defaults
[1.634s] INFO:colcon.colcon_core.package_selection:Skipping not selected package 'realsense2_camera_msgs' in 'src/turtlebot3_simulations/realsense-ros-4.51.1/realsense2_camera_msgs'
[1.634s] INFO:colcon.colcon_core.package_selection:Skipping not selected package 'ros2_aruco_interfaces' in 'src/turtlebot3_simulations/ros2_aruco/ros2_aruco_interfaces'
[1.635s] INFO:colcon.colcon_core.package_selection:Skipping not selected package 'turtlebot3_fake_node' in 'src/turtlebot3_simulations/turtlebot3_fake_node'
[1.635s] INFO:colcon.colcon_core.package_selection:Skipping not selected package 'turtlebot3_gazebo' in 'src/turtlebot3_simulations/turtlebot3_gazebo'
[1.635s] INFO:colcon.colcon_core.package_selection:Skipping not selected package 'realsense2_camera' in 'src/turtlebot3_simulations/realsense-ros-4.51.1/realsense2_camera'
[1.635s] INFO:colcon.colcon_core.package_selection:Skipping not selected package 'realsense2_description' in 'src/turtlebot3_simulations/realsense-ros-4.51.1/realsense2_description'
[1.635s] INFO:colcon.colcon_core.package_selection:Skipping not selected package 'turtlebot3_simulations' in 'src/turtlebot3_simulations/turtlebot3_simulations'
[1.686s] Level 1:colcon.colcon_core.package_discovery:discover_packages(prefix_path) check parameters
[1.686s] Level 1:colcon.colcon_core.package_discovery:discover_packages(prefix_path) discover
[1.731s] DEBUG:colcon.colcon_installed_package_information.package_discovery:Found 5 installed packages in /home/edwinooi/Desktop/foxy_ws/install
[1.752s] DEBUG:colcon.colcon_installed_package_information.package_discovery:Found 6 installed packages in /home/edwinooi/Desktop/emanual/install
[1.785s] DEBUG:colcon.colcon_installed_package_information.package_discovery:Found 383 installed packages in /opt/ros/humble
[1.787s] Level 1:colcon.colcon_core.package_discovery:discover_packages(prefix_path) using defaults
[1.925s] Level 5:colcon.colcon_core.verb:set package 'ros2_aruco' build argument 'cmake_args' from command line to 'None'
[1.925s] Level 5:colcon.colcon_core.verb:set package 'ros2_aruco' build argument 'cmake_target' from command line to 'None'
[1.925s] Level 5:colcon.colcon_core.verb:set package 'ros2_aruco' build argument 'cmake_target_skip_unavailable' from command line to 'False'
[1.925s] Level 5:colcon.colcon_core.verb:set package 'ros2_aruco' build argument 'cmake_clean_cache' from command line to 'False'
[1.925s] Level 5:colcon.colcon_core.verb:set package 'ros2_aruco' build argument 'cmake_clean_first' from command line to 'False'
[1.925s] Level 5:colcon.colcon_core.verb:set package 'ros2_aruco' build argument 'cmake_force_configure' from command line to 'False'
[1.925s] Level 5:colcon.colcon_core.verb:set package 'ros2_aruco' build argument 'ament_cmake_args' from command line to 'None'
[1.925s] Level 5:colcon.colcon_core.verb:set package 'ros2_aruco' build argument 'catkin_cmake_args' from command line to 'None'
[1.925s] Level 5:colcon.colcon_core.verb:set package 'ros2_aruco' build argument 'catkin_skip_building_tests' from command line to 'False'
[1.925s] DEBUG:colcon.colcon_core.verb:Building package 'ros2_aruco' with the following arguments: {'ament_cmake_args': None, 'build_base': '/home/edwinooi/Desktop/foxy_ws/build/ros2_aruco', 'catkin_cmake_args': None, 'catkin_skip_building_tests': False, 'cmake_args': None, 'cmake_clean_cache': False, 'cmake_clean_first': False, 'cmake_force_configure': False, 'cmake_target': None, 'cmake_target_skip_unavailable': False, 'install_base': '/home/edwinooi/Desktop/foxy_ws/install/ros2_aruco', 'merge_install': False, 'path': '/home/edwinooi/Desktop/foxy_ws/src/turtlebot3_simulations/ros2_aruco/ros2_aruco', 'symlink_install': False, 'test_result_base': None}
[1.945s] INFO:colcon.colcon_core.executor:Executing jobs using 'parallel' executor
[1.966s] DEBUG:colcon.colcon_parallel_executor.executor.parallel:run_until_complete
[1.967s] INFO:colcon.colcon_ros.task.ament_python.build:Building ROS package in '/home/edwinooi/Desktop/foxy_ws/src/turtlebot3_simulations/ros2_aruco/ros2_aruco' with build type 'ament_python'
[1.967s] Level 1:colcon.colcon_core.shell:create_environment_hook('ros2_aruco', 'ament_prefix_path')
[1.990s] INFO:colcon.colcon_core.plugin_system:Skipping extension 'colcon_core.shell.bat': Not used on non-Windows systems
[1.991s] INFO:colcon.colcon_core.shell:Creating environment hook '/home/edwinooi/Desktop/foxy_ws/install/ros2_aruco/share/ros2_aruco/hook/ament_prefix_path.ps1'
[1.991s] INFO:colcon.colcon_core.shell:Creating environment descriptor '/home/edwinooi/Desktop/foxy_ws/install/ros2_aruco/share/ros2_aruco/hook/ament_prefix_path.dsv'
[1.992s] INFO:colcon.colcon_core.shell:Creating environment hook '/home/edwinooi/Desktop/foxy_ws/install/ros2_aruco/share/ros2_aruco/hook/ament_prefix_path.sh'
[2.026s] INFO:colcon.colcon_core.shell:Skip shell extension 'powershell' for command environment: Not usable outside of PowerShell
[2.027s] DEBUG:colcon.colcon_core.shell:Skip shell extension 'dsv' for command environment
[2.562s] INFO:colcon.colcon_core.task.python.build:Building Python package in '/home/edwinooi/Desktop/foxy_ws/src/turtlebot3_simulations/ros2_aruco/ros2_aruco'
[2.583s] INFO:colcon.colcon_core.shell:Skip shell extension 'powershell' for command environment: Not usable outside of PowerShell
[2.583s] DEBUG:colcon.colcon_core.shell:Skip shell extension 'dsv' for command environment
[3.178s] DEBUG:colcon.colcon_core.event_handler.log_command:Invoking command in '/home/edwinooi/Desktop/foxy_ws/src/turtlebot3_simulations/ros2_aruco/ros2_aruco': PYTHONPATH=/home/edwinooi/Desktop/foxy_ws/build/ros2_aruco/prefix_override:/home/edwinooi/Desktop/foxy_ws/install/ros2_aruco/lib/python3.10/site-packages:${PYTHONPATH} /usr/bin/python3 setup.py egg_info --egg-base ../../../../build/ros2_aruco build --build-base /home/edwinooi/Desktop/foxy_ws/build/ros2_aruco/build install --record /home/edwinooi/Desktop/foxy_ws/build/ros2_aruco/install.log --single-version-externally-managed
[3.587s] DEBUG:colcon.colcon_core.event_handler.log_command:Invoked command in '/home/edwinooi/Desktop/foxy_ws/src/turtlebot3_simulations/ros2_aruco/ros2_aruco' returned '0': PYTHONPATH=/home/edwinooi/Desktop/foxy_ws/build/ros2_aruco/prefix_override:/home/edwinooi/Desktop/foxy_ws/install/ros2_aruco/lib/python3.10/site-packages:${PYTHONPATH} /usr/bin/python3 setup.py egg_info --egg-base ../../../../build/ros2_aruco build --build-base /home/edwinooi/Desktop/foxy_ws/build/ros2_aruco/build install --record /home/edwinooi/Desktop/foxy_ws/build/ros2_aruco/install.log --single-version-externally-managed
[3.620s] Level 1:colcon.colcon_core.environment:checking '/home/edwinooi/Desktop/foxy_ws/install/ros2_aruco' for CMake module files
[3.620s] Level 1:colcon.colcon_core.environment:checking '/home/edwinooi/Desktop/foxy_ws/install/ros2_aruco' for CMake config files
[3.622s] Level 1:colcon.colcon_core.environment:checking '/home/edwinooi/Desktop/foxy_ws/install/ros2_aruco/lib'
[3.622s] Level 1:colcon.colcon_core.environment:checking '/home/edwinooi/Desktop/foxy_ws/install/ros2_aruco/bin'
[3.622s] Level 1:colcon.colcon_core.environment:checking '/home/edwinooi/Desktop/foxy_ws/install/ros2_aruco/lib/pkgconfig/ros2_aruco.pc'
[3.623s] Level 1:colcon.colcon_core.environment:checking '/home/edwinooi/Desktop/foxy_ws/install/ros2_aruco/lib/python3.10/site-packages'
[3.623s] Level 1:colcon.colcon_core.shell:create_environment_hook('ros2_aruco', 'pythonpath')
[3.654s] INFO:colcon.colcon_core.shell:Creating environment hook '/home/edwinooi/Desktop/foxy_ws/install/ros2_aruco/share/ros2_aruco/hook/pythonpath.ps1'
[3.655s] INFO:colcon.colcon_core.shell:Creating environment descriptor '/home/edwinooi/Desktop/foxy_ws/install/ros2_aruco/share/ros2_aruco/hook/pythonpath.dsv'
[3.655s] INFO:colcon.colcon_core.shell:Creating environment hook '/home/edwinooi/Desktop/foxy_ws/install/ros2_aruco/share/ros2_aruco/hook/pythonpath.sh'
[3.656s] Level 1:colcon.colcon_core.environment:checking '/home/edwinooi/Desktop/foxy_ws/install/ros2_aruco/bin'
[3.656s] Level 1:colcon.colcon_core.environment:create_environment_scripts_only(ros2_aruco)
[3.680s] INFO:colcon.colcon_core.shell:Creating package script '/home/edwinooi/Desktop/foxy_ws/install/ros2_aruco/share/ros2_aruco/package.ps1'
[3.681s] INFO:colcon.colcon_core.shell:Creating package descriptor '/home/edwinooi/Desktop/foxy_ws/install/ros2_aruco/share/ros2_aruco/package.dsv'
[3.682s] INFO:colcon.colcon_core.shell:Creating package script '/home/edwinooi/Desktop/foxy_ws/install/ros2_aruco/share/ros2_aruco/package.sh'
[3.682s] INFO:colcon.colcon_core.shell:Creating package script '/home/edwinooi/Desktop/foxy_ws/install/ros2_aruco/share/ros2_aruco/package.bash'
[3.683s] INFO:colcon.colcon_core.shell:Creating package script '/home/edwinooi/Desktop/foxy_ws/install/ros2_aruco/share/ros2_aruco/package.zsh'
[3.684s] Level 1:colcon.colcon_core.environment:create_file_with_runtime_dependencies(/home/edwinooi/Desktop/foxy_ws/install/ros2_aruco/share/colcon-core/packages/ros2_aruco)
[3.684s] DEBUG:colcon.colcon_parallel_executor.executor.parallel:closing loop
[3.685s] DEBUG:colcon.colcon_parallel_executor.executor.parallel:loop closed
[3.685s] DEBUG:colcon.colcon_parallel_executor.executor.parallel:run_until_complete finished with '0'
[3.685s] DEBUG:colcon.colcon_core.event_reactor:joining thread
[3.724s] INFO:colcon.colcon_core.plugin_system:Skipping extension 'colcon_notification.desktop_notification.terminal_notifier': Not used on non-Darwin systems
[3.724s] INFO:colcon.colcon_core.plugin_system:Skipping extension 'colcon_notification.desktop_notification.win32': Not used on non-Windows systems
[3.724s] INFO:colcon.colcon_notification.desktop_notification:Sending desktop notification using 'notify2'
[3.744s] DEBUG:colcon.colcon_core.event_reactor:joined thread
[3.773s] INFO:colcon.colcon_core.shell:Creating prefix script '/home/edwinooi/Desktop/foxy_ws/install/local_setup.ps1'
[3.775s] INFO:colcon.colcon_core.shell:Creating prefix util module '/home/edwinooi/Desktop/foxy_ws/install/_local_setup_util_ps1.py'
[3.778s] INFO:colcon.colcon_core.shell:Creating prefix chain script '/home/edwinooi/Desktop/foxy_ws/install/setup.ps1'
[3.818s] INFO:colcon.colcon_core.shell:Creating prefix script '/home/edwinooi/Desktop/foxy_ws/install/local_setup.sh'
[3.819s] INFO:colcon.colcon_core.shell:Creating prefix util module '/home/edwinooi/Desktop/foxy_ws/install/_local_setup_util_sh.py'
[3.820s] INFO:colcon.colcon_core.shell:Creating prefix chain script '/home/edwinooi/Desktop/foxy_ws/install/setup.sh'
[3.853s] INFO:colcon.colcon_core.shell:Creating prefix script '/home/edwinooi/Desktop/foxy_ws/install/local_setup.bash'
[3.854s] INFO:colcon.colcon_core.shell:Creating prefix chain script '/home/edwinooi/Desktop/foxy_ws/install/setup.bash'
[3.884s] INFO:colcon.colcon_core.shell:Creating prefix script '/home/edwinooi/Desktop/foxy_ws/install/local_setup.zsh'
[3.885s] INFO:colcon.colcon_core.shell:Creating prefix chain script '/home/edwinooi/Desktop/foxy_ws/install/setup.zsh'
