[1.451s] DEBUG:colcon:Command line arguments: ['/usr/bin/colcon', 'build', '--packages-select', 'turtlebot3_gazebo']
[1.451s] DEBUG:colcon:Parsed command line arguments: Namespace(log_base=None, log_level=None, verb_name='build', build_base='build', install_base='install', merge_install=False, symlink_install=False, test_result_base=None, continue_on_error=False, executor='parallel', parallel_workers=4, event_handlers=None, ignore_user_meta=False, metas=['./colcon.meta'], base_paths=['.'], packages_ignore=None, packages_ignore_regex=None, paths=None, packages_up_to=None, packages_up_to_regex=None, packages_above=None, packages_above_and_dependencies=None, packages_above_depth=None, packages_select_by_dep=None, packages_skip_by_dep=None, packages_skip_up_to=None, packages_select_build_failed=False, packages_skip_build_finished=False, packages_select_test_failures=False, packages_skip_test_passed=False, packages_select=['turtlebot3_gazebo'], packages_skip=None, packages_select_regex=None, packages_skip_regex=None, packages_start=None, packages_end=None, allow_overriding=[], cmake_args=None, cmake_target=None, cmake_target_skip_unavailable=False, cmake_clean_cache=False, cmake_clean_first=False, cmake_force_configure=False, ament_cmake_args=None, catkin_cmake_args=None, catkin_skip_building_tests=False, verb_parser=<colcon_defaults.argument_parser.defaults.DefaultArgumentsDecorator object at 0x7340d52127d0>, verb_extension=<colcon_core.verb.build.BuildVerb object at 0x7340d55219f0>, main=<bound method BuildVerb.main of <colcon_core.verb.build.BuildVerb object at 0x7340d55219f0>>)
[1.523s] Level 1:colcon.colcon_core.package_discovery:discover_packages(colcon_meta) check parameters
[1.524s] Level 1:colcon.colcon_core.package_discovery:discover_packages(recursive) check parameters
[1.524s] Level 1:colcon.colcon_core.package_discovery:discover_packages(ignore) check parameters
[1.524s] Level 1:colcon.colcon_core.package_discovery:discover_packages(path) check parameters
[1.524s] Level 1:colcon.colcon_core.package_discovery:discover_packages(colcon_meta) discover
[1.524s] Level 1:colcon.colcon_core.package_discovery:discover_packages(recursive) discover
[1.524s] INFO:colcon.colcon_core.package_discovery:Crawling recursively for packages in '/home/edwinooi/Desktop/foxy_ws'
[1.524s] Level 1:colcon.colcon_core.package_identification:_identify(.) by extensions ['ignore', 'ignore_ament_install']
[1.524s] Level 1:colcon.colcon_core.package_identification:_identify(.) by extension 'ignore'
[1.525s] Level 1:colcon.colcon_core.package_identification:_identify(.) by extension 'ignore_ament_install'
[1.525s] Level 1:colcon.colcon_core.package_identification:_identify(.) by extensions ['colcon_pkg']
[1.525s] Level 1:colcon.colcon_core.package_identification:_identify(.) by extension 'colcon_pkg'
[1.525s] Level 1:colcon.colcon_core.package_identification:_identify(.) by extensions ['colcon_meta']
[1.525s] Level 1:colcon.colcon_core.package_identification:_identify(.) by extension 'colcon_meta'
[1.525s] Level 1:colcon.colcon_core.package_identification:_identify(.) by extensions ['ros']
[1.525s] Level 1:colcon.colcon_core.package_identification:_identify(.) by extension 'ros'
[1.542s] Level 1:colcon.colcon_core.package_identification:_identify(.) by extensions ['cmake', 'python']
[1.543s] Level 1:colcon.colcon_core.package_identification:_identify(.) by extension 'cmake'
[1.543s] Level 1:colcon.colcon_core.package_identification:_identify(.) by extension 'python'
[1.543s] Level 1:colcon.colcon_core.package_identification:_identify(.) by extensions ['python_setup_py']
[1.543s] Level 1:colcon.colcon_core.package_identification:_identify(.) by extension 'python_setup_py'
[1.543s] Level 1:colcon.colcon_core.package_identification:_identify(build) by extensions ['ignore', 'ignore_ament_install']
[1.543s] Level 1:colcon.colcon_core.package_identification:_identify(build) by extension 'ignore'
[1.543s] Level 1:colcon.colcon_core.package_identification:_identify(build) ignored
[1.544s] Level 1:colcon.colcon_core.package_identification:_identify(install) by extensions ['ignore', 'ignore_ament_install']
[1.544s] Level 1:colcon.colcon_core.package_identification:_identify(install) by extension 'ignore'
[1.544s] Level 1:colcon.colcon_core.package_identification:_identify(install) ignored
[1.544s] Level 1:colcon.colcon_core.package_identification:_identify(log) by extensions ['ignore', 'ignore_ament_install']
[1.544s] Level 1:colcon.colcon_core.package_identification:_identify(log) by extension 'ignore'
[1.544s] Level 1:colcon.colcon_core.package_identification:_identify(log) ignored
[1.544s] Level 1:colcon.colcon_core.package_identification:_identify(src) by extensions ['ignore', 'ignore_ament_install']
[1.545s] Level 1:colcon.colcon_core.package_identification:_identify(src) by extension 'ignore'
[1.545s] Level 1:colcon.colcon_core.package_identification:_identify(src) by extension 'ignore_ament_install'
[1.545s] Level 1:colcon.colcon_core.package_identification:_identify(src) by extensions ['colcon_pkg']
[1.545s] Level 1:colcon.colcon_core.package_identification:_identify(src) by extension 'colcon_pkg'
[1.545s] Level 1:colcon.colcon_core.package_identification:_identify(src) by extensions ['colcon_meta']
[1.545s] Level 1:colcon.colcon_core.package_identification:_identify(src) by extension 'colcon_meta'
[1.545s] Level 1:colcon.colcon_core.package_identification:_identify(src) by extensions ['ros']
[1.545s] Level 1:colcon.colcon_core.package_identification:_identify(src) by extension 'ros'
[1.545s] Level 1:colcon.colcon_core.package_identification:_identify(src) by extensions ['cmake', 'python']
[1.546s] Level 1:colcon.colcon_core.package_identification:_identify(src) by extension 'cmake'
[1.546s] Level 1:colcon.colcon_core.package_identification:_identify(src) by extension 'python'
[1.546s] Level 1:colcon.colcon_core.package_identification:_identify(src) by extensions ['python_setup_py']
[1.546s] Level 1:colcon.colcon_core.package_identification:_identify(src) by extension 'python_setup_py'
[1.546s] Level 1:colcon.colcon_core.package_identification:_identify(src/turtlebot3_simulations) by extensions ['ignore', 'ignore_ament_install']
[1.546s] Level 1:colcon.colcon_core.package_identification:_identify(src/turtlebot3_simulations) by extension 'ignore'
[1.546s] Level 1:colcon.colcon_core.package_identification:_identify(src/turtlebot3_simulations) by extension 'ignore_ament_install'
[1.546s] Level 1:colcon.colcon_core.package_identification:_identify(src/turtlebot3_simulations) by extensions ['colcon_pkg']
[1.546s] Level 1:colcon.colcon_core.package_identification:_identify(src/turtlebot3_simulations) by extension 'colcon_pkg'
[1.546s] Level 1:colcon.colcon_core.package_identification:_identify(src/turtlebot3_simulations) by extensions ['colcon_meta']
[1.546s] Level 1:colcon.colcon_core.package_identification:_identify(src/turtlebot3_simulations) by extension 'colcon_meta'
[1.546s] Level 1:colcon.colcon_core.package_identification:_identify(src/turtlebot3_simulations) by extensions ['ros']
[1.546s] Level 1:colcon.colcon_core.package_identification:_identify(src/turtlebot3_simulations) by extension 'ros'
[1.546s] Level 1:colcon.colcon_core.package_identification:_identify(src/turtlebot3_simulations) by extensions ['cmake', 'python']
[1.546s] Level 1:colcon.colcon_core.package_identification:_identify(src/turtlebot3_simulations) by extension 'cmake'
[1.547s] Level 1:colcon.colcon_core.package_identification:_identify(src/turtlebot3_simulations) by extension 'python'
[1.547s] Level 1:colcon.colcon_core.package_identification:_identify(src/turtlebot3_simulations) by extensions ['python_setup_py']
[1.547s] Level 1:colcon.colcon_core.package_identification:_identify(src/turtlebot3_simulations) by extension 'python_setup_py'
[1.547s] Level 1:colcon.colcon_core.package_identification:_identify(src/turtlebot3_simulations/realsense-ros-4.51.1) by extensions ['ignore', 'ignore_ament_install']
[1.547s] Level 1:colcon.colcon_core.package_identification:_identify(src/turtlebot3_simulations/realsense-ros-4.51.1) by extension 'ignore'
[1.547s] Level 1:colcon.colcon_core.package_identification:_identify(src/turtlebot3_simulations/realsense-ros-4.51.1) by extension 'ignore_ament_install'
[1.547s] Level 1:colcon.colcon_core.package_identification:_identify(src/turtlebot3_simulations/realsense-ros-4.51.1) by extensions ['colcon_pkg']
[1.547s] Level 1:colcon.colcon_core.package_identification:_identify(src/turtlebot3_simulations/realsense-ros-4.51.1) by extension 'colcon_pkg'
[1.547s] Level 1:colcon.colcon_core.package_identification:_identify(src/turtlebot3_simulations/realsense-ros-4.51.1) by extensions ['colcon_meta']
[1.547s] Level 1:colcon.colcon_core.package_identification:_identify(src/turtlebot3_simulations/realsense-ros-4.51.1) by extension 'colcon_meta'
[1.547s] Level 1:colcon.colcon_core.package_identification:_identify(src/turtlebot3_simulations/realsense-ros-4.51.1) by extensions ['ros']
[1.547s] Level 1:colcon.colcon_core.package_identification:_identify(src/turtlebot3_simulations/realsense-ros-4.51.1) by extension 'ros'
[1.547s] Level 1:colcon.colcon_core.package_identification:_identify(src/turtlebot3_simulations/realsense-ros-4.51.1) by extensions ['cmake', 'python']
[1.547s] Level 1:colcon.colcon_core.package_identification:_identify(src/turtlebot3_simulations/realsense-ros-4.51.1) by extension 'cmake'
[1.547s] Level 1:colcon.colcon_core.package_identification:_identify(src/turtlebot3_simulations/realsense-ros-4.51.1) by extension 'python'
[1.547s] Level 1:colcon.colcon_core.package_identification:_identify(src/turtlebot3_simulations/realsense-ros-4.51.1) by extensions ['python_setup_py']
[1.547s] Level 1:colcon.colcon_core.package_identification:_identify(src/turtlebot3_simulations/realsense-ros-4.51.1) by extension 'python_setup_py'
[1.548s] Level 1:colcon.colcon_core.package_identification:_identify(src/turtlebot3_simulations/realsense-ros-4.51.1/realsense2_camera) by extensions ['ignore', 'ignore_ament_install']
[1.548s] Level 1:colcon.colcon_core.package_identification:_identify(src/turtlebot3_simulations/realsense-ros-4.51.1/realsense2_camera) by extension 'ignore'
[1.548s] Level 1:colcon.colcon_core.package_identification:_identify(src/turtlebot3_simulations/realsense-ros-4.51.1/realsense2_camera) by extension 'ignore_ament_install'
[1.548s] Level 1:colcon.colcon_core.package_identification:_identify(src/turtlebot3_simulations/realsense-ros-4.51.1/realsense2_camera) by extensions ['colcon_pkg']
[1.548s] Level 1:colcon.colcon_core.package_identification:_identify(src/turtlebot3_simulations/realsense-ros-4.51.1/realsense2_camera) by extension 'colcon_pkg'
[1.548s] Level 1:colcon.colcon_core.package_identification:_identify(src/turtlebot3_simulations/realsense-ros-4.51.1/realsense2_camera) by extensions ['colcon_meta']
[1.548s] Level 1:colcon.colcon_core.package_identification:_identify(src/turtlebot3_simulations/realsense-ros-4.51.1/realsense2_camera) by extension 'colcon_meta'
[1.548s] Level 1:colcon.colcon_core.package_identification:_identify(src/turtlebot3_simulations/realsense-ros-4.51.1/realsense2_camera) by extensions ['ros']
[1.548s] Level 1:colcon.colcon_core.package_identification:_identify(src/turtlebot3_simulations/realsense-ros-4.51.1/realsense2_camera) by extension 'ros'
[1.552s] DEBUG:colcon.colcon_core.package_identification:Package 'src/turtlebot3_simulations/realsense-ros-4.51.1/realsense2_camera' with type 'ros.ament_cmake' and name 'realsense2_camera'
[1.552s] Level 1:colcon.colcon_core.package_identification:_identify(src/turtlebot3_simulations/realsense-ros-4.51.1/realsense2_camera_msgs) by extensions ['ignore', 'ignore_ament_install']
[1.552s] Level 1:colcon.colcon_core.package_identification:_identify(src/turtlebot3_simulations/realsense-ros-4.51.1/realsense2_camera_msgs) by extension 'ignore'
[1.553s] Level 1:colcon.colcon_core.package_identification:_identify(src/turtlebot3_simulations/realsense-ros-4.51.1/realsense2_camera_msgs) by extension 'ignore_ament_install'
[1.553s] Level 1:colcon.colcon_core.package_identification:_identify(src/turtlebot3_simulations/realsense-ros-4.51.1/realsense2_camera_msgs) by extensions ['colcon_pkg']
[1.553s] Level 1:colcon.colcon_core.package_identification:_identify(src/turtlebot3_simulations/realsense-ros-4.51.1/realsense2_camera_msgs) by extension 'colcon_pkg'
[1.553s] Level 1:colcon.colcon_core.package_identification:_identify(src/turtlebot3_simulations/realsense-ros-4.51.1/realsense2_camera_msgs) by extensions ['colcon_meta']
[1.553s] Level 1:colcon.colcon_core.package_identification:_identify(src/turtlebot3_simulations/realsense-ros-4.51.1/realsense2_camera_msgs) by extension 'colcon_meta'
[1.553s] Level 1:colcon.colcon_core.package_identification:_identify(src/turtlebot3_simulations/realsense-ros-4.51.1/realsense2_camera_msgs) by extensions ['ros']
[1.553s] Level 1:colcon.colcon_core.package_identification:_identify(src/turtlebot3_simulations/realsense-ros-4.51.1/realsense2_camera_msgs) by extension 'ros'
[1.554s] DEBUG:colcon.colcon_core.package_identification:Package 'src/turtlebot3_simulations/realsense-ros-4.51.1/realsense2_camera_msgs' with type 'ros.ament_cmake' and name 'realsense2_camera_msgs'
[1.554s] Level 1:colcon.colcon_core.package_identification:_identify(src/turtlebot3_simulations/realsense-ros-4.51.1/realsense2_description) by extensions ['ignore', 'ignore_ament_install']
[1.554s] Level 1:colcon.colcon_core.package_identification:_identify(src/turtlebot3_simulations/realsense-ros-4.51.1/realsense2_description) by extension 'ignore'
[1.554s] Level 1:colcon.colcon_core.package_identification:_identify(src/turtlebot3_simulations/realsense-ros-4.51.1/realsense2_description) by extension 'ignore_ament_install'
[1.554s] Level 1:colcon.colcon_core.package_identification:_identify(src/turtlebot3_simulations/realsense-ros-4.51.1/realsense2_description) by extensions ['colcon_pkg']
[1.554s] Level 1:colcon.colcon_core.package_identification:_identify(src/turtlebot3_simulations/realsense-ros-4.51.1/realsense2_description) by extension 'colcon_pkg'
[1.554s] Level 1:colcon.colcon_core.package_identification:_identify(src/turtlebot3_simulations/realsense-ros-4.51.1/realsense2_description) by extensions ['colcon_meta']
[1.555s] Level 1:colcon.colcon_core.package_identification:_identify(src/turtlebot3_simulations/realsense-ros-4.51.1/realsense2_description) by extension 'colcon_meta'
[1.555s] Level 1:colcon.colcon_core.package_identification:_identify(src/turtlebot3_simulations/realsense-ros-4.51.1/realsense2_description) by extensions ['ros']
[1.555s] Level 1:colcon.colcon_core.package_identification:_identify(src/turtlebot3_simulations/realsense-ros-4.51.1/realsense2_description) by extension 'ros'
[1.556s] DEBUG:colcon.colcon_core.package_identification:Package 'src/turtlebot3_simulations/realsense-ros-4.51.1/realsense2_description' with type 'ros.ament_cmake' and name 'realsense2_description'
[1.556s] Level 1:colcon.colcon_core.package_identification:_identify(src/turtlebot3_simulations/realsense-ros-4.51.1/scripts) by extensions ['ignore', 'ignore_ament_install']
[1.556s] Level 1:colcon.colcon_core.package_identification:_identify(src/turtlebot3_simulations/realsense-ros-4.51.1/scripts) by extension 'ignore'
[1.556s] Level 1:colcon.colcon_core.package_identification:_identify(src/turtlebot3_simulations/realsense-ros-4.51.1/scripts) by extension 'ignore_ament_install'
[1.556s] Level 1:colcon.colcon_core.package_identification:_identify(src/turtlebot3_simulations/realsense-ros-4.51.1/scripts) by extensions ['colcon_pkg']
[1.556s] Level 1:colcon.colcon_core.package_identification:_identify(src/turtlebot3_simulations/realsense-ros-4.51.1/scripts) by extension 'colcon_pkg'
[1.556s] Level 1:colcon.colcon_core.package_identification:_identify(src/turtlebot3_simulations/realsense-ros-4.51.1/scripts) by extensions ['colcon_meta']
[1.557s] Level 1:colcon.colcon_core.package_identification:_identify(src/turtlebot3_simulations/realsense-ros-4.51.1/scripts) by extension 'colcon_meta'
[1.557s] Level 1:colcon.colcon_core.package_identification:_identify(src/turtlebot3_simulations/realsense-ros-4.51.1/scripts) by extensions ['ros']
[1.557s] Level 1:colcon.colcon_core.package_identification:_identify(src/turtlebot3_simulations/realsense-ros-4.51.1/scripts) by extension 'ros'
[1.557s] Level 1:colcon.colcon_core.package_identification:_identify(src/turtlebot3_simulations/realsense-ros-4.51.1/scripts) by extensions ['cmake', 'python']
[1.557s] Level 1:colcon.colcon_core.package_identification:_identify(src/turtlebot3_simulations/realsense-ros-4.51.1/scripts) by extension 'cmake'
[1.557s] Level 1:colcon.colcon_core.package_identification:_identify(src/turtlebot3_simulations/realsense-ros-4.51.1/scripts) by extension 'python'
[1.557s] Level 1:colcon.colcon_core.package_identification:_identify(src/turtlebot3_simulations/realsense-ros-4.51.1/scripts) by extensions ['python_setup_py']
[1.557s] Level 1:colcon.colcon_core.package_identification:_identify(src/turtlebot3_simulations/realsense-ros-4.51.1/scripts) by extension 'python_setup_py'
[1.557s] Level 1:colcon.colcon_core.package_identification:_identify(src/turtlebot3_simulations/ros2_aruco) by extensions ['ignore', 'ignore_ament_install']
[1.557s] Level 1:colcon.colcon_core.package_identification:_identify(src/turtlebot3_simulations/ros2_aruco) by extension 'ignore'
[1.558s] Level 1:colcon.colcon_core.package_identification:_identify(src/turtlebot3_simulations/ros2_aruco) by extension 'ignore_ament_install'
[1.558s] Level 1:colcon.colcon_core.package_identification:_identify(src/turtlebot3_simulations/ros2_aruco) by extensions ['colcon_pkg']
[1.558s] Level 1:colcon.colcon_core.package_identification:_identify(src/turtlebot3_simulations/ros2_aruco) by extension 'colcon_pkg'
[1.558s] Level 1:colcon.colcon_core.package_identification:_identify(src/turtlebot3_simulations/ros2_aruco) by extensions ['colcon_meta']
[1.558s] Level 1:colcon.colcon_core.package_identification:_identify(src/turtlebot3_simulations/ros2_aruco) by extension 'colcon_meta'
[1.558s] Level 1:colcon.colcon_core.package_identification:_identify(src/turtlebot3_simulations/ros2_aruco) by extensions ['ros']
[1.558s] Level 1:colcon.colcon_core.package_identification:_identify(src/turtlebot3_simulations/ros2_aruco) by extension 'ros'
[1.558s] Level 1:colcon.colcon_core.package_identification:_identify(src/turtlebot3_simulations/ros2_aruco) by extensions ['cmake', 'python']
[1.558s] Level 1:colcon.colcon_core.package_identification:_identify(src/turtlebot3_simulations/ros2_aruco) by extension 'cmake'
[1.558s] Level 1:colcon.colcon_core.package_identification:_identify(src/turtlebot3_simulations/ros2_aruco) by extension 'python'
[1.558s] Level 1:colcon.colcon_core.package_identification:_identify(src/turtlebot3_simulations/ros2_aruco) by extensions ['python_setup_py']
[1.558s] Level 1:colcon.colcon_core.package_identification:_identify(src/turtlebot3_simulations/ros2_aruco) by extension 'python_setup_py'
[1.559s] Level 1:colcon.colcon_core.package_identification:_identify(src/turtlebot3_simulations/ros2_aruco/ros2_aruco) by extensions ['ignore', 'ignore_ament_install']
[1.559s] Level 1:colcon.colcon_core.package_identification:_identify(src/turtlebot3_simulations/ros2_aruco/ros2_aruco) by extension 'ignore'
[1.559s] Level 1:colcon.colcon_core.package_identification:_identify(src/turtlebot3_simulations/ros2_aruco/ros2_aruco) by extension 'ignore_ament_install'
[1.559s] Level 1:colcon.colcon_core.package_identification:_identify(src/turtlebot3_simulations/ros2_aruco/ros2_aruco) by extensions ['colcon_pkg']
[1.559s] Level 1:colcon.colcon_core.package_identification:_identify(src/turtlebot3_simulations/ros2_aruco/ros2_aruco) by extension 'colcon_pkg'
[1.559s] Level 1:colcon.colcon_core.package_identification:_identify(src/turtlebot3_simulations/ros2_aruco/ros2_aruco) by extensions ['colcon_meta']
[1.559s] Level 1:colcon.colcon_core.package_identification:_identify(src/turtlebot3_simulations/ros2_aruco/ros2_aruco) by extension 'colcon_meta'
[1.559s] Level 1:colcon.colcon_core.package_identification:_identify(src/turtlebot3_simulations/ros2_aruco/ros2_aruco) by extensions ['ros']
[1.559s] Level 1:colcon.colcon_core.package_identification:_identify(src/turtlebot3_simulations/ros2_aruco/ros2_aruco) by extension 'ros'
[1.560s] DEBUG:colcon.colcon_core.package_identification:Package 'src/turtlebot3_simulations/ros2_aruco/ros2_aruco' with type 'ros.ament_python' and name 'ros2_aruco'
[1.561s] Level 1:colcon.colcon_core.package_identification:_identify(src/turtlebot3_simulations/ros2_aruco/ros2_aruco_interfaces) by extensions ['ignore', 'ignore_ament_install']
[1.561s] Level 1:colcon.colcon_core.package_identification:_identify(src/turtlebot3_simulations/ros2_aruco/ros2_aruco_interfaces) by extension 'ignore'
[1.561s] Level 1:colcon.colcon_core.package_identification:_identify(src/turtlebot3_simulations/ros2_aruco/ros2_aruco_interfaces) by extension 'ignore_ament_install'
[1.561s] Level 1:colcon.colcon_core.package_identification:_identify(src/turtlebot3_simulations/ros2_aruco/ros2_aruco_interfaces) by extensions ['colcon_pkg']
[1.561s] Level 1:colcon.colcon_core.package_identification:_identify(src/turtlebot3_simulations/ros2_aruco/ros2_aruco_interfaces) by extension 'colcon_pkg'
[1.561s] Level 1:colcon.colcon_core.package_identification:_identify(src/turtlebot3_simulations/ros2_aruco/ros2_aruco_interfaces) by extensions ['colcon_meta']
[1.561s] Level 1:colcon.colcon_core.package_identification:_identify(src/turtlebot3_simulations/ros2_aruco/ros2_aruco_interfaces) by extension 'colcon_meta'
[1.561s] Level 1:colcon.colcon_core.package_identification:_identify(src/turtlebot3_simulations/ros2_aruco/ros2_aruco_interfaces) by extensions ['ros']
[1.561s] Level 1:colcon.colcon_core.package_identification:_identify(src/turtlebot3_simulations/ros2_aruco/ros2_aruco_interfaces) by extension 'ros'
[1.562s] DEBUG:colcon.colcon_core.package_identification:Package 'src/turtlebot3_simulations/ros2_aruco/ros2_aruco_interfaces' with type 'ros.ament_cmake' and name 'ros2_aruco_interfaces'
[1.563s] Level 1:colcon.colcon_core.package_identification:_identify(src/turtlebot3_simulations/turtlebot3_fake_node) by extensions ['ignore', 'ignore_ament_install']
[1.563s] Level 1:colcon.colcon_core.package_identification:_identify(src/turtlebot3_simulations/turtlebot3_fake_node) by extension 'ignore'
[1.563s] Level 1:colcon.colcon_core.package_identification:_identify(src/turtlebot3_simulations/turtlebot3_fake_node) by extension 'ignore_ament_install'
[1.563s] Level 1:colcon.colcon_core.package_identification:_identify(src/turtlebot3_simulations/turtlebot3_fake_node) by extensions ['colcon_pkg']
[1.563s] Level 1:colcon.colcon_core.package_identification:_identify(src/turtlebot3_simulations/turtlebot3_fake_node) by extension 'colcon_pkg'
[1.563s] Level 1:colcon.colcon_core.package_identification:_identify(src/turtlebot3_simulations/turtlebot3_fake_node) by extensions ['colcon_meta']
[1.563s] Level 1:colcon.colcon_core.package_identification:_identify(src/turtlebot3_simulations/turtlebot3_fake_node) by extension 'colcon_meta'
[1.563s] Level 1:colcon.colcon_core.package_identification:_identify(src/turtlebot3_simulations/turtlebot3_fake_node) by extensions ['ros']
[1.564s] Level 1:colcon.colcon_core.package_identification:_identify(src/turtlebot3_simulations/turtlebot3_fake_node) by extension 'ros'
[1.566s] DEBUG:colcon.colcon_core.package_identification:Package 'src/turtlebot3_simulations/turtlebot3_fake_node' with type 'ros.ament_cmake' and name 'turtlebot3_fake_node'
[1.566s] Level 1:colcon.colcon_core.package_identification:_identify(src/turtlebot3_simulations/turtlebot3_gazebo) by extensions ['ignore', 'ignore_ament_install']
[1.566s] Level 1:colcon.colcon_core.package_identification:_identify(src/turtlebot3_simulations/turtlebot3_gazebo) by extension 'ignore'
[1.566s] Level 1:colcon.colcon_core.package_identification:_identify(src/turtlebot3_simulations/turtlebot3_gazebo) by extension 'ignore_ament_install'
[1.566s] Level 1:colcon.colcon_core.package_identification:_identify(src/turtlebot3_simulations/turtlebot3_gazebo) by extensions ['colcon_pkg']
[1.566s] Level 1:colcon.colcon_core.package_identification:_identify(src/turtlebot3_simulations/turtlebot3_gazebo) by extension 'colcon_pkg'
[1.566s] Level 1:colcon.colcon_core.package_identification:_identify(src/turtlebot3_simulations/turtlebot3_gazebo) by extensions ['colcon_meta']
[1.566s] Level 1:colcon.colcon_core.package_identification:_identify(src/turtlebot3_simulations/turtlebot3_gazebo) by extension 'colcon_meta'
[1.566s] Level 1:colcon.colcon_core.package_identification:_identify(src/turtlebot3_simulations/turtlebot3_gazebo) by extensions ['ros']
[1.567s] Level 1:colcon.colcon_core.package_identification:_identify(src/turtlebot3_simulations/turtlebot3_gazebo) by extension 'ros'
[1.568s] DEBUG:colcon.colcon_core.package_identification:Package 'src/turtlebot3_simulations/turtlebot3_gazebo' with type 'ros.ament_cmake' and name 'turtlebot3_gazebo'
[1.569s] Level 1:colcon.colcon_core.package_identification:_identify(src/turtlebot3_simulations/turtlebot3_simulations) by extensions ['ignore', 'ignore_ament_install']
[1.569s] Level 1:colcon.colcon_core.package_identification:_identify(src/turtlebot3_simulations/turtlebot3_simulations) by extension 'ignore'
[1.569s] Level 1:colcon.colcon_core.package_identification:_identify(src/turtlebot3_simulations/turtlebot3_simulations) by extension 'ignore_ament_install'
[1.569s] Level 1:colcon.colcon_core.package_identification:_identify(src/turtlebot3_simulations/turtlebot3_simulations) by extensions ['colcon_pkg']
[1.569s] Level 1:colcon.colcon_core.package_identification:_identify(src/turtlebot3_simulations/turtlebot3_simulations) by extension 'colcon_pkg'
[1.569s] Level 1:colcon.colcon_core.package_identification:_identify(src/turtlebot3_simulations/turtlebot3_simulations) by extensions ['colcon_meta']
[1.569s] Level 1:colcon.colcon_core.package_identification:_identify(src/turtlebot3_simulations/turtlebot3_simulations) by extension 'colcon_meta'
[1.569s] Level 1:colcon.colcon_core.package_identification:_identify(src/turtlebot3_simulations/turtlebot3_simulations) by extensions ['ros']
[1.569s] Level 1:colcon.colcon_core.package_identification:_identify(src/turtlebot3_simulations/turtlebot3_simulations) by extension 'ros'
[1.571s] DEBUG:colcon.colcon_core.package_identification:Package 'src/turtlebot3_simulations/turtlebot3_simulations' with type 'ros.ament_cmake' and name 'turtlebot3_simulations'
[1.572s] Level 1:colcon.colcon_core.package_discovery:discover_packages(recursive) using defaults
[1.572s] Level 1:colcon.colcon_core.package_discovery:discover_packages(ignore) discover
[1.572s] Level 1:colcon.colcon_core.package_discovery:discover_packages(ignore) using defaults
[1.572s] Level 1:colcon.colcon_core.package_discovery:discover_packages(path) discover
[1.572s] Level 1:colcon.colcon_core.package_discovery:discover_packages(path) using defaults
[1.679s] INFO:colcon.colcon_core.package_selection:Skipping not selected package 'realsense2_camera_msgs' in 'src/turtlebot3_simulations/realsense-ros-4.51.1/realsense2_camera_msgs'
[1.679s] INFO:colcon.colcon_core.package_selection:Skipping not selected package 'ros2_aruco' in 'src/turtlebot3_simulations/ros2_aruco/ros2_aruco'
[1.679s] INFO:colcon.colcon_core.package_selection:Skipping not selected package 'ros2_aruco_interfaces' in 'src/turtlebot3_simulations/ros2_aruco/ros2_aruco_interfaces'
[1.680s] INFO:colcon.colcon_core.package_selection:Skipping not selected package 'turtlebot3_fake_node' in 'src/turtlebot3_simulations/turtlebot3_fake_node'
[1.680s] INFO:colcon.colcon_core.package_selection:Skipping not selected package 'realsense2_camera' in 'src/turtlebot3_simulations/realsense-ros-4.51.1/realsense2_camera'
[1.680s] INFO:colcon.colcon_core.package_selection:Skipping not selected package 'realsense2_description' in 'src/turtlebot3_simulations/realsense-ros-4.51.1/realsense2_description'
[1.680s] INFO:colcon.colcon_core.package_selection:Skipping not selected package 'turtlebot3_simulations' in 'src/turtlebot3_simulations/turtlebot3_simulations'
[1.735s] Level 1:colcon.colcon_core.package_discovery:discover_packages(prefix_path) check parameters
[1.735s] Level 1:colcon.colcon_core.package_discovery:discover_packages(prefix_path) discover
[1.780s] DEBUG:colcon.colcon_installed_package_information.package_discovery:Found 7 installed packages in /home/edwinooi/Desktop/foxy_ws/install
[1.803s] DEBUG:colcon.colcon_installed_package_information.package_discovery:Found 6 installed packages in /home/edwinooi/Desktop/emanual/install
[1.840s] DEBUG:colcon.colcon_installed_package_information.package_discovery:Found 383 installed packages in /opt/ros/humble
[1.842s] Level 1:colcon.colcon_core.package_discovery:discover_packages(prefix_path) using defaults
[1.958s] WARNING:colcon.colcon_core.package_selection:Some selected packages are already built in one or more underlay workspaces:
	'turtlebot3_gazebo' is in: /home/edwinooi/Desktop/foxy_ws/install/turtlebot3_gazebo, /home/edwinooi/Desktop/emanual/install/turtlebot3_gazebo
If a package in a merged underlay workspace is overridden and it installs headers, then all packages in the overlay must sort their include directories by workspace order. Failure to do so may result in build failures or undefined behavior at run time.
If the overridden package is used by another package in any underlay, then the overriding package in the overlay must be API and ABI compatible or undefined behavior at run time may occur.

If you understand the risks and want to override a package anyways, add the following to the command line:
	--allow-overriding turtlebot3_gazebo

This may be promoted to an error in a future release of colcon-override-check.
[1.983s] Level 5:colcon.colcon_core.verb:set package 'turtlebot3_gazebo' build argument 'cmake_args' from command line to 'None'
[1.983s] Level 5:colcon.colcon_core.verb:set package 'turtlebot3_gazebo' build argument 'cmake_target' from command line to 'None'
[1.983s] Level 5:colcon.colcon_core.verb:set package 'turtlebot3_gazebo' build argument 'cmake_target_skip_unavailable' from command line to 'False'
[1.983s] Level 5:colcon.colcon_core.verb:set package 'turtlebot3_gazebo' build argument 'cmake_clean_cache' from command line to 'False'
[1.983s] Level 5:colcon.colcon_core.verb:set package 'turtlebot3_gazebo' build argument 'cmake_clean_first' from command line to 'False'
[1.983s] Level 5:colcon.colcon_core.verb:set package 'turtlebot3_gazebo' build argument 'cmake_force_configure' from command line to 'False'
[1.983s] Level 5:colcon.colcon_core.verb:set package 'turtlebot3_gazebo' build argument 'ament_cmake_args' from command line to 'None'
[1.983s] Level 5:colcon.colcon_core.verb:set package 'turtlebot3_gazebo' build argument 'catkin_cmake_args' from command line to 'None'
[1.983s] Level 5:colcon.colcon_core.verb:set package 'turtlebot3_gazebo' build argument 'catkin_skip_building_tests' from command line to 'False'
[1.983s] DEBUG:colcon.colcon_core.verb:Building package 'turtlebot3_gazebo' with the following arguments: {'ament_cmake_args': None, 'build_base': '/home/edwinooi/Desktop/foxy_ws/build/turtlebot3_gazebo', 'catkin_cmake_args': None, 'catkin_skip_building_tests': False, 'cmake_args': None, 'cmake_clean_cache': False, 'cmake_clean_first': False, 'cmake_force_configure': False, 'cmake_target': None, 'cmake_target_skip_unavailable': False, 'install_base': '/home/edwinooi/Desktop/foxy_ws/install/turtlebot3_gazebo', 'merge_install': False, 'path': '/home/edwinooi/Desktop/foxy_ws/src/turtlebot3_simulations/turtlebot3_gazebo', 'symlink_install': False, 'test_result_base': None}
[2.008s] INFO:colcon.colcon_core.executor:Executing jobs using 'parallel' executor
[2.034s] DEBUG:colcon.colcon_parallel_executor.executor.parallel:run_until_complete
[2.035s] INFO:colcon.colcon_ros.task.ament_cmake.build:Building ROS package in '/home/edwinooi/Desktop/foxy_ws/src/turtlebot3_simulations/turtlebot3_gazebo' with build type 'ament_cmake'
[2.036s] INFO:colcon.colcon_cmake.task.cmake.build:Building CMake package in '/home/edwinooi/Desktop/foxy_ws/src/turtlebot3_simulations/turtlebot3_gazebo'
[2.082s] INFO:colcon.colcon_core.plugin_system:Skipping extension 'colcon_core.shell.bat': Not used on non-Windows systems
[2.082s] INFO:colcon.colcon_core.shell:Skip shell extension 'powershell' for command environment: Not usable outside of PowerShell
[2.082s] DEBUG:colcon.colcon_core.shell:Skip shell extension 'dsv' for command environment
[2.244s] DEBUG:colcon.colcon_core.event_handler.log_command:Invoking command in '/home/edwinooi/Desktop/foxy_ws/build/turtlebot3_gazebo': CMAKE_PREFIX_PATH=${CMAKE_PREFIX_PATH}:/home/edwinooi/Desktop/foxy_ws/install/ros2_aruco:/home/edwinooi/Desktop/emanual/install/ros2_aruco:/opt/ros/humble /usr/bin/cmake --build /home/edwinooi/Desktop/foxy_ws/build/turtlebot3_gazebo -- -j4 -l4
[2.645s] DEBUG:colcon.colcon_core.event_handler.log_command:Invoked command in '/home/edwinooi/Desktop/foxy_ws/build/turtlebot3_gazebo' returned '0': CMAKE_PREFIX_PATH=${CMAKE_PREFIX_PATH}:/home/edwinooi/Desktop/foxy_ws/install/ros2_aruco:/home/edwinooi/Desktop/emanual/install/ros2_aruco:/opt/ros/humble /usr/bin/cmake --build /home/edwinooi/Desktop/foxy_ws/build/turtlebot3_gazebo -- -j4 -l4
[2.724s] DEBUG:colcon.colcon_core.event_handler.log_command:Invoking command in '/home/edwinooi/Desktop/foxy_ws/build/turtlebot3_gazebo': CMAKE_PREFIX_PATH=${CMAKE_PREFIX_PATH}:/home/edwinooi/Desktop/foxy_ws/install/ros2_aruco:/home/edwinooi/Desktop/emanual/install/ros2_aruco:/opt/ros/humble /usr/bin/cmake --install /home/edwinooi/Desktop/foxy_ws/build/turtlebot3_gazebo
[2.756s] Level 1:colcon.colcon_core.environment:create_environment_scripts_only(turtlebot3_gazebo)
[2.799s] DEBUG:colcon.colcon_core.event_handler.log_command:Invoked command in '/home/edwinooi/Desktop/foxy_ws/build/turtlebot3_gazebo' returned '0': CMAKE_PREFIX_PATH=${CMAKE_PREFIX_PATH}:/home/edwinooi/Desktop/foxy_ws/install/ros2_aruco:/home/edwinooi/Desktop/emanual/install/ros2_aruco:/opt/ros/humble /usr/bin/cmake --install /home/edwinooi/Desktop/foxy_ws/build/turtlebot3_gazebo
[2.816s] Level 1:colcon.colcon_core.environment:checking '/home/edwinooi/Desktop/foxy_ws/install/turtlebot3_gazebo' for CMake module files
[2.817s] Level 1:colcon.colcon_core.environment:checking '/home/edwinooi/Desktop/foxy_ws/install/turtlebot3_gazebo' for CMake config files
[2.818s] Level 1:colcon.colcon_core.shell:create_environment_hook('turtlebot3_gazebo', 'cmake_prefix_path')
[2.849s] INFO:colcon.colcon_core.shell:Creating environment hook '/home/edwinooi/Desktop/foxy_ws/install/turtlebot3_gazebo/share/turtlebot3_gazebo/hook/cmake_prefix_path.ps1'
[2.850s] INFO:colcon.colcon_core.shell:Creating environment descriptor '/home/edwinooi/Desktop/foxy_ws/install/turtlebot3_gazebo/share/turtlebot3_gazebo/hook/cmake_prefix_path.dsv'
[2.850s] INFO:colcon.colcon_core.shell:Creating environment hook '/home/edwinooi/Desktop/foxy_ws/install/turtlebot3_gazebo/share/turtlebot3_gazebo/hook/cmake_prefix_path.sh'
[2.852s] Level 1:colcon.colcon_core.environment:checking '/home/edwinooi/Desktop/foxy_ws/install/turtlebot3_gazebo/lib'
[2.852s] Level 1:colcon.colcon_core.environment:checking '/home/edwinooi/Desktop/foxy_ws/install/turtlebot3_gazebo/bin'
[2.852s] Level 1:colcon.colcon_core.environment:checking '/home/edwinooi/Desktop/foxy_ws/install/turtlebot3_gazebo/lib/pkgconfig/turtlebot3_gazebo.pc'
[2.853s] Level 1:colcon.colcon_core.environment:checking '/home/edwinooi/Desktop/foxy_ws/install/turtlebot3_gazebo/lib/python3.10/site-packages'
[2.853s] Level 1:colcon.colcon_core.environment:checking '/home/edwinooi/Desktop/foxy_ws/install/turtlebot3_gazebo/bin'
[2.884s] INFO:colcon.colcon_core.shell:Creating package script '/home/edwinooi/Desktop/foxy_ws/install/turtlebot3_gazebo/share/turtlebot3_gazebo/package.ps1'
[2.885s] INFO:colcon.colcon_core.shell:Creating package descriptor '/home/edwinooi/Desktop/foxy_ws/install/turtlebot3_gazebo/share/turtlebot3_gazebo/package.dsv'
[2.886s] INFO:colcon.colcon_core.shell:Creating package script '/home/edwinooi/Desktop/foxy_ws/install/turtlebot3_gazebo/share/turtlebot3_gazebo/package.sh'
[2.887s] INFO:colcon.colcon_core.shell:Creating package script '/home/edwinooi/Desktop/foxy_ws/install/turtlebot3_gazebo/share/turtlebot3_gazebo/package.bash'
[2.888s] INFO:colcon.colcon_core.shell:Creating package script '/home/edwinooi/Desktop/foxy_ws/install/turtlebot3_gazebo/share/turtlebot3_gazebo/package.zsh'
[2.889s] Level 1:colcon.colcon_core.environment:create_file_with_runtime_dependencies(/home/edwinooi/Desktop/foxy_ws/install/turtlebot3_gazebo/share/colcon-core/packages/turtlebot3_gazebo)
[2.989s] Level 1:colcon.colcon_core.environment:create_environment_scripts_only(turtlebot3_gazebo)
[3.015s] Level 1:colcon.colcon_core.environment:checking '/home/edwinooi/Desktop/foxy_ws/install/turtlebot3_gazebo' for CMake module files
[3.016s] Level 1:colcon.colcon_core.environment:checking '/home/edwinooi/Desktop/foxy_ws/install/turtlebot3_gazebo' for CMake config files
[3.017s] Level 1:colcon.colcon_core.shell:create_environment_hook('turtlebot3_gazebo', 'cmake_prefix_path')
[3.046s] INFO:colcon.colcon_core.shell:Creating environment hook '/home/edwinooi/Desktop/foxy_ws/install/turtlebot3_gazebo/share/turtlebot3_gazebo/hook/cmake_prefix_path.ps1'
[3.047s] INFO:colcon.colcon_core.shell:Creating environment descriptor '/home/edwinooi/Desktop/foxy_ws/install/turtlebot3_gazebo/share/turtlebot3_gazebo/hook/cmake_prefix_path.dsv'
[3.048s] INFO:colcon.colcon_core.shell:Creating environment hook '/home/edwinooi/Desktop/foxy_ws/install/turtlebot3_gazebo/share/turtlebot3_gazebo/hook/cmake_prefix_path.sh'
[3.048s] Level 1:colcon.colcon_core.environment:checking '/home/edwinooi/Desktop/foxy_ws/install/turtlebot3_gazebo/lib'
[3.049s] Level 1:colcon.colcon_core.environment:checking '/home/edwinooi/Desktop/foxy_ws/install/turtlebot3_gazebo/bin'
[3.049s] Level 1:colcon.colcon_core.environment:checking '/home/edwinooi/Desktop/foxy_ws/install/turtlebot3_gazebo/lib/pkgconfig/turtlebot3_gazebo.pc'
[3.049s] Level 1:colcon.colcon_core.environment:checking '/home/edwinooi/Desktop/foxy_ws/install/turtlebot3_gazebo/lib/python3.10/site-packages'
[3.050s] Level 1:colcon.colcon_core.environment:checking '/home/edwinooi/Desktop/foxy_ws/install/turtlebot3_gazebo/bin'
[3.072s] INFO:colcon.colcon_core.shell:Creating package script '/home/edwinooi/Desktop/foxy_ws/install/turtlebot3_gazebo/share/turtlebot3_gazebo/package.ps1'
[3.073s] INFO:colcon.colcon_core.shell:Creating package descriptor '/home/edwinooi/Desktop/foxy_ws/install/turtlebot3_gazebo/share/turtlebot3_gazebo/package.dsv'
[3.074s] INFO:colcon.colcon_core.shell:Creating package script '/home/edwinooi/Desktop/foxy_ws/install/turtlebot3_gazebo/share/turtlebot3_gazebo/package.sh'
[3.075s] INFO:colcon.colcon_core.shell:Creating package script '/home/edwinooi/Desktop/foxy_ws/install/turtlebot3_gazebo/share/turtlebot3_gazebo/package.bash'
[3.076s] INFO:colcon.colcon_core.shell:Creating package script '/home/edwinooi/Desktop/foxy_ws/install/turtlebot3_gazebo/share/turtlebot3_gazebo/package.zsh'
[3.076s] Level 1:colcon.colcon_core.environment:create_file_with_runtime_dependencies(/home/edwinooi/Desktop/foxy_ws/install/turtlebot3_gazebo/share/colcon-core/packages/turtlebot3_gazebo)
[3.077s] DEBUG:colcon.colcon_parallel_executor.executor.parallel:closing loop
[3.078s] DEBUG:colcon.colcon_parallel_executor.executor.parallel:loop closed
[3.078s] DEBUG:colcon.colcon_parallel_executor.executor.parallel:run_until_complete finished with '0'
[3.078s] DEBUG:colcon.colcon_core.event_reactor:joining thread
[3.124s] INFO:colcon.colcon_core.plugin_system:Skipping extension 'colcon_notification.desktop_notification.terminal_notifier': Not used on non-Darwin systems
[3.124s] INFO:colcon.colcon_core.plugin_system:Skipping extension 'colcon_notification.desktop_notification.win32': Not used on non-Windows systems
[3.124s] INFO:colcon.colcon_notification.desktop_notification:Sending desktop notification using 'notify2'
[3.151s] DEBUG:colcon.colcon_core.event_reactor:joined thread
[3.201s] INFO:colcon.colcon_core.shell:Creating prefix script '/home/edwinooi/Desktop/foxy_ws/install/local_setup.ps1'
[3.203s] INFO:colcon.colcon_core.shell:Creating prefix util module '/home/edwinooi/Desktop/foxy_ws/install/_local_setup_util_ps1.py'
[3.207s] INFO:colcon.colcon_core.shell:Creating prefix chain script '/home/edwinooi/Desktop/foxy_ws/install/setup.ps1'
[3.259s] INFO:colcon.colcon_core.shell:Creating prefix script '/home/edwinooi/Desktop/foxy_ws/install/local_setup.sh'
[3.260s] INFO:colcon.colcon_core.shell:Creating prefix util module '/home/edwinooi/Desktop/foxy_ws/install/_local_setup_util_sh.py'
[3.261s] INFO:colcon.colcon_core.shell:Creating prefix chain script '/home/edwinooi/Desktop/foxy_ws/install/setup.sh'
[3.303s] INFO:colcon.colcon_core.shell:Creating prefix script '/home/edwinooi/Desktop/foxy_ws/install/local_setup.bash'
[3.304s] INFO:colcon.colcon_core.shell:Creating prefix chain script '/home/edwinooi/Desktop/foxy_ws/install/setup.bash'
[3.352s] INFO:colcon.colcon_core.shell:Creating prefix script '/home/edwinooi/Desktop/foxy_ws/install/local_setup.zsh'
[3.353s] INFO:colcon.colcon_core.shell:Creating prefix chain script '/home/edwinooi/Desktop/foxy_ws/install/setup.zsh'
