[0.216s] Invoking command in '/home/edwinooi/Desktop/foxy_ws/build/realsense2_camera_msgs': CMAKE_PREFIX_PATH=${CMAKE_PREFIX_PATH}:/home/edwinooi/Desktop/emanual/install/ros2_aruco:/opt/ros/humble /usr/bin/cmake --build /home/edwinooi/Desktop/foxy_ws/build/realsense2_camera_msgs -- -j4 -l4
[0.362s] [  1%] Built target realsense2_camera_msgs__cpp
[0.456s] [ 12%] Built target realsense2_camera_msgs__rosidl_generator_c
[0.560s] [ 12%] Built target ament_cmake_python_copy_realsense2_camera_msgs
[0.642s] [ 23%] Built target realsense2_camera_msgs__rosidl_typesupport_cpp
[0.673s] [ 34%] Built target realsense2_camera_msgs__rosidl_typesupport_fastrtps_cpp
[0.728s] [ 45%] Built target realsense2_camera_msgs__rosidl_typesupport_introspection_cpp
[0.853s] [ 56%] Built target realsense2_camera_msgs__rosidl_typesupport_introspection_c
[0.894s] [ 67%] Built target realsense2_camera_msgs__rosidl_typesupport_c
[0.929s] [ 78%] Built target realsense2_camera_msgs__rosidl_typesupport_fastrtps_c
[1.168s] [ 78%] Built target realsense2_camera_msgs
[1.338s] [ 80%] Built target realsense2_camera_msgs__py
[1.519s] [ 89%] Built target realsense2_camera_msgs__rosidl_generator_py
[1.711s] [ 94%] Built target realsense2_camera_msgs__rosidl_typesupport_introspection_c__pyext
[1.711s] [ 96%] Built target realsense2_camera_msgs__rosidl_typesupport_fastrtps_c__pyext
[1.958s] [100%] Built target realsense2_camera_msgs__rosidl_typesupport_c__pyext
[2.503s] running egg_info
[2.505s] writing realsense2_camera_msgs.egg-info/PKG-INFO
[2.507s] writing dependency_links to realsense2_camera_msgs.egg-info/dependency_links.txt
[2.508s] writing top-level names to realsense2_camera_msgs.egg-info/top_level.txt
[2.525s] reading manifest file 'realsense2_camera_msgs.egg-info/SOURCES.txt'
[2.526s] writing manifest file 'realsense2_camera_msgs.egg-info/SOURCES.txt'
[2.600s] [100%] Built target ament_cmake_python_build_realsense2_camera_msgs_egg
[3.250s] Invoked command in '/home/edwinooi/Desktop/foxy_ws/build/realsense2_camera_msgs' returned '0': CMAKE_PREFIX_PATH=${CMAKE_PREFIX_PATH}:/home/edwinooi/Desktop/emanual/install/ros2_aruco:/opt/ros/humble /usr/bin/cmake --build /home/edwinooi/Desktop/foxy_ws/build/realsense2_camera_msgs -- -j4 -l4
[4.435s] Invoking command in '/home/edwinooi/Desktop/foxy_ws/build/realsense2_camera_msgs': CMAKE_PREFIX_PATH=${CMAKE_PREFIX_PATH}:/home/edwinooi/Desktop/emanual/install/ros2_aruco:/opt/ros/humble /usr/bin/cmake --install /home/edwinooi/Desktop/foxy_ws/build/realsense2_camera_msgs
[4.788s] -- Install configuration: ""
[4.789s] -- Up-to-date: /home/edwinooi/Desktop/foxy_ws/install/realsense2_camera_msgs/share/ament_index/resource_index/rosidl_interfaces/realsense2_camera_msgs
[4.790s] -- Up-to-date: /home/edwinooi/Desktop/foxy_ws/install/realsense2_camera_msgs/include/realsense2_camera_msgs/realsense2_camera_msgs
[4.790s] -- Up-to-date: /home/edwinooi/Desktop/foxy_ws/install/realsense2_camera_msgs/include/realsense2_camera_msgs/realsense2_camera_msgs/msg
[4.790s] -- Up-to-date: /home/edwinooi/Desktop/foxy_ws/install/realsense2_camera_msgs/include/realsense2_camera_msgs/realsense2_camera_msgs/msg/rosidl_generator_c__visibility_control.h
[4.790s] -- Up-to-date: /home/edwinooi/Desktop/foxy_ws/install/realsense2_camera_msgs/include/realsense2_camera_msgs/realsense2_camera_msgs/msg/extrinsics.h
[4.790s] -- Up-to-date: /home/edwinooi/Desktop/foxy_ws/install/realsense2_camera_msgs/include/realsense2_camera_msgs/realsense2_camera_msgs/msg/detail
[4.790s] -- Up-to-date: /home/edwinooi/Desktop/foxy_ws/install/realsense2_camera_msgs/include/realsense2_camera_msgs/realsense2_camera_msgs/msg/detail/imu_info__struct.h
[4.791s] -- Up-to-date: /home/edwinooi/Desktop/foxy_ws/install/realsense2_camera_msgs/include/realsense2_camera_msgs/realsense2_camera_msgs/msg/detail/metadata__functions.h
[4.791s] -- Up-to-date: /home/edwinooi/Desktop/foxy_ws/install/realsense2_camera_msgs/include/realsense2_camera_msgs/realsense2_camera_msgs/msg/detail/imu_info__functions.h
[4.791s] -- Up-to-date: /home/edwinooi/Desktop/foxy_ws/install/realsense2_camera_msgs/include/realsense2_camera_msgs/realsense2_camera_msgs/msg/detail/metadata__struct.h
[4.791s] -- Up-to-date: /home/edwinooi/Desktop/foxy_ws/install/realsense2_camera_msgs/include/realsense2_camera_msgs/realsense2_camera_msgs/msg/detail/extrinsics__functions.h
[4.791s] -- Up-to-date: /home/edwinooi/Desktop/foxy_ws/install/realsense2_camera_msgs/include/realsense2_camera_msgs/realsense2_camera_msgs/msg/detail/extrinsics__type_support.h
[4.791s] -- Up-to-date: /home/edwinooi/Desktop/foxy_ws/install/realsense2_camera_msgs/include/realsense2_camera_msgs/realsense2_camera_msgs/msg/detail/extrinsics__struct.h
[4.791s] -- Up-to-date: /home/edwinooi/Desktop/foxy_ws/install/realsense2_camera_msgs/include/realsense2_camera_msgs/realsense2_camera_msgs/msg/detail/imu_info__type_support.h
[4.791s] -- Up-to-date: /home/edwinooi/Desktop/foxy_ws/install/realsense2_camera_msgs/include/realsense2_camera_msgs/realsense2_camera_msgs/msg/detail/metadata__functions.c
[4.792s] -- Up-to-date: /home/edwinooi/Desktop/foxy_ws/install/realsense2_camera_msgs/include/realsense2_camera_msgs/realsense2_camera_msgs/msg/detail/metadata__type_support.h
[4.792s] -- Up-to-date: /home/edwinooi/Desktop/foxy_ws/install/realsense2_camera_msgs/include/realsense2_camera_msgs/realsense2_camera_msgs/msg/detail/imu_info__functions.c
[4.793s] -- Up-to-date: /home/edwinooi/Desktop/foxy_ws/install/realsense2_camera_msgs/include/realsense2_camera_msgs/realsense2_camera_msgs/msg/detail/extrinsics__functions.c
[4.793s] -- Up-to-date: /home/edwinooi/Desktop/foxy_ws/install/realsense2_camera_msgs/include/realsense2_camera_msgs/realsense2_camera_msgs/msg/metadata.h
[4.793s] -- Up-to-date: /home/edwinooi/Desktop/foxy_ws/install/realsense2_camera_msgs/include/realsense2_camera_msgs/realsense2_camera_msgs/msg/imu_info.h
[4.793s] -- Up-to-date: /home/edwinooi/Desktop/foxy_ws/install/realsense2_camera_msgs/include/realsense2_camera_msgs/realsense2_camera_msgs/srv
[4.793s] -- Up-to-date: /home/edwinooi/Desktop/foxy_ws/install/realsense2_camera_msgs/include/realsense2_camera_msgs/realsense2_camera_msgs/srv/detail
[4.793s] -- Up-to-date: /home/edwinooi/Desktop/foxy_ws/install/realsense2_camera_msgs/include/realsense2_camera_msgs/realsense2_camera_msgs/srv/detail/device_info__struct.h
[4.796s] -- Up-to-date: /home/edwinooi/Desktop/foxy_ws/install/realsense2_camera_msgs/include/realsense2_camera_msgs/realsense2_camera_msgs/srv/detail/device_info__type_support.h
[4.796s] -- Up-to-date: /home/edwinooi/Desktop/foxy_ws/install/realsense2_camera_msgs/include/realsense2_camera_msgs/realsense2_camera_msgs/srv/detail/device_info__functions.c
[4.796s] -- Up-to-date: /home/edwinooi/Desktop/foxy_ws/install/realsense2_camera_msgs/include/realsense2_camera_msgs/realsense2_camera_msgs/srv/detail/device_info__functions.h
[4.796s] -- Up-to-date: /home/edwinooi/Desktop/foxy_ws/install/realsense2_camera_msgs/include/realsense2_camera_msgs/realsense2_camera_msgs/srv/device_info.h
[4.802s] -- Up-to-date: /home/edwinooi/Desktop/foxy_ws/install/realsense2_camera_msgs/share/realsense2_camera_msgs/environment/library_path.sh
[4.802s] -- Up-to-date: /home/edwinooi/Desktop/foxy_ws/install/realsense2_camera_msgs/share/realsense2_camera_msgs/environment/library_path.dsv
[4.802s] -- Up-to-date: /home/edwinooi/Desktop/foxy_ws/install/realsense2_camera_msgs/lib/librealsense2_camera_msgs__rosidl_generator_c.so
[4.802s] -- Up-to-date: /home/edwinooi/Desktop/foxy_ws/install/realsense2_camera_msgs/include/realsense2_camera_msgs/realsense2_camera_msgs
[4.803s] -- Up-to-date: /home/edwinooi/Desktop/foxy_ws/install/realsense2_camera_msgs/include/realsense2_camera_msgs/realsense2_camera_msgs/msg
[4.803s] -- Up-to-date: /home/edwinooi/Desktop/foxy_ws/install/realsense2_camera_msgs/include/realsense2_camera_msgs/realsense2_camera_msgs/msg/rosidl_typesupport_fastrtps_c__visibility_control.h
[4.803s] -- Up-to-date: /home/edwinooi/Desktop/foxy_ws/install/realsense2_camera_msgs/include/realsense2_camera_msgs/realsense2_camera_msgs/msg/detail
[4.803s] -- Up-to-date: /home/edwinooi/Desktop/foxy_ws/install/realsense2_camera_msgs/include/realsense2_camera_msgs/realsense2_camera_msgs/msg/detail/imu_info__rosidl_typesupport_fastrtps_c.h
[4.803s] -- Up-to-date: /home/edwinooi/Desktop/foxy_ws/install/realsense2_camera_msgs/include/realsense2_camera_msgs/realsense2_camera_msgs/msg/detail/extrinsics__rosidl_typesupport_fastrtps_c.h
[4.804s] -- Up-to-date: /home/edwinooi/Desktop/foxy_ws/install/realsense2_camera_msgs/include/realsense2_camera_msgs/realsense2_camera_msgs/msg/detail/metadata__rosidl_typesupport_fastrtps_c.h
[4.804s] -- Up-to-date: /home/edwinooi/Desktop/foxy_ws/install/realsense2_camera_msgs/include/realsense2_camera_msgs/realsense2_camera_msgs/srv
[4.804s] -- Up-to-date: /home/edwinooi/Desktop/foxy_ws/install/realsense2_camera_msgs/include/realsense2_camera_msgs/realsense2_camera_msgs/srv/detail
[4.804s] -- Up-to-date: /home/edwinooi/Desktop/foxy_ws/install/realsense2_camera_msgs/include/realsense2_camera_msgs/realsense2_camera_msgs/srv/detail/device_info__rosidl_typesupport_fastrtps_c.h
[4.804s] -- Up-to-date: /home/edwinooi/Desktop/foxy_ws/install/realsense2_camera_msgs/lib/librealsense2_camera_msgs__rosidl_typesupport_fastrtps_c.so
[4.804s] -- Up-to-date: /home/edwinooi/Desktop/foxy_ws/install/realsense2_camera_msgs/include/realsense2_camera_msgs/realsense2_camera_msgs
[4.805s] -- Up-to-date: /home/edwinooi/Desktop/foxy_ws/install/realsense2_camera_msgs/include/realsense2_camera_msgs/realsense2_camera_msgs/msg
[4.805s] -- Up-to-date: /home/edwinooi/Desktop/foxy_ws/install/realsense2_camera_msgs/include/realsense2_camera_msgs/realsense2_camera_msgs/msg/rosidl_typesupport_introspection_c__visibility_control.h
[4.805s] -- Up-to-date: /home/edwinooi/Desktop/foxy_ws/install/realsense2_camera_msgs/include/realsense2_camera_msgs/realsense2_camera_msgs/msg/detail
[4.805s] -- Up-to-date: /home/edwinooi/Desktop/foxy_ws/install/realsense2_camera_msgs/include/realsense2_camera_msgs/realsense2_camera_msgs/msg/detail/extrinsics__rosidl_typesupport_introspection_c.h
[4.805s] -- Up-to-date: /home/edwinooi/Desktop/foxy_ws/install/realsense2_camera_msgs/include/realsense2_camera_msgs/realsense2_camera_msgs/msg/detail/metadata__rosidl_typesupport_introspection_c.h
[4.805s] -- Up-to-date: /home/edwinooi/Desktop/foxy_ws/install/realsense2_camera_msgs/include/realsense2_camera_msgs/realsense2_camera_msgs/msg/detail/imu_info__type_support.c
[4.806s] -- Up-to-date: /home/edwinooi/Desktop/foxy_ws/install/realsense2_camera_msgs/include/realsense2_camera_msgs/realsense2_camera_msgs/msg/detail/extrinsics__type_support.c
[4.806s] -- Up-to-date: /home/edwinooi/Desktop/foxy_ws/install/realsense2_camera_msgs/include/realsense2_camera_msgs/realsense2_camera_msgs/msg/detail/imu_info__rosidl_typesupport_introspection_c.h
[4.806s] -- Up-to-date: /home/edwinooi/Desktop/foxy_ws/install/realsense2_camera_msgs/include/realsense2_camera_msgs/realsense2_camera_msgs/msg/detail/metadata__type_support.c
[4.806s] -- Up-to-date: /home/edwinooi/Desktop/foxy_ws/install/realsense2_camera_msgs/include/realsense2_camera_msgs/realsense2_camera_msgs/srv
[4.806s] -- Up-to-date: /home/edwinooi/Desktop/foxy_ws/install/realsense2_camera_msgs/include/realsense2_camera_msgs/realsense2_camera_msgs/srv/detail
[4.806s] -- Up-to-date: /home/edwinooi/Desktop/foxy_ws/install/realsense2_camera_msgs/include/realsense2_camera_msgs/realsense2_camera_msgs/srv/detail/device_info__rosidl_typesupport_introspection_c.h
[4.807s] -- Up-to-date: /home/edwinooi/Desktop/foxy_ws/install/realsense2_camera_msgs/include/realsense2_camera_msgs/realsense2_camera_msgs/srv/detail/device_info__type_support.c
[4.807s] -- Up-to-date: /home/edwinooi/Desktop/foxy_ws/install/realsense2_camera_msgs/lib/librealsense2_camera_msgs__rosidl_typesupport_introspection_c.so
[4.807s] -- Up-to-date: /home/edwinooi/Desktop/foxy_ws/install/realsense2_camera_msgs/lib/librealsense2_camera_msgs__rosidl_typesupport_c.so
[4.807s] -- Up-to-date: /home/edwinooi/Desktop/foxy_ws/install/realsense2_camera_msgs/include/realsense2_camera_msgs/realsense2_camera_msgs
[4.807s] -- Up-to-date: /home/edwinooi/Desktop/foxy_ws/install/realsense2_camera_msgs/include/realsense2_camera_msgs/realsense2_camera_msgs/msg
[4.807s] -- Up-to-date: /home/edwinooi/Desktop/foxy_ws/install/realsense2_camera_msgs/include/realsense2_camera_msgs/realsense2_camera_msgs/msg/metadata.hpp
[4.808s] -- Up-to-date: /home/edwinooi/Desktop/foxy_ws/install/realsense2_camera_msgs/include/realsense2_camera_msgs/realsense2_camera_msgs/msg/extrinsics.hpp
[4.810s] -- Up-to-date: /home/edwinooi/Desktop/foxy_ws/install/realsense2_camera_msgs/include/realsense2_camera_msgs/realsense2_camera_msgs/msg/detail
[4.810s] -- Up-to-date: /home/edwinooi/Desktop/foxy_ws/install/realsense2_camera_msgs/include/realsense2_camera_msgs/realsense2_camera_msgs/msg/detail/imu_info__traits.hpp
[4.810s] -- Up-to-date: /home/edwinooi/Desktop/foxy_ws/install/realsense2_camera_msgs/include/realsense2_camera_msgs/realsense2_camera_msgs/msg/detail/extrinsics__traits.hpp
[4.810s] -- Up-to-date: /home/edwinooi/Desktop/foxy_ws/install/realsense2_camera_msgs/include/realsense2_camera_msgs/realsense2_camera_msgs/msg/detail/metadata__builder.hpp
[4.811s] -- Up-to-date: /home/edwinooi/Desktop/foxy_ws/install/realsense2_camera_msgs/include/realsense2_camera_msgs/realsense2_camera_msgs/msg/detail/imu_info__builder.hpp
[4.831s] -- Up-to-date: /home/edwinooi/Desktop/foxy_ws/install/realsense2_camera_msgs/include/realsense2_camera_msgs/realsense2_camera_msgs/msg/detail/metadata__struct.hpp
[4.832s] -- Up-to-date: /home/edwinooi/Desktop/foxy_ws/install/realsense2_camera_msgs/include/realsense2_camera_msgs/realsense2_camera_msgs/msg/detail/extrinsics__struct.hpp
[4.832s] -- Up-to-date: /home/edwinooi/Desktop/foxy_ws/install/realsense2_camera_msgs/include/realsense2_camera_msgs/realsense2_camera_msgs/msg/detail/imu_info__struct.hpp
[4.832s] -- Up-to-date: /home/edwinooi/Desktop/foxy_ws/install/realsense2_camera_msgs/include/realsense2_camera_msgs/realsense2_camera_msgs/msg/detail/metadata__traits.hpp
[4.833s] -- Up-to-date: /home/edwinooi/Desktop/foxy_ws/install/realsense2_camera_msgs/include/realsense2_camera_msgs/realsense2_camera_msgs/msg/detail/extrinsics__builder.hpp
[4.833s] -- Up-to-date: /home/edwinooi/Desktop/foxy_ws/install/realsense2_camera_msgs/include/realsense2_camera_msgs/realsense2_camera_msgs/msg/imu_info.hpp
[4.833s] -- Up-to-date: /home/edwinooi/Desktop/foxy_ws/install/realsense2_camera_msgs/include/realsense2_camera_msgs/realsense2_camera_msgs/srv
[4.833s] -- Up-to-date: /home/edwinooi/Desktop/foxy_ws/install/realsense2_camera_msgs/include/realsense2_camera_msgs/realsense2_camera_msgs/srv/detail
[4.833s] -- Up-to-date: /home/edwinooi/Desktop/foxy_ws/install/realsense2_camera_msgs/include/realsense2_camera_msgs/realsense2_camera_msgs/srv/detail/device_info__builder.hpp
[4.833s] -- Up-to-date: /home/edwinooi/Desktop/foxy_ws/install/realsense2_camera_msgs/include/realsense2_camera_msgs/realsense2_camera_msgs/srv/detail/device_info__traits.hpp
[4.834s] -- Up-to-date: /home/edwinooi/Desktop/foxy_ws/install/realsense2_camera_msgs/include/realsense2_camera_msgs/realsense2_camera_msgs/srv/detail/device_info__struct.hpp
[4.834s] -- Up-to-date: /home/edwinooi/Desktop/foxy_ws/install/realsense2_camera_msgs/include/realsense2_camera_msgs/realsense2_camera_msgs/srv/device_info.hpp
[4.834s] -- Up-to-date: /home/edwinooi/Desktop/foxy_ws/install/realsense2_camera_msgs/include/realsense2_camera_msgs/realsense2_camera_msgs
[4.834s] -- Up-to-date: /home/edwinooi/Desktop/foxy_ws/install/realsense2_camera_msgs/include/realsense2_camera_msgs/realsense2_camera_msgs/msg
[4.835s] -- Up-to-date: /home/edwinooi/Desktop/foxy_ws/install/realsense2_camera_msgs/include/realsense2_camera_msgs/realsense2_camera_msgs/msg/rosidl_typesupport_fastrtps_cpp__visibility_control.h
[4.835s] -- Up-to-date: /home/edwinooi/Desktop/foxy_ws/install/realsense2_camera_msgs/include/realsense2_camera_msgs/realsense2_camera_msgs/msg/detail
[4.835s] -- Up-to-date: /home/edwinooi/Desktop/foxy_ws/install/realsense2_camera_msgs/include/realsense2_camera_msgs/realsense2_camera_msgs/msg/detail/extrinsics__rosidl_typesupport_fastrtps_cpp.hpp
[4.835s] -- Up-to-date: /home/edwinooi/Desktop/foxy_ws/install/realsense2_camera_msgs/include/realsense2_camera_msgs/realsense2_camera_msgs/msg/detail/metadata__rosidl_typesupport_fastrtps_cpp.hpp
[4.835s] -- Up-to-date: /home/edwinooi/Desktop/foxy_ws/install/realsense2_camera_msgs/include/realsense2_camera_msgs/realsense2_camera_msgs/msg/detail/dds_fastrtps
[4.835s] -- Up-to-date: /home/edwinooi/Desktop/foxy_ws/install/realsense2_camera_msgs/include/realsense2_camera_msgs/realsense2_camera_msgs/msg/detail/imu_info__rosidl_typesupport_fastrtps_cpp.hpp
[4.836s] -- Up-to-date: /home/edwinooi/Desktop/foxy_ws/install/realsense2_camera_msgs/include/realsense2_camera_msgs/realsense2_camera_msgs/srv
[4.836s] -- Up-to-date: /home/edwinooi/Desktop/foxy_ws/install/realsense2_camera_msgs/include/realsense2_camera_msgs/realsense2_camera_msgs/srv/detail
[4.836s] -- Up-to-date: /home/edwinooi/Desktop/foxy_ws/install/realsense2_camera_msgs/include/realsense2_camera_msgs/realsense2_camera_msgs/srv/detail/device_info__rosidl_typesupport_fastrtps_cpp.hpp
[4.836s] -- Up-to-date: /home/edwinooi/Desktop/foxy_ws/install/realsense2_camera_msgs/include/realsense2_camera_msgs/realsense2_camera_msgs/srv/detail/dds_fastrtps
[4.836s] -- Up-to-date: /home/edwinooi/Desktop/foxy_ws/install/realsense2_camera_msgs/lib/librealsense2_camera_msgs__rosidl_typesupport_fastrtps_cpp.so
[4.836s] -- Up-to-date: /home/edwinooi/Desktop/foxy_ws/install/realsense2_camera_msgs/include/realsense2_camera_msgs/realsense2_camera_msgs
[4.837s] -- Up-to-date: /home/edwinooi/Desktop/foxy_ws/install/realsense2_camera_msgs/include/realsense2_camera_msgs/realsense2_camera_msgs/msg
[4.837s] -- Up-to-date: /home/edwinooi/Desktop/foxy_ws/install/realsense2_camera_msgs/include/realsense2_camera_msgs/realsense2_camera_msgs/msg/detail
[4.837s] -- Up-to-date: /home/edwinooi/Desktop/foxy_ws/install/realsense2_camera_msgs/include/realsense2_camera_msgs/realsense2_camera_msgs/msg/detail/metadata__rosidl_typesupport_introspection_cpp.hpp
[4.837s] -- Up-to-date: /home/edwinooi/Desktop/foxy_ws/install/realsense2_camera_msgs/include/realsense2_camera_msgs/realsense2_camera_msgs/msg/detail/extrinsics__type_support.cpp
[4.837s] -- Up-to-date: /home/edwinooi/Desktop/foxy_ws/install/realsense2_camera_msgs/include/realsense2_camera_msgs/realsense2_camera_msgs/msg/detail/metadata__type_support.cpp
[4.837s] -- Up-to-date: /home/edwinooi/Desktop/foxy_ws/install/realsense2_camera_msgs/include/realsense2_camera_msgs/realsense2_camera_msgs/msg/detail/imu_info__rosidl_typesupport_introspection_cpp.hpp
[4.838s] -- Up-to-date: /home/edwinooi/Desktop/foxy_ws/install/realsense2_camera_msgs/include/realsense2_camera_msgs/realsense2_camera_msgs/msg/detail/imu_info__type_support.cpp
[4.838s] -- Up-to-date: /home/edwinooi/Desktop/foxy_ws/install/realsense2_camera_msgs/include/realsense2_camera_msgs/realsense2_camera_msgs/msg/detail/extrinsics__rosidl_typesupport_introspection_cpp.hpp
[4.838s] -- Up-to-date: /home/edwinooi/Desktop/foxy_ws/install/realsense2_camera_msgs/include/realsense2_camera_msgs/realsense2_camera_msgs/srv
[4.838s] -- Up-to-date: /home/edwinooi/Desktop/foxy_ws/install/realsense2_camera_msgs/include/realsense2_camera_msgs/realsense2_camera_msgs/srv/detail
[4.838s] -- Up-to-date: /home/edwinooi/Desktop/foxy_ws/install/realsense2_camera_msgs/include/realsense2_camera_msgs/realsense2_camera_msgs/srv/detail/device_info__type_support.cpp
[4.838s] -- Up-to-date: /home/edwinooi/Desktop/foxy_ws/install/realsense2_camera_msgs/include/realsense2_camera_msgs/realsense2_camera_msgs/srv/detail/device_info__rosidl_typesupport_introspection_cpp.hpp
[4.839s] -- Up-to-date: /home/edwinooi/Desktop/foxy_ws/install/realsense2_camera_msgs/lib/librealsense2_camera_msgs__rosidl_typesupport_introspection_cpp.so
[4.839s] -- Up-to-date: /home/edwinooi/Desktop/foxy_ws/install/realsense2_camera_msgs/lib/librealsense2_camera_msgs__rosidl_typesupport_cpp.so
[4.839s] -- Up-to-date: /home/edwinooi/Desktop/foxy_ws/install/realsense2_camera_msgs/share/realsense2_camera_msgs/environment/pythonpath.sh
[4.839s] -- Up-to-date: /home/edwinooi/Desktop/foxy_ws/install/realsense2_camera_msgs/share/realsense2_camera_msgs/environment/pythonpath.dsv
[4.839s] -- Up-to-date: /home/edwinooi/Desktop/foxy_ws/install/realsense2_camera_msgs/local/lib/python3.10/dist-packages/realsense2_camera_msgs-4.51.1-py3.10.egg-info
[4.839s] -- Installing: /home/edwinooi/Desktop/foxy_ws/install/realsense2_camera_msgs/local/lib/python3.10/dist-packages/realsense2_camera_msgs-4.51.1-py3.10.egg-info/SOURCES.txt
[4.839s] -- Installing: /home/edwinooi/Desktop/foxy_ws/install/realsense2_camera_msgs/local/lib/python3.10/dist-packages/realsense2_camera_msgs-4.51.1-py3.10.egg-info/PKG-INFO
[4.840s] -- Installing: /home/edwinooi/Desktop/foxy_ws/install/realsense2_camera_msgs/local/lib/python3.10/dist-packages/realsense2_camera_msgs-4.51.1-py3.10.egg-info/top_level.txt
[4.872s] -- Installing: /home/edwinooi/Desktop/foxy_ws/install/realsense2_camera_msgs/local/lib/python3.10/dist-packages/realsense2_camera_msgs-4.51.1-py3.10.egg-info/dependency_links.txt
[4.873s] -- Up-to-date: /home/edwinooi/Desktop/foxy_ws/install/realsense2_camera_msgs/local/lib/python3.10/dist-packages/realsense2_camera_msgs
[4.873s] -- Up-to-date: /home/edwinooi/Desktop/foxy_ws/install/realsense2_camera_msgs/local/lib/python3.10/dist-packages/realsense2_camera_msgs/realsense2_camera_msgs_s__rosidl_typesupport_c.cpython-310-x86_64-linux-gnu.so
[4.873s] -- Up-to-date: /home/edwinooi/Desktop/foxy_ws/install/realsense2_camera_msgs/local/lib/python3.10/dist-packages/realsense2_camera_msgs/_realsense2_camera_msgs_s.ep.rosidl_typesupport_introspection_c.c
[4.873s] -- Up-to-date: /home/edwinooi/Desktop/foxy_ws/install/realsense2_camera_msgs/local/lib/python3.10/dist-packages/realsense2_camera_msgs/_realsense2_camera_msgs_s.ep.rosidl_typesupport_fastrtps_c.c
[4.873s] -- Up-to-date: /home/edwinooi/Desktop/foxy_ws/install/realsense2_camera_msgs/local/lib/python3.10/dist-packages/realsense2_camera_msgs/__init__.py
[4.873s] -- Up-to-date: /home/edwinooi/Desktop/foxy_ws/install/realsense2_camera_msgs/local/lib/python3.10/dist-packages/realsense2_camera_msgs/realsense2_camera_msgs_s__rosidl_typesupport_fastrtps_c.cpython-310-x86_64-linux-gnu.so
[4.874s] -- Up-to-date: /home/edwinooi/Desktop/foxy_ws/install/realsense2_camera_msgs/local/lib/python3.10/dist-packages/realsense2_camera_msgs/msg
[4.874s] -- Up-to-date: /home/edwinooi/Desktop/foxy_ws/install/realsense2_camera_msgs/local/lib/python3.10/dist-packages/realsense2_camera_msgs/msg/_extrinsics.py
[4.874s] -- Up-to-date: /home/edwinooi/Desktop/foxy_ws/install/realsense2_camera_msgs/local/lib/python3.10/dist-packages/realsense2_camera_msgs/msg/__init__.py
[4.874s] -- Up-to-date: /home/edwinooi/Desktop/foxy_ws/install/realsense2_camera_msgs/local/lib/python3.10/dist-packages/realsense2_camera_msgs/msg/_metadata_s.c
[4.874s] -- Up-to-date: /home/edwinooi/Desktop/foxy_ws/install/realsense2_camera_msgs/local/lib/python3.10/dist-packages/realsense2_camera_msgs/msg/_imu_info_s.c
[4.874s] -- Up-to-date: /home/edwinooi/Desktop/foxy_ws/install/realsense2_camera_msgs/local/lib/python3.10/dist-packages/realsense2_camera_msgs/msg/_imu_info.py
[4.874s] -- Up-to-date: /home/edwinooi/Desktop/foxy_ws/install/realsense2_camera_msgs/local/lib/python3.10/dist-packages/realsense2_camera_msgs/msg/_metadata.py
[4.875s] -- Up-to-date: /home/edwinooi/Desktop/foxy_ws/install/realsense2_camera_msgs/local/lib/python3.10/dist-packages/realsense2_camera_msgs/msg/_extrinsics_s.c
[4.875s] -- Up-to-date: /home/edwinooi/Desktop/foxy_ws/install/realsense2_camera_msgs/local/lib/python3.10/dist-packages/realsense2_camera_msgs/_realsense2_camera_msgs_s.ep.rosidl_typesupport_c.c
[4.875s] -- Up-to-date: /home/edwinooi/Desktop/foxy_ws/install/realsense2_camera_msgs/local/lib/python3.10/dist-packages/realsense2_camera_msgs/srv
[4.875s] -- Up-to-date: /home/edwinooi/Desktop/foxy_ws/install/realsense2_camera_msgs/local/lib/python3.10/dist-packages/realsense2_camera_msgs/srv/__init__.py
[4.875s] -- Up-to-date: /home/edwinooi/Desktop/foxy_ws/install/realsense2_camera_msgs/local/lib/python3.10/dist-packages/realsense2_camera_msgs/srv/_device_info_s.c
[4.875s] -- Up-to-date: /home/edwinooi/Desktop/foxy_ws/install/realsense2_camera_msgs/local/lib/python3.10/dist-packages/realsense2_camera_msgs/srv/_device_info.py
[4.875s] -- Up-to-date: /home/edwinooi/Desktop/foxy_ws/install/realsense2_camera_msgs/local/lib/python3.10/dist-packages/realsense2_camera_msgs/librealsense2_camera_msgs__rosidl_generator_py.so
[4.875s] -- Up-to-date: /home/edwinooi/Desktop/foxy_ws/install/realsense2_camera_msgs/local/lib/python3.10/dist-packages/realsense2_camera_msgs/realsense2_camera_msgs_s__rosidl_typesupport_introspection_c.cpython-310-x86_64-linux-gnu.so
[4.937s] Listing '/home/edwinooi/Desktop/foxy_ws/install/realsense2_camera_msgs/local/lib/python3.10/dist-packages/realsense2_camera_msgs'...
[4.937s] Listing '/home/edwinooi/Desktop/foxy_ws/install/realsense2_camera_msgs/local/lib/python3.10/dist-packages/realsense2_camera_msgs/msg'...
[4.937s] Listing '/home/edwinooi/Desktop/foxy_ws/install/realsense2_camera_msgs/local/lib/python3.10/dist-packages/realsense2_camera_msgs/srv'...
[4.937s] -- Up-to-date: /home/edwinooi/Desktop/foxy_ws/install/realsense2_camera_msgs/local/lib/python3.10/dist-packages/realsense2_camera_msgs/realsense2_camera_msgs_s__rosidl_typesupport_fastrtps_c.cpython-310-x86_64-linux-gnu.so
[4.937s] -- Up-to-date: /home/edwinooi/Desktop/foxy_ws/install/realsense2_camera_msgs/local/lib/python3.10/dist-packages/realsense2_camera_msgs/realsense2_camera_msgs_s__rosidl_typesupport_introspection_c.cpython-310-x86_64-linux-gnu.so
[4.937s] -- Up-to-date: /home/edwinooi/Desktop/foxy_ws/install/realsense2_camera_msgs/local/lib/python3.10/dist-packages/realsense2_camera_msgs/realsense2_camera_msgs_s__rosidl_typesupport_c.cpython-310-x86_64-linux-gnu.so
[4.941s] -- Up-to-date: /home/edwinooi/Desktop/foxy_ws/install/realsense2_camera_msgs/lib/librealsense2_camera_msgs__rosidl_generator_py.so
[4.941s] -- Up-to-date: /home/edwinooi/Desktop/foxy_ws/install/realsense2_camera_msgs/share/realsense2_camera_msgs/msg/IMUInfo.idl
[4.941s] -- Up-to-date: /home/edwinooi/Desktop/foxy_ws/install/realsense2_camera_msgs/share/realsense2_camera_msgs/msg/Extrinsics.idl
[4.942s] -- Up-to-date: /home/edwinooi/Desktop/foxy_ws/install/realsense2_camera_msgs/share/realsense2_camera_msgs/msg/Metadata.idl
[4.942s] -- Up-to-date: /home/edwinooi/Desktop/foxy_ws/install/realsense2_camera_msgs/share/realsense2_camera_msgs/srv/DeviceInfo.idl
[4.942s] -- Up-to-date: /home/edwinooi/Desktop/foxy_ws/install/realsense2_camera_msgs/share/realsense2_camera_msgs/msg/IMUInfo.msg
[4.943s] -- Up-to-date: /home/edwinooi/Desktop/foxy_ws/install/realsense2_camera_msgs/share/realsense2_camera_msgs/msg/Extrinsics.msg
[4.943s] -- Up-to-date: /home/edwinooi/Desktop/foxy_ws/install/realsense2_camera_msgs/share/realsense2_camera_msgs/msg/Metadata.msg
[4.943s] -- Up-to-date: /home/edwinooi/Desktop/foxy_ws/install/realsense2_camera_msgs/share/realsense2_camera_msgs/srv/DeviceInfo.srv
[4.943s] -- Up-to-date: /home/edwinooi/Desktop/foxy_ws/install/realsense2_camera_msgs/share/realsense2_camera_msgs/srv/DeviceInfo_Request.msg
[4.943s] -- Up-to-date: /home/edwinooi/Desktop/foxy_ws/install/realsense2_camera_msgs/share/realsense2_camera_msgs/srv/DeviceInfo_Response.msg
[4.947s] -- Up-to-date: /home/edwinooi/Desktop/foxy_ws/install/realsense2_camera_msgs/share/ament_index/resource_index/package_run_dependencies/realsense2_camera_msgs
[4.948s] -- Up-to-date: /home/edwinooi/Desktop/foxy_ws/install/realsense2_camera_msgs/share/ament_index/resource_index/parent_prefix_path/realsense2_camera_msgs
[4.949s] -- Up-to-date: /home/edwinooi/Desktop/foxy_ws/install/realsense2_camera_msgs/share/realsense2_camera_msgs/environment/ament_prefix_path.sh
[4.949s] -- Up-to-date: /home/edwinooi/Desktop/foxy_ws/install/realsense2_camera_msgs/share/realsense2_camera_msgs/environment/ament_prefix_path.dsv
[4.949s] -- Up-to-date: /home/edwinooi/Desktop/foxy_ws/install/realsense2_camera_msgs/share/realsense2_camera_msgs/environment/path.sh
[4.949s] -- Up-to-date: /home/edwinooi/Desktop/foxy_ws/install/realsense2_camera_msgs/share/realsense2_camera_msgs/environment/path.dsv
[4.949s] -- Up-to-date: /home/edwinooi/Desktop/foxy_ws/install/realsense2_camera_msgs/share/realsense2_camera_msgs/local_setup.bash
[4.949s] -- Up-to-date: /home/edwinooi/Desktop/foxy_ws/install/realsense2_camera_msgs/share/realsense2_camera_msgs/local_setup.sh
[4.950s] -- Up-to-date: /home/edwinooi/Desktop/foxy_ws/install/realsense2_camera_msgs/share/realsense2_camera_msgs/local_setup.zsh
[4.957s] -- Up-to-date: /home/edwinooi/Desktop/foxy_ws/install/realsense2_camera_msgs/share/realsense2_camera_msgs/local_setup.dsv
[4.961s] -- Installing: /home/edwinooi/Desktop/foxy_ws/install/realsense2_camera_msgs/share/realsense2_camera_msgs/package.dsv
[4.961s] -- Up-to-date: /home/edwinooi/Desktop/foxy_ws/install/realsense2_camera_msgs/share/ament_index/resource_index/packages/realsense2_camera_msgs
[4.961s] -- Up-to-date: /home/edwinooi/Desktop/foxy_ws/install/realsense2_camera_msgs/share/realsense2_camera_msgs/cmake/export_realsense2_camera_msgs__rosidl_generator_cExport.cmake
[4.961s] -- Up-to-date: /home/edwinooi/Desktop/foxy_ws/install/realsense2_camera_msgs/share/realsense2_camera_msgs/cmake/export_realsense2_camera_msgs__rosidl_generator_cExport-noconfig.cmake
[4.961s] -- Up-to-date: /home/edwinooi/Desktop/foxy_ws/install/realsense2_camera_msgs/share/realsense2_camera_msgs/cmake/export_realsense2_camera_msgs__rosidl_typesupport_fastrtps_cExport.cmake
[4.961s] -- Up-to-date: /home/edwinooi/Desktop/foxy_ws/install/realsense2_camera_msgs/share/realsense2_camera_msgs/cmake/export_realsense2_camera_msgs__rosidl_typesupport_fastrtps_cExport-noconfig.cmake
[4.962s] -- Up-to-date: /home/edwinooi/Desktop/foxy_ws/install/realsense2_camera_msgs/share/realsense2_camera_msgs/cmake/realsense2_camera_msgs__rosidl_typesupport_introspection_cExport.cmake
[4.962s] -- Up-to-date: /home/edwinooi/Desktop/foxy_ws/install/realsense2_camera_msgs/share/realsense2_camera_msgs/cmake/realsense2_camera_msgs__rosidl_typesupport_introspection_cExport-noconfig.cmake
[4.962s] -- Up-to-date: /home/edwinooi/Desktop/foxy_ws/install/realsense2_camera_msgs/share/realsense2_camera_msgs/cmake/realsense2_camera_msgs__rosidl_typesupport_cExport.cmake
[4.962s] -- Up-to-date: /home/edwinooi/Desktop/foxy_ws/install/realsense2_camera_msgs/share/realsense2_camera_msgs/cmake/realsense2_camera_msgs__rosidl_typesupport_cExport-noconfig.cmake
[4.962s] -- Up-to-date: /home/edwinooi/Desktop/foxy_ws/install/realsense2_camera_msgs/share/realsense2_camera_msgs/cmake/export_realsense2_camera_msgs__rosidl_generator_cppExport.cmake
[4.962s] -- Up-to-date: /home/edwinooi/Desktop/foxy_ws/install/realsense2_camera_msgs/share/realsense2_camera_msgs/cmake/export_realsense2_camera_msgs__rosidl_typesupport_fastrtps_cppExport.cmake
[4.963s] -- Up-to-date: /home/edwinooi/Desktop/foxy_ws/install/realsense2_camera_msgs/share/realsense2_camera_msgs/cmake/export_realsense2_camera_msgs__rosidl_typesupport_fastrtps_cppExport-noconfig.cmake
[4.963s] -- Up-to-date: /home/edwinooi/Desktop/foxy_ws/install/realsense2_camera_msgs/share/realsense2_camera_msgs/cmake/realsense2_camera_msgs__rosidl_typesupport_introspection_cppExport.cmake
[4.963s] -- Up-to-date: /home/edwinooi/Desktop/foxy_ws/install/realsense2_camera_msgs/share/realsense2_camera_msgs/cmake/realsense2_camera_msgs__rosidl_typesupport_introspection_cppExport-noconfig.cmake
[4.963s] -- Up-to-date: /home/edwinooi/Desktop/foxy_ws/install/realsense2_camera_msgs/share/realsense2_camera_msgs/cmake/realsense2_camera_msgs__rosidl_typesupport_cppExport.cmake
[4.963s] -- Up-to-date: /home/edwinooi/Desktop/foxy_ws/install/realsense2_camera_msgs/share/realsense2_camera_msgs/cmake/realsense2_camera_msgs__rosidl_typesupport_cppExport-noconfig.cmake
[4.963s] -- Up-to-date: /home/edwinooi/Desktop/foxy_ws/install/realsense2_camera_msgs/share/realsense2_camera_msgs/cmake/export_realsense2_camera_msgs__rosidl_generator_pyExport.cmake
[4.963s] -- Up-to-date: /home/edwinooi/Desktop/foxy_ws/install/realsense2_camera_msgs/share/realsense2_camera_msgs/cmake/export_realsense2_camera_msgs__rosidl_generator_pyExport-noconfig.cmake
[4.964s] -- Up-to-date: /home/edwinooi/Desktop/foxy_ws/install/realsense2_camera_msgs/share/realsense2_camera_msgs/cmake/rosidl_cmake-extras.cmake
[4.964s] -- Up-to-date: /home/edwinooi/Desktop/foxy_ws/install/realsense2_camera_msgs/share/realsense2_camera_msgs/cmake/ament_cmake_export_dependencies-extras.cmake
[4.964s] -- Up-to-date: /home/edwinooi/Desktop/foxy_ws/install/realsense2_camera_msgs/share/realsense2_camera_msgs/cmake/ament_cmake_export_include_directories-extras.cmake
[4.964s] -- Up-to-date: /home/edwinooi/Desktop/foxy_ws/install/realsense2_camera_msgs/share/realsense2_camera_msgs/cmake/ament_cmake_export_libraries-extras.cmake
[4.964s] -- Up-to-date: /home/edwinooi/Desktop/foxy_ws/install/realsense2_camera_msgs/share/realsense2_camera_msgs/cmake/ament_cmake_export_targets-extras.cmake
[4.964s] -- Up-to-date: /home/edwinooi/Desktop/foxy_ws/install/realsense2_camera_msgs/share/realsense2_camera_msgs/cmake/rosidl_cmake_export_typesupport_targets-extras.cmake
[4.965s] -- Up-to-date: /home/edwinooi/Desktop/foxy_ws/install/realsense2_camera_msgs/share/realsense2_camera_msgs/cmake/rosidl_cmake_export_typesupport_libraries-extras.cmake
[4.965s] -- Up-to-date: /home/edwinooi/Desktop/foxy_ws/install/realsense2_camera_msgs/share/realsense2_camera_msgs/cmake/realsense2_camera_msgsConfig.cmake
[4.965s] -- Up-to-date: /home/edwinooi/Desktop/foxy_ws/install/realsense2_camera_msgs/share/realsense2_camera_msgs/cmake/realsense2_camera_msgsConfig-version.cmake
[4.965s] -- Up-to-date: /home/edwinooi/Desktop/foxy_ws/install/realsense2_camera_msgs/share/realsense2_camera_msgs/package.xml
[5.221s] Invoked command in '/home/edwinooi/Desktop/foxy_ws/build/realsense2_camera_msgs' returned '0': CMAKE_PREFIX_PATH=${CMAKE_PREFIX_PATH}:/home/edwinooi/Desktop/emanual/install/ros2_aruco:/opt/ros/humble /usr/bin/cmake --install /home/edwinooi/Desktop/foxy_ws/build/realsense2_camera_msgs
