[0.677s] Invoking command in '/home/edwinooi/Desktop/foxy_ws/build/ros2_aruco_interfaces': CMAKE_PREFIX_PATH=${CMAKE_PREFIX_PATH}:/home/edwinooi/Desktop/emanual/install/ros2_aruco:/opt/ros/humble /usr/bin/cmake --build /home/edwinooi/Desktop/foxy_ws/build/ros2_aruco_interfaces -- -j4 -l4
[0.967s] [  2%] Built target ros2_aruco_interfaces__cpp
[1.060s] [ 12%] Built target ros2_aruco_interfaces__rosidl_generator_c
[1.107s] [ 12%] Built target ament_cmake_python_copy_ros2_aruco_interfaces
[1.176s] [ 23%] Built target ros2_aruco_interfaces__rosidl_typesupport_cpp
[1.229s] [ 33%] Built target ros2_aruco_interfaces__rosidl_typesupport_fastrtps_cpp
[1.287s] [ 43%] Built target ros2_aruco_interfaces__rosidl_typesupport_fastrtps_c
[1.299s] [ 53%] Built target ros2_aruco_interfaces__rosidl_typesupport_introspection_c
[1.312s] [ 64%] Built target ros2_aruco_interfaces__rosidl_typesupport_introspection_cpp
[1.416s] [ 74%] Built target ros2_aruco_interfaces__rosidl_typesupport_c
[1.523s] [ 74%] Built target ros2_aruco_interfaces
[1.705s] [ 76%] Built target ros2_aruco_interfaces__py
[1.939s] [ 84%] Built target ros2_aruco_interfaces__rosidl_generator_py
[2.150s] [ 89%] Built target ros2_aruco_interfaces__rosidl_typesupport_fastrtps_c__pyext
[2.153s] [ 94%] Built target ros2_aruco_interfaces__rosidl_typesupport_introspection_c__pyext
[2.153s] [100%] Built target ros2_aruco_interfaces__rosidl_typesupport_c__pyext
[2.855s] running egg_info
[2.855s] writing ros2_aruco_interfaces.egg-info/PKG-INFO
[2.855s] writing dependency_links to ros2_aruco_interfaces.egg-info/dependency_links.txt
[2.855s] writing top-level names to ros2_aruco_interfaces.egg-info/top_level.txt
[2.871s] reading manifest file 'ros2_aruco_interfaces.egg-info/SOURCES.txt'
[2.879s] writing manifest file 'ros2_aruco_interfaces.egg-info/SOURCES.txt'
[2.990s] [100%] Built target ament_cmake_python_build_ros2_aruco_interfaces_egg
[3.479s] Invoked command in '/home/edwinooi/Desktop/foxy_ws/build/ros2_aruco_interfaces' returned '0': CMAKE_PREFIX_PATH=${CMAKE_PREFIX_PATH}:/home/edwinooi/Desktop/emanual/install/ros2_aruco:/opt/ros/humble /usr/bin/cmake --build /home/edwinooi/Desktop/foxy_ws/build/ros2_aruco_interfaces -- -j4 -l4
[4.270s] Invoking command in '/home/edwinooi/Desktop/foxy_ws/build/ros2_aruco_interfaces': CMAKE_PREFIX_PATH=${CMAKE_PREFIX_PATH}:/home/edwinooi/Desktop/emanual/install/ros2_aruco:/opt/ros/humble /usr/bin/cmake --install /home/edwinooi/Desktop/foxy_ws/build/ros2_aruco_interfaces
[4.305s] -- Install configuration: ""
[4.305s] -- Up-to-date: /home/edwinooi/Desktop/foxy_ws/install/ros2_aruco_interfaces/share/ament_index/resource_index/rosidl_interfaces/ros2_aruco_interfaces
[4.305s] -- Up-to-date: /home/edwinooi/Desktop/foxy_ws/install/ros2_aruco_interfaces/include/ros2_aruco_interfaces/ros2_aruco_interfaces
[4.320s] -- Up-to-date: /home/edwinooi/Desktop/foxy_ws/install/ros2_aruco_interfaces/include/ros2_aruco_interfaces/ros2_aruco_interfaces/msg
[4.320s] -- Up-to-date: /home/edwinooi/Desktop/foxy_ws/install/ros2_aruco_interfaces/include/ros2_aruco_interfaces/ros2_aruco_interfaces/msg/rosidl_generator_c__visibility_control.h
[4.321s] -- Up-to-date: /home/edwinooi/Desktop/foxy_ws/install/ros2_aruco_interfaces/include/ros2_aruco_interfaces/ros2_aruco_interfaces/msg/aruco_markers_with_rot_matrix.h
[4.321s] -- Up-to-date: /home/edwinooi/Desktop/foxy_ws/install/ros2_aruco_interfaces/include/ros2_aruco_interfaces/ros2_aruco_interfaces/msg/detail
[4.321s] -- Up-to-date: /home/edwinooi/Desktop/foxy_ws/install/ros2_aruco_interfaces/include/ros2_aruco_interfaces/ros2_aruco_interfaces/msg/detail/aruco_markers_with_rot_matrix__struct.h
[4.321s] -- Up-to-date: /home/edwinooi/Desktop/foxy_ws/install/ros2_aruco_interfaces/include/ros2_aruco_interfaces/ros2_aruco_interfaces/msg/detail/aruco_markers__type_support.h
[4.321s] -- Up-to-date: /home/edwinooi/Desktop/foxy_ws/install/ros2_aruco_interfaces/include/ros2_aruco_interfaces/ros2_aruco_interfaces/msg/detail/aruco_markers_with_rot_matrix__functions.h
[4.321s] -- Up-to-date: /home/edwinooi/Desktop/foxy_ws/install/ros2_aruco_interfaces/include/ros2_aruco_interfaces/ros2_aruco_interfaces/msg/detail/aruco_markers_with_rot_matrix__type_support.h
[4.321s] -- Up-to-date: /home/edwinooi/Desktop/foxy_ws/install/ros2_aruco_interfaces/include/ros2_aruco_interfaces/ros2_aruco_interfaces/msg/detail/aruco_markers__struct.h
[4.321s] -- Up-to-date: /home/edwinooi/Desktop/foxy_ws/install/ros2_aruco_interfaces/include/ros2_aruco_interfaces/ros2_aruco_interfaces/msg/detail/aruco_markers__functions.c
[4.322s] -- Up-to-date: /home/edwinooi/Desktop/foxy_ws/install/ros2_aruco_interfaces/include/ros2_aruco_interfaces/ros2_aruco_interfaces/msg/detail/aruco_markers_with_rot_matrix__functions.c
[4.322s] -- Up-to-date: /home/edwinooi/Desktop/foxy_ws/install/ros2_aruco_interfaces/include/ros2_aruco_interfaces/ros2_aruco_interfaces/msg/detail/aruco_markers__functions.h
[4.322s] -- Up-to-date: /home/edwinooi/Desktop/foxy_ws/install/ros2_aruco_interfaces/include/ros2_aruco_interfaces/ros2_aruco_interfaces/msg/aruco_markers.h
[4.322s] -- Up-to-date: /home/edwinooi/Desktop/foxy_ws/install/ros2_aruco_interfaces/share/ros2_aruco_interfaces/environment/library_path.sh
[4.322s] -- Up-to-date: /home/edwinooi/Desktop/foxy_ws/install/ros2_aruco_interfaces/share/ros2_aruco_interfaces/environment/library_path.dsv
[4.322s] -- Up-to-date: /home/edwinooi/Desktop/foxy_ws/install/ros2_aruco_interfaces/lib/libros2_aruco_interfaces__rosidl_generator_c.so
[4.322s] -- Up-to-date: /home/edwinooi/Desktop/foxy_ws/install/ros2_aruco_interfaces/include/ros2_aruco_interfaces/ros2_aruco_interfaces
[4.323s] -- Up-to-date: /home/edwinooi/Desktop/foxy_ws/install/ros2_aruco_interfaces/include/ros2_aruco_interfaces/ros2_aruco_interfaces/msg
[4.323s] -- Up-to-date: /home/edwinooi/Desktop/foxy_ws/install/ros2_aruco_interfaces/include/ros2_aruco_interfaces/ros2_aruco_interfaces/msg/rosidl_typesupport_fastrtps_c__visibility_control.h
[4.323s] -- Up-to-date: /home/edwinooi/Desktop/foxy_ws/install/ros2_aruco_interfaces/include/ros2_aruco_interfaces/ros2_aruco_interfaces/msg/detail
[4.323s] -- Up-to-date: /home/edwinooi/Desktop/foxy_ws/install/ros2_aruco_interfaces/include/ros2_aruco_interfaces/ros2_aruco_interfaces/msg/detail/aruco_markers__rosidl_typesupport_fastrtps_c.h
[4.324s] -- Up-to-date: /home/edwinooi/Desktop/foxy_ws/install/ros2_aruco_interfaces/include/ros2_aruco_interfaces/ros2_aruco_interfaces/msg/detail/aruco_markers_with_rot_matrix__rosidl_typesupport_fastrtps_c.h
[4.327s] -- Up-to-date: /home/edwinooi/Desktop/foxy_ws/install/ros2_aruco_interfaces/lib/libros2_aruco_interfaces__rosidl_typesupport_fastrtps_c.so
[4.328s] -- Up-to-date: /home/edwinooi/Desktop/foxy_ws/install/ros2_aruco_interfaces/include/ros2_aruco_interfaces/ros2_aruco_interfaces
[4.328s] -- Up-to-date: /home/edwinooi/Desktop/foxy_ws/install/ros2_aruco_interfaces/include/ros2_aruco_interfaces/ros2_aruco_interfaces/msg
[4.328s] -- Up-to-date: /home/edwinooi/Desktop/foxy_ws/install/ros2_aruco_interfaces/include/ros2_aruco_interfaces/ros2_aruco_interfaces/msg/detail
[4.328s] -- Up-to-date: /home/edwinooi/Desktop/foxy_ws/install/ros2_aruco_interfaces/include/ros2_aruco_interfaces/ros2_aruco_interfaces/msg/detail/aruco_markers__builder.hpp
[4.328s] -- Up-to-date: /home/edwinooi/Desktop/foxy_ws/install/ros2_aruco_interfaces/include/ros2_aruco_interfaces/ros2_aruco_interfaces/msg/detail/aruco_markers_with_rot_matrix__struct.hpp
[4.329s] -- Up-to-date: /home/edwinooi/Desktop/foxy_ws/install/ros2_aruco_interfaces/include/ros2_aruco_interfaces/ros2_aruco_interfaces/msg/detail/aruco_markers_with_rot_matrix__builder.hpp
[4.329s] -- Up-to-date: /home/edwinooi/Desktop/foxy_ws/install/ros2_aruco_interfaces/include/ros2_aruco_interfaces/ros2_aruco_interfaces/msg/detail/aruco_markers__traits.hpp
[4.330s] -- Up-to-date: /home/edwinooi/Desktop/foxy_ws/install/ros2_aruco_interfaces/include/ros2_aruco_interfaces/ros2_aruco_interfaces/msg/detail/aruco_markers__struct.hpp
[4.330s] -- Up-to-date: /home/edwinooi/Desktop/foxy_ws/install/ros2_aruco_interfaces/include/ros2_aruco_interfaces/ros2_aruco_interfaces/msg/detail/aruco_markers_with_rot_matrix__traits.hpp
[4.330s] -- Up-to-date: /home/edwinooi/Desktop/foxy_ws/install/ros2_aruco_interfaces/include/ros2_aruco_interfaces/ros2_aruco_interfaces/msg/aruco_markers.hpp
[4.330s] -- Up-to-date: /home/edwinooi/Desktop/foxy_ws/install/ros2_aruco_interfaces/include/ros2_aruco_interfaces/ros2_aruco_interfaces/msg/aruco_markers_with_rot_matrix.hpp
[4.330s] -- Up-to-date: /home/edwinooi/Desktop/foxy_ws/install/ros2_aruco_interfaces/include/ros2_aruco_interfaces/ros2_aruco_interfaces
[4.330s] -- Up-to-date: /home/edwinooi/Desktop/foxy_ws/install/ros2_aruco_interfaces/include/ros2_aruco_interfaces/ros2_aruco_interfaces/msg
[4.330s] -- Up-to-date: /home/edwinooi/Desktop/foxy_ws/install/ros2_aruco_interfaces/include/ros2_aruco_interfaces/ros2_aruco_interfaces/msg/rosidl_typesupport_fastrtps_cpp__visibility_control.h
[4.331s] -- Up-to-date: /home/edwinooi/Desktop/foxy_ws/install/ros2_aruco_interfaces/include/ros2_aruco_interfaces/ros2_aruco_interfaces/msg/detail
[4.331s] -- Up-to-date: /home/edwinooi/Desktop/foxy_ws/install/ros2_aruco_interfaces/include/ros2_aruco_interfaces/ros2_aruco_interfaces/msg/detail/aruco_markers__rosidl_typesupport_fastrtps_cpp.hpp
[4.331s] -- Up-to-date: /home/edwinooi/Desktop/foxy_ws/install/ros2_aruco_interfaces/include/ros2_aruco_interfaces/ros2_aruco_interfaces/msg/detail/dds_fastrtps
[4.331s] -- Up-to-date: /home/edwinooi/Desktop/foxy_ws/install/ros2_aruco_interfaces/include/ros2_aruco_interfaces/ros2_aruco_interfaces/msg/detail/aruco_markers_with_rot_matrix__rosidl_typesupport_fastrtps_cpp.hpp
[4.331s] -- Up-to-date: /home/edwinooi/Desktop/foxy_ws/install/ros2_aruco_interfaces/lib/libros2_aruco_interfaces__rosidl_typesupport_fastrtps_cpp.so
[4.331s] -- Up-to-date: /home/edwinooi/Desktop/foxy_ws/install/ros2_aruco_interfaces/include/ros2_aruco_interfaces/ros2_aruco_interfaces
[4.331s] -- Up-to-date: /home/edwinooi/Desktop/foxy_ws/install/ros2_aruco_interfaces/include/ros2_aruco_interfaces/ros2_aruco_interfaces/msg
[4.332s] -- Up-to-date: /home/edwinooi/Desktop/foxy_ws/install/ros2_aruco_interfaces/include/ros2_aruco_interfaces/ros2_aruco_interfaces/msg/rosidl_typesupport_introspection_c__visibility_control.h
[4.332s] -- Up-to-date: /home/edwinooi/Desktop/foxy_ws/install/ros2_aruco_interfaces/include/ros2_aruco_interfaces/ros2_aruco_interfaces/msg/detail
[4.332s] -- Up-to-date: /home/edwinooi/Desktop/foxy_ws/install/ros2_aruco_interfaces/include/ros2_aruco_interfaces/ros2_aruco_interfaces/msg/detail/aruco_markers_with_rot_matrix__rosidl_typesupport_introspection_c.h
[4.332s] -- Up-to-date: /home/edwinooi/Desktop/foxy_ws/install/ros2_aruco_interfaces/include/ros2_aruco_interfaces/ros2_aruco_interfaces/msg/detail/aruco_markers__type_support.c
[4.332s] -- Up-to-date: /home/edwinooi/Desktop/foxy_ws/install/ros2_aruco_interfaces/include/ros2_aruco_interfaces/ros2_aruco_interfaces/msg/detail/aruco_markers__rosidl_typesupport_introspection_c.h
[4.332s] -- Up-to-date: /home/edwinooi/Desktop/foxy_ws/install/ros2_aruco_interfaces/include/ros2_aruco_interfaces/ros2_aruco_interfaces/msg/detail/aruco_markers_with_rot_matrix__type_support.c
[4.356s] -- Up-to-date: /home/edwinooi/Desktop/foxy_ws/install/ros2_aruco_interfaces/lib/libros2_aruco_interfaces__rosidl_typesupport_introspection_c.so
[4.356s] -- Up-to-date: /home/edwinooi/Desktop/foxy_ws/install/ros2_aruco_interfaces/lib/libros2_aruco_interfaces__rosidl_typesupport_c.so
[4.357s] -- Up-to-date: /home/edwinooi/Desktop/foxy_ws/install/ros2_aruco_interfaces/include/ros2_aruco_interfaces/ros2_aruco_interfaces
[4.357s] -- Up-to-date: /home/edwinooi/Desktop/foxy_ws/install/ros2_aruco_interfaces/include/ros2_aruco_interfaces/ros2_aruco_interfaces/msg
[4.357s] -- Up-to-date: /home/edwinooi/Desktop/foxy_ws/install/ros2_aruco_interfaces/include/ros2_aruco_interfaces/ros2_aruco_interfaces/msg/detail
[4.357s] -- Up-to-date: /home/edwinooi/Desktop/foxy_ws/install/ros2_aruco_interfaces/include/ros2_aruco_interfaces/ros2_aruco_interfaces/msg/detail/aruco_markers_with_rot_matrix__rosidl_typesupport_introspection_cpp.hpp
[4.357s] -- Up-to-date: /home/edwinooi/Desktop/foxy_ws/install/ros2_aruco_interfaces/include/ros2_aruco_interfaces/ros2_aruco_interfaces/msg/detail/aruco_markers__type_support.cpp
[4.357s] -- Up-to-date: /home/edwinooi/Desktop/foxy_ws/install/ros2_aruco_interfaces/include/ros2_aruco_interfaces/ros2_aruco_interfaces/msg/detail/aruco_markers__rosidl_typesupport_introspection_cpp.hpp
[4.358s] -- Up-to-date: /home/edwinooi/Desktop/foxy_ws/install/ros2_aruco_interfaces/include/ros2_aruco_interfaces/ros2_aruco_interfaces/msg/detail/aruco_markers_with_rot_matrix__type_support.cpp
[4.358s] -- Up-to-date: /home/edwinooi/Desktop/foxy_ws/install/ros2_aruco_interfaces/lib/libros2_aruco_interfaces__rosidl_typesupport_introspection_cpp.so
[4.358s] -- Up-to-date: /home/edwinooi/Desktop/foxy_ws/install/ros2_aruco_interfaces/lib/libros2_aruco_interfaces__rosidl_typesupport_cpp.so
[4.358s] -- Up-to-date: /home/edwinooi/Desktop/foxy_ws/install/ros2_aruco_interfaces/share/ros2_aruco_interfaces/environment/pythonpath.sh
[4.358s] -- Up-to-date: /home/edwinooi/Desktop/foxy_ws/install/ros2_aruco_interfaces/share/ros2_aruco_interfaces/environment/pythonpath.dsv
[4.358s] -- Up-to-date: /home/edwinooi/Desktop/foxy_ws/install/ros2_aruco_interfaces/local/lib/python3.10/dist-packages/ros2_aruco_interfaces-0.1.0-py3.10.egg-info
[4.359s] -- Installing: /home/edwinooi/Desktop/foxy_ws/install/ros2_aruco_interfaces/local/lib/python3.10/dist-packages/ros2_aruco_interfaces-0.1.0-py3.10.egg-info/SOURCES.txt
[4.359s] -- Installing: /home/edwinooi/Desktop/foxy_ws/install/ros2_aruco_interfaces/local/lib/python3.10/dist-packages/ros2_aruco_interfaces-0.1.0-py3.10.egg-info/PKG-INFO
[4.416s] -- Installing: /home/edwinooi/Desktop/foxy_ws/install/ros2_aruco_interfaces/local/lib/python3.10/dist-packages/ros2_aruco_interfaces-0.1.0-py3.10.egg-info/top_level.txt
[4.416s] -- Installing: /home/edwinooi/Desktop/foxy_ws/install/ros2_aruco_interfaces/local/lib/python3.10/dist-packages/ros2_aruco_interfaces-0.1.0-py3.10.egg-info/dependency_links.txt
[4.416s] -- Up-to-date: /home/edwinooi/Desktop/foxy_ws/install/ros2_aruco_interfaces/local/lib/python3.10/dist-packages/ros2_aruco_interfaces
[4.416s] -- Up-to-date: /home/edwinooi/Desktop/foxy_ws/install/ros2_aruco_interfaces/local/lib/python3.10/dist-packages/ros2_aruco_interfaces/libros2_aruco_interfaces__rosidl_generator_py.so
[4.416s] -- Up-to-date: /home/edwinooi/Desktop/foxy_ws/install/ros2_aruco_interfaces/local/lib/python3.10/dist-packages/ros2_aruco_interfaces/_ros2_aruco_interfaces_s.ep.rosidl_typesupport_fastrtps_c.c
[4.416s] -- Up-to-date: /home/edwinooi/Desktop/foxy_ws/install/ros2_aruco_interfaces/local/lib/python3.10/dist-packages/ros2_aruco_interfaces/_ros2_aruco_interfaces_s.ep.rosidl_typesupport_c.c
[4.417s] -- Up-to-date: /home/edwinooi/Desktop/foxy_ws/install/ros2_aruco_interfaces/local/lib/python3.10/dist-packages/ros2_aruco_interfaces/ros2_aruco_interfaces_s__rosidl_typesupport_introspection_c.cpython-310-x86_64-linux-gnu.so
[4.417s] -- Up-to-date: /home/edwinooi/Desktop/foxy_ws/install/ros2_aruco_interfaces/local/lib/python3.10/dist-packages/ros2_aruco_interfaces/__init__.py
[4.417s] -- Up-to-date: /home/edwinooi/Desktop/foxy_ws/install/ros2_aruco_interfaces/local/lib/python3.10/dist-packages/ros2_aruco_interfaces/msg
[4.417s] -- Up-to-date: /home/edwinooi/Desktop/foxy_ws/install/ros2_aruco_interfaces/local/lib/python3.10/dist-packages/ros2_aruco_interfaces/msg/_aruco_markers_with_rot_matrix_s.c
[4.417s] -- Up-to-date: /home/edwinooi/Desktop/foxy_ws/install/ros2_aruco_interfaces/local/lib/python3.10/dist-packages/ros2_aruco_interfaces/msg/_aruco_markers_s.c
[4.417s] -- Up-to-date: /home/edwinooi/Desktop/foxy_ws/install/ros2_aruco_interfaces/local/lib/python3.10/dist-packages/ros2_aruco_interfaces/msg/__init__.py
[4.417s] -- Up-to-date: /home/edwinooi/Desktop/foxy_ws/install/ros2_aruco_interfaces/local/lib/python3.10/dist-packages/ros2_aruco_interfaces/msg/_aruco_markers_with_rot_matrix.py
[4.417s] -- Up-to-date: /home/edwinooi/Desktop/foxy_ws/install/ros2_aruco_interfaces/local/lib/python3.10/dist-packages/ros2_aruco_interfaces/msg/_aruco_markers.py
[4.418s] -- Up-to-date: /home/edwinooi/Desktop/foxy_ws/install/ros2_aruco_interfaces/local/lib/python3.10/dist-packages/ros2_aruco_interfaces/ros2_aruco_interfaces_s__rosidl_typesupport_c.cpython-310-x86_64-linux-gnu.so
[4.418s] -- Up-to-date: /home/edwinooi/Desktop/foxy_ws/install/ros2_aruco_interfaces/local/lib/python3.10/dist-packages/ros2_aruco_interfaces/_ros2_aruco_interfaces_s.ep.rosidl_typesupport_introspection_c.c
[4.418s] -- Up-to-date: /home/edwinooi/Desktop/foxy_ws/install/ros2_aruco_interfaces/local/lib/python3.10/dist-packages/ros2_aruco_interfaces/ros2_aruco_interfaces_s__rosidl_typesupport_fastrtps_c.cpython-310-x86_64-linux-gnu.so
[4.519s] Listing '/home/edwinooi/Desktop/foxy_ws/install/ros2_aruco_interfaces/local/lib/python3.10/dist-packages/ros2_aruco_interfaces'...
[4.519s] Listing '/home/edwinooi/Desktop/foxy_ws/install/ros2_aruco_interfaces/local/lib/python3.10/dist-packages/ros2_aruco_interfaces/msg'...
[4.535s] -- Up-to-date: /home/edwinooi/Desktop/foxy_ws/install/ros2_aruco_interfaces/local/lib/python3.10/dist-packages/ros2_aruco_interfaces/ros2_aruco_interfaces_s__rosidl_typesupport_fastrtps_c.cpython-310-x86_64-linux-gnu.so
[4.537s] -- Up-to-date: /home/edwinooi/Desktop/foxy_ws/install/ros2_aruco_interfaces/local/lib/python3.10/dist-packages/ros2_aruco_interfaces/ros2_aruco_interfaces_s__rosidl_typesupport_introspection_c.cpython-310-x86_64-linux-gnu.so
[4.546s] -- Up-to-date: /home/edwinooi/Desktop/foxy_ws/install/ros2_aruco_interfaces/local/lib/python3.10/dist-packages/ros2_aruco_interfaces/ros2_aruco_interfaces_s__rosidl_typesupport_c.cpython-310-x86_64-linux-gnu.so
[4.546s] -- Up-to-date: /home/edwinooi/Desktop/foxy_ws/install/ros2_aruco_interfaces/lib/libros2_aruco_interfaces__rosidl_generator_py.so
[4.546s] -- Up-to-date: /home/edwinooi/Desktop/foxy_ws/install/ros2_aruco_interfaces/share/ros2_aruco_interfaces/msg/ArucoMarkers.idl
[4.546s] -- Up-to-date: /home/edwinooi/Desktop/foxy_ws/install/ros2_aruco_interfaces/share/ros2_aruco_interfaces/msg/ArucoMarkersWithRotMatrix.idl
[4.547s] -- Up-to-date: /home/edwinooi/Desktop/foxy_ws/install/ros2_aruco_interfaces/share/ros2_aruco_interfaces/msg/ArucoMarkers.msg
[4.547s] -- Up-to-date: /home/edwinooi/Desktop/foxy_ws/install/ros2_aruco_interfaces/share/ros2_aruco_interfaces/msg/ArucoMarkersWithRotMatrix.msg
[4.547s] -- Up-to-date: /home/edwinooi/Desktop/foxy_ws/install/ros2_aruco_interfaces/share/ament_index/resource_index/package_run_dependencies/ros2_aruco_interfaces
[4.547s] -- Up-to-date: /home/edwinooi/Desktop/foxy_ws/install/ros2_aruco_interfaces/share/ament_index/resource_index/parent_prefix_path/ros2_aruco_interfaces
[4.547s] -- Up-to-date: /home/edwinooi/Desktop/foxy_ws/install/ros2_aruco_interfaces/share/ros2_aruco_interfaces/environment/ament_prefix_path.sh
[4.548s] -- Up-to-date: /home/edwinooi/Desktop/foxy_ws/install/ros2_aruco_interfaces/share/ros2_aruco_interfaces/environment/ament_prefix_path.dsv
[4.548s] -- Up-to-date: /home/edwinooi/Desktop/foxy_ws/install/ros2_aruco_interfaces/share/ros2_aruco_interfaces/environment/path.sh
[4.548s] -- Up-to-date: /home/edwinooi/Desktop/foxy_ws/install/ros2_aruco_interfaces/share/ros2_aruco_interfaces/environment/path.dsv
[4.548s] -- Up-to-date: /home/edwinooi/Desktop/foxy_ws/install/ros2_aruco_interfaces/share/ros2_aruco_interfaces/local_setup.bash
[4.548s] -- Up-to-date: /home/edwinooi/Desktop/foxy_ws/install/ros2_aruco_interfaces/share/ros2_aruco_interfaces/local_setup.sh
[4.549s] -- Up-to-date: /home/edwinooi/Desktop/foxy_ws/install/ros2_aruco_interfaces/share/ros2_aruco_interfaces/local_setup.zsh
[4.549s] -- Up-to-date: /home/edwinooi/Desktop/foxy_ws/install/ros2_aruco_interfaces/share/ros2_aruco_interfaces/local_setup.dsv
[4.549s] -- Installing: /home/edwinooi/Desktop/foxy_ws/install/ros2_aruco_interfaces/share/ros2_aruco_interfaces/package.dsv
[4.549s] -- Up-to-date: /home/edwinooi/Desktop/foxy_ws/install/ros2_aruco_interfaces/share/ament_index/resource_index/packages/ros2_aruco_interfaces
[4.549s] -- Up-to-date: /home/edwinooi/Desktop/foxy_ws/install/ros2_aruco_interfaces/share/ros2_aruco_interfaces/cmake/export_ros2_aruco_interfaces__rosidl_generator_cExport.cmake
[4.549s] -- Up-to-date: /home/edwinooi/Desktop/foxy_ws/install/ros2_aruco_interfaces/share/ros2_aruco_interfaces/cmake/export_ros2_aruco_interfaces__rosidl_generator_cExport-noconfig.cmake
[4.550s] -- Up-to-date: /home/edwinooi/Desktop/foxy_ws/install/ros2_aruco_interfaces/share/ros2_aruco_interfaces/cmake/export_ros2_aruco_interfaces__rosidl_typesupport_fastrtps_cExport.cmake
[4.550s] -- Up-to-date: /home/edwinooi/Desktop/foxy_ws/install/ros2_aruco_interfaces/share/ros2_aruco_interfaces/cmake/export_ros2_aruco_interfaces__rosidl_typesupport_fastrtps_cExport-noconfig.cmake
[4.550s] -- Up-to-date: /home/edwinooi/Desktop/foxy_ws/install/ros2_aruco_interfaces/share/ros2_aruco_interfaces/cmake/export_ros2_aruco_interfaces__rosidl_generator_cppExport.cmake
[4.559s] -- Up-to-date: /home/edwinooi/Desktop/foxy_ws/install/ros2_aruco_interfaces/share/ros2_aruco_interfaces/cmake/export_ros2_aruco_interfaces__rosidl_typesupport_fastrtps_cppExport.cmake
[4.559s] -- Up-to-date: /home/edwinooi/Desktop/foxy_ws/install/ros2_aruco_interfaces/share/ros2_aruco_interfaces/cmake/export_ros2_aruco_interfaces__rosidl_typesupport_fastrtps_cppExport-noconfig.cmake
[4.559s] -- Up-to-date: /home/edwinooi/Desktop/foxy_ws/install/ros2_aruco_interfaces/share/ros2_aruco_interfaces/cmake/ros2_aruco_interfaces__rosidl_typesupport_introspection_cExport.cmake
[4.559s] -- Up-to-date: /home/edwinooi/Desktop/foxy_ws/install/ros2_aruco_interfaces/share/ros2_aruco_interfaces/cmake/ros2_aruco_interfaces__rosidl_typesupport_introspection_cExport-noconfig.cmake
[4.560s] -- Up-to-date: /home/edwinooi/Desktop/foxy_ws/install/ros2_aruco_interfaces/share/ros2_aruco_interfaces/cmake/ros2_aruco_interfaces__rosidl_typesupport_cExport.cmake
[4.560s] -- Up-to-date: /home/edwinooi/Desktop/foxy_ws/install/ros2_aruco_interfaces/share/ros2_aruco_interfaces/cmake/ros2_aruco_interfaces__rosidl_typesupport_cExport-noconfig.cmake
[4.562s] -- Up-to-date: /home/edwinooi/Desktop/foxy_ws/install/ros2_aruco_interfaces/share/ros2_aruco_interfaces/cmake/ros2_aruco_interfaces__rosidl_typesupport_introspection_cppExport.cmake
[4.562s] -- Up-to-date: /home/edwinooi/Desktop/foxy_ws/install/ros2_aruco_interfaces/share/ros2_aruco_interfaces/cmake/ros2_aruco_interfaces__rosidl_typesupport_introspection_cppExport-noconfig.cmake
[4.567s] -- Up-to-date: /home/edwinooi/Desktop/foxy_ws/install/ros2_aruco_interfaces/share/ros2_aruco_interfaces/cmake/ros2_aruco_interfaces__rosidl_typesupport_cppExport.cmake
[4.567s] -- Up-to-date: /home/edwinooi/Desktop/foxy_ws/install/ros2_aruco_interfaces/share/ros2_aruco_interfaces/cmake/ros2_aruco_interfaces__rosidl_typesupport_cppExport-noconfig.cmake
[4.568s] -- Up-to-date: /home/edwinooi/Desktop/foxy_ws/install/ros2_aruco_interfaces/share/ros2_aruco_interfaces/cmake/export_ros2_aruco_interfaces__rosidl_generator_pyExport.cmake
[4.568s] -- Up-to-date: /home/edwinooi/Desktop/foxy_ws/install/ros2_aruco_interfaces/share/ros2_aruco_interfaces/cmake/export_ros2_aruco_interfaces__rosidl_generator_pyExport-noconfig.cmake
[4.568s] -- Up-to-date: /home/edwinooi/Desktop/foxy_ws/install/ros2_aruco_interfaces/share/ros2_aruco_interfaces/cmake/rosidl_cmake-extras.cmake
[4.568s] -- Up-to-date: /home/edwinooi/Desktop/foxy_ws/install/ros2_aruco_interfaces/share/ros2_aruco_interfaces/cmake/ament_cmake_export_dependencies-extras.cmake
[4.568s] -- Up-to-date: /home/edwinooi/Desktop/foxy_ws/install/ros2_aruco_interfaces/share/ros2_aruco_interfaces/cmake/ament_cmake_export_include_directories-extras.cmake
[4.569s] -- Up-to-date: /home/edwinooi/Desktop/foxy_ws/install/ros2_aruco_interfaces/share/ros2_aruco_interfaces/cmake/ament_cmake_export_libraries-extras.cmake
[4.569s] -- Up-to-date: /home/edwinooi/Desktop/foxy_ws/install/ros2_aruco_interfaces/share/ros2_aruco_interfaces/cmake/ament_cmake_export_targets-extras.cmake
[4.569s] -- Up-to-date: /home/edwinooi/Desktop/foxy_ws/install/ros2_aruco_interfaces/share/ros2_aruco_interfaces/cmake/rosidl_cmake_export_typesupport_targets-extras.cmake
[4.569s] -- Up-to-date: /home/edwinooi/Desktop/foxy_ws/install/ros2_aruco_interfaces/share/ros2_aruco_interfaces/cmake/rosidl_cmake_export_typesupport_libraries-extras.cmake
[4.569s] -- Up-to-date: /home/edwinooi/Desktop/foxy_ws/install/ros2_aruco_interfaces/share/ros2_aruco_interfaces/cmake/ros2_aruco_interfacesConfig.cmake
[4.570s] -- Up-to-date: /home/edwinooi/Desktop/foxy_ws/install/ros2_aruco_interfaces/share/ros2_aruco_interfaces/cmake/ros2_aruco_interfacesConfig-version.cmake
[4.570s] -- Up-to-date: /home/edwinooi/Desktop/foxy_ws/install/ros2_aruco_interfaces/share/ros2_aruco_interfaces/package.xml
[4.589s] Invoked command in '/home/edwinooi/Desktop/foxy_ws/build/ros2_aruco_interfaces' returned '0': CMAKE_PREFIX_PATH=${CMAKE_PREFIX_PATH}:/home/edwinooi/Desktop/emanual/install/ros2_aruco:/opt/ros/humble /usr/bin/cmake --install /home/edwinooi/Desktop/foxy_ws/build/ros2_aruco_interfaces
