[0.227s] Invoking command in '/home/edwinooi/Desktop/foxy_ws/build/nav2_lifecycle_manager': AMENT_PREFIX_PATH=/home/edwinooi/Desktop/foxy_ws/install/nav2_util:/home/edwinooi/Desktop/foxy_ws/install/nav2_msgs:/home/edwinooi/Desktop/foxy_ws/install/nav2_common:${AMENT_PREFIX_PATH} CMAKE_PREFIX_PATH=/home/edwinooi/Desktop/foxy_ws/install/nav2_util:/home/edwinooi/Desktop/foxy_ws/install/nav2_msgs:/home/edwinooi/Desktop/foxy_ws/install/nav2_common:/home/edwinooi/Desktop/emanual/install/turtlebot3_simulations:/home/edwinooi/Desktop/emanual/install/turtlebot3_gazebo:/home/edwinooi/Desktop/emanual/install/turtlebot3_fake_node:/home/edwinooi/Desktop/emanual/install/ros2_aruco_interfaces:/home/edwinooi/Desktop/emanual/install/ros2_aruco:/opt/ros/humble LD_LIBRARY_PATH=/home/edwinooi/Desktop/foxy_ws/install/nav2_util/lib:/home/edwinooi/Desktop/foxy_ws/install/nav2_msgs/lib:${LD_LIBRARY_PATH} PYTHONPATH=/home/edwinooi/Desktop/foxy_ws/install/nav2_msgs/local/lib/python3.10/dist-packages:/home/edwinooi/Desktop/foxy_ws/install/nav2_common/local/lib/python3.10/dist-packages:${PYTHONPATH} /usr/bin/cmake /home/edwinooi/Desktop/foxy_ws/src/turtlebot3_simulations/navigation2-humble/nav2_lifecycle_manager -DCMAKE_INSTALL_PREFIX=/home/edwinooi/Desktop/foxy_ws/install/nav2_lifecycle_manager
[0.365s] -- The C compiler identification is GNU 11.4.0
[0.588s] -- The CXX compiler identification is GNU 11.4.0
[0.627s] -- Detecting C compiler ABI info
[1.019s] -- Detecting C compiler ABI info - done
[1.053s] -- Check for working C compiler: /usr/bin/cc - skipped
[1.064s] -- Detecting C compile features
[1.067s] -- Detecting C compile features - done
[1.073s] -- Detecting CXX compiler ABI info
[1.355s] -- Detecting CXX compiler ABI info - done
[1.380s] -- Check for working CXX compiler: /usr/bin/c++ - skipped
[1.385s] -- Detecting CXX compile features
[1.386s] -- Detecting CXX compile features - done
[1.401s] -- Found ament_cmake: 1.3.8 (/opt/ros/humble/share/ament_cmake/cmake)
[1.982s] -- Found Python3: /usr/bin/python3 (found version "3.10.12") found components: Interpreter 
[2.256s] -- Found geometry_msgs: 4.2.3 (/opt/ros/humble/share/geometry_msgs/cmake)
[2.396s] -- Found rosidl_generator_c: 3.1.5 (/opt/ros/humble/share/rosidl_generator_c/cmake)
[2.468s] -- Found rosidl_adapter: 3.1.5 (/opt/ros/humble/share/rosidl_adapter/cmake)
[2.529s] -- Found rosidl_generator_cpp: 3.1.5 (/opt/ros/humble/share/rosidl_generator_cpp/cmake)
[2.592s] -- Using all available rosidl_typesupport_c: rosidl_typesupport_fastrtps_c;rosidl_typesupport_introspection_c
[2.671s] -- Using all available rosidl_typesupport_cpp: rosidl_typesupport_fastrtps_cpp;rosidl_typesupport_introspection_cpp
[3.066s] -- Found lifecycle_msgs: 1.2.1 (/opt/ros/humble/share/lifecycle_msgs/cmake)
[3.105s] -- Found nav2_common: 1.1.15 (/home/edwinooi/Desktop/foxy_ws/install/nav2_common/share/nav2_common/cmake)
[3.107s] -- Found nav2_msgs: 1.1.15 (/home/edwinooi/Desktop/foxy_ws/install/nav2_msgs/share/nav2_msgs/cmake)
[4.907s] -- Found nav2_util: 1.1.15 (/home/edwinooi/Desktop/foxy_ws/install/nav2_util/share/nav2_util/cmake)
[5.626s] -- Found rmw_implementation_cmake: 6.1.1 (/opt/ros/humble/share/rmw_implementation_cmake/cmake)
[5.645s] -- Found rmw_fastrtps_cpp: 6.2.6 (/opt/ros/humble/share/rmw_fastrtps_cpp/cmake)
[6.261s] -- Found OpenSSL: /usr/lib/x86_64-linux-gnu/libcrypto.so (found version "3.0.2")  
[6.392s] -- Found FastRTPS: /opt/ros/humble/include  
[6.531s] -- Using RMW implementation 'rmw_fastrtps_cpp' as default
[6.556s] -- Looking for pthread.h
[6.825s] -- Looking for pthread.h - found
[6.829s] -- Performing Test CMAKE_HAVE_LIBC_PTHREAD
[7.306s] -- Performing Test CMAKE_HAVE_LIBC_PTHREAD - Success
[7.309s] -- Found Threads: TRUE  
[8.843s] -- Found eigen3_cmake_module: 0.1.1 (/opt/ros/humble/share/eigen3_cmake_module/cmake)
[8.846s] -- Found Eigen3: TRUE (found version "3.4.0") 
[8.847s] -- Ensuring Eigen3 include directory is part of orocos-kdl CMake target
[9.470s] -- Found std_srvs: 4.2.3 (/opt/ros/humble/share/std_srvs/cmake)
[9.522s] -- Found diagnostic_updater: 3.1.2 (/opt/ros/humble/share/diagnostic_updater/cmake)
[9.738s] -- Setting build type to Release as none was specified.
[13.365s] -- Found ament_lint_auto: 0.12.10 (/opt/ros/humble/share/ament_lint_auto/cmake)
[13.650s] -- Found gtest sources under '/opt/ros/humble/src/gtest_vendor': C++ tests using 'Google Test' will be built
[17.906s] -- Added test 'copyright' to check source files copyright and LICENSE
[17.912s] -- Added test 'cppcheck' to perform static code analysis on C / C++ code
[17.913s] -- Configured cppcheck include dirs: /home/edwinooi/Desktop/foxy_ws/src/turtlebot3_simulations/navigation2-humble/nav2_lifecycle_manager/include
[17.914s] -- Configured cppcheck exclude dirs and/or files: 
[17.918s] -- Added test 'cpplint' to check C / C++ code against the Google style
[17.918s] -- Configured cpplint exclude dirs and/or files: 
[17.921s] -- Added test 'flake8' to check Python code syntax and style conventions
[17.924s] -- Added test 'lint_cmake' to check CMake code style
[17.932s] -- Added test 'pep257' to check Python code against some of the docstring style conventions in PEP 257
[17.952s] -- Added test 'uncrustify' to check C / C++ code style
[17.952s] -- Configured uncrustify additional arguments: 
[17.953s] -- Added test 'xmllint' to check XML markup files
[17.956s] -- Configuring done
[18.453s] -- Generating done
[18.470s] -- Build files have been written to: /home/edwinooi/Desktop/foxy_ws/build/nav2_lifecycle_manager
[18.515s] Invoked command in '/home/edwinooi/Desktop/foxy_ws/build/nav2_lifecycle_manager' returned '0': AMENT_PREFIX_PATH=/home/edwinooi/Desktop/foxy_ws/install/nav2_util:/home/edwinooi/Desktop/foxy_ws/install/nav2_msgs:/home/edwinooi/Desktop/foxy_ws/install/nav2_common:${AMENT_PREFIX_PATH} CMAKE_PREFIX_PATH=/home/edwinooi/Desktop/foxy_ws/install/nav2_util:/home/edwinooi/Desktop/foxy_ws/install/nav2_msgs:/home/edwinooi/Desktop/foxy_ws/install/nav2_common:/home/edwinooi/Desktop/emanual/install/turtlebot3_simulations:/home/edwinooi/Desktop/emanual/install/turtlebot3_gazebo:/home/edwinooi/Desktop/emanual/install/turtlebot3_fake_node:/home/edwinooi/Desktop/emanual/install/ros2_aruco_interfaces:/home/edwinooi/Desktop/emanual/install/ros2_aruco:/opt/ros/humble LD_LIBRARY_PATH=/home/edwinooi/Desktop/foxy_ws/install/nav2_util/lib:/home/edwinooi/Desktop/foxy_ws/install/nav2_msgs/lib:${LD_LIBRARY_PATH} PYTHONPATH=/home/edwinooi/Desktop/foxy_ws/install/nav2_msgs/local/lib/python3.10/dist-packages:/home/edwinooi/Desktop/foxy_ws/install/nav2_common/local/lib/python3.10/dist-packages:${PYTHONPATH} /usr/bin/cmake /home/edwinooi/Desktop/foxy_ws/src/turtlebot3_simulations/navigation2-humble/nav2_lifecycle_manager -DCMAKE_INSTALL_PREFIX=/home/edwinooi/Desktop/foxy_ws/install/nav2_lifecycle_manager
[18.516s] Invoking command in '/home/edwinooi/Desktop/foxy_ws/build/nav2_lifecycle_manager': AMENT_PREFIX_PATH=/home/edwinooi/Desktop/foxy_ws/install/nav2_util:/home/edwinooi/Desktop/foxy_ws/install/nav2_msgs:/home/edwinooi/Desktop/foxy_ws/install/nav2_common:${AMENT_PREFIX_PATH} CMAKE_PREFIX_PATH=/home/edwinooi/Desktop/foxy_ws/install/nav2_util:/home/edwinooi/Desktop/foxy_ws/install/nav2_msgs:/home/edwinooi/Desktop/foxy_ws/install/nav2_common:/home/edwinooi/Desktop/emanual/install/turtlebot3_simulations:/home/edwinooi/Desktop/emanual/install/turtlebot3_gazebo:/home/edwinooi/Desktop/emanual/install/turtlebot3_fake_node:/home/edwinooi/Desktop/emanual/install/ros2_aruco_interfaces:/home/edwinooi/Desktop/emanual/install/ros2_aruco:/opt/ros/humble LD_LIBRARY_PATH=/home/edwinooi/Desktop/foxy_ws/install/nav2_util/lib:/home/edwinooi/Desktop/foxy_ws/install/nav2_msgs/lib:${LD_LIBRARY_PATH} PYTHONPATH=/home/edwinooi/Desktop/foxy_ws/install/nav2_msgs/local/lib/python3.10/dist-packages:/home/edwinooi/Desktop/foxy_ws/install/nav2_common/local/lib/python3.10/dist-packages:${PYTHONPATH} /usr/bin/cmake --build /home/edwinooi/Desktop/foxy_ws/build/nav2_lifecycle_manager -- -j4 -l4
[18.805s] [  7%] [32mBuilding CXX object CMakeFiles/nav2_lifecycle_manager_core.dir/src/lifecycle_manager.cpp.o[0m
[42.389s] [ 15%] [32mBuilding CXX object CMakeFiles/nav2_lifecycle_manager_core.dir/src/lifecycle_manager_client.cpp.o[0m
[55.726s] [ 23%] [32m[1mLinking CXX shared library libnav2_lifecycle_manager_core.so[0m
[56.517s] [ 23%] Built target nav2_lifecycle_manager_core
[56.620s] [ 30%] [32mBuilding CXX object gtest/CMakeFiles/gtest.dir/src/gtest-all.cc.o[0m
[74.804s] [ 38%] [32m[1mLinking CXX static library libgtest.a[0m
[75.017s] [ 38%] Built target gtest
[75.094s] [ 46%] [32mBuilding CXX object CMakeFiles/lifecycle_manager.dir/src/main.cpp.o[0m
[85.296s] [ 53%] [32m[1mLinking CXX executable lifecycle_manager[0m
[85.884s] [ 53%] Built target lifecycle_manager
[85.930s] [ 61%] [32mBuilding CXX object gtest/CMakeFiles/gtest_main.dir/src/gtest_main.cc.o[0m
[88.586s] [ 69%] [32m[1mLinking CXX static library libgtest_main.a[0m
[88.677s] [ 69%] Built target gtest_main
[88.780s] [ 76%] [32mBuilding CXX object test/CMakeFiles/test_lifecycle_gtest.dir/test_lifecycle_manager.cpp.o[0m
[102.102s] [ 84%] [32m[1mLinking CXX executable test_lifecycle_gtest[0m
[102.861s] [ 84%] Built target test_lifecycle_gtest
[102.912s] [ 92%] [32mBuilding CXX object test/CMakeFiles/test_bond_gtest.dir/test_bond.cpp.o[0m
[119.196s] [100%] [32m[1mLinking CXX executable test_bond_gtest[0m
[119.951s] [100%] Built target test_bond_gtest
[120.014s] Invoked command in '/home/edwinooi/Desktop/foxy_ws/build/nav2_lifecycle_manager' returned '0': AMENT_PREFIX_PATH=/home/edwinooi/Desktop/foxy_ws/install/nav2_util:/home/edwinooi/Desktop/foxy_ws/install/nav2_msgs:/home/edwinooi/Desktop/foxy_ws/install/nav2_common:${AMENT_PREFIX_PATH} CMAKE_PREFIX_PATH=/home/edwinooi/Desktop/foxy_ws/install/nav2_util:/home/edwinooi/Desktop/foxy_ws/install/nav2_msgs:/home/edwinooi/Desktop/foxy_ws/install/nav2_common:/home/edwinooi/Desktop/emanual/install/turtlebot3_simulations:/home/edwinooi/Desktop/emanual/install/turtlebot3_gazebo:/home/edwinooi/Desktop/emanual/install/turtlebot3_fake_node:/home/edwinooi/Desktop/emanual/install/ros2_aruco_interfaces:/home/edwinooi/Desktop/emanual/install/ros2_aruco:/opt/ros/humble LD_LIBRARY_PATH=/home/edwinooi/Desktop/foxy_ws/install/nav2_util/lib:/home/edwinooi/Desktop/foxy_ws/install/nav2_msgs/lib:${LD_LIBRARY_PATH} PYTHONPATH=/home/edwinooi/Desktop/foxy_ws/install/nav2_msgs/local/lib/python3.10/dist-packages:/home/edwinooi/Desktop/foxy_ws/install/nav2_common/local/lib/python3.10/dist-packages:${PYTHONPATH} /usr/bin/cmake --build /home/edwinooi/Desktop/foxy_ws/build/nav2_lifecycle_manager -- -j4 -l4
[120.233s] Invoking command in '/home/edwinooi/Desktop/foxy_ws/build/nav2_lifecycle_manager': AMENT_PREFIX_PATH=/home/edwinooi/Desktop/foxy_ws/install/nav2_util:/home/edwinooi/Desktop/foxy_ws/install/nav2_msgs:/home/edwinooi/Desktop/foxy_ws/install/nav2_common:${AMENT_PREFIX_PATH} CMAKE_PREFIX_PATH=/home/edwinooi/Desktop/foxy_ws/install/nav2_util:/home/edwinooi/Desktop/foxy_ws/install/nav2_msgs:/home/edwinooi/Desktop/foxy_ws/install/nav2_common:/home/edwinooi/Desktop/emanual/install/turtlebot3_simulations:/home/edwinooi/Desktop/emanual/install/turtlebot3_gazebo:/home/edwinooi/Desktop/emanual/install/turtlebot3_fake_node:/home/edwinooi/Desktop/emanual/install/ros2_aruco_interfaces:/home/edwinooi/Desktop/emanual/install/ros2_aruco:/opt/ros/humble LD_LIBRARY_PATH=/home/edwinooi/Desktop/foxy_ws/install/nav2_util/lib:/home/edwinooi/Desktop/foxy_ws/install/nav2_msgs/lib:${LD_LIBRARY_PATH} PYTHONPATH=/home/edwinooi/Desktop/foxy_ws/install/nav2_msgs/local/lib/python3.10/dist-packages:/home/edwinooi/Desktop/foxy_ws/install/nav2_common/local/lib/python3.10/dist-packages:${PYTHONPATH} /usr/bin/cmake --install /home/edwinooi/Desktop/foxy_ws/build/nav2_lifecycle_manager
[120.258s] -- Install configuration: "Release"
[120.258s] -- Installing: /home/edwinooi/Desktop/foxy_ws/install/nav2_lifecycle_manager/lib/libnav2_lifecycle_manager_core.so
[120.266s] -- Set runtime path of "/home/edwinooi/Desktop/foxy_ws/install/nav2_lifecycle_manager/lib/libnav2_lifecycle_manager_core.so" to ""
[120.266s] -- Installing: /home/edwinooi/Desktop/foxy_ws/install/nav2_lifecycle_manager/lib/nav2_lifecycle_manager/lifecycle_manager
[120.267s] -- Set runtime path of "/home/edwinooi/Desktop/foxy_ws/install/nav2_lifecycle_manager/lib/nav2_lifecycle_manager/lifecycle_manager" to ""
[120.267s] -- Installing: /home/edwinooi/Desktop/foxy_ws/install/nav2_lifecycle_manager/include/
[120.267s] -- Installing: /home/edwinooi/Desktop/foxy_ws/install/nav2_lifecycle_manager/include//nav2_lifecycle_manager
[120.268s] -- Installing: /home/edwinooi/Desktop/foxy_ws/install/nav2_lifecycle_manager/include//nav2_lifecycle_manager/lifecycle_manager.hpp
[120.268s] -- Installing: /home/edwinooi/Desktop/foxy_ws/install/nav2_lifecycle_manager/include//nav2_lifecycle_manager/lifecycle_manager_client.hpp
[120.268s] -- Installing: /home/edwinooi/Desktop/foxy_ws/install/nav2_lifecycle_manager/share/nav2_lifecycle_manager/environment/library_path.sh
[120.269s] -- Installing: /home/edwinooi/Desktop/foxy_ws/install/nav2_lifecycle_manager/share/nav2_lifecycle_manager/environment/library_path.dsv
[120.269s] -- Installing: /home/edwinooi/Desktop/foxy_ws/install/nav2_lifecycle_manager/share/ament_index/resource_index/package_run_dependencies/nav2_lifecycle_manager
[120.273s] -- Installing: /home/edwinooi/Desktop/foxy_ws/install/nav2_lifecycle_manager/share/ament_index/resource_index/parent_prefix_path/nav2_lifecycle_manager
[120.273s] -- Installing: /home/edwinooi/Desktop/foxy_ws/install/nav2_lifecycle_manager/share/nav2_lifecycle_manager/environment/ament_prefix_path.sh
[120.274s] -- Installing: /home/edwinooi/Desktop/foxy_ws/install/nav2_lifecycle_manager/share/nav2_lifecycle_manager/environment/ament_prefix_path.dsv
[120.274s] -- Installing: /home/edwinooi/Desktop/foxy_ws/install/nav2_lifecycle_manager/share/nav2_lifecycle_manager/environment/path.sh
[120.274s] -- Installing: /home/edwinooi/Desktop/foxy_ws/install/nav2_lifecycle_manager/share/nav2_lifecycle_manager/environment/path.dsv
[120.280s] -- Installing: /home/edwinooi/Desktop/foxy_ws/install/nav2_lifecycle_manager/share/nav2_lifecycle_manager/local_setup.bash
[120.281s] -- Installing: /home/edwinooi/Desktop/foxy_ws/install/nav2_lifecycle_manager/share/nav2_lifecycle_manager/local_setup.sh
[120.281s] -- Installing: /home/edwinooi/Desktop/foxy_ws/install/nav2_lifecycle_manager/share/nav2_lifecycle_manager/local_setup.zsh
[120.281s] -- Installing: /home/edwinooi/Desktop/foxy_ws/install/nav2_lifecycle_manager/share/nav2_lifecycle_manager/local_setup.dsv
[120.281s] -- Installing: /home/edwinooi/Desktop/foxy_ws/install/nav2_lifecycle_manager/share/nav2_lifecycle_manager/package.dsv
[120.281s] -- Installing: /home/edwinooi/Desktop/foxy_ws/install/nav2_lifecycle_manager/share/ament_index/resource_index/packages/nav2_lifecycle_manager
[120.281s] -- Installing: /home/edwinooi/Desktop/foxy_ws/install/nav2_lifecycle_manager/share/ament_index/resource_index/rclcpp_components/nav2_lifecycle_manager
[120.281s] -- Installing: /home/edwinooi/Desktop/foxy_ws/install/nav2_lifecycle_manager/share/nav2_lifecycle_manager/cmake/ament_cmake_export_include_directories-extras.cmake
[120.281s] -- Installing: /home/edwinooi/Desktop/foxy_ws/install/nav2_lifecycle_manager/share/nav2_lifecycle_manager/cmake/ament_cmake_export_libraries-extras.cmake
[120.282s] -- Installing: /home/edwinooi/Desktop/foxy_ws/install/nav2_lifecycle_manager/share/nav2_lifecycle_manager/cmake/ament_cmake_export_dependencies-extras.cmake
[120.282s] -- Installing: /home/edwinooi/Desktop/foxy_ws/install/nav2_lifecycle_manager/share/nav2_lifecycle_manager/cmake/nav2_lifecycle_managerConfig.cmake
[120.282s] -- Installing: /home/edwinooi/Desktop/foxy_ws/install/nav2_lifecycle_manager/share/nav2_lifecycle_manager/cmake/nav2_lifecycle_managerConfig-version.cmake
[120.282s] -- Installing: /home/edwinooi/Desktop/foxy_ws/install/nav2_lifecycle_manager/share/nav2_lifecycle_manager/package.xml
[120.325s] Invoked command in '/home/edwinooi/Desktop/foxy_ws/build/nav2_lifecycle_manager' returned '0': AMENT_PREFIX_PATH=/home/edwinooi/Desktop/foxy_ws/install/nav2_util:/home/edwinooi/Desktop/foxy_ws/install/nav2_msgs:/home/edwinooi/Desktop/foxy_ws/install/nav2_common:${AMENT_PREFIX_PATH} CMAKE_PREFIX_PATH=/home/edwinooi/Desktop/foxy_ws/install/nav2_util:/home/edwinooi/Desktop/foxy_ws/install/nav2_msgs:/home/edwinooi/Desktop/foxy_ws/install/nav2_common:/home/edwinooi/Desktop/emanual/install/turtlebot3_simulations:/home/edwinooi/Desktop/emanual/install/turtlebot3_gazebo:/home/edwinooi/Desktop/emanual/install/turtlebot3_fake_node:/home/edwinooi/Desktop/emanual/install/ros2_aruco_interfaces:/home/edwinooi/Desktop/emanual/install/ros2_aruco:/opt/ros/humble LD_LIBRARY_PATH=/home/edwinooi/Desktop/foxy_ws/install/nav2_util/lib:/home/edwinooi/Desktop/foxy_ws/install/nav2_msgs/lib:${LD_LIBRARY_PATH} PYTHONPATH=/home/edwinooi/Desktop/foxy_ws/install/nav2_msgs/local/lib/python3.10/dist-packages:/home/edwinooi/Desktop/foxy_ws/install/nav2_common/local/lib/python3.10/dist-packages:${PYTHONPATH} /usr/bin/cmake --install /home/edwinooi/Desktop/foxy_ws/build/nav2_lifecycle_manager
