[0.802s] Invoking command in '/home/edwinooi/Desktop/foxy_ws/build/nav2_voxel_grid': AMENT_PREFIX_PATH=/home/edwinooi/Desktop/foxy_ws/install/nav2_common:${AMENT_PREFIX_PATH} CMAKE_PREFIX_PATH=/home/edwinooi/Desktop/foxy_ws/install/nav2_common:/home/edwinooi/Desktop/emanual/install/turtlebot3_simulations:/home/edwinooi/Desktop/emanual/install/turtlebot3_gazebo:/home/edwinooi/Desktop/emanual/install/turtlebot3_fake_node:/home/edwinooi/Desktop/emanual/install/ros2_aruco_interfaces:/home/edwinooi/Desktop/emanual/install/ros2_aruco:/opt/ros/humble PYTHONPATH=/home/edwinooi/Desktop/foxy_ws/install/nav2_common/local/lib/python3.10/dist-packages:${PYTHONPATH} /usr/bin/cmake --build /home/edwinooi/Desktop/foxy_ws/build/nav2_voxel_grid -- -j4 -l4
[1.040s] [ 20%] Built target voxel_grid
[1.112s] [ 40%] Built target gtest_main
[1.141s] [ 60%] Built target gtest
[1.311s] [ 80%] Built target voxel_grid_tests
[1.438s] [100%] Built target voxel_grid_bresenham_3d
[1.890s] Invoked command in '/home/edwinooi/Desktop/foxy_ws/build/nav2_voxel_grid' returned '0': AMENT_PREFIX_PATH=/home/edwinooi/Desktop/foxy_ws/install/nav2_common:${AMENT_PREFIX_PATH} CMAKE_PREFIX_PATH=/home/edwinooi/Desktop/foxy_ws/install/nav2_common:/home/edwinooi/Desktop/emanual/install/turtlebot3_simulations:/home/edwinooi/Desktop/emanual/install/turtlebot3_gazebo:/home/edwinooi/Desktop/emanual/install/turtlebot3_fake_node:/home/edwinooi/Desktop/emanual/install/ros2_aruco_interfaces:/home/edwinooi/Desktop/emanual/install/ros2_aruco:/opt/ros/humble PYTHONPATH=/home/edwinooi/Desktop/foxy_ws/install/nav2_common/local/lib/python3.10/dist-packages:${PYTHONPATH} /usr/bin/cmake --build /home/edwinooi/Desktop/foxy_ws/build/nav2_voxel_grid -- -j4 -l4
[3.085s] Invoking command in '/home/edwinooi/Desktop/foxy_ws/build/nav2_voxel_grid': AMENT_PREFIX_PATH=/home/edwinooi/Desktop/foxy_ws/install/nav2_common:${AMENT_PREFIX_PATH} CMAKE_PREFIX_PATH=/home/edwinooi/Desktop/foxy_ws/install/nav2_common:/home/edwinooi/Desktop/emanual/install/turtlebot3_simulations:/home/edwinooi/Desktop/emanual/install/turtlebot3_gazebo:/home/edwinooi/Desktop/emanual/install/turtlebot3_fake_node:/home/edwinooi/Desktop/emanual/install/ros2_aruco_interfaces:/home/edwinooi/Desktop/emanual/install/ros2_aruco:/opt/ros/humble PYTHONPATH=/home/edwinooi/Desktop/foxy_ws/install/nav2_common/local/lib/python3.10/dist-packages:${PYTHONPATH} /usr/bin/cmake --install /home/edwinooi/Desktop/foxy_ws/build/nav2_voxel_grid
[3.115s] -- Install configuration: "Release"
[3.143s] -- Up-to-date: /home/edwinooi/Desktop/foxy_ws/install/nav2_voxel_grid/lib/libvoxel_grid.so
[3.144s] -- Up-to-date: /home/edwinooi/Desktop/foxy_ws/install/nav2_voxel_grid/include
[3.144s] -- Up-to-date: /home/edwinooi/Desktop/foxy_ws/install/nav2_voxel_grid/include/nav2_voxel_grid
[3.144s] -- Up-to-date: /home/edwinooi/Desktop/foxy_ws/install/nav2_voxel_grid/include/nav2_voxel_grid/voxel_grid.hpp
[3.145s] -- Up-to-date: /home/edwinooi/Desktop/foxy_ws/install/nav2_voxel_grid/share/nav2_voxel_grid/environment/library_path.sh
[3.145s] -- Up-to-date: /home/edwinooi/Desktop/foxy_ws/install/nav2_voxel_grid/share/nav2_voxel_grid/environment/library_path.dsv
[3.145s] -- Up-to-date: /home/edwinooi/Desktop/foxy_ws/install/nav2_voxel_grid/share/ament_index/resource_index/package_run_dependencies/nav2_voxel_grid
[3.146s] -- Up-to-date: /home/edwinooi/Desktop/foxy_ws/install/nav2_voxel_grid/share/ament_index/resource_index/parent_prefix_path/nav2_voxel_grid
[3.146s] -- Up-to-date: /home/edwinooi/Desktop/foxy_ws/install/nav2_voxel_grid/share/nav2_voxel_grid/environment/ament_prefix_path.sh
[3.148s] -- Up-to-date: /home/edwinooi/Desktop/foxy_ws/install/nav2_voxel_grid/share/nav2_voxel_grid/environment/ament_prefix_path.dsv
[3.148s] -- Up-to-date: /home/edwinooi/Desktop/foxy_ws/install/nav2_voxel_grid/share/nav2_voxel_grid/environment/path.sh
[3.150s] -- Up-to-date: /home/edwinooi/Desktop/foxy_ws/install/nav2_voxel_grid/share/nav2_voxel_grid/environment/path.dsv
[3.151s] -- Up-to-date: /home/edwinooi/Desktop/foxy_ws/install/nav2_voxel_grid/share/nav2_voxel_grid/local_setup.bash
[3.151s] -- Up-to-date: /home/edwinooi/Desktop/foxy_ws/install/nav2_voxel_grid/share/nav2_voxel_grid/local_setup.sh
[3.156s] -- Up-to-date: /home/edwinooi/Desktop/foxy_ws/install/nav2_voxel_grid/share/nav2_voxel_grid/local_setup.zsh
[3.156s] -- Up-to-date: /home/edwinooi/Desktop/foxy_ws/install/nav2_voxel_grid/share/nav2_voxel_grid/local_setup.dsv
[3.157s] -- Installing: /home/edwinooi/Desktop/foxy_ws/install/nav2_voxel_grid/share/nav2_voxel_grid/package.dsv
[3.158s] -- Up-to-date: /home/edwinooi/Desktop/foxy_ws/install/nav2_voxel_grid/share/ament_index/resource_index/packages/nav2_voxel_grid
[3.159s] -- Up-to-date: /home/edwinooi/Desktop/foxy_ws/install/nav2_voxel_grid/share/nav2_voxel_grid/cmake/ament_cmake_export_dependencies-extras.cmake
[3.166s] -- Up-to-date: /home/edwinooi/Desktop/foxy_ws/install/nav2_voxel_grid/share/nav2_voxel_grid/cmake/ament_cmake_export_include_directories-extras.cmake
[3.167s] -- Up-to-date: /home/edwinooi/Desktop/foxy_ws/install/nav2_voxel_grid/share/nav2_voxel_grid/cmake/ament_cmake_export_libraries-extras.cmake
[3.167s] -- Up-to-date: /home/edwinooi/Desktop/foxy_ws/install/nav2_voxel_grid/share/nav2_voxel_grid/cmake/nav2_voxel_gridConfig.cmake
[3.167s] -- Up-to-date: /home/edwinooi/Desktop/foxy_ws/install/nav2_voxel_grid/share/nav2_voxel_grid/cmake/nav2_voxel_gridConfig-version.cmake
[3.167s] -- Up-to-date: /home/edwinooi/Desktop/foxy_ws/install/nav2_voxel_grid/share/nav2_voxel_grid/package.xml
[3.194s] Invoked command in '/home/edwinooi/Desktop/foxy_ws/build/nav2_voxel_grid' returned '0': AMENT_PREFIX_PATH=/home/edwinooi/Desktop/foxy_ws/install/nav2_common:${AMENT_PREFIX_PATH} CMAKE_PREFIX_PATH=/home/edwinooi/Desktop/foxy_ws/install/nav2_common:/home/edwinooi/Desktop/emanual/install/turtlebot3_simulations:/home/edwinooi/Desktop/emanual/install/turtlebot3_gazebo:/home/edwinooi/Desktop/emanual/install/turtlebot3_fake_node:/home/edwinooi/Desktop/emanual/install/ros2_aruco_interfaces:/home/edwinooi/Desktop/emanual/install/ros2_aruco:/opt/ros/humble PYTHONPATH=/home/edwinooi/Desktop/foxy_ws/install/nav2_common/local/lib/python3.10/dist-packages:${PYTHONPATH} /usr/bin/cmake --install /home/edwinooi/Desktop/foxy_ws/build/nav2_voxel_grid
