[4.376s] Invoking command in '/home/edwinooi/Desktop/foxy_ws/src/turtlebot3_simulations/localization_server': PYTHONPATH=/home/edwinooi/Desktop/foxy_ws/build/localization_server/prefix_override:/home/edwinooi/Desktop/foxy_ws/install/localization_server/lib/python3.10/site-packages:${PYTHONPATH} /usr/bin/python3 setup.py egg_info --egg-base ../../../build/localization_server build --build-base /home/edwinooi/Desktop/foxy_ws/build/localization_server/build install --record /home/edwinooi/Desktop/foxy_ws/build/localization_server/install.log --single-version-externally-managed
[5.376s] running egg_info
[5.377s] writing ../../../build/localization_server/localization_server.egg-info/PKG-INFO
[5.378s] writing dependency_links to ../../../build/localization_server/localization_server.egg-info/dependency_links.txt
[5.379s] writing entry points to ../../../build/localization_server/localization_server.egg-info/entry_points.txt
[5.379s] writing requirements to ../../../build/localization_server/localization_server.egg-info/requires.txt
[5.380s] writing top-level names to ../../../build/localization_server/localization_server.egg-info/top_level.txt
[5.384s] reading manifest file '../../../build/localization_server/localization_server.egg-info/SOURCES.txt'
[5.386s] writing manifest file '../../../build/localization_server/localization_server.egg-info/SOURCES.txt'
[5.387s] running build
[5.387s] running build_py
[5.388s] running install
[5.388s] running install_lib
[5.393s] /usr/lib/python3/dist-packages/setuptools/command/install.py:34: SetuptoolsDeprecationWarning: setup.py install is deprecated. Use build and pip and other standards-based tools.
[5.393s]   warnings.warn(
[5.393s] running install_data
[5.393s] running install_egg_info
[5.398s] removing '/home/edwinooi/Desktop/foxy_ws/install/localization_server/lib/python3.10/site-packages/localization_server-0.0.0-py3.10.egg-info' (and everything under it)
[5.398s] Copying ../../../build/localization_server/localization_server.egg-info to /home/edwinooi/Desktop/foxy_ws/install/localization_server/lib/python3.10/site-packages/localization_server-0.0.0-py3.10.egg-info
[5.398s] running install_scripts
[5.455s] writing list of installed files to '/home/edwinooi/Desktop/foxy_ws/build/localization_server/install.log'
[5.520s] Invoked command in '/home/edwinooi/Desktop/foxy_ws/src/turtlebot3_simulations/localization_server' returned '0': PYTHONPATH=/home/edwinooi/Desktop/foxy_ws/build/localization_server/prefix_override:/home/edwinooi/Desktop/foxy_ws/install/localization_server/lib/python3.10/site-packages:${PYTHONPATH} /usr/bin/python3 setup.py egg_info --egg-base ../../../build/localization_server build --build-base /home/edwinooi/Desktop/foxy_ws/build/localization_server/build install --record /home/edwinooi/Desktop/foxy_ws/build/localization_server/install.log --single-version-externally-managed
