[3.510s] Invoking command in '/home/edwinooi/Desktop/foxy_ws/src/turtlebot3_simulations/localization_server': PYTHONPATH=/home/edwinooi/Desktop/foxy_ws/build/localization_server/prefix_override:/home/edwinooi/Desktop/foxy_ws/install/localization_server/lib/python3.10/site-packages:${PYTHONPATH} /usr/bin/python3 setup.py egg_info --egg-base ../../../build/localization_server build --build-base /home/edwinooi/Desktop/foxy_ws/build/localization_server/build install --record /home/edwinooi/Desktop/foxy_ws/build/localization_server/install.log --single-version-externally-managed
[5.188s] running egg_info
[5.188s] writing ../../../build/localization_server/localization_server.egg-info/PKG-INFO
[5.188s] writing dependency_links to ../../../build/localization_server/localization_server.egg-info/dependency_links.txt
[5.189s] writing entry points to ../../../build/localization_server/localization_server.egg-info/entry_points.txt
[5.189s] writing requirements to ../../../build/localization_server/localization_server.egg-info/requires.txt
[5.189s] writing top-level names to ../../../build/localization_server/localization_server.egg-info/top_level.txt
[5.189s] reading manifest file '../../../build/localization_server/localization_server.egg-info/SOURCES.txt'
[5.194s] writing manifest file '../../../build/localization_server/localization_server.egg-info/SOURCES.txt'
[5.194s] running build
[5.195s] running build_py
[5.200s] running install
[5.203s] /usr/lib/python3/dist-packages/setuptools/command/install.py:34: SetuptoolsDeprecationWarning: setup.py install is deprecated. Use build and pip and other standards-based tools.
[5.204s]   warnings.warn(
[5.204s] running install_lib
[5.204s] running install_data
[5.211s] running install_egg_info
[5.212s] removing '/home/edwinooi/Desktop/foxy_ws/install/localization_server/lib/python3.10/site-packages/localization_server-0.0.0-py3.10.egg-info' (and everything under it)
[5.212s] Copying ../../../build/localization_server/localization_server.egg-info to /home/edwinooi/Desktop/foxy_ws/install/localization_server/lib/python3.10/site-packages/localization_server-0.0.0-py3.10.egg-info
[5.214s] running install_scripts
[5.258s] writing list of installed files to '/home/edwinooi/Desktop/foxy_ws/build/localization_server/install.log'
[5.752s] Invoked command in '/home/edwinooi/Desktop/foxy_ws/src/turtlebot3_simulations/localization_server' returned '0': PYTHONPATH=/home/edwinooi/Desktop/foxy_ws/build/localization_server/prefix_override:/home/edwinooi/Desktop/foxy_ws/install/localization_server/lib/python3.10/site-packages:${PYTHONPATH} /usr/bin/python3 setup.py egg_info --egg-base ../../../build/localization_server build --build-base /home/edwinooi/Desktop/foxy_ws/build/localization_server/build install --record /home/edwinooi/Desktop/foxy_ws/build/localization_server/install.log --single-version-externally-managed
