[0.563s] Invoking command in '/home/edwinooi/Desktop/foxy_ws/build/realsense2_camera_msgs': CMAKE_PREFIX_PATH=${CMAKE_PREFIX_PATH}:/home/edwinooi/Desktop/emanual/install/ros2_aruco:/opt/ros/humble /usr/bin/cmake --build /home/edwinooi/Desktop/foxy_ws/build/realsense2_camera_msgs -- -j4 -l4
[0.870s] [  1%] Built target realsense2_camera_msgs__cpp
[0.910s] [  1%] Built target ament_cmake_python_copy_realsense2_camera_msgs
[0.945s] [ 12%] Built target realsense2_camera_msgs__rosidl_generator_c
[1.133s] [ 23%] Built target realsense2_camera_msgs__rosidl_typesupport_fastrtps_cpp
[1.201s] [ 34%] Built target realsense2_camera_msgs__rosidl_typesupport_introspection_cpp
[1.203s] [ 45%] Built target realsense2_camera_msgs__rosidl_typesupport_cpp
[1.403s] [ 56%] Built target realsense2_camera_msgs__rosidl_typesupport_fastrtps_c
[1.504s] [ 67%] Built target realsense2_camera_msgs__rosidl_typesupport_c
[1.512s] [ 78%] Built target realsense2_camera_msgs__rosidl_typesupport_introspection_c
[1.682s] [ 78%] Built target realsense2_camera_msgs
[1.804s] [ 80%] Built target realsense2_camera_msgs__py
[1.938s] [ 89%] Built target realsense2_camera_msgs__rosidl_generator_py
[2.061s] [ 92%] Built target realsense2_camera_msgs__rosidl_typesupport_fastrtps_c__pyext
[2.107s] [ 96%] Built target realsense2_camera_msgs__rosidl_typesupport_introspection_c__pyext
[2.113s] [100%] Built target realsense2_camera_msgs__rosidl_typesupport_c__pyext
[2.491s] running egg_info
[2.492s] writing realsense2_camera_msgs.egg-info/PKG-INFO
[2.493s] writing dependency_links to realsense2_camera_msgs.egg-info/dependency_links.txt
[2.493s] writing top-level names to realsense2_camera_msgs.egg-info/top_level.txt
[2.501s] reading manifest file 'realsense2_camera_msgs.egg-info/SOURCES.txt'
[2.505s] writing manifest file 'realsense2_camera_msgs.egg-info/SOURCES.txt'
[2.601s] [100%] Built target ament_cmake_python_build_realsense2_camera_msgs_egg
[2.692s] Invoked command in '/home/edwinooi/Desktop/foxy_ws/build/realsense2_camera_msgs' returned '0': CMAKE_PREFIX_PATH=${CMAKE_PREFIX_PATH}:/home/edwinooi/Desktop/emanual/install/ros2_aruco:/opt/ros/humble /usr/bin/cmake --build /home/edwinooi/Desktop/foxy_ws/build/realsense2_camera_msgs -- -j4 -l4
[3.640s] Invoking command in '/home/edwinooi/Desktop/foxy_ws/build/realsense2_camera_msgs': CMAKE_PREFIX_PATH=${CMAKE_PREFIX_PATH}:/home/edwinooi/Desktop/emanual/install/ros2_aruco:/opt/ros/humble /usr/bin/cmake --install /home/edwinooi/Desktop/foxy_ws/build/realsense2_camera_msgs
[3.666s] -- Install configuration: ""
[3.666s] -- Up-to-date: /home/edwinooi/Desktop/foxy_ws/install/realsense2_camera_msgs/share/ament_index/resource_index/rosidl_interfaces/realsense2_camera_msgs
[3.666s] -- Up-to-date: /home/edwinooi/Desktop/foxy_ws/install/realsense2_camera_msgs/include/realsense2_camera_msgs/realsense2_camera_msgs
[3.666s] -- Up-to-date: /home/edwinooi/Desktop/foxy_ws/install/realsense2_camera_msgs/include/realsense2_camera_msgs/realsense2_camera_msgs/msg
[3.674s] -- Up-to-date: /home/edwinooi/Desktop/foxy_ws/install/realsense2_camera_msgs/include/realsense2_camera_msgs/realsense2_camera_msgs/msg/rosidl_generator_c__visibility_control.h
[3.674s] -- Up-to-date: /home/edwinooi/Desktop/foxy_ws/install/realsense2_camera_msgs/include/realsense2_camera_msgs/realsense2_camera_msgs/msg/extrinsics.h
[3.674s] -- Up-to-date: /home/edwinooi/Desktop/foxy_ws/install/realsense2_camera_msgs/include/realsense2_camera_msgs/realsense2_camera_msgs/msg/detail
[3.674s] -- Up-to-date: /home/edwinooi/Desktop/foxy_ws/install/realsense2_camera_msgs/include/realsense2_camera_msgs/realsense2_camera_msgs/msg/detail/imu_info__struct.h
[3.674s] -- Up-to-date: /home/edwinooi/Desktop/foxy_ws/install/realsense2_camera_msgs/include/realsense2_camera_msgs/realsense2_camera_msgs/msg/detail/metadata__functions.h
[3.674s] -- Up-to-date: /home/edwinooi/Desktop/foxy_ws/install/realsense2_camera_msgs/include/realsense2_camera_msgs/realsense2_camera_msgs/msg/detail/imu_info__functions.h
[3.674s] -- Up-to-date: /home/edwinooi/Desktop/foxy_ws/install/realsense2_camera_msgs/include/realsense2_camera_msgs/realsense2_camera_msgs/msg/detail/metadata__struct.h
[3.675s] -- Up-to-date: /home/edwinooi/Desktop/foxy_ws/install/realsense2_camera_msgs/include/realsense2_camera_msgs/realsense2_camera_msgs/msg/detail/extrinsics__functions.h
[3.675s] -- Up-to-date: /home/edwinooi/Desktop/foxy_ws/install/realsense2_camera_msgs/include/realsense2_camera_msgs/realsense2_camera_msgs/msg/detail/extrinsics__type_support.h
[3.675s] -- Up-to-date: /home/edwinooi/Desktop/foxy_ws/install/realsense2_camera_msgs/include/realsense2_camera_msgs/realsense2_camera_msgs/msg/detail/extrinsics__struct.h
[3.675s] -- Up-to-date: /home/edwinooi/Desktop/foxy_ws/install/realsense2_camera_msgs/include/realsense2_camera_msgs/realsense2_camera_msgs/msg/detail/imu_info__type_support.h
[3.675s] -- Up-to-date: /home/edwinooi/Desktop/foxy_ws/install/realsense2_camera_msgs/include/realsense2_camera_msgs/realsense2_camera_msgs/msg/detail/metadata__functions.c
[3.675s] -- Up-to-date: /home/edwinooi/Desktop/foxy_ws/install/realsense2_camera_msgs/include/realsense2_camera_msgs/realsense2_camera_msgs/msg/detail/metadata__type_support.h
[3.675s] -- Up-to-date: /home/edwinooi/Desktop/foxy_ws/install/realsense2_camera_msgs/include/realsense2_camera_msgs/realsense2_camera_msgs/msg/detail/imu_info__functions.c
[3.676s] -- Up-to-date: /home/edwinooi/Desktop/foxy_ws/install/realsense2_camera_msgs/include/realsense2_camera_msgs/realsense2_camera_msgs/msg/detail/extrinsics__functions.c
[3.676s] -- Up-to-date: /home/edwinooi/Desktop/foxy_ws/install/realsense2_camera_msgs/include/realsense2_camera_msgs/realsense2_camera_msgs/msg/metadata.h
[3.676s] -- Up-to-date: /home/edwinooi/Desktop/foxy_ws/install/realsense2_camera_msgs/include/realsense2_camera_msgs/realsense2_camera_msgs/msg/imu_info.h
[3.676s] -- Up-to-date: /home/edwinooi/Desktop/foxy_ws/install/realsense2_camera_msgs/include/realsense2_camera_msgs/realsense2_camera_msgs/srv
[3.676s] -- Up-to-date: /home/edwinooi/Desktop/foxy_ws/install/realsense2_camera_msgs/include/realsense2_camera_msgs/realsense2_camera_msgs/srv/detail
[3.676s] -- Up-to-date: /home/edwinooi/Desktop/foxy_ws/install/realsense2_camera_msgs/include/realsense2_camera_msgs/realsense2_camera_msgs/srv/detail/device_info__struct.h
[3.695s] -- Up-to-date: /home/edwinooi/Desktop/foxy_ws/install/realsense2_camera_msgs/include/realsense2_camera_msgs/realsense2_camera_msgs/srv/detail/device_info__type_support.h
[3.695s] -- Up-to-date: /home/edwinooi/Desktop/foxy_ws/install/realsense2_camera_msgs/include/realsense2_camera_msgs/realsense2_camera_msgs/srv/detail/device_info__functions.c
[3.695s] -- Up-to-date: /home/edwinooi/Desktop/foxy_ws/install/realsense2_camera_msgs/include/realsense2_camera_msgs/realsense2_camera_msgs/srv/detail/device_info__functions.h
[3.696s] -- Up-to-date: /home/edwinooi/Desktop/foxy_ws/install/realsense2_camera_msgs/include/realsense2_camera_msgs/realsense2_camera_msgs/srv/device_info.h
[3.696s] -- Up-to-date: /home/edwinooi/Desktop/foxy_ws/install/realsense2_camera_msgs/share/realsense2_camera_msgs/environment/library_path.sh
[3.696s] -- Up-to-date: /home/edwinooi/Desktop/foxy_ws/install/realsense2_camera_msgs/share/realsense2_camera_msgs/environment/library_path.dsv
[3.696s] -- Up-to-date: /home/edwinooi/Desktop/foxy_ws/install/realsense2_camera_msgs/lib/librealsense2_camera_msgs__rosidl_generator_c.so
[3.697s] -- Up-to-date: /home/edwinooi/Desktop/foxy_ws/install/realsense2_camera_msgs/include/realsense2_camera_msgs/realsense2_camera_msgs
[3.697s] -- Up-to-date: /home/edwinooi/Desktop/foxy_ws/install/realsense2_camera_msgs/include/realsense2_camera_msgs/realsense2_camera_msgs/msg
[3.697s] -- Up-to-date: /home/edwinooi/Desktop/foxy_ws/install/realsense2_camera_msgs/include/realsense2_camera_msgs/realsense2_camera_msgs/msg/rosidl_typesupport_fastrtps_c__visibility_control.h
[3.697s] -- Up-to-date: /home/edwinooi/Desktop/foxy_ws/install/realsense2_camera_msgs/include/realsense2_camera_msgs/realsense2_camera_msgs/msg/detail
[3.697s] -- Up-to-date: /home/edwinooi/Desktop/foxy_ws/install/realsense2_camera_msgs/include/realsense2_camera_msgs/realsense2_camera_msgs/msg/detail/imu_info__rosidl_typesupport_fastrtps_c.h
[3.697s] -- Up-to-date: /home/edwinooi/Desktop/foxy_ws/install/realsense2_camera_msgs/include/realsense2_camera_msgs/realsense2_camera_msgs/msg/detail/extrinsics__rosidl_typesupport_fastrtps_c.h
[3.697s] -- Up-to-date: /home/edwinooi/Desktop/foxy_ws/install/realsense2_camera_msgs/include/realsense2_camera_msgs/realsense2_camera_msgs/msg/detail/metadata__rosidl_typesupport_fastrtps_c.h
[3.698s] -- Up-to-date: /home/edwinooi/Desktop/foxy_ws/install/realsense2_camera_msgs/include/realsense2_camera_msgs/realsense2_camera_msgs/srv
[3.698s] -- Up-to-date: /home/edwinooi/Desktop/foxy_ws/install/realsense2_camera_msgs/include/realsense2_camera_msgs/realsense2_camera_msgs/srv/detail
[3.698s] -- Up-to-date: /home/edwinooi/Desktop/foxy_ws/install/realsense2_camera_msgs/include/realsense2_camera_msgs/realsense2_camera_msgs/srv/detail/device_info__rosidl_typesupport_fastrtps_c.h
[3.698s] -- Up-to-date: /home/edwinooi/Desktop/foxy_ws/install/realsense2_camera_msgs/lib/librealsense2_camera_msgs__rosidl_typesupport_fastrtps_c.so
[3.698s] -- Up-to-date: /home/edwinooi/Desktop/foxy_ws/install/realsense2_camera_msgs/include/realsense2_camera_msgs/realsense2_camera_msgs
[3.698s] -- Up-to-date: /home/edwinooi/Desktop/foxy_ws/install/realsense2_camera_msgs/include/realsense2_camera_msgs/realsense2_camera_msgs/msg
[3.698s] -- Up-to-date: /home/edwinooi/Desktop/foxy_ws/install/realsense2_camera_msgs/include/realsense2_camera_msgs/realsense2_camera_msgs/msg/rosidl_typesupport_introspection_c__visibility_control.h
[3.698s] -- Up-to-date: /home/edwinooi/Desktop/foxy_ws/install/realsense2_camera_msgs/include/realsense2_camera_msgs/realsense2_camera_msgs/msg/detail
[3.699s] -- Up-to-date: /home/edwinooi/Desktop/foxy_ws/install/realsense2_camera_msgs/include/realsense2_camera_msgs/realsense2_camera_msgs/msg/detail/extrinsics__rosidl_typesupport_introspection_c.h
[3.699s] -- Up-to-date: /home/edwinooi/Desktop/foxy_ws/install/realsense2_camera_msgs/include/realsense2_camera_msgs/realsense2_camera_msgs/msg/detail/metadata__rosidl_typesupport_introspection_c.h
[3.699s] -- Up-to-date: /home/edwinooi/Desktop/foxy_ws/install/realsense2_camera_msgs/include/realsense2_camera_msgs/realsense2_camera_msgs/msg/detail/imu_info__type_support.c
[3.699s] -- Up-to-date: /home/edwinooi/Desktop/foxy_ws/install/realsense2_camera_msgs/include/realsense2_camera_msgs/realsense2_camera_msgs/msg/detail/extrinsics__type_support.c
[3.699s] -- Up-to-date: /home/edwinooi/Desktop/foxy_ws/install/realsense2_camera_msgs/include/realsense2_camera_msgs/realsense2_camera_msgs/msg/detail/imu_info__rosidl_typesupport_introspection_c.h
[3.699s] -- Up-to-date: /home/edwinooi/Desktop/foxy_ws/install/realsense2_camera_msgs/include/realsense2_camera_msgs/realsense2_camera_msgs/msg/detail/metadata__type_support.c
[3.699s] -- Up-to-date: /home/edwinooi/Desktop/foxy_ws/install/realsense2_camera_msgs/include/realsense2_camera_msgs/realsense2_camera_msgs/srv
[3.705s] -- Up-to-date: /home/edwinooi/Desktop/foxy_ws/install/realsense2_camera_msgs/include/realsense2_camera_msgs/realsense2_camera_msgs/srv/detail
[3.707s] -- Up-to-date: /home/edwinooi/Desktop/foxy_ws/install/realsense2_camera_msgs/include/realsense2_camera_msgs/realsense2_camera_msgs/srv/detail/device_info__rosidl_typesupport_introspection_c.h
[3.707s] -- Up-to-date: /home/edwinooi/Desktop/foxy_ws/install/realsense2_camera_msgs/include/realsense2_camera_msgs/realsense2_camera_msgs/srv/detail/device_info__type_support.c
[3.707s] -- Up-to-date: /home/edwinooi/Desktop/foxy_ws/install/realsense2_camera_msgs/lib/librealsense2_camera_msgs__rosidl_typesupport_introspection_c.so
[3.707s] -- Up-to-date: /home/edwinooi/Desktop/foxy_ws/install/realsense2_camera_msgs/lib/librealsense2_camera_msgs__rosidl_typesupport_c.so
[3.707s] -- Up-to-date: /home/edwinooi/Desktop/foxy_ws/install/realsense2_camera_msgs/include/realsense2_camera_msgs/realsense2_camera_msgs
[3.707s] -- Up-to-date: /home/edwinooi/Desktop/foxy_ws/install/realsense2_camera_msgs/include/realsense2_camera_msgs/realsense2_camera_msgs/msg
[3.708s] -- Up-to-date: /home/edwinooi/Desktop/foxy_ws/install/realsense2_camera_msgs/include/realsense2_camera_msgs/realsense2_camera_msgs/msg/metadata.hpp
[3.708s] -- Up-to-date: /home/edwinooi/Desktop/foxy_ws/install/realsense2_camera_msgs/include/realsense2_camera_msgs/realsense2_camera_msgs/msg/extrinsics.hpp
[3.708s] -- Up-to-date: /home/edwinooi/Desktop/foxy_ws/install/realsense2_camera_msgs/include/realsense2_camera_msgs/realsense2_camera_msgs/msg/detail
[3.708s] -- Up-to-date: /home/edwinooi/Desktop/foxy_ws/install/realsense2_camera_msgs/include/realsense2_camera_msgs/realsense2_camera_msgs/msg/detail/imu_info__traits.hpp
[3.708s] -- Up-to-date: /home/edwinooi/Desktop/foxy_ws/install/realsense2_camera_msgs/include/realsense2_camera_msgs/realsense2_camera_msgs/msg/detail/extrinsics__traits.hpp
[3.708s] -- Up-to-date: /home/edwinooi/Desktop/foxy_ws/install/realsense2_camera_msgs/include/realsense2_camera_msgs/realsense2_camera_msgs/msg/detail/metadata__builder.hpp
[3.725s] -- Up-to-date: /home/edwinooi/Desktop/foxy_ws/install/realsense2_camera_msgs/include/realsense2_camera_msgs/realsense2_camera_msgs/msg/detail/imu_info__builder.hpp
[3.725s] -- Up-to-date: /home/edwinooi/Desktop/foxy_ws/install/realsense2_camera_msgs/include/realsense2_camera_msgs/realsense2_camera_msgs/msg/detail/metadata__struct.hpp
[3.725s] -- Up-to-date: /home/edwinooi/Desktop/foxy_ws/install/realsense2_camera_msgs/include/realsense2_camera_msgs/realsense2_camera_msgs/msg/detail/extrinsics__struct.hpp
[3.725s] -- Up-to-date: /home/edwinooi/Desktop/foxy_ws/install/realsense2_camera_msgs/include/realsense2_camera_msgs/realsense2_camera_msgs/msg/detail/imu_info__struct.hpp
[3.725s] -- Up-to-date: /home/edwinooi/Desktop/foxy_ws/install/realsense2_camera_msgs/include/realsense2_camera_msgs/realsense2_camera_msgs/msg/detail/metadata__traits.hpp
[3.726s] -- Up-to-date: /home/edwinooi/Desktop/foxy_ws/install/realsense2_camera_msgs/include/realsense2_camera_msgs/realsense2_camera_msgs/msg/detail/extrinsics__builder.hpp
[3.726s] -- Up-to-date: /home/edwinooi/Desktop/foxy_ws/install/realsense2_camera_msgs/include/realsense2_camera_msgs/realsense2_camera_msgs/msg/imu_info.hpp
[3.726s] -- Up-to-date: /home/edwinooi/Desktop/foxy_ws/install/realsense2_camera_msgs/include/realsense2_camera_msgs/realsense2_camera_msgs/srv
[3.726s] -- Up-to-date: /home/edwinooi/Desktop/foxy_ws/install/realsense2_camera_msgs/include/realsense2_camera_msgs/realsense2_camera_msgs/srv/detail
[3.726s] -- Up-to-date: /home/edwinooi/Desktop/foxy_ws/install/realsense2_camera_msgs/include/realsense2_camera_msgs/realsense2_camera_msgs/srv/detail/device_info__builder.hpp
[3.726s] -- Up-to-date: /home/edwinooi/Desktop/foxy_ws/install/realsense2_camera_msgs/include/realsense2_camera_msgs/realsense2_camera_msgs/srv/detail/device_info__traits.hpp
[3.726s] -- Up-to-date: /home/edwinooi/Desktop/foxy_ws/install/realsense2_camera_msgs/include/realsense2_camera_msgs/realsense2_camera_msgs/srv/detail/device_info__struct.hpp
[3.726s] -- Up-to-date: /home/edwinooi/Desktop/foxy_ws/install/realsense2_camera_msgs/include/realsense2_camera_msgs/realsense2_camera_msgs/srv/device_info.hpp
[3.727s] -- Up-to-date: /home/edwinooi/Desktop/foxy_ws/install/realsense2_camera_msgs/include/realsense2_camera_msgs/realsense2_camera_msgs
[3.727s] -- Up-to-date: /home/edwinooi/Desktop/foxy_ws/install/realsense2_camera_msgs/include/realsense2_camera_msgs/realsense2_camera_msgs/msg
[3.727s] -- Up-to-date: /home/edwinooi/Desktop/foxy_ws/install/realsense2_camera_msgs/include/realsense2_camera_msgs/realsense2_camera_msgs/msg/rosidl_typesupport_fastrtps_cpp__visibility_control.h
[3.727s] -- Up-to-date: /home/edwinooi/Desktop/foxy_ws/install/realsense2_camera_msgs/include/realsense2_camera_msgs/realsense2_camera_msgs/msg/detail
[3.727s] -- Up-to-date: /home/edwinooi/Desktop/foxy_ws/install/realsense2_camera_msgs/include/realsense2_camera_msgs/realsense2_camera_msgs/msg/detail/extrinsics__rosidl_typesupport_fastrtps_cpp.hpp
[3.727s] -- Up-to-date: /home/edwinooi/Desktop/foxy_ws/install/realsense2_camera_msgs/include/realsense2_camera_msgs/realsense2_camera_msgs/msg/detail/metadata__rosidl_typesupport_fastrtps_cpp.hpp
[3.727s] -- Up-to-date: /home/edwinooi/Desktop/foxy_ws/install/realsense2_camera_msgs/include/realsense2_camera_msgs/realsense2_camera_msgs/msg/detail/dds_fastrtps
[3.727s] -- Up-to-date: /home/edwinooi/Desktop/foxy_ws/install/realsense2_camera_msgs/include/realsense2_camera_msgs/realsense2_camera_msgs/msg/detail/imu_info__rosidl_typesupport_fastrtps_cpp.hpp
[3.731s] -- Up-to-date: /home/edwinooi/Desktop/foxy_ws/install/realsense2_camera_msgs/include/realsense2_camera_msgs/realsense2_camera_msgs/srv
[3.732s] -- Up-to-date: /home/edwinooi/Desktop/foxy_ws/install/realsense2_camera_msgs/include/realsense2_camera_msgs/realsense2_camera_msgs/srv/detail
[3.733s] -- Up-to-date: /home/edwinooi/Desktop/foxy_ws/install/realsense2_camera_msgs/include/realsense2_camera_msgs/realsense2_camera_msgs/srv/detail/device_info__rosidl_typesupport_fastrtps_cpp.hpp
[3.745s] -- Up-to-date: /home/edwinooi/Desktop/foxy_ws/install/realsense2_camera_msgs/include/realsense2_camera_msgs/realsense2_camera_msgs/srv/detail/dds_fastrtps
[3.745s] -- Up-to-date: /home/edwinooi/Desktop/foxy_ws/install/realsense2_camera_msgs/lib/librealsense2_camera_msgs__rosidl_typesupport_fastrtps_cpp.so
[3.745s] -- Up-to-date: /home/edwinooi/Desktop/foxy_ws/install/realsense2_camera_msgs/include/realsense2_camera_msgs/realsense2_camera_msgs
[3.746s] -- Up-to-date: /home/edwinooi/Desktop/foxy_ws/install/realsense2_camera_msgs/include/realsense2_camera_msgs/realsense2_camera_msgs/msg
[3.746s] -- Up-to-date: /home/edwinooi/Desktop/foxy_ws/install/realsense2_camera_msgs/include/realsense2_camera_msgs/realsense2_camera_msgs/msg/detail
[3.746s] -- Up-to-date: /home/edwinooi/Desktop/foxy_ws/install/realsense2_camera_msgs/include/realsense2_camera_msgs/realsense2_camera_msgs/msg/detail/metadata__rosidl_typesupport_introspection_cpp.hpp
[3.746s] -- Up-to-date: /home/edwinooi/Desktop/foxy_ws/install/realsense2_camera_msgs/include/realsense2_camera_msgs/realsense2_camera_msgs/msg/detail/extrinsics__type_support.cpp
[3.746s] -- Up-to-date: /home/edwinooi/Desktop/foxy_ws/install/realsense2_camera_msgs/include/realsense2_camera_msgs/realsense2_camera_msgs/msg/detail/metadata__type_support.cpp
[3.746s] -- Up-to-date: /home/edwinooi/Desktop/foxy_ws/install/realsense2_camera_msgs/include/realsense2_camera_msgs/realsense2_camera_msgs/msg/detail/imu_info__rosidl_typesupport_introspection_cpp.hpp
[3.746s] -- Up-to-date: /home/edwinooi/Desktop/foxy_ws/install/realsense2_camera_msgs/include/realsense2_camera_msgs/realsense2_camera_msgs/msg/detail/imu_info__type_support.cpp
[3.746s] -- Up-to-date: /home/edwinooi/Desktop/foxy_ws/install/realsense2_camera_msgs/include/realsense2_camera_msgs/realsense2_camera_msgs/msg/detail/extrinsics__rosidl_typesupport_introspection_cpp.hpp
[3.747s] -- Up-to-date: /home/edwinooi/Desktop/foxy_ws/install/realsense2_camera_msgs/include/realsense2_camera_msgs/realsense2_camera_msgs/srv
[3.747s] -- Up-to-date: /home/edwinooi/Desktop/foxy_ws/install/realsense2_camera_msgs/include/realsense2_camera_msgs/realsense2_camera_msgs/srv/detail
[3.747s] -- Up-to-date: /home/edwinooi/Desktop/foxy_ws/install/realsense2_camera_msgs/include/realsense2_camera_msgs/realsense2_camera_msgs/srv/detail/device_info__type_support.cpp
[3.747s] -- Up-to-date: /home/edwinooi/Desktop/foxy_ws/install/realsense2_camera_msgs/include/realsense2_camera_msgs/realsense2_camera_msgs/srv/detail/device_info__rosidl_typesupport_introspection_cpp.hpp
[3.747s] -- Up-to-date: /home/edwinooi/Desktop/foxy_ws/install/realsense2_camera_msgs/lib/librealsense2_camera_msgs__rosidl_typesupport_introspection_cpp.so
[3.747s] -- Up-to-date: /home/edwinooi/Desktop/foxy_ws/install/realsense2_camera_msgs/lib/librealsense2_camera_msgs__rosidl_typesupport_cpp.so
[3.747s] -- Up-to-date: /home/edwinooi/Desktop/foxy_ws/install/realsense2_camera_msgs/share/realsense2_camera_msgs/environment/pythonpath.sh
[3.747s] -- Up-to-date: /home/edwinooi/Desktop/foxy_ws/install/realsense2_camera_msgs/share/realsense2_camera_msgs/environment/pythonpath.dsv
[3.748s] -- Up-to-date: /home/edwinooi/Desktop/foxy_ws/install/realsense2_camera_msgs/local/lib/python3.10/dist-packages/realsense2_camera_msgs-4.51.1-py3.10.egg-info
[3.748s] -- Installing: /home/edwinooi/Desktop/foxy_ws/install/realsense2_camera_msgs/local/lib/python3.10/dist-packages/realsense2_camera_msgs-4.51.1-py3.10.egg-info/SOURCES.txt
[3.748s] -- Installing: /home/edwinooi/Desktop/foxy_ws/install/realsense2_camera_msgs/local/lib/python3.10/dist-packages/realsense2_camera_msgs-4.51.1-py3.10.egg-info/PKG-INFO
[3.748s] -- Installing: /home/edwinooi/Desktop/foxy_ws/install/realsense2_camera_msgs/local/lib/python3.10/dist-packages/realsense2_camera_msgs-4.51.1-py3.10.egg-info/top_level.txt
[3.748s] -- Installing: /home/edwinooi/Desktop/foxy_ws/install/realsense2_camera_msgs/local/lib/python3.10/dist-packages/realsense2_camera_msgs-4.51.1-py3.10.egg-info/dependency_links.txt
[3.748s] -- Up-to-date: /home/edwinooi/Desktop/foxy_ws/install/realsense2_camera_msgs/local/lib/python3.10/dist-packages/realsense2_camera_msgs
[3.748s] -- Up-to-date: /home/edwinooi/Desktop/foxy_ws/install/realsense2_camera_msgs/local/lib/python3.10/dist-packages/realsense2_camera_msgs/realsense2_camera_msgs_s__rosidl_typesupport_c.cpython-310-x86_64-linux-gnu.so
[3.758s] -- Up-to-date: /home/edwinooi/Desktop/foxy_ws/install/realsense2_camera_msgs/local/lib/python3.10/dist-packages/realsense2_camera_msgs/_realsense2_camera_msgs_s.ep.rosidl_typesupport_introspection_c.c
[3.758s] -- Up-to-date: /home/edwinooi/Desktop/foxy_ws/install/realsense2_camera_msgs/local/lib/python3.10/dist-packages/realsense2_camera_msgs/_realsense2_camera_msgs_s.ep.rosidl_typesupport_fastrtps_c.c
[3.758s] -- Up-to-date: /home/edwinooi/Desktop/foxy_ws/install/realsense2_camera_msgs/local/lib/python3.10/dist-packages/realsense2_camera_msgs/__init__.py
[3.758s] -- Up-to-date: /home/edwinooi/Desktop/foxy_ws/install/realsense2_camera_msgs/local/lib/python3.10/dist-packages/realsense2_camera_msgs/realsense2_camera_msgs_s__rosidl_typesupport_fastrtps_c.cpython-310-x86_64-linux-gnu.so
[3.759s] -- Up-to-date: /home/edwinooi/Desktop/foxy_ws/install/realsense2_camera_msgs/local/lib/python3.10/dist-packages/realsense2_camera_msgs/msg
[3.759s] -- Up-to-date: /home/edwinooi/Desktop/foxy_ws/install/realsense2_camera_msgs/local/lib/python3.10/dist-packages/realsense2_camera_msgs/msg/_extrinsics.py
[3.759s] -- Up-to-date: /home/edwinooi/Desktop/foxy_ws/install/realsense2_camera_msgs/local/lib/python3.10/dist-packages/realsense2_camera_msgs/msg/__init__.py
[3.759s] -- Up-to-date: /home/edwinooi/Desktop/foxy_ws/install/realsense2_camera_msgs/local/lib/python3.10/dist-packages/realsense2_camera_msgs/msg/_metadata_s.c
[3.759s] -- Up-to-date: /home/edwinooi/Desktop/foxy_ws/install/realsense2_camera_msgs/local/lib/python3.10/dist-packages/realsense2_camera_msgs/msg/_imu_info_s.c
[3.759s] -- Up-to-date: /home/edwinooi/Desktop/foxy_ws/install/realsense2_camera_msgs/local/lib/python3.10/dist-packages/realsense2_camera_msgs/msg/_imu_info.py
[3.759s] -- Up-to-date: /home/edwinooi/Desktop/foxy_ws/install/realsense2_camera_msgs/local/lib/python3.10/dist-packages/realsense2_camera_msgs/msg/_metadata.py
[3.759s] -- Up-to-date: /home/edwinooi/Desktop/foxy_ws/install/realsense2_camera_msgs/local/lib/python3.10/dist-packages/realsense2_camera_msgs/msg/_extrinsics_s.c
[3.760s] -- Up-to-date: /home/edwinooi/Desktop/foxy_ws/install/realsense2_camera_msgs/local/lib/python3.10/dist-packages/realsense2_camera_msgs/_realsense2_camera_msgs_s.ep.rosidl_typesupport_c.c
[3.760s] -- Up-to-date: /home/edwinooi/Desktop/foxy_ws/install/realsense2_camera_msgs/local/lib/python3.10/dist-packages/realsense2_camera_msgs/srv
[3.760s] -- Up-to-date: /home/edwinooi/Desktop/foxy_ws/install/realsense2_camera_msgs/local/lib/python3.10/dist-packages/realsense2_camera_msgs/srv/__init__.py
[3.760s] -- Up-to-date: /home/edwinooi/Desktop/foxy_ws/install/realsense2_camera_msgs/local/lib/python3.10/dist-packages/realsense2_camera_msgs/srv/_device_info_s.c
[3.776s] -- Up-to-date: /home/edwinooi/Desktop/foxy_ws/install/realsense2_camera_msgs/local/lib/python3.10/dist-packages/realsense2_camera_msgs/srv/_device_info.py
[3.777s] -- Up-to-date: /home/edwinooi/Desktop/foxy_ws/install/realsense2_camera_msgs/local/lib/python3.10/dist-packages/realsense2_camera_msgs/librealsense2_camera_msgs__rosidl_generator_py.so
[3.777s] -- Up-to-date: /home/edwinooi/Desktop/foxy_ws/install/realsense2_camera_msgs/local/lib/python3.10/dist-packages/realsense2_camera_msgs/realsense2_camera_msgs_s__rosidl_typesupport_introspection_c.cpython-310-x86_64-linux-gnu.so
[3.989s] Listing '/home/edwinooi/Desktop/foxy_ws/install/realsense2_camera_msgs/local/lib/python3.10/dist-packages/realsense2_camera_msgs'...
[3.989s] Listing '/home/edwinooi/Desktop/foxy_ws/install/realsense2_camera_msgs/local/lib/python3.10/dist-packages/realsense2_camera_msgs/msg'...
[3.990s] Listing '/home/edwinooi/Desktop/foxy_ws/install/realsense2_camera_msgs/local/lib/python3.10/dist-packages/realsense2_camera_msgs/srv'...
[4.023s] -- Up-to-date: /home/edwinooi/Desktop/foxy_ws/install/realsense2_camera_msgs/local/lib/python3.10/dist-packages/realsense2_camera_msgs/realsense2_camera_msgs_s__rosidl_typesupport_fastrtps_c.cpython-310-x86_64-linux-gnu.so
[4.027s] -- Up-to-date: /home/edwinooi/Desktop/foxy_ws/install/realsense2_camera_msgs/local/lib/python3.10/dist-packages/realsense2_camera_msgs/realsense2_camera_msgs_s__rosidl_typesupport_introspection_c.cpython-310-x86_64-linux-gnu.so
[4.028s] -- Up-to-date: /home/edwinooi/Desktop/foxy_ws/install/realsense2_camera_msgs/local/lib/python3.10/dist-packages/realsense2_camera_msgs/realsense2_camera_msgs_s__rosidl_typesupport_c.cpython-310-x86_64-linux-gnu.so
[4.033s] -- Up-to-date: /home/edwinooi/Desktop/foxy_ws/install/realsense2_camera_msgs/lib/librealsense2_camera_msgs__rosidl_generator_py.so
[4.033s] -- Up-to-date: /home/edwinooi/Desktop/foxy_ws/install/realsense2_camera_msgs/share/realsense2_camera_msgs/msg/IMUInfo.idl
[4.034s] -- Up-to-date: /home/edwinooi/Desktop/foxy_ws/install/realsense2_camera_msgs/share/realsense2_camera_msgs/msg/Extrinsics.idl
[4.034s] -- Up-to-date: /home/edwinooi/Desktop/foxy_ws/install/realsense2_camera_msgs/share/realsense2_camera_msgs/msg/Metadata.idl
[4.035s] -- Up-to-date: /home/edwinooi/Desktop/foxy_ws/install/realsense2_camera_msgs/share/realsense2_camera_msgs/srv/DeviceInfo.idl
[4.035s] -- Up-to-date: /home/edwinooi/Desktop/foxy_ws/install/realsense2_camera_msgs/share/realsense2_camera_msgs/msg/IMUInfo.msg
[4.035s] -- Up-to-date: /home/edwinooi/Desktop/foxy_ws/install/realsense2_camera_msgs/share/realsense2_camera_msgs/msg/Extrinsics.msg
[4.035s] -- Up-to-date: /home/edwinooi/Desktop/foxy_ws/install/realsense2_camera_msgs/share/realsense2_camera_msgs/msg/Metadata.msg
[4.036s] -- Up-to-date: /home/edwinooi/Desktop/foxy_ws/install/realsense2_camera_msgs/share/realsense2_camera_msgs/srv/DeviceInfo.srv
[4.036s] -- Up-to-date: /home/edwinooi/Desktop/foxy_ws/install/realsense2_camera_msgs/share/realsense2_camera_msgs/srv/DeviceInfo_Request.msg
[4.036s] -- Up-to-date: /home/edwinooi/Desktop/foxy_ws/install/realsense2_camera_msgs/share/realsense2_camera_msgs/srv/DeviceInfo_Response.msg
[4.036s] -- Up-to-date: /home/edwinooi/Desktop/foxy_ws/install/realsense2_camera_msgs/share/ament_index/resource_index/package_run_dependencies/realsense2_camera_msgs
[4.036s] -- Up-to-date: /home/edwinooi/Desktop/foxy_ws/install/realsense2_camera_msgs/share/ament_index/resource_index/parent_prefix_path/realsense2_camera_msgs
[4.036s] -- Up-to-date: /home/edwinooi/Desktop/foxy_ws/install/realsense2_camera_msgs/share/realsense2_camera_msgs/environment/ament_prefix_path.sh
[4.036s] -- Up-to-date: /home/edwinooi/Desktop/foxy_ws/install/realsense2_camera_msgs/share/realsense2_camera_msgs/environment/ament_prefix_path.dsv
[4.037s] -- Up-to-date: /home/edwinooi/Desktop/foxy_ws/install/realsense2_camera_msgs/share/realsense2_camera_msgs/environment/path.sh
[4.037s] -- Up-to-date: /home/edwinooi/Desktop/foxy_ws/install/realsense2_camera_msgs/share/realsense2_camera_msgs/environment/path.dsv
[4.037s] -- Up-to-date: /home/edwinooi/Desktop/foxy_ws/install/realsense2_camera_msgs/share/realsense2_camera_msgs/local_setup.bash
[4.037s] -- Up-to-date: /home/edwinooi/Desktop/foxy_ws/install/realsense2_camera_msgs/share/realsense2_camera_msgs/local_setup.sh
[4.037s] -- Up-to-date: /home/edwinooi/Desktop/foxy_ws/install/realsense2_camera_msgs/share/realsense2_camera_msgs/local_setup.zsh
[4.037s] -- Up-to-date: /home/edwinooi/Desktop/foxy_ws/install/realsense2_camera_msgs/share/realsense2_camera_msgs/local_setup.dsv
[4.037s] -- Installing: /home/edwinooi/Desktop/foxy_ws/install/realsense2_camera_msgs/share/realsense2_camera_msgs/package.dsv
[4.038s] -- Up-to-date: /home/edwinooi/Desktop/foxy_ws/install/realsense2_camera_msgs/share/ament_index/resource_index/packages/realsense2_camera_msgs
[4.038s] -- Up-to-date: /home/edwinooi/Desktop/foxy_ws/install/realsense2_camera_msgs/share/realsense2_camera_msgs/cmake/export_realsense2_camera_msgs__rosidl_generator_cExport.cmake
[4.038s] -- Up-to-date: /home/edwinooi/Desktop/foxy_ws/install/realsense2_camera_msgs/share/realsense2_camera_msgs/cmake/export_realsense2_camera_msgs__rosidl_generator_cExport-noconfig.cmake
[4.039s] -- Up-to-date: /home/edwinooi/Desktop/foxy_ws/install/realsense2_camera_msgs/share/realsense2_camera_msgs/cmake/export_realsense2_camera_msgs__rosidl_typesupport_fastrtps_cExport.cmake
[4.039s] -- Up-to-date: /home/edwinooi/Desktop/foxy_ws/install/realsense2_camera_msgs/share/realsense2_camera_msgs/cmake/export_realsense2_camera_msgs__rosidl_typesupport_fastrtps_cExport-noconfig.cmake
[4.085s] -- Up-to-date: /home/edwinooi/Desktop/foxy_ws/install/realsense2_camera_msgs/share/realsense2_camera_msgs/cmake/realsense2_camera_msgs__rosidl_typesupport_introspection_cExport.cmake
[4.085s] -- Up-to-date: /home/edwinooi/Desktop/foxy_ws/install/realsense2_camera_msgs/share/realsense2_camera_msgs/cmake/realsense2_camera_msgs__rosidl_typesupport_introspection_cExport-noconfig.cmake
[4.085s] -- Up-to-date: /home/edwinooi/Desktop/foxy_ws/install/realsense2_camera_msgs/share/realsense2_camera_msgs/cmake/realsense2_camera_msgs__rosidl_typesupport_cExport.cmake
[4.085s] -- Up-to-date: /home/edwinooi/Desktop/foxy_ws/install/realsense2_camera_msgs/share/realsense2_camera_msgs/cmake/realsense2_camera_msgs__rosidl_typesupport_cExport-noconfig.cmake
[4.085s] -- Up-to-date: /home/edwinooi/Desktop/foxy_ws/install/realsense2_camera_msgs/share/realsense2_camera_msgs/cmake/export_realsense2_camera_msgs__rosidl_generator_cppExport.cmake
[4.086s] -- Up-to-date: /home/edwinooi/Desktop/foxy_ws/install/realsense2_camera_msgs/share/realsense2_camera_msgs/cmake/export_realsense2_camera_msgs__rosidl_typesupport_fastrtps_cppExport.cmake
[4.086s] -- Up-to-date: /home/edwinooi/Desktop/foxy_ws/install/realsense2_camera_msgs/share/realsense2_camera_msgs/cmake/export_realsense2_camera_msgs__rosidl_typesupport_fastrtps_cppExport-noconfig.cmake
[4.086s] -- Up-to-date: /home/edwinooi/Desktop/foxy_ws/install/realsense2_camera_msgs/share/realsense2_camera_msgs/cmake/realsense2_camera_msgs__rosidl_typesupport_introspection_cppExport.cmake
[4.086s] -- Up-to-date: /home/edwinooi/Desktop/foxy_ws/install/realsense2_camera_msgs/share/realsense2_camera_msgs/cmake/realsense2_camera_msgs__rosidl_typesupport_introspection_cppExport-noconfig.cmake
[4.086s] -- Up-to-date: /home/edwinooi/Desktop/foxy_ws/install/realsense2_camera_msgs/share/realsense2_camera_msgs/cmake/realsense2_camera_msgs__rosidl_typesupport_cppExport.cmake
[4.086s] -- Up-to-date: /home/edwinooi/Desktop/foxy_ws/install/realsense2_camera_msgs/share/realsense2_camera_msgs/cmake/realsense2_camera_msgs__rosidl_typesupport_cppExport-noconfig.cmake
[4.086s] -- Up-to-date: /home/edwinooi/Desktop/foxy_ws/install/realsense2_camera_msgs/share/realsense2_camera_msgs/cmake/export_realsense2_camera_msgs__rosidl_generator_pyExport.cmake
[4.086s] -- Up-to-date: /home/edwinooi/Desktop/foxy_ws/install/realsense2_camera_msgs/share/realsense2_camera_msgs/cmake/export_realsense2_camera_msgs__rosidl_generator_pyExport-noconfig.cmake
[4.086s] -- Up-to-date: /home/edwinooi/Desktop/foxy_ws/install/realsense2_camera_msgs/share/realsense2_camera_msgs/cmake/rosidl_cmake-extras.cmake
[4.087s] -- Up-to-date: /home/edwinooi/Desktop/foxy_ws/install/realsense2_camera_msgs/share/realsense2_camera_msgs/cmake/ament_cmake_export_dependencies-extras.cmake
[4.087s] -- Up-to-date: /home/edwinooi/Desktop/foxy_ws/install/realsense2_camera_msgs/share/realsense2_camera_msgs/cmake/ament_cmake_export_include_directories-extras.cmake
[4.087s] -- Up-to-date: /home/edwinooi/Desktop/foxy_ws/install/realsense2_camera_msgs/share/realsense2_camera_msgs/cmake/ament_cmake_export_libraries-extras.cmake
[4.087s] -- Up-to-date: /home/edwinooi/Desktop/foxy_ws/install/realsense2_camera_msgs/share/realsense2_camera_msgs/cmake/ament_cmake_export_targets-extras.cmake
[4.087s] -- Up-to-date: /home/edwinooi/Desktop/foxy_ws/install/realsense2_camera_msgs/share/realsense2_camera_msgs/cmake/rosidl_cmake_export_typesupport_targets-extras.cmake
[4.087s] -- Up-to-date: /home/edwinooi/Desktop/foxy_ws/install/realsense2_camera_msgs/share/realsense2_camera_msgs/cmake/rosidl_cmake_export_typesupport_libraries-extras.cmake
[4.087s] -- Up-to-date: /home/edwinooi/Desktop/foxy_ws/install/realsense2_camera_msgs/share/realsense2_camera_msgs/cmake/realsense2_camera_msgsConfig.cmake
[4.087s] -- Up-to-date: /home/edwinooi/Desktop/foxy_ws/install/realsense2_camera_msgs/share/realsense2_camera_msgs/cmake/realsense2_camera_msgsConfig-version.cmake
[4.088s] -- Up-to-date: /home/edwinooi/Desktop/foxy_ws/install/realsense2_camera_msgs/share/realsense2_camera_msgs/package.xml
[4.322s] Invoked command in '/home/edwinooi/Desktop/foxy_ws/build/realsense2_camera_msgs' returned '0': CMAKE_PREFIX_PATH=${CMAKE_PREFIX_PATH}:/home/edwinooi/Desktop/emanual/install/ros2_aruco:/opt/ros/humble /usr/bin/cmake --install /home/edwinooi/Desktop/foxy_ws/build/realsense2_camera_msgs
