[0.346s] Invoking command in '/home/edwinooi/Desktop/foxy_ws/build/costmap_queue': AMENT_PREFIX_PATH=/home/edwinooi/Desktop/foxy_ws/install/nav2_costmap_2d:/home/edwinooi/Desktop/foxy_ws/install/nav2_util:/home/edwinooi/Desktop/foxy_ws/install/nav2_voxel_grid:/home/edwinooi/Desktop/foxy_ws/install/nav2_msgs:/home/edwinooi/Desktop/foxy_ws/install/nav2_common:${AMENT_PREFIX_PATH} CMAKE_PREFIX_PATH=/home/edwinooi/Desktop/foxy_ws/install/nav2_costmap_2d:/home/edwinooi/Desktop/foxy_ws/install/nav2_util:/home/edwinooi/Desktop/foxy_ws/install/nav2_voxel_grid:/home/edwinooi/Desktop/foxy_ws/install/nav2_msgs:/home/edwinooi/Desktop/foxy_ws/install/nav2_common:/home/edwinooi/Desktop/emanual/install/turtlebot3_simulations:/home/edwinooi/Desktop/emanual/install/turtlebot3_gazebo:/home/edwinooi/Desktop/emanual/install/turtlebot3_fake_node:/home/edwinooi/Desktop/emanual/install/ros2_aruco_interfaces:/home/edwinooi/Desktop/emanual/install/ros2_aruco:/opt/ros/humble LD_LIBRARY_PATH=/home/edwinooi/Desktop/foxy_ws/install/nav2_costmap_2d/lib:/home/edwinooi/Desktop/foxy_ws/install/nav2_util/lib:/home/edwinooi/Desktop/foxy_ws/install/nav2_voxel_grid/lib:/home/edwinooi/Desktop/foxy_ws/install/nav2_msgs/lib:${LD_LIBRARY_PATH} PYTHONPATH=/home/edwinooi/Desktop/foxy_ws/install/nav2_msgs/local/lib/python3.10/dist-packages:/home/edwinooi/Desktop/foxy_ws/install/nav2_common/local/lib/python3.10/dist-packages:${PYTHONPATH} /usr/bin/cmake /home/edwinooi/Desktop/foxy_ws/src/turtlebot3_simulations/navigation2-humble/nav2_dwb_controller/costmap_queue -DCMAKE_INSTALL_PREFIX=/home/edwinooi/Desktop/foxy_ws/install/costmap_queue
[0.642s] -- The C compiler identification is GNU 11.4.0
[0.891s] -- The CXX compiler identification is GNU 11.4.0
[0.926s] -- Detecting C compiler ABI info
[1.205s] -- Detecting C compiler ABI info - done
[1.242s] -- Check for working C compiler: /usr/bin/cc - skipped
[1.242s] -- Detecting C compile features
[1.242s] -- Detecting C compile features - done
[1.251s] -- Detecting CXX compiler ABI info
[1.590s] -- Detecting CXX compiler ABI info - done
[1.662s] -- Check for working CXX compiler: /usr/bin/c++ - skipped
[1.663s] -- Detecting CXX compile features
[1.664s] -- Detecting CXX compile features - done
[1.729s] -- Found ament_cmake: 1.3.8 (/opt/ros/humble/share/ament_cmake/cmake)
[2.581s] -- Found Python3: /usr/bin/python3 (found version "3.10.12") found components: Interpreter 
[2.968s] -- Found nav2_common: 1.1.15 (/home/edwinooi/Desktop/foxy_ws/install/nav2_common/share/nav2_common/cmake)
[2.971s] -- Found nav2_costmap_2d: 1.1.15 (/home/edwinooi/Desktop/foxy_ws/install/nav2_costmap_2d/share/nav2_costmap_2d/cmake)
[3.318s] -- Found rosidl_generator_c: 3.1.5 (/opt/ros/humble/share/rosidl_generator_c/cmake)
[3.352s] -- Found rosidl_adapter: 3.1.5 (/opt/ros/humble/share/rosidl_adapter/cmake)
[3.430s] -- Found rosidl_generator_cpp: 3.1.5 (/opt/ros/humble/share/rosidl_generator_cpp/cmake)
[3.516s] -- Using all available rosidl_typesupport_c: rosidl_typesupport_fastrtps_c;rosidl_typesupport_introspection_c
[3.652s] -- Using all available rosidl_typesupport_cpp: rosidl_typesupport_fastrtps_cpp;rosidl_typesupport_introspection_cpp
[4.568s] -- Found rmw_implementation_cmake: 6.1.1 (/opt/ros/humble/share/rmw_implementation_cmake/cmake)
[4.580s] -- Found rmw_fastrtps_cpp: 6.2.6 (/opt/ros/humble/share/rmw_fastrtps_cpp/cmake)
[5.052s] -- Found OpenSSL: /usr/lib/x86_64-linux-gnu/libcrypto.so (found version "3.0.2")  
[5.163s] -- Found FastRTPS: /opt/ros/humble/include  
[5.405s] -- Using RMW implementation 'rmw_fastrtps_cpp' as default
[5.496s] -- Looking for pthread.h
[5.998s] -- Looking for pthread.h - found
[5.998s] -- Performing Test CMAKE_HAVE_LIBC_PTHREAD
[6.487s] -- Performing Test CMAKE_HAVE_LIBC_PTHREAD - Success
[6.501s] -- Found Threads: TRUE  
[9.887s] -- Found Eigen3: TRUE (found version "3.4.0") 
[9.889s] -- Ensuring Eigen3 include directory is part of orocos-kdl CMake target
[12.599s] -- Setting build type to Release as none was specified.
[12.615s] -- Found ament_lint_auto: 0.12.10 (/opt/ros/humble/share/ament_lint_auto/cmake)
[12.858s] -- Found gtest sources under '/opt/ros/humble/src/gtest_vendor': C++ tests using 'Google Test' will be built
[12.924s] -- Added test 'cppcheck' to perform static code analysis on C / C++ code
[12.926s] -- Configured cppcheck include dirs: /home/edwinooi/Desktop/foxy_ws/src/turtlebot3_simulations/navigation2-humble/nav2_dwb_controller/costmap_queue/include
[12.926s] -- Configured cppcheck exclude dirs and/or files: 
[12.929s] -- Added test 'cpplint' to check C / C++ code against the Google style
[12.929s] -- Configured cpplint exclude dirs and/or files: 
[12.934s] -- Added test 'lint_cmake' to check CMake code style
[12.946s] -- Added test 'uncrustify' to check C / C++ code style
[12.948s] -- Configured uncrustify additional arguments: 
[12.949s] -- Added test 'xmllint' to check XML markup files
[12.957s] -- Configuring done
[13.391s] -- Generating done
[13.393s] -- Build files have been written to: /home/edwinooi/Desktop/foxy_ws/build/costmap_queue
[13.423s] Invoked command in '/home/edwinooi/Desktop/foxy_ws/build/costmap_queue' returned '0': AMENT_PREFIX_PATH=/home/edwinooi/Desktop/foxy_ws/install/nav2_costmap_2d:/home/edwinooi/Desktop/foxy_ws/install/nav2_util:/home/edwinooi/Desktop/foxy_ws/install/nav2_voxel_grid:/home/edwinooi/Desktop/foxy_ws/install/nav2_msgs:/home/edwinooi/Desktop/foxy_ws/install/nav2_common:${AMENT_PREFIX_PATH} CMAKE_PREFIX_PATH=/home/edwinooi/Desktop/foxy_ws/install/nav2_costmap_2d:/home/edwinooi/Desktop/foxy_ws/install/nav2_util:/home/edwinooi/Desktop/foxy_ws/install/nav2_voxel_grid:/home/edwinooi/Desktop/foxy_ws/install/nav2_msgs:/home/edwinooi/Desktop/foxy_ws/install/nav2_common:/home/edwinooi/Desktop/emanual/install/turtlebot3_simulations:/home/edwinooi/Desktop/emanual/install/turtlebot3_gazebo:/home/edwinooi/Desktop/emanual/install/turtlebot3_fake_node:/home/edwinooi/Desktop/emanual/install/ros2_aruco_interfaces:/home/edwinooi/Desktop/emanual/install/ros2_aruco:/opt/ros/humble LD_LIBRARY_PATH=/home/edwinooi/Desktop/foxy_ws/install/nav2_costmap_2d/lib:/home/edwinooi/Desktop/foxy_ws/install/nav2_util/lib:/home/edwinooi/Desktop/foxy_ws/install/nav2_voxel_grid/lib:/home/edwinooi/Desktop/foxy_ws/install/nav2_msgs/lib:${LD_LIBRARY_PATH} PYTHONPATH=/home/edwinooi/Desktop/foxy_ws/install/nav2_msgs/local/lib/python3.10/dist-packages:/home/edwinooi/Desktop/foxy_ws/install/nav2_common/local/lib/python3.10/dist-packages:${PYTHONPATH} /usr/bin/cmake /home/edwinooi/Desktop/foxy_ws/src/turtlebot3_simulations/navigation2-humble/nav2_dwb_controller/costmap_queue -DCMAKE_INSTALL_PREFIX=/home/edwinooi/Desktop/foxy_ws/install/costmap_queue
[13.437s] Invoking command in '/home/edwinooi/Desktop/foxy_ws/build/costmap_queue': AMENT_PREFIX_PATH=/home/edwinooi/Desktop/foxy_ws/install/nav2_costmap_2d:/home/edwinooi/Desktop/foxy_ws/install/nav2_util:/home/edwinooi/Desktop/foxy_ws/install/nav2_voxel_grid:/home/edwinooi/Desktop/foxy_ws/install/nav2_msgs:/home/edwinooi/Desktop/foxy_ws/install/nav2_common:${AMENT_PREFIX_PATH} CMAKE_PREFIX_PATH=/home/edwinooi/Desktop/foxy_ws/install/nav2_costmap_2d:/home/edwinooi/Desktop/foxy_ws/install/nav2_util:/home/edwinooi/Desktop/foxy_ws/install/nav2_voxel_grid:/home/edwinooi/Desktop/foxy_ws/install/nav2_msgs:/home/edwinooi/Desktop/foxy_ws/install/nav2_common:/home/edwinooi/Desktop/emanual/install/turtlebot3_simulations:/home/edwinooi/Desktop/emanual/install/turtlebot3_gazebo:/home/edwinooi/Desktop/emanual/install/turtlebot3_fake_node:/home/edwinooi/Desktop/emanual/install/ros2_aruco_interfaces:/home/edwinooi/Desktop/emanual/install/ros2_aruco:/opt/ros/humble LD_LIBRARY_PATH=/home/edwinooi/Desktop/foxy_ws/install/nav2_costmap_2d/lib:/home/edwinooi/Desktop/foxy_ws/install/nav2_util/lib:/home/edwinooi/Desktop/foxy_ws/install/nav2_voxel_grid/lib:/home/edwinooi/Desktop/foxy_ws/install/nav2_msgs/lib:${LD_LIBRARY_PATH} PYTHONPATH=/home/edwinooi/Desktop/foxy_ws/install/nav2_msgs/local/lib/python3.10/dist-packages:/home/edwinooi/Desktop/foxy_ws/install/nav2_common/local/lib/python3.10/dist-packages:${PYTHONPATH} /usr/bin/cmake --build /home/edwinooi/Desktop/foxy_ws/build/costmap_queue -- -j4 -l4
[13.701s] [  9%] [32mBuilding CXX object CMakeFiles/costmap_queue.dir/src/costmap_queue.cpp.o[0m
[18.852s] [ 18%] [32mBuilding CXX object CMakeFiles/costmap_queue.dir/src/limited_costmap_queue.cpp.o[0m
[22.278s] [ 27%] [32m[1mLinking CXX shared library libcostmap_queue.so[0m
[23.048s] [ 27%] Built target costmap_queue
[23.098s] [ 36%] [32mBuilding CXX object gtest/CMakeFiles/gtest.dir/src/gtest-all.cc.o[0m
[43.803s] [ 45%] [32m[1mLinking CXX static library libgtest.a[0m
[43.909s] [ 45%] Built target gtest
[43.965s] [ 54%] [32mBuilding CXX object gtest/CMakeFiles/gtest_main.dir/src/gtest_main.cc.o[0m
[47.635s] [ 63%] [32m[1mLinking CXX static library libgtest_main.a[0m
[47.769s] [ 63%] Built target gtest_main
[47.867s] [ 72%] [32mBuilding CXX object CMakeFiles/mbq_test.dir/test/mbq_test.cpp.o[0m
[52.308s] [ 81%] [32m[1mLinking CXX executable mbq_test[0m
[54.601s] [ 81%] Built target mbq_test
[54.668s] [ 90%] [32mBuilding CXX object CMakeFiles/utest.dir/test/utest.cpp.o[0m
[65.009s] [100%] [32m[1mLinking CXX executable utest[0m
[65.744s] [100%] Built target utest
[65.791s] Invoked command in '/home/edwinooi/Desktop/foxy_ws/build/costmap_queue' returned '0': AMENT_PREFIX_PATH=/home/edwinooi/Desktop/foxy_ws/install/nav2_costmap_2d:/home/edwinooi/Desktop/foxy_ws/install/nav2_util:/home/edwinooi/Desktop/foxy_ws/install/nav2_voxel_grid:/home/edwinooi/Desktop/foxy_ws/install/nav2_msgs:/home/edwinooi/Desktop/foxy_ws/install/nav2_common:${AMENT_PREFIX_PATH} CMAKE_PREFIX_PATH=/home/edwinooi/Desktop/foxy_ws/install/nav2_costmap_2d:/home/edwinooi/Desktop/foxy_ws/install/nav2_util:/home/edwinooi/Desktop/foxy_ws/install/nav2_voxel_grid:/home/edwinooi/Desktop/foxy_ws/install/nav2_msgs:/home/edwinooi/Desktop/foxy_ws/install/nav2_common:/home/edwinooi/Desktop/emanual/install/turtlebot3_simulations:/home/edwinooi/Desktop/emanual/install/turtlebot3_gazebo:/home/edwinooi/Desktop/emanual/install/turtlebot3_fake_node:/home/edwinooi/Desktop/emanual/install/ros2_aruco_interfaces:/home/edwinooi/Desktop/emanual/install/ros2_aruco:/opt/ros/humble LD_LIBRARY_PATH=/home/edwinooi/Desktop/foxy_ws/install/nav2_costmap_2d/lib:/home/edwinooi/Desktop/foxy_ws/install/nav2_util/lib:/home/edwinooi/Desktop/foxy_ws/install/nav2_voxel_grid/lib:/home/edwinooi/Desktop/foxy_ws/install/nav2_msgs/lib:${LD_LIBRARY_PATH} PYTHONPATH=/home/edwinooi/Desktop/foxy_ws/install/nav2_msgs/local/lib/python3.10/dist-packages:/home/edwinooi/Desktop/foxy_ws/install/nav2_common/local/lib/python3.10/dist-packages:${PYTHONPATH} /usr/bin/cmake --build /home/edwinooi/Desktop/foxy_ws/build/costmap_queue -- -j4 -l4
[66.249s] Invoking command in '/home/edwinooi/Desktop/foxy_ws/build/costmap_queue': AMENT_PREFIX_PATH=/home/edwinooi/Desktop/foxy_ws/install/nav2_costmap_2d:/home/edwinooi/Desktop/foxy_ws/install/nav2_util:/home/edwinooi/Desktop/foxy_ws/install/nav2_voxel_grid:/home/edwinooi/Desktop/foxy_ws/install/nav2_msgs:/home/edwinooi/Desktop/foxy_ws/install/nav2_common:${AMENT_PREFIX_PATH} CMAKE_PREFIX_PATH=/home/edwinooi/Desktop/foxy_ws/install/nav2_costmap_2d:/home/edwinooi/Desktop/foxy_ws/install/nav2_util:/home/edwinooi/Desktop/foxy_ws/install/nav2_voxel_grid:/home/edwinooi/Desktop/foxy_ws/install/nav2_msgs:/home/edwinooi/Desktop/foxy_ws/install/nav2_common:/home/edwinooi/Desktop/emanual/install/turtlebot3_simulations:/home/edwinooi/Desktop/emanual/install/turtlebot3_gazebo:/home/edwinooi/Desktop/emanual/install/turtlebot3_fake_node:/home/edwinooi/Desktop/emanual/install/ros2_aruco_interfaces:/home/edwinooi/Desktop/emanual/install/ros2_aruco:/opt/ros/humble LD_LIBRARY_PATH=/home/edwinooi/Desktop/foxy_ws/install/nav2_costmap_2d/lib:/home/edwinooi/Desktop/foxy_ws/install/nav2_util/lib:/home/edwinooi/Desktop/foxy_ws/install/nav2_voxel_grid/lib:/home/edwinooi/Desktop/foxy_ws/install/nav2_msgs/lib:${LD_LIBRARY_PATH} PYTHONPATH=/home/edwinooi/Desktop/foxy_ws/install/nav2_msgs/local/lib/python3.10/dist-packages:/home/edwinooi/Desktop/foxy_ws/install/nav2_common/local/lib/python3.10/dist-packages:${PYTHONPATH} /usr/bin/cmake --install /home/edwinooi/Desktop/foxy_ws/build/costmap_queue
[66.274s] -- Install configuration: "Release"
[66.274s] -- Installing: /home/edwinooi/Desktop/foxy_ws/install/costmap_queue/lib/libcostmap_queue.so
[66.277s] -- Set runtime path of "/home/edwinooi/Desktop/foxy_ws/install/costmap_queue/lib/libcostmap_queue.so" to ""
[66.277s] -- Installing: /home/edwinooi/Desktop/foxy_ws/install/costmap_queue/include/
[66.278s] -- Installing: /home/edwinooi/Desktop/foxy_ws/install/costmap_queue/include//costmap_queue
[66.278s] -- Installing: /home/edwinooi/Desktop/foxy_ws/install/costmap_queue/include//costmap_queue/costmap_queue.hpp
[66.278s] -- Installing: /home/edwinooi/Desktop/foxy_ws/install/costmap_queue/include//costmap_queue/limited_costmap_queue.hpp
[66.278s] -- Installing: /home/edwinooi/Desktop/foxy_ws/install/costmap_queue/include//costmap_queue/map_based_queue.hpp
[66.278s] -- Installing: /home/edwinooi/Desktop/foxy_ws/install/costmap_queue/share/costmap_queue/environment/library_path.sh
[66.287s] -- Installing: /home/edwinooi/Desktop/foxy_ws/install/costmap_queue/share/costmap_queue/environment/library_path.dsv
[66.302s] -- Installing: /home/edwinooi/Desktop/foxy_ws/install/costmap_queue/share/ament_index/resource_index/package_run_dependencies/costmap_queue
[66.302s] -- Installing: /home/edwinooi/Desktop/foxy_ws/install/costmap_queue/share/ament_index/resource_index/parent_prefix_path/costmap_queue
[66.302s] -- Installing: /home/edwinooi/Desktop/foxy_ws/install/costmap_queue/share/costmap_queue/environment/ament_prefix_path.sh
[66.303s] -- Installing: /home/edwinooi/Desktop/foxy_ws/install/costmap_queue/share/costmap_queue/environment/ament_prefix_path.dsv
[66.303s] -- Installing: /home/edwinooi/Desktop/foxy_ws/install/costmap_queue/share/costmap_queue/environment/path.sh
[66.303s] -- Installing: /home/edwinooi/Desktop/foxy_ws/install/costmap_queue/share/costmap_queue/environment/path.dsv
[66.304s] -- Installing: /home/edwinooi/Desktop/foxy_ws/install/costmap_queue/share/costmap_queue/local_setup.bash
[66.304s] -- Installing: /home/edwinooi/Desktop/foxy_ws/install/costmap_queue/share/costmap_queue/local_setup.sh
[66.304s] -- Installing: /home/edwinooi/Desktop/foxy_ws/install/costmap_queue/share/costmap_queue/local_setup.zsh
[66.304s] -- Installing: /home/edwinooi/Desktop/foxy_ws/install/costmap_queue/share/costmap_queue/local_setup.dsv
[66.305s] -- Installing: /home/edwinooi/Desktop/foxy_ws/install/costmap_queue/share/costmap_queue/package.dsv
[66.305s] -- Installing: /home/edwinooi/Desktop/foxy_ws/install/costmap_queue/share/ament_index/resource_index/packages/costmap_queue
[66.305s] -- Installing: /home/edwinooi/Desktop/foxy_ws/install/costmap_queue/share/costmap_queue/cmake/ament_cmake_export_include_directories-extras.cmake
[66.306s] -- Installing: /home/edwinooi/Desktop/foxy_ws/install/costmap_queue/share/costmap_queue/cmake/ament_cmake_export_libraries-extras.cmake
[66.306s] -- Installing: /home/edwinooi/Desktop/foxy_ws/install/costmap_queue/share/costmap_queue/cmake/costmap_queueConfig.cmake
[66.306s] -- Installing: /home/edwinooi/Desktop/foxy_ws/install/costmap_queue/share/costmap_queue/cmake/costmap_queueConfig-version.cmake
[66.307s] -- Installing: /home/edwinooi/Desktop/foxy_ws/install/costmap_queue/share/costmap_queue/package.xml
[66.313s] Invoked command in '/home/edwinooi/Desktop/foxy_ws/build/costmap_queue' returned '0': AMENT_PREFIX_PATH=/home/edwinooi/Desktop/foxy_ws/install/nav2_costmap_2d:/home/edwinooi/Desktop/foxy_ws/install/nav2_util:/home/edwinooi/Desktop/foxy_ws/install/nav2_voxel_grid:/home/edwinooi/Desktop/foxy_ws/install/nav2_msgs:/home/edwinooi/Desktop/foxy_ws/install/nav2_common:${AMENT_PREFIX_PATH} CMAKE_PREFIX_PATH=/home/edwinooi/Desktop/foxy_ws/install/nav2_costmap_2d:/home/edwinooi/Desktop/foxy_ws/install/nav2_util:/home/edwinooi/Desktop/foxy_ws/install/nav2_voxel_grid:/home/edwinooi/Desktop/foxy_ws/install/nav2_msgs:/home/edwinooi/Desktop/foxy_ws/install/nav2_common:/home/edwinooi/Desktop/emanual/install/turtlebot3_simulations:/home/edwinooi/Desktop/emanual/install/turtlebot3_gazebo:/home/edwinooi/Desktop/emanual/install/turtlebot3_fake_node:/home/edwinooi/Desktop/emanual/install/ros2_aruco_interfaces:/home/edwinooi/Desktop/emanual/install/ros2_aruco:/opt/ros/humble LD_LIBRARY_PATH=/home/edwinooi/Desktop/foxy_ws/install/nav2_costmap_2d/lib:/home/edwinooi/Desktop/foxy_ws/install/nav2_util/lib:/home/edwinooi/Desktop/foxy_ws/install/nav2_voxel_grid/lib:/home/edwinooi/Desktop/foxy_ws/install/nav2_msgs/lib:${LD_LIBRARY_PATH} PYTHONPATH=/home/edwinooi/Desktop/foxy_ws/install/nav2_msgs/local/lib/python3.10/dist-packages:/home/edwinooi/Desktop/foxy_ws/install/nav2_common/local/lib/python3.10/dist-packages:${PYTHONPATH} /usr/bin/cmake --install /home/edwinooi/Desktop/foxy_ws/build/costmap_queue
