[0.680s] Invoking command in '/home/edwinooi/Desktop/foxy_ws/build/turtlebot3_simulations': AMENT_PREFIX_PATH=/home/edwinooi/Desktop/foxy_ws/install/turtlebot3_gazebo:${AMENT_PREFIX_PATH} CMAKE_PREFIX_PATH=/home/edwinooi/Desktop/foxy_ws/install/turtlebot3_gazebo:/home/edwinooi/Desktop/emanual/install/turtlebot3_simulations:/home/edwinooi/Desktop/emanual/install/turtlebot3_gazebo:/home/edwinooi/Desktop/emanual/install/turtlebot3_fake_node:/home/edwinooi/Desktop/emanual/install/ros2_aruco_interfaces:/home/edwinooi/Desktop/emanual/install/ros2_aruco:/opt/ros/humble /usr/bin/cmake --build /home/edwinooi/Desktop/foxy_ws/build/turtlebot3_simulations -- -j4 -l4
[1.603s] Invoked command in '/home/edwinooi/Desktop/foxy_ws/build/turtlebot3_simulations' returned '0': AMENT_PREFIX_PATH=/home/edwinooi/Desktop/foxy_ws/install/turtlebot3_gazebo:${AMENT_PREFIX_PATH} CMAKE_PREFIX_PATH=/home/edwinooi/Desktop/foxy_ws/install/turtlebot3_gazebo:/home/edwinooi/Desktop/emanual/install/turtlebot3_simulations:/home/edwinooi/Desktop/emanual/install/turtlebot3_gazebo:/home/edwinooi/Desktop/emanual/install/turtlebot3_fake_node:/home/edwinooi/Desktop/emanual/install/ros2_aruco_interfaces:/home/edwinooi/Desktop/emanual/install/ros2_aruco:/opt/ros/humble /usr/bin/cmake --build /home/edwinooi/Desktop/foxy_ws/build/turtlebot3_simulations -- -j4 -l4
[2.493s] Invoking command in '/home/edwinooi/Desktop/foxy_ws/build/turtlebot3_simulations': AMENT_PREFIX_PATH=/home/edwinooi/Desktop/foxy_ws/install/turtlebot3_gazebo:${AMENT_PREFIX_PATH} CMAKE_PREFIX_PATH=/home/edwinooi/Desktop/foxy_ws/install/turtlebot3_gazebo:/home/edwinooi/Desktop/emanual/install/turtlebot3_simulations:/home/edwinooi/Desktop/emanual/install/turtlebot3_gazebo:/home/edwinooi/Desktop/emanual/install/turtlebot3_fake_node:/home/edwinooi/Desktop/emanual/install/ros2_aruco_interfaces:/home/edwinooi/Desktop/emanual/install/ros2_aruco:/opt/ros/humble /usr/bin/cmake --install /home/edwinooi/Desktop/foxy_ws/build/turtlebot3_simulations
[2.543s] -- Install configuration: ""
[2.543s] -- Up-to-date: /home/edwinooi/Desktop/foxy_ws/install/turtlebot3_simulations/share/ament_index/resource_index/package_run_dependencies/turtlebot3_simulations
[2.543s] -- Up-to-date: /home/edwinooi/Desktop/foxy_ws/install/turtlebot3_simulations/share/ament_index/resource_index/parent_prefix_path/turtlebot3_simulations
[2.543s] -- Up-to-date: /home/edwinooi/Desktop/foxy_ws/install/turtlebot3_simulations/share/turtlebot3_simulations/environment/ament_prefix_path.sh
[2.544s] -- Up-to-date: /home/edwinooi/Desktop/foxy_ws/install/turtlebot3_simulations/share/turtlebot3_simulations/environment/ament_prefix_path.dsv
[2.544s] -- Up-to-date: /home/edwinooi/Desktop/foxy_ws/install/turtlebot3_simulations/share/turtlebot3_simulations/environment/path.sh
[2.544s] -- Up-to-date: /home/edwinooi/Desktop/foxy_ws/install/turtlebot3_simulations/share/turtlebot3_simulations/environment/path.dsv
[2.544s] -- Up-to-date: /home/edwinooi/Desktop/foxy_ws/install/turtlebot3_simulations/share/turtlebot3_simulations/local_setup.bash
[2.544s] -- Up-to-date: /home/edwinooi/Desktop/foxy_ws/install/turtlebot3_simulations/share/turtlebot3_simulations/local_setup.sh
[2.544s] -- Up-to-date: /home/edwinooi/Desktop/foxy_ws/install/turtlebot3_simulations/share/turtlebot3_simulations/local_setup.zsh
[2.544s] -- Up-to-date: /home/edwinooi/Desktop/foxy_ws/install/turtlebot3_simulations/share/turtlebot3_simulations/local_setup.dsv
[2.545s] -- Installing: /home/edwinooi/Desktop/foxy_ws/install/turtlebot3_simulations/share/turtlebot3_simulations/package.dsv
[2.545s] -- Up-to-date: /home/edwinooi/Desktop/foxy_ws/install/turtlebot3_simulations/share/ament_index/resource_index/packages/turtlebot3_simulations
[2.545s] -- Up-to-date: /home/edwinooi/Desktop/foxy_ws/install/turtlebot3_simulations/share/turtlebot3_simulations/cmake/turtlebot3_simulationsConfig.cmake
[2.545s] -- Up-to-date: /home/edwinooi/Desktop/foxy_ws/install/turtlebot3_simulations/share/turtlebot3_simulations/cmake/turtlebot3_simulationsConfig-version.cmake
[2.545s] -- Up-to-date: /home/edwinooi/Desktop/foxy_ws/install/turtlebot3_simulations/share/turtlebot3_simulations/package.xml
[2.545s] Invoked command in '/home/edwinooi/Desktop/foxy_ws/build/turtlebot3_simulations' returned '0': AMENT_PREFIX_PATH=/home/edwinooi/Desktop/foxy_ws/install/turtlebot3_gazebo:${AMENT_PREFIX_PATH} CMAKE_PREFIX_PATH=/home/edwinooi/Desktop/foxy_ws/install/turtlebot3_gazebo:/home/edwinooi/Desktop/emanual/install/turtlebot3_simulations:/home/edwinooi/Desktop/emanual/install/turtlebot3_gazebo:/home/edwinooi/Desktop/emanual/install/turtlebot3_fake_node:/home/edwinooi/Desktop/emanual/install/ros2_aruco_interfaces:/home/edwinooi/Desktop/emanual/install/ros2_aruco:/opt/ros/humble /usr/bin/cmake --install /home/edwinooi/Desktop/foxy_ws/build/turtlebot3_simulations
