[0.496s] Invoking command in '/home/edwinooi/Desktop/foxy_ws/build/turtlebot3_simulations': AMENT_PREFIX_PATH=/home/edwinooi/Desktop/foxy_ws/install/turtlebot3_gazebo:${AMENT_PREFIX_PATH} CMAKE_PREFIX_PATH=/home/edwinooi/Desktop/foxy_ws/install/turtlebot3_gazebo:/home/edwinooi/Desktop/emanual/install/turtlebot3_simulations:/home/edwinooi/Desktop/emanual/install/turtlebot3_gazebo:/home/edwinooi/Desktop/emanual/install/turtlebot3_fake_node:/home/edwinooi/Desktop/emanual/install/ros2_aruco_interfaces:/home/edwinooi/Desktop/emanual/install/ros2_aruco:/opt/ros/humble /usr/bin/cmake /home/edwinooi/Desktop/foxy_ws/src/turtlebot3_simulations/turtlebot3_simulations -DCMAKE_INSTALL_PREFIX=/home/edwinooi/Desktop/foxy_ws/install/turtlebot3_simulations
[0.913s] -- The C compiler identification is GNU 11.4.0
[1.355s] -- The CXX compiler identification is GNU 11.4.0
[1.392s] -- Detecting C compiler ABI info
[1.985s] -- Detecting C compiler ABI info - done
[2.094s] -- Check for working C compiler: /usr/bin/cc - skipped
[2.094s] -- Detecting C compile features
[2.102s] -- Detecting C compile features - done
[2.131s] -- Detecting CXX compiler ABI info
[2.781s] -- Detecting CXX compiler ABI info - done
[2.861s] -- Check for working CXX compiler: /usr/bin/c++ - skipped
[2.867s] -- Detecting CXX compile features
[2.869s] -- Detecting CXX compile features - done
[2.881s] -- Found ament_cmake: 1.3.8 (/opt/ros/humble/share/ament_cmake/cmake)
[4.051s] -- Found Python3: /usr/bin/python3 (found version "3.10.12") found components: Interpreter 
[5.144s] -- Configuring done
[5.154s] -- Generating done
[5.157s] -- Build files have been written to: /home/edwinooi/Desktop/foxy_ws/build/turtlebot3_simulations
[5.179s] Invoked command in '/home/edwinooi/Desktop/foxy_ws/build/turtlebot3_simulations' returned '0': AMENT_PREFIX_PATH=/home/edwinooi/Desktop/foxy_ws/install/turtlebot3_gazebo:${AMENT_PREFIX_PATH} CMAKE_PREFIX_PATH=/home/edwinooi/Desktop/foxy_ws/install/turtlebot3_gazebo:/home/edwinooi/Desktop/emanual/install/turtlebot3_simulations:/home/edwinooi/Desktop/emanual/install/turtlebot3_gazebo:/home/edwinooi/Desktop/emanual/install/turtlebot3_fake_node:/home/edwinooi/Desktop/emanual/install/ros2_aruco_interfaces:/home/edwinooi/Desktop/emanual/install/ros2_aruco:/opt/ros/humble /usr/bin/cmake /home/edwinooi/Desktop/foxy_ws/src/turtlebot3_simulations/turtlebot3_simulations -DCMAKE_INSTALL_PREFIX=/home/edwinooi/Desktop/foxy_ws/install/turtlebot3_simulations
[5.185s] Invoking command in '/home/edwinooi/Desktop/foxy_ws/build/turtlebot3_simulations': AMENT_PREFIX_PATH=/home/edwinooi/Desktop/foxy_ws/install/turtlebot3_gazebo:${AMENT_PREFIX_PATH} CMAKE_PREFIX_PATH=/home/edwinooi/Desktop/foxy_ws/install/turtlebot3_gazebo:/home/edwinooi/Desktop/emanual/install/turtlebot3_simulations:/home/edwinooi/Desktop/emanual/install/turtlebot3_gazebo:/home/edwinooi/Desktop/emanual/install/turtlebot3_fake_node:/home/edwinooi/Desktop/emanual/install/ros2_aruco_interfaces:/home/edwinooi/Desktop/emanual/install/ros2_aruco:/opt/ros/humble /usr/bin/cmake --build /home/edwinooi/Desktop/foxy_ws/build/turtlebot3_simulations -- -j4 -l4
[5.331s] Invoked command in '/home/edwinooi/Desktop/foxy_ws/build/turtlebot3_simulations' returned '0': AMENT_PREFIX_PATH=/home/edwinooi/Desktop/foxy_ws/install/turtlebot3_gazebo:${AMENT_PREFIX_PATH} CMAKE_PREFIX_PATH=/home/edwinooi/Desktop/foxy_ws/install/turtlebot3_gazebo:/home/edwinooi/Desktop/emanual/install/turtlebot3_simulations:/home/edwinooi/Desktop/emanual/install/turtlebot3_gazebo:/home/edwinooi/Desktop/emanual/install/turtlebot3_fake_node:/home/edwinooi/Desktop/emanual/install/ros2_aruco_interfaces:/home/edwinooi/Desktop/emanual/install/ros2_aruco:/opt/ros/humble /usr/bin/cmake --build /home/edwinooi/Desktop/foxy_ws/build/turtlebot3_simulations -- -j4 -l4
[5.516s] Invoking command in '/home/edwinooi/Desktop/foxy_ws/build/turtlebot3_simulations': AMENT_PREFIX_PATH=/home/edwinooi/Desktop/foxy_ws/install/turtlebot3_gazebo:${AMENT_PREFIX_PATH} CMAKE_PREFIX_PATH=/home/edwinooi/Desktop/foxy_ws/install/turtlebot3_gazebo:/home/edwinooi/Desktop/emanual/install/turtlebot3_simulations:/home/edwinooi/Desktop/emanual/install/turtlebot3_gazebo:/home/edwinooi/Desktop/emanual/install/turtlebot3_fake_node:/home/edwinooi/Desktop/emanual/install/ros2_aruco_interfaces:/home/edwinooi/Desktop/emanual/install/ros2_aruco:/opt/ros/humble /usr/bin/cmake --install /home/edwinooi/Desktop/foxy_ws/build/turtlebot3_simulations
[5.592s] -- Install configuration: ""
[5.595s] -- Installing: /home/edwinooi/Desktop/foxy_ws/install/turtlebot3_simulations/share/ament_index/resource_index/package_run_dependencies/turtlebot3_simulations
[5.596s] -- Installing: /home/edwinooi/Desktop/foxy_ws/install/turtlebot3_simulations/share/ament_index/resource_index/parent_prefix_path/turtlebot3_simulations
[5.599s] -- Installing: /home/edwinooi/Desktop/foxy_ws/install/turtlebot3_simulations/share/turtlebot3_simulations/environment/ament_prefix_path.sh
[5.600s] -- Installing: /home/edwinooi/Desktop/foxy_ws/install/turtlebot3_simulations/share/turtlebot3_simulations/environment/ament_prefix_path.dsv
[5.600s] -- Installing: /home/edwinooi/Desktop/foxy_ws/install/turtlebot3_simulations/share/turtlebot3_simulations/environment/path.sh
[5.601s] -- Installing: /home/edwinooi/Desktop/foxy_ws/install/turtlebot3_simulations/share/turtlebot3_simulations/environment/path.dsv
[5.601s] -- Installing: /home/edwinooi/Desktop/foxy_ws/install/turtlebot3_simulations/share/turtlebot3_simulations/local_setup.bash
[5.602s] -- Installing: /home/edwinooi/Desktop/foxy_ws/install/turtlebot3_simulations/share/turtlebot3_simulations/local_setup.sh
[5.603s] -- Installing: /home/edwinooi/Desktop/foxy_ws/install/turtlebot3_simulations/share/turtlebot3_simulations/local_setup.zsh
[5.603s] -- Installing: /home/edwinooi/Desktop/foxy_ws/install/turtlebot3_simulations/share/turtlebot3_simulations/local_setup.dsv
[5.603s] -- Installing: /home/edwinooi/Desktop/foxy_ws/install/turtlebot3_simulations/share/turtlebot3_simulations/package.dsv
[5.604s] -- Installing: /home/edwinooi/Desktop/foxy_ws/install/turtlebot3_simulations/share/ament_index/resource_index/packages/turtlebot3_simulations
[5.604s] -- Installing: /home/edwinooi/Desktop/foxy_ws/install/turtlebot3_simulations/share/turtlebot3_simulations/cmake/turtlebot3_simulationsConfig.cmake
[5.607s] -- Installing: /home/edwinooi/Desktop/foxy_ws/install/turtlebot3_simulations/share/turtlebot3_simulations/cmake/turtlebot3_simulationsConfig-version.cmake
[5.608s] -- Installing: /home/edwinooi/Desktop/foxy_ws/install/turtlebot3_simulations/share/turtlebot3_simulations/package.xml
[5.631s] Invoked command in '/home/edwinooi/Desktop/foxy_ws/build/turtlebot3_simulations' returned '0': AMENT_PREFIX_PATH=/home/edwinooi/Desktop/foxy_ws/install/turtlebot3_gazebo:${AMENT_PREFIX_PATH} CMAKE_PREFIX_PATH=/home/edwinooi/Desktop/foxy_ws/install/turtlebot3_gazebo:/home/edwinooi/Desktop/emanual/install/turtlebot3_simulations:/home/edwinooi/Desktop/emanual/install/turtlebot3_gazebo:/home/edwinooi/Desktop/emanual/install/turtlebot3_fake_node:/home/edwinooi/Desktop/emanual/install/ros2_aruco_interfaces:/home/edwinooi/Desktop/emanual/install/ros2_aruco:/opt/ros/humble /usr/bin/cmake --install /home/edwinooi/Desktop/foxy_ws/build/turtlebot3_simulations
