[0.559s] Invoking command in '/home/edwinooi/Desktop/foxy_ws/build/nav2_constrained_smoother': AMENT_PREFIX_PATH=/home/edwinooi/Desktop/foxy_ws/install/nav2_core:/home/edwinooi/Desktop/foxy_ws/install/nav2_costmap_2d:/home/edwinooi/Desktop/foxy_ws/install/nav2_util:/home/edwinooi/Desktop/foxy_ws/install/nav2_voxel_grid:/home/edwinooi/Desktop/foxy_ws/install/nav2_msgs:/home/edwinooi/Desktop/foxy_ws/install/nav2_common:${AMENT_PREFIX_PATH} CMAKE_PREFIX_PATH=/home/edwinooi/Desktop/foxy_ws/install/nav2_core:/home/edwinooi/Desktop/foxy_ws/install/nav2_costmap_2d:/home/edwinooi/Desktop/foxy_ws/install/nav2_util:/home/edwinooi/Desktop/foxy_ws/install/nav2_voxel_grid:/home/edwinooi/Desktop/foxy_ws/install/nav2_msgs:/home/edwinooi/Desktop/foxy_ws/install/nav2_common:/home/edwinooi/Desktop/emanual/install/turtlebot3_simulations:/home/edwinooi/Desktop/emanual/install/turtlebot3_gazebo:/home/edwinooi/Desktop/emanual/install/turtlebot3_fake_node:/home/edwinooi/Desktop/emanual/install/ros2_aruco_interfaces:/home/edwinooi/Desktop/emanual/install/ros2_aruco:/opt/ros/humble LD_LIBRARY_PATH=/home/edwinooi/Desktop/foxy_ws/install/nav2_costmap_2d/lib:/home/edwinooi/Desktop/foxy_ws/install/nav2_util/lib:/home/edwinooi/Desktop/foxy_ws/install/nav2_voxel_grid/lib:/home/edwinooi/Desktop/foxy_ws/install/nav2_msgs/lib:${LD_LIBRARY_PATH} PYTHONPATH=/home/edwinooi/Desktop/foxy_ws/install/nav2_msgs/local/lib/python3.10/dist-packages:/home/edwinooi/Desktop/foxy_ws/install/nav2_common/local/lib/python3.10/dist-packages:${PYTHONPATH} /usr/bin/cmake /home/edwinooi/Desktop/foxy_ws/src/turtlebot3_simulations/navigation2-humble/nav2_constrained_smoother -DCMAKE_INSTALL_PREFIX=/home/edwinooi/Desktop/foxy_ws/install/nav2_constrained_smoother
[0.798s] -- The C compiler identification is GNU 11.4.0
[1.076s] -- The CXX compiler identification is GNU 11.4.0
[1.107s] -- Detecting C compiler ABI info
[1.520s] -- Detecting C compiler ABI info - done
[1.570s] -- Check for working C compiler: /usr/bin/cc - skipped
[1.570s] -- Detecting C compile features
[1.571s] -- Detecting C compile features - done
[1.589s] -- Detecting CXX compiler ABI info
[2.106s] -- Detecting CXX compiler ABI info - done
[2.166s] -- Check for working CXX compiler: /usr/bin/c++ - skipped
[2.167s] -- Detecting CXX compile features
[2.168s] -- Detecting CXX compile features - done
[2.190s] -- Found ament_cmake: 1.3.8 (/opt/ros/humble/share/ament_cmake/cmake)
[2.910s] -- Found Python3: /usr/bin/python3 (found version "3.10.12") found components: Interpreter 
[3.372s] -- Found nav2_core: 1.1.15 (/home/edwinooi/Desktop/foxy_ws/install/nav2_core/share/nav2_core/cmake)
[3.578s] -- Found rosidl_generator_c: 3.1.5 (/opt/ros/humble/share/rosidl_generator_c/cmake)
[3.620s] -- Found rosidl_adapter: 3.1.5 (/opt/ros/humble/share/rosidl_adapter/cmake)
[3.674s] -- Found rosidl_generator_cpp: 3.1.5 (/opt/ros/humble/share/rosidl_generator_cpp/cmake)
[3.726s] -- Using all available rosidl_typesupport_c: rosidl_typesupport_fastrtps_c;rosidl_typesupport_introspection_c
[3.851s] -- Using all available rosidl_typesupport_cpp: rosidl_typesupport_fastrtps_cpp;rosidl_typesupport_introspection_cpp
[4.110s] -- Found rmw_implementation_cmake: 6.1.1 (/opt/ros/humble/share/rmw_implementation_cmake/cmake)
[4.120s] -- Found rmw_fastrtps_cpp: 6.2.6 (/opt/ros/humble/share/rmw_fastrtps_cpp/cmake)
[4.659s] -- Found OpenSSL: /usr/lib/x86_64-linux-gnu/libcrypto.so (found version "3.0.2")  
[4.802s] -- Found FastRTPS: /opt/ros/humble/include  
[5.096s] -- Using RMW implementation 'rmw_fastrtps_cpp' as default
[5.152s] -- Looking for pthread.h
[5.600s] -- Looking for pthread.h - found
[5.602s] -- Performing Test CMAKE_HAVE_LIBC_PTHREAD
[6.099s] -- Performing Test CMAKE_HAVE_LIBC_PTHREAD - Success
[6.102s] -- Found Threads: TRUE  
[10.564s] -- Found Eigen3: TRUE (found version "3.4.0") 
[10.565s] -- Ensuring Eigen3 include directory is part of orocos-kdl CMake target
[16.592s] -- Found nav2_common: 1.1.15 (/home/edwinooi/Desktop/foxy_ws/install/nav2_common/share/nav2_common/cmake)
[16.629s] -- Found required Ceres dependency: Eigen version 3.4.0 in /usr/include/eigen3
[16.672s] -- Found required Ceres dependency: glog
[16.689s] -- Found required Ceres dependency: gflags
[16.691s] -- Found Ceres version: 2.0.0 installed in: /usr with components: [EigenSparse, SparseLinearAlgebraLibrary, LAPACK, SuiteSparse, CXSparse, SchurSpecializations, Multithreading]
[24.178s] -- Found ament_lint_auto: 0.12.10 (/opt/ros/humble/share/ament_lint_auto/cmake)
[24.419s] -- Found gtest sources under '/opt/ros/humble/src/gtest_vendor': C++ tests using 'Google Test' will be built
[37.414s] -- Added test 'cppcheck' to perform static code analysis on C / C++ code
[37.417s] -- Configured cppcheck include dirs: /home/edwinooi/Desktop/foxy_ws/src/turtlebot3_simulations/navigation2-humble/nav2_constrained_smoother/include
[37.418s] -- Configured cppcheck exclude dirs and/or files: 
[37.426s] -- Added test 'cpplint' to check C / C++ code against the Google style
[37.428s] -- Configured cpplint exclude dirs and/or files: 
[37.432s] -- Added test 'lint_cmake' to check CMake code style
[37.438s] -- Added test 'uncrustify' to check C / C++ code style
[37.440s] -- Configured uncrustify additional arguments: 
[37.445s] -- Added test 'xmllint' to check XML markup files
[37.468s] -- Configuring done
[38.124s] -- Generating done
[38.132s] -- Build files have been written to: /home/edwinooi/Desktop/foxy_ws/build/nav2_constrained_smoother
[38.178s] Invoked command in '/home/edwinooi/Desktop/foxy_ws/build/nav2_constrained_smoother' returned '0': AMENT_PREFIX_PATH=/home/edwinooi/Desktop/foxy_ws/install/nav2_core:/home/edwinooi/Desktop/foxy_ws/install/nav2_costmap_2d:/home/edwinooi/Desktop/foxy_ws/install/nav2_util:/home/edwinooi/Desktop/foxy_ws/install/nav2_voxel_grid:/home/edwinooi/Desktop/foxy_ws/install/nav2_msgs:/home/edwinooi/Desktop/foxy_ws/install/nav2_common:${AMENT_PREFIX_PATH} CMAKE_PREFIX_PATH=/home/edwinooi/Desktop/foxy_ws/install/nav2_core:/home/edwinooi/Desktop/foxy_ws/install/nav2_costmap_2d:/home/edwinooi/Desktop/foxy_ws/install/nav2_util:/home/edwinooi/Desktop/foxy_ws/install/nav2_voxel_grid:/home/edwinooi/Desktop/foxy_ws/install/nav2_msgs:/home/edwinooi/Desktop/foxy_ws/install/nav2_common:/home/edwinooi/Desktop/emanual/install/turtlebot3_simulations:/home/edwinooi/Desktop/emanual/install/turtlebot3_gazebo:/home/edwinooi/Desktop/emanual/install/turtlebot3_fake_node:/home/edwinooi/Desktop/emanual/install/ros2_aruco_interfaces:/home/edwinooi/Desktop/emanual/install/ros2_aruco:/opt/ros/humble LD_LIBRARY_PATH=/home/edwinooi/Desktop/foxy_ws/install/nav2_costmap_2d/lib:/home/edwinooi/Desktop/foxy_ws/install/nav2_util/lib:/home/edwinooi/Desktop/foxy_ws/install/nav2_voxel_grid/lib:/home/edwinooi/Desktop/foxy_ws/install/nav2_msgs/lib:${LD_LIBRARY_PATH} PYTHONPATH=/home/edwinooi/Desktop/foxy_ws/install/nav2_msgs/local/lib/python3.10/dist-packages:/home/edwinooi/Desktop/foxy_ws/install/nav2_common/local/lib/python3.10/dist-packages:${PYTHONPATH} /usr/bin/cmake /home/edwinooi/Desktop/foxy_ws/src/turtlebot3_simulations/navigation2-humble/nav2_constrained_smoother -DCMAKE_INSTALL_PREFIX=/home/edwinooi/Desktop/foxy_ws/install/nav2_constrained_smoother
[38.181s] Invoking command in '/home/edwinooi/Desktop/foxy_ws/build/nav2_constrained_smoother': AMENT_PREFIX_PATH=/home/edwinooi/Desktop/foxy_ws/install/nav2_core:/home/edwinooi/Desktop/foxy_ws/install/nav2_costmap_2d:/home/edwinooi/Desktop/foxy_ws/install/nav2_util:/home/edwinooi/Desktop/foxy_ws/install/nav2_voxel_grid:/home/edwinooi/Desktop/foxy_ws/install/nav2_msgs:/home/edwinooi/Desktop/foxy_ws/install/nav2_common:${AMENT_PREFIX_PATH} CMAKE_PREFIX_PATH=/home/edwinooi/Desktop/foxy_ws/install/nav2_core:/home/edwinooi/Desktop/foxy_ws/install/nav2_costmap_2d:/home/edwinooi/Desktop/foxy_ws/install/nav2_util:/home/edwinooi/Desktop/foxy_ws/install/nav2_voxel_grid:/home/edwinooi/Desktop/foxy_ws/install/nav2_msgs:/home/edwinooi/Desktop/foxy_ws/install/nav2_common:/home/edwinooi/Desktop/emanual/install/turtlebot3_simulations:/home/edwinooi/Desktop/emanual/install/turtlebot3_gazebo:/home/edwinooi/Desktop/emanual/install/turtlebot3_fake_node:/home/edwinooi/Desktop/emanual/install/ros2_aruco_interfaces:/home/edwinooi/Desktop/emanual/install/ros2_aruco:/opt/ros/humble LD_LIBRARY_PATH=/home/edwinooi/Desktop/foxy_ws/install/nav2_costmap_2d/lib:/home/edwinooi/Desktop/foxy_ws/install/nav2_util/lib:/home/edwinooi/Desktop/foxy_ws/install/nav2_voxel_grid/lib:/home/edwinooi/Desktop/foxy_ws/install/nav2_msgs/lib:${LD_LIBRARY_PATH} PYTHONPATH=/home/edwinooi/Desktop/foxy_ws/install/nav2_msgs/local/lib/python3.10/dist-packages:/home/edwinooi/Desktop/foxy_ws/install/nav2_common/local/lib/python3.10/dist-packages:${PYTHONPATH} /usr/bin/cmake --build /home/edwinooi/Desktop/foxy_ws/build/nav2_constrained_smoother -- -j4 -l4
[38.493s] [ 10%] [32mBuilding CXX object CMakeFiles/nav2_constrained_smoother.dir/src/constrained_smoother.cpp.o[0m
[68.409s] [ 20%] [32m[1mLinking CXX shared library libnav2_constrained_smoother.so[0m
[69.826s] [ 20%] Built target nav2_constrained_smoother
[69.880s] [ 30%] [32mBuilding CXX object gtest/CMakeFiles/gtest.dir/src/gtest-all.cc.o[0m
[91.591s] [ 40%] [32m[1mLinking CXX static library libgtest.a[0m
[91.764s] [ 40%] Built target gtest
[91.820s] [ 50%] [32mBuilding CXX object gtest/CMakeFiles/gtest_main.dir/src/gtest_main.cc.o[0m
[94.708s] [ 60%] [32m[1mLinking CXX static library libgtest_main.a[0m
[94.789s] [ 60%] Built target gtest_main
[94.849s] [ 70%] [32mBuilding CXX object test/CMakeFiles/test_constrained_smoother.dir/test_constrained_smoother.cpp.o[0m
[142.091s] [ 80%] [32m[1mLinking CXX executable test_constrained_smoother[0m
[143.548s] [ 80%] Built target test_constrained_smoother
[143.607s] [ 90%] [32mBuilding CXX object test/CMakeFiles/test_smoother_cost_function.dir/test_smoother_cost_function.cpp.o[0m
[161.845s] [100%] [32m[1mLinking CXX executable test_smoother_cost_function[0m
[163.004s] [100%] Built target test_smoother_cost_function
[163.037s] Invoked command in '/home/edwinooi/Desktop/foxy_ws/build/nav2_constrained_smoother' returned '0': AMENT_PREFIX_PATH=/home/edwinooi/Desktop/foxy_ws/install/nav2_core:/home/edwinooi/Desktop/foxy_ws/install/nav2_costmap_2d:/home/edwinooi/Desktop/foxy_ws/install/nav2_util:/home/edwinooi/Desktop/foxy_ws/install/nav2_voxel_grid:/home/edwinooi/Desktop/foxy_ws/install/nav2_msgs:/home/edwinooi/Desktop/foxy_ws/install/nav2_common:${AMENT_PREFIX_PATH} CMAKE_PREFIX_PATH=/home/edwinooi/Desktop/foxy_ws/install/nav2_core:/home/edwinooi/Desktop/foxy_ws/install/nav2_costmap_2d:/home/edwinooi/Desktop/foxy_ws/install/nav2_util:/home/edwinooi/Desktop/foxy_ws/install/nav2_voxel_grid:/home/edwinooi/Desktop/foxy_ws/install/nav2_msgs:/home/edwinooi/Desktop/foxy_ws/install/nav2_common:/home/edwinooi/Desktop/emanual/install/turtlebot3_simulations:/home/edwinooi/Desktop/emanual/install/turtlebot3_gazebo:/home/edwinooi/Desktop/emanual/install/turtlebot3_fake_node:/home/edwinooi/Desktop/emanual/install/ros2_aruco_interfaces:/home/edwinooi/Desktop/emanual/install/ros2_aruco:/opt/ros/humble LD_LIBRARY_PATH=/home/edwinooi/Desktop/foxy_ws/install/nav2_costmap_2d/lib:/home/edwinooi/Desktop/foxy_ws/install/nav2_util/lib:/home/edwinooi/Desktop/foxy_ws/install/nav2_voxel_grid/lib:/home/edwinooi/Desktop/foxy_ws/install/nav2_msgs/lib:${LD_LIBRARY_PATH} PYTHONPATH=/home/edwinooi/Desktop/foxy_ws/install/nav2_msgs/local/lib/python3.10/dist-packages:/home/edwinooi/Desktop/foxy_ws/install/nav2_common/local/lib/python3.10/dist-packages:${PYTHONPATH} /usr/bin/cmake --build /home/edwinooi/Desktop/foxy_ws/build/nav2_constrained_smoother -- -j4 -l4
[163.169s] Invoking command in '/home/edwinooi/Desktop/foxy_ws/build/nav2_constrained_smoother': AMENT_PREFIX_PATH=/home/edwinooi/Desktop/foxy_ws/install/nav2_core:/home/edwinooi/Desktop/foxy_ws/install/nav2_costmap_2d:/home/edwinooi/Desktop/foxy_ws/install/nav2_util:/home/edwinooi/Desktop/foxy_ws/install/nav2_voxel_grid:/home/edwinooi/Desktop/foxy_ws/install/nav2_msgs:/home/edwinooi/Desktop/foxy_ws/install/nav2_common:${AMENT_PREFIX_PATH} CMAKE_PREFIX_PATH=/home/edwinooi/Desktop/foxy_ws/install/nav2_core:/home/edwinooi/Desktop/foxy_ws/install/nav2_costmap_2d:/home/edwinooi/Desktop/foxy_ws/install/nav2_util:/home/edwinooi/Desktop/foxy_ws/install/nav2_voxel_grid:/home/edwinooi/Desktop/foxy_ws/install/nav2_msgs:/home/edwinooi/Desktop/foxy_ws/install/nav2_common:/home/edwinooi/Desktop/emanual/install/turtlebot3_simulations:/home/edwinooi/Desktop/emanual/install/turtlebot3_gazebo:/home/edwinooi/Desktop/emanual/install/turtlebot3_fake_node:/home/edwinooi/Desktop/emanual/install/ros2_aruco_interfaces:/home/edwinooi/Desktop/emanual/install/ros2_aruco:/opt/ros/humble LD_LIBRARY_PATH=/home/edwinooi/Desktop/foxy_ws/install/nav2_costmap_2d/lib:/home/edwinooi/Desktop/foxy_ws/install/nav2_util/lib:/home/edwinooi/Desktop/foxy_ws/install/nav2_voxel_grid/lib:/home/edwinooi/Desktop/foxy_ws/install/nav2_msgs/lib:${LD_LIBRARY_PATH} PYTHONPATH=/home/edwinooi/Desktop/foxy_ws/install/nav2_msgs/local/lib/python3.10/dist-packages:/home/edwinooi/Desktop/foxy_ws/install/nav2_common/local/lib/python3.10/dist-packages:${PYTHONPATH} /usr/bin/cmake --install /home/edwinooi/Desktop/foxy_ws/build/nav2_constrained_smoother
[163.197s] -- Install configuration: "Release"
[163.205s] -- Installing: /home/edwinooi/Desktop/foxy_ws/install/nav2_constrained_smoother/lib/libnav2_constrained_smoother.so
[163.217s] -- Set runtime path of "/home/edwinooi/Desktop/foxy_ws/install/nav2_constrained_smoother/lib/libnav2_constrained_smoother.so" to ""
[163.217s] -- Installing: /home/edwinooi/Desktop/foxy_ws/install/nav2_constrained_smoother/include/
[163.225s] -- Installing: /home/edwinooi/Desktop/foxy_ws/install/nav2_constrained_smoother/include//nav2_constrained_smoother
[163.225s] -- Installing: /home/edwinooi/Desktop/foxy_ws/install/nav2_constrained_smoother/include//nav2_constrained_smoother/smoother_cost_function.hpp
[163.225s] -- Installing: /home/edwinooi/Desktop/foxy_ws/install/nav2_constrained_smoother/include//nav2_constrained_smoother/utils.hpp
[163.225s] -- Installing: /home/edwinooi/Desktop/foxy_ws/install/nav2_constrained_smoother/include//nav2_constrained_smoother/options.hpp
[163.225s] -- Installing: /home/edwinooi/Desktop/foxy_ws/install/nav2_constrained_smoother/include//nav2_constrained_smoother/constrained_smoother.hpp
[163.225s] -- Installing: /home/edwinooi/Desktop/foxy_ws/install/nav2_constrained_smoother/include//nav2_constrained_smoother/smoother.hpp
[163.226s] -- Installing: /home/edwinooi/Desktop/foxy_ws/install/nav2_constrained_smoother/share/nav2_constrained_smoother/environment/library_path.sh
[163.226s] -- Installing: /home/edwinooi/Desktop/foxy_ws/install/nav2_constrained_smoother/share/nav2_constrained_smoother/environment/library_path.dsv
[163.226s] -- Installing: /home/edwinooi/Desktop/foxy_ws/install/nav2_constrained_smoother/share/nav2_constrained_smoother/nav2_constrained_smoother.xml
[163.226s] -- Installing: /home/edwinooi/Desktop/foxy_ws/install/nav2_constrained_smoother/share/ament_index/resource_index/package_run_dependencies/nav2_constrained_smoother
[163.226s] -- Installing: /home/edwinooi/Desktop/foxy_ws/install/nav2_constrained_smoother/share/ament_index/resource_index/parent_prefix_path/nav2_constrained_smoother
[163.226s] -- Installing: /home/edwinooi/Desktop/foxy_ws/install/nav2_constrained_smoother/share/nav2_constrained_smoother/environment/ament_prefix_path.sh
[163.226s] -- Installing: /home/edwinooi/Desktop/foxy_ws/install/nav2_constrained_smoother/share/nav2_constrained_smoother/environment/ament_prefix_path.dsv
[163.226s] -- Installing: /home/edwinooi/Desktop/foxy_ws/install/nav2_constrained_smoother/share/nav2_constrained_smoother/environment/path.sh
[163.227s] -- Installing: /home/edwinooi/Desktop/foxy_ws/install/nav2_constrained_smoother/share/nav2_constrained_smoother/environment/path.dsv
[163.227s] -- Installing: /home/edwinooi/Desktop/foxy_ws/install/nav2_constrained_smoother/share/nav2_constrained_smoother/local_setup.bash
[163.227s] -- Installing: /home/edwinooi/Desktop/foxy_ws/install/nav2_constrained_smoother/share/nav2_constrained_smoother/local_setup.sh
[163.227s] -- Installing: /home/edwinooi/Desktop/foxy_ws/install/nav2_constrained_smoother/share/nav2_constrained_smoother/local_setup.zsh
[163.227s] -- Installing: /home/edwinooi/Desktop/foxy_ws/install/nav2_constrained_smoother/share/nav2_constrained_smoother/local_setup.dsv
[163.227s] -- Installing: /home/edwinooi/Desktop/foxy_ws/install/nav2_constrained_smoother/share/nav2_constrained_smoother/package.dsv
[163.227s] -- Installing: /home/edwinooi/Desktop/foxy_ws/install/nav2_constrained_smoother/share/ament_index/resource_index/packages/nav2_constrained_smoother
[163.227s] -- Installing: /home/edwinooi/Desktop/foxy_ws/install/nav2_constrained_smoother/share/ament_index/resource_index/nav2_core__pluginlib__plugin/nav2_constrained_smoother
[163.228s] -- Installing: /home/edwinooi/Desktop/foxy_ws/install/nav2_constrained_smoother/share/nav2_constrained_smoother/cmake/ament_cmake_export_include_directories-extras.cmake
[163.228s] -- Installing: /home/edwinooi/Desktop/foxy_ws/install/nav2_constrained_smoother/share/nav2_constrained_smoother/cmake/ament_cmake_export_libraries-extras.cmake
[163.228s] -- Installing: /home/edwinooi/Desktop/foxy_ws/install/nav2_constrained_smoother/share/nav2_constrained_smoother/cmake/ament_cmake_export_dependencies-extras.cmake
[163.228s] -- Installing: /home/edwinooi/Desktop/foxy_ws/install/nav2_constrained_smoother/share/nav2_constrained_smoother/cmake/nav2_constrained_smootherConfig.cmake
[163.228s] -- Installing: /home/edwinooi/Desktop/foxy_ws/install/nav2_constrained_smoother/share/nav2_constrained_smoother/cmake/nav2_constrained_smootherConfig-version.cmake
[163.228s] -- Installing: /home/edwinooi/Desktop/foxy_ws/install/nav2_constrained_smoother/share/nav2_constrained_smoother/package.xml
[163.235s] Invoked command in '/home/edwinooi/Desktop/foxy_ws/build/nav2_constrained_smoother' returned '0': AMENT_PREFIX_PATH=/home/edwinooi/Desktop/foxy_ws/install/nav2_core:/home/edwinooi/Desktop/foxy_ws/install/nav2_costmap_2d:/home/edwinooi/Desktop/foxy_ws/install/nav2_util:/home/edwinooi/Desktop/foxy_ws/install/nav2_voxel_grid:/home/edwinooi/Desktop/foxy_ws/install/nav2_msgs:/home/edwinooi/Desktop/foxy_ws/install/nav2_common:${AMENT_PREFIX_PATH} CMAKE_PREFIX_PATH=/home/edwinooi/Desktop/foxy_ws/install/nav2_core:/home/edwinooi/Desktop/foxy_ws/install/nav2_costmap_2d:/home/edwinooi/Desktop/foxy_ws/install/nav2_util:/home/edwinooi/Desktop/foxy_ws/install/nav2_voxel_grid:/home/edwinooi/Desktop/foxy_ws/install/nav2_msgs:/home/edwinooi/Desktop/foxy_ws/install/nav2_common:/home/edwinooi/Desktop/emanual/install/turtlebot3_simulations:/home/edwinooi/Desktop/emanual/install/turtlebot3_gazebo:/home/edwinooi/Desktop/emanual/install/turtlebot3_fake_node:/home/edwinooi/Desktop/emanual/install/ros2_aruco_interfaces:/home/edwinooi/Desktop/emanual/install/ros2_aruco:/opt/ros/humble LD_LIBRARY_PATH=/home/edwinooi/Desktop/foxy_ws/install/nav2_costmap_2d/lib:/home/edwinooi/Desktop/foxy_ws/install/nav2_util/lib:/home/edwinooi/Desktop/foxy_ws/install/nav2_voxel_grid/lib:/home/edwinooi/Desktop/foxy_ws/install/nav2_msgs/lib:${LD_LIBRARY_PATH} PYTHONPATH=/home/edwinooi/Desktop/foxy_ws/install/nav2_msgs/local/lib/python3.10/dist-packages:/home/edwinooi/Desktop/foxy_ws/install/nav2_common/local/lib/python3.10/dist-packages:${PYTHONPATH} /usr/bin/cmake --install /home/edwinooi/Desktop/foxy_ws/build/nav2_constrained_smoother
