[2.543s] Invoking command in '/home/edwinooi/Desktop/foxy_ws/src/turtlebot3_simulations/navigation2-humble/nav2_simple_commander': AMENT_PREFIX_PATH=/home/edwinooi/Desktop/foxy_ws/install/nav2_msgs:${AMENT_PREFIX_PATH} CMAKE_PREFIX_PATH=/home/edwinooi/Desktop/foxy_ws/install/nav2_msgs:${CMAKE_PREFIX_PATH} LD_LIBRARY_PATH=/home/edwinooi/Desktop/foxy_ws/install/nav2_msgs/lib:${LD_LIBRARY_PATH} PYTHONPATH=/home/edwinooi/Desktop/foxy_ws/build/nav2_simple_commander/prefix_override:/home/edwinooi/Desktop/foxy_ws/install/nav2_simple_commander/lib/python3.10/site-packages:/home/edwinooi/Desktop/foxy_ws/install/nav2_msgs/local/lib/python3.10/dist-packages:${PYTHONPATH} /usr/bin/python3 setup.py egg_info --egg-base ../../../../build/nav2_simple_commander build --build-base /home/edwinooi/Desktop/foxy_ws/build/nav2_simple_commander/build install --record /home/edwinooi/Desktop/foxy_ws/build/nav2_simple_commander/install.log --single-version-externally-managed
[3.346s] running egg_info
[3.348s] creating ../../../../build/nav2_simple_commander/nav2_simple_commander.egg-info
[3.348s] writing ../../../../build/nav2_simple_commander/nav2_simple_commander.egg-info/PKG-INFO
[3.349s] writing dependency_links to ../../../../build/nav2_simple_commander/nav2_simple_commander.egg-info/dependency_links.txt
[3.349s] writing entry points to ../../../../build/nav2_simple_commander/nav2_simple_commander.egg-info/entry_points.txt
[3.349s] writing requirements to ../../../../build/nav2_simple_commander/nav2_simple_commander.egg-info/requires.txt
[3.350s] writing top-level names to ../../../../build/nav2_simple_commander/nav2_simple_commander.egg-info/top_level.txt
[3.350s] writing manifest file '../../../../build/nav2_simple_commander/nav2_simple_commander.egg-info/SOURCES.txt'
[3.354s] reading manifest file '../../../../build/nav2_simple_commander/nav2_simple_commander.egg-info/SOURCES.txt'
[3.356s] writing manifest file '../../../../build/nav2_simple_commander/nav2_simple_commander.egg-info/SOURCES.txt'
[3.357s] running build
[3.357s] running build_py
[3.357s] creating /home/edwinooi/Desktop/foxy_ws/build/nav2_simple_commander/build
[3.358s] creating /home/edwinooi/Desktop/foxy_ws/build/nav2_simple_commander/build/lib
[3.358s] creating /home/edwinooi/Desktop/foxy_ws/build/nav2_simple_commander/build/lib/nav2_simple_commander
[3.358s] copying nav2_simple_commander/demo_inspection.py -> /home/edwinooi/Desktop/foxy_ws/build/nav2_simple_commander/build/lib/nav2_simple_commander
[3.358s] copying nav2_simple_commander/__init__.py -> /home/edwinooi/Desktop/foxy_ws/build/nav2_simple_commander/build/lib/nav2_simple_commander
[3.360s] copying nav2_simple_commander/robot_navigator.py -> /home/edwinooi/Desktop/foxy_ws/build/nav2_simple_commander/build/lib/nav2_simple_commander
[3.360s] copying nav2_simple_commander/demo_picking.py -> /home/edwinooi/Desktop/foxy_ws/build/nav2_simple_commander/build/lib/nav2_simple_commander
[3.363s] copying nav2_simple_commander/costmap_2d.py -> /home/edwinooi/Desktop/foxy_ws/build/nav2_simple_commander/build/lib/nav2_simple_commander
[3.365s] copying nav2_simple_commander/demo_recoveries.py -> /home/edwinooi/Desktop/foxy_ws/build/nav2_simple_commander/build/lib/nav2_simple_commander
[3.366s] copying nav2_simple_commander/example_nav_through_poses.py -> /home/edwinooi/Desktop/foxy_ws/build/nav2_simple_commander/build/lib/nav2_simple_commander
[3.366s] copying nav2_simple_commander/demo_security.py -> /home/edwinooi/Desktop/foxy_ws/build/nav2_simple_commander/build/lib/nav2_simple_commander
[3.366s] copying nav2_simple_commander/example_waypoint_follower.py -> /home/edwinooi/Desktop/foxy_ws/build/nav2_simple_commander/build/lib/nav2_simple_commander
[3.366s] copying nav2_simple_commander/example_follow_path.py -> /home/edwinooi/Desktop/foxy_ws/build/nav2_simple_commander/build/lib/nav2_simple_commander
[3.367s] copying nav2_simple_commander/line_iterator.py -> /home/edwinooi/Desktop/foxy_ws/build/nav2_simple_commander/build/lib/nav2_simple_commander
[3.367s] copying nav2_simple_commander/example_nav_to_pose.py -> /home/edwinooi/Desktop/foxy_ws/build/nav2_simple_commander/build/lib/nav2_simple_commander
[3.367s] copying nav2_simple_commander/example_assisted_teleop.py -> /home/edwinooi/Desktop/foxy_ws/build/nav2_simple_commander/build/lib/nav2_simple_commander
[3.367s] /usr/lib/python3/dist-packages/setuptools/command/install.py:34: SetuptoolsDeprecationWarning: setup.py install is deprecated. Use build and pip and other standards-based tools.
[3.368s]   warnings.warn(
[3.368s] running install
[3.369s] running install_lib
[3.371s] creating /home/edwinooi/Desktop/foxy_ws/install/nav2_simple_commander/lib/python3.10/site-packages/nav2_simple_commander
[3.371s] copying /home/edwinooi/Desktop/foxy_ws/build/nav2_simple_commander/build/lib/nav2_simple_commander/demo_inspection.py -> /home/edwinooi/Desktop/foxy_ws/install/nav2_simple_commander/lib/python3.10/site-packages/nav2_simple_commander
[3.371s] copying /home/edwinooi/Desktop/foxy_ws/build/nav2_simple_commander/build/lib/nav2_simple_commander/__init__.py -> /home/edwinooi/Desktop/foxy_ws/install/nav2_simple_commander/lib/python3.10/site-packages/nav2_simple_commander
[3.378s] copying /home/edwinooi/Desktop/foxy_ws/build/nav2_simple_commander/build/lib/nav2_simple_commander/robot_navigator.py -> /home/edwinooi/Desktop/foxy_ws/install/nav2_simple_commander/lib/python3.10/site-packages/nav2_simple_commander
[3.378s] copying /home/edwinooi/Desktop/foxy_ws/build/nav2_simple_commander/build/lib/nav2_simple_commander/demo_picking.py -> /home/edwinooi/Desktop/foxy_ws/install/nav2_simple_commander/lib/python3.10/site-packages/nav2_simple_commander
[3.378s] copying /home/edwinooi/Desktop/foxy_ws/build/nav2_simple_commander/build/lib/nav2_simple_commander/costmap_2d.py -> /home/edwinooi/Desktop/foxy_ws/install/nav2_simple_commander/lib/python3.10/site-packages/nav2_simple_commander
[3.379s] copying /home/edwinooi/Desktop/foxy_ws/build/nav2_simple_commander/build/lib/nav2_simple_commander/demo_recoveries.py -> /home/edwinooi/Desktop/foxy_ws/install/nav2_simple_commander/lib/python3.10/site-packages/nav2_simple_commander
[3.379s] copying /home/edwinooi/Desktop/foxy_ws/build/nav2_simple_commander/build/lib/nav2_simple_commander/example_nav_through_poses.py -> /home/edwinooi/Desktop/foxy_ws/install/nav2_simple_commander/lib/python3.10/site-packages/nav2_simple_commander
[3.379s] copying /home/edwinooi/Desktop/foxy_ws/build/nav2_simple_commander/build/lib/nav2_simple_commander/demo_security.py -> /home/edwinooi/Desktop/foxy_ws/install/nav2_simple_commander/lib/python3.10/site-packages/nav2_simple_commander
[3.379s] copying /home/edwinooi/Desktop/foxy_ws/build/nav2_simple_commander/build/lib/nav2_simple_commander/example_waypoint_follower.py -> /home/edwinooi/Desktop/foxy_ws/install/nav2_simple_commander/lib/python3.10/site-packages/nav2_simple_commander
[3.380s] copying /home/edwinooi/Desktop/foxy_ws/build/nav2_simple_commander/build/lib/nav2_simple_commander/example_follow_path.py -> /home/edwinooi/Desktop/foxy_ws/install/nav2_simple_commander/lib/python3.10/site-packages/nav2_simple_commander
[3.380s] copying /home/edwinooi/Desktop/foxy_ws/build/nav2_simple_commander/build/lib/nav2_simple_commander/line_iterator.py -> /home/edwinooi/Desktop/foxy_ws/install/nav2_simple_commander/lib/python3.10/site-packages/nav2_simple_commander
[3.380s] copying /home/edwinooi/Desktop/foxy_ws/build/nav2_simple_commander/build/lib/nav2_simple_commander/example_nav_to_pose.py -> /home/edwinooi/Desktop/foxy_ws/install/nav2_simple_commander/lib/python3.10/site-packages/nav2_simple_commander
[3.384s] copying /home/edwinooi/Desktop/foxy_ws/build/nav2_simple_commander/build/lib/nav2_simple_commander/example_assisted_teleop.py -> /home/edwinooi/Desktop/foxy_ws/install/nav2_simple_commander/lib/python3.10/site-packages/nav2_simple_commander
[3.384s] byte-compiling /home/edwinooi/Desktop/foxy_ws/install/nav2_simple_commander/lib/python3.10/site-packages/nav2_simple_commander/demo_inspection.py to demo_inspection.cpython-310.pyc
[3.384s] byte-compiling /home/edwinooi/Desktop/foxy_ws/install/nav2_simple_commander/lib/python3.10/site-packages/nav2_simple_commander/__init__.py to __init__.cpython-310.pyc
[3.384s] byte-compiling /home/edwinooi/Desktop/foxy_ws/install/nav2_simple_commander/lib/python3.10/site-packages/nav2_simple_commander/robot_navigator.py to robot_navigator.cpython-310.pyc
[3.391s] byte-compiling /home/edwinooi/Desktop/foxy_ws/install/nav2_simple_commander/lib/python3.10/site-packages/nav2_simple_commander/demo_picking.py to demo_picking.cpython-310.pyc
[3.393s] byte-compiling /home/edwinooi/Desktop/foxy_ws/install/nav2_simple_commander/lib/python3.10/site-packages/nav2_simple_commander/costmap_2d.py to costmap_2d.cpython-310.pyc
[3.394s] byte-compiling /home/edwinooi/Desktop/foxy_ws/install/nav2_simple_commander/lib/python3.10/site-packages/nav2_simple_commander/demo_recoveries.py to demo_recoveries.cpython-310.pyc
[3.396s] byte-compiling /home/edwinooi/Desktop/foxy_ws/install/nav2_simple_commander/lib/python3.10/site-packages/nav2_simple_commander/example_nav_through_poses.py to example_nav_through_poses.cpython-310.pyc
[3.398s] byte-compiling /home/edwinooi/Desktop/foxy_ws/install/nav2_simple_commander/lib/python3.10/site-packages/nav2_simple_commander/demo_security.py to demo_security.cpython-310.pyc
[3.399s] byte-compiling /home/edwinooi/Desktop/foxy_ws/install/nav2_simple_commander/lib/python3.10/site-packages/nav2_simple_commander/example_waypoint_follower.py to example_waypoint_follower.cpython-310.pyc
[3.400s] byte-compiling /home/edwinooi/Desktop/foxy_ws/install/nav2_simple_commander/lib/python3.10/site-packages/nav2_simple_commander/example_follow_path.py to example_follow_path.cpython-310.pyc
[3.401s] byte-compiling /home/edwinooi/Desktop/foxy_ws/install/nav2_simple_commander/lib/python3.10/site-packages/nav2_simple_commander/line_iterator.py to line_iterator.cpython-310.pyc
[3.403s] byte-compiling /home/edwinooi/Desktop/foxy_ws/install/nav2_simple_commander/lib/python3.10/site-packages/nav2_simple_commander/example_nav_to_pose.py to example_nav_to_pose.cpython-310.pyc
[3.404s] byte-compiling /home/edwinooi/Desktop/foxy_ws/install/nav2_simple_commander/lib/python3.10/site-packages/nav2_simple_commander/example_assisted_teleop.py to example_assisted_teleop.cpython-310.pyc
[3.406s] running install_data
[3.407s] creating /home/edwinooi/Desktop/foxy_ws/install/nav2_simple_commander/share/ament_index
[3.408s] creating /home/edwinooi/Desktop/foxy_ws/install/nav2_simple_commander/share/ament_index/resource_index
[3.409s] creating /home/edwinooi/Desktop/foxy_ws/install/nav2_simple_commander/share/ament_index/resource_index/packages
[3.411s] copying resource/nav2_simple_commander -> /home/edwinooi/Desktop/foxy_ws/install/nav2_simple_commander/share/ament_index/resource_index/packages
[3.411s] copying package.xml -> /home/edwinooi/Desktop/foxy_ws/install/nav2_simple_commander/share/nav2_simple_commander
[3.411s] copying launch/inspection_demo_launch.py -> /home/edwinooi/Desktop/foxy_ws/install/nav2_simple_commander/share/nav2_simple_commander
[3.411s] copying launch/nav_through_poses_example_launch.py -> /home/edwinooi/Desktop/foxy_ws/install/nav2_simple_commander/share/nav2_simple_commander
[3.412s] copying launch/assisted_teleop_example_launch.py -> /home/edwinooi/Desktop/foxy_ws/install/nav2_simple_commander/share/nav2_simple_commander
[3.412s] copying launch/follow_path_example_launch.py -> /home/edwinooi/Desktop/foxy_ws/install/nav2_simple_commander/share/nav2_simple_commander
[3.412s] copying launch/recoveries_example_launch.py -> /home/edwinooi/Desktop/foxy_ws/install/nav2_simple_commander/share/nav2_simple_commander
[3.412s] copying launch/warehouse.world -> /home/edwinooi/Desktop/foxy_ws/install/nav2_simple_commander/share/nav2_simple_commander
[3.412s] copying launch/waypoint_follower_example_launch.py -> /home/edwinooi/Desktop/foxy_ws/install/nav2_simple_commander/share/nav2_simple_commander
[3.412s] copying launch/nav_to_pose_example_launch.py -> /home/edwinooi/Desktop/foxy_ws/install/nav2_simple_commander/share/nav2_simple_commander
[3.412s] copying launch/security_demo_launch.py -> /home/edwinooi/Desktop/foxy_ws/install/nav2_simple_commander/share/nav2_simple_commander
[3.413s] copying launch/picking_demo_launch.py -> /home/edwinooi/Desktop/foxy_ws/install/nav2_simple_commander/share/nav2_simple_commander
[3.413s] running install_egg_info
[3.416s] Copying ../../../../build/nav2_simple_commander/nav2_simple_commander.egg-info to /home/edwinooi/Desktop/foxy_ws/install/nav2_simple_commander/lib/python3.10/site-packages/nav2_simple_commander-1.0.0-py3.10.egg-info
[3.417s] running install_scripts
[3.485s] Installing demo_inspection script to /home/edwinooi/Desktop/foxy_ws/install/nav2_simple_commander/lib/nav2_simple_commander
[3.485s] Installing demo_picking script to /home/edwinooi/Desktop/foxy_ws/install/nav2_simple_commander/lib/nav2_simple_commander
[3.485s] Installing demo_recoveries script to /home/edwinooi/Desktop/foxy_ws/install/nav2_simple_commander/lib/nav2_simple_commander
[3.485s] Installing demo_security script to /home/edwinooi/Desktop/foxy_ws/install/nav2_simple_commander/lib/nav2_simple_commander
[3.485s] Installing example_assisted_teleop script to /home/edwinooi/Desktop/foxy_ws/install/nav2_simple_commander/lib/nav2_simple_commander
[3.486s] Installing example_follow_path script to /home/edwinooi/Desktop/foxy_ws/install/nav2_simple_commander/lib/nav2_simple_commander
[3.486s] Installing example_nav_through_poses script to /home/edwinooi/Desktop/foxy_ws/install/nav2_simple_commander/lib/nav2_simple_commander
[3.486s] Installing example_nav_to_pose script to /home/edwinooi/Desktop/foxy_ws/install/nav2_simple_commander/lib/nav2_simple_commander
[3.486s] Installing example_waypoint_follower script to /home/edwinooi/Desktop/foxy_ws/install/nav2_simple_commander/lib/nav2_simple_commander
[3.486s] writing list of installed files to '/home/edwinooi/Desktop/foxy_ws/build/nav2_simple_commander/install.log'
[3.546s] Invoked command in '/home/edwinooi/Desktop/foxy_ws/src/turtlebot3_simulations/navigation2-humble/nav2_simple_commander' returned '0': AMENT_PREFIX_PATH=/home/edwinooi/Desktop/foxy_ws/install/nav2_msgs:${AMENT_PREFIX_PATH} CMAKE_PREFIX_PATH=/home/edwinooi/Desktop/foxy_ws/install/nav2_msgs:${CMAKE_PREFIX_PATH} LD_LIBRARY_PATH=/home/edwinooi/Desktop/foxy_ws/install/nav2_msgs/lib:${LD_LIBRARY_PATH} PYTHONPATH=/home/edwinooi/Desktop/foxy_ws/build/nav2_simple_commander/prefix_override:/home/edwinooi/Desktop/foxy_ws/install/nav2_simple_commander/lib/python3.10/site-packages:/home/edwinooi/Desktop/foxy_ws/install/nav2_msgs/local/lib/python3.10/dist-packages:${PYTHONPATH} /usr/bin/python3 setup.py egg_info --egg-base ../../../../build/nav2_simple_commander build --build-base /home/edwinooi/Desktop/foxy_ws/build/nav2_simple_commander/build install --record /home/edwinooi/Desktop/foxy_ws/build/nav2_simple_commander/install.log --single-version-externally-managed
