[0.543s] Invoking command in '/home/edwinooi/Desktop/foxy_ws/build/dwb_msgs': AMENT_PREFIX_PATH=/home/edwinooi/Desktop/foxy_ws/install/nav_2d_msgs:${AMENT_PREFIX_PATH} CMAKE_PREFIX_PATH=/home/edwinooi/Desktop/foxy_ws/install/nav_2d_msgs:/home/edwinooi/Desktop/emanual/install/turtlebot3_simulations:/home/edwinooi/Desktop/emanual/install/turtlebot3_gazebo:/home/edwinooi/Desktop/emanual/install/turtlebot3_fake_node:/home/edwinooi/Desktop/emanual/install/ros2_aruco_interfaces:/home/edwinooi/Desktop/emanual/install/ros2_aruco:/opt/ros/humble LD_LIBRARY_PATH=/home/edwinooi/Desktop/foxy_ws/install/nav_2d_msgs/lib:${LD_LIBRARY_PATH} PYTHONPATH=/home/edwinooi/Desktop/foxy_ws/install/nav_2d_msgs/local/lib/python3.10/dist-packages:${PYTHONPATH} /usr/bin/cmake --build /home/edwinooi/Desktop/foxy_ws/build/dwb_msgs -- -j4 -l4
[2.649s] [35m[1mConsolidate compiler generated dependencies of target dwb_msgs__rosidl_generator_c[0m
[2.649s] [  1%] Built target dwb_msgs__cpp
[2.650s] [  1%] Built target ament_cmake_python_copy_dwb_msgs
[2.650s] [ 12%] Built target dwb_msgs__rosidl_generator_c
[2.651s] [35m[1mConsolidate compiler generated dependencies of target dwb_msgs__rosidl_typesupport_cpp[0m
[2.651s] [35m[1mConsolidate compiler generated dependencies of target dwb_msgs__rosidl_typesupport_fastrtps_cpp[0m
[2.652s] [35m[1mConsolidate compiler generated dependencies of target dwb_msgs__rosidl_typesupport_introspection_cpp[0m
[2.652s] [ 24%] Built target dwb_msgs__rosidl_typesupport_fastrtps_cpp
[2.652s] [ 35%] Built target dwb_msgs__rosidl_typesupport_cpp
[2.652s] [35m[1mConsolidate compiler generated dependencies of target dwb_msgs__rosidl_typesupport_fastrtps_c[0m
[2.653s] [ 47%] Built target dwb_msgs__rosidl_typesupport_introspection_cpp
[2.653s] [35m[1mConsolidate compiler generated dependencies of target dwb_msgs__rosidl_typesupport_c[0m
[2.653s] [35m[1mConsolidate compiler generated dependencies of target dwb_msgs__rosidl_typesupport_introspection_c[0m
[2.653s] [ 58%] Built target dwb_msgs__rosidl_typesupport_fastrtps_c
[2.653s] [ 70%] Built target dwb_msgs__rosidl_typesupport_introspection_c
[2.654s] [ 82%] Built target dwb_msgs__rosidl_typesupport_c
[2.654s] [ 82%] Built target dwb_msgs
[2.654s] [ 83%] Built target dwb_msgs__py
[2.654s] [35m[1mConsolidate compiler generated dependencies of target dwb_msgs__rosidl_generator_py[0m
[2.654s] [ 93%] Built target dwb_msgs__rosidl_generator_py
[2.654s] [35m[1mConsolidate compiler generated dependencies of target dwb_msgs__rosidl_typesupport_c__pyext[0m
[2.662s] [35m[1mConsolidate compiler generated dependencies of target dwb_msgs__rosidl_typesupport_fastrtps_c__pyext[0m
[2.662s] [35m[1mConsolidate compiler generated dependencies of target dwb_msgs__rosidl_typesupport_introspection_c__pyext[0m
[2.662s] [ 95%] Built target dwb_msgs__rosidl_typesupport_c__pyext
[2.665s] [ 97%] Built target dwb_msgs__rosidl_typesupport_fastrtps_c__pyext
[2.666s] [100%] Built target dwb_msgs__rosidl_typesupport_introspection_c__pyext
[2.738s] running egg_info
[2.738s] writing dwb_msgs.egg-info/PKG-INFO
[2.738s] writing dependency_links to dwb_msgs.egg-info/dependency_links.txt
[2.738s] writing top-level names to dwb_msgs.egg-info/top_level.txt
[2.747s] reading manifest file 'dwb_msgs.egg-info/SOURCES.txt'
[2.753s] writing manifest file 'dwb_msgs.egg-info/SOURCES.txt'
[2.991s] [100%] Built target ament_cmake_python_build_dwb_msgs_egg
[3.367s] Invoked command in '/home/edwinooi/Desktop/foxy_ws/build/dwb_msgs' returned '0': AMENT_PREFIX_PATH=/home/edwinooi/Desktop/foxy_ws/install/nav_2d_msgs:${AMENT_PREFIX_PATH} CMAKE_PREFIX_PATH=/home/edwinooi/Desktop/foxy_ws/install/nav_2d_msgs:/home/edwinooi/Desktop/emanual/install/turtlebot3_simulations:/home/edwinooi/Desktop/emanual/install/turtlebot3_gazebo:/home/edwinooi/Desktop/emanual/install/turtlebot3_fake_node:/home/edwinooi/Desktop/emanual/install/ros2_aruco_interfaces:/home/edwinooi/Desktop/emanual/install/ros2_aruco:/opt/ros/humble LD_LIBRARY_PATH=/home/edwinooi/Desktop/foxy_ws/install/nav_2d_msgs/lib:${LD_LIBRARY_PATH} PYTHONPATH=/home/edwinooi/Desktop/foxy_ws/install/nav_2d_msgs/local/lib/python3.10/dist-packages:${PYTHONPATH} /usr/bin/cmake --build /home/edwinooi/Desktop/foxy_ws/build/dwb_msgs -- -j4 -l4
[5.726s] Invoking command in '/home/edwinooi/Desktop/foxy_ws/build/dwb_msgs': AMENT_PREFIX_PATH=/home/edwinooi/Desktop/foxy_ws/install/nav_2d_msgs:${AMENT_PREFIX_PATH} CMAKE_PREFIX_PATH=/home/edwinooi/Desktop/foxy_ws/install/nav_2d_msgs:/home/edwinooi/Desktop/emanual/install/turtlebot3_simulations:/home/edwinooi/Desktop/emanual/install/turtlebot3_gazebo:/home/edwinooi/Desktop/emanual/install/turtlebot3_fake_node:/home/edwinooi/Desktop/emanual/install/ros2_aruco_interfaces:/home/edwinooi/Desktop/emanual/install/ros2_aruco:/opt/ros/humble LD_LIBRARY_PATH=/home/edwinooi/Desktop/foxy_ws/install/nav_2d_msgs/lib:${LD_LIBRARY_PATH} PYTHONPATH=/home/edwinooi/Desktop/foxy_ws/install/nav_2d_msgs/local/lib/python3.10/dist-packages:${PYTHONPATH} /usr/bin/cmake --install /home/edwinooi/Desktop/foxy_ws/build/dwb_msgs
[5.752s] -- Install configuration: ""
[5.752s] -- Up-to-date: /home/edwinooi/Desktop/foxy_ws/install/dwb_msgs/share/ament_index/resource_index/rosidl_interfaces/dwb_msgs
[5.752s] -- Up-to-date: /home/edwinooi/Desktop/foxy_ws/install/dwb_msgs/include/dwb_msgs/dwb_msgs
[5.752s] -- Up-to-date: /home/edwinooi/Desktop/foxy_ws/install/dwb_msgs/include/dwb_msgs/dwb_msgs/msg
[5.752s] -- Up-to-date: /home/edwinooi/Desktop/foxy_ws/install/dwb_msgs/include/dwb_msgs/dwb_msgs/msg/trajectory2_d.h
[5.752s] -- Up-to-date: /home/edwinooi/Desktop/foxy_ws/install/dwb_msgs/include/dwb_msgs/dwb_msgs/msg/local_plan_evaluation.h
[5.753s] -- Up-to-date: /home/edwinooi/Desktop/foxy_ws/install/dwb_msgs/include/dwb_msgs/dwb_msgs/msg/trajectory_score.h
[5.753s] -- Up-to-date: /home/edwinooi/Desktop/foxy_ws/install/dwb_msgs/include/dwb_msgs/dwb_msgs/msg/rosidl_generator_c__visibility_control.h
[5.753s] -- Up-to-date: /home/edwinooi/Desktop/foxy_ws/install/dwb_msgs/include/dwb_msgs/dwb_msgs/msg/detail
[5.753s] -- Up-to-date: /home/edwinooi/Desktop/foxy_ws/install/dwb_msgs/include/dwb_msgs/dwb_msgs/msg/detail/trajectory2_d__functions.h
[5.753s] -- Up-to-date: /home/edwinooi/Desktop/foxy_ws/install/dwb_msgs/include/dwb_msgs/dwb_msgs/msg/detail/critic_score__type_support.h
[5.753s] -- Up-to-date: /home/edwinooi/Desktop/foxy_ws/install/dwb_msgs/include/dwb_msgs/dwb_msgs/msg/detail/local_plan_evaluation__struct.h
[5.753s] -- Up-to-date: /home/edwinooi/Desktop/foxy_ws/install/dwb_msgs/include/dwb_msgs/dwb_msgs/msg/detail/trajectory_score__functions.h
[5.753s] -- Up-to-date: /home/edwinooi/Desktop/foxy_ws/install/dwb_msgs/include/dwb_msgs/dwb_msgs/msg/detail/trajectory2_d__struct.h
[5.753s] -- Up-to-date: /home/edwinooi/Desktop/foxy_ws/install/dwb_msgs/include/dwb_msgs/dwb_msgs/msg/detail/local_plan_evaluation__type_support.h
[5.754s] -- Up-to-date: /home/edwinooi/Desktop/foxy_ws/install/dwb_msgs/include/dwb_msgs/dwb_msgs/msg/detail/trajectory2_d__functions.c
[5.754s] -- Up-to-date: /home/edwinooi/Desktop/foxy_ws/install/dwb_msgs/include/dwb_msgs/dwb_msgs/msg/detail/critic_score__functions.h
[5.754s] -- Up-to-date: /home/edwinooi/Desktop/foxy_ws/install/dwb_msgs/include/dwb_msgs/dwb_msgs/msg/detail/critic_score__functions.c
[5.754s] -- Up-to-date: /home/edwinooi/Desktop/foxy_ws/install/dwb_msgs/include/dwb_msgs/dwb_msgs/msg/detail/local_plan_evaluation__functions.c
[5.754s] -- Up-to-date: /home/edwinooi/Desktop/foxy_ws/install/dwb_msgs/include/dwb_msgs/dwb_msgs/msg/detail/trajectory_score__type_support.h
[5.754s] -- Up-to-date: /home/edwinooi/Desktop/foxy_ws/install/dwb_msgs/include/dwb_msgs/dwb_msgs/msg/detail/local_plan_evaluation__functions.h
[5.754s] -- Up-to-date: /home/edwinooi/Desktop/foxy_ws/install/dwb_msgs/include/dwb_msgs/dwb_msgs/msg/detail/trajectory_score__struct.h
[5.754s] -- Up-to-date: /home/edwinooi/Desktop/foxy_ws/install/dwb_msgs/include/dwb_msgs/dwb_msgs/msg/detail/critic_score__struct.h
[5.755s] -- Up-to-date: /home/edwinooi/Desktop/foxy_ws/install/dwb_msgs/include/dwb_msgs/dwb_msgs/msg/detail/trajectory2_d__type_support.h
[5.758s] -- Up-to-date: /home/edwinooi/Desktop/foxy_ws/install/dwb_msgs/include/dwb_msgs/dwb_msgs/msg/detail/trajectory_score__functions.c
[5.758s] -- Up-to-date: /home/edwinooi/Desktop/foxy_ws/install/dwb_msgs/include/dwb_msgs/dwb_msgs/msg/critic_score.h
[5.758s] -- Up-to-date: /home/edwinooi/Desktop/foxy_ws/install/dwb_msgs/include/dwb_msgs/dwb_msgs/srv
[5.758s] -- Up-to-date: /home/edwinooi/Desktop/foxy_ws/install/dwb_msgs/include/dwb_msgs/dwb_msgs/srv/score_trajectory.h
[5.758s] -- Up-to-date: /home/edwinooi/Desktop/foxy_ws/install/dwb_msgs/include/dwb_msgs/dwb_msgs/srv/debug_local_plan.h
[5.758s] -- Up-to-date: /home/edwinooi/Desktop/foxy_ws/install/dwb_msgs/include/dwb_msgs/dwb_msgs/srv/detail
[5.758s] -- Up-to-date: /home/edwinooi/Desktop/foxy_ws/install/dwb_msgs/include/dwb_msgs/dwb_msgs/srv/detail/score_trajectory__type_support.h
[5.758s] -- Up-to-date: /home/edwinooi/Desktop/foxy_ws/install/dwb_msgs/include/dwb_msgs/dwb_msgs/srv/detail/score_trajectory__functions.c
[5.759s] -- Up-to-date: /home/edwinooi/Desktop/foxy_ws/install/dwb_msgs/include/dwb_msgs/dwb_msgs/srv/detail/get_critic_score__functions.h
[5.759s] -- Up-to-date: /home/edwinooi/Desktop/foxy_ws/install/dwb_msgs/include/dwb_msgs/dwb_msgs/srv/detail/debug_local_plan__functions.c
[5.759s] -- Up-to-date: /home/edwinooi/Desktop/foxy_ws/install/dwb_msgs/include/dwb_msgs/dwb_msgs/srv/detail/generate_twists__functions.h
[5.760s] -- Up-to-date: /home/edwinooi/Desktop/foxy_ws/install/dwb_msgs/include/dwb_msgs/dwb_msgs/srv/detail/generate_trajectory__functions.c
[5.760s] -- Up-to-date: /home/edwinooi/Desktop/foxy_ws/install/dwb_msgs/include/dwb_msgs/dwb_msgs/srv/detail/get_critic_score__type_support.h
[5.761s] -- Up-to-date: /home/edwinooi/Desktop/foxy_ws/install/dwb_msgs/include/dwb_msgs/dwb_msgs/srv/detail/debug_local_plan__type_support.h
[5.771s] -- Up-to-date: /home/edwinooi/Desktop/foxy_ws/install/dwb_msgs/include/dwb_msgs/dwb_msgs/srv/detail/get_critic_score__functions.c
[5.771s] -- Up-to-date: /home/edwinooi/Desktop/foxy_ws/install/dwb_msgs/include/dwb_msgs/dwb_msgs/srv/detail/get_critic_score__struct.h
[5.772s] -- Up-to-date: /home/edwinooi/Desktop/foxy_ws/install/dwb_msgs/include/dwb_msgs/dwb_msgs/srv/detail/debug_local_plan__functions.h
[5.772s] -- Up-to-date: /home/edwinooi/Desktop/foxy_ws/install/dwb_msgs/include/dwb_msgs/dwb_msgs/srv/detail/score_trajectory__functions.h
[5.773s] -- Up-to-date: /home/edwinooi/Desktop/foxy_ws/install/dwb_msgs/include/dwb_msgs/dwb_msgs/srv/detail/generate_twists__functions.c
[5.773s] -- Up-to-date: /home/edwinooi/Desktop/foxy_ws/install/dwb_msgs/include/dwb_msgs/dwb_msgs/srv/detail/generate_twists__struct.h
[5.774s] -- Up-to-date: /home/edwinooi/Desktop/foxy_ws/install/dwb_msgs/include/dwb_msgs/dwb_msgs/srv/detail/generate_twists__type_support.h
[5.774s] -- Up-to-date: /home/edwinooi/Desktop/foxy_ws/install/dwb_msgs/include/dwb_msgs/dwb_msgs/srv/detail/generate_trajectory__struct.h
[5.776s] -- Up-to-date: /home/edwinooi/Desktop/foxy_ws/install/dwb_msgs/include/dwb_msgs/dwb_msgs/srv/detail/debug_local_plan__struct.h
[5.776s] -- Up-to-date: /home/edwinooi/Desktop/foxy_ws/install/dwb_msgs/include/dwb_msgs/dwb_msgs/srv/detail/generate_trajectory__functions.h
[5.779s] -- Up-to-date: /home/edwinooi/Desktop/foxy_ws/install/dwb_msgs/include/dwb_msgs/dwb_msgs/srv/detail/generate_trajectory__type_support.h
[5.779s] -- Up-to-date: /home/edwinooi/Desktop/foxy_ws/install/dwb_msgs/include/dwb_msgs/dwb_msgs/srv/detail/score_trajectory__struct.h
[5.780s] -- Up-to-date: /home/edwinooi/Desktop/foxy_ws/install/dwb_msgs/include/dwb_msgs/dwb_msgs/srv/generate_twists.h
[5.780s] -- Up-to-date: /home/edwinooi/Desktop/foxy_ws/install/dwb_msgs/include/dwb_msgs/dwb_msgs/srv/generate_trajectory.h
[5.783s] -- Up-to-date: /home/edwinooi/Desktop/foxy_ws/install/dwb_msgs/include/dwb_msgs/dwb_msgs/srv/get_critic_score.h
[5.784s] -- Up-to-date: /home/edwinooi/Desktop/foxy_ws/install/dwb_msgs/share/dwb_msgs/environment/library_path.sh
[5.785s] -- Up-to-date: /home/edwinooi/Desktop/foxy_ws/install/dwb_msgs/share/dwb_msgs/environment/library_path.dsv
[5.786s] -- Up-to-date: /home/edwinooi/Desktop/foxy_ws/install/dwb_msgs/lib/libdwb_msgs__rosidl_generator_c.so
[5.786s] -- Up-to-date: /home/edwinooi/Desktop/foxy_ws/install/dwb_msgs/include/dwb_msgs/dwb_msgs
[5.787s] -- Up-to-date: /home/edwinooi/Desktop/foxy_ws/install/dwb_msgs/include/dwb_msgs/dwb_msgs/msg
[5.798s] -- Up-to-date: /home/edwinooi/Desktop/foxy_ws/install/dwb_msgs/include/dwb_msgs/dwb_msgs/msg/rosidl_typesupport_fastrtps_c__visibility_control.h
[5.798s] -- Up-to-date: /home/edwinooi/Desktop/foxy_ws/install/dwb_msgs/include/dwb_msgs/dwb_msgs/msg/detail
[5.799s] -- Up-to-date: /home/edwinooi/Desktop/foxy_ws/install/dwb_msgs/include/dwb_msgs/dwb_msgs/msg/detail/local_plan_evaluation__rosidl_typesupport_fastrtps_c.h
[5.815s] -- Up-to-date: /home/edwinooi/Desktop/foxy_ws/install/dwb_msgs/include/dwb_msgs/dwb_msgs/msg/detail/trajectory_score__rosidl_typesupport_fastrtps_c.h
[5.815s] -- Up-to-date: /home/edwinooi/Desktop/foxy_ws/install/dwb_msgs/include/dwb_msgs/dwb_msgs/msg/detail/trajectory2_d__rosidl_typesupport_fastrtps_c.h
[5.815s] -- Up-to-date: /home/edwinooi/Desktop/foxy_ws/install/dwb_msgs/include/dwb_msgs/dwb_msgs/msg/detail/critic_score__rosidl_typesupport_fastrtps_c.h
[5.815s] -- Up-to-date: /home/edwinooi/Desktop/foxy_ws/install/dwb_msgs/include/dwb_msgs/dwb_msgs/srv
[5.816s] -- Up-to-date: /home/edwinooi/Desktop/foxy_ws/install/dwb_msgs/include/dwb_msgs/dwb_msgs/srv/detail
[5.816s] -- Up-to-date: /home/edwinooi/Desktop/foxy_ws/install/dwb_msgs/include/dwb_msgs/dwb_msgs/srv/detail/debug_local_plan__rosidl_typesupport_fastrtps_c.h
[5.816s] -- Up-to-date: /home/edwinooi/Desktop/foxy_ws/install/dwb_msgs/include/dwb_msgs/dwb_msgs/srv/detail/score_trajectory__rosidl_typesupport_fastrtps_c.h
[5.816s] -- Up-to-date: /home/edwinooi/Desktop/foxy_ws/install/dwb_msgs/include/dwb_msgs/dwb_msgs/srv/detail/generate_trajectory__rosidl_typesupport_fastrtps_c.h
[5.816s] -- Up-to-date: /home/edwinooi/Desktop/foxy_ws/install/dwb_msgs/include/dwb_msgs/dwb_msgs/srv/detail/generate_twists__rosidl_typesupport_fastrtps_c.h
[5.816s] -- Up-to-date: /home/edwinooi/Desktop/foxy_ws/install/dwb_msgs/include/dwb_msgs/dwb_msgs/srv/detail/get_critic_score__rosidl_typesupport_fastrtps_c.h
[5.816s] -- Up-to-date: /home/edwinooi/Desktop/foxy_ws/install/dwb_msgs/lib/libdwb_msgs__rosidl_typesupport_fastrtps_c.so
[5.817s] -- Up-to-date: /home/edwinooi/Desktop/foxy_ws/install/dwb_msgs/include/dwb_msgs/dwb_msgs
[5.817s] -- Up-to-date: /home/edwinooi/Desktop/foxy_ws/install/dwb_msgs/include/dwb_msgs/dwb_msgs/msg
[5.817s] -- Up-to-date: /home/edwinooi/Desktop/foxy_ws/install/dwb_msgs/include/dwb_msgs/dwb_msgs/msg/trajectory2_d.hpp
[5.818s] -- Up-to-date: /home/edwinooi/Desktop/foxy_ws/install/dwb_msgs/include/dwb_msgs/dwb_msgs/msg/trajectory_score.hpp
[5.818s] -- Up-to-date: /home/edwinooi/Desktop/foxy_ws/install/dwb_msgs/include/dwb_msgs/dwb_msgs/msg/critic_score.hpp
[5.818s] -- Up-to-date: /home/edwinooi/Desktop/foxy_ws/install/dwb_msgs/include/dwb_msgs/dwb_msgs/msg/detail
[5.818s] -- Up-to-date: /home/edwinooi/Desktop/foxy_ws/install/dwb_msgs/include/dwb_msgs/dwb_msgs/msg/detail/local_plan_evaluation__traits.hpp
[5.818s] -- Up-to-date: /home/edwinooi/Desktop/foxy_ws/install/dwb_msgs/include/dwb_msgs/dwb_msgs/msg/detail/trajectory2_d__builder.hpp
[5.818s] -- Up-to-date: /home/edwinooi/Desktop/foxy_ws/install/dwb_msgs/include/dwb_msgs/dwb_msgs/msg/detail/trajectory_score__builder.hpp
[5.818s] -- Up-to-date: /home/edwinooi/Desktop/foxy_ws/install/dwb_msgs/include/dwb_msgs/dwb_msgs/msg/detail/critic_score__struct.hpp
[5.819s] -- Up-to-date: /home/edwinooi/Desktop/foxy_ws/install/dwb_msgs/include/dwb_msgs/dwb_msgs/msg/detail/local_plan_evaluation__builder.hpp
[5.819s] -- Up-to-date: /home/edwinooi/Desktop/foxy_ws/install/dwb_msgs/include/dwb_msgs/dwb_msgs/msg/detail/critic_score__builder.hpp
[5.819s] -- Up-to-date: /home/edwinooi/Desktop/foxy_ws/install/dwb_msgs/include/dwb_msgs/dwb_msgs/msg/detail/trajectory_score__struct.hpp
[5.819s] -- Up-to-date: /home/edwinooi/Desktop/foxy_ws/install/dwb_msgs/include/dwb_msgs/dwb_msgs/msg/detail/critic_score__traits.hpp
[5.819s] -- Up-to-date: /home/edwinooi/Desktop/foxy_ws/install/dwb_msgs/include/dwb_msgs/dwb_msgs/msg/detail/trajectory2_d__traits.hpp
[5.819s] -- Up-to-date: /home/edwinooi/Desktop/foxy_ws/install/dwb_msgs/include/dwb_msgs/dwb_msgs/msg/detail/trajectory2_d__struct.hpp
[5.820s] -- Up-to-date: /home/edwinooi/Desktop/foxy_ws/install/dwb_msgs/include/dwb_msgs/dwb_msgs/msg/detail/trajectory_score__traits.hpp
[5.820s] -- Up-to-date: /home/edwinooi/Desktop/foxy_ws/install/dwb_msgs/include/dwb_msgs/dwb_msgs/msg/detail/local_plan_evaluation__struct.hpp
[5.820s] -- Up-to-date: /home/edwinooi/Desktop/foxy_ws/install/dwb_msgs/include/dwb_msgs/dwb_msgs/msg/local_plan_evaluation.hpp
[5.820s] -- Up-to-date: /home/edwinooi/Desktop/foxy_ws/install/dwb_msgs/include/dwb_msgs/dwb_msgs/srv
[5.820s] -- Up-to-date: /home/edwinooi/Desktop/foxy_ws/install/dwb_msgs/include/dwb_msgs/dwb_msgs/srv/generate_twists.hpp
[5.820s] -- Up-to-date: /home/edwinooi/Desktop/foxy_ws/install/dwb_msgs/include/dwb_msgs/dwb_msgs/srv/detail
[5.820s] -- Up-to-date: /home/edwinooi/Desktop/foxy_ws/install/dwb_msgs/include/dwb_msgs/dwb_msgs/srv/detail/generate_trajectory__builder.hpp
[5.821s] -- Up-to-date: /home/edwinooi/Desktop/foxy_ws/install/dwb_msgs/include/dwb_msgs/dwb_msgs/srv/detail/generate_twists__struct.hpp
[5.821s] -- Up-to-date: /home/edwinooi/Desktop/foxy_ws/install/dwb_msgs/include/dwb_msgs/dwb_msgs/srv/detail/score_trajectory__traits.hpp
[5.821s] -- Up-to-date: /home/edwinooi/Desktop/foxy_ws/install/dwb_msgs/include/dwb_msgs/dwb_msgs/srv/detail/score_trajectory__builder.hpp
[5.821s] -- Up-to-date: /home/edwinooi/Desktop/foxy_ws/install/dwb_msgs/include/dwb_msgs/dwb_msgs/srv/detail/debug_local_plan__struct.hpp
[5.821s] -- Up-to-date: /home/edwinooi/Desktop/foxy_ws/install/dwb_msgs/include/dwb_msgs/dwb_msgs/srv/detail/get_critic_score__struct.hpp
[5.821s] -- Up-to-date: /home/edwinooi/Desktop/foxy_ws/install/dwb_msgs/include/dwb_msgs/dwb_msgs/srv/detail/generate_trajectory__traits.hpp
[5.821s] -- Up-to-date: /home/edwinooi/Desktop/foxy_ws/install/dwb_msgs/include/dwb_msgs/dwb_msgs/srv/detail/debug_local_plan__builder.hpp
[5.822s] -- Up-to-date: /home/edwinooi/Desktop/foxy_ws/install/dwb_msgs/include/dwb_msgs/dwb_msgs/srv/detail/get_critic_score__builder.hpp
[5.822s] -- Up-to-date: /home/edwinooi/Desktop/foxy_ws/install/dwb_msgs/include/dwb_msgs/dwb_msgs/srv/detail/score_trajectory__struct.hpp
[5.822s] -- Up-to-date: /home/edwinooi/Desktop/foxy_ws/install/dwb_msgs/include/dwb_msgs/dwb_msgs/srv/detail/get_critic_score__traits.hpp
[5.822s] -- Up-to-date: /home/edwinooi/Desktop/foxy_ws/install/dwb_msgs/include/dwb_msgs/dwb_msgs/srv/detail/generate_twists__traits.hpp
[5.822s] -- Up-to-date: /home/edwinooi/Desktop/foxy_ws/install/dwb_msgs/include/dwb_msgs/dwb_msgs/srv/detail/generate_trajectory__struct.hpp
[5.822s] -- Up-to-date: /home/edwinooi/Desktop/foxy_ws/install/dwb_msgs/include/dwb_msgs/dwb_msgs/srv/detail/debug_local_plan__traits.hpp
[5.823s] -- Up-to-date: /home/edwinooi/Desktop/foxy_ws/install/dwb_msgs/include/dwb_msgs/dwb_msgs/srv/detail/generate_twists__builder.hpp
[5.823s] -- Up-to-date: /home/edwinooi/Desktop/foxy_ws/install/dwb_msgs/include/dwb_msgs/dwb_msgs/srv/debug_local_plan.hpp
[5.823s] -- Up-to-date: /home/edwinooi/Desktop/foxy_ws/install/dwb_msgs/include/dwb_msgs/dwb_msgs/srv/score_trajectory.hpp
[5.823s] -- Up-to-date: /home/edwinooi/Desktop/foxy_ws/install/dwb_msgs/include/dwb_msgs/dwb_msgs/srv/generate_trajectory.hpp
[5.823s] -- Up-to-date: /home/edwinooi/Desktop/foxy_ws/install/dwb_msgs/include/dwb_msgs/dwb_msgs/srv/get_critic_score.hpp
[5.823s] -- Up-to-date: /home/edwinooi/Desktop/foxy_ws/install/dwb_msgs/include/dwb_msgs/dwb_msgs
[5.823s] -- Up-to-date: /home/edwinooi/Desktop/foxy_ws/install/dwb_msgs/include/dwb_msgs/dwb_msgs/msg
[5.824s] -- Up-to-date: /home/edwinooi/Desktop/foxy_ws/install/dwb_msgs/include/dwb_msgs/dwb_msgs/msg/rosidl_typesupport_fastrtps_cpp__visibility_control.h
[5.824s] -- Up-to-date: /home/edwinooi/Desktop/foxy_ws/install/dwb_msgs/include/dwb_msgs/dwb_msgs/msg/detail
[5.824s] -- Up-to-date: /home/edwinooi/Desktop/foxy_ws/install/dwb_msgs/include/dwb_msgs/dwb_msgs/msg/detail/trajectory2_d__rosidl_typesupport_fastrtps_cpp.hpp
[5.824s] -- Up-to-date: /home/edwinooi/Desktop/foxy_ws/install/dwb_msgs/include/dwb_msgs/dwb_msgs/msg/detail/dds_fastrtps
[5.824s] -- Up-to-date: /home/edwinooi/Desktop/foxy_ws/install/dwb_msgs/include/dwb_msgs/dwb_msgs/msg/detail/local_plan_evaluation__rosidl_typesupport_fastrtps_cpp.hpp
[5.824s] -- Up-to-date: /home/edwinooi/Desktop/foxy_ws/install/dwb_msgs/include/dwb_msgs/dwb_msgs/msg/detail/trajectory_score__rosidl_typesupport_fastrtps_cpp.hpp
[5.824s] -- Up-to-date: /home/edwinooi/Desktop/foxy_ws/install/dwb_msgs/include/dwb_msgs/dwb_msgs/msg/detail/critic_score__rosidl_typesupport_fastrtps_cpp.hpp
[5.825s] -- Up-to-date: /home/edwinooi/Desktop/foxy_ws/install/dwb_msgs/include/dwb_msgs/dwb_msgs/srv
[5.825s] -- Up-to-date: /home/edwinooi/Desktop/foxy_ws/install/dwb_msgs/include/dwb_msgs/dwb_msgs/srv/detail
[5.825s] -- Up-to-date: /home/edwinooi/Desktop/foxy_ws/install/dwb_msgs/include/dwb_msgs/dwb_msgs/srv/detail/generate_twists__rosidl_typesupport_fastrtps_cpp.hpp
[5.825s] -- Up-to-date: /home/edwinooi/Desktop/foxy_ws/install/dwb_msgs/include/dwb_msgs/dwb_msgs/srv/detail/generate_trajectory__rosidl_typesupport_fastrtps_cpp.hpp
[5.825s] -- Up-to-date: /home/edwinooi/Desktop/foxy_ws/install/dwb_msgs/include/dwb_msgs/dwb_msgs/srv/detail/get_critic_score__rosidl_typesupport_fastrtps_cpp.hpp
[5.825s] -- Up-to-date: /home/edwinooi/Desktop/foxy_ws/install/dwb_msgs/include/dwb_msgs/dwb_msgs/srv/detail/debug_local_plan__rosidl_typesupport_fastrtps_cpp.hpp
[5.825s] -- Up-to-date: /home/edwinooi/Desktop/foxy_ws/install/dwb_msgs/include/dwb_msgs/dwb_msgs/srv/detail/score_trajectory__rosidl_typesupport_fastrtps_cpp.hpp
[5.826s] -- Up-to-date: /home/edwinooi/Desktop/foxy_ws/install/dwb_msgs/include/dwb_msgs/dwb_msgs/srv/detail/dds_fastrtps
[5.826s] -- Up-to-date: /home/edwinooi/Desktop/foxy_ws/install/dwb_msgs/lib/libdwb_msgs__rosidl_typesupport_fastrtps_cpp.so
[5.826s] -- Up-to-date: /home/edwinooi/Desktop/foxy_ws/install/dwb_msgs/include/dwb_msgs/dwb_msgs
[5.826s] -- Up-to-date: /home/edwinooi/Desktop/foxy_ws/install/dwb_msgs/include/dwb_msgs/dwb_msgs/msg
[5.826s] -- Up-to-date: /home/edwinooi/Desktop/foxy_ws/install/dwb_msgs/include/dwb_msgs/dwb_msgs/msg/rosidl_typesupport_introspection_c__visibility_control.h
[5.826s] -- Up-to-date: /home/edwinooi/Desktop/foxy_ws/install/dwb_msgs/include/dwb_msgs/dwb_msgs/msg/detail
[5.826s] -- Up-to-date: /home/edwinooi/Desktop/foxy_ws/install/dwb_msgs/include/dwb_msgs/dwb_msgs/msg/detail/trajectory_score__rosidl_typesupport_introspection_c.h
[5.832s] -- Up-to-date: /home/edwinooi/Desktop/foxy_ws/install/dwb_msgs/include/dwb_msgs/dwb_msgs/msg/detail/local_plan_evaluation__type_support.c
[5.832s] -- Up-to-date: /home/edwinooi/Desktop/foxy_ws/install/dwb_msgs/include/dwb_msgs/dwb_msgs/msg/detail/trajectory2_d__rosidl_typesupport_introspection_c.h
[5.833s] -- Up-to-date: /home/edwinooi/Desktop/foxy_ws/install/dwb_msgs/include/dwb_msgs/dwb_msgs/msg/detail/critic_score__type_support.c
[5.835s] -- Up-to-date: /home/edwinooi/Desktop/foxy_ws/install/dwb_msgs/include/dwb_msgs/dwb_msgs/msg/detail/trajectory_score__type_support.c
[5.835s] -- Up-to-date: /home/edwinooi/Desktop/foxy_ws/install/dwb_msgs/include/dwb_msgs/dwb_msgs/msg/detail/trajectory2_d__type_support.c
[5.835s] -- Up-to-date: /home/edwinooi/Desktop/foxy_ws/install/dwb_msgs/include/dwb_msgs/dwb_msgs/msg/detail/local_plan_evaluation__rosidl_typesupport_introspection_c.h
[5.835s] -- Up-to-date: /home/edwinooi/Desktop/foxy_ws/install/dwb_msgs/include/dwb_msgs/dwb_msgs/msg/detail/critic_score__rosidl_typesupport_introspection_c.h
[5.836s] -- Up-to-date: /home/edwinooi/Desktop/foxy_ws/install/dwb_msgs/include/dwb_msgs/dwb_msgs/srv
[5.836s] -- Up-to-date: /home/edwinooi/Desktop/foxy_ws/install/dwb_msgs/include/dwb_msgs/dwb_msgs/srv/detail
[5.836s] -- Up-to-date: /home/edwinooi/Desktop/foxy_ws/install/dwb_msgs/include/dwb_msgs/dwb_msgs/srv/detail/get_critic_score__type_support.c
[5.836s] -- Up-to-date: /home/edwinooi/Desktop/foxy_ws/install/dwb_msgs/include/dwb_msgs/dwb_msgs/srv/detail/get_critic_score__rosidl_typesupport_introspection_c.h
[5.837s] -- Up-to-date: /home/edwinooi/Desktop/foxy_ws/install/dwb_msgs/include/dwb_msgs/dwb_msgs/srv/detail/generate_trajectory__rosidl_typesupport_introspection_c.h
[5.837s] -- Up-to-date: /home/edwinooi/Desktop/foxy_ws/install/dwb_msgs/include/dwb_msgs/dwb_msgs/srv/detail/debug_local_plan__rosidl_typesupport_introspection_c.h
[5.843s] -- Up-to-date: /home/edwinooi/Desktop/foxy_ws/install/dwb_msgs/include/dwb_msgs/dwb_msgs/srv/detail/generate_twists__type_support.c
[5.883s] -- Up-to-date: /home/edwinooi/Desktop/foxy_ws/install/dwb_msgs/include/dwb_msgs/dwb_msgs/srv/detail/score_trajectory__rosidl_typesupport_introspection_c.h
[5.883s] -- Up-to-date: /home/edwinooi/Desktop/foxy_ws/install/dwb_msgs/include/dwb_msgs/dwb_msgs/srv/detail/debug_local_plan__type_support.c
[5.883s] -- Up-to-date: /home/edwinooi/Desktop/foxy_ws/install/dwb_msgs/include/dwb_msgs/dwb_msgs/srv/detail/generate_twists__rosidl_typesupport_introspection_c.h
[5.884s] -- Up-to-date: /home/edwinooi/Desktop/foxy_ws/install/dwb_msgs/include/dwb_msgs/dwb_msgs/srv/detail/generate_trajectory__type_support.c
[5.884s] -- Up-to-date: /home/edwinooi/Desktop/foxy_ws/install/dwb_msgs/include/dwb_msgs/dwb_msgs/srv/detail/score_trajectory__type_support.c
[5.892s] -- Up-to-date: /home/edwinooi/Desktop/foxy_ws/install/dwb_msgs/lib/libdwb_msgs__rosidl_typesupport_introspection_c.so
[5.892s] -- Up-to-date: /home/edwinooi/Desktop/foxy_ws/install/dwb_msgs/lib/libdwb_msgs__rosidl_typesupport_c.so
[5.892s] -- Up-to-date: /home/edwinooi/Desktop/foxy_ws/install/dwb_msgs/include/dwb_msgs/dwb_msgs
[5.893s] -- Up-to-date: /home/edwinooi/Desktop/foxy_ws/install/dwb_msgs/include/dwb_msgs/dwb_msgs/msg
[5.893s] -- Up-to-date: /home/edwinooi/Desktop/foxy_ws/install/dwb_msgs/include/dwb_msgs/dwb_msgs/msg/detail
[5.893s] -- Up-to-date: /home/edwinooi/Desktop/foxy_ws/install/dwb_msgs/include/dwb_msgs/dwb_msgs/msg/detail/local_plan_evaluation__rosidl_typesupport_introspection_cpp.hpp
[5.893s] -- Up-to-date: /home/edwinooi/Desktop/foxy_ws/install/dwb_msgs/include/dwb_msgs/dwb_msgs/msg/detail/critic_score__type_support.cpp
[5.893s] -- Up-to-date: /home/edwinooi/Desktop/foxy_ws/install/dwb_msgs/include/dwb_msgs/dwb_msgs/msg/detail/local_plan_evaluation__type_support.cpp
[5.893s] -- Up-to-date: /home/edwinooi/Desktop/foxy_ws/install/dwb_msgs/include/dwb_msgs/dwb_msgs/msg/detail/trajectory_score__rosidl_typesupport_introspection_cpp.hpp
[5.893s] -- Up-to-date: /home/edwinooi/Desktop/foxy_ws/install/dwb_msgs/include/dwb_msgs/dwb_msgs/msg/detail/trajectory2_d__rosidl_typesupport_introspection_cpp.hpp
[5.894s] -- Up-to-date: /home/edwinooi/Desktop/foxy_ws/install/dwb_msgs/include/dwb_msgs/dwb_msgs/msg/detail/trajectory2_d__type_support.cpp
[5.894s] -- Up-to-date: /home/edwinooi/Desktop/foxy_ws/install/dwb_msgs/include/dwb_msgs/dwb_msgs/msg/detail/critic_score__rosidl_typesupport_introspection_cpp.hpp
[5.894s] -- Up-to-date: /home/edwinooi/Desktop/foxy_ws/install/dwb_msgs/include/dwb_msgs/dwb_msgs/msg/detail/trajectory_score__type_support.cpp
[5.894s] -- Up-to-date: /home/edwinooi/Desktop/foxy_ws/install/dwb_msgs/include/dwb_msgs/dwb_msgs/srv
[5.894s] -- Up-to-date: /home/edwinooi/Desktop/foxy_ws/install/dwb_msgs/include/dwb_msgs/dwb_msgs/srv/detail
[5.894s] -- Up-to-date: /home/edwinooi/Desktop/foxy_ws/install/dwb_msgs/include/dwb_msgs/dwb_msgs/srv/detail/get_critic_score__type_support.cpp
[5.894s] -- Up-to-date: /home/edwinooi/Desktop/foxy_ws/install/dwb_msgs/include/dwb_msgs/dwb_msgs/srv/detail/get_critic_score__rosidl_typesupport_introspection_cpp.hpp
[5.895s] -- Up-to-date: /home/edwinooi/Desktop/foxy_ws/install/dwb_msgs/include/dwb_msgs/dwb_msgs/srv/detail/generate_twists__type_support.cpp
[5.911s] -- Up-to-date: /home/edwinooi/Desktop/foxy_ws/install/dwb_msgs/include/dwb_msgs/dwb_msgs/srv/detail/score_trajectory__type_support.cpp
[5.911s] -- Up-to-date: /home/edwinooi/Desktop/foxy_ws/install/dwb_msgs/include/dwb_msgs/dwb_msgs/srv/detail/score_trajectory__rosidl_typesupport_introspection_cpp.hpp
[5.911s] -- Up-to-date: /home/edwinooi/Desktop/foxy_ws/install/dwb_msgs/include/dwb_msgs/dwb_msgs/srv/detail/debug_local_plan__rosidl_typesupport_introspection_cpp.hpp
[5.911s] -- Up-to-date: /home/edwinooi/Desktop/foxy_ws/install/dwb_msgs/include/dwb_msgs/dwb_msgs/srv/detail/debug_local_plan__type_support.cpp
[5.912s] -- Up-to-date: /home/edwinooi/Desktop/foxy_ws/install/dwb_msgs/include/dwb_msgs/dwb_msgs/srv/detail/generate_trajectory__type_support.cpp
[5.912s] -- Up-to-date: /home/edwinooi/Desktop/foxy_ws/install/dwb_msgs/include/dwb_msgs/dwb_msgs/srv/detail/generate_twists__rosidl_typesupport_introspection_cpp.hpp
[5.912s] -- Up-to-date: /home/edwinooi/Desktop/foxy_ws/install/dwb_msgs/include/dwb_msgs/dwb_msgs/srv/detail/generate_trajectory__rosidl_typesupport_introspection_cpp.hpp
[5.912s] -- Up-to-date: /home/edwinooi/Desktop/foxy_ws/install/dwb_msgs/lib/libdwb_msgs__rosidl_typesupport_introspection_cpp.so
[5.912s] -- Up-to-date: /home/edwinooi/Desktop/foxy_ws/install/dwb_msgs/lib/libdwb_msgs__rosidl_typesupport_cpp.so
[5.993s] -- Up-to-date: /home/edwinooi/Desktop/foxy_ws/install/dwb_msgs/share/dwb_msgs/environment/pythonpath.sh
[5.993s] -- Up-to-date: /home/edwinooi/Desktop/foxy_ws/install/dwb_msgs/share/dwb_msgs/environment/pythonpath.dsv
[5.994s] -- Up-to-date: /home/edwinooi/Desktop/foxy_ws/install/dwb_msgs/local/lib/python3.10/dist-packages/dwb_msgs-1.1.15-py3.10.egg-info
[5.994s] -- Installing: /home/edwinooi/Desktop/foxy_ws/install/dwb_msgs/local/lib/python3.10/dist-packages/dwb_msgs-1.1.15-py3.10.egg-info/SOURCES.txt
[6.002s] -- Installing: /home/edwinooi/Desktop/foxy_ws/install/dwb_msgs/local/lib/python3.10/dist-packages/dwb_msgs-1.1.15-py3.10.egg-info/PKG-INFO
[6.027s] -- Installing: /home/edwinooi/Desktop/foxy_ws/install/dwb_msgs/local/lib/python3.10/dist-packages/dwb_msgs-1.1.15-py3.10.egg-info/top_level.txt
[6.056s] -- Installing: /home/edwinooi/Desktop/foxy_ws/install/dwb_msgs/local/lib/python3.10/dist-packages/dwb_msgs-1.1.15-py3.10.egg-info/dependency_links.txt
[6.057s] -- Up-to-date: /home/edwinooi/Desktop/foxy_ws/install/dwb_msgs/local/lib/python3.10/dist-packages/dwb_msgs
[6.057s] -- Up-to-date: /home/edwinooi/Desktop/foxy_ws/install/dwb_msgs/local/lib/python3.10/dist-packages/dwb_msgs/dwb_msgs_s__rosidl_typesupport_introspection_c.cpython-310-x86_64-linux-gnu.so
[6.057s] -- Up-to-date: /home/edwinooi/Desktop/foxy_ws/install/dwb_msgs/local/lib/python3.10/dist-packages/dwb_msgs/dwb_msgs_s__rosidl_typesupport_c.cpython-310-x86_64-linux-gnu.so
[6.057s] -- Up-to-date: /home/edwinooi/Desktop/foxy_ws/install/dwb_msgs/local/lib/python3.10/dist-packages/dwb_msgs/__init__.py
[6.057s] -- Up-to-date: /home/edwinooi/Desktop/foxy_ws/install/dwb_msgs/local/lib/python3.10/dist-packages/dwb_msgs/msg
[6.058s] -- Up-to-date: /home/edwinooi/Desktop/foxy_ws/install/dwb_msgs/local/lib/python3.10/dist-packages/dwb_msgs/msg/_trajectory_score_s.c
[6.058s] -- Up-to-date: /home/edwinooi/Desktop/foxy_ws/install/dwb_msgs/local/lib/python3.10/dist-packages/dwb_msgs/msg/_critic_score_s.c
[6.058s] -- Up-to-date: /home/edwinooi/Desktop/foxy_ws/install/dwb_msgs/local/lib/python3.10/dist-packages/dwb_msgs/msg/_trajectory_score.py
[6.058s] -- Up-to-date: /home/edwinooi/Desktop/foxy_ws/install/dwb_msgs/local/lib/python3.10/dist-packages/dwb_msgs/msg/__init__.py
[6.058s] -- Up-to-date: /home/edwinooi/Desktop/foxy_ws/install/dwb_msgs/local/lib/python3.10/dist-packages/dwb_msgs/msg/_trajectory2_d_s.c
[6.058s] -- Up-to-date: /home/edwinooi/Desktop/foxy_ws/install/dwb_msgs/local/lib/python3.10/dist-packages/dwb_msgs/msg/_critic_score.py
[6.058s] -- Up-to-date: /home/edwinooi/Desktop/foxy_ws/install/dwb_msgs/local/lib/python3.10/dist-packages/dwb_msgs/msg/_trajectory2_d.py
[6.059s] -- Up-to-date: /home/edwinooi/Desktop/foxy_ws/install/dwb_msgs/local/lib/python3.10/dist-packages/dwb_msgs/msg/_local_plan_evaluation_s.c
[6.059s] -- Up-to-date: /home/edwinooi/Desktop/foxy_ws/install/dwb_msgs/local/lib/python3.10/dist-packages/dwb_msgs/msg/_local_plan_evaluation.py
[6.059s] -- Up-to-date: /home/edwinooi/Desktop/foxy_ws/install/dwb_msgs/local/lib/python3.10/dist-packages/dwb_msgs/_dwb_msgs_s.ep.rosidl_typesupport_fastrtps_c.c
[6.059s] -- Up-to-date: /home/edwinooi/Desktop/foxy_ws/install/dwb_msgs/local/lib/python3.10/dist-packages/dwb_msgs/dwb_msgs_s__rosidl_typesupport_fastrtps_c.cpython-310-x86_64-linux-gnu.so
[6.059s] -- Up-to-date: /home/edwinooi/Desktop/foxy_ws/install/dwb_msgs/local/lib/python3.10/dist-packages/dwb_msgs/_dwb_msgs_s.ep.rosidl_typesupport_c.c
[6.059s] -- Up-to-date: /home/edwinooi/Desktop/foxy_ws/install/dwb_msgs/local/lib/python3.10/dist-packages/dwb_msgs/srv
[6.060s] -- Up-to-date: /home/edwinooi/Desktop/foxy_ws/install/dwb_msgs/local/lib/python3.10/dist-packages/dwb_msgs/srv/_generate_twists_s.c
[6.060s] -- Up-to-date: /home/edwinooi/Desktop/foxy_ws/install/dwb_msgs/local/lib/python3.10/dist-packages/dwb_msgs/srv/_get_critic_score_s.c
[6.060s] -- Up-to-date: /home/edwinooi/Desktop/foxy_ws/install/dwb_msgs/local/lib/python3.10/dist-packages/dwb_msgs/srv/_score_trajectory.py
[6.060s] -- Up-to-date: /home/edwinooi/Desktop/foxy_ws/install/dwb_msgs/local/lib/python3.10/dist-packages/dwb_msgs/srv/_generate_trajectory.py
[6.060s] -- Up-to-date: /home/edwinooi/Desktop/foxy_ws/install/dwb_msgs/local/lib/python3.10/dist-packages/dwb_msgs/srv/_score_trajectory_s.c
[6.060s] -- Up-to-date: /home/edwinooi/Desktop/foxy_ws/install/dwb_msgs/local/lib/python3.10/dist-packages/dwb_msgs/srv/__init__.py
[6.060s] -- Up-to-date: /home/edwinooi/Desktop/foxy_ws/install/dwb_msgs/local/lib/python3.10/dist-packages/dwb_msgs/srv/_generate_trajectory_s.c
[6.061s] -- Up-to-date: /home/edwinooi/Desktop/foxy_ws/install/dwb_msgs/local/lib/python3.10/dist-packages/dwb_msgs/srv/_debug_local_plan_s.c
[6.061s] -- Up-to-date: /home/edwinooi/Desktop/foxy_ws/install/dwb_msgs/local/lib/python3.10/dist-packages/dwb_msgs/srv/_generate_twists.py
[6.061s] -- Up-to-date: /home/edwinooi/Desktop/foxy_ws/install/dwb_msgs/local/lib/python3.10/dist-packages/dwb_msgs/srv/_debug_local_plan.py
[6.061s] -- Up-to-date: /home/edwinooi/Desktop/foxy_ws/install/dwb_msgs/local/lib/python3.10/dist-packages/dwb_msgs/srv/_get_critic_score.py
[6.061s] -- Up-to-date: /home/edwinooi/Desktop/foxy_ws/install/dwb_msgs/local/lib/python3.10/dist-packages/dwb_msgs/libdwb_msgs__rosidl_generator_py.so
[6.061s] -- Up-to-date: /home/edwinooi/Desktop/foxy_ws/install/dwb_msgs/local/lib/python3.10/dist-packages/dwb_msgs/_dwb_msgs_s.ep.rosidl_typesupport_introspection_c.c
[6.285s] Listing '/home/edwinooi/Desktop/foxy_ws/install/dwb_msgs/local/lib/python3.10/dist-packages/dwb_msgs'...
[6.285s] Listing '/home/edwinooi/Desktop/foxy_ws/install/dwb_msgs/local/lib/python3.10/dist-packages/dwb_msgs/msg'...
[6.285s] Listing '/home/edwinooi/Desktop/foxy_ws/install/dwb_msgs/local/lib/python3.10/dist-packages/dwb_msgs/srv'...
[6.286s] -- Up-to-date: /home/edwinooi/Desktop/foxy_ws/install/dwb_msgs/local/lib/python3.10/dist-packages/dwb_msgs/dwb_msgs_s__rosidl_typesupport_fastrtps_c.cpython-310-x86_64-linux-gnu.so
[6.286s] -- Up-to-date: /home/edwinooi/Desktop/foxy_ws/install/dwb_msgs/local/lib/python3.10/dist-packages/dwb_msgs/dwb_msgs_s__rosidl_typesupport_introspection_c.cpython-310-x86_64-linux-gnu.so
[6.286s] -- Up-to-date: /home/edwinooi/Desktop/foxy_ws/install/dwb_msgs/local/lib/python3.10/dist-packages/dwb_msgs/dwb_msgs_s__rosidl_typesupport_c.cpython-310-x86_64-linux-gnu.so
[6.286s] -- Up-to-date: /home/edwinooi/Desktop/foxy_ws/install/dwb_msgs/lib/libdwb_msgs__rosidl_generator_py.so
[6.286s] -- Up-to-date: /home/edwinooi/Desktop/foxy_ws/install/dwb_msgs/share/dwb_msgs/msg/CriticScore.idl
[6.287s] -- Up-to-date: /home/edwinooi/Desktop/foxy_ws/install/dwb_msgs/share/dwb_msgs/msg/LocalPlanEvaluation.idl
[6.287s] -- Up-to-date: /home/edwinooi/Desktop/foxy_ws/install/dwb_msgs/share/dwb_msgs/msg/Trajectory2D.idl
[6.287s] -- Up-to-date: /home/edwinooi/Desktop/foxy_ws/install/dwb_msgs/share/dwb_msgs/msg/TrajectoryScore.idl
[6.287s] -- Up-to-date: /home/edwinooi/Desktop/foxy_ws/install/dwb_msgs/share/dwb_msgs/srv/DebugLocalPlan.idl
[6.288s] -- Up-to-date: /home/edwinooi/Desktop/foxy_ws/install/dwb_msgs/share/dwb_msgs/srv/GenerateTrajectory.idl
[6.288s] -- Up-to-date: /home/edwinooi/Desktop/foxy_ws/install/dwb_msgs/share/dwb_msgs/srv/GenerateTwists.idl
[6.288s] -- Up-to-date: /home/edwinooi/Desktop/foxy_ws/install/dwb_msgs/share/dwb_msgs/srv/GetCriticScore.idl
[6.288s] -- Up-to-date: /home/edwinooi/Desktop/foxy_ws/install/dwb_msgs/share/dwb_msgs/srv/ScoreTrajectory.idl
[6.288s] -- Up-to-date: /home/edwinooi/Desktop/foxy_ws/install/dwb_msgs/share/dwb_msgs/msg/CriticScore.msg
[6.288s] -- Up-to-date: /home/edwinooi/Desktop/foxy_ws/install/dwb_msgs/share/dwb_msgs/msg/LocalPlanEvaluation.msg
[6.288s] -- Up-to-date: /home/edwinooi/Desktop/foxy_ws/install/dwb_msgs/share/dwb_msgs/msg/Trajectory2D.msg
[6.289s] -- Up-to-date: /home/edwinooi/Desktop/foxy_ws/install/dwb_msgs/share/dwb_msgs/msg/TrajectoryScore.msg
[6.289s] -- Up-to-date: /home/edwinooi/Desktop/foxy_ws/install/dwb_msgs/share/dwb_msgs/srv/DebugLocalPlan.srv
[6.289s] -- Up-to-date: /home/edwinooi/Desktop/foxy_ws/install/dwb_msgs/share/dwb_msgs/srv/DebugLocalPlan_Request.msg
[6.289s] -- Up-to-date: /home/edwinooi/Desktop/foxy_ws/install/dwb_msgs/share/dwb_msgs/srv/DebugLocalPlan_Response.msg
[6.289s] -- Up-to-date: /home/edwinooi/Desktop/foxy_ws/install/dwb_msgs/share/dwb_msgs/srv/GenerateTrajectory.srv
[6.289s] -- Up-to-date: /home/edwinooi/Desktop/foxy_ws/install/dwb_msgs/share/dwb_msgs/srv/GenerateTrajectory_Request.msg
[6.289s] -- Up-to-date: /home/edwinooi/Desktop/foxy_ws/install/dwb_msgs/share/dwb_msgs/srv/GenerateTrajectory_Response.msg
[6.290s] -- Up-to-date: /home/edwinooi/Desktop/foxy_ws/install/dwb_msgs/share/dwb_msgs/srv/GenerateTwists.srv
[6.290s] -- Up-to-date: /home/edwinooi/Desktop/foxy_ws/install/dwb_msgs/share/dwb_msgs/srv/GenerateTwists_Request.msg
[6.290s] -- Up-to-date: /home/edwinooi/Desktop/foxy_ws/install/dwb_msgs/share/dwb_msgs/srv/GenerateTwists_Response.msg
[6.290s] -- Up-to-date: /home/edwinooi/Desktop/foxy_ws/install/dwb_msgs/share/dwb_msgs/srv/GetCriticScore.srv
[6.290s] -- Up-to-date: /home/edwinooi/Desktop/foxy_ws/install/dwb_msgs/share/dwb_msgs/srv/GetCriticScore_Request.msg
[6.290s] -- Up-to-date: /home/edwinooi/Desktop/foxy_ws/install/dwb_msgs/share/dwb_msgs/srv/GetCriticScore_Response.msg
[6.291s] -- Up-to-date: /home/edwinooi/Desktop/foxy_ws/install/dwb_msgs/share/dwb_msgs/srv/ScoreTrajectory.srv
[6.333s] -- Up-to-date: /home/edwinooi/Desktop/foxy_ws/install/dwb_msgs/share/dwb_msgs/srv/ScoreTrajectory_Request.msg
[6.333s] -- Up-to-date: /home/edwinooi/Desktop/foxy_ws/install/dwb_msgs/share/dwb_msgs/srv/ScoreTrajectory_Response.msg
[6.333s] -- Up-to-date: /home/edwinooi/Desktop/foxy_ws/install/dwb_msgs/share/ament_index/resource_index/package_run_dependencies/dwb_msgs
[6.333s] -- Up-to-date: /home/edwinooi/Desktop/foxy_ws/install/dwb_msgs/share/ament_index/resource_index/parent_prefix_path/dwb_msgs
[6.333s] -- Up-to-date: /home/edwinooi/Desktop/foxy_ws/install/dwb_msgs/share/dwb_msgs/environment/ament_prefix_path.sh
[6.333s] -- Up-to-date: /home/edwinooi/Desktop/foxy_ws/install/dwb_msgs/share/dwb_msgs/environment/ament_prefix_path.dsv
[6.334s] -- Up-to-date: /home/edwinooi/Desktop/foxy_ws/install/dwb_msgs/share/dwb_msgs/environment/path.sh
[6.334s] -- Up-to-date: /home/edwinooi/Desktop/foxy_ws/install/dwb_msgs/share/dwb_msgs/environment/path.dsv
[6.334s] -- Up-to-date: /home/edwinooi/Desktop/foxy_ws/install/dwb_msgs/share/dwb_msgs/local_setup.bash
[6.334s] -- Up-to-date: /home/edwinooi/Desktop/foxy_ws/install/dwb_msgs/share/dwb_msgs/local_setup.sh
[6.334s] -- Up-to-date: /home/edwinooi/Desktop/foxy_ws/install/dwb_msgs/share/dwb_msgs/local_setup.zsh
[6.334s] -- Up-to-date: /home/edwinooi/Desktop/foxy_ws/install/dwb_msgs/share/dwb_msgs/local_setup.dsv
[6.334s] -- Installing: /home/edwinooi/Desktop/foxy_ws/install/dwb_msgs/share/dwb_msgs/package.dsv
[6.335s] -- Up-to-date: /home/edwinooi/Desktop/foxy_ws/install/dwb_msgs/share/ament_index/resource_index/packages/dwb_msgs
[6.335s] -- Up-to-date: /home/edwinooi/Desktop/foxy_ws/install/dwb_msgs/share/dwb_msgs/cmake/export_dwb_msgs__rosidl_generator_cExport.cmake
[6.335s] -- Up-to-date: /home/edwinooi/Desktop/foxy_ws/install/dwb_msgs/share/dwb_msgs/cmake/export_dwb_msgs__rosidl_generator_cExport-noconfig.cmake
[6.335s] -- Up-to-date: /home/edwinooi/Desktop/foxy_ws/install/dwb_msgs/share/dwb_msgs/cmake/export_dwb_msgs__rosidl_typesupport_fastrtps_cExport.cmake
[6.335s] -- Up-to-date: /home/edwinooi/Desktop/foxy_ws/install/dwb_msgs/share/dwb_msgs/cmake/export_dwb_msgs__rosidl_typesupport_fastrtps_cExport-noconfig.cmake
[6.335s] -- Up-to-date: /home/edwinooi/Desktop/foxy_ws/install/dwb_msgs/share/dwb_msgs/cmake/export_dwb_msgs__rosidl_generator_cppExport.cmake
[6.336s] -- Up-to-date: /home/edwinooi/Desktop/foxy_ws/install/dwb_msgs/share/dwb_msgs/cmake/export_dwb_msgs__rosidl_typesupport_fastrtps_cppExport.cmake
[6.336s] -- Up-to-date: /home/edwinooi/Desktop/foxy_ws/install/dwb_msgs/share/dwb_msgs/cmake/export_dwb_msgs__rosidl_typesupport_fastrtps_cppExport-noconfig.cmake
[6.336s] -- Up-to-date: /home/edwinooi/Desktop/foxy_ws/install/dwb_msgs/share/dwb_msgs/cmake/dwb_msgs__rosidl_typesupport_introspection_cExport.cmake
[6.336s] -- Up-to-date: /home/edwinooi/Desktop/foxy_ws/install/dwb_msgs/share/dwb_msgs/cmake/dwb_msgs__rosidl_typesupport_introspection_cExport-noconfig.cmake
[6.336s] -- Up-to-date: /home/edwinooi/Desktop/foxy_ws/install/dwb_msgs/share/dwb_msgs/cmake/dwb_msgs__rosidl_typesupport_cExport.cmake
[6.336s] -- Up-to-date: /home/edwinooi/Desktop/foxy_ws/install/dwb_msgs/share/dwb_msgs/cmake/dwb_msgs__rosidl_typesupport_cExport-noconfig.cmake
[6.337s] -- Up-to-date: /home/edwinooi/Desktop/foxy_ws/install/dwb_msgs/share/dwb_msgs/cmake/dwb_msgs__rosidl_typesupport_introspection_cppExport.cmake
[6.337s] -- Up-to-date: /home/edwinooi/Desktop/foxy_ws/install/dwb_msgs/share/dwb_msgs/cmake/dwb_msgs__rosidl_typesupport_introspection_cppExport-noconfig.cmake
[6.337s] -- Up-to-date: /home/edwinooi/Desktop/foxy_ws/install/dwb_msgs/share/dwb_msgs/cmake/dwb_msgs__rosidl_typesupport_cppExport.cmake
[6.337s] -- Up-to-date: /home/edwinooi/Desktop/foxy_ws/install/dwb_msgs/share/dwb_msgs/cmake/dwb_msgs__rosidl_typesupport_cppExport-noconfig.cmake
[6.337s] -- Up-to-date: /home/edwinooi/Desktop/foxy_ws/install/dwb_msgs/share/dwb_msgs/cmake/export_dwb_msgs__rosidl_generator_pyExport.cmake
[6.338s] -- Up-to-date: /home/edwinooi/Desktop/foxy_ws/install/dwb_msgs/share/dwb_msgs/cmake/export_dwb_msgs__rosidl_generator_pyExport-noconfig.cmake
[6.338s] -- Up-to-date: /home/edwinooi/Desktop/foxy_ws/install/dwb_msgs/share/dwb_msgs/cmake/rosidl_cmake-extras.cmake
[6.338s] -- Up-to-date: /home/edwinooi/Desktop/foxy_ws/install/dwb_msgs/share/dwb_msgs/cmake/ament_cmake_export_dependencies-extras.cmake
[6.338s] -- Up-to-date: /home/edwinooi/Desktop/foxy_ws/install/dwb_msgs/share/dwb_msgs/cmake/ament_cmake_export_include_directories-extras.cmake
[6.338s] -- Up-to-date: /home/edwinooi/Desktop/foxy_ws/install/dwb_msgs/share/dwb_msgs/cmake/ament_cmake_export_libraries-extras.cmake
[6.338s] -- Up-to-date: /home/edwinooi/Desktop/foxy_ws/install/dwb_msgs/share/dwb_msgs/cmake/ament_cmake_export_targets-extras.cmake
[6.339s] -- Up-to-date: /home/edwinooi/Desktop/foxy_ws/install/dwb_msgs/share/dwb_msgs/cmake/rosidl_cmake_export_typesupport_targets-extras.cmake
[6.339s] -- Up-to-date: /home/edwinooi/Desktop/foxy_ws/install/dwb_msgs/share/dwb_msgs/cmake/rosidl_cmake_export_typesupport_libraries-extras.cmake
[6.339s] -- Up-to-date: /home/edwinooi/Desktop/foxy_ws/install/dwb_msgs/share/dwb_msgs/cmake/dwb_msgsConfig.cmake
[6.339s] -- Up-to-date: /home/edwinooi/Desktop/foxy_ws/install/dwb_msgs/share/dwb_msgs/cmake/dwb_msgsConfig-version.cmake
[6.340s] -- Up-to-date: /home/edwinooi/Desktop/foxy_ws/install/dwb_msgs/share/dwb_msgs/package.xml
[6.871s] Invoked command in '/home/edwinooi/Desktop/foxy_ws/build/dwb_msgs' returned '0': AMENT_PREFIX_PATH=/home/edwinooi/Desktop/foxy_ws/install/nav_2d_msgs:${AMENT_PREFIX_PATH} CMAKE_PREFIX_PATH=/home/edwinooi/Desktop/foxy_ws/install/nav_2d_msgs:/home/edwinooi/Desktop/emanual/install/turtlebot3_simulations:/home/edwinooi/Desktop/emanual/install/turtlebot3_gazebo:/home/edwinooi/Desktop/emanual/install/turtlebot3_fake_node:/home/edwinooi/Desktop/emanual/install/ros2_aruco_interfaces:/home/edwinooi/Desktop/emanual/install/ros2_aruco:/opt/ros/humble LD_LIBRARY_PATH=/home/edwinooi/Desktop/foxy_ws/install/nav_2d_msgs/lib:${LD_LIBRARY_PATH} PYTHONPATH=/home/edwinooi/Desktop/foxy_ws/install/nav_2d_msgs/local/lib/python3.10/dist-packages:${PYTHONPATH} /usr/bin/cmake --install /home/edwinooi/Desktop/foxy_ws/build/dwb_msgs
