[0.258s] Invoking command in '/home/edwinooi/Desktop/foxy_ws/build/dwb_msgs': AMENT_PREFIX_PATH=/home/edwinooi/Desktop/foxy_ws/install/nav_2d_msgs:${AMENT_PREFIX_PATH} CMAKE_PREFIX_PATH=/home/edwinooi/Desktop/foxy_ws/install/nav_2d_msgs:/home/edwinooi/Desktop/emanual/install/turtlebot3_simulations:/home/edwinooi/Desktop/emanual/install/turtlebot3_gazebo:/home/edwinooi/Desktop/emanual/install/turtlebot3_fake_node:/home/edwinooi/Desktop/emanual/install/ros2_aruco_interfaces:/home/edwinooi/Desktop/emanual/install/ros2_aruco:/opt/ros/humble LD_LIBRARY_PATH=/home/edwinooi/Desktop/foxy_ws/install/nav_2d_msgs/lib:${LD_LIBRARY_PATH} PYTHONPATH=/home/edwinooi/Desktop/foxy_ws/install/nav_2d_msgs/local/lib/python3.10/dist-packages:${PYTHONPATH} /usr/bin/cmake --build /home/edwinooi/Desktop/foxy_ws/build/dwb_msgs -- -j4 -l4
[0.645s] [  1%] Built target dwb_msgs__cpp
[0.652s] [  1%] Built target ament_cmake_python_copy_dwb_msgs
[0.687s] [ 12%] Built target dwb_msgs__rosidl_generator_c
[0.840s] [ 24%] Built target dwb_msgs__rosidl_typesupport_introspection_cpp
[2.049s] running egg_info
[2.049s] writing dwb_msgs.egg-info/PKG-INFO
[2.049s] writing dependency_links to dwb_msgs.egg-info/dependency_links.txt
[2.051s] writing top-level names to dwb_msgs.egg-info/top_level.txt
[2.065s] reading manifest file 'dwb_msgs.egg-info/SOURCES.txt'
[2.065s] writing manifest file 'dwb_msgs.egg-info/SOURCES.txt'
[2.163s] [ 24%] Built target ament_cmake_python_build_dwb_msgs_egg
[2.305s] [ 35%] Built target dwb_msgs__rosidl_typesupport_fastrtps_c
[2.385s] [ 47%] Built target dwb_msgs__rosidl_typesupport_introspection_c
[2.497s] [ 58%] Built target dwb_msgs__rosidl_typesupport_c
[2.709s] [ 70%] Built target dwb_msgs__rosidl_typesupport_fastrtps_cpp
[2.896s] [ 82%] Built target dwb_msgs__rosidl_typesupport_cpp
[2.995s] [ 82%] Built target dwb_msgs
[3.097s] [ 83%] Built target dwb_msgs__py
[3.266s] [ 93%] Built target dwb_msgs__rosidl_generator_py
[3.368s] [ 95%] Built target dwb_msgs__rosidl_typesupport_fastrtps_c__pyext
[3.490s] [ 97%] Built target dwb_msgs__rosidl_typesupport_c__pyext
[3.614s] [100%] Built target dwb_msgs__rosidl_typesupport_introspection_c__pyext
[4.758s] Invoked command in '/home/edwinooi/Desktop/foxy_ws/build/dwb_msgs' returned '0': AMENT_PREFIX_PATH=/home/edwinooi/Desktop/foxy_ws/install/nav_2d_msgs:${AMENT_PREFIX_PATH} CMAKE_PREFIX_PATH=/home/edwinooi/Desktop/foxy_ws/install/nav_2d_msgs:/home/edwinooi/Desktop/emanual/install/turtlebot3_simulations:/home/edwinooi/Desktop/emanual/install/turtlebot3_gazebo:/home/edwinooi/Desktop/emanual/install/turtlebot3_fake_node:/home/edwinooi/Desktop/emanual/install/ros2_aruco_interfaces:/home/edwinooi/Desktop/emanual/install/ros2_aruco:/opt/ros/humble LD_LIBRARY_PATH=/home/edwinooi/Desktop/foxy_ws/install/nav_2d_msgs/lib:${LD_LIBRARY_PATH} PYTHONPATH=/home/edwinooi/Desktop/foxy_ws/install/nav_2d_msgs/local/lib/python3.10/dist-packages:${PYTHONPATH} /usr/bin/cmake --build /home/edwinooi/Desktop/foxy_ws/build/dwb_msgs -- -j4 -l4
[6.714s] Invoking command in '/home/edwinooi/Desktop/foxy_ws/build/dwb_msgs': AMENT_PREFIX_PATH=/home/edwinooi/Desktop/foxy_ws/install/nav_2d_msgs:${AMENT_PREFIX_PATH} CMAKE_PREFIX_PATH=/home/edwinooi/Desktop/foxy_ws/install/nav_2d_msgs:/home/edwinooi/Desktop/emanual/install/turtlebot3_simulations:/home/edwinooi/Desktop/emanual/install/turtlebot3_gazebo:/home/edwinooi/Desktop/emanual/install/turtlebot3_fake_node:/home/edwinooi/Desktop/emanual/install/ros2_aruco_interfaces:/home/edwinooi/Desktop/emanual/install/ros2_aruco:/opt/ros/humble LD_LIBRARY_PATH=/home/edwinooi/Desktop/foxy_ws/install/nav_2d_msgs/lib:${LD_LIBRARY_PATH} PYTHONPATH=/home/edwinooi/Desktop/foxy_ws/install/nav_2d_msgs/local/lib/python3.10/dist-packages:${PYTHONPATH} /usr/bin/cmake --install /home/edwinooi/Desktop/foxy_ws/build/dwb_msgs
[6.770s] -- Install configuration: ""
[6.773s] -- Up-to-date: /home/edwinooi/Desktop/foxy_ws/install/dwb_msgs/share/ament_index/resource_index/rosidl_interfaces/dwb_msgs
[6.774s] -- Up-to-date: /home/edwinooi/Desktop/foxy_ws/install/dwb_msgs/include/dwb_msgs/dwb_msgs
[6.774s] -- Up-to-date: /home/edwinooi/Desktop/foxy_ws/install/dwb_msgs/include/dwb_msgs/dwb_msgs/msg
[6.775s] -- Up-to-date: /home/edwinooi/Desktop/foxy_ws/install/dwb_msgs/include/dwb_msgs/dwb_msgs/msg/trajectory2_d.h
[6.775s] -- Up-to-date: /home/edwinooi/Desktop/foxy_ws/install/dwb_msgs/include/dwb_msgs/dwb_msgs/msg/local_plan_evaluation.h
[6.775s] -- Up-to-date: /home/edwinooi/Desktop/foxy_ws/install/dwb_msgs/include/dwb_msgs/dwb_msgs/msg/trajectory_score.h
[6.775s] -- Up-to-date: /home/edwinooi/Desktop/foxy_ws/install/dwb_msgs/include/dwb_msgs/dwb_msgs/msg/rosidl_generator_c__visibility_control.h
[6.775s] -- Up-to-date: /home/edwinooi/Desktop/foxy_ws/install/dwb_msgs/include/dwb_msgs/dwb_msgs/msg/detail
[6.775s] -- Up-to-date: /home/edwinooi/Desktop/foxy_ws/install/dwb_msgs/include/dwb_msgs/dwb_msgs/msg/detail/trajectory2_d__functions.h
[6.775s] -- Up-to-date: /home/edwinooi/Desktop/foxy_ws/install/dwb_msgs/include/dwb_msgs/dwb_msgs/msg/detail/critic_score__type_support.h
[6.776s] -- Up-to-date: /home/edwinooi/Desktop/foxy_ws/install/dwb_msgs/include/dwb_msgs/dwb_msgs/msg/detail/local_plan_evaluation__struct.h
[6.776s] -- Up-to-date: /home/edwinooi/Desktop/foxy_ws/install/dwb_msgs/include/dwb_msgs/dwb_msgs/msg/detail/trajectory_score__functions.h
[6.776s] -- Up-to-date: /home/edwinooi/Desktop/foxy_ws/install/dwb_msgs/include/dwb_msgs/dwb_msgs/msg/detail/trajectory2_d__struct.h
[6.776s] -- Up-to-date: /home/edwinooi/Desktop/foxy_ws/install/dwb_msgs/include/dwb_msgs/dwb_msgs/msg/detail/local_plan_evaluation__type_support.h
[6.776s] -- Up-to-date: /home/edwinooi/Desktop/foxy_ws/install/dwb_msgs/include/dwb_msgs/dwb_msgs/msg/detail/trajectory2_d__functions.c
[6.776s] -- Up-to-date: /home/edwinooi/Desktop/foxy_ws/install/dwb_msgs/include/dwb_msgs/dwb_msgs/msg/detail/critic_score__functions.h
[6.776s] -- Up-to-date: /home/edwinooi/Desktop/foxy_ws/install/dwb_msgs/include/dwb_msgs/dwb_msgs/msg/detail/critic_score__functions.c
[6.776s] -- Up-to-date: /home/edwinooi/Desktop/foxy_ws/install/dwb_msgs/include/dwb_msgs/dwb_msgs/msg/detail/local_plan_evaluation__functions.c
[6.777s] -- Up-to-date: /home/edwinooi/Desktop/foxy_ws/install/dwb_msgs/include/dwb_msgs/dwb_msgs/msg/detail/trajectory_score__type_support.h
[6.777s] -- Up-to-date: /home/edwinooi/Desktop/foxy_ws/install/dwb_msgs/include/dwb_msgs/dwb_msgs/msg/detail/local_plan_evaluation__functions.h
[6.777s] -- Up-to-date: /home/edwinooi/Desktop/foxy_ws/install/dwb_msgs/include/dwb_msgs/dwb_msgs/msg/detail/trajectory_score__struct.h
[6.777s] -- Up-to-date: /home/edwinooi/Desktop/foxy_ws/install/dwb_msgs/include/dwb_msgs/dwb_msgs/msg/detail/critic_score__struct.h
[6.777s] -- Up-to-date: /home/edwinooi/Desktop/foxy_ws/install/dwb_msgs/include/dwb_msgs/dwb_msgs/msg/detail/trajectory2_d__type_support.h
[6.777s] -- Up-to-date: /home/edwinooi/Desktop/foxy_ws/install/dwb_msgs/include/dwb_msgs/dwb_msgs/msg/detail/trajectory_score__functions.c
[6.778s] -- Up-to-date: /home/edwinooi/Desktop/foxy_ws/install/dwb_msgs/include/dwb_msgs/dwb_msgs/msg/critic_score.h
[6.778s] -- Up-to-date: /home/edwinooi/Desktop/foxy_ws/install/dwb_msgs/include/dwb_msgs/dwb_msgs/srv
[6.778s] -- Up-to-date: /home/edwinooi/Desktop/foxy_ws/install/dwb_msgs/include/dwb_msgs/dwb_msgs/srv/score_trajectory.h
[6.778s] -- Up-to-date: /home/edwinooi/Desktop/foxy_ws/install/dwb_msgs/include/dwb_msgs/dwb_msgs/srv/debug_local_plan.h
[6.778s] -- Up-to-date: /home/edwinooi/Desktop/foxy_ws/install/dwb_msgs/include/dwb_msgs/dwb_msgs/srv/detail
[6.778s] -- Up-to-date: /home/edwinooi/Desktop/foxy_ws/install/dwb_msgs/include/dwb_msgs/dwb_msgs/srv/detail/score_trajectory__type_support.h
[6.778s] -- Up-to-date: /home/edwinooi/Desktop/foxy_ws/install/dwb_msgs/include/dwb_msgs/dwb_msgs/srv/detail/score_trajectory__functions.c
[6.779s] -- Up-to-date: /home/edwinooi/Desktop/foxy_ws/install/dwb_msgs/include/dwb_msgs/dwb_msgs/srv/detail/get_critic_score__functions.h
[6.779s] -- Up-to-date: /home/edwinooi/Desktop/foxy_ws/install/dwb_msgs/include/dwb_msgs/dwb_msgs/srv/detail/debug_local_plan__functions.c
[6.779s] -- Up-to-date: /home/edwinooi/Desktop/foxy_ws/install/dwb_msgs/include/dwb_msgs/dwb_msgs/srv/detail/generate_twists__functions.h
[6.779s] -- Up-to-date: /home/edwinooi/Desktop/foxy_ws/install/dwb_msgs/include/dwb_msgs/dwb_msgs/srv/detail/generate_trajectory__functions.c
[6.779s] -- Up-to-date: /home/edwinooi/Desktop/foxy_ws/install/dwb_msgs/include/dwb_msgs/dwb_msgs/srv/detail/get_critic_score__type_support.h
[6.779s] -- Up-to-date: /home/edwinooi/Desktop/foxy_ws/install/dwb_msgs/include/dwb_msgs/dwb_msgs/srv/detail/debug_local_plan__type_support.h
[6.779s] -- Up-to-date: /home/edwinooi/Desktop/foxy_ws/install/dwb_msgs/include/dwb_msgs/dwb_msgs/srv/detail/get_critic_score__functions.c
[6.779s] -- Up-to-date: /home/edwinooi/Desktop/foxy_ws/install/dwb_msgs/include/dwb_msgs/dwb_msgs/srv/detail/get_critic_score__struct.h
[6.779s] -- Up-to-date: /home/edwinooi/Desktop/foxy_ws/install/dwb_msgs/include/dwb_msgs/dwb_msgs/srv/detail/debug_local_plan__functions.h
[6.780s] -- Up-to-date: /home/edwinooi/Desktop/foxy_ws/install/dwb_msgs/include/dwb_msgs/dwb_msgs/srv/detail/score_trajectory__functions.h
[6.780s] -- Up-to-date: /home/edwinooi/Desktop/foxy_ws/install/dwb_msgs/include/dwb_msgs/dwb_msgs/srv/detail/generate_twists__functions.c
[6.780s] -- Up-to-date: /home/edwinooi/Desktop/foxy_ws/install/dwb_msgs/include/dwb_msgs/dwb_msgs/srv/detail/generate_twists__struct.h
[6.780s] -- Up-to-date: /home/edwinooi/Desktop/foxy_ws/install/dwb_msgs/include/dwb_msgs/dwb_msgs/srv/detail/generate_twists__type_support.h
[6.780s] -- Up-to-date: /home/edwinooi/Desktop/foxy_ws/install/dwb_msgs/include/dwb_msgs/dwb_msgs/srv/detail/generate_trajectory__struct.h
[6.780s] -- Up-to-date: /home/edwinooi/Desktop/foxy_ws/install/dwb_msgs/include/dwb_msgs/dwb_msgs/srv/detail/debug_local_plan__struct.h
[6.780s] -- Up-to-date: /home/edwinooi/Desktop/foxy_ws/install/dwb_msgs/include/dwb_msgs/dwb_msgs/srv/detail/generate_trajectory__functions.h
[6.780s] -- Up-to-date: /home/edwinooi/Desktop/foxy_ws/install/dwb_msgs/include/dwb_msgs/dwb_msgs/srv/detail/generate_trajectory__type_support.h
[6.781s] -- Up-to-date: /home/edwinooi/Desktop/foxy_ws/install/dwb_msgs/include/dwb_msgs/dwb_msgs/srv/detail/score_trajectory__struct.h
[6.781s] -- Up-to-date: /home/edwinooi/Desktop/foxy_ws/install/dwb_msgs/include/dwb_msgs/dwb_msgs/srv/generate_twists.h
[6.781s] -- Up-to-date: /home/edwinooi/Desktop/foxy_ws/install/dwb_msgs/include/dwb_msgs/dwb_msgs/srv/generate_trajectory.h
[6.781s] -- Up-to-date: /home/edwinooi/Desktop/foxy_ws/install/dwb_msgs/include/dwb_msgs/dwb_msgs/srv/get_critic_score.h
[6.781s] -- Up-to-date: /home/edwinooi/Desktop/foxy_ws/install/dwb_msgs/share/dwb_msgs/environment/library_path.sh
[6.781s] -- Up-to-date: /home/edwinooi/Desktop/foxy_ws/install/dwb_msgs/share/dwb_msgs/environment/library_path.dsv
[6.781s] -- Up-to-date: /home/edwinooi/Desktop/foxy_ws/install/dwb_msgs/lib/libdwb_msgs__rosidl_generator_c.so
[6.793s] -- Up-to-date: /home/edwinooi/Desktop/foxy_ws/install/dwb_msgs/include/dwb_msgs/dwb_msgs
[6.793s] -- Up-to-date: /home/edwinooi/Desktop/foxy_ws/install/dwb_msgs/include/dwb_msgs/dwb_msgs/msg
[6.794s] -- Up-to-date: /home/edwinooi/Desktop/foxy_ws/install/dwb_msgs/include/dwb_msgs/dwb_msgs/msg/rosidl_typesupport_fastrtps_c__visibility_control.h
[6.794s] -- Up-to-date: /home/edwinooi/Desktop/foxy_ws/install/dwb_msgs/include/dwb_msgs/dwb_msgs/msg/detail
[6.794s] -- Up-to-date: /home/edwinooi/Desktop/foxy_ws/install/dwb_msgs/include/dwb_msgs/dwb_msgs/msg/detail/local_plan_evaluation__rosidl_typesupport_fastrtps_c.h
[6.794s] -- Up-to-date: /home/edwinooi/Desktop/foxy_ws/install/dwb_msgs/include/dwb_msgs/dwb_msgs/msg/detail/trajectory_score__rosidl_typesupport_fastrtps_c.h
[6.794s] -- Up-to-date: /home/edwinooi/Desktop/foxy_ws/install/dwb_msgs/include/dwb_msgs/dwb_msgs/msg/detail/trajectory2_d__rosidl_typesupport_fastrtps_c.h
[6.795s] -- Up-to-date: /home/edwinooi/Desktop/foxy_ws/install/dwb_msgs/include/dwb_msgs/dwb_msgs/msg/detail/critic_score__rosidl_typesupport_fastrtps_c.h
[6.795s] -- Up-to-date: /home/edwinooi/Desktop/foxy_ws/install/dwb_msgs/include/dwb_msgs/dwb_msgs/srv
[6.795s] -- Up-to-date: /home/edwinooi/Desktop/foxy_ws/install/dwb_msgs/include/dwb_msgs/dwb_msgs/srv/detail
[6.795s] -- Up-to-date: /home/edwinooi/Desktop/foxy_ws/install/dwb_msgs/include/dwb_msgs/dwb_msgs/srv/detail/debug_local_plan__rosidl_typesupport_fastrtps_c.h
[6.795s] -- Up-to-date: /home/edwinooi/Desktop/foxy_ws/install/dwb_msgs/include/dwb_msgs/dwb_msgs/srv/detail/score_trajectory__rosidl_typesupport_fastrtps_c.h
[6.796s] -- Up-to-date: /home/edwinooi/Desktop/foxy_ws/install/dwb_msgs/include/dwb_msgs/dwb_msgs/srv/detail/generate_trajectory__rosidl_typesupport_fastrtps_c.h
[6.796s] -- Up-to-date: /home/edwinooi/Desktop/foxy_ws/install/dwb_msgs/include/dwb_msgs/dwb_msgs/srv/detail/generate_twists__rosidl_typesupport_fastrtps_c.h
[6.796s] -- Up-to-date: /home/edwinooi/Desktop/foxy_ws/install/dwb_msgs/include/dwb_msgs/dwb_msgs/srv/detail/get_critic_score__rosidl_typesupport_fastrtps_c.h
[6.805s] -- Up-to-date: /home/edwinooi/Desktop/foxy_ws/install/dwb_msgs/lib/libdwb_msgs__rosidl_typesupport_fastrtps_c.so
[6.806s] -- Up-to-date: /home/edwinooi/Desktop/foxy_ws/install/dwb_msgs/include/dwb_msgs/dwb_msgs
[6.806s] -- Up-to-date: /home/edwinooi/Desktop/foxy_ws/install/dwb_msgs/include/dwb_msgs/dwb_msgs/msg
[6.806s] -- Up-to-date: /home/edwinooi/Desktop/foxy_ws/install/dwb_msgs/include/dwb_msgs/dwb_msgs/msg/trajectory2_d.hpp
[6.806s] -- Up-to-date: /home/edwinooi/Desktop/foxy_ws/install/dwb_msgs/include/dwb_msgs/dwb_msgs/msg/trajectory_score.hpp
[6.806s] -- Up-to-date: /home/edwinooi/Desktop/foxy_ws/install/dwb_msgs/include/dwb_msgs/dwb_msgs/msg/critic_score.hpp
[6.806s] -- Up-to-date: /home/edwinooi/Desktop/foxy_ws/install/dwb_msgs/include/dwb_msgs/dwb_msgs/msg/detail
[6.806s] -- Up-to-date: /home/edwinooi/Desktop/foxy_ws/install/dwb_msgs/include/dwb_msgs/dwb_msgs/msg/detail/local_plan_evaluation__traits.hpp
[6.807s] -- Up-to-date: /home/edwinooi/Desktop/foxy_ws/install/dwb_msgs/include/dwb_msgs/dwb_msgs/msg/detail/trajectory2_d__builder.hpp
[6.807s] -- Up-to-date: /home/edwinooi/Desktop/foxy_ws/install/dwb_msgs/include/dwb_msgs/dwb_msgs/msg/detail/trajectory_score__builder.hpp
[6.807s] -- Up-to-date: /home/edwinooi/Desktop/foxy_ws/install/dwb_msgs/include/dwb_msgs/dwb_msgs/msg/detail/critic_score__struct.hpp
[6.807s] -- Up-to-date: /home/edwinooi/Desktop/foxy_ws/install/dwb_msgs/include/dwb_msgs/dwb_msgs/msg/detail/local_plan_evaluation__builder.hpp
[6.807s] -- Up-to-date: /home/edwinooi/Desktop/foxy_ws/install/dwb_msgs/include/dwb_msgs/dwb_msgs/msg/detail/critic_score__builder.hpp
[6.807s] -- Up-to-date: /home/edwinooi/Desktop/foxy_ws/install/dwb_msgs/include/dwb_msgs/dwb_msgs/msg/detail/trajectory_score__struct.hpp
[6.807s] -- Up-to-date: /home/edwinooi/Desktop/foxy_ws/install/dwb_msgs/include/dwb_msgs/dwb_msgs/msg/detail/critic_score__traits.hpp
[6.807s] -- Up-to-date: /home/edwinooi/Desktop/foxy_ws/install/dwb_msgs/include/dwb_msgs/dwb_msgs/msg/detail/trajectory2_d__traits.hpp
[6.808s] -- Up-to-date: /home/edwinooi/Desktop/foxy_ws/install/dwb_msgs/include/dwb_msgs/dwb_msgs/msg/detail/trajectory2_d__struct.hpp
[6.808s] -- Up-to-date: /home/edwinooi/Desktop/foxy_ws/install/dwb_msgs/include/dwb_msgs/dwb_msgs/msg/detail/trajectory_score__traits.hpp
[6.808s] -- Up-to-date: /home/edwinooi/Desktop/foxy_ws/install/dwb_msgs/include/dwb_msgs/dwb_msgs/msg/detail/local_plan_evaluation__struct.hpp
[6.808s] -- Up-to-date: /home/edwinooi/Desktop/foxy_ws/install/dwb_msgs/include/dwb_msgs/dwb_msgs/msg/local_plan_evaluation.hpp
[6.813s] -- Up-to-date: /home/edwinooi/Desktop/foxy_ws/install/dwb_msgs/include/dwb_msgs/dwb_msgs/srv
[6.814s] -- Up-to-date: /home/edwinooi/Desktop/foxy_ws/install/dwb_msgs/include/dwb_msgs/dwb_msgs/srv/generate_twists.hpp
[6.814s] -- Up-to-date: /home/edwinooi/Desktop/foxy_ws/install/dwb_msgs/include/dwb_msgs/dwb_msgs/srv/detail
[6.814s] -- Up-to-date: /home/edwinooi/Desktop/foxy_ws/install/dwb_msgs/include/dwb_msgs/dwb_msgs/srv/detail/generate_trajectory__builder.hpp
[6.814s] -- Up-to-date: /home/edwinooi/Desktop/foxy_ws/install/dwb_msgs/include/dwb_msgs/dwb_msgs/srv/detail/generate_twists__struct.hpp
[6.814s] -- Up-to-date: /home/edwinooi/Desktop/foxy_ws/install/dwb_msgs/include/dwb_msgs/dwb_msgs/srv/detail/score_trajectory__traits.hpp
[6.814s] -- Up-to-date: /home/edwinooi/Desktop/foxy_ws/install/dwb_msgs/include/dwb_msgs/dwb_msgs/srv/detail/score_trajectory__builder.hpp
[6.814s] -- Up-to-date: /home/edwinooi/Desktop/foxy_ws/install/dwb_msgs/include/dwb_msgs/dwb_msgs/srv/detail/debug_local_plan__struct.hpp
[6.815s] -- Up-to-date: /home/edwinooi/Desktop/foxy_ws/install/dwb_msgs/include/dwb_msgs/dwb_msgs/srv/detail/get_critic_score__struct.hpp
[6.815s] -- Up-to-date: /home/edwinooi/Desktop/foxy_ws/install/dwb_msgs/include/dwb_msgs/dwb_msgs/srv/detail/generate_trajectory__traits.hpp
[6.815s] -- Up-to-date: /home/edwinooi/Desktop/foxy_ws/install/dwb_msgs/include/dwb_msgs/dwb_msgs/srv/detail/debug_local_plan__builder.hpp
[6.815s] -- Up-to-date: /home/edwinooi/Desktop/foxy_ws/install/dwb_msgs/include/dwb_msgs/dwb_msgs/srv/detail/get_critic_score__builder.hpp
[6.815s] -- Up-to-date: /home/edwinooi/Desktop/foxy_ws/install/dwb_msgs/include/dwb_msgs/dwb_msgs/srv/detail/score_trajectory__struct.hpp
[6.815s] -- Up-to-date: /home/edwinooi/Desktop/foxy_ws/install/dwb_msgs/include/dwb_msgs/dwb_msgs/srv/detail/get_critic_score__traits.hpp
[6.815s] -- Up-to-date: /home/edwinooi/Desktop/foxy_ws/install/dwb_msgs/include/dwb_msgs/dwb_msgs/srv/detail/generate_twists__traits.hpp
[6.816s] -- Up-to-date: /home/edwinooi/Desktop/foxy_ws/install/dwb_msgs/include/dwb_msgs/dwb_msgs/srv/detail/generate_trajectory__struct.hpp
[6.816s] -- Up-to-date: /home/edwinooi/Desktop/foxy_ws/install/dwb_msgs/include/dwb_msgs/dwb_msgs/srv/detail/debug_local_plan__traits.hpp
[6.816s] -- Up-to-date: /home/edwinooi/Desktop/foxy_ws/install/dwb_msgs/include/dwb_msgs/dwb_msgs/srv/detail/generate_twists__builder.hpp
[6.829s] -- Up-to-date: /home/edwinooi/Desktop/foxy_ws/install/dwb_msgs/include/dwb_msgs/dwb_msgs/srv/debug_local_plan.hpp
[6.829s] -- Up-to-date: /home/edwinooi/Desktop/foxy_ws/install/dwb_msgs/include/dwb_msgs/dwb_msgs/srv/score_trajectory.hpp
[6.830s] -- Up-to-date: /home/edwinooi/Desktop/foxy_ws/install/dwb_msgs/include/dwb_msgs/dwb_msgs/srv/generate_trajectory.hpp
[6.830s] -- Up-to-date: /home/edwinooi/Desktop/foxy_ws/install/dwb_msgs/include/dwb_msgs/dwb_msgs/srv/get_critic_score.hpp
[6.830s] -- Up-to-date: /home/edwinooi/Desktop/foxy_ws/install/dwb_msgs/include/dwb_msgs/dwb_msgs
[6.830s] -- Up-to-date: /home/edwinooi/Desktop/foxy_ws/install/dwb_msgs/include/dwb_msgs/dwb_msgs/msg
[6.830s] -- Up-to-date: /home/edwinooi/Desktop/foxy_ws/install/dwb_msgs/include/dwb_msgs/dwb_msgs/msg/rosidl_typesupport_fastrtps_cpp__visibility_control.h
[6.830s] -- Up-to-date: /home/edwinooi/Desktop/foxy_ws/install/dwb_msgs/include/dwb_msgs/dwb_msgs/msg/detail
[6.830s] -- Up-to-date: /home/edwinooi/Desktop/foxy_ws/install/dwb_msgs/include/dwb_msgs/dwb_msgs/msg/detail/trajectory2_d__rosidl_typesupport_fastrtps_cpp.hpp
[6.830s] -- Up-to-date: /home/edwinooi/Desktop/foxy_ws/install/dwb_msgs/include/dwb_msgs/dwb_msgs/msg/detail/dds_fastrtps
[6.830s] -- Up-to-date: /home/edwinooi/Desktop/foxy_ws/install/dwb_msgs/include/dwb_msgs/dwb_msgs/msg/detail/local_plan_evaluation__rosidl_typesupport_fastrtps_cpp.hpp
[6.831s] -- Up-to-date: /home/edwinooi/Desktop/foxy_ws/install/dwb_msgs/include/dwb_msgs/dwb_msgs/msg/detail/trajectory_score__rosidl_typesupport_fastrtps_cpp.hpp
[6.831s] -- Up-to-date: /home/edwinooi/Desktop/foxy_ws/install/dwb_msgs/include/dwb_msgs/dwb_msgs/msg/detail/critic_score__rosidl_typesupport_fastrtps_cpp.hpp
[6.831s] -- Up-to-date: /home/edwinooi/Desktop/foxy_ws/install/dwb_msgs/include/dwb_msgs/dwb_msgs/srv
[6.831s] -- Up-to-date: /home/edwinooi/Desktop/foxy_ws/install/dwb_msgs/include/dwb_msgs/dwb_msgs/srv/detail
[6.831s] -- Up-to-date: /home/edwinooi/Desktop/foxy_ws/install/dwb_msgs/include/dwb_msgs/dwb_msgs/srv/detail/generate_twists__rosidl_typesupport_fastrtps_cpp.hpp
[6.831s] -- Up-to-date: /home/edwinooi/Desktop/foxy_ws/install/dwb_msgs/include/dwb_msgs/dwb_msgs/srv/detail/generate_trajectory__rosidl_typesupport_fastrtps_cpp.hpp
[6.831s] -- Up-to-date: /home/edwinooi/Desktop/foxy_ws/install/dwb_msgs/include/dwb_msgs/dwb_msgs/srv/detail/get_critic_score__rosidl_typesupport_fastrtps_cpp.hpp
[6.832s] -- Up-to-date: /home/edwinooi/Desktop/foxy_ws/install/dwb_msgs/include/dwb_msgs/dwb_msgs/srv/detail/debug_local_plan__rosidl_typesupport_fastrtps_cpp.hpp
[6.832s] -- Up-to-date: /home/edwinooi/Desktop/foxy_ws/install/dwb_msgs/include/dwb_msgs/dwb_msgs/srv/detail/score_trajectory__rosidl_typesupport_fastrtps_cpp.hpp
[6.844s] -- Up-to-date: /home/edwinooi/Desktop/foxy_ws/install/dwb_msgs/include/dwb_msgs/dwb_msgs/srv/detail/dds_fastrtps
[6.844s] -- Up-to-date: /home/edwinooi/Desktop/foxy_ws/install/dwb_msgs/lib/libdwb_msgs__rosidl_typesupport_fastrtps_cpp.so
[6.844s] -- Up-to-date: /home/edwinooi/Desktop/foxy_ws/install/dwb_msgs/include/dwb_msgs/dwb_msgs
[6.844s] -- Up-to-date: /home/edwinooi/Desktop/foxy_ws/install/dwb_msgs/include/dwb_msgs/dwb_msgs/msg
[6.844s] -- Up-to-date: /home/edwinooi/Desktop/foxy_ws/install/dwb_msgs/include/dwb_msgs/dwb_msgs/msg/rosidl_typesupport_introspection_c__visibility_control.h
[6.845s] -- Up-to-date: /home/edwinooi/Desktop/foxy_ws/install/dwb_msgs/include/dwb_msgs/dwb_msgs/msg/detail
[6.845s] -- Up-to-date: /home/edwinooi/Desktop/foxy_ws/install/dwb_msgs/include/dwb_msgs/dwb_msgs/msg/detail/trajectory_score__rosidl_typesupport_introspection_c.h
[6.845s] -- Up-to-date: /home/edwinooi/Desktop/foxy_ws/install/dwb_msgs/include/dwb_msgs/dwb_msgs/msg/detail/local_plan_evaluation__type_support.c
[6.845s] -- Up-to-date: /home/edwinooi/Desktop/foxy_ws/install/dwb_msgs/include/dwb_msgs/dwb_msgs/msg/detail/trajectory2_d__rosidl_typesupport_introspection_c.h
[6.845s] -- Up-to-date: /home/edwinooi/Desktop/foxy_ws/install/dwb_msgs/include/dwb_msgs/dwb_msgs/msg/detail/critic_score__type_support.c
[6.845s] -- Up-to-date: /home/edwinooi/Desktop/foxy_ws/install/dwb_msgs/include/dwb_msgs/dwb_msgs/msg/detail/trajectory_score__type_support.c
[6.845s] -- Up-to-date: /home/edwinooi/Desktop/foxy_ws/install/dwb_msgs/include/dwb_msgs/dwb_msgs/msg/detail/trajectory2_d__type_support.c
[6.857s] -- Up-to-date: /home/edwinooi/Desktop/foxy_ws/install/dwb_msgs/include/dwb_msgs/dwb_msgs/msg/detail/local_plan_evaluation__rosidl_typesupport_introspection_c.h
[6.858s] -- Up-to-date: /home/edwinooi/Desktop/foxy_ws/install/dwb_msgs/include/dwb_msgs/dwb_msgs/msg/detail/critic_score__rosidl_typesupport_introspection_c.h
[6.858s] -- Up-to-date: /home/edwinooi/Desktop/foxy_ws/install/dwb_msgs/include/dwb_msgs/dwb_msgs/srv
[6.858s] -- Up-to-date: /home/edwinooi/Desktop/foxy_ws/install/dwb_msgs/include/dwb_msgs/dwb_msgs/srv/detail
[6.858s] -- Up-to-date: /home/edwinooi/Desktop/foxy_ws/install/dwb_msgs/include/dwb_msgs/dwb_msgs/srv/detail/get_critic_score__type_support.c
[6.858s] -- Up-to-date: /home/edwinooi/Desktop/foxy_ws/install/dwb_msgs/include/dwb_msgs/dwb_msgs/srv/detail/get_critic_score__rosidl_typesupport_introspection_c.h
[6.858s] -- Up-to-date: /home/edwinooi/Desktop/foxy_ws/install/dwb_msgs/include/dwb_msgs/dwb_msgs/srv/detail/generate_trajectory__rosidl_typesupport_introspection_c.h
[6.858s] -- Up-to-date: /home/edwinooi/Desktop/foxy_ws/install/dwb_msgs/include/dwb_msgs/dwb_msgs/srv/detail/debug_local_plan__rosidl_typesupport_introspection_c.h
[6.859s] -- Up-to-date: /home/edwinooi/Desktop/foxy_ws/install/dwb_msgs/include/dwb_msgs/dwb_msgs/srv/detail/generate_twists__type_support.c
[6.861s] -- Up-to-date: /home/edwinooi/Desktop/foxy_ws/install/dwb_msgs/include/dwb_msgs/dwb_msgs/srv/detail/score_trajectory__rosidl_typesupport_introspection_c.h
[6.861s] -- Up-to-date: /home/edwinooi/Desktop/foxy_ws/install/dwb_msgs/include/dwb_msgs/dwb_msgs/srv/detail/debug_local_plan__type_support.c
[6.862s] -- Up-to-date: /home/edwinooi/Desktop/foxy_ws/install/dwb_msgs/include/dwb_msgs/dwb_msgs/srv/detail/generate_twists__rosidl_typesupport_introspection_c.h
[6.862s] -- Up-to-date: /home/edwinooi/Desktop/foxy_ws/install/dwb_msgs/include/dwb_msgs/dwb_msgs/srv/detail/generate_trajectory__type_support.c
[6.862s] -- Up-to-date: /home/edwinooi/Desktop/foxy_ws/install/dwb_msgs/include/dwb_msgs/dwb_msgs/srv/detail/score_trajectory__type_support.c
[6.862s] -- Up-to-date: /home/edwinooi/Desktop/foxy_ws/install/dwb_msgs/lib/libdwb_msgs__rosidl_typesupport_introspection_c.so
[6.862s] -- Up-to-date: /home/edwinooi/Desktop/foxy_ws/install/dwb_msgs/lib/libdwb_msgs__rosidl_typesupport_c.so
[6.862s] -- Up-to-date: /home/edwinooi/Desktop/foxy_ws/install/dwb_msgs/include/dwb_msgs/dwb_msgs
[6.862s] -- Up-to-date: /home/edwinooi/Desktop/foxy_ws/install/dwb_msgs/include/dwb_msgs/dwb_msgs/msg
[6.863s] -- Up-to-date: /home/edwinooi/Desktop/foxy_ws/install/dwb_msgs/include/dwb_msgs/dwb_msgs/msg/detail
[6.863s] -- Up-to-date: /home/edwinooi/Desktop/foxy_ws/install/dwb_msgs/include/dwb_msgs/dwb_msgs/msg/detail/local_plan_evaluation__rosidl_typesupport_introspection_cpp.hpp
[6.863s] -- Up-to-date: /home/edwinooi/Desktop/foxy_ws/install/dwb_msgs/include/dwb_msgs/dwb_msgs/msg/detail/critic_score__type_support.cpp
[6.863s] -- Up-to-date: /home/edwinooi/Desktop/foxy_ws/install/dwb_msgs/include/dwb_msgs/dwb_msgs/msg/detail/local_plan_evaluation__type_support.cpp
[6.863s] -- Up-to-date: /home/edwinooi/Desktop/foxy_ws/install/dwb_msgs/include/dwb_msgs/dwb_msgs/msg/detail/trajectory_score__rosidl_typesupport_introspection_cpp.hpp
[6.863s] -- Up-to-date: /home/edwinooi/Desktop/foxy_ws/install/dwb_msgs/include/dwb_msgs/dwb_msgs/msg/detail/trajectory2_d__rosidl_typesupport_introspection_cpp.hpp
[6.863s] -- Up-to-date: /home/edwinooi/Desktop/foxy_ws/install/dwb_msgs/include/dwb_msgs/dwb_msgs/msg/detail/trajectory2_d__type_support.cpp
[6.863s] -- Up-to-date: /home/edwinooi/Desktop/foxy_ws/install/dwb_msgs/include/dwb_msgs/dwb_msgs/msg/detail/critic_score__rosidl_typesupport_introspection_cpp.hpp
[6.864s] -- Up-to-date: /home/edwinooi/Desktop/foxy_ws/install/dwb_msgs/include/dwb_msgs/dwb_msgs/msg/detail/trajectory_score__type_support.cpp
[6.864s] -- Up-to-date: /home/edwinooi/Desktop/foxy_ws/install/dwb_msgs/include/dwb_msgs/dwb_msgs/srv
[6.864s] -- Up-to-date: /home/edwinooi/Desktop/foxy_ws/install/dwb_msgs/include/dwb_msgs/dwb_msgs/srv/detail
[6.864s] -- Up-to-date: /home/edwinooi/Desktop/foxy_ws/install/dwb_msgs/include/dwb_msgs/dwb_msgs/srv/detail/get_critic_score__type_support.cpp
[6.864s] -- Up-to-date: /home/edwinooi/Desktop/foxy_ws/install/dwb_msgs/include/dwb_msgs/dwb_msgs/srv/detail/get_critic_score__rosidl_typesupport_introspection_cpp.hpp
[6.864s] -- Up-to-date: /home/edwinooi/Desktop/foxy_ws/install/dwb_msgs/include/dwb_msgs/dwb_msgs/srv/detail/generate_twists__type_support.cpp
[6.864s] -- Up-to-date: /home/edwinooi/Desktop/foxy_ws/install/dwb_msgs/include/dwb_msgs/dwb_msgs/srv/detail/score_trajectory__type_support.cpp
[6.864s] -- Up-to-date: /home/edwinooi/Desktop/foxy_ws/install/dwb_msgs/include/dwb_msgs/dwb_msgs/srv/detail/score_trajectory__rosidl_typesupport_introspection_cpp.hpp
[6.864s] -- Up-to-date: /home/edwinooi/Desktop/foxy_ws/install/dwb_msgs/include/dwb_msgs/dwb_msgs/srv/detail/debug_local_plan__rosidl_typesupport_introspection_cpp.hpp
[6.865s] -- Up-to-date: /home/edwinooi/Desktop/foxy_ws/install/dwb_msgs/include/dwb_msgs/dwb_msgs/srv/detail/debug_local_plan__type_support.cpp
[6.865s] -- Up-to-date: /home/edwinooi/Desktop/foxy_ws/install/dwb_msgs/include/dwb_msgs/dwb_msgs/srv/detail/generate_trajectory__type_support.cpp
[6.865s] -- Up-to-date: /home/edwinooi/Desktop/foxy_ws/install/dwb_msgs/include/dwb_msgs/dwb_msgs/srv/detail/generate_twists__rosidl_typesupport_introspection_cpp.hpp
[6.865s] -- Up-to-date: /home/edwinooi/Desktop/foxy_ws/install/dwb_msgs/include/dwb_msgs/dwb_msgs/srv/detail/generate_trajectory__rosidl_typesupport_introspection_cpp.hpp
[6.879s] -- Up-to-date: /home/edwinooi/Desktop/foxy_ws/install/dwb_msgs/lib/libdwb_msgs__rosidl_typesupport_introspection_cpp.so
[6.879s] -- Up-to-date: /home/edwinooi/Desktop/foxy_ws/install/dwb_msgs/lib/libdwb_msgs__rosidl_typesupport_cpp.so
[6.879s] -- Up-to-date: /home/edwinooi/Desktop/foxy_ws/install/dwb_msgs/share/dwb_msgs/environment/pythonpath.sh
[6.879s] -- Up-to-date: /home/edwinooi/Desktop/foxy_ws/install/dwb_msgs/share/dwb_msgs/environment/pythonpath.dsv
[6.879s] -- Up-to-date: /home/edwinooi/Desktop/foxy_ws/install/dwb_msgs/local/lib/python3.10/dist-packages/dwb_msgs-1.1.15-py3.10.egg-info
[6.880s] -- Installing: /home/edwinooi/Desktop/foxy_ws/install/dwb_msgs/local/lib/python3.10/dist-packages/dwb_msgs-1.1.15-py3.10.egg-info/SOURCES.txt
[6.880s] -- Installing: /home/edwinooi/Desktop/foxy_ws/install/dwb_msgs/local/lib/python3.10/dist-packages/dwb_msgs-1.1.15-py3.10.egg-info/PKG-INFO
[6.880s] -- Installing: /home/edwinooi/Desktop/foxy_ws/install/dwb_msgs/local/lib/python3.10/dist-packages/dwb_msgs-1.1.15-py3.10.egg-info/top_level.txt
[6.880s] -- Installing: /home/edwinooi/Desktop/foxy_ws/install/dwb_msgs/local/lib/python3.10/dist-packages/dwb_msgs-1.1.15-py3.10.egg-info/dependency_links.txt
[6.880s] -- Up-to-date: /home/edwinooi/Desktop/foxy_ws/install/dwb_msgs/local/lib/python3.10/dist-packages/dwb_msgs
[6.880s] -- Up-to-date: /home/edwinooi/Desktop/foxy_ws/install/dwb_msgs/local/lib/python3.10/dist-packages/dwb_msgs/dwb_msgs_s__rosidl_typesupport_introspection_c.cpython-310-x86_64-linux-gnu.so
[6.880s] -- Up-to-date: /home/edwinooi/Desktop/foxy_ws/install/dwb_msgs/local/lib/python3.10/dist-packages/dwb_msgs/dwb_msgs_s__rosidl_typesupport_c.cpython-310-x86_64-linux-gnu.so
[6.881s] -- Up-to-date: /home/edwinooi/Desktop/foxy_ws/install/dwb_msgs/local/lib/python3.10/dist-packages/dwb_msgs/__init__.py
[6.881s] -- Up-to-date: /home/edwinooi/Desktop/foxy_ws/install/dwb_msgs/local/lib/python3.10/dist-packages/dwb_msgs/msg
[6.881s] -- Up-to-date: /home/edwinooi/Desktop/foxy_ws/install/dwb_msgs/local/lib/python3.10/dist-packages/dwb_msgs/msg/_trajectory_score_s.c
[6.881s] -- Up-to-date: /home/edwinooi/Desktop/foxy_ws/install/dwb_msgs/local/lib/python3.10/dist-packages/dwb_msgs/msg/_critic_score_s.c
[6.881s] -- Up-to-date: /home/edwinooi/Desktop/foxy_ws/install/dwb_msgs/local/lib/python3.10/dist-packages/dwb_msgs/msg/_trajectory_score.py
[6.881s] -- Up-to-date: /home/edwinooi/Desktop/foxy_ws/install/dwb_msgs/local/lib/python3.10/dist-packages/dwb_msgs/msg/__init__.py
[6.881s] -- Up-to-date: /home/edwinooi/Desktop/foxy_ws/install/dwb_msgs/local/lib/python3.10/dist-packages/dwb_msgs/msg/_trajectory2_d_s.c
[6.882s] -- Up-to-date: /home/edwinooi/Desktop/foxy_ws/install/dwb_msgs/local/lib/python3.10/dist-packages/dwb_msgs/msg/_critic_score.py
[6.882s] -- Up-to-date: /home/edwinooi/Desktop/foxy_ws/install/dwb_msgs/local/lib/python3.10/dist-packages/dwb_msgs/msg/_trajectory2_d.py
[6.882s] -- Up-to-date: /home/edwinooi/Desktop/foxy_ws/install/dwb_msgs/local/lib/python3.10/dist-packages/dwb_msgs/msg/_local_plan_evaluation_s.c
[6.882s] -- Up-to-date: /home/edwinooi/Desktop/foxy_ws/install/dwb_msgs/local/lib/python3.10/dist-packages/dwb_msgs/msg/_local_plan_evaluation.py
[6.882s] -- Up-to-date: /home/edwinooi/Desktop/foxy_ws/install/dwb_msgs/local/lib/python3.10/dist-packages/dwb_msgs/_dwb_msgs_s.ep.rosidl_typesupport_fastrtps_c.c
[6.882s] -- Up-to-date: /home/edwinooi/Desktop/foxy_ws/install/dwb_msgs/local/lib/python3.10/dist-packages/dwb_msgs/dwb_msgs_s__rosidl_typesupport_fastrtps_c.cpython-310-x86_64-linux-gnu.so
[6.882s] -- Up-to-date: /home/edwinooi/Desktop/foxy_ws/install/dwb_msgs/local/lib/python3.10/dist-packages/dwb_msgs/_dwb_msgs_s.ep.rosidl_typesupport_c.c
[6.883s] -- Up-to-date: /home/edwinooi/Desktop/foxy_ws/install/dwb_msgs/local/lib/python3.10/dist-packages/dwb_msgs/srv
[6.883s] -- Up-to-date: /home/edwinooi/Desktop/foxy_ws/install/dwb_msgs/local/lib/python3.10/dist-packages/dwb_msgs/srv/_generate_twists_s.c
[6.883s] -- Up-to-date: /home/edwinooi/Desktop/foxy_ws/install/dwb_msgs/local/lib/python3.10/dist-packages/dwb_msgs/srv/_get_critic_score_s.c
[6.883s] -- Up-to-date: /home/edwinooi/Desktop/foxy_ws/install/dwb_msgs/local/lib/python3.10/dist-packages/dwb_msgs/srv/_score_trajectory.py
[6.883s] -- Up-to-date: /home/edwinooi/Desktop/foxy_ws/install/dwb_msgs/local/lib/python3.10/dist-packages/dwb_msgs/srv/_generate_trajectory.py
[6.883s] -- Up-to-date: /home/edwinooi/Desktop/foxy_ws/install/dwb_msgs/local/lib/python3.10/dist-packages/dwb_msgs/srv/_score_trajectory_s.c
[6.883s] -- Up-to-date: /home/edwinooi/Desktop/foxy_ws/install/dwb_msgs/local/lib/python3.10/dist-packages/dwb_msgs/srv/__init__.py
[6.884s] -- Up-to-date: /home/edwinooi/Desktop/foxy_ws/install/dwb_msgs/local/lib/python3.10/dist-packages/dwb_msgs/srv/_generate_trajectory_s.c
[6.884s] -- Up-to-date: /home/edwinooi/Desktop/foxy_ws/install/dwb_msgs/local/lib/python3.10/dist-packages/dwb_msgs/srv/_debug_local_plan_s.c
[6.884s] -- Up-to-date: /home/edwinooi/Desktop/foxy_ws/install/dwb_msgs/local/lib/python3.10/dist-packages/dwb_msgs/srv/_generate_twists.py
[6.884s] -- Up-to-date: /home/edwinooi/Desktop/foxy_ws/install/dwb_msgs/local/lib/python3.10/dist-packages/dwb_msgs/srv/_debug_local_plan.py
[6.884s] -- Up-to-date: /home/edwinooi/Desktop/foxy_ws/install/dwb_msgs/local/lib/python3.10/dist-packages/dwb_msgs/srv/_get_critic_score.py
[6.884s] -- Up-to-date: /home/edwinooi/Desktop/foxy_ws/install/dwb_msgs/local/lib/python3.10/dist-packages/dwb_msgs/libdwb_msgs__rosidl_generator_py.so
[6.885s] -- Up-to-date: /home/edwinooi/Desktop/foxy_ws/install/dwb_msgs/local/lib/python3.10/dist-packages/dwb_msgs/_dwb_msgs_s.ep.rosidl_typesupport_introspection_c.c
[7.020s] Listing '/home/edwinooi/Desktop/foxy_ws/install/dwb_msgs/local/lib/python3.10/dist-packages/dwb_msgs'...
[7.020s] Listing '/home/edwinooi/Desktop/foxy_ws/install/dwb_msgs/local/lib/python3.10/dist-packages/dwb_msgs/msg'...
[7.020s] Listing '/home/edwinooi/Desktop/foxy_ws/install/dwb_msgs/local/lib/python3.10/dist-packages/dwb_msgs/srv'...
[7.052s] -- Up-to-date: /home/edwinooi/Desktop/foxy_ws/install/dwb_msgs/local/lib/python3.10/dist-packages/dwb_msgs/dwb_msgs_s__rosidl_typesupport_fastrtps_c.cpython-310-x86_64-linux-gnu.so
[7.052s] -- Up-to-date: /home/edwinooi/Desktop/foxy_ws/install/dwb_msgs/local/lib/python3.10/dist-packages/dwb_msgs/dwb_msgs_s__rosidl_typesupport_introspection_c.cpython-310-x86_64-linux-gnu.so
[7.056s] -- Up-to-date: /home/edwinooi/Desktop/foxy_ws/install/dwb_msgs/local/lib/python3.10/dist-packages/dwb_msgs/dwb_msgs_s__rosidl_typesupport_c.cpython-310-x86_64-linux-gnu.so
[7.056s] -- Up-to-date: /home/edwinooi/Desktop/foxy_ws/install/dwb_msgs/lib/libdwb_msgs__rosidl_generator_py.so
[7.057s] -- Up-to-date: /home/edwinooi/Desktop/foxy_ws/install/dwb_msgs/share/dwb_msgs/msg/CriticScore.idl
[7.057s] -- Up-to-date: /home/edwinooi/Desktop/foxy_ws/install/dwb_msgs/share/dwb_msgs/msg/LocalPlanEvaluation.idl
[7.057s] -- Up-to-date: /home/edwinooi/Desktop/foxy_ws/install/dwb_msgs/share/dwb_msgs/msg/Trajectory2D.idl
[7.057s] -- Up-to-date: /home/edwinooi/Desktop/foxy_ws/install/dwb_msgs/share/dwb_msgs/msg/TrajectoryScore.idl
[7.060s] -- Up-to-date: /home/edwinooi/Desktop/foxy_ws/install/dwb_msgs/share/dwb_msgs/srv/DebugLocalPlan.idl
[7.063s] -- Up-to-date: /home/edwinooi/Desktop/foxy_ws/install/dwb_msgs/share/dwb_msgs/srv/GenerateTrajectory.idl
[7.064s] -- Up-to-date: /home/edwinooi/Desktop/foxy_ws/install/dwb_msgs/share/dwb_msgs/srv/GenerateTwists.idl
[7.064s] -- Up-to-date: /home/edwinooi/Desktop/foxy_ws/install/dwb_msgs/share/dwb_msgs/srv/GetCriticScore.idl
[7.064s] -- Up-to-date: /home/edwinooi/Desktop/foxy_ws/install/dwb_msgs/share/dwb_msgs/srv/ScoreTrajectory.idl
[7.064s] -- Up-to-date: /home/edwinooi/Desktop/foxy_ws/install/dwb_msgs/share/dwb_msgs/msg/CriticScore.msg
[7.064s] -- Up-to-date: /home/edwinooi/Desktop/foxy_ws/install/dwb_msgs/share/dwb_msgs/msg/LocalPlanEvaluation.msg
[7.064s] -- Up-to-date: /home/edwinooi/Desktop/foxy_ws/install/dwb_msgs/share/dwb_msgs/msg/Trajectory2D.msg
[7.064s] -- Up-to-date: /home/edwinooi/Desktop/foxy_ws/install/dwb_msgs/share/dwb_msgs/msg/TrajectoryScore.msg
[7.065s] -- Up-to-date: /home/edwinooi/Desktop/foxy_ws/install/dwb_msgs/share/dwb_msgs/srv/DebugLocalPlan.srv
[7.065s] -- Up-to-date: /home/edwinooi/Desktop/foxy_ws/install/dwb_msgs/share/dwb_msgs/srv/DebugLocalPlan_Request.msg
[7.065s] -- Up-to-date: /home/edwinooi/Desktop/foxy_ws/install/dwb_msgs/share/dwb_msgs/srv/DebugLocalPlan_Response.msg
[7.065s] -- Up-to-date: /home/edwinooi/Desktop/foxy_ws/install/dwb_msgs/share/dwb_msgs/srv/GenerateTrajectory.srv
[7.076s] -- Up-to-date: /home/edwinooi/Desktop/foxy_ws/install/dwb_msgs/share/dwb_msgs/srv/GenerateTrajectory_Request.msg
[7.076s] -- Up-to-date: /home/edwinooi/Desktop/foxy_ws/install/dwb_msgs/share/dwb_msgs/srv/GenerateTrajectory_Response.msg
[7.076s] -- Up-to-date: /home/edwinooi/Desktop/foxy_ws/install/dwb_msgs/share/dwb_msgs/srv/GenerateTwists.srv
[7.076s] -- Up-to-date: /home/edwinooi/Desktop/foxy_ws/install/dwb_msgs/share/dwb_msgs/srv/GenerateTwists_Request.msg
[7.076s] -- Up-to-date: /home/edwinooi/Desktop/foxy_ws/install/dwb_msgs/share/dwb_msgs/srv/GenerateTwists_Response.msg
[7.076s] -- Up-to-date: /home/edwinooi/Desktop/foxy_ws/install/dwb_msgs/share/dwb_msgs/srv/GetCriticScore.srv
[7.076s] -- Up-to-date: /home/edwinooi/Desktop/foxy_ws/install/dwb_msgs/share/dwb_msgs/srv/GetCriticScore_Request.msg
[7.077s] -- Up-to-date: /home/edwinooi/Desktop/foxy_ws/install/dwb_msgs/share/dwb_msgs/srv/GetCriticScore_Response.msg
[7.077s] -- Up-to-date: /home/edwinooi/Desktop/foxy_ws/install/dwb_msgs/share/dwb_msgs/srv/ScoreTrajectory.srv
[7.077s] -- Up-to-date: /home/edwinooi/Desktop/foxy_ws/install/dwb_msgs/share/dwb_msgs/srv/ScoreTrajectory_Request.msg
[7.077s] -- Up-to-date: /home/edwinooi/Desktop/foxy_ws/install/dwb_msgs/share/dwb_msgs/srv/ScoreTrajectory_Response.msg
[7.077s] -- Up-to-date: /home/edwinooi/Desktop/foxy_ws/install/dwb_msgs/share/ament_index/resource_index/package_run_dependencies/dwb_msgs
[7.077s] -- Up-to-date: /home/edwinooi/Desktop/foxy_ws/install/dwb_msgs/share/ament_index/resource_index/parent_prefix_path/dwb_msgs
[7.077s] -- Up-to-date: /home/edwinooi/Desktop/foxy_ws/install/dwb_msgs/share/dwb_msgs/environment/ament_prefix_path.sh
[7.078s] -- Up-to-date: /home/edwinooi/Desktop/foxy_ws/install/dwb_msgs/share/dwb_msgs/environment/ament_prefix_path.dsv
[7.078s] -- Up-to-date: /home/edwinooi/Desktop/foxy_ws/install/dwb_msgs/share/dwb_msgs/environment/path.sh
[7.078s] -- Up-to-date: /home/edwinooi/Desktop/foxy_ws/install/dwb_msgs/share/dwb_msgs/environment/path.dsv
[7.078s] -- Up-to-date: /home/edwinooi/Desktop/foxy_ws/install/dwb_msgs/share/dwb_msgs/local_setup.bash
[7.078s] -- Up-to-date: /home/edwinooi/Desktop/foxy_ws/install/dwb_msgs/share/dwb_msgs/local_setup.sh
[7.078s] -- Up-to-date: /home/edwinooi/Desktop/foxy_ws/install/dwb_msgs/share/dwb_msgs/local_setup.zsh
[7.078s] -- Up-to-date: /home/edwinooi/Desktop/foxy_ws/install/dwb_msgs/share/dwb_msgs/local_setup.dsv
[7.078s] -- Installing: /home/edwinooi/Desktop/foxy_ws/install/dwb_msgs/share/dwb_msgs/package.dsv
[7.079s] -- Up-to-date: /home/edwinooi/Desktop/foxy_ws/install/dwb_msgs/share/ament_index/resource_index/packages/dwb_msgs
[7.079s] -- Up-to-date: /home/edwinooi/Desktop/foxy_ws/install/dwb_msgs/share/dwb_msgs/cmake/export_dwb_msgs__rosidl_generator_cExport.cmake
[7.079s] -- Up-to-date: /home/edwinooi/Desktop/foxy_ws/install/dwb_msgs/share/dwb_msgs/cmake/export_dwb_msgs__rosidl_generator_cExport-noconfig.cmake
[7.079s] -- Up-to-date: /home/edwinooi/Desktop/foxy_ws/install/dwb_msgs/share/dwb_msgs/cmake/export_dwb_msgs__rosidl_typesupport_fastrtps_cExport.cmake
[7.079s] -- Up-to-date: /home/edwinooi/Desktop/foxy_ws/install/dwb_msgs/share/dwb_msgs/cmake/export_dwb_msgs__rosidl_typesupport_fastrtps_cExport-noconfig.cmake
[7.079s] -- Up-to-date: /home/edwinooi/Desktop/foxy_ws/install/dwb_msgs/share/dwb_msgs/cmake/export_dwb_msgs__rosidl_generator_cppExport.cmake
[7.079s] -- Up-to-date: /home/edwinooi/Desktop/foxy_ws/install/dwb_msgs/share/dwb_msgs/cmake/export_dwb_msgs__rosidl_typesupport_fastrtps_cppExport.cmake
[7.079s] -- Up-to-date: /home/edwinooi/Desktop/foxy_ws/install/dwb_msgs/share/dwb_msgs/cmake/export_dwb_msgs__rosidl_typesupport_fastrtps_cppExport-noconfig.cmake
[7.080s] -- Up-to-date: /home/edwinooi/Desktop/foxy_ws/install/dwb_msgs/share/dwb_msgs/cmake/dwb_msgs__rosidl_typesupport_introspection_cExport.cmake
[7.080s] -- Up-to-date: /home/edwinooi/Desktop/foxy_ws/install/dwb_msgs/share/dwb_msgs/cmake/dwb_msgs__rosidl_typesupport_introspection_cExport-noconfig.cmake
[7.080s] -- Up-to-date: /home/edwinooi/Desktop/foxy_ws/install/dwb_msgs/share/dwb_msgs/cmake/dwb_msgs__rosidl_typesupport_cExport.cmake
[7.080s] -- Up-to-date: /home/edwinooi/Desktop/foxy_ws/install/dwb_msgs/share/dwb_msgs/cmake/dwb_msgs__rosidl_typesupport_cExport-noconfig.cmake
[7.080s] -- Up-to-date: /home/edwinooi/Desktop/foxy_ws/install/dwb_msgs/share/dwb_msgs/cmake/dwb_msgs__rosidl_typesupport_introspection_cppExport.cmake
[7.080s] -- Up-to-date: /home/edwinooi/Desktop/foxy_ws/install/dwb_msgs/share/dwb_msgs/cmake/dwb_msgs__rosidl_typesupport_introspection_cppExport-noconfig.cmake
[7.080s] -- Up-to-date: /home/edwinooi/Desktop/foxy_ws/install/dwb_msgs/share/dwb_msgs/cmake/dwb_msgs__rosidl_typesupport_cppExport.cmake
[7.080s] -- Up-to-date: /home/edwinooi/Desktop/foxy_ws/install/dwb_msgs/share/dwb_msgs/cmake/dwb_msgs__rosidl_typesupport_cppExport-noconfig.cmake
[7.081s] -- Up-to-date: /home/edwinooi/Desktop/foxy_ws/install/dwb_msgs/share/dwb_msgs/cmake/export_dwb_msgs__rosidl_generator_pyExport.cmake
[7.081s] -- Up-to-date: /home/edwinooi/Desktop/foxy_ws/install/dwb_msgs/share/dwb_msgs/cmake/export_dwb_msgs__rosidl_generator_pyExport-noconfig.cmake
[7.081s] -- Up-to-date: /home/edwinooi/Desktop/foxy_ws/install/dwb_msgs/share/dwb_msgs/cmake/rosidl_cmake-extras.cmake
[7.081s] -- Up-to-date: /home/edwinooi/Desktop/foxy_ws/install/dwb_msgs/share/dwb_msgs/cmake/ament_cmake_export_dependencies-extras.cmake
[7.081s] -- Up-to-date: /home/edwinooi/Desktop/foxy_ws/install/dwb_msgs/share/dwb_msgs/cmake/ament_cmake_export_include_directories-extras.cmake
[7.081s] -- Up-to-date: /home/edwinooi/Desktop/foxy_ws/install/dwb_msgs/share/dwb_msgs/cmake/ament_cmake_export_libraries-extras.cmake
[7.082s] -- Up-to-date: /home/edwinooi/Desktop/foxy_ws/install/dwb_msgs/share/dwb_msgs/cmake/ament_cmake_export_targets-extras.cmake
[7.082s] -- Up-to-date: /home/edwinooi/Desktop/foxy_ws/install/dwb_msgs/share/dwb_msgs/cmake/rosidl_cmake_export_typesupport_targets-extras.cmake
[7.082s] -- Up-to-date: /home/edwinooi/Desktop/foxy_ws/install/dwb_msgs/share/dwb_msgs/cmake/rosidl_cmake_export_typesupport_libraries-extras.cmake
[7.082s] -- Up-to-date: /home/edwinooi/Desktop/foxy_ws/install/dwb_msgs/share/dwb_msgs/cmake/dwb_msgsConfig.cmake
[7.082s] -- Up-to-date: /home/edwinooi/Desktop/foxy_ws/install/dwb_msgs/share/dwb_msgs/cmake/dwb_msgsConfig-version.cmake
[7.082s] -- Up-to-date: /home/edwinooi/Desktop/foxy_ws/install/dwb_msgs/share/dwb_msgs/package.xml
[7.082s] Invoked command in '/home/edwinooi/Desktop/foxy_ws/build/dwb_msgs' returned '0': AMENT_PREFIX_PATH=/home/edwinooi/Desktop/foxy_ws/install/nav_2d_msgs:${AMENT_PREFIX_PATH} CMAKE_PREFIX_PATH=/home/edwinooi/Desktop/foxy_ws/install/nav_2d_msgs:/home/edwinooi/Desktop/emanual/install/turtlebot3_simulations:/home/edwinooi/Desktop/emanual/install/turtlebot3_gazebo:/home/edwinooi/Desktop/emanual/install/turtlebot3_fake_node:/home/edwinooi/Desktop/emanual/install/ros2_aruco_interfaces:/home/edwinooi/Desktop/emanual/install/ros2_aruco:/opt/ros/humble LD_LIBRARY_PATH=/home/edwinooi/Desktop/foxy_ws/install/nav_2d_msgs/lib:${LD_LIBRARY_PATH} PYTHONPATH=/home/edwinooi/Desktop/foxy_ws/install/nav_2d_msgs/local/lib/python3.10/dist-packages:${PYTHONPATH} /usr/bin/cmake --install /home/edwinooi/Desktop/foxy_ws/build/dwb_msgs
