[0.229s] Invoking command in '/home/edwinooi/Desktop/foxy_ws/build/realsense2_description': AMENT_PREFIX_PATH=/home/edwinooi/Desktop/foxy_ws/install/realsense2_camera_msgs:${AMENT_PREFIX_PATH} CMAKE_PREFIX_PATH=/home/edwinooi/Desktop/foxy_ws/install/realsense2_camera_msgs:/home/edwinooi/Desktop/emanual/install/turtlebot3_simulations:/home/edwinooi/Desktop/emanual/install/turtlebot3_gazebo:/home/edwinooi/Desktop/emanual/install/turtlebot3_fake_node:/home/edwinooi/Desktop/emanual/install/ros2_aruco_interfaces:/home/edwinooi/Desktop/emanual/install/ros2_aruco:/opt/ros/humble LD_LIBRARY_PATH=/home/edwinooi/Desktop/foxy_ws/install/realsense2_camera_msgs/lib:${LD_LIBRARY_PATH} PYTHONPATH=/home/edwinooi/Desktop/foxy_ws/install/realsense2_camera_msgs/local/lib/python3.10/dist-packages:${PYTHONPATH} /usr/bin/cmake --build /home/edwinooi/Desktop/foxy_ws/build/realsense2_description -- -j4 -l4
[0.527s] Invoked command in '/home/edwinooi/Desktop/foxy_ws/build/realsense2_description' returned '0': AMENT_PREFIX_PATH=/home/edwinooi/Desktop/foxy_ws/install/realsense2_camera_msgs:${AMENT_PREFIX_PATH} CMAKE_PREFIX_PATH=/home/edwinooi/Desktop/foxy_ws/install/realsense2_camera_msgs:/home/edwinooi/Desktop/emanual/install/turtlebot3_simulations:/home/edwinooi/Desktop/emanual/install/turtlebot3_gazebo:/home/edwinooi/Desktop/emanual/install/turtlebot3_fake_node:/home/edwinooi/Desktop/emanual/install/ros2_aruco_interfaces:/home/edwinooi/Desktop/emanual/install/ros2_aruco:/opt/ros/humble LD_LIBRARY_PATH=/home/edwinooi/Desktop/foxy_ws/install/realsense2_camera_msgs/lib:${LD_LIBRARY_PATH} PYTHONPATH=/home/edwinooi/Desktop/foxy_ws/install/realsense2_camera_msgs/local/lib/python3.10/dist-packages:${PYTHONPATH} /usr/bin/cmake --build /home/edwinooi/Desktop/foxy_ws/build/realsense2_description -- -j4 -l4
[0.628s] Invoking command in '/home/edwinooi/Desktop/foxy_ws/build/realsense2_description': AMENT_PREFIX_PATH=/home/edwinooi/Desktop/foxy_ws/install/realsense2_camera_msgs:${AMENT_PREFIX_PATH} CMAKE_PREFIX_PATH=/home/edwinooi/Desktop/foxy_ws/install/realsense2_camera_msgs:/home/edwinooi/Desktop/emanual/install/turtlebot3_simulations:/home/edwinooi/Desktop/emanual/install/turtlebot3_gazebo:/home/edwinooi/Desktop/emanual/install/turtlebot3_fake_node:/home/edwinooi/Desktop/emanual/install/ros2_aruco_interfaces:/home/edwinooi/Desktop/emanual/install/ros2_aruco:/opt/ros/humble LD_LIBRARY_PATH=/home/edwinooi/Desktop/foxy_ws/install/realsense2_camera_msgs/lib:${LD_LIBRARY_PATH} PYTHONPATH=/home/edwinooi/Desktop/foxy_ws/install/realsense2_camera_msgs/local/lib/python3.10/dist-packages:${PYTHONPATH} /usr/bin/cmake --install /home/edwinooi/Desktop/foxy_ws/build/realsense2_description
[0.650s] -- Install configuration: ""
[0.650s] -- Up-to-date: /home/edwinooi/Desktop/foxy_ws/install/realsense2_description/share/realsense2_description/launch
[0.650s] -- Up-to-date: /home/edwinooi/Desktop/foxy_ws/install/realsense2_description/share/realsense2_description/launch/view_model.launch.py
[0.651s] -- Up-to-date: /home/edwinooi/Desktop/foxy_ws/install/realsense2_description/share/realsense2_description/launch/launch_utils.py
[0.651s] -- Up-to-date: /home/edwinooi/Desktop/foxy_ws/install/realsense2_description/share/realsense2_description/meshes
[0.655s] -- Up-to-date: /home/edwinooi/Desktop/foxy_ws/install/realsense2_description/share/realsense2_description/meshes/l515.dae
[0.655s] -- Up-to-date: /home/edwinooi/Desktop/foxy_ws/install/realsense2_description/share/realsense2_description/meshes/d435.dae
[0.655s] -- Up-to-date: /home/edwinooi/Desktop/foxy_ws/install/realsense2_description/share/realsense2_description/meshes/plug.stl
[0.655s] -- Up-to-date: /home/edwinooi/Desktop/foxy_ws/install/realsense2_description/share/realsense2_description/meshes/d455.stl
[0.655s] -- Up-to-date: /home/edwinooi/Desktop/foxy_ws/install/realsense2_description/share/realsense2_description/meshes/plug_collision.stl
[0.656s] -- Up-to-date: /home/edwinooi/Desktop/foxy_ws/install/realsense2_description/share/realsense2_description/meshes/d415.stl
[0.664s] -- Up-to-date: /home/edwinooi/Desktop/foxy_ws/install/realsense2_description/share/realsense2_description/rviz
[0.665s] -- Up-to-date: /home/edwinooi/Desktop/foxy_ws/install/realsense2_description/share/realsense2_description/rviz/urdf.rviz
[0.665s] -- Up-to-date: /home/edwinooi/Desktop/foxy_ws/install/realsense2_description/share/realsense2_description/urdf
[0.665s] -- Up-to-date: /home/edwinooi/Desktop/foxy_ws/install/realsense2_description/share/realsense2_description/urdf/test_r430_camera.urdf.xacro
[0.665s] -- Up-to-date: /home/edwinooi/Desktop/foxy_ws/install/realsense2_description/share/realsense2_description/urdf/_d435i_imu_modules.urdf.xacro
[0.665s] -- Up-to-date: /home/edwinooi/Desktop/foxy_ws/install/realsense2_description/share/realsense2_description/urdf/_d455.urdf.xacro
[0.665s] -- Up-to-date: /home/edwinooi/Desktop/foxy_ws/install/realsense2_description/share/realsense2_description/urdf/test_d455_camera.urdf.xacro
[0.676s] -- Up-to-date: /home/edwinooi/Desktop/foxy_ws/install/realsense2_description/share/realsense2_description/urdf/test_d415_camera.urdf.xacro
[0.676s] -- Up-to-date: /home/edwinooi/Desktop/foxy_ws/install/realsense2_description/share/realsense2_description/urdf/test_r410_camera.urdf.xacro
[0.698s] -- Up-to-date: /home/edwinooi/Desktop/foxy_ws/install/realsense2_description/share/realsense2_description/urdf/_l515.urdf.xacro
[0.698s] -- Up-to-date: /home/edwinooi/Desktop/foxy_ws/install/realsense2_description/share/realsense2_description/urdf/_d415.urdf.xacro
[0.698s] -- Up-to-date: /home/edwinooi/Desktop/foxy_ws/install/realsense2_description/share/realsense2_description/urdf/test_d435_camera.urdf.xacro
[0.698s] -- Up-to-date: /home/edwinooi/Desktop/foxy_ws/install/realsense2_description/share/realsense2_description/urdf/_d435.urdf.xacro
[0.698s] -- Up-to-date: /home/edwinooi/Desktop/foxy_ws/install/realsense2_description/share/realsense2_description/urdf/_materials.urdf.xacro
[0.699s] -- Up-to-date: /home/edwinooi/Desktop/foxy_ws/install/realsense2_description/share/realsense2_description/urdf/_r430.urdf.xacro
[0.699s] -- Up-to-date: /home/edwinooi/Desktop/foxy_ws/install/realsense2_description/share/realsense2_description/urdf/test_d435i_camera.urdf.xacro
[0.699s] -- Up-to-date: /home/edwinooi/Desktop/foxy_ws/install/realsense2_description/share/realsense2_description/urdf/test_l515_camera.urdf.xacro
[0.699s] -- Up-to-date: /home/edwinooi/Desktop/foxy_ws/install/realsense2_description/share/realsense2_description/urdf/_d435i.urdf.xacro
[0.699s] -- Up-to-date: /home/edwinooi/Desktop/foxy_ws/install/realsense2_description/share/realsense2_description/urdf/_usb_plug.urdf.xacro
[0.701s] -- Up-to-date: /home/edwinooi/Desktop/foxy_ws/install/realsense2_description/share/realsense2_description/urdf/test_d435_multiple_cameras.urdf.xacro
[0.705s] -- Up-to-date: /home/edwinooi/Desktop/foxy_ws/install/realsense2_description/share/realsense2_description/urdf/_r410.urdf.xacro
[0.705s] -- Up-to-date: /home/edwinooi/Desktop/foxy_ws/install/realsense2_description/share/ament_index/resource_index/package_run_dependencies/realsense2_description
[0.705s] -- Up-to-date: /home/edwinooi/Desktop/foxy_ws/install/realsense2_description/share/ament_index/resource_index/parent_prefix_path/realsense2_description
[0.705s] -- Up-to-date: /home/edwinooi/Desktop/foxy_ws/install/realsense2_description/share/realsense2_description/environment/ament_prefix_path.sh
[0.705s] -- Up-to-date: /home/edwinooi/Desktop/foxy_ws/install/realsense2_description/share/realsense2_description/environment/ament_prefix_path.dsv
[0.706s] -- Up-to-date: /home/edwinooi/Desktop/foxy_ws/install/realsense2_description/share/realsense2_description/environment/path.sh
[0.706s] -- Up-to-date: /home/edwinooi/Desktop/foxy_ws/install/realsense2_description/share/realsense2_description/environment/path.dsv
[0.706s] -- Up-to-date: /home/edwinooi/Desktop/foxy_ws/install/realsense2_description/share/realsense2_description/local_setup.bash
[0.706s] -- Up-to-date: /home/edwinooi/Desktop/foxy_ws/install/realsense2_description/share/realsense2_description/local_setup.sh
[0.706s] -- Up-to-date: /home/edwinooi/Desktop/foxy_ws/install/realsense2_description/share/realsense2_description/local_setup.zsh
[0.706s] -- Up-to-date: /home/edwinooi/Desktop/foxy_ws/install/realsense2_description/share/realsense2_description/local_setup.dsv
[0.707s] -- Installing: /home/edwinooi/Desktop/foxy_ws/install/realsense2_description/share/realsense2_description/package.dsv
[0.707s] -- Up-to-date: /home/edwinooi/Desktop/foxy_ws/install/realsense2_description/share/ament_index/resource_index/packages/realsense2_description
[0.707s] -- Up-to-date: /home/edwinooi/Desktop/foxy_ws/install/realsense2_description/share/realsense2_description/cmake/realsense2_descriptionConfig.cmake
[0.707s] -- Up-to-date: /home/edwinooi/Desktop/foxy_ws/install/realsense2_description/share/realsense2_description/cmake/realsense2_descriptionConfig-version.cmake
[0.707s] -- Up-to-date: /home/edwinooi/Desktop/foxy_ws/install/realsense2_description/share/realsense2_description/package.xml
[0.708s] Invoked command in '/home/edwinooi/Desktop/foxy_ws/build/realsense2_description' returned '0': AMENT_PREFIX_PATH=/home/edwinooi/Desktop/foxy_ws/install/realsense2_camera_msgs:${AMENT_PREFIX_PATH} CMAKE_PREFIX_PATH=/home/edwinooi/Desktop/foxy_ws/install/realsense2_camera_msgs:/home/edwinooi/Desktop/emanual/install/turtlebot3_simulations:/home/edwinooi/Desktop/emanual/install/turtlebot3_gazebo:/home/edwinooi/Desktop/emanual/install/turtlebot3_fake_node:/home/edwinooi/Desktop/emanual/install/ros2_aruco_interfaces:/home/edwinooi/Desktop/emanual/install/ros2_aruco:/opt/ros/humble LD_LIBRARY_PATH=/home/edwinooi/Desktop/foxy_ws/install/realsense2_camera_msgs/lib:${LD_LIBRARY_PATH} PYTHONPATH=/home/edwinooi/Desktop/foxy_ws/install/realsense2_camera_msgs/local/lib/python3.10/dist-packages:${PYTHONPATH} /usr/bin/cmake --install /home/edwinooi/Desktop/foxy_ws/build/realsense2_description
