[0.196s] Invoking command in '/home/edwinooi/Desktop/foxy_ws/build/nav2_costmap_2d': AMENT_PREFIX_PATH=/home/edwinooi/Desktop/foxy_ws/install/nav2_map_server:/home/edwinooi/Desktop/foxy_ws/install/nav2_lifecycle_manager:/home/edwinooi/Desktop/foxy_ws/install/nav2_util:/home/edwinooi/Desktop/foxy_ws/install/nav2_voxel_grid:/home/edwinooi/Desktop/foxy_ws/install/nav2_msgs:/home/edwinooi/Desktop/foxy_ws/install/nav2_common:${AMENT_PREFIX_PATH} CMAKE_PREFIX_PATH=/home/edwinooi/Desktop/foxy_ws/install/nav2_map_server:/home/edwinooi/Desktop/foxy_ws/install/nav2_lifecycle_manager:/home/edwinooi/Desktop/foxy_ws/install/nav2_util:/home/edwinooi/Desktop/foxy_ws/install/nav2_voxel_grid:/home/edwinooi/Desktop/foxy_ws/install/nav2_msgs:/home/edwinooi/Desktop/foxy_ws/install/nav2_common:/home/edwinooi/Desktop/emanual/install/turtlebot3_simulations:/home/edwinooi/Desktop/emanual/install/turtlebot3_gazebo:/home/edwinooi/Desktop/emanual/install/turtlebot3_fake_node:/home/edwinooi/Desktop/emanual/install/ros2_aruco_interfaces:/home/edwinooi/Desktop/emanual/install/ros2_aruco:/opt/ros/humble LD_LIBRARY_PATH=/home/edwinooi/Desktop/foxy_ws/install/nav2_map_server/lib:/home/edwinooi/Desktop/foxy_ws/install/nav2_lifecycle_manager/lib:/home/edwinooi/Desktop/foxy_ws/install/nav2_util/lib:/home/edwinooi/Desktop/foxy_ws/install/nav2_voxel_grid/lib:/home/edwinooi/Desktop/foxy_ws/install/nav2_msgs/lib:${LD_LIBRARY_PATH} PYTHONPATH=/home/edwinooi/Desktop/foxy_ws/install/nav2_msgs/local/lib/python3.10/dist-packages:/home/edwinooi/Desktop/foxy_ws/install/nav2_common/local/lib/python3.10/dist-packages:${PYTHONPATH} /usr/bin/cmake /home/edwinooi/Desktop/foxy_ws/src/turtlebot3_simulations/navigation2-humble/nav2_costmap_2d -DCMAKE_INSTALL_PREFIX=/home/edwinooi/Desktop/foxy_ws/install/nav2_costmap_2d
[0.317s] -- The C compiler identification is GNU 11.4.0
[0.488s] -- The CXX compiler identification is GNU 11.4.0
[0.505s] -- Detecting C compiler ABI info
[0.684s] -- Detecting C compiler ABI info - done
[0.702s] -- Check for working C compiler: /usr/bin/cc - skipped
[0.703s] -- Detecting C compile features
[0.704s] -- Detecting C compile features - done
[0.711s] -- Detecting CXX compiler ABI info
[0.908s] -- Detecting CXX compiler ABI info - done
[0.954s] -- Check for working CXX compiler: /usr/bin/c++ - skipped
[0.954s] -- Detecting CXX compile features
[0.955s] -- Detecting CXX compile features - done
[0.966s] -- Found ament_cmake: 1.3.8 (/opt/ros/humble/share/ament_cmake/cmake)
[1.398s] -- Found Python3: /usr/bin/python3 (found version "3.10.12") found components: Interpreter 
[1.671s] -- Found geometry_msgs: 4.2.3 (/opt/ros/humble/share/geometry_msgs/cmake)
[1.790s] -- Found rosidl_generator_c: 3.1.5 (/opt/ros/humble/share/rosidl_generator_c/cmake)
[1.806s] -- Found rosidl_adapter: 3.1.5 (/opt/ros/humble/share/rosidl_adapter/cmake)
[1.835s] -- Found rosidl_generator_cpp: 3.1.5 (/opt/ros/humble/share/rosidl_generator_cpp/cmake)
[1.873s] -- Using all available rosidl_typesupport_c: rosidl_typesupport_fastrtps_c;rosidl_typesupport_introspection_c
[1.931s] -- Using all available rosidl_typesupport_cpp: rosidl_typesupport_fastrtps_cpp;rosidl_typesupport_introspection_cpp
[2.279s] -- Found laser_geometry: 2.4.0 (/opt/ros/humble/share/laser_geometry/cmake)
[2.516s] -- Found rmw_implementation_cmake: 6.1.1 (/opt/ros/humble/share/rmw_implementation_cmake/cmake)
[2.527s] -- Found rmw_fastrtps_cpp: 6.2.6 (/opt/ros/humble/share/rmw_fastrtps_cpp/cmake)
[2.827s] -- Found OpenSSL: /usr/lib/x86_64-linux-gnu/libcrypto.so (found version "3.0.2")  
[2.911s] -- Found FastRTPS: /opt/ros/humble/include  
[3.055s] -- Using RMW implementation 'rmw_fastrtps_cpp' as default
[3.086s] -- Looking for pthread.h
[3.291s] -- Looking for pthread.h - found
[3.291s] -- Performing Test CMAKE_HAVE_LIBC_PTHREAD
[3.514s] -- Performing Test CMAKE_HAVE_LIBC_PTHREAD - Success
[3.523s] -- Found Threads: TRUE  
[4.493s] -- Found map_msgs: 2.1.0 (/opt/ros/humble/share/map_msgs/cmake)
[5.309s] -- Found message_filters: 4.3.3 (/opt/ros/humble/share/message_filters/cmake)
[5.320s] -- Found nav2_common: 1.1.15 (/home/edwinooi/Desktop/foxy_ws/install/nav2_common/share/nav2_common/cmake)
[5.320s] -- Found nav2_msgs: 1.1.15 (/home/edwinooi/Desktop/foxy_ws/install/nav2_msgs/share/nav2_msgs/cmake)
[5.921s] -- Found nav2_util: 1.1.15 (/home/edwinooi/Desktop/foxy_ws/install/nav2_util/share/nav2_util/cmake)
[6.815s] -- Found Eigen3: TRUE (found version "3.4.0") 
[6.816s] -- Ensuring Eigen3 include directory is part of orocos-kdl CMake target
[7.419s] -- Found nav2_voxel_grid: 1.1.15 (/home/edwinooi/Desktop/foxy_ws/install/nav2_voxel_grid/share/nav2_voxel_grid/cmake)
[7.437s] -- Found pluginlib: 5.1.0 (/opt/ros/humble/share/pluginlib/cmake)
[7.491s] -- Found std_srvs: 4.2.3 (/opt/ros/humble/share/std_srvs/cmake)
[7.546s] -- Found tf2_sensor_msgs: 0.25.6 (/opt/ros/humble/share/tf2_sensor_msgs/cmake)
[7.617s] -- Found visualization_msgs: 4.2.3 (/opt/ros/humble/share/visualization_msgs/cmake)
[7.942s] -- Found angles: 1.15.0 (/opt/ros/humble/share/angles/cmake)
[7.950s] -- Found Eigen3: TRUE (found suitable version "3.4.0", minimum required is "3.3") 
[7.950s] -- Setting build type to Release as none was specified.
[17.200s] -- Found ament_lint_auto: 0.12.10 (/opt/ros/humble/share/ament_lint_auto/cmake)
[22.566s] -- Found gtest sources under '/opt/ros/humble/src/gtest_vendor': C++ tests using 'Google Test' will be built
[22.644s] -- Found gtest sources under '/opt/ros/humble/src/gtest_vendor': C++ tests using 'Google Test' will be built
[22.678s] -- Found gtest sources under '/opt/ros/humble/src/gtest_vendor': C++ tests using 'Google Test' will be built
[24.179s] -- Added test 'cppcheck' to perform static code analysis on C / C++ code
[24.183s] -- Configured cppcheck include dirs: $<BUILD_INTERFACE:/home/edwinooi/Desktop/foxy_ws/src/turtlebot3_simulations/navigation2-humble/nav2_costmap_2d/include>
[24.183s] -- Configured cppcheck exclude dirs and/or files: 
[24.188s] -- Added test 'flake8' to check Python code syntax and style conventions
[24.194s] -- Added test 'lint_cmake' to check CMake code style
[24.197s] -- Added test 'pep257' to check Python code against some of the docstring style conventions in PEP 257
[24.211s] -- Added test 'uncrustify' to check C / C++ code style
[24.211s] -- Configured uncrustify additional arguments: 
[24.215s] -- Added test 'xmllint' to check XML markup files
[24.240s] -- Configuring done
[27.350s] -- Generating done
[27.362s] -- Build files have been written to: /home/edwinooi/Desktop/foxy_ws/build/nav2_costmap_2d
[27.441s] Invoked command in '/home/edwinooi/Desktop/foxy_ws/build/nav2_costmap_2d' returned '0': AMENT_PREFIX_PATH=/home/edwinooi/Desktop/foxy_ws/install/nav2_map_server:/home/edwinooi/Desktop/foxy_ws/install/nav2_lifecycle_manager:/home/edwinooi/Desktop/foxy_ws/install/nav2_util:/home/edwinooi/Desktop/foxy_ws/install/nav2_voxel_grid:/home/edwinooi/Desktop/foxy_ws/install/nav2_msgs:/home/edwinooi/Desktop/foxy_ws/install/nav2_common:${AMENT_PREFIX_PATH} CMAKE_PREFIX_PATH=/home/edwinooi/Desktop/foxy_ws/install/nav2_map_server:/home/edwinooi/Desktop/foxy_ws/install/nav2_lifecycle_manager:/home/edwinooi/Desktop/foxy_ws/install/nav2_util:/home/edwinooi/Desktop/foxy_ws/install/nav2_voxel_grid:/home/edwinooi/Desktop/foxy_ws/install/nav2_msgs:/home/edwinooi/Desktop/foxy_ws/install/nav2_common:/home/edwinooi/Desktop/emanual/install/turtlebot3_simulations:/home/edwinooi/Desktop/emanual/install/turtlebot3_gazebo:/home/edwinooi/Desktop/emanual/install/turtlebot3_fake_node:/home/edwinooi/Desktop/emanual/install/ros2_aruco_interfaces:/home/edwinooi/Desktop/emanual/install/ros2_aruco:/opt/ros/humble LD_LIBRARY_PATH=/home/edwinooi/Desktop/foxy_ws/install/nav2_map_server/lib:/home/edwinooi/Desktop/foxy_ws/install/nav2_lifecycle_manager/lib:/home/edwinooi/Desktop/foxy_ws/install/nav2_util/lib:/home/edwinooi/Desktop/foxy_ws/install/nav2_voxel_grid/lib:/home/edwinooi/Desktop/foxy_ws/install/nav2_msgs/lib:${LD_LIBRARY_PATH} PYTHONPATH=/home/edwinooi/Desktop/foxy_ws/install/nav2_msgs/local/lib/python3.10/dist-packages:/home/edwinooi/Desktop/foxy_ws/install/nav2_common/local/lib/python3.10/dist-packages:${PYTHONPATH} /usr/bin/cmake /home/edwinooi/Desktop/foxy_ws/src/turtlebot3_simulations/navigation2-humble/nav2_costmap_2d -DCMAKE_INSTALL_PREFIX=/home/edwinooi/Desktop/foxy_ws/install/nav2_costmap_2d
[27.443s] Invoking command in '/home/edwinooi/Desktop/foxy_ws/build/nav2_costmap_2d': AMENT_PREFIX_PATH=/home/edwinooi/Desktop/foxy_ws/install/nav2_map_server:/home/edwinooi/Desktop/foxy_ws/install/nav2_lifecycle_manager:/home/edwinooi/Desktop/foxy_ws/install/nav2_util:/home/edwinooi/Desktop/foxy_ws/install/nav2_voxel_grid:/home/edwinooi/Desktop/foxy_ws/install/nav2_msgs:/home/edwinooi/Desktop/foxy_ws/install/nav2_common:${AMENT_PREFIX_PATH} CMAKE_PREFIX_PATH=/home/edwinooi/Desktop/foxy_ws/install/nav2_map_server:/home/edwinooi/Desktop/foxy_ws/install/nav2_lifecycle_manager:/home/edwinooi/Desktop/foxy_ws/install/nav2_util:/home/edwinooi/Desktop/foxy_ws/install/nav2_voxel_grid:/home/edwinooi/Desktop/foxy_ws/install/nav2_msgs:/home/edwinooi/Desktop/foxy_ws/install/nav2_common:/home/edwinooi/Desktop/emanual/install/turtlebot3_simulations:/home/edwinooi/Desktop/emanual/install/turtlebot3_gazebo:/home/edwinooi/Desktop/emanual/install/turtlebot3_fake_node:/home/edwinooi/Desktop/emanual/install/ros2_aruco_interfaces:/home/edwinooi/Desktop/emanual/install/ros2_aruco:/opt/ros/humble LD_LIBRARY_PATH=/home/edwinooi/Desktop/foxy_ws/install/nav2_map_server/lib:/home/edwinooi/Desktop/foxy_ws/install/nav2_lifecycle_manager/lib:/home/edwinooi/Desktop/foxy_ws/install/nav2_util/lib:/home/edwinooi/Desktop/foxy_ws/install/nav2_voxel_grid/lib:/home/edwinooi/Desktop/foxy_ws/install/nav2_msgs/lib:${LD_LIBRARY_PATH} PYTHONPATH=/home/edwinooi/Desktop/foxy_ws/install/nav2_msgs/local/lib/python3.10/dist-packages:/home/edwinooi/Desktop/foxy_ws/install/nav2_common/local/lib/python3.10/dist-packages:${PYTHONPATH} /usr/bin/cmake --build /home/edwinooi/Desktop/foxy_ws/build/nav2_costmap_2d -- -j4 -l4
[27.607s] [  1%] [32mBuilding CXX object CMakeFiles/nav2_costmap_2d_core.dir/src/array_parser.cpp.o[0m
[29.284s] [  2%] [32mBuilding CXX object CMakeFiles/nav2_costmap_2d_core.dir/src/costmap_2d.cpp.o[0m
[32.342s] [  3%] [32mBuilding CXX object CMakeFiles/nav2_costmap_2d_core.dir/src/layer.cpp.o[0m
[41.025s] [  4%] [32mBuilding CXX object CMakeFiles/nav2_costmap_2d_core.dir/src/layered_costmap.cpp.o[0m
[49.273s] [  6%] [32mBuilding CXX object CMakeFiles/nav2_costmap_2d_core.dir/src/costmap_2d_ros.cpp.o[0m
[96.018s] [  7%] [32mBuilding CXX object CMakeFiles/nav2_costmap_2d_core.dir/src/costmap_2d_publisher.cpp.o[0m
[110.706s] [  8%] [32mBuilding CXX object CMakeFiles/nav2_costmap_2d_core.dir/src/costmap_math.cpp.o[0m
[112.202s] [  9%] [32mBuilding CXX object CMakeFiles/nav2_costmap_2d_core.dir/src/footprint.cpp.o[0m
[118.788s] [ 10%] [32mBuilding CXX object CMakeFiles/nav2_costmap_2d_core.dir/src/costmap_layer.cpp.o[0m
[123.498s] [ 12%] [32mBuilding CXX object CMakeFiles/nav2_costmap_2d_core.dir/src/observation_buffer.cpp.o[0m
[131.328s] [ 13%] [32mBuilding CXX object CMakeFiles/nav2_costmap_2d_core.dir/src/clear_costmap_service.cpp.o[0m
[142.904s] [ 14%] [32mBuilding CXX object CMakeFiles/nav2_costmap_2d_core.dir/src/footprint_collision_checker.cpp.o[0m
[147.613s] [ 15%] [32mBuilding CXX object CMakeFiles/nav2_costmap_2d_core.dir/plugins/costmap_filters/costmap_filter.cpp.o[0m
[161.136s] [ 17%] [32m[1mLinking CXX shared library libnav2_costmap_2d_core.so[0m
[162.563s] [ 17%] Built target nav2_costmap_2d_core
[162.703s] [ 18%] [32mBuilding CXX object gtest/CMakeFiles/gtest.dir/src/gtest-all.cc.o[0m
[176.831s] [ 19%] [32mBuilding CXX object CMakeFiles/filters.dir/plugins/costmap_filters/keepout_filter.cpp.o[0m
[176.861s] [ 20%] [32m[1mLinking CXX static library libgtest.a[0m
[176.981s] [ 20%] Built target gtest
[177.002s] [ 21%] [32mBuilding CXX object CMakeFiles/filters.dir/plugins/costmap_filters/speed_filter.cpp.o[0m
[177.082s] [ 23%] [32mBuilding CXX object CMakeFiles/layers.dir/plugins/inflation_layer.cpp.o[0m
[178.172s] [ 24%] [32mBuilding CXX object gtest/CMakeFiles/gtest_main.dir/src/gtest_main.cc.o[0m
[183.436s] [ 25%] [32m[1mLinking CXX static library libgtest_main.a[0m
[183.727s] [ 25%] Built target gtest_main
[197.007s] [ 26%] [32mBuilding CXX object CMakeFiles/layers.dir/plugins/static_layer.cpp.o[0m
[221.703s] [ 28%] [32mBuilding CXX object CMakeFiles/filters.dir/plugins/costmap_filters/binary_filter.cpp.o[0m
[232.828s] [ 29%] [32mBuilding CXX object CMakeFiles/layers.dir/plugins/obstacle_layer.cpp.o[0m
[248.970s] [ 30%] [32m[1mLinking CXX shared library libfilters.so[0m
[250.286s] [ 30%] Built target filters
[262.358s] [ 31%] [32mBuilding CXX object CMakeFiles/nav2_costmap_2d_cloud.dir/src/costmap_2d_cloud.cpp.o[0m
[263.483s] [ 32%] [32mBuilding CXX object CMakeFiles/nav2_costmap_2d_markers.dir/src/costmap_2d_markers.cpp.o[0m
[264.586s] [ 34%] [32mBuilding CXX object CMakeFiles/nav2_costmap_2d_client.dir/src/footprint_subscriber.cpp.o[0m
[273.103s] [ 35%] [32mBuilding CXX object CMakeFiles/layers.dir/src/observation_buffer.cpp.o[0m
[292.560s] [ 36%] [32mBuilding CXX object CMakeFiles/layers.dir/plugins/voxel_layer.cpp.o[0m
[305.442s] [ 37%] [32m[1mLinking CXX executable nav2_costmap_2d_cloud[0m
[306.206s] [ 39%] [32m[1mLinking CXX executable nav2_costmap_2d_markers[0m
[306.428s] [ 40%] [32mBuilding CXX object CMakeFiles/nav2_costmap_2d_client.dir/src/costmap_subscriber.cpp.o[0m
[306.447s] [ 40%] Built target nav2_costmap_2d_cloud
[307.047s] [ 40%] Built target nav2_costmap_2d_markers
[316.480s] [ 41%] [32mBuilding CXX object CMakeFiles/layers.dir/plugins/range_sensor_layer.cpp.o[0m
[324.564s] [ 42%] [32mBuilding CXX object CMakeFiles/nav2_costmap_2d_client.dir/src/costmap_topic_collision_checker.cpp.o[0m
[332.759s] [ 43%] [32m[1mLinking CXX shared library libnav2_costmap_2d_client.so[0m
[333.662s] [ 43%] Built target nav2_costmap_2d_client
[338.974s] [ 45%] [32mBuilding CXX object CMakeFiles/layers.dir/plugins/denoise_layer.cpp.o[0m
[345.604s] [ 46%] [32m[1mLinking CXX shared library liblayers.so[0m
[346.930s] [ 46%] Built target layers
[346.983s] [ 47%] [32mBuilding CXX object test/unit/CMakeFiles/costmap_convesion_test.dir/costmap_conversion_test.cpp.o[0m
[352.019s] [ 48%] [32mBuilding CXX object test/unit/CMakeFiles/declare_parameter_test.dir/declare_parameter_test.cpp.o[0m
[353.730s] [ 50%] [32m[1mLinking CXX executable costmap_convesion_test[0m
[354.154s] [ 51%] [32mBuilding CXX object test/unit/CMakeFiles/collision_footprint_test.dir/footprint_collision_checker_test.cpp.o[0m
[354.871s] [ 51%] Built target costmap_convesion_test
[356.019s] [ 52%] [32mBuilding CXX object test/unit/CMakeFiles/costmap_filter_test.dir/costmap_filter_test.cpp.o[0m
[372.190s] [ 53%] [32m[1mLinking CXX executable declare_parameter_test[0m
[373.595s] [ 53%] Built target declare_parameter_test
[374.453s] [ 54%] [32m[1mLinking CXX executable costmap_filter_test[0m
[375.784s] [ 54%] Built target costmap_filter_test
[376.646s] [ 56%] [32m[1mLinking CXX executable collision_footprint_test[0m
[377.390s] [ 56%] Built target collision_footprint_test
[377.459s] [ 57%] [32mBuilding CXX object test/unit/CMakeFiles/speed_filter_test.dir/speed_filter_test.cpp.o[0m
[398.253s] [ 58%] [32m[1mLinking CXX executable speed_filter_test[0m
[398.990s] [ 58%] Built target speed_filter_test
[399.034s] [ 59%] [32mBuilding CXX object test/unit/CMakeFiles/binary_filter_test.dir/binary_filter_test.cpp.o[0m
[419.875s] [ 60%] [32m[1mLinking CXX executable binary_filter_test[0m
[420.548s] [ 60%] Built target binary_filter_test
[420.578s] [ 62%] [32mBuilding CXX object test/unit/CMakeFiles/copy_window_test.dir/copy_window_test.cpp.o[0m
[425.765s] [ 63%] [32m[1mLinking CXX executable copy_window_test[0m
[426.235s] [ 63%] Built target copy_window_test
[426.283s] [ 64%] [32mBuilding CXX object test/unit/CMakeFiles/costmap_filter_service_test.dir/costmap_filter_service_test.cpp.o[0m
[432.333s] [ 65%] [32mBuilding CXX object test/unit/CMakeFiles/denoise_layer_test.dir/denoise_layer_test.cpp.o[0m
[434.464s] [ 67%] [32mBuilding CXX object test/unit/CMakeFiles/keepout_filter_test.dir/keepout_filter_test.cpp.o[0m
[436.551s] [ 68%] [32mBuilding CXX object test/unit/CMakeFiles/array_parser_test.dir/array_parser_test.cpp.o[0m
[442.164s] [ 69%] [32m[1mLinking CXX executable costmap_filter_service_test[0m
[443.942s] [ 69%] Built target costmap_filter_service_test
[445.244s] [ 70%] [32m[1mLinking CXX executable array_parser_test[0m
[446.282s] [ 70%] Built target array_parser_test
[452.739s] [ 71%] [32mBuilding CXX object test/unit/CMakeFiles/denoise_layer_test.dir/image_test.cpp.o[0m
[457.541s] [ 73%] [32mBuilding CXX object test/unit/CMakeFiles/denoise_layer_test.dir/image_processing_test.cpp.o[0m
[461.212s] [ 74%] [32m[1mLinking CXX executable keepout_filter_test[0m
[462.345s] [ 74%] Built target keepout_filter_test
[466.490s] [ 75%] [32m[1mLinking CXX executable denoise_layer_test[0m
[467.358s] [ 75%] Built target denoise_layer_test
[467.394s] [ 76%] [32mBuilding CXX object test/integration/CMakeFiles/inflation_tests_exec.dir/inflation_tests.cpp.o[0m
[481.902s] [ 78%] [32m[1mLinking CXX executable inflation_tests_exec[0m
[482.614s] [ 78%] Built target inflation_tests_exec
[482.650s] [ 79%] [32mBuilding CXX object test/integration/CMakeFiles/obstacle_tests_exec.dir/obstacle_tests.cpp.o[0m
[497.185s] [ 80%] [32m[1mLinking CXX executable obstacle_tests_exec[0m
[497.741s] [ 81%] [32mBuilding CXX object test/integration/CMakeFiles/range_tests_exec.dir/range_tests.cpp.o[0m
[498.162s] [ 81%] Built target obstacle_tests_exec
[498.219s] [ 82%] [32mBuilding CXX object test/integration/CMakeFiles/test_collision_checker_exec.dir/test_costmap_topic_collision_checker.cpp.o[0m
[499.326s] [ 84%] [32mBuilding CXX object test/integration/CMakeFiles/dyn_params_tests.dir/dyn_params_tests.cpp.o[0m
[499.377s] [ 85%] [32mBuilding CXX object test/integration/CMakeFiles/footprint_tests_exec.dir/footprint_tests.cpp.o[0m
[523.571s] [ 86%] [32m[1mLinking CXX executable footprint_tests_exec[0m
[524.660s] [ 86%] Built target footprint_tests_exec
[532.665s] [ 87%] [32m[1mLinking CXX executable range_tests_exec[0m
[533.517s] [ 89%] [32m[1mLinking CXX executable dyn_params_tests[0m
[534.561s] [ 89%] Built target range_tests_exec
[534.655s] [ 89%] Built target dyn_params_tests
[537.940s] [ 90%] [32m[1mLinking CXX executable test_collision_checker_exec[0m
[538.717s] [ 90%] Built target test_collision_checker_exec
[538.758s] [ 91%] [32mBuilding CXX object test/regression/CMakeFiles/plugin_api_order.dir/plugin_api_order.cpp.o[0m
[546.435s] [ 92%] [32m[1mLinking CXX executable plugin_api_order[0m
[546.891s] [ 92%] Built target plugin_api_order
[546.942s] [ 93%] [32mBuilding CXX object CMakeFiles/nav2_costmap_2d.dir/src/costmap_2d_node.cpp.o[0m
[553.902s] [ 95%] [32m[1mLinking CXX executable nav2_costmap_2d[0m
[554.446s] [ 95%] Built target nav2_costmap_2d
[554.489s] [ 96%] [32mBuilding CXX object test/regression/CMakeFiles/order_layer.dir/order_layer.cpp.o[0m
[559.596s] [ 97%] [32m[1mLinking CXX shared library liborder_layer.so[0m
[560.071s] [ 97%] Built target order_layer
[560.122s] [ 98%] [32mBuilding CXX object test/regression/CMakeFiles/costmap_bresenham_2d.dir/costmap_bresenham_2d.cpp.o[0m
[562.741s] [100%] [32m[1mLinking CXX executable costmap_bresenham_2d[0m
[563.183s] [100%] Built target costmap_bresenham_2d
[563.219s] Invoked command in '/home/edwinooi/Desktop/foxy_ws/build/nav2_costmap_2d' returned '0': AMENT_PREFIX_PATH=/home/edwinooi/Desktop/foxy_ws/install/nav2_map_server:/home/edwinooi/Desktop/foxy_ws/install/nav2_lifecycle_manager:/home/edwinooi/Desktop/foxy_ws/install/nav2_util:/home/edwinooi/Desktop/foxy_ws/install/nav2_voxel_grid:/home/edwinooi/Desktop/foxy_ws/install/nav2_msgs:/home/edwinooi/Desktop/foxy_ws/install/nav2_common:${AMENT_PREFIX_PATH} CMAKE_PREFIX_PATH=/home/edwinooi/Desktop/foxy_ws/install/nav2_map_server:/home/edwinooi/Desktop/foxy_ws/install/nav2_lifecycle_manager:/home/edwinooi/Desktop/foxy_ws/install/nav2_util:/home/edwinooi/Desktop/foxy_ws/install/nav2_voxel_grid:/home/edwinooi/Desktop/foxy_ws/install/nav2_msgs:/home/edwinooi/Desktop/foxy_ws/install/nav2_common:/home/edwinooi/Desktop/emanual/install/turtlebot3_simulations:/home/edwinooi/Desktop/emanual/install/turtlebot3_gazebo:/home/edwinooi/Desktop/emanual/install/turtlebot3_fake_node:/home/edwinooi/Desktop/emanual/install/ros2_aruco_interfaces:/home/edwinooi/Desktop/emanual/install/ros2_aruco:/opt/ros/humble LD_LIBRARY_PATH=/home/edwinooi/Desktop/foxy_ws/install/nav2_map_server/lib:/home/edwinooi/Desktop/foxy_ws/install/nav2_lifecycle_manager/lib:/home/edwinooi/Desktop/foxy_ws/install/nav2_util/lib:/home/edwinooi/Desktop/foxy_ws/install/nav2_voxel_grid/lib:/home/edwinooi/Desktop/foxy_ws/install/nav2_msgs/lib:${LD_LIBRARY_PATH} PYTHONPATH=/home/edwinooi/Desktop/foxy_ws/install/nav2_msgs/local/lib/python3.10/dist-packages:/home/edwinooi/Desktop/foxy_ws/install/nav2_common/local/lib/python3.10/dist-packages:${PYTHONPATH} /usr/bin/cmake --build /home/edwinooi/Desktop/foxy_ws/build/nav2_costmap_2d -- -j4 -l4
[563.486s] Invoking command in '/home/edwinooi/Desktop/foxy_ws/build/nav2_costmap_2d': AMENT_PREFIX_PATH=/home/edwinooi/Desktop/foxy_ws/install/nav2_map_server:/home/edwinooi/Desktop/foxy_ws/install/nav2_lifecycle_manager:/home/edwinooi/Desktop/foxy_ws/install/nav2_util:/home/edwinooi/Desktop/foxy_ws/install/nav2_voxel_grid:/home/edwinooi/Desktop/foxy_ws/install/nav2_msgs:/home/edwinooi/Desktop/foxy_ws/install/nav2_common:${AMENT_PREFIX_PATH} CMAKE_PREFIX_PATH=/home/edwinooi/Desktop/foxy_ws/install/nav2_map_server:/home/edwinooi/Desktop/foxy_ws/install/nav2_lifecycle_manager:/home/edwinooi/Desktop/foxy_ws/install/nav2_util:/home/edwinooi/Desktop/foxy_ws/install/nav2_voxel_grid:/home/edwinooi/Desktop/foxy_ws/install/nav2_msgs:/home/edwinooi/Desktop/foxy_ws/install/nav2_common:/home/edwinooi/Desktop/emanual/install/turtlebot3_simulations:/home/edwinooi/Desktop/emanual/install/turtlebot3_gazebo:/home/edwinooi/Desktop/emanual/install/turtlebot3_fake_node:/home/edwinooi/Desktop/emanual/install/ros2_aruco_interfaces:/home/edwinooi/Desktop/emanual/install/ros2_aruco:/opt/ros/humble LD_LIBRARY_PATH=/home/edwinooi/Desktop/foxy_ws/install/nav2_map_server/lib:/home/edwinooi/Desktop/foxy_ws/install/nav2_lifecycle_manager/lib:/home/edwinooi/Desktop/foxy_ws/install/nav2_util/lib:/home/edwinooi/Desktop/foxy_ws/install/nav2_voxel_grid/lib:/home/edwinooi/Desktop/foxy_ws/install/nav2_msgs/lib:${LD_LIBRARY_PATH} PYTHONPATH=/home/edwinooi/Desktop/foxy_ws/install/nav2_msgs/local/lib/python3.10/dist-packages:/home/edwinooi/Desktop/foxy_ws/install/nav2_common/local/lib/python3.10/dist-packages:${PYTHONPATH} /usr/bin/cmake --install /home/edwinooi/Desktop/foxy_ws/build/nav2_costmap_2d
[563.502s] -- Install configuration: "Release"
[563.502s] -- Installing: /home/edwinooi/Desktop/foxy_ws/install/nav2_costmap_2d/lib/liblayers.so
[563.512s] -- Set runtime path of "/home/edwinooi/Desktop/foxy_ws/install/nav2_costmap_2d/lib/liblayers.so" to ""
[563.512s] -- Installing: /home/edwinooi/Desktop/foxy_ws/install/nav2_costmap_2d/lib/libfilters.so
[563.516s] -- Set runtime path of "/home/edwinooi/Desktop/foxy_ws/install/nav2_costmap_2d/lib/libfilters.so" to ""
[563.517s] -- Installing: /home/edwinooi/Desktop/foxy_ws/install/nav2_costmap_2d/lib/libnav2_costmap_2d_core.so
[563.522s] -- Set runtime path of "/home/edwinooi/Desktop/foxy_ws/install/nav2_costmap_2d/lib/libnav2_costmap_2d_core.so" to ""
[563.522s] -- Installing: /home/edwinooi/Desktop/foxy_ws/install/nav2_costmap_2d/lib/libnav2_costmap_2d_client.so
[563.527s] -- Set runtime path of "/home/edwinooi/Desktop/foxy_ws/install/nav2_costmap_2d/lib/libnav2_costmap_2d_client.so" to ""
[563.527s] -- Installing: /home/edwinooi/Desktop/foxy_ws/install/nav2_costmap_2d/lib/nav2_costmap_2d/nav2_costmap_2d_markers
[563.536s] -- Set runtime path of "/home/edwinooi/Desktop/foxy_ws/install/nav2_costmap_2d/lib/nav2_costmap_2d/nav2_costmap_2d_markers" to ""
[563.537s] -- Installing: /home/edwinooi/Desktop/foxy_ws/install/nav2_costmap_2d/lib/nav2_costmap_2d/nav2_costmap_2d_cloud
[563.537s] -- Set runtime path of "/home/edwinooi/Desktop/foxy_ws/install/nav2_costmap_2d/lib/nav2_costmap_2d/nav2_costmap_2d_cloud" to ""
[563.537s] -- Installing: /home/edwinooi/Desktop/foxy_ws/install/nav2_costmap_2d/lib/nav2_costmap_2d/nav2_costmap_2d
[563.537s] -- Set runtime path of "/home/edwinooi/Desktop/foxy_ws/install/nav2_costmap_2d/lib/nav2_costmap_2d/nav2_costmap_2d" to ""
[563.537s] -- Installing: /home/edwinooi/Desktop/foxy_ws/install/nav2_costmap_2d/share/nav2_costmap_2d/costmap_plugins.xml
[563.538s] -- Installing: /home/edwinooi/Desktop/foxy_ws/install/nav2_costmap_2d/include/nav2_costmap_2d
[563.538s] -- Installing: /home/edwinooi/Desktop/foxy_ws/install/nav2_costmap_2d/include/nav2_costmap_2d/nav2_costmap_2d
[563.538s] -- Installing: /home/edwinooi/Desktop/foxy_ws/install/nav2_costmap_2d/include/nav2_costmap_2d/nav2_costmap_2d/costmap_subscriber.hpp
[563.538s] -- Installing: /home/edwinooi/Desktop/foxy_ws/install/nav2_costmap_2d/include/nav2_costmap_2d/nav2_costmap_2d/observation.hpp
[563.538s] -- Installing: /home/edwinooi/Desktop/foxy_ws/install/nav2_costmap_2d/include/nav2_costmap_2d/nav2_costmap_2d/range_sensor_layer.hpp
[563.538s] -- Installing: /home/edwinooi/Desktop/foxy_ws/install/nav2_costmap_2d/include/nav2_costmap_2d/nav2_costmap_2d/denoise
[563.539s] -- Installing: /home/edwinooi/Desktop/foxy_ws/install/nav2_costmap_2d/include/nav2_costmap_2d/nav2_costmap_2d/denoise/image_processing.hpp
[563.539s] -- Installing: /home/edwinooi/Desktop/foxy_ws/install/nav2_costmap_2d/include/nav2_costmap_2d/nav2_costmap_2d/denoise/image.hpp
[563.539s] -- Installing: /home/edwinooi/Desktop/foxy_ws/install/nav2_costmap_2d/include/nav2_costmap_2d/nav2_costmap_2d/footprint_collision_checker.hpp
[563.539s] -- Installing: /home/edwinooi/Desktop/foxy_ws/install/nav2_costmap_2d/include/nav2_costmap_2d/nav2_costmap_2d/costmap_math.hpp
[563.540s] -- Installing: /home/edwinooi/Desktop/foxy_ws/install/nav2_costmap_2d/include/nav2_costmap_2d/nav2_costmap_2d/inflation_layer.hpp
[563.540s] -- Installing: /home/edwinooi/Desktop/foxy_ws/install/nav2_costmap_2d/include/nav2_costmap_2d/nav2_costmap_2d/observation_buffer.hpp
[563.540s] -- Installing: /home/edwinooi/Desktop/foxy_ws/install/nav2_costmap_2d/include/nav2_costmap_2d/nav2_costmap_2d/array_parser.hpp
[563.540s] -- Installing: /home/edwinooi/Desktop/foxy_ws/install/nav2_costmap_2d/include/nav2_costmap_2d/nav2_costmap_2d/obstacle_layer.hpp
[563.540s] -- Installing: /home/edwinooi/Desktop/foxy_ws/install/nav2_costmap_2d/include/nav2_costmap_2d/nav2_costmap_2d/footprint.hpp
[563.540s] -- Installing: /home/edwinooi/Desktop/foxy_ws/install/nav2_costmap_2d/include/nav2_costmap_2d/nav2_costmap_2d/layer.hpp
[563.541s] -- Installing: /home/edwinooi/Desktop/foxy_ws/install/nav2_costmap_2d/include/nav2_costmap_2d/nav2_costmap_2d/cost_values.hpp
[563.541s] -- Installing: /home/edwinooi/Desktop/foxy_ws/install/nav2_costmap_2d/include/nav2_costmap_2d/nav2_costmap_2d/exceptions.hpp
[563.541s] -- Installing: /home/edwinooi/Desktop/foxy_ws/install/nav2_costmap_2d/include/nav2_costmap_2d/nav2_costmap_2d/voxel_layer.hpp
[563.541s] -- Installing: /home/edwinooi/Desktop/foxy_ws/install/nav2_costmap_2d/include/nav2_costmap_2d/nav2_costmap_2d/denoise_layer.hpp
[563.542s] -- Installing: /home/edwinooi/Desktop/foxy_ws/install/nav2_costmap_2d/include/nav2_costmap_2d/nav2_costmap_2d/costmap_topic_collision_checker.hpp
[563.542s] -- Installing: /home/edwinooi/Desktop/foxy_ws/install/nav2_costmap_2d/include/nav2_costmap_2d/nav2_costmap_2d/costmap_2d_publisher.hpp
[563.542s] -- Installing: /home/edwinooi/Desktop/foxy_ws/install/nav2_costmap_2d/include/nav2_costmap_2d/nav2_costmap_2d/clear_costmap_service.hpp
[563.542s] -- Installing: /home/edwinooi/Desktop/foxy_ws/install/nav2_costmap_2d/include/nav2_costmap_2d/nav2_costmap_2d/costmap_2d.hpp
[563.542s] -- Installing: /home/edwinooi/Desktop/foxy_ws/install/nav2_costmap_2d/include/nav2_costmap_2d/nav2_costmap_2d/costmap_filters
[563.542s] -- Installing: /home/edwinooi/Desktop/foxy_ws/install/nav2_costmap_2d/include/nav2_costmap_2d/nav2_costmap_2d/costmap_filters/keepout_filter.hpp
[563.547s] -- Installing: /home/edwinooi/Desktop/foxy_ws/install/nav2_costmap_2d/include/nav2_costmap_2d/nav2_costmap_2d/costmap_filters/filter_values.hpp
[563.547s] -- Installing: /home/edwinooi/Desktop/foxy_ws/install/nav2_costmap_2d/include/nav2_costmap_2d/nav2_costmap_2d/costmap_filters/binary_filter.hpp
[563.547s] -- Installing: /home/edwinooi/Desktop/foxy_ws/install/nav2_costmap_2d/include/nav2_costmap_2d/nav2_costmap_2d/costmap_filters/speed_filter.hpp
[563.547s] -- Installing: /home/edwinooi/Desktop/foxy_ws/install/nav2_costmap_2d/include/nav2_costmap_2d/nav2_costmap_2d/costmap_filters/costmap_filter.hpp
[563.548s] -- Installing: /home/edwinooi/Desktop/foxy_ws/install/nav2_costmap_2d/include/nav2_costmap_2d/nav2_costmap_2d/footprint_subscriber.hpp
[563.548s] -- Installing: /home/edwinooi/Desktop/foxy_ws/install/nav2_costmap_2d/include/nav2_costmap_2d/nav2_costmap_2d/costmap_layer.hpp
[563.548s] -- Installing: /home/edwinooi/Desktop/foxy_ws/install/nav2_costmap_2d/include/nav2_costmap_2d/nav2_costmap_2d/layered_costmap.hpp
[563.548s] -- Installing: /home/edwinooi/Desktop/foxy_ws/install/nav2_costmap_2d/include/nav2_costmap_2d/nav2_costmap_2d/static_layer.hpp
[563.548s] -- Installing: /home/edwinooi/Desktop/foxy_ws/install/nav2_costmap_2d/include/nav2_costmap_2d/nav2_costmap_2d/costmap_2d_ros.hpp
[563.549s] -- Installing: /home/edwinooi/Desktop/foxy_ws/install/nav2_costmap_2d/share/nav2_costmap_2d/test/regression/order_layer.xml
[563.549s] -- Installing: /home/edwinooi/Desktop/foxy_ws/install/nav2_costmap_2d/share/nav2_costmap_2d/environment/library_path.sh
[563.549s] -- Installing: /home/edwinooi/Desktop/foxy_ws/install/nav2_costmap_2d/share/nav2_costmap_2d/environment/library_path.dsv
[563.549s] -- Up-to-date: /home/edwinooi/Desktop/foxy_ws/install/nav2_costmap_2d/share/nav2_costmap_2d/costmap_plugins.xml
[563.550s] -- Installing: /home/edwinooi/Desktop/foxy_ws/install/nav2_costmap_2d/share/ament_index/resource_index/package_run_dependencies/nav2_costmap_2d
[563.550s] -- Installing: /home/edwinooi/Desktop/foxy_ws/install/nav2_costmap_2d/share/ament_index/resource_index/parent_prefix_path/nav2_costmap_2d
[563.552s] -- Installing: /home/edwinooi/Desktop/foxy_ws/install/nav2_costmap_2d/share/nav2_costmap_2d/environment/ament_prefix_path.sh
[563.552s] -- Installing: /home/edwinooi/Desktop/foxy_ws/install/nav2_costmap_2d/share/nav2_costmap_2d/environment/ament_prefix_path.dsv
[563.552s] -- Installing: /home/edwinooi/Desktop/foxy_ws/install/nav2_costmap_2d/share/nav2_costmap_2d/environment/path.sh
[563.553s] -- Installing: /home/edwinooi/Desktop/foxy_ws/install/nav2_costmap_2d/share/nav2_costmap_2d/environment/path.dsv
[563.553s] -- Installing: /home/edwinooi/Desktop/foxy_ws/install/nav2_costmap_2d/share/nav2_costmap_2d/local_setup.bash
[563.555s] -- Installing: /home/edwinooi/Desktop/foxy_ws/install/nav2_costmap_2d/share/nav2_costmap_2d/local_setup.sh
[563.555s] -- Installing: /home/edwinooi/Desktop/foxy_ws/install/nav2_costmap_2d/share/nav2_costmap_2d/local_setup.zsh
[563.556s] -- Installing: /home/edwinooi/Desktop/foxy_ws/install/nav2_costmap_2d/share/nav2_costmap_2d/local_setup.dsv
[563.557s] -- Installing: /home/edwinooi/Desktop/foxy_ws/install/nav2_costmap_2d/share/nav2_costmap_2d/package.dsv
[563.558s] -- Installing: /home/edwinooi/Desktop/foxy_ws/install/nav2_costmap_2d/share/ament_index/resource_index/packages/nav2_costmap_2d
[563.558s] -- Installing: /home/edwinooi/Desktop/foxy_ws/install/nav2_costmap_2d/share/ament_index/resource_index/nav2_costmap_2d__pluginlib__plugin/nav2_costmap_2d
[563.565s] -- Installing: /home/edwinooi/Desktop/foxy_ws/install/nav2_costmap_2d/share/nav2_costmap_2d/cmake/export_nav2_costmap_2dExport.cmake
[563.565s] -- Installing: /home/edwinooi/Desktop/foxy_ws/install/nav2_costmap_2d/share/nav2_costmap_2d/cmake/export_nav2_costmap_2dExport-release.cmake
[563.565s] -- Installing: /home/edwinooi/Desktop/foxy_ws/install/nav2_costmap_2d/share/nav2_costmap_2d/cmake/ament_cmake_export_targets-extras.cmake
[563.565s] -- Installing: /home/edwinooi/Desktop/foxy_ws/install/nav2_costmap_2d/share/nav2_costmap_2d/cmake/ament_cmake_export_dependencies-extras.cmake
[563.566s] -- Installing: /home/edwinooi/Desktop/foxy_ws/install/nav2_costmap_2d/share/nav2_costmap_2d/cmake/nav2_costmap_2dConfig.cmake
[563.566s] -- Installing: /home/edwinooi/Desktop/foxy_ws/install/nav2_costmap_2d/share/nav2_costmap_2d/cmake/nav2_costmap_2dConfig-version.cmake
[563.566s] -- Installing: /home/edwinooi/Desktop/foxy_ws/install/nav2_costmap_2d/share/nav2_costmap_2d/package.xml
[563.566s] -- Installing: /home/edwinooi/Desktop/foxy_ws/install/nav2_costmap_2d/lib/liborder_layer.so
[563.566s] -- Set runtime path of "/home/edwinooi/Desktop/foxy_ws/install/nav2_costmap_2d/lib/liborder_layer.so" to ""
[563.581s] Invoked command in '/home/edwinooi/Desktop/foxy_ws/build/nav2_costmap_2d' returned '0': AMENT_PREFIX_PATH=/home/edwinooi/Desktop/foxy_ws/install/nav2_map_server:/home/edwinooi/Desktop/foxy_ws/install/nav2_lifecycle_manager:/home/edwinooi/Desktop/foxy_ws/install/nav2_util:/home/edwinooi/Desktop/foxy_ws/install/nav2_voxel_grid:/home/edwinooi/Desktop/foxy_ws/install/nav2_msgs:/home/edwinooi/Desktop/foxy_ws/install/nav2_common:${AMENT_PREFIX_PATH} CMAKE_PREFIX_PATH=/home/edwinooi/Desktop/foxy_ws/install/nav2_map_server:/home/edwinooi/Desktop/foxy_ws/install/nav2_lifecycle_manager:/home/edwinooi/Desktop/foxy_ws/install/nav2_util:/home/edwinooi/Desktop/foxy_ws/install/nav2_voxel_grid:/home/edwinooi/Desktop/foxy_ws/install/nav2_msgs:/home/edwinooi/Desktop/foxy_ws/install/nav2_common:/home/edwinooi/Desktop/emanual/install/turtlebot3_simulations:/home/edwinooi/Desktop/emanual/install/turtlebot3_gazebo:/home/edwinooi/Desktop/emanual/install/turtlebot3_fake_node:/home/edwinooi/Desktop/emanual/install/ros2_aruco_interfaces:/home/edwinooi/Desktop/emanual/install/ros2_aruco:/opt/ros/humble LD_LIBRARY_PATH=/home/edwinooi/Desktop/foxy_ws/install/nav2_map_server/lib:/home/edwinooi/Desktop/foxy_ws/install/nav2_lifecycle_manager/lib:/home/edwinooi/Desktop/foxy_ws/install/nav2_util/lib:/home/edwinooi/Desktop/foxy_ws/install/nav2_voxel_grid/lib:/home/edwinooi/Desktop/foxy_ws/install/nav2_msgs/lib:${LD_LIBRARY_PATH} PYTHONPATH=/home/edwinooi/Desktop/foxy_ws/install/nav2_msgs/local/lib/python3.10/dist-packages:/home/edwinooi/Desktop/foxy_ws/install/nav2_common/local/lib/python3.10/dist-packages:${PYTHONPATH} /usr/bin/cmake --install /home/edwinooi/Desktop/foxy_ws/build/nav2_costmap_2d
