[0.332s] Invoking command in '/home/edwinooi/Desktop/foxy_ws/build/nav2_velocity_smoother': AMENT_PREFIX_PATH=/home/edwinooi/Desktop/foxy_ws/install/nav2_util:/home/edwinooi/Desktop/foxy_ws/install/nav2_msgs:/home/edwinooi/Desktop/foxy_ws/install/nav2_common:${AMENT_PREFIX_PATH} CMAKE_PREFIX_PATH=/home/edwinooi/Desktop/foxy_ws/install/nav2_util:/home/edwinooi/Desktop/foxy_ws/install/nav2_msgs:/home/edwinooi/Desktop/foxy_ws/install/nav2_common:/home/edwinooi/Desktop/emanual/install/turtlebot3_simulations:/home/edwinooi/Desktop/emanual/install/turtlebot3_gazebo:/home/edwinooi/Desktop/emanual/install/turtlebot3_fake_node:/home/edwinooi/Desktop/emanual/install/ros2_aruco_interfaces:/home/edwinooi/Desktop/emanual/install/ros2_aruco:/opt/ros/humble LD_LIBRARY_PATH=/home/edwinooi/Desktop/foxy_ws/install/nav2_util/lib:/home/edwinooi/Desktop/foxy_ws/install/nav2_msgs/lib:${LD_LIBRARY_PATH} PYTHONPATH=/home/edwinooi/Desktop/foxy_ws/install/nav2_msgs/local/lib/python3.10/dist-packages:/home/edwinooi/Desktop/foxy_ws/install/nav2_common/local/lib/python3.10/dist-packages:${PYTHONPATH} /usr/bin/cmake /home/edwinooi/Desktop/foxy_ws/src/turtlebot3_simulations/navigation2-humble/nav2_velocity_smoother -DCMAKE_INSTALL_PREFIX=/home/edwinooi/Desktop/foxy_ws/install/nav2_velocity_smoother
[0.525s] -- The C compiler identification is GNU 11.4.0
[0.839s] -- The CXX compiler identification is GNU 11.4.0
[0.855s] -- Detecting C compiler ABI info
[1.075s] -- Detecting C compiler ABI info - done
[1.143s] -- Check for working C compiler: /usr/bin/cc - skipped
[1.144s] -- Detecting C compile features
[1.145s] -- Detecting C compile features - done
[1.150s] -- Detecting CXX compiler ABI info
[1.610s] -- Detecting CXX compiler ABI info - done
[1.636s] -- Check for working CXX compiler: /usr/bin/c++ - skipped
[1.639s] -- Detecting CXX compile features
[1.643s] -- Detecting CXX compile features - done
[1.649s] -- Found ament_cmake: 1.3.8 (/opt/ros/humble/share/ament_cmake/cmake)
[2.215s] -- Found Python3: /usr/bin/python3 (found version "3.10.12") found components: Interpreter 
[2.451s] -- Found nav2_common: 1.1.15 (/home/edwinooi/Desktop/foxy_ws/install/nav2_common/share/nav2_common/cmake)
[2.457s] -- Found rclcpp: 16.0.8 (/opt/ros/humble/share/rclcpp/cmake)
[2.587s] -- Found rosidl_generator_c: 3.1.5 (/opt/ros/humble/share/rosidl_generator_c/cmake)
[2.609s] -- Found rosidl_adapter: 3.1.5 (/opt/ros/humble/share/rosidl_adapter/cmake)
[2.634s] -- Found rosidl_generator_cpp: 3.1.5 (/opt/ros/humble/share/rosidl_generator_cpp/cmake)
[2.674s] -- Using all available rosidl_typesupport_c: rosidl_typesupport_fastrtps_c;rosidl_typesupport_introspection_c
[2.734s] -- Using all available rosidl_typesupport_cpp: rosidl_typesupport_fastrtps_cpp;rosidl_typesupport_introspection_cpp
[2.951s] -- Found rmw_implementation_cmake: 6.1.1 (/opt/ros/humble/share/rmw_implementation_cmake/cmake)
[2.961s] -- Found rmw_fastrtps_cpp: 6.2.6 (/opt/ros/humble/share/rmw_fastrtps_cpp/cmake)
[3.407s] -- Found OpenSSL: /usr/lib/x86_64-linux-gnu/libcrypto.so (found version "3.0.2")  
[3.556s] -- Found FastRTPS: /opt/ros/humble/include  
[3.831s] -- Using RMW implementation 'rmw_fastrtps_cpp' as default
[3.889s] -- Looking for pthread.h
[4.514s] -- Looking for pthread.h - found
[4.519s] -- Performing Test CMAKE_HAVE_LIBC_PTHREAD
[5.339s] -- Performing Test CMAKE_HAVE_LIBC_PTHREAD - Success
[5.342s] -- Found Threads: TRUE  
[6.682s] -- Found rclcpp_components: 16.0.8 (/opt/ros/humble/share/rclcpp_components/cmake)
[6.926s] -- Found geometry_msgs: 4.2.3 (/opt/ros/humble/share/geometry_msgs/cmake)
[7.063s] -- Found nav2_util: 1.1.15 (/home/edwinooi/Desktop/foxy_ws/install/nav2_util/share/nav2_util/cmake)
[10.410s] -- Found eigen3_cmake_module: 0.1.1 (/opt/ros/humble/share/eigen3_cmake_module/cmake)
[10.419s] -- Found Eigen3: TRUE (found version "3.4.0") 
[10.420s] -- Ensuring Eigen3 include directory is part of orocos-kdl CMake target
[11.847s] -- Setting build type to Release as none was specified.
[15.134s] -- Found ament_lint_auto: 0.12.10 (/opt/ros/humble/share/ament_lint_auto/cmake)
[15.381s] -- Found gtest sources under '/opt/ros/humble/src/gtest_vendor': C++ tests using 'Google Test' will be built
[16.732s] -- Added test 'cppcheck' to perform static code analysis on C / C++ code
[16.733s] -- Configured cppcheck include dirs: /home/edwinooi/Desktop/foxy_ws/src/turtlebot3_simulations/navigation2-humble/nav2_velocity_smoother/include
[16.733s] -- Configured cppcheck exclude dirs and/or files: 
[16.733s] -- Added test 'cpplint' to check C / C++ code against the Google style
[16.733s] -- Configured cpplint exclude dirs and/or files: 
[16.739s] -- Added test 'lint_cmake' to check CMake code style
[16.739s] -- Added test 'uncrustify' to check C / C++ code style
[16.739s] -- Configured uncrustify additional arguments: 
[16.740s] -- Added test 'xmllint' to check XML markup files
[16.748s] -- Configuring done
[17.240s] -- Generating done
[17.252s] -- Build files have been written to: /home/edwinooi/Desktop/foxy_ws/build/nav2_velocity_smoother
[17.307s] Invoked command in '/home/edwinooi/Desktop/foxy_ws/build/nav2_velocity_smoother' returned '0': AMENT_PREFIX_PATH=/home/edwinooi/Desktop/foxy_ws/install/nav2_util:/home/edwinooi/Desktop/foxy_ws/install/nav2_msgs:/home/edwinooi/Desktop/foxy_ws/install/nav2_common:${AMENT_PREFIX_PATH} CMAKE_PREFIX_PATH=/home/edwinooi/Desktop/foxy_ws/install/nav2_util:/home/edwinooi/Desktop/foxy_ws/install/nav2_msgs:/home/edwinooi/Desktop/foxy_ws/install/nav2_common:/home/edwinooi/Desktop/emanual/install/turtlebot3_simulations:/home/edwinooi/Desktop/emanual/install/turtlebot3_gazebo:/home/edwinooi/Desktop/emanual/install/turtlebot3_fake_node:/home/edwinooi/Desktop/emanual/install/ros2_aruco_interfaces:/home/edwinooi/Desktop/emanual/install/ros2_aruco:/opt/ros/humble LD_LIBRARY_PATH=/home/edwinooi/Desktop/foxy_ws/install/nav2_util/lib:/home/edwinooi/Desktop/foxy_ws/install/nav2_msgs/lib:${LD_LIBRARY_PATH} PYTHONPATH=/home/edwinooi/Desktop/foxy_ws/install/nav2_msgs/local/lib/python3.10/dist-packages:/home/edwinooi/Desktop/foxy_ws/install/nav2_common/local/lib/python3.10/dist-packages:${PYTHONPATH} /usr/bin/cmake /home/edwinooi/Desktop/foxy_ws/src/turtlebot3_simulations/navigation2-humble/nav2_velocity_smoother -DCMAKE_INSTALL_PREFIX=/home/edwinooi/Desktop/foxy_ws/install/nav2_velocity_smoother
[17.308s] Invoking command in '/home/edwinooi/Desktop/foxy_ws/build/nav2_velocity_smoother': AMENT_PREFIX_PATH=/home/edwinooi/Desktop/foxy_ws/install/nav2_util:/home/edwinooi/Desktop/foxy_ws/install/nav2_msgs:/home/edwinooi/Desktop/foxy_ws/install/nav2_common:${AMENT_PREFIX_PATH} CMAKE_PREFIX_PATH=/home/edwinooi/Desktop/foxy_ws/install/nav2_util:/home/edwinooi/Desktop/foxy_ws/install/nav2_msgs:/home/edwinooi/Desktop/foxy_ws/install/nav2_common:/home/edwinooi/Desktop/emanual/install/turtlebot3_simulations:/home/edwinooi/Desktop/emanual/install/turtlebot3_gazebo:/home/edwinooi/Desktop/emanual/install/turtlebot3_fake_node:/home/edwinooi/Desktop/emanual/install/ros2_aruco_interfaces:/home/edwinooi/Desktop/emanual/install/ros2_aruco:/opt/ros/humble LD_LIBRARY_PATH=/home/edwinooi/Desktop/foxy_ws/install/nav2_util/lib:/home/edwinooi/Desktop/foxy_ws/install/nav2_msgs/lib:${LD_LIBRARY_PATH} PYTHONPATH=/home/edwinooi/Desktop/foxy_ws/install/nav2_msgs/local/lib/python3.10/dist-packages:/home/edwinooi/Desktop/foxy_ws/install/nav2_common/local/lib/python3.10/dist-packages:${PYTHONPATH} /usr/bin/cmake --build /home/edwinooi/Desktop/foxy_ws/build/nav2_velocity_smoother -- -j4 -l4
[17.506s] [ 10%] [32mBuilding CXX object CMakeFiles/velocity_smoother_core.dir/src/velocity_smoother.cpp.o[0m
[45.437s] [ 20%] [32m[1mLinking CXX shared library libvelocity_smoother_core.so[0m
[45.986s] [ 20%] Built target velocity_smoother_core
[46.116s] [ 30%] [32mBuilding CXX object gtest/CMakeFiles/gtest.dir/src/gtest-all.cc.o[0m
[65.537s] [ 40%] [32m[1mLinking CXX static library libgtest.a[0m
[65.608s] [ 40%] Built target gtest
[65.650s] [ 50%] [32mBuilding CXX object CMakeFiles/velocity_smoother.dir/src/main.cpp.o[0m
[75.366s] [ 60%] [32m[1mLinking CXX executable velocity_smoother[0m
[76.268s] [ 60%] Built target velocity_smoother
[76.409s] [ 70%] [32mBuilding CXX object gtest/CMakeFiles/gtest_main.dir/src/gtest_main.cc.o[0m
[79.695s] [ 80%] [32m[1mLinking CXX static library libgtest_main.a[0m
[79.770s] [ 80%] Built target gtest_main
[79.827s] [ 90%] [32mBuilding CXX object test/CMakeFiles/velocity_smoother_tests.dir/test_velocity_smoother.cpp.o[0m
[120.565s] [100%] [32m[1mLinking CXX executable velocity_smoother_tests[0m
[121.549s] [100%] Built target velocity_smoother_tests
[121.592s] Invoked command in '/home/edwinooi/Desktop/foxy_ws/build/nav2_velocity_smoother' returned '0': AMENT_PREFIX_PATH=/home/edwinooi/Desktop/foxy_ws/install/nav2_util:/home/edwinooi/Desktop/foxy_ws/install/nav2_msgs:/home/edwinooi/Desktop/foxy_ws/install/nav2_common:${AMENT_PREFIX_PATH} CMAKE_PREFIX_PATH=/home/edwinooi/Desktop/foxy_ws/install/nav2_util:/home/edwinooi/Desktop/foxy_ws/install/nav2_msgs:/home/edwinooi/Desktop/foxy_ws/install/nav2_common:/home/edwinooi/Desktop/emanual/install/turtlebot3_simulations:/home/edwinooi/Desktop/emanual/install/turtlebot3_gazebo:/home/edwinooi/Desktop/emanual/install/turtlebot3_fake_node:/home/edwinooi/Desktop/emanual/install/ros2_aruco_interfaces:/home/edwinooi/Desktop/emanual/install/ros2_aruco:/opt/ros/humble LD_LIBRARY_PATH=/home/edwinooi/Desktop/foxy_ws/install/nav2_util/lib:/home/edwinooi/Desktop/foxy_ws/install/nav2_msgs/lib:${LD_LIBRARY_PATH} PYTHONPATH=/home/edwinooi/Desktop/foxy_ws/install/nav2_msgs/local/lib/python3.10/dist-packages:/home/edwinooi/Desktop/foxy_ws/install/nav2_common/local/lib/python3.10/dist-packages:${PYTHONPATH} /usr/bin/cmake --build /home/edwinooi/Desktop/foxy_ws/build/nav2_velocity_smoother -- -j4 -l4
[121.670s] Invoking command in '/home/edwinooi/Desktop/foxy_ws/build/nav2_velocity_smoother': AMENT_PREFIX_PATH=/home/edwinooi/Desktop/foxy_ws/install/nav2_util:/home/edwinooi/Desktop/foxy_ws/install/nav2_msgs:/home/edwinooi/Desktop/foxy_ws/install/nav2_common:${AMENT_PREFIX_PATH} CMAKE_PREFIX_PATH=/home/edwinooi/Desktop/foxy_ws/install/nav2_util:/home/edwinooi/Desktop/foxy_ws/install/nav2_msgs:/home/edwinooi/Desktop/foxy_ws/install/nav2_common:/home/edwinooi/Desktop/emanual/install/turtlebot3_simulations:/home/edwinooi/Desktop/emanual/install/turtlebot3_gazebo:/home/edwinooi/Desktop/emanual/install/turtlebot3_fake_node:/home/edwinooi/Desktop/emanual/install/ros2_aruco_interfaces:/home/edwinooi/Desktop/emanual/install/ros2_aruco:/opt/ros/humble LD_LIBRARY_PATH=/home/edwinooi/Desktop/foxy_ws/install/nav2_util/lib:/home/edwinooi/Desktop/foxy_ws/install/nav2_msgs/lib:${LD_LIBRARY_PATH} PYTHONPATH=/home/edwinooi/Desktop/foxy_ws/install/nav2_msgs/local/lib/python3.10/dist-packages:/home/edwinooi/Desktop/foxy_ws/install/nav2_common/local/lib/python3.10/dist-packages:${PYTHONPATH} /usr/bin/cmake --install /home/edwinooi/Desktop/foxy_ws/build/nav2_velocity_smoother
[121.689s] -- Install configuration: "Release"
[121.692s] -- Installing: /home/edwinooi/Desktop/foxy_ws/install/nav2_velocity_smoother/lib/libvelocity_smoother_core.so
[121.704s] -- Set runtime path of "/home/edwinooi/Desktop/foxy_ws/install/nav2_velocity_smoother/lib/libvelocity_smoother_core.so" to ""
[121.706s] -- Installing: /home/edwinooi/Desktop/foxy_ws/install/nav2_velocity_smoother/lib/nav2_velocity_smoother/velocity_smoother
[121.710s] -- Set runtime path of "/home/edwinooi/Desktop/foxy_ws/install/nav2_velocity_smoother/lib/nav2_velocity_smoother/velocity_smoother" to ""
[121.712s] -- Installing: /home/edwinooi/Desktop/foxy_ws/install/nav2_velocity_smoother/include/
[121.716s] -- Installing: /home/edwinooi/Desktop/foxy_ws/install/nav2_velocity_smoother/include//nav2_velocity_smoother
[121.718s] -- Installing: /home/edwinooi/Desktop/foxy_ws/install/nav2_velocity_smoother/include//nav2_velocity_smoother/velocity_smoother.hpp
[121.722s] -- Installing: /home/edwinooi/Desktop/foxy_ws/install/nav2_velocity_smoother/share/nav2_velocity_smoother/environment/library_path.sh
[121.724s] -- Installing: /home/edwinooi/Desktop/foxy_ws/install/nav2_velocity_smoother/share/nav2_velocity_smoother/environment/library_path.dsv
[121.724s] -- Installing: /home/edwinooi/Desktop/foxy_ws/install/nav2_velocity_smoother/share/ament_index/resource_index/package_run_dependencies/nav2_velocity_smoother
[121.726s] -- Installing: /home/edwinooi/Desktop/foxy_ws/install/nav2_velocity_smoother/share/ament_index/resource_index/parent_prefix_path/nav2_velocity_smoother
[121.732s] -- Installing: /home/edwinooi/Desktop/foxy_ws/install/nav2_velocity_smoother/share/nav2_velocity_smoother/environment/ament_prefix_path.sh
[121.733s] -- Installing: /home/edwinooi/Desktop/foxy_ws/install/nav2_velocity_smoother/share/nav2_velocity_smoother/environment/ament_prefix_path.dsv
[121.733s] -- Installing: /home/edwinooi/Desktop/foxy_ws/install/nav2_velocity_smoother/share/nav2_velocity_smoother/environment/path.sh
[121.734s] -- Installing: /home/edwinooi/Desktop/foxy_ws/install/nav2_velocity_smoother/share/nav2_velocity_smoother/environment/path.dsv
[121.738s] -- Installing: /home/edwinooi/Desktop/foxy_ws/install/nav2_velocity_smoother/share/nav2_velocity_smoother/local_setup.bash
[121.739s] -- Installing: /home/edwinooi/Desktop/foxy_ws/install/nav2_velocity_smoother/share/nav2_velocity_smoother/local_setup.sh
[121.740s] -- Installing: /home/edwinooi/Desktop/foxy_ws/install/nav2_velocity_smoother/share/nav2_velocity_smoother/local_setup.zsh
[121.741s] -- Installing: /home/edwinooi/Desktop/foxy_ws/install/nav2_velocity_smoother/share/nav2_velocity_smoother/local_setup.dsv
[121.741s] -- Installing: /home/edwinooi/Desktop/foxy_ws/install/nav2_velocity_smoother/share/nav2_velocity_smoother/package.dsv
[121.746s] -- Installing: /home/edwinooi/Desktop/foxy_ws/install/nav2_velocity_smoother/share/ament_index/resource_index/packages/nav2_velocity_smoother
[121.747s] -- Installing: /home/edwinooi/Desktop/foxy_ws/install/nav2_velocity_smoother/share/ament_index/resource_index/rclcpp_components/nav2_velocity_smoother
[121.748s] -- Installing: /home/edwinooi/Desktop/foxy_ws/install/nav2_velocity_smoother/share/nav2_velocity_smoother/cmake/ament_cmake_export_include_directories-extras.cmake
[121.749s] -- Installing: /home/edwinooi/Desktop/foxy_ws/install/nav2_velocity_smoother/share/nav2_velocity_smoother/cmake/ament_cmake_export_libraries-extras.cmake
[121.750s] -- Installing: /home/edwinooi/Desktop/foxy_ws/install/nav2_velocity_smoother/share/nav2_velocity_smoother/cmake/ament_cmake_export_dependencies-extras.cmake
[121.751s] -- Installing: /home/edwinooi/Desktop/foxy_ws/install/nav2_velocity_smoother/share/nav2_velocity_smoother/cmake/nav2_velocity_smootherConfig.cmake
[121.754s] -- Installing: /home/edwinooi/Desktop/foxy_ws/install/nav2_velocity_smoother/share/nav2_velocity_smoother/cmake/nav2_velocity_smootherConfig-version.cmake
[121.755s] -- Installing: /home/edwinooi/Desktop/foxy_ws/install/nav2_velocity_smoother/share/nav2_velocity_smoother/package.xml
[121.772s] Invoked command in '/home/edwinooi/Desktop/foxy_ws/build/nav2_velocity_smoother' returned '0': AMENT_PREFIX_PATH=/home/edwinooi/Desktop/foxy_ws/install/nav2_util:/home/edwinooi/Desktop/foxy_ws/install/nav2_msgs:/home/edwinooi/Desktop/foxy_ws/install/nav2_common:${AMENT_PREFIX_PATH} CMAKE_PREFIX_PATH=/home/edwinooi/Desktop/foxy_ws/install/nav2_util:/home/edwinooi/Desktop/foxy_ws/install/nav2_msgs:/home/edwinooi/Desktop/foxy_ws/install/nav2_common:/home/edwinooi/Desktop/emanual/install/turtlebot3_simulations:/home/edwinooi/Desktop/emanual/install/turtlebot3_gazebo:/home/edwinooi/Desktop/emanual/install/turtlebot3_fake_node:/home/edwinooi/Desktop/emanual/install/ros2_aruco_interfaces:/home/edwinooi/Desktop/emanual/install/ros2_aruco:/opt/ros/humble LD_LIBRARY_PATH=/home/edwinooi/Desktop/foxy_ws/install/nav2_util/lib:/home/edwinooi/Desktop/foxy_ws/install/nav2_msgs/lib:${LD_LIBRARY_PATH} PYTHONPATH=/home/edwinooi/Desktop/foxy_ws/install/nav2_msgs/local/lib/python3.10/dist-packages:/home/edwinooi/Desktop/foxy_ws/install/nav2_common/local/lib/python3.10/dist-packages:${PYTHONPATH} /usr/bin/cmake --install /home/edwinooi/Desktop/foxy_ws/build/nav2_velocity_smoother
