[0.612s] Invoking command in '/home/edwinooi/Desktop/foxy_ws/build/dwb_core': AMENT_PREFIX_PATH=/home/edwinooi/Desktop/foxy_ws/install/nav2_core:/home/edwinooi/Desktop/foxy_ws/install/nav2_costmap_2d:/home/edwinooi/Desktop/foxy_ws/install/nav_2d_utils:/home/edwinooi/Desktop/foxy_ws/install/nav2_util:/home/edwinooi/Desktop/foxy_ws/install/nav2_voxel_grid:/home/edwinooi/Desktop/foxy_ws/install/nav2_msgs:/home/edwinooi/Desktop/foxy_ws/install/dwb_msgs:/home/edwinooi/Desktop/foxy_ws/install/nav_2d_msgs:/home/edwinooi/Desktop/foxy_ws/install/nav2_common:${AMENT_PREFIX_PATH} CMAKE_PREFIX_PATH=/home/edwinooi/Desktop/foxy_ws/install/nav2_core:/home/edwinooi/Desktop/foxy_ws/install/nav2_costmap_2d:/home/edwinooi/Desktop/foxy_ws/install/nav_2d_utils:/home/edwinooi/Desktop/foxy_ws/install/nav2_util:/home/edwinooi/Desktop/foxy_ws/install/nav2_voxel_grid:/home/edwinooi/Desktop/foxy_ws/install/nav2_msgs:/home/edwinooi/Desktop/foxy_ws/install/dwb_msgs:/home/edwinooi/Desktop/foxy_ws/install/nav_2d_msgs:/home/edwinooi/Desktop/foxy_ws/install/nav2_common:/home/edwinooi/Desktop/emanual/install/turtlebot3_simulations:/home/edwinooi/Desktop/emanual/install/turtlebot3_gazebo:/home/edwinooi/Desktop/emanual/install/turtlebot3_fake_node:/home/edwinooi/Desktop/emanual/install/ros2_aruco_interfaces:/home/edwinooi/Desktop/emanual/install/ros2_aruco:/opt/ros/humble LD_LIBRARY_PATH=/home/edwinooi/Desktop/foxy_ws/install/nav2_costmap_2d/lib:/home/edwinooi/Desktop/foxy_ws/install/nav_2d_utils/lib:/home/edwinooi/Desktop/foxy_ws/install/nav2_util/lib:/home/edwinooi/Desktop/foxy_ws/install/nav2_voxel_grid/lib:/home/edwinooi/Desktop/foxy_ws/install/nav2_msgs/lib:/home/edwinooi/Desktop/foxy_ws/install/dwb_msgs/lib:/home/edwinooi/Desktop/foxy_ws/install/nav_2d_msgs/lib:${LD_LIBRARY_PATH} PYTHONPATH=/home/edwinooi/Desktop/foxy_ws/install/nav2_msgs/local/lib/python3.10/dist-packages:/home/edwinooi/Desktop/foxy_ws/install/dwb_msgs/local/lib/python3.10/dist-packages:/home/edwinooi/Desktop/foxy_ws/install/nav_2d_msgs/local/lib/python3.10/dist-packages:/home/edwinooi/Desktop/foxy_ws/install/nav2_common/local/lib/python3.10/dist-packages:${PYTHONPATH} /usr/bin/cmake /home/edwinooi/Desktop/foxy_ws/src/turtlebot3_simulations/navigation2-humble/nav2_dwb_controller/dwb_core -DCMAKE_INSTALL_PREFIX=/home/edwinooi/Desktop/foxy_ws/install/dwb_core
[0.928s] -- The C compiler identification is GNU 11.4.0
[1.306s] -- The CXX compiler identification is GNU 11.4.0
[1.328s] -- Detecting C compiler ABI info
[1.910s] -- Detecting C compiler ABI info - done
[1.935s] -- Check for working C compiler: /usr/bin/cc - skipped
[1.935s] -- Detecting C compile features
[1.936s] -- Detecting C compile features - done
[1.943s] -- Detecting CXX compiler ABI info
[2.478s] -- Detecting CXX compiler ABI info - done
[2.519s] -- Check for working CXX compiler: /usr/bin/c++ - skipped
[2.522s] -- Detecting CXX compile features
[2.525s] -- Detecting CXX compile features - done
[2.536s] -- Found ament_cmake: 1.3.8 (/opt/ros/humble/share/ament_cmake/cmake)
[3.077s] -- Found Python3: /usr/bin/python3 (found version "3.10.12") found components: Interpreter 
[3.399s] -- Found nav2_common: 1.1.15 (/home/edwinooi/Desktop/foxy_ws/install/nav2_common/share/nav2_common/cmake)
[3.400s] -- Found rclcpp: 16.0.8 (/opt/ros/humble/share/rclcpp/cmake)
[3.726s] -- Found rosidl_generator_c: 3.1.5 (/opt/ros/humble/share/rosidl_generator_c/cmake)
[3.767s] -- Found rosidl_adapter: 3.1.5 (/opt/ros/humble/share/rosidl_adapter/cmake)
[3.814s] -- Found rosidl_generator_cpp: 3.1.5 (/opt/ros/humble/share/rosidl_generator_cpp/cmake)
[3.867s] -- Using all available rosidl_typesupport_c: rosidl_typesupport_fastrtps_c;rosidl_typesupport_introspection_c
[4.008s] -- Using all available rosidl_typesupport_cpp: rosidl_typesupport_fastrtps_cpp;rosidl_typesupport_introspection_cpp
[4.365s] -- Found rmw_implementation_cmake: 6.1.1 (/opt/ros/humble/share/rmw_implementation_cmake/cmake)
[4.377s] -- Found rmw_fastrtps_cpp: 6.2.6 (/opt/ros/humble/share/rmw_fastrtps_cpp/cmake)
[5.043s] -- Found OpenSSL: /usr/lib/x86_64-linux-gnu/libcrypto.so (found version "3.0.2")  
[5.217s] -- Found FastRTPS: /opt/ros/humble/include  
[5.515s] -- Using RMW implementation 'rmw_fastrtps_cpp' as default
[5.586s] -- Looking for pthread.h
[6.214s] -- Looking for pthread.h - found
[6.216s] -- Performing Test CMAKE_HAVE_LIBC_PTHREAD
[6.826s] -- Performing Test CMAKE_HAVE_LIBC_PTHREAD - Success
[6.829s] -- Found Threads: TRUE  
[7.688s] -- Found geometry_msgs: 4.2.3 (/opt/ros/humble/share/geometry_msgs/cmake)
[8.027s] -- Found nav_2d_msgs: 1.1.15 (/home/edwinooi/Desktop/foxy_ws/install/nav_2d_msgs/share/nav_2d_msgs/cmake)
[8.486s] -- Found dwb_msgs: 1.1.15 (/home/edwinooi/Desktop/foxy_ws/install/dwb_msgs/share/dwb_msgs/cmake)
[9.395s] -- Found nav2_costmap_2d: 1.1.15 (/home/edwinooi/Desktop/foxy_ws/install/nav2_costmap_2d/share/nav2_costmap_2d/cmake)
[12.576s] -- Found Eigen3: TRUE (found version "3.4.0") 
[12.577s] -- Ensuring Eigen3 include directory is part of orocos-kdl CMake target
[15.499s] -- Found nav_2d_utils: 1.1.15 (/home/edwinooi/Desktop/foxy_ws/install/nav_2d_utils/share/nav_2d_utils/cmake)
[17.502s] -- Found nav2_core: 1.1.15 (/home/edwinooi/Desktop/foxy_ws/install/nav2_core/share/nav2_core/cmake)
[19.227s] -- Setting build type to Release as none was specified.
[28.892s] -- Found ament_lint_auto: 0.12.10 (/opt/ros/humble/share/ament_lint_auto/cmake)
[29.222s] -- Found gtest sources under '/opt/ros/humble/src/gtest_vendor': C++ tests using 'Google Test' will be built
[29.296s] -- Added test 'cppcheck' to perform static code analysis on C / C++ code
[29.300s] -- Configured cppcheck include dirs: /home/edwinooi/Desktop/foxy_ws/src/turtlebot3_simulations/navigation2-humble/nav2_dwb_controller/dwb_core/include
[29.300s] -- Configured cppcheck exclude dirs and/or files: 
[29.313s] -- Added test 'cpplint' to check C / C++ code against the Google style
[29.314s] -- Configured cpplint exclude dirs and/or files: 
[29.332s] -- Added test 'lint_cmake' to check CMake code style
[29.337s] -- Added test 'uncrustify' to check C / C++ code style
[29.337s] -- Configured uncrustify additional arguments: 
[29.343s] -- Added test 'xmllint' to check XML markup files
[29.375s] -- Configuring done
[30.138s] -- Generating done
[30.173s] -- Build files have been written to: /home/edwinooi/Desktop/foxy_ws/build/dwb_core
[30.283s] Invoked command in '/home/edwinooi/Desktop/foxy_ws/build/dwb_core' returned '0': AMENT_PREFIX_PATH=/home/edwinooi/Desktop/foxy_ws/install/nav2_core:/home/edwinooi/Desktop/foxy_ws/install/nav2_costmap_2d:/home/edwinooi/Desktop/foxy_ws/install/nav_2d_utils:/home/edwinooi/Desktop/foxy_ws/install/nav2_util:/home/edwinooi/Desktop/foxy_ws/install/nav2_voxel_grid:/home/edwinooi/Desktop/foxy_ws/install/nav2_msgs:/home/edwinooi/Desktop/foxy_ws/install/dwb_msgs:/home/edwinooi/Desktop/foxy_ws/install/nav_2d_msgs:/home/edwinooi/Desktop/foxy_ws/install/nav2_common:${AMENT_PREFIX_PATH} CMAKE_PREFIX_PATH=/home/edwinooi/Desktop/foxy_ws/install/nav2_core:/home/edwinooi/Desktop/foxy_ws/install/nav2_costmap_2d:/home/edwinooi/Desktop/foxy_ws/install/nav_2d_utils:/home/edwinooi/Desktop/foxy_ws/install/nav2_util:/home/edwinooi/Desktop/foxy_ws/install/nav2_voxel_grid:/home/edwinooi/Desktop/foxy_ws/install/nav2_msgs:/home/edwinooi/Desktop/foxy_ws/install/dwb_msgs:/home/edwinooi/Desktop/foxy_ws/install/nav_2d_msgs:/home/edwinooi/Desktop/foxy_ws/install/nav2_common:/home/edwinooi/Desktop/emanual/install/turtlebot3_simulations:/home/edwinooi/Desktop/emanual/install/turtlebot3_gazebo:/home/edwinooi/Desktop/emanual/install/turtlebot3_fake_node:/home/edwinooi/Desktop/emanual/install/ros2_aruco_interfaces:/home/edwinooi/Desktop/emanual/install/ros2_aruco:/opt/ros/humble LD_LIBRARY_PATH=/home/edwinooi/Desktop/foxy_ws/install/nav2_costmap_2d/lib:/home/edwinooi/Desktop/foxy_ws/install/nav_2d_utils/lib:/home/edwinooi/Desktop/foxy_ws/install/nav2_util/lib:/home/edwinooi/Desktop/foxy_ws/install/nav2_voxel_grid/lib:/home/edwinooi/Desktop/foxy_ws/install/nav2_msgs/lib:/home/edwinooi/Desktop/foxy_ws/install/dwb_msgs/lib:/home/edwinooi/Desktop/foxy_ws/install/nav_2d_msgs/lib:${LD_LIBRARY_PATH} PYTHONPATH=/home/edwinooi/Desktop/foxy_ws/install/nav2_msgs/local/lib/python3.10/dist-packages:/home/edwinooi/Desktop/foxy_ws/install/dwb_msgs/local/lib/python3.10/dist-packages:/home/edwinooi/Desktop/foxy_ws/install/nav_2d_msgs/local/lib/python3.10/dist-packages:/home/edwinooi/Desktop/foxy_ws/install/nav2_common/local/lib/python3.10/dist-packages:${PYTHONPATH} /usr/bin/cmake /home/edwinooi/Desktop/foxy_ws/src/turtlebot3_simulations/navigation2-humble/nav2_dwb_controller/dwb_core -DCMAKE_INSTALL_PREFIX=/home/edwinooi/Desktop/foxy_ws/install/dwb_core
[30.292s] Invoking command in '/home/edwinooi/Desktop/foxy_ws/build/dwb_core': AMENT_PREFIX_PATH=/home/edwinooi/Desktop/foxy_ws/install/nav2_core:/home/edwinooi/Desktop/foxy_ws/install/nav2_costmap_2d:/home/edwinooi/Desktop/foxy_ws/install/nav_2d_utils:/home/edwinooi/Desktop/foxy_ws/install/nav2_util:/home/edwinooi/Desktop/foxy_ws/install/nav2_voxel_grid:/home/edwinooi/Desktop/foxy_ws/install/nav2_msgs:/home/edwinooi/Desktop/foxy_ws/install/dwb_msgs:/home/edwinooi/Desktop/foxy_ws/install/nav_2d_msgs:/home/edwinooi/Desktop/foxy_ws/install/nav2_common:${AMENT_PREFIX_PATH} CMAKE_PREFIX_PATH=/home/edwinooi/Desktop/foxy_ws/install/nav2_core:/home/edwinooi/Desktop/foxy_ws/install/nav2_costmap_2d:/home/edwinooi/Desktop/foxy_ws/install/nav_2d_utils:/home/edwinooi/Desktop/foxy_ws/install/nav2_util:/home/edwinooi/Desktop/foxy_ws/install/nav2_voxel_grid:/home/edwinooi/Desktop/foxy_ws/install/nav2_msgs:/home/edwinooi/Desktop/foxy_ws/install/dwb_msgs:/home/edwinooi/Desktop/foxy_ws/install/nav_2d_msgs:/home/edwinooi/Desktop/foxy_ws/install/nav2_common:/home/edwinooi/Desktop/emanual/install/turtlebot3_simulations:/home/edwinooi/Desktop/emanual/install/turtlebot3_gazebo:/home/edwinooi/Desktop/emanual/install/turtlebot3_fake_node:/home/edwinooi/Desktop/emanual/install/ros2_aruco_interfaces:/home/edwinooi/Desktop/emanual/install/ros2_aruco:/opt/ros/humble LD_LIBRARY_PATH=/home/edwinooi/Desktop/foxy_ws/install/nav2_costmap_2d/lib:/home/edwinooi/Desktop/foxy_ws/install/nav_2d_utils/lib:/home/edwinooi/Desktop/foxy_ws/install/nav2_util/lib:/home/edwinooi/Desktop/foxy_ws/install/nav2_voxel_grid/lib:/home/edwinooi/Desktop/foxy_ws/install/nav2_msgs/lib:/home/edwinooi/Desktop/foxy_ws/install/dwb_msgs/lib:/home/edwinooi/Desktop/foxy_ws/install/nav_2d_msgs/lib:${LD_LIBRARY_PATH} PYTHONPATH=/home/edwinooi/Desktop/foxy_ws/install/nav2_msgs/local/lib/python3.10/dist-packages:/home/edwinooi/Desktop/foxy_ws/install/dwb_msgs/local/lib/python3.10/dist-packages:/home/edwinooi/Desktop/foxy_ws/install/nav_2d_msgs/local/lib/python3.10/dist-packages:/home/edwinooi/Desktop/foxy_ws/install/nav2_common/local/lib/python3.10/dist-packages:${PYTHONPATH} /usr/bin/cmake --build /home/edwinooi/Desktop/foxy_ws/build/dwb_core -- -j4 -l4
[30.545s] [  9%] [32mBuilding CXX object CMakeFiles/dwb_core.dir/src/dwb_local_planner.cpp.o[0m
[68.964s] [ 18%] [32mBuilding CXX object CMakeFiles/dwb_core.dir/src/publisher.cpp.o[0m
[98.888s] [ 27%] [32mBuilding CXX object CMakeFiles/dwb_core.dir/src/illegal_trajectory_tracker.cpp.o[0m
[101.214s] [ 36%] [32mBuilding CXX object CMakeFiles/dwb_core.dir/src/trajectory_utils.cpp.o[0m
[107.838s] [ 45%] [32m[1mLinking CXX shared library libdwb_core.so[0m
[109.130s] [ 45%] Built target dwb_core
[109.275s] [ 54%] [32mBuilding CXX object gtest/CMakeFiles/gtest.dir/src/gtest-all.cc.o[0m
[130.823s] [ 63%] [32m[1mLinking CXX static library libgtest.a[0m
[130.962s] [ 63%] Built target gtest
[131.162s] [ 72%] [32mBuilding CXX object gtest/CMakeFiles/gtest_main.dir/src/gtest_main.cc.o[0m
[133.668s] [ 81%] [32m[1mLinking CXX static library libgtest_main.a[0m
[133.744s] [ 81%] Built target gtest_main
[133.795s] [ 90%] [32mBuilding CXX object test/CMakeFiles/utils_test.dir/utils_test.cpp.o[0m
[144.817s] [100%] [32m[1mLinking CXX executable utils_test[0m
[145.584s] [100%] Built target utils_test
[145.636s] Invoked command in '/home/edwinooi/Desktop/foxy_ws/build/dwb_core' returned '0': AMENT_PREFIX_PATH=/home/edwinooi/Desktop/foxy_ws/install/nav2_core:/home/edwinooi/Desktop/foxy_ws/install/nav2_costmap_2d:/home/edwinooi/Desktop/foxy_ws/install/nav_2d_utils:/home/edwinooi/Desktop/foxy_ws/install/nav2_util:/home/edwinooi/Desktop/foxy_ws/install/nav2_voxel_grid:/home/edwinooi/Desktop/foxy_ws/install/nav2_msgs:/home/edwinooi/Desktop/foxy_ws/install/dwb_msgs:/home/edwinooi/Desktop/foxy_ws/install/nav_2d_msgs:/home/edwinooi/Desktop/foxy_ws/install/nav2_common:${AMENT_PREFIX_PATH} CMAKE_PREFIX_PATH=/home/edwinooi/Desktop/foxy_ws/install/nav2_core:/home/edwinooi/Desktop/foxy_ws/install/nav2_costmap_2d:/home/edwinooi/Desktop/foxy_ws/install/nav_2d_utils:/home/edwinooi/Desktop/foxy_ws/install/nav2_util:/home/edwinooi/Desktop/foxy_ws/install/nav2_voxel_grid:/home/edwinooi/Desktop/foxy_ws/install/nav2_msgs:/home/edwinooi/Desktop/foxy_ws/install/dwb_msgs:/home/edwinooi/Desktop/foxy_ws/install/nav_2d_msgs:/home/edwinooi/Desktop/foxy_ws/install/nav2_common:/home/edwinooi/Desktop/emanual/install/turtlebot3_simulations:/home/edwinooi/Desktop/emanual/install/turtlebot3_gazebo:/home/edwinooi/Desktop/emanual/install/turtlebot3_fake_node:/home/edwinooi/Desktop/emanual/install/ros2_aruco_interfaces:/home/edwinooi/Desktop/emanual/install/ros2_aruco:/opt/ros/humble LD_LIBRARY_PATH=/home/edwinooi/Desktop/foxy_ws/install/nav2_costmap_2d/lib:/home/edwinooi/Desktop/foxy_ws/install/nav_2d_utils/lib:/home/edwinooi/Desktop/foxy_ws/install/nav2_util/lib:/home/edwinooi/Desktop/foxy_ws/install/nav2_voxel_grid/lib:/home/edwinooi/Desktop/foxy_ws/install/nav2_msgs/lib:/home/edwinooi/Desktop/foxy_ws/install/dwb_msgs/lib:/home/edwinooi/Desktop/foxy_ws/install/nav_2d_msgs/lib:${LD_LIBRARY_PATH} PYTHONPATH=/home/edwinooi/Desktop/foxy_ws/install/nav2_msgs/local/lib/python3.10/dist-packages:/home/edwinooi/Desktop/foxy_ws/install/dwb_msgs/local/lib/python3.10/dist-packages:/home/edwinooi/Desktop/foxy_ws/install/nav_2d_msgs/local/lib/python3.10/dist-packages:/home/edwinooi/Desktop/foxy_ws/install/nav2_common/local/lib/python3.10/dist-packages:${PYTHONPATH} /usr/bin/cmake --build /home/edwinooi/Desktop/foxy_ws/build/dwb_core -- -j4 -l4
[145.991s] Invoking command in '/home/edwinooi/Desktop/foxy_ws/build/dwb_core': AMENT_PREFIX_PATH=/home/edwinooi/Desktop/foxy_ws/install/nav2_core:/home/edwinooi/Desktop/foxy_ws/install/nav2_costmap_2d:/home/edwinooi/Desktop/foxy_ws/install/nav_2d_utils:/home/edwinooi/Desktop/foxy_ws/install/nav2_util:/home/edwinooi/Desktop/foxy_ws/install/nav2_voxel_grid:/home/edwinooi/Desktop/foxy_ws/install/nav2_msgs:/home/edwinooi/Desktop/foxy_ws/install/dwb_msgs:/home/edwinooi/Desktop/foxy_ws/install/nav_2d_msgs:/home/edwinooi/Desktop/foxy_ws/install/nav2_common:${AMENT_PREFIX_PATH} CMAKE_PREFIX_PATH=/home/edwinooi/Desktop/foxy_ws/install/nav2_core:/home/edwinooi/Desktop/foxy_ws/install/nav2_costmap_2d:/home/edwinooi/Desktop/foxy_ws/install/nav_2d_utils:/home/edwinooi/Desktop/foxy_ws/install/nav2_util:/home/edwinooi/Desktop/foxy_ws/install/nav2_voxel_grid:/home/edwinooi/Desktop/foxy_ws/install/nav2_msgs:/home/edwinooi/Desktop/foxy_ws/install/dwb_msgs:/home/edwinooi/Desktop/foxy_ws/install/nav_2d_msgs:/home/edwinooi/Desktop/foxy_ws/install/nav2_common:/home/edwinooi/Desktop/emanual/install/turtlebot3_simulations:/home/edwinooi/Desktop/emanual/install/turtlebot3_gazebo:/home/edwinooi/Desktop/emanual/install/turtlebot3_fake_node:/home/edwinooi/Desktop/emanual/install/ros2_aruco_interfaces:/home/edwinooi/Desktop/emanual/install/ros2_aruco:/opt/ros/humble LD_LIBRARY_PATH=/home/edwinooi/Desktop/foxy_ws/install/nav2_costmap_2d/lib:/home/edwinooi/Desktop/foxy_ws/install/nav_2d_utils/lib:/home/edwinooi/Desktop/foxy_ws/install/nav2_util/lib:/home/edwinooi/Desktop/foxy_ws/install/nav2_voxel_grid/lib:/home/edwinooi/Desktop/foxy_ws/install/nav2_msgs/lib:/home/edwinooi/Desktop/foxy_ws/install/dwb_msgs/lib:/home/edwinooi/Desktop/foxy_ws/install/nav_2d_msgs/lib:${LD_LIBRARY_PATH} PYTHONPATH=/home/edwinooi/Desktop/foxy_ws/install/nav2_msgs/local/lib/python3.10/dist-packages:/home/edwinooi/Desktop/foxy_ws/install/dwb_msgs/local/lib/python3.10/dist-packages:/home/edwinooi/Desktop/foxy_ws/install/nav_2d_msgs/local/lib/python3.10/dist-packages:/home/edwinooi/Desktop/foxy_ws/install/nav2_common/local/lib/python3.10/dist-packages:${PYTHONPATH} /usr/bin/cmake --install /home/edwinooi/Desktop/foxy_ws/build/dwb_core
[146.020s] -- Install configuration: "Release"
[146.020s] -- Installing: /home/edwinooi/Desktop/foxy_ws/install/dwb_core/lib/libdwb_core.so
[146.028s] -- Set runtime path of "/home/edwinooi/Desktop/foxy_ws/install/dwb_core/lib/libdwb_core.so" to ""
[146.029s] -- Installing: /home/edwinooi/Desktop/foxy_ws/install/dwb_core/include/
[146.029s] -- Installing: /home/edwinooi/Desktop/foxy_ws/install/dwb_core/include//dwb_core
[146.029s] -- Installing: /home/edwinooi/Desktop/foxy_ws/install/dwb_core/include//dwb_core/trajectory_utils.hpp
[146.029s] -- Installing: /home/edwinooi/Desktop/foxy_ws/install/dwb_core/include//dwb_core/illegal_trajectory_tracker.hpp
[146.029s] -- Installing: /home/edwinooi/Desktop/foxy_ws/install/dwb_core/include//dwb_core/dwb_local_planner.hpp
[146.040s] -- Installing: /home/edwinooi/Desktop/foxy_ws/install/dwb_core/include//dwb_core/exceptions.hpp
[146.040s] -- Installing: /home/edwinooi/Desktop/foxy_ws/install/dwb_core/include//dwb_core/trajectory_generator.hpp
[146.040s] -- Installing: /home/edwinooi/Desktop/foxy_ws/install/dwb_core/include//dwb_core/publisher.hpp
[146.041s] -- Installing: /home/edwinooi/Desktop/foxy_ws/install/dwb_core/include//dwb_core/trajectory_critic.hpp
[146.041s] -- Installing: /home/edwinooi/Desktop/foxy_ws/install/dwb_core/share/dwb_core/environment/library_path.sh
[146.041s] -- Installing: /home/edwinooi/Desktop/foxy_ws/install/dwb_core/share/dwb_core/environment/library_path.dsv
[146.041s] -- Installing: /home/edwinooi/Desktop/foxy_ws/install/dwb_core/share/dwb_core/local_planner_plugin.xml
[146.047s] -- Installing: /home/edwinooi/Desktop/foxy_ws/install/dwb_core/share/ament_index/resource_index/package_run_dependencies/dwb_core
[146.047s] -- Installing: /home/edwinooi/Desktop/foxy_ws/install/dwb_core/share/ament_index/resource_index/parent_prefix_path/dwb_core
[146.047s] -- Installing: /home/edwinooi/Desktop/foxy_ws/install/dwb_core/share/dwb_core/environment/ament_prefix_path.sh
[146.047s] -- Installing: /home/edwinooi/Desktop/foxy_ws/install/dwb_core/share/dwb_core/environment/ament_prefix_path.dsv
[146.048s] -- Installing: /home/edwinooi/Desktop/foxy_ws/install/dwb_core/share/dwb_core/environment/path.sh
[146.048s] -- Installing: /home/edwinooi/Desktop/foxy_ws/install/dwb_core/share/dwb_core/environment/path.dsv
[146.048s] -- Installing: /home/edwinooi/Desktop/foxy_ws/install/dwb_core/share/dwb_core/local_setup.bash
[146.063s] -- Installing: /home/edwinooi/Desktop/foxy_ws/install/dwb_core/share/dwb_core/local_setup.sh
[146.064s] -- Installing: /home/edwinooi/Desktop/foxy_ws/install/dwb_core/share/dwb_core/local_setup.zsh
[146.064s] -- Installing: /home/edwinooi/Desktop/foxy_ws/install/dwb_core/share/dwb_core/local_setup.dsv
[146.064s] -- Installing: /home/edwinooi/Desktop/foxy_ws/install/dwb_core/share/dwb_core/package.dsv
[146.064s] -- Installing: /home/edwinooi/Desktop/foxy_ws/install/dwb_core/share/ament_index/resource_index/packages/dwb_core
[146.064s] -- Installing: /home/edwinooi/Desktop/foxy_ws/install/dwb_core/share/ament_index/resource_index/nav2_core__pluginlib__plugin/dwb_core
[146.068s] -- Installing: /home/edwinooi/Desktop/foxy_ws/install/dwb_core/share/dwb_core/cmake/ament_cmake_export_include_directories-extras.cmake
[146.070s] -- Installing: /home/edwinooi/Desktop/foxy_ws/install/dwb_core/share/dwb_core/cmake/ament_cmake_export_libraries-extras.cmake
[146.071s] -- Installing: /home/edwinooi/Desktop/foxy_ws/install/dwb_core/share/dwb_core/cmake/ament_cmake_export_dependencies-extras.cmake
[146.073s] -- Installing: /home/edwinooi/Desktop/foxy_ws/install/dwb_core/share/dwb_core/cmake/dwb_coreConfig.cmake
[146.074s] -- Installing: /home/edwinooi/Desktop/foxy_ws/install/dwb_core/share/dwb_core/cmake/dwb_coreConfig-version.cmake
[146.075s] -- Installing: /home/edwinooi/Desktop/foxy_ws/install/dwb_core/share/dwb_core/package.xml
[146.087s] Invoked command in '/home/edwinooi/Desktop/foxy_ws/build/dwb_core' returned '0': AMENT_PREFIX_PATH=/home/edwinooi/Desktop/foxy_ws/install/nav2_core:/home/edwinooi/Desktop/foxy_ws/install/nav2_costmap_2d:/home/edwinooi/Desktop/foxy_ws/install/nav_2d_utils:/home/edwinooi/Desktop/foxy_ws/install/nav2_util:/home/edwinooi/Desktop/foxy_ws/install/nav2_voxel_grid:/home/edwinooi/Desktop/foxy_ws/install/nav2_msgs:/home/edwinooi/Desktop/foxy_ws/install/dwb_msgs:/home/edwinooi/Desktop/foxy_ws/install/nav_2d_msgs:/home/edwinooi/Desktop/foxy_ws/install/nav2_common:${AMENT_PREFIX_PATH} CMAKE_PREFIX_PATH=/home/edwinooi/Desktop/foxy_ws/install/nav2_core:/home/edwinooi/Desktop/foxy_ws/install/nav2_costmap_2d:/home/edwinooi/Desktop/foxy_ws/install/nav_2d_utils:/home/edwinooi/Desktop/foxy_ws/install/nav2_util:/home/edwinooi/Desktop/foxy_ws/install/nav2_voxel_grid:/home/edwinooi/Desktop/foxy_ws/install/nav2_msgs:/home/edwinooi/Desktop/foxy_ws/install/dwb_msgs:/home/edwinooi/Desktop/foxy_ws/install/nav_2d_msgs:/home/edwinooi/Desktop/foxy_ws/install/nav2_common:/home/edwinooi/Desktop/emanual/install/turtlebot3_simulations:/home/edwinooi/Desktop/emanual/install/turtlebot3_gazebo:/home/edwinooi/Desktop/emanual/install/turtlebot3_fake_node:/home/edwinooi/Desktop/emanual/install/ros2_aruco_interfaces:/home/edwinooi/Desktop/emanual/install/ros2_aruco:/opt/ros/humble LD_LIBRARY_PATH=/home/edwinooi/Desktop/foxy_ws/install/nav2_costmap_2d/lib:/home/edwinooi/Desktop/foxy_ws/install/nav_2d_utils/lib:/home/edwinooi/Desktop/foxy_ws/install/nav2_util/lib:/home/edwinooi/Desktop/foxy_ws/install/nav2_voxel_grid/lib:/home/edwinooi/Desktop/foxy_ws/install/nav2_msgs/lib:/home/edwinooi/Desktop/foxy_ws/install/dwb_msgs/lib:/home/edwinooi/Desktop/foxy_ws/install/nav_2d_msgs/lib:${LD_LIBRARY_PATH} PYTHONPATH=/home/edwinooi/Desktop/foxy_ws/install/nav2_msgs/local/lib/python3.10/dist-packages:/home/edwinooi/Desktop/foxy_ws/install/dwb_msgs/local/lib/python3.10/dist-packages:/home/edwinooi/Desktop/foxy_ws/install/nav_2d_msgs/local/lib/python3.10/dist-packages:/home/edwinooi/Desktop/foxy_ws/install/nav2_common/local/lib/python3.10/dist-packages:${PYTHONPATH} /usr/bin/cmake --install /home/edwinooi/Desktop/foxy_ws/build/dwb_core
