[5.388s] Invoking command in '/home/edwinooi/Desktop/foxy_ws/src/turtlebot3_simulations/ros2_aruco/ros2_aruco': PYTHONPATH=/home/edwinooi/Desktop/foxy_ws/build/ros2_aruco/prefix_override:/home/edwinooi/Desktop/foxy_ws/install/ros2_aruco/lib/python3.10/site-packages:${PYTHONPATH} /usr/bin/python3 setup.py egg_info --egg-base ../../../../build/ros2_aruco build --build-base /home/edwinooi/Desktop/foxy_ws/build/ros2_aruco/build install --record /home/edwinooi/Desktop/foxy_ws/build/ros2_aruco/install.log --single-version-externally-managed
[6.593s] running egg_info
[6.593s] writing ../../../../build/ros2_aruco/ros2_aruco.egg-info/PKG-INFO
[6.593s] writing dependency_links to ../../../../build/ros2_aruco/ros2_aruco.egg-info/dependency_links.txt
[6.593s] writing entry points to ../../../../build/ros2_aruco/ros2_aruco.egg-info/entry_points.txt
[6.593s] writing requirements to ../../../../build/ros2_aruco/ros2_aruco.egg-info/requires.txt
[6.593s] writing top-level names to ../../../../build/ros2_aruco/ros2_aruco.egg-info/top_level.txt
[6.594s] reading manifest file '../../../../build/ros2_aruco/ros2_aruco.egg-info/SOURCES.txt'
[6.599s] writing manifest file '../../../../build/ros2_aruco/ros2_aruco.egg-info/SOURCES.txt'
[6.600s] running build
[6.600s] running build_py
[6.600s] running install
[6.600s] running install_lib
[6.600s] /usr/lib/python3/dist-packages/setuptools/command/install.py:34: SetuptoolsDeprecationWarning: setup.py install is deprecated. Use build and pip and other standards-based tools.
[6.600s]   warnings.warn(
[6.601s] running install_data
[6.602s] running install_egg_info
[6.615s] removing '/home/edwinooi/Desktop/foxy_ws/install/ros2_aruco/lib/python3.10/site-packages/ros2_aruco-0.1.0-py3.10.egg-info' (and everything under it)
[6.625s] Copying ../../../../build/ros2_aruco/ros2_aruco.egg-info to /home/edwinooi/Desktop/foxy_ws/install/ros2_aruco/lib/python3.10/site-packages/ros2_aruco-0.1.0-py3.10.egg-info
[6.628s] running install_scripts
[6.737s] Installing aruco_generate_marker script to /home/edwinooi/Desktop/foxy_ws/install/ros2_aruco/lib/ros2_aruco
[6.738s] Installing aruco_node script to /home/edwinooi/Desktop/foxy_ws/install/ros2_aruco/lib/ros2_aruco
[6.738s] Installing aruco_node_with_rotmatrix script to /home/edwinooi/Desktop/foxy_ws/install/ros2_aruco/lib/ros2_aruco
[6.739s] writing list of installed files to '/home/edwinooi/Desktop/foxy_ws/build/ros2_aruco/install.log'
[7.166s] Invoked command in '/home/edwinooi/Desktop/foxy_ws/src/turtlebot3_simulations/ros2_aruco/ros2_aruco' returned '0': PYTHONPATH=/home/edwinooi/Desktop/foxy_ws/build/ros2_aruco/prefix_override:/home/edwinooi/Desktop/foxy_ws/install/ros2_aruco/lib/python3.10/site-packages:${PYTHONPATH} /usr/bin/python3 setup.py egg_info --egg-base ../../../../build/ros2_aruco build --build-base /home/edwinooi/Desktop/foxy_ws/build/ros2_aruco/build install --record /home/edwinooi/Desktop/foxy_ws/build/ros2_aruco/install.log --single-version-externally-managed
