[1.548s] DEBUG:colcon:Command line arguments: ['/usr/bin/colcon', 'build', '--packages-select', 'ros2_aruco']
[1.548s] DEBUG:colcon:Parsed command line arguments: Namespace(log_base=None, log_level=None, verb_name='build', build_base='build', install_base='install', merge_install=False, symlink_install=False, test_result_base=None, continue_on_error=False, executor='parallel', parallel_workers=4, event_handlers=None, ignore_user_meta=False, metas=['./colcon.meta'], base_paths=['.'], packages_ignore=None, packages_ignore_regex=None, paths=None, packages_up_to=None, packages_up_to_regex=None, packages_above=None, packages_above_and_dependencies=None, packages_above_depth=None, packages_select_by_dep=None, packages_skip_by_dep=None, packages_skip_up_to=None, packages_select_build_failed=False, packages_skip_build_finished=False, packages_select_test_failures=False, packages_skip_test_passed=False, packages_select=['ros2_aruco'], packages_skip=None, packages_select_regex=None, packages_skip_regex=None, packages_start=None, packages_end=None, allow_overriding=[], cmake_args=None, cmake_target=None, cmake_target_skip_unavailable=False, cmake_clean_cache=False, cmake_clean_first=False, cmake_force_configure=False, ament_cmake_args=None, catkin_cmake_args=None, catkin_skip_building_tests=False, verb_parser=<colcon_defaults.argument_parser.defaults.DefaultArgumentsDecorator object at 0x7c699a00a7d0>, verb_extension=<colcon_core.verb.build.BuildVerb object at 0x7c699a3099f0>, main=<bound method BuildVerb.main of <colcon_core.verb.build.BuildVerb object at 0x7c699a3099f0>>)
[1.640s] Level 1:colcon.colcon_core.package_discovery:discover_packages(colcon_meta) check parameters
[1.640s] Level 1:colcon.colcon_core.package_discovery:discover_packages(recursive) check parameters
[1.641s] Level 1:colcon.colcon_core.package_discovery:discover_packages(ignore) check parameters
[1.641s] Level 1:colcon.colcon_core.package_discovery:discover_packages(path) check parameters
[1.641s] Level 1:colcon.colcon_core.package_discovery:discover_packages(colcon_meta) discover
[1.641s] Level 1:colcon.colcon_core.package_discovery:discover_packages(recursive) discover
[1.641s] INFO:colcon.colcon_core.package_discovery:Crawling recursively for packages in '/home/edwinooi/Desktop/foxy_ws'
[1.641s] Level 1:colcon.colcon_core.package_identification:_identify(.) by extensions ['ignore', 'ignore_ament_install']
[1.641s] Level 1:colcon.colcon_core.package_identification:_identify(.) by extension 'ignore'
[1.641s] Level 1:colcon.colcon_core.package_identification:_identify(.) by extension 'ignore_ament_install'
[1.642s] Level 1:colcon.colcon_core.package_identification:_identify(.) by extensions ['colcon_pkg']
[1.642s] Level 1:colcon.colcon_core.package_identification:_identify(.) by extension 'colcon_pkg'
[1.642s] Level 1:colcon.colcon_core.package_identification:_identify(.) by extensions ['colcon_meta']
[1.642s] Level 1:colcon.colcon_core.package_identification:_identify(.) by extension 'colcon_meta'
[1.642s] Level 1:colcon.colcon_core.package_identification:_identify(.) by extensions ['ros']
[1.642s] Level 1:colcon.colcon_core.package_identification:_identify(.) by extension 'ros'
[1.661s] Level 1:colcon.colcon_core.package_identification:_identify(.) by extensions ['cmake', 'python']
[1.661s] Level 1:colcon.colcon_core.package_identification:_identify(.) by extension 'cmake'
[1.661s] Level 1:colcon.colcon_core.package_identification:_identify(.) by extension 'python'
[1.662s] Level 1:colcon.colcon_core.package_identification:_identify(.) by extensions ['python_setup_py']
[1.662s] Level 1:colcon.colcon_core.package_identification:_identify(.) by extension 'python_setup_py'
[1.662s] Level 1:colcon.colcon_core.package_identification:_identify(build) by extensions ['ignore', 'ignore_ament_install']
[1.662s] Level 1:colcon.colcon_core.package_identification:_identify(build) by extension 'ignore'
[1.662s] Level 1:colcon.colcon_core.package_identification:_identify(build) ignored
[1.662s] Level 1:colcon.colcon_core.package_identification:_identify(install) by extensions ['ignore', 'ignore_ament_install']
[1.663s] Level 1:colcon.colcon_core.package_identification:_identify(install) by extension 'ignore'
[1.663s] Level 1:colcon.colcon_core.package_identification:_identify(install) ignored
[1.663s] Level 1:colcon.colcon_core.package_identification:_identify(log) by extensions ['ignore', 'ignore_ament_install']
[1.663s] Level 1:colcon.colcon_core.package_identification:_identify(log) by extension 'ignore'
[1.663s] Level 1:colcon.colcon_core.package_identification:_identify(log) ignored
[1.663s] Level 1:colcon.colcon_core.package_identification:_identify(src) by extensions ['ignore', 'ignore_ament_install']
[1.663s] Level 1:colcon.colcon_core.package_identification:_identify(src) by extension 'ignore'
[1.663s] Level 1:colcon.colcon_core.package_identification:_identify(src) by extension 'ignore_ament_install'
[1.664s] Level 1:colcon.colcon_core.package_identification:_identify(src) by extensions ['colcon_pkg']
[1.664s] Level 1:colcon.colcon_core.package_identification:_identify(src) by extension 'colcon_pkg'
[1.664s] Level 1:colcon.colcon_core.package_identification:_identify(src) by extensions ['colcon_meta']
[1.664s] Level 1:colcon.colcon_core.package_identification:_identify(src) by extension 'colcon_meta'
[1.664s] Level 1:colcon.colcon_core.package_identification:_identify(src) by extensions ['ros']
[1.664s] Level 1:colcon.colcon_core.package_identification:_identify(src) by extension 'ros'
[1.664s] Level 1:colcon.colcon_core.package_identification:_identify(src) by extensions ['cmake', 'python']
[1.664s] Level 1:colcon.colcon_core.package_identification:_identify(src) by extension 'cmake'
[1.664s] Level 1:colcon.colcon_core.package_identification:_identify(src) by extension 'python'
[1.664s] Level 1:colcon.colcon_core.package_identification:_identify(src) by extensions ['python_setup_py']
[1.665s] Level 1:colcon.colcon_core.package_identification:_identify(src) by extension 'python_setup_py'
[1.665s] Level 1:colcon.colcon_core.package_identification:_identify(src/turtlebot3_simulations) by extensions ['ignore', 'ignore_ament_install']
[1.665s] Level 1:colcon.colcon_core.package_identification:_identify(src/turtlebot3_simulations) by extension 'ignore'
[1.665s] Level 1:colcon.colcon_core.package_identification:_identify(src/turtlebot3_simulations) by extension 'ignore_ament_install'
[1.665s] Level 1:colcon.colcon_core.package_identification:_identify(src/turtlebot3_simulations) by extensions ['colcon_pkg']
[1.665s] Level 1:colcon.colcon_core.package_identification:_identify(src/turtlebot3_simulations) by extension 'colcon_pkg'
[1.665s] Level 1:colcon.colcon_core.package_identification:_identify(src/turtlebot3_simulations) by extensions ['colcon_meta']
[1.665s] Level 1:colcon.colcon_core.package_identification:_identify(src/turtlebot3_simulations) by extension 'colcon_meta'
[1.666s] Level 1:colcon.colcon_core.package_identification:_identify(src/turtlebot3_simulations) by extensions ['ros']
[1.666s] Level 1:colcon.colcon_core.package_identification:_identify(src/turtlebot3_simulations) by extension 'ros'
[1.666s] Level 1:colcon.colcon_core.package_identification:_identify(src/turtlebot3_simulations) by extensions ['cmake', 'python']
[1.666s] Level 1:colcon.colcon_core.package_identification:_identify(src/turtlebot3_simulations) by extension 'cmake'
[1.666s] Level 1:colcon.colcon_core.package_identification:_identify(src/turtlebot3_simulations) by extension 'python'
[1.666s] Level 1:colcon.colcon_core.package_identification:_identify(src/turtlebot3_simulations) by extensions ['python_setup_py']
[1.666s] Level 1:colcon.colcon_core.package_identification:_identify(src/turtlebot3_simulations) by extension 'python_setup_py'
[1.666s] Level 1:colcon.colcon_core.package_identification:_identify(src/turtlebot3_simulations/realsense-ros-4.51.1) by extensions ['ignore', 'ignore_ament_install']
[1.666s] Level 1:colcon.colcon_core.package_identification:_identify(src/turtlebot3_simulations/realsense-ros-4.51.1) by extension 'ignore'
[1.667s] Level 1:colcon.colcon_core.package_identification:_identify(src/turtlebot3_simulations/realsense-ros-4.51.1) by extension 'ignore_ament_install'
[1.667s] Level 1:colcon.colcon_core.package_identification:_identify(src/turtlebot3_simulations/realsense-ros-4.51.1) by extensions ['colcon_pkg']
[1.667s] Level 1:colcon.colcon_core.package_identification:_identify(src/turtlebot3_simulations/realsense-ros-4.51.1) by extension 'colcon_pkg'
[1.667s] Level 1:colcon.colcon_core.package_identification:_identify(src/turtlebot3_simulations/realsense-ros-4.51.1) by extensions ['colcon_meta']
[1.667s] Level 1:colcon.colcon_core.package_identification:_identify(src/turtlebot3_simulations/realsense-ros-4.51.1) by extension 'colcon_meta'
[1.667s] Level 1:colcon.colcon_core.package_identification:_identify(src/turtlebot3_simulations/realsense-ros-4.51.1) by extensions ['ros']
[1.667s] Level 1:colcon.colcon_core.package_identification:_identify(src/turtlebot3_simulations/realsense-ros-4.51.1) by extension 'ros'
[1.667s] Level 1:colcon.colcon_core.package_identification:_identify(src/turtlebot3_simulations/realsense-ros-4.51.1) by extensions ['cmake', 'python']
[1.667s] Level 1:colcon.colcon_core.package_identification:_identify(src/turtlebot3_simulations/realsense-ros-4.51.1) by extension 'cmake'
[1.667s] Level 1:colcon.colcon_core.package_identification:_identify(src/turtlebot3_simulations/realsense-ros-4.51.1) by extension 'python'
[1.667s] Level 1:colcon.colcon_core.package_identification:_identify(src/turtlebot3_simulations/realsense-ros-4.51.1) by extensions ['python_setup_py']
[1.667s] Level 1:colcon.colcon_core.package_identification:_identify(src/turtlebot3_simulations/realsense-ros-4.51.1) by extension 'python_setup_py'
[1.668s] Level 1:colcon.colcon_core.package_identification:_identify(src/turtlebot3_simulations/realsense-ros-4.51.1/realsense2_camera) by extensions ['ignore', 'ignore_ament_install']
[1.668s] Level 1:colcon.colcon_core.package_identification:_identify(src/turtlebot3_simulations/realsense-ros-4.51.1/realsense2_camera) by extension 'ignore'
[1.668s] Level 1:colcon.colcon_core.package_identification:_identify(src/turtlebot3_simulations/realsense-ros-4.51.1/realsense2_camera) by extension 'ignore_ament_install'
[1.668s] Level 1:colcon.colcon_core.package_identification:_identify(src/turtlebot3_simulations/realsense-ros-4.51.1/realsense2_camera) by extensions ['colcon_pkg']
[1.668s] Level 1:colcon.colcon_core.package_identification:_identify(src/turtlebot3_simulations/realsense-ros-4.51.1/realsense2_camera) by extension 'colcon_pkg'
[1.668s] Level 1:colcon.colcon_core.package_identification:_identify(src/turtlebot3_simulations/realsense-ros-4.51.1/realsense2_camera) by extensions ['colcon_meta']
[1.668s] Level 1:colcon.colcon_core.package_identification:_identify(src/turtlebot3_simulations/realsense-ros-4.51.1/realsense2_camera) by extension 'colcon_meta'
[1.668s] Level 1:colcon.colcon_core.package_identification:_identify(src/turtlebot3_simulations/realsense-ros-4.51.1/realsense2_camera) by extensions ['ros']
[1.668s] Level 1:colcon.colcon_core.package_identification:_identify(src/turtlebot3_simulations/realsense-ros-4.51.1/realsense2_camera) by extension 'ros'
[1.675s] DEBUG:colcon.colcon_core.package_identification:Package 'src/turtlebot3_simulations/realsense-ros-4.51.1/realsense2_camera' with type 'ros.ament_cmake' and name 'realsense2_camera'
[1.675s] Level 1:colcon.colcon_core.package_identification:_identify(src/turtlebot3_simulations/realsense-ros-4.51.1/realsense2_camera_msgs) by extensions ['ignore', 'ignore_ament_install']
[1.675s] Level 1:colcon.colcon_core.package_identification:_identify(src/turtlebot3_simulations/realsense-ros-4.51.1/realsense2_camera_msgs) by extension 'ignore'
[1.676s] Level 1:colcon.colcon_core.package_identification:_identify(src/turtlebot3_simulations/realsense-ros-4.51.1/realsense2_camera_msgs) by extension 'ignore_ament_install'
[1.676s] Level 1:colcon.colcon_core.package_identification:_identify(src/turtlebot3_simulations/realsense-ros-4.51.1/realsense2_camera_msgs) by extensions ['colcon_pkg']
[1.676s] Level 1:colcon.colcon_core.package_identification:_identify(src/turtlebot3_simulations/realsense-ros-4.51.1/realsense2_camera_msgs) by extension 'colcon_pkg'
[1.676s] Level 1:colcon.colcon_core.package_identification:_identify(src/turtlebot3_simulations/realsense-ros-4.51.1/realsense2_camera_msgs) by extensions ['colcon_meta']
[1.676s] Level 1:colcon.colcon_core.package_identification:_identify(src/turtlebot3_simulations/realsense-ros-4.51.1/realsense2_camera_msgs) by extension 'colcon_meta'
[1.676s] Level 1:colcon.colcon_core.package_identification:_identify(src/turtlebot3_simulations/realsense-ros-4.51.1/realsense2_camera_msgs) by extensions ['ros']
[1.676s] Level 1:colcon.colcon_core.package_identification:_identify(src/turtlebot3_simulations/realsense-ros-4.51.1/realsense2_camera_msgs) by extension 'ros'
[1.677s] DEBUG:colcon.colcon_core.package_identification:Package 'src/turtlebot3_simulations/realsense-ros-4.51.1/realsense2_camera_msgs' with type 'ros.ament_cmake' and name 'realsense2_camera_msgs'
[1.677s] Level 1:colcon.colcon_core.package_identification:_identify(src/turtlebot3_simulations/realsense-ros-4.51.1/realsense2_description) by extensions ['ignore', 'ignore_ament_install']
[1.677s] Level 1:colcon.colcon_core.package_identification:_identify(src/turtlebot3_simulations/realsense-ros-4.51.1/realsense2_description) by extension 'ignore'
[1.677s] Level 1:colcon.colcon_core.package_identification:_identify(src/turtlebot3_simulations/realsense-ros-4.51.1/realsense2_description) by extension 'ignore_ament_install'
[1.677s] Level 1:colcon.colcon_core.package_identification:_identify(src/turtlebot3_simulations/realsense-ros-4.51.1/realsense2_description) by extensions ['colcon_pkg']
[1.677s] Level 1:colcon.colcon_core.package_identification:_identify(src/turtlebot3_simulations/realsense-ros-4.51.1/realsense2_description) by extension 'colcon_pkg'
[1.678s] Level 1:colcon.colcon_core.package_identification:_identify(src/turtlebot3_simulations/realsense-ros-4.51.1/realsense2_description) by extensions ['colcon_meta']
[1.678s] Level 1:colcon.colcon_core.package_identification:_identify(src/turtlebot3_simulations/realsense-ros-4.51.1/realsense2_description) by extension 'colcon_meta'
[1.678s] Level 1:colcon.colcon_core.package_identification:_identify(src/turtlebot3_simulations/realsense-ros-4.51.1/realsense2_description) by extensions ['ros']
[1.678s] Level 1:colcon.colcon_core.package_identification:_identify(src/turtlebot3_simulations/realsense-ros-4.51.1/realsense2_description) by extension 'ros'
[1.679s] DEBUG:colcon.colcon_core.package_identification:Package 'src/turtlebot3_simulations/realsense-ros-4.51.1/realsense2_description' with type 'ros.ament_cmake' and name 'realsense2_description'
[1.679s] Level 1:colcon.colcon_core.package_identification:_identify(src/turtlebot3_simulations/realsense-ros-4.51.1/scripts) by extensions ['ignore', 'ignore_ament_install']
[1.679s] Level 1:colcon.colcon_core.package_identification:_identify(src/turtlebot3_simulations/realsense-ros-4.51.1/scripts) by extension 'ignore'
[1.679s] Level 1:colcon.colcon_core.package_identification:_identify(src/turtlebot3_simulations/realsense-ros-4.51.1/scripts) by extension 'ignore_ament_install'
[1.679s] Level 1:colcon.colcon_core.package_identification:_identify(src/turtlebot3_simulations/realsense-ros-4.51.1/scripts) by extensions ['colcon_pkg']
[1.679s] Level 1:colcon.colcon_core.package_identification:_identify(src/turtlebot3_simulations/realsense-ros-4.51.1/scripts) by extension 'colcon_pkg'
[1.680s] Level 1:colcon.colcon_core.package_identification:_identify(src/turtlebot3_simulations/realsense-ros-4.51.1/scripts) by extensions ['colcon_meta']
[1.680s] Level 1:colcon.colcon_core.package_identification:_identify(src/turtlebot3_simulations/realsense-ros-4.51.1/scripts) by extension 'colcon_meta'
[1.680s] Level 1:colcon.colcon_core.package_identification:_identify(src/turtlebot3_simulations/realsense-ros-4.51.1/scripts) by extensions ['ros']
[1.680s] Level 1:colcon.colcon_core.package_identification:_identify(src/turtlebot3_simulations/realsense-ros-4.51.1/scripts) by extension 'ros'
[1.680s] Level 1:colcon.colcon_core.package_identification:_identify(src/turtlebot3_simulations/realsense-ros-4.51.1/scripts) by extensions ['cmake', 'python']
[1.680s] Level 1:colcon.colcon_core.package_identification:_identify(src/turtlebot3_simulations/realsense-ros-4.51.1/scripts) by extension 'cmake'
[1.680s] Level 1:colcon.colcon_core.package_identification:_identify(src/turtlebot3_simulations/realsense-ros-4.51.1/scripts) by extension 'python'
[1.680s] Level 1:colcon.colcon_core.package_identification:_identify(src/turtlebot3_simulations/realsense-ros-4.51.1/scripts) by extensions ['python_setup_py']
[1.680s] Level 1:colcon.colcon_core.package_identification:_identify(src/turtlebot3_simulations/realsense-ros-4.51.1/scripts) by extension 'python_setup_py'
[1.680s] Level 1:colcon.colcon_core.package_identification:_identify(src/turtlebot3_simulations/ros2_aruco) by extensions ['ignore', 'ignore_ament_install']
[1.681s] Level 1:colcon.colcon_core.package_identification:_identify(src/turtlebot3_simulations/ros2_aruco) by extension 'ignore'
[1.681s] Level 1:colcon.colcon_core.package_identification:_identify(src/turtlebot3_simulations/ros2_aruco) by extension 'ignore_ament_install'
[1.681s] Level 1:colcon.colcon_core.package_identification:_identify(src/turtlebot3_simulations/ros2_aruco) by extensions ['colcon_pkg']
[1.681s] Level 1:colcon.colcon_core.package_identification:_identify(src/turtlebot3_simulations/ros2_aruco) by extension 'colcon_pkg'
[1.681s] Level 1:colcon.colcon_core.package_identification:_identify(src/turtlebot3_simulations/ros2_aruco) by extensions ['colcon_meta']
[1.681s] Level 1:colcon.colcon_core.package_identification:_identify(src/turtlebot3_simulations/ros2_aruco) by extension 'colcon_meta'
[1.681s] Level 1:colcon.colcon_core.package_identification:_identify(src/turtlebot3_simulations/ros2_aruco) by extensions ['ros']
[1.681s] Level 1:colcon.colcon_core.package_identification:_identify(src/turtlebot3_simulations/ros2_aruco) by extension 'ros'
[1.681s] Level 1:colcon.colcon_core.package_identification:_identify(src/turtlebot3_simulations/ros2_aruco) by extensions ['cmake', 'python']
[1.681s] Level 1:colcon.colcon_core.package_identification:_identify(src/turtlebot3_simulations/ros2_aruco) by extension 'cmake'
[1.681s] Level 1:colcon.colcon_core.package_identification:_identify(src/turtlebot3_simulations/ros2_aruco) by extension 'python'
[1.682s] Level 1:colcon.colcon_core.package_identification:_identify(src/turtlebot3_simulations/ros2_aruco) by extensions ['python_setup_py']
[1.682s] Level 1:colcon.colcon_core.package_identification:_identify(src/turtlebot3_simulations/ros2_aruco) by extension 'python_setup_py'
[1.682s] Level 1:colcon.colcon_core.package_identification:_identify(src/turtlebot3_simulations/ros2_aruco/ros2_aruco) by extensions ['ignore', 'ignore_ament_install']
[1.682s] Level 1:colcon.colcon_core.package_identification:_identify(src/turtlebot3_simulations/ros2_aruco/ros2_aruco) by extension 'ignore'
[1.682s] Level 1:colcon.colcon_core.package_identification:_identify(src/turtlebot3_simulations/ros2_aruco/ros2_aruco) by extension 'ignore_ament_install'
[1.682s] Level 1:colcon.colcon_core.package_identification:_identify(src/turtlebot3_simulations/ros2_aruco/ros2_aruco) by extensions ['colcon_pkg']
[1.682s] Level 1:colcon.colcon_core.package_identification:_identify(src/turtlebot3_simulations/ros2_aruco/ros2_aruco) by extension 'colcon_pkg'
[1.682s] Level 1:colcon.colcon_core.package_identification:_identify(src/turtlebot3_simulations/ros2_aruco/ros2_aruco) by extensions ['colcon_meta']
[1.682s] Level 1:colcon.colcon_core.package_identification:_identify(src/turtlebot3_simulations/ros2_aruco/ros2_aruco) by extension 'colcon_meta'
[1.682s] Level 1:colcon.colcon_core.package_identification:_identify(src/turtlebot3_simulations/ros2_aruco/ros2_aruco) by extensions ['ros']
[1.682s] Level 1:colcon.colcon_core.package_identification:_identify(src/turtlebot3_simulations/ros2_aruco/ros2_aruco) by extension 'ros'
[1.683s] DEBUG:colcon.colcon_core.package_identification:Package 'src/turtlebot3_simulations/ros2_aruco/ros2_aruco' with type 'ros.ament_python' and name 'ros2_aruco'
[1.684s] Level 1:colcon.colcon_core.package_identification:_identify(src/turtlebot3_simulations/ros2_aruco/ros2_aruco_interfaces) by extensions ['ignore', 'ignore_ament_install']
[1.684s] Level 1:colcon.colcon_core.package_identification:_identify(src/turtlebot3_simulations/ros2_aruco/ros2_aruco_interfaces) by extension 'ignore'
[1.684s] Level 1:colcon.colcon_core.package_identification:_identify(src/turtlebot3_simulations/ros2_aruco/ros2_aruco_interfaces) by extension 'ignore_ament_install'
[1.684s] Level 1:colcon.colcon_core.package_identification:_identify(src/turtlebot3_simulations/ros2_aruco/ros2_aruco_interfaces) by extensions ['colcon_pkg']
[1.684s] Level 1:colcon.colcon_core.package_identification:_identify(src/turtlebot3_simulations/ros2_aruco/ros2_aruco_interfaces) by extension 'colcon_pkg'
[1.684s] Level 1:colcon.colcon_core.package_identification:_identify(src/turtlebot3_simulations/ros2_aruco/ros2_aruco_interfaces) by extensions ['colcon_meta']
[1.684s] Level 1:colcon.colcon_core.package_identification:_identify(src/turtlebot3_simulations/ros2_aruco/ros2_aruco_interfaces) by extension 'colcon_meta'
[1.684s] Level 1:colcon.colcon_core.package_identification:_identify(src/turtlebot3_simulations/ros2_aruco/ros2_aruco_interfaces) by extensions ['ros']
[1.684s] Level 1:colcon.colcon_core.package_identification:_identify(src/turtlebot3_simulations/ros2_aruco/ros2_aruco_interfaces) by extension 'ros'
[1.685s] DEBUG:colcon.colcon_core.package_identification:Package 'src/turtlebot3_simulations/ros2_aruco/ros2_aruco_interfaces' with type 'ros.ament_cmake' and name 'ros2_aruco_interfaces'
[1.686s] Level 1:colcon.colcon_core.package_identification:_identify(src/turtlebot3_simulations/turtlebot3_fake_node) by extensions ['ignore', 'ignore_ament_install']
[1.686s] Level 1:colcon.colcon_core.package_identification:_identify(src/turtlebot3_simulations/turtlebot3_fake_node) by extension 'ignore'
[1.686s] Level 1:colcon.colcon_core.package_identification:_identify(src/turtlebot3_simulations/turtlebot3_fake_node) by extension 'ignore_ament_install'
[1.686s] Level 1:colcon.colcon_core.package_identification:_identify(src/turtlebot3_simulations/turtlebot3_fake_node) by extensions ['colcon_pkg']
[1.686s] Level 1:colcon.colcon_core.package_identification:_identify(src/turtlebot3_simulations/turtlebot3_fake_node) by extension 'colcon_pkg'
[1.686s] Level 1:colcon.colcon_core.package_identification:_identify(src/turtlebot3_simulations/turtlebot3_fake_node) by extensions ['colcon_meta']
[1.686s] Level 1:colcon.colcon_core.package_identification:_identify(src/turtlebot3_simulations/turtlebot3_fake_node) by extension 'colcon_meta'
[1.686s] Level 1:colcon.colcon_core.package_identification:_identify(src/turtlebot3_simulations/turtlebot3_fake_node) by extensions ['ros']
[1.686s] Level 1:colcon.colcon_core.package_identification:_identify(src/turtlebot3_simulations/turtlebot3_fake_node) by extension 'ros'
[1.689s] DEBUG:colcon.colcon_core.package_identification:Package 'src/turtlebot3_simulations/turtlebot3_fake_node' with type 'ros.ament_cmake' and name 'turtlebot3_fake_node'
[1.689s] Level 1:colcon.colcon_core.package_identification:_identify(src/turtlebot3_simulations/turtlebot3_gazebo) by extensions ['ignore', 'ignore_ament_install']
[1.689s] Level 1:colcon.colcon_core.package_identification:_identify(src/turtlebot3_simulations/turtlebot3_gazebo) by extension 'ignore'
[1.689s] Level 1:colcon.colcon_core.package_identification:_identify(src/turtlebot3_simulations/turtlebot3_gazebo) by extension 'ignore_ament_install'
[1.689s] Level 1:colcon.colcon_core.package_identification:_identify(src/turtlebot3_simulations/turtlebot3_gazebo) by extensions ['colcon_pkg']
[1.689s] Level 1:colcon.colcon_core.package_identification:_identify(src/turtlebot3_simulations/turtlebot3_gazebo) by extension 'colcon_pkg'
[1.689s] Level 1:colcon.colcon_core.package_identification:_identify(src/turtlebot3_simulations/turtlebot3_gazebo) by extensions ['colcon_meta']
[1.689s] Level 1:colcon.colcon_core.package_identification:_identify(src/turtlebot3_simulations/turtlebot3_gazebo) by extension 'colcon_meta'
[1.690s] Level 1:colcon.colcon_core.package_identification:_identify(src/turtlebot3_simulations/turtlebot3_gazebo) by extensions ['ros']
[1.690s] Level 1:colcon.colcon_core.package_identification:_identify(src/turtlebot3_simulations/turtlebot3_gazebo) by extension 'ros'
[1.691s] DEBUG:colcon.colcon_core.package_identification:Package 'src/turtlebot3_simulations/turtlebot3_gazebo' with type 'ros.ament_cmake' and name 'turtlebot3_gazebo'
[1.692s] Level 1:colcon.colcon_core.package_identification:_identify(src/turtlebot3_simulations/turtlebot3_simulations) by extensions ['ignore', 'ignore_ament_install']
[1.692s] Level 1:colcon.colcon_core.package_identification:_identify(src/turtlebot3_simulations/turtlebot3_simulations) by extension 'ignore'
[1.692s] Level 1:colcon.colcon_core.package_identification:_identify(src/turtlebot3_simulations/turtlebot3_simulations) by extension 'ignore_ament_install'
[1.692s] Level 1:colcon.colcon_core.package_identification:_identify(src/turtlebot3_simulations/turtlebot3_simulations) by extensions ['colcon_pkg']
[1.692s] Level 1:colcon.colcon_core.package_identification:_identify(src/turtlebot3_simulations/turtlebot3_simulations) by extension 'colcon_pkg'
[1.692s] Level 1:colcon.colcon_core.package_identification:_identify(src/turtlebot3_simulations/turtlebot3_simulations) by extensions ['colcon_meta']
[1.692s] Level 1:colcon.colcon_core.package_identification:_identify(src/turtlebot3_simulations/turtlebot3_simulations) by extension 'colcon_meta'
[1.692s] Level 1:colcon.colcon_core.package_identification:_identify(src/turtlebot3_simulations/turtlebot3_simulations) by extensions ['ros']
[1.692s] Level 1:colcon.colcon_core.package_identification:_identify(src/turtlebot3_simulations/turtlebot3_simulations) by extension 'ros'
[1.695s] DEBUG:colcon.colcon_core.package_identification:Package 'src/turtlebot3_simulations/turtlebot3_simulations' with type 'ros.ament_cmake' and name 'turtlebot3_simulations'
[1.695s] Level 1:colcon.colcon_core.package_discovery:discover_packages(recursive) using defaults
[1.695s] Level 1:colcon.colcon_core.package_discovery:discover_packages(ignore) discover
[1.695s] Level 1:colcon.colcon_core.package_discovery:discover_packages(ignore) using defaults
[1.695s] Level 1:colcon.colcon_core.package_discovery:discover_packages(path) discover
[1.695s] Level 1:colcon.colcon_core.package_discovery:discover_packages(path) using defaults
[1.819s] INFO:colcon.colcon_core.package_selection:Skipping not selected package 'realsense2_camera_msgs' in 'src/turtlebot3_simulations/realsense-ros-4.51.1/realsense2_camera_msgs'
[1.819s] INFO:colcon.colcon_core.package_selection:Skipping not selected package 'ros2_aruco_interfaces' in 'src/turtlebot3_simulations/ros2_aruco/ros2_aruco_interfaces'
[1.819s] INFO:colcon.colcon_core.package_selection:Skipping not selected package 'turtlebot3_fake_node' in 'src/turtlebot3_simulations/turtlebot3_fake_node'
[1.819s] INFO:colcon.colcon_core.package_selection:Skipping not selected package 'turtlebot3_gazebo' in 'src/turtlebot3_simulations/turtlebot3_gazebo'
[1.819s] INFO:colcon.colcon_core.package_selection:Skipping not selected package 'realsense2_camera' in 'src/turtlebot3_simulations/realsense-ros-4.51.1/realsense2_camera'
[1.819s] INFO:colcon.colcon_core.package_selection:Skipping not selected package 'realsense2_description' in 'src/turtlebot3_simulations/realsense-ros-4.51.1/realsense2_description'
[1.819s] INFO:colcon.colcon_core.package_selection:Skipping not selected package 'turtlebot3_simulations' in 'src/turtlebot3_simulations/turtlebot3_simulations'
[1.883s] Level 1:colcon.colcon_core.package_discovery:discover_packages(prefix_path) check parameters
[1.883s] Level 1:colcon.colcon_core.package_discovery:discover_packages(prefix_path) discover
[1.934s] DEBUG:colcon.colcon_installed_package_information.package_discovery:Found 7 installed packages in /home/edwinooi/Desktop/foxy_ws/install
[1.955s] DEBUG:colcon.colcon_installed_package_information.package_discovery:Found 6 installed packages in /home/edwinooi/Desktop/emanual/install
[1.988s] DEBUG:colcon.colcon_installed_package_information.package_discovery:Found 383 installed packages in /opt/ros/humble
[1.991s] Level 1:colcon.colcon_core.package_discovery:discover_packages(prefix_path) using defaults
[2.127s] Level 5:colcon.colcon_core.verb:set package 'ros2_aruco' build argument 'cmake_args' from command line to 'None'
[2.128s] Level 5:colcon.colcon_core.verb:set package 'ros2_aruco' build argument 'cmake_target' from command line to 'None'
[2.128s] Level 5:colcon.colcon_core.verb:set package 'ros2_aruco' build argument 'cmake_target_skip_unavailable' from command line to 'False'
[2.128s] Level 5:colcon.colcon_core.verb:set package 'ros2_aruco' build argument 'cmake_clean_cache' from command line to 'False'
[2.128s] Level 5:colcon.colcon_core.verb:set package 'ros2_aruco' build argument 'cmake_clean_first' from command line to 'False'
[2.128s] Level 5:colcon.colcon_core.verb:set package 'ros2_aruco' build argument 'cmake_force_configure' from command line to 'False'
[2.128s] Level 5:colcon.colcon_core.verb:set package 'ros2_aruco' build argument 'ament_cmake_args' from command line to 'None'
[2.128s] Level 5:colcon.colcon_core.verb:set package 'ros2_aruco' build argument 'catkin_cmake_args' from command line to 'None'
[2.128s] Level 5:colcon.colcon_core.verb:set package 'ros2_aruco' build argument 'catkin_skip_building_tests' from command line to 'False'
[2.128s] DEBUG:colcon.colcon_core.verb:Building package 'ros2_aruco' with the following arguments: {'ament_cmake_args': None, 'build_base': '/home/edwinooi/Desktop/foxy_ws/build/ros2_aruco', 'catkin_cmake_args': None, 'catkin_skip_building_tests': False, 'cmake_args': None, 'cmake_clean_cache': False, 'cmake_clean_first': False, 'cmake_force_configure': False, 'cmake_target': None, 'cmake_target_skip_unavailable': False, 'install_base': '/home/edwinooi/Desktop/foxy_ws/install/ros2_aruco', 'merge_install': False, 'path': '/home/edwinooi/Desktop/foxy_ws/src/turtlebot3_simulations/ros2_aruco/ros2_aruco', 'symlink_install': False, 'test_result_base': None}
[2.148s] INFO:colcon.colcon_core.executor:Executing jobs using 'parallel' executor
[2.169s] DEBUG:colcon.colcon_parallel_executor.executor.parallel:run_until_complete
[2.170s] INFO:colcon.colcon_ros.task.ament_python.build:Building ROS package in '/home/edwinooi/Desktop/foxy_ws/src/turtlebot3_simulations/ros2_aruco/ros2_aruco' with build type 'ament_python'
[2.171s] Level 1:colcon.colcon_core.shell:create_environment_hook('ros2_aruco', 'ament_prefix_path')
[2.204s] INFO:colcon.colcon_core.plugin_system:Skipping extension 'colcon_core.shell.bat': Not used on non-Windows systems
[2.204s] INFO:colcon.colcon_core.shell:Creating environment hook '/home/edwinooi/Desktop/foxy_ws/install/ros2_aruco/share/ros2_aruco/hook/ament_prefix_path.ps1'
[2.205s] INFO:colcon.colcon_core.shell:Creating environment descriptor '/home/edwinooi/Desktop/foxy_ws/install/ros2_aruco/share/ros2_aruco/hook/ament_prefix_path.dsv'
[2.206s] INFO:colcon.colcon_core.shell:Creating environment hook '/home/edwinooi/Desktop/foxy_ws/install/ros2_aruco/share/ros2_aruco/hook/ament_prefix_path.sh'
[2.237s] INFO:colcon.colcon_core.shell:Skip shell extension 'powershell' for command environment: Not usable outside of PowerShell
[2.237s] DEBUG:colcon.colcon_core.shell:Skip shell extension 'dsv' for command environment
[2.896s] INFO:colcon.colcon_core.task.python.build:Building Python package in '/home/edwinooi/Desktop/foxy_ws/src/turtlebot3_simulations/ros2_aruco/ros2_aruco'
[2.919s] INFO:colcon.colcon_core.shell:Skip shell extension 'powershell' for command environment: Not usable outside of PowerShell
[2.919s] DEBUG:colcon.colcon_core.shell:Skip shell extension 'dsv' for command environment
[3.947s] DEBUG:colcon.colcon_core.event_handler.log_command:Invoking command in '/home/edwinooi/Desktop/foxy_ws/src/turtlebot3_simulations/ros2_aruco/ros2_aruco': PYTHONPATH=/home/edwinooi/Desktop/foxy_ws/build/ros2_aruco/prefix_override:/home/edwinooi/Desktop/foxy_ws/install/ros2_aruco/lib/python3.10/site-packages:${PYTHONPATH} /usr/bin/python3 setup.py egg_info --egg-base ../../../../build/ros2_aruco build --build-base /home/edwinooi/Desktop/foxy_ws/build/ros2_aruco/build install --record /home/edwinooi/Desktop/foxy_ws/build/ros2_aruco/install.log --single-version-externally-managed
[4.643s] DEBUG:colcon.colcon_core.event_handler.log_command:Invoked command in '/home/edwinooi/Desktop/foxy_ws/src/turtlebot3_simulations/ros2_aruco/ros2_aruco' returned '0': PYTHONPATH=/home/edwinooi/Desktop/foxy_ws/build/ros2_aruco/prefix_override:/home/edwinooi/Desktop/foxy_ws/install/ros2_aruco/lib/python3.10/site-packages:${PYTHONPATH} /usr/bin/python3 setup.py egg_info --egg-base ../../../../build/ros2_aruco build --build-base /home/edwinooi/Desktop/foxy_ws/build/ros2_aruco/build install --record /home/edwinooi/Desktop/foxy_ws/build/ros2_aruco/install.log --single-version-externally-managed
[4.675s] Level 1:colcon.colcon_core.environment:checking '/home/edwinooi/Desktop/foxy_ws/install/ros2_aruco' for CMake module files
[4.676s] Level 1:colcon.colcon_core.environment:checking '/home/edwinooi/Desktop/foxy_ws/install/ros2_aruco' for CMake config files
[4.677s] Level 1:colcon.colcon_core.environment:checking '/home/edwinooi/Desktop/foxy_ws/install/ros2_aruco/lib'
[4.677s] Level 1:colcon.colcon_core.environment:checking '/home/edwinooi/Desktop/foxy_ws/install/ros2_aruco/bin'
[4.677s] Level 1:colcon.colcon_core.environment:checking '/home/edwinooi/Desktop/foxy_ws/install/ros2_aruco/lib/pkgconfig/ros2_aruco.pc'
[4.678s] Level 1:colcon.colcon_core.environment:checking '/home/edwinooi/Desktop/foxy_ws/install/ros2_aruco/lib/python3.10/site-packages'
[4.678s] Level 1:colcon.colcon_core.shell:create_environment_hook('ros2_aruco', 'pythonpath')
[4.751s] INFO:colcon.colcon_core.shell:Creating environment hook '/home/edwinooi/Desktop/foxy_ws/install/ros2_aruco/share/ros2_aruco/hook/pythonpath.ps1'
[4.752s] INFO:colcon.colcon_core.shell:Creating environment descriptor '/home/edwinooi/Desktop/foxy_ws/install/ros2_aruco/share/ros2_aruco/hook/pythonpath.dsv'
[4.754s] INFO:colcon.colcon_core.shell:Creating environment hook '/home/edwinooi/Desktop/foxy_ws/install/ros2_aruco/share/ros2_aruco/hook/pythonpath.sh'
[4.755s] Level 1:colcon.colcon_core.environment:checking '/home/edwinooi/Desktop/foxy_ws/install/ros2_aruco/bin'
[4.755s] Level 1:colcon.colcon_core.environment:create_environment_scripts_only(ros2_aruco)
[4.822s] INFO:colcon.colcon_core.shell:Creating package script '/home/edwinooi/Desktop/foxy_ws/install/ros2_aruco/share/ros2_aruco/package.ps1'
[4.823s] INFO:colcon.colcon_core.shell:Creating package descriptor '/home/edwinooi/Desktop/foxy_ws/install/ros2_aruco/share/ros2_aruco/package.dsv'
[4.825s] INFO:colcon.colcon_core.shell:Creating package script '/home/edwinooi/Desktop/foxy_ws/install/ros2_aruco/share/ros2_aruco/package.sh'
[4.826s] INFO:colcon.colcon_core.shell:Creating package script '/home/edwinooi/Desktop/foxy_ws/install/ros2_aruco/share/ros2_aruco/package.bash'
[4.827s] INFO:colcon.colcon_core.shell:Creating package script '/home/edwinooi/Desktop/foxy_ws/install/ros2_aruco/share/ros2_aruco/package.zsh'
[4.829s] Level 1:colcon.colcon_core.environment:create_file_with_runtime_dependencies(/home/edwinooi/Desktop/foxy_ws/install/ros2_aruco/share/colcon-core/packages/ros2_aruco)
[4.829s] DEBUG:colcon.colcon_parallel_executor.executor.parallel:closing loop
[4.829s] DEBUG:colcon.colcon_parallel_executor.executor.parallel:loop closed
[4.829s] DEBUG:colcon.colcon_parallel_executor.executor.parallel:run_until_complete finished with '0'
[4.830s] DEBUG:colcon.colcon_core.event_reactor:joining thread
[4.894s] INFO:colcon.colcon_core.plugin_system:Skipping extension 'colcon_notification.desktop_notification.terminal_notifier': Not used on non-Darwin systems
[4.905s] INFO:colcon.colcon_core.plugin_system:Skipping extension 'colcon_notification.desktop_notification.win32': Not used on non-Windows systems
[4.905s] INFO:colcon.colcon_notification.desktop_notification:Sending desktop notification using 'notify2'
[4.960s] DEBUG:colcon.colcon_core.event_reactor:joined thread
[5.019s] INFO:colcon.colcon_core.shell:Creating prefix script '/home/edwinooi/Desktop/foxy_ws/install/local_setup.ps1'
[5.025s] INFO:colcon.colcon_core.shell:Creating prefix util module '/home/edwinooi/Desktop/foxy_ws/install/_local_setup_util_ps1.py'
[5.029s] INFO:colcon.colcon_core.shell:Creating prefix chain script '/home/edwinooi/Desktop/foxy_ws/install/setup.ps1'
[5.082s] INFO:colcon.colcon_core.shell:Creating prefix script '/home/edwinooi/Desktop/foxy_ws/install/local_setup.sh'
[5.084s] INFO:colcon.colcon_core.shell:Creating prefix util module '/home/edwinooi/Desktop/foxy_ws/install/_local_setup_util_sh.py'
[5.085s] INFO:colcon.colcon_core.shell:Creating prefix chain script '/home/edwinooi/Desktop/foxy_ws/install/setup.sh'
[5.134s] INFO:colcon.colcon_core.shell:Creating prefix script '/home/edwinooi/Desktop/foxy_ws/install/local_setup.bash'
[5.140s] INFO:colcon.colcon_core.shell:Creating prefix chain script '/home/edwinooi/Desktop/foxy_ws/install/setup.bash'
[5.181s] INFO:colcon.colcon_core.shell:Creating prefix script '/home/edwinooi/Desktop/foxy_ws/install/local_setup.zsh'
[5.183s] INFO:colcon.colcon_core.shell:Creating prefix chain script '/home/edwinooi/Desktop/foxy_ws/install/setup.zsh'
