[0.380s] Invoking command in '/home/edwinooi/Desktop/foxy_ws/build/nav2_common': CMAKE_PREFIX_PATH=${CMAKE_PREFIX_PATH}:/home/edwinooi/Desktop/emanual/install/ros2_aruco:/opt/ros/humble /usr/bin/cmake --build /home/edwinooi/Desktop/foxy_ws/build/nav2_common -- -j4 -l4
[0.569s] Built target ament_cmake_python_copy_nav2_common
[2.133s] running egg_info
[2.133s] writing nav2_common.egg-info/PKG-INFO
[2.133s] writing dependency_links to nav2_common.egg-info/dependency_links.txt
[2.133s] writing top-level names to nav2_common.egg-info/top_level.txt
[2.133s] reading manifest file 'nav2_common.egg-info/SOURCES.txt'
[2.133s] writing manifest file 'nav2_common.egg-info/SOURCES.txt'
[2.134s] Built target ament_cmake_python_build_nav2_common_egg
[2.356s] Invoked command in '/home/edwinooi/Desktop/foxy_ws/build/nav2_common' returned '0': CMAKE_PREFIX_PATH=${CMAKE_PREFIX_PATH}:/home/edwinooi/Desktop/emanual/install/ros2_aruco:/opt/ros/humble /usr/bin/cmake --build /home/edwinooi/Desktop/foxy_ws/build/nav2_common -- -j4 -l4
[2.419s] Invoking command in '/home/edwinooi/Desktop/foxy_ws/build/nav2_common': CMAKE_PREFIX_PATH=${CMAKE_PREFIX_PATH}:/home/edwinooi/Desktop/emanual/install/ros2_aruco:/opt/ros/humble /usr/bin/cmake --install /home/edwinooi/Desktop/foxy_ws/build/nav2_common
[2.453s] -- Install configuration: ""
[2.453s] -- Up-to-date: /home/edwinooi/Desktop/foxy_ws/install/nav2_common/share/nav2_common/environment/pythonpath.sh
[2.453s] -- Up-to-date: /home/edwinooi/Desktop/foxy_ws/install/nav2_common/share/nav2_common/environment/pythonpath.dsv
[2.461s] -- Up-to-date: /home/edwinooi/Desktop/foxy_ws/install/nav2_common/local/lib/python3.10/dist-packages/nav2_common-1.1.15-py3.10.egg-info
[2.463s] -- Installing: /home/edwinooi/Desktop/foxy_ws/install/nav2_common/local/lib/python3.10/dist-packages/nav2_common-1.1.15-py3.10.egg-info/SOURCES.txt
[2.464s] -- Installing: /home/edwinooi/Desktop/foxy_ws/install/nav2_common/local/lib/python3.10/dist-packages/nav2_common-1.1.15-py3.10.egg-info/PKG-INFO
[2.469s] -- Installing: /home/edwinooi/Desktop/foxy_ws/install/nav2_common/local/lib/python3.10/dist-packages/nav2_common-1.1.15-py3.10.egg-info/top_level.txt
[2.472s] -- Installing: /home/edwinooi/Desktop/foxy_ws/install/nav2_common/local/lib/python3.10/dist-packages/nav2_common-1.1.15-py3.10.egg-info/dependency_links.txt
[2.472s] -- Up-to-date: /home/edwinooi/Desktop/foxy_ws/install/nav2_common/local/lib/python3.10/dist-packages/nav2_common
[2.473s] -- Up-to-date: /home/edwinooi/Desktop/foxy_ws/install/nav2_common/local/lib/python3.10/dist-packages/nav2_common/__init__.py
[2.473s] -- Up-to-date: /home/edwinooi/Desktop/foxy_ws/install/nav2_common/local/lib/python3.10/dist-packages/nav2_common/launch
[2.480s] -- Up-to-date: /home/edwinooi/Desktop/foxy_ws/install/nav2_common/local/lib/python3.10/dist-packages/nav2_common/launch/rewritten_yaml.py
[2.483s] -- Up-to-date: /home/edwinooi/Desktop/foxy_ws/install/nav2_common/local/lib/python3.10/dist-packages/nav2_common/launch/__init__.py
[2.483s] -- Up-to-date: /home/edwinooi/Desktop/foxy_ws/install/nav2_common/local/lib/python3.10/dist-packages/nav2_common/launch/parse_multirobot_pose.py
[2.484s] -- Up-to-date: /home/edwinooi/Desktop/foxy_ws/install/nav2_common/local/lib/python3.10/dist-packages/nav2_common/launch/replace_string.py
[2.484s] -- Up-to-date: /home/edwinooi/Desktop/foxy_ws/install/nav2_common/local/lib/python3.10/dist-packages/nav2_common/launch/has_node_params.py
[2.676s] Listing '/home/edwinooi/Desktop/foxy_ws/install/nav2_common/local/lib/python3.10/dist-packages/nav2_common'...
[2.676s] Listing '/home/edwinooi/Desktop/foxy_ws/install/nav2_common/local/lib/python3.10/dist-packages/nav2_common/launch'...
[2.718s] -- Up-to-date: /home/edwinooi/Desktop/foxy_ws/install/nav2_common/share/ament_index/resource_index/package_run_dependencies/nav2_common
[2.718s] -- Up-to-date: /home/edwinooi/Desktop/foxy_ws/install/nav2_common/share/ament_index/resource_index/parent_prefix_path/nav2_common
[2.718s] -- Up-to-date: /home/edwinooi/Desktop/foxy_ws/install/nav2_common/share/nav2_common/environment/ament_prefix_path.sh
[2.718s] -- Up-to-date: /home/edwinooi/Desktop/foxy_ws/install/nav2_common/share/nav2_common/environment/ament_prefix_path.dsv
[2.719s] -- Up-to-date: /home/edwinooi/Desktop/foxy_ws/install/nav2_common/share/nav2_common/environment/path.sh
[2.719s] -- Up-to-date: /home/edwinooi/Desktop/foxy_ws/install/nav2_common/share/nav2_common/environment/path.dsv
[2.719s] -- Up-to-date: /home/edwinooi/Desktop/foxy_ws/install/nav2_common/share/nav2_common/local_setup.bash
[2.719s] -- Up-to-date: /home/edwinooi/Desktop/foxy_ws/install/nav2_common/share/nav2_common/local_setup.sh
[2.719s] -- Up-to-date: /home/edwinooi/Desktop/foxy_ws/install/nav2_common/share/nav2_common/local_setup.zsh
[2.719s] -- Up-to-date: /home/edwinooi/Desktop/foxy_ws/install/nav2_common/share/nav2_common/local_setup.dsv
[2.719s] -- Installing: /home/edwinooi/Desktop/foxy_ws/install/nav2_common/share/nav2_common/package.dsv
[2.720s] -- Up-to-date: /home/edwinooi/Desktop/foxy_ws/install/nav2_common/share/ament_index/resource_index/packages/nav2_common
[2.720s] -- Up-to-date: /home/edwinooi/Desktop/foxy_ws/install/nav2_common/share/nav2_common/cmake/nav2_common-extras.cmake
[2.720s] -- Up-to-date: /home/edwinooi/Desktop/foxy_ws/install/nav2_common/share/nav2_common/cmake/nav2_commonConfig.cmake
[2.720s] -- Up-to-date: /home/edwinooi/Desktop/foxy_ws/install/nav2_common/share/nav2_common/cmake/nav2_commonConfig-version.cmake
[2.720s] -- Up-to-date: /home/edwinooi/Desktop/foxy_ws/install/nav2_common/share/nav2_common/package.xml
[2.720s] -- Up-to-date: /home/edwinooi/Desktop/foxy_ws/install/nav2_common/share/nav2_common/cmake
[2.721s] -- Up-to-date: /home/edwinooi/Desktop/foxy_ws/install/nav2_common/share/nav2_common/cmake/nav2_package.cmake
[3.260s] Invoked command in '/home/edwinooi/Desktop/foxy_ws/build/nav2_common' returned '0': CMAKE_PREFIX_PATH=${CMAKE_PREFIX_PATH}:/home/edwinooi/Desktop/emanual/install/ros2_aruco:/opt/ros/humble /usr/bin/cmake --install /home/edwinooi/Desktop/foxy_ws/build/nav2_common
