[4.370s] Invoking command in '/home/edwinooi/Desktop/foxy_ws/src/turtlebot3_simulations/localization_server': PYTHONPATH=/home/edwinooi/Desktop/foxy_ws/build/localization_server/prefix_override:/home/edwinooi/Desktop/foxy_ws/install/localization_server/lib/python3.10/site-packages:${PYTHONPATH} /usr/bin/python3 setup.py egg_info --egg-base ../../../build/localization_server build --build-base /home/edwinooi/Desktop/foxy_ws/build/localization_server/build install --record /home/edwinooi/Desktop/foxy_ws/build/localization_server/install.log --single-version-externally-managed
[5.810s] running egg_info
[5.814s] writing ../../../build/localization_server/localization_server.egg-info/PKG-INFO
[5.814s] writing dependency_links to ../../../build/localization_server/localization_server.egg-info/dependency_links.txt
[5.814s] writing entry points to ../../../build/localization_server/localization_server.egg-info/entry_points.txt
[5.814s] writing requirements to ../../../build/localization_server/localization_server.egg-info/requires.txt
[5.815s] writing top-level names to ../../../build/localization_server/localization_server.egg-info/top_level.txt
[5.832s] reading manifest file '../../../build/localization_server/localization_server.egg-info/SOURCES.txt'
[5.833s] writing manifest file '../../../build/localization_server/localization_server.egg-info/SOURCES.txt'
[5.833s] running build
[5.833s] running build_py
[5.833s] running install
[5.833s] /usr/lib/python3/dist-packages/setuptools/command/install.py:34: SetuptoolsDeprecationWarning: setup.py install is deprecated. Use build and pip and other standards-based tools.
[5.834s]   warnings.warn(
[5.838s] running install_lib
[5.842s] running install_data
[5.843s] running install_egg_info
[5.843s] removing '/home/edwinooi/Desktop/foxy_ws/install/localization_server/lib/python3.10/site-packages/localization_server-0.0.0-py3.10.egg-info' (and everything under it)
[5.869s] Copying ../../../build/localization_server/localization_server.egg-info to /home/edwinooi/Desktop/foxy_ws/install/localization_server/lib/python3.10/site-packages/localization_server-0.0.0-py3.10.egg-info
[5.869s] running install_scripts
[5.933s] writing list of installed files to '/home/edwinooi/Desktop/foxy_ws/build/localization_server/install.log'
[6.896s] Invoked command in '/home/edwinooi/Desktop/foxy_ws/src/turtlebot3_simulations/localization_server' returned '0': PYTHONPATH=/home/edwinooi/Desktop/foxy_ws/build/localization_server/prefix_override:/home/edwinooi/Desktop/foxy_ws/install/localization_server/lib/python3.10/site-packages:${PYTHONPATH} /usr/bin/python3 setup.py egg_info --egg-base ../../../build/localization_server build --build-base /home/edwinooi/Desktop/foxy_ws/build/localization_server/build install --record /home/edwinooi/Desktop/foxy_ws/build/localization_server/install.log --single-version-externally-managed
