[1.145s] Invoking command in '/home/edwinooi/Desktop/foxy_ws/src/turtlebot3_simulations/ros2_aruco/ros2_aruco': PYTHONPATH=/home/edwinooi/Desktop/foxy_ws/build/ros2_aruco/prefix_override:/home/edwinooi/Desktop/foxy_ws/install/ros2_aruco/lib/python3.10/site-packages:${PYTHONPATH} /usr/bin/python3 setup.py egg_info --egg-base ../../../../build/ros2_aruco build --build-base /home/edwinooi/Desktop/foxy_ws/build/ros2_aruco/build install --record /home/edwinooi/Desktop/foxy_ws/build/ros2_aruco/install.log --single-version-externally-managed
[1.476s] running egg_info
[1.478s] writing ../../../../build/ros2_aruco/ros2_aruco.egg-info/PKG-INFO
[1.478s] writing dependency_links to ../../../../build/ros2_aruco/ros2_aruco.egg-info/dependency_links.txt
[1.479s] writing entry points to ../../../../build/ros2_aruco/ros2_aruco.egg-info/entry_points.txt
[1.479s] writing requirements to ../../../../build/ros2_aruco/ros2_aruco.egg-info/requires.txt
[1.479s] writing top-level names to ../../../../build/ros2_aruco/ros2_aruco.egg-info/top_level.txt
[1.483s] reading manifest file '../../../../build/ros2_aruco/ros2_aruco.egg-info/SOURCES.txt'
[1.484s] writing manifest file '../../../../build/ros2_aruco/ros2_aruco.egg-info/SOURCES.txt'
[1.484s] running build
[1.485s] running build_py
[1.485s] copying ros2_aruco/aruco_node_with_rotmatrix.py -> /home/edwinooi/Desktop/foxy_ws/build/ros2_aruco/build/lib/ros2_aruco
[1.485s] running install
[1.486s] /usr/lib/python3/dist-packages/setuptools/command/install.py:34: SetuptoolsDeprecationWarning: setup.py install is deprecated. Use build and pip and other standards-based tools.
[1.486s]   warnings.warn(
[1.486s] running install_lib
[1.488s] copying /home/edwinooi/Desktop/foxy_ws/build/ros2_aruco/build/lib/ros2_aruco/aruco_node_with_rotmatrix.py -> /home/edwinooi/Desktop/foxy_ws/install/ros2_aruco/lib/python3.10/site-packages/ros2_aruco
[1.489s] byte-compiling /home/edwinooi/Desktop/foxy_ws/install/ros2_aruco/lib/python3.10/site-packages/ros2_aruco/aruco_node_with_rotmatrix.py to aruco_node_with_rotmatrix.cpython-310.pyc
[1.492s] running install_data
[1.493s] copying config/aruco_parameters_new.yaml -> /home/edwinooi/Desktop/foxy_ws/install/ros2_aruco/share/ros2_aruco/config
[1.494s] running install_egg_info
[1.496s] removing '/home/edwinooi/Desktop/foxy_ws/install/ros2_aruco/lib/python3.10/site-packages/ros2_aruco-0.1.0-py3.10.egg-info' (and everything under it)
[1.497s] Copying ../../../../build/ros2_aruco/ros2_aruco.egg-info to /home/edwinooi/Desktop/foxy_ws/install/ros2_aruco/lib/python3.10/site-packages/ros2_aruco-0.1.0-py3.10.egg-info
[1.498s] running install_scripts
[1.527s] Installing aruco_generate_marker script to /home/edwinooi/Desktop/foxy_ws/install/ros2_aruco/lib/ros2_aruco
[1.528s] Installing aruco_node script to /home/edwinooi/Desktop/foxy_ws/install/ros2_aruco/lib/ros2_aruco
[1.528s] Installing aruco_node_with_rotmatrix script to /home/edwinooi/Desktop/foxy_ws/install/ros2_aruco/lib/ros2_aruco
[1.528s] writing list of installed files to '/home/edwinooi/Desktop/foxy_ws/build/ros2_aruco/install.log'
[1.563s] Invoked command in '/home/edwinooi/Desktop/foxy_ws/src/turtlebot3_simulations/ros2_aruco/ros2_aruco' returned '0': PYTHONPATH=/home/edwinooi/Desktop/foxy_ws/build/ros2_aruco/prefix_override:/home/edwinooi/Desktop/foxy_ws/install/ros2_aruco/lib/python3.10/site-packages:${PYTHONPATH} /usr/bin/python3 setup.py egg_info --egg-base ../../../../build/ros2_aruco build --build-base /home/edwinooi/Desktop/foxy_ws/build/ros2_aruco/build install --record /home/edwinooi/Desktop/foxy_ws/build/ros2_aruco/install.log --single-version-externally-managed
