[0.456s] Invoking command in '/home/edwinooi/Desktop/foxy_ws/build/nav_2d_utils': AMENT_PREFIX_PATH=/home/edwinooi/Desktop/foxy_ws/install/nav2_util:/home/edwinooi/Desktop/foxy_ws/install/nav2_msgs:/home/edwinooi/Desktop/foxy_ws/install/nav_2d_msgs:/home/edwinooi/Desktop/foxy_ws/install/nav2_common:${AMENT_PREFIX_PATH} CMAKE_PREFIX_PATH=/home/edwinooi/Desktop/foxy_ws/install/nav2_util:/home/edwinooi/Desktop/foxy_ws/install/nav2_msgs:/home/edwinooi/Desktop/foxy_ws/install/nav_2d_msgs:/home/edwinooi/Desktop/foxy_ws/install/nav2_common:/home/edwinooi/Desktop/emanual/install/turtlebot3_simulations:/home/edwinooi/Desktop/emanual/install/turtlebot3_gazebo:/home/edwinooi/Desktop/emanual/install/turtlebot3_fake_node:/home/edwinooi/Desktop/emanual/install/ros2_aruco_interfaces:/home/edwinooi/Desktop/emanual/install/ros2_aruco:/opt/ros/humble LD_LIBRARY_PATH=/home/edwinooi/Desktop/foxy_ws/install/nav2_util/lib:/home/edwinooi/Desktop/foxy_ws/install/nav2_msgs/lib:/home/edwinooi/Desktop/foxy_ws/install/nav_2d_msgs/lib:${LD_LIBRARY_PATH} PYTHONPATH=/home/edwinooi/Desktop/foxy_ws/install/nav2_msgs/local/lib/python3.10/dist-packages:/home/edwinooi/Desktop/foxy_ws/install/nav_2d_msgs/local/lib/python3.10/dist-packages:/home/edwinooi/Desktop/foxy_ws/install/nav2_common/local/lib/python3.10/dist-packages:${PYTHONPATH} /usr/bin/cmake /home/edwinooi/Desktop/foxy_ws/src/turtlebot3_simulations/navigation2-humble/nav2_dwb_controller/nav_2d_utils -DCMAKE_INSTALL_PREFIX=/home/edwinooi/Desktop/foxy_ws/install/nav_2d_utils
[0.603s] -- The C compiler identification is GNU 11.4.0
[0.870s] -- The CXX compiler identification is GNU 11.4.0
[0.891s] -- Detecting C compiler ABI info
[1.280s] -- Detecting C compiler ABI info - done
[1.329s] -- Check for working C compiler: /usr/bin/cc - skipped
[1.348s] -- Detecting C compile features
[1.349s] -- Detecting C compile features - done
[1.361s] -- Detecting CXX compiler ABI info
[1.803s] -- Detecting CXX compiler ABI info - done
[1.838s] -- Check for working CXX compiler: /usr/bin/c++ - skipped
[1.838s] -- Detecting CXX compile features
[1.839s] -- Detecting CXX compile features - done
[1.853s] -- Found ament_cmake: 1.3.8 (/opt/ros/humble/share/ament_cmake/cmake)
[2.261s] -- Found Python3: /usr/bin/python3 (found version "3.10.12") found components: Interpreter 
[2.469s] -- Found nav2_common: 1.1.15 (/home/edwinooi/Desktop/foxy_ws/install/nav2_common/share/nav2_common/cmake)
[2.480s] -- Found geometry_msgs: 4.2.3 (/opt/ros/humble/share/geometry_msgs/cmake)
[2.707s] -- Found rosidl_generator_c: 3.1.5 (/opt/ros/humble/share/rosidl_generator_c/cmake)
[2.731s] -- Found rosidl_adapter: 3.1.5 (/opt/ros/humble/share/rosidl_adapter/cmake)
[2.772s] -- Found rosidl_generator_cpp: 3.1.5 (/opt/ros/humble/share/rosidl_generator_cpp/cmake)
[2.876s] -- Using all available rosidl_typesupport_c: rosidl_typesupport_fastrtps_c;rosidl_typesupport_introspection_c
[2.979s] -- Using all available rosidl_typesupport_cpp: rosidl_typesupport_fastrtps_cpp;rosidl_typesupport_introspection_cpp
[3.414s] -- Found nav_2d_msgs: 1.1.15 (/home/edwinooi/Desktop/foxy_ws/install/nav_2d_msgs/share/nav_2d_msgs/cmake)
[3.655s] -- Found nav_msgs: 4.2.3 (/opt/ros/humble/share/nav_msgs/cmake)
[3.988s] -- Found rclcpp: 16.0.8 (/opt/ros/humble/share/rclcpp/cmake)
[4.512s] -- Found rmw_implementation_cmake: 6.1.1 (/opt/ros/humble/share/rmw_implementation_cmake/cmake)
[4.525s] -- Found rmw_fastrtps_cpp: 6.2.6 (/opt/ros/humble/share/rmw_fastrtps_cpp/cmake)
[5.284s] -- Found OpenSSL: /usr/lib/x86_64-linux-gnu/libcrypto.so (found version "3.0.2")  
[5.433s] -- Found FastRTPS: /opt/ros/humble/include  
[5.633s] -- Using RMW implementation 'rmw_fastrtps_cpp' as default
[5.673s] -- Looking for pthread.h
[6.021s] -- Looking for pthread.h - found
[6.022s] -- Performing Test CMAKE_HAVE_LIBC_PTHREAD
[6.504s] -- Performing Test CMAKE_HAVE_LIBC_PTHREAD - Success
[6.504s] -- Found Threads: TRUE  
[7.210s] -- Found tf2: 0.25.6 (/opt/ros/humble/share/tf2/cmake)
[7.289s] -- Found tf2_geometry_msgs: 0.25.6 (/opt/ros/humble/share/tf2_geometry_msgs/cmake)
[7.346s] -- Found eigen3_cmake_module: 0.1.1 (/opt/ros/humble/share/eigen3_cmake_module/cmake)
[7.350s] -- Found Eigen3: TRUE (found version "3.4.0") 
[7.350s] -- Ensuring Eigen3 include directory is part of orocos-kdl CMake target
[8.726s] -- Found nav2_msgs: 1.1.15 (/home/edwinooi/Desktop/foxy_ws/install/nav2_msgs/share/nav2_msgs/cmake)
[9.271s] -- Found nav2_util: 1.1.15 (/home/edwinooi/Desktop/foxy_ws/install/nav2_util/share/nav2_util/cmake)
[9.988s] -- Setting build type to Release as none was specified.
[13.578s] -- Found ament_lint_auto: 0.12.10 (/opt/ros/humble/share/ament_lint_auto/cmake)
[13.886s] -- Found gtest sources under '/opt/ros/humble/src/gtest_vendor': C++ tests using 'Google Test' will be built
[13.947s] -- Added test 'cppcheck' to perform static code analysis on C / C++ code
[13.973s] -- Configured cppcheck include dirs: /home/edwinooi/Desktop/foxy_ws/src/turtlebot3_simulations/navigation2-humble/nav2_dwb_controller/nav_2d_utils/include
[13.973s] -- Configured cppcheck exclude dirs and/or files: 
[13.982s] -- Added test 'cpplint' to check C / C++ code against the Google style
[13.983s] -- Configured cpplint exclude dirs and/or files: 
[13.986s] -- Added test 'lint_cmake' to check CMake code style
[14.012s] -- Added test 'uncrustify' to check C / C++ code style
[14.013s] -- Configured uncrustify additional arguments: 
[14.023s] -- Added test 'xmllint' to check XML markup files
[14.036s] -- Configuring done
[14.785s] -- Generating done
[14.791s] -- Build files have been written to: /home/edwinooi/Desktop/foxy_ws/build/nav_2d_utils
[14.825s] Invoked command in '/home/edwinooi/Desktop/foxy_ws/build/nav_2d_utils' returned '0': AMENT_PREFIX_PATH=/home/edwinooi/Desktop/foxy_ws/install/nav2_util:/home/edwinooi/Desktop/foxy_ws/install/nav2_msgs:/home/edwinooi/Desktop/foxy_ws/install/nav_2d_msgs:/home/edwinooi/Desktop/foxy_ws/install/nav2_common:${AMENT_PREFIX_PATH} CMAKE_PREFIX_PATH=/home/edwinooi/Desktop/foxy_ws/install/nav2_util:/home/edwinooi/Desktop/foxy_ws/install/nav2_msgs:/home/edwinooi/Desktop/foxy_ws/install/nav_2d_msgs:/home/edwinooi/Desktop/foxy_ws/install/nav2_common:/home/edwinooi/Desktop/emanual/install/turtlebot3_simulations:/home/edwinooi/Desktop/emanual/install/turtlebot3_gazebo:/home/edwinooi/Desktop/emanual/install/turtlebot3_fake_node:/home/edwinooi/Desktop/emanual/install/ros2_aruco_interfaces:/home/edwinooi/Desktop/emanual/install/ros2_aruco:/opt/ros/humble LD_LIBRARY_PATH=/home/edwinooi/Desktop/foxy_ws/install/nav2_util/lib:/home/edwinooi/Desktop/foxy_ws/install/nav2_msgs/lib:/home/edwinooi/Desktop/foxy_ws/install/nav_2d_msgs/lib:${LD_LIBRARY_PATH} PYTHONPATH=/home/edwinooi/Desktop/foxy_ws/install/nav2_msgs/local/lib/python3.10/dist-packages:/home/edwinooi/Desktop/foxy_ws/install/nav_2d_msgs/local/lib/python3.10/dist-packages:/home/edwinooi/Desktop/foxy_ws/install/nav2_common/local/lib/python3.10/dist-packages:${PYTHONPATH} /usr/bin/cmake /home/edwinooi/Desktop/foxy_ws/src/turtlebot3_simulations/navigation2-humble/nav2_dwb_controller/nav_2d_utils -DCMAKE_INSTALL_PREFIX=/home/edwinooi/Desktop/foxy_ws/install/nav_2d_utils
[14.826s] Invoking command in '/home/edwinooi/Desktop/foxy_ws/build/nav_2d_utils': AMENT_PREFIX_PATH=/home/edwinooi/Desktop/foxy_ws/install/nav2_util:/home/edwinooi/Desktop/foxy_ws/install/nav2_msgs:/home/edwinooi/Desktop/foxy_ws/install/nav_2d_msgs:/home/edwinooi/Desktop/foxy_ws/install/nav2_common:${AMENT_PREFIX_PATH} CMAKE_PREFIX_PATH=/home/edwinooi/Desktop/foxy_ws/install/nav2_util:/home/edwinooi/Desktop/foxy_ws/install/nav2_msgs:/home/edwinooi/Desktop/foxy_ws/install/nav_2d_msgs:/home/edwinooi/Desktop/foxy_ws/install/nav2_common:/home/edwinooi/Desktop/emanual/install/turtlebot3_simulations:/home/edwinooi/Desktop/emanual/install/turtlebot3_gazebo:/home/edwinooi/Desktop/emanual/install/turtlebot3_fake_node:/home/edwinooi/Desktop/emanual/install/ros2_aruco_interfaces:/home/edwinooi/Desktop/emanual/install/ros2_aruco:/opt/ros/humble LD_LIBRARY_PATH=/home/edwinooi/Desktop/foxy_ws/install/nav2_util/lib:/home/edwinooi/Desktop/foxy_ws/install/nav2_msgs/lib:/home/edwinooi/Desktop/foxy_ws/install/nav_2d_msgs/lib:${LD_LIBRARY_PATH} PYTHONPATH=/home/edwinooi/Desktop/foxy_ws/install/nav2_msgs/local/lib/python3.10/dist-packages:/home/edwinooi/Desktop/foxy_ws/install/nav_2d_msgs/local/lib/python3.10/dist-packages:/home/edwinooi/Desktop/foxy_ws/install/nav2_common/local/lib/python3.10/dist-packages:${PYTHONPATH} /usr/bin/cmake --build /home/edwinooi/Desktop/foxy_ws/build/nav_2d_utils -- -j4 -l4
[15.012s] [  6%] [32mBuilding CXX object CMakeFiles/conversions.dir/src/conversions.cpp.o[0m
[24.059s] [ 12%] [32m[1mLinking CXX shared library libconversions.so[0m
[24.757s] [ 12%] Built target conversions
[24.851s] [ 18%] [32mBuilding CXX object gtest/CMakeFiles/gtest.dir/src/gtest-all.cc.o[0m
[43.878s] [ 25%] [32m[1mLinking CXX static library libgtest.a[0m
[44.059s] [ 25%] Built target gtest
[44.140s] [ 31%] [32mBuilding CXX object CMakeFiles/tf_help.dir/src/tf_help.cpp.o[0m
[51.867s] [ 37%] [32m[1mLinking CXX shared library libtf_help.so[0m
[52.473s] [ 37%] Built target tf_help
[52.509s] [ 43%] [32mBuilding CXX object gtest/CMakeFiles/gtest_main.dir/src/gtest_main.cc.o[0m
[55.195s] [ 50%] [32m[1mLinking CXX static library libgtest_main.a[0m
[55.304s] [ 50%] Built target gtest_main
[55.421s] [ 56%] [32mBuilding CXX object CMakeFiles/path_ops.dir/src/path_ops.cpp.o[0m
[57.582s] [ 62%] [32m[1mLinking CXX shared library libpath_ops.so[0m
[63.435s] [ 62%] Built target path_ops
[63.588s] [ 68%] [32mBuilding CXX object test/CMakeFiles/tf_help_tests.dir/tf_help_test.cpp.o[0m
[74.140s] [ 75%] [32m[1mLinking CXX executable tf_help_tests[0m
[74.659s] [ 75%] Built target tf_help_tests
[74.740s] [ 81%] [32mBuilding CXX object test/CMakeFiles/path_ops_tests.dir/path_ops_test.cpp.o[0m
[78.576s] [ 87%] [32m[1mLinking CXX executable path_ops_tests[0m
[79.771s] [ 87%] Built target path_ops_tests
[79.835s] [ 93%] [32mBuilding CXX object test/CMakeFiles/2d_utils_tests.dir/2d_utils_test.cpp.o[0m
[92.316s] [100%] [32m[1mLinking CXX executable 2d_utils_tests[0m
[92.905s] [100%] Built target 2d_utils_tests
[92.961s] Invoked command in '/home/edwinooi/Desktop/foxy_ws/build/nav_2d_utils' returned '0': AMENT_PREFIX_PATH=/home/edwinooi/Desktop/foxy_ws/install/nav2_util:/home/edwinooi/Desktop/foxy_ws/install/nav2_msgs:/home/edwinooi/Desktop/foxy_ws/install/nav_2d_msgs:/home/edwinooi/Desktop/foxy_ws/install/nav2_common:${AMENT_PREFIX_PATH} CMAKE_PREFIX_PATH=/home/edwinooi/Desktop/foxy_ws/install/nav2_util:/home/edwinooi/Desktop/foxy_ws/install/nav2_msgs:/home/edwinooi/Desktop/foxy_ws/install/nav_2d_msgs:/home/edwinooi/Desktop/foxy_ws/install/nav2_common:/home/edwinooi/Desktop/emanual/install/turtlebot3_simulations:/home/edwinooi/Desktop/emanual/install/turtlebot3_gazebo:/home/edwinooi/Desktop/emanual/install/turtlebot3_fake_node:/home/edwinooi/Desktop/emanual/install/ros2_aruco_interfaces:/home/edwinooi/Desktop/emanual/install/ros2_aruco:/opt/ros/humble LD_LIBRARY_PATH=/home/edwinooi/Desktop/foxy_ws/install/nav2_util/lib:/home/edwinooi/Desktop/foxy_ws/install/nav2_msgs/lib:/home/edwinooi/Desktop/foxy_ws/install/nav_2d_msgs/lib:${LD_LIBRARY_PATH} PYTHONPATH=/home/edwinooi/Desktop/foxy_ws/install/nav2_msgs/local/lib/python3.10/dist-packages:/home/edwinooi/Desktop/foxy_ws/install/nav_2d_msgs/local/lib/python3.10/dist-packages:/home/edwinooi/Desktop/foxy_ws/install/nav2_common/local/lib/python3.10/dist-packages:${PYTHONPATH} /usr/bin/cmake --build /home/edwinooi/Desktop/foxy_ws/build/nav_2d_utils -- -j4 -l4
[93.332s] Invoking command in '/home/edwinooi/Desktop/foxy_ws/build/nav_2d_utils': AMENT_PREFIX_PATH=/home/edwinooi/Desktop/foxy_ws/install/nav2_util:/home/edwinooi/Desktop/foxy_ws/install/nav2_msgs:/home/edwinooi/Desktop/foxy_ws/install/nav_2d_msgs:/home/edwinooi/Desktop/foxy_ws/install/nav2_common:${AMENT_PREFIX_PATH} CMAKE_PREFIX_PATH=/home/edwinooi/Desktop/foxy_ws/install/nav2_util:/home/edwinooi/Desktop/foxy_ws/install/nav2_msgs:/home/edwinooi/Desktop/foxy_ws/install/nav_2d_msgs:/home/edwinooi/Desktop/foxy_ws/install/nav2_common:/home/edwinooi/Desktop/emanual/install/turtlebot3_simulations:/home/edwinooi/Desktop/emanual/install/turtlebot3_gazebo:/home/edwinooi/Desktop/emanual/install/turtlebot3_fake_node:/home/edwinooi/Desktop/emanual/install/ros2_aruco_interfaces:/home/edwinooi/Desktop/emanual/install/ros2_aruco:/opt/ros/humble LD_LIBRARY_PATH=/home/edwinooi/Desktop/foxy_ws/install/nav2_util/lib:/home/edwinooi/Desktop/foxy_ws/install/nav2_msgs/lib:/home/edwinooi/Desktop/foxy_ws/install/nav_2d_msgs/lib:${LD_LIBRARY_PATH} PYTHONPATH=/home/edwinooi/Desktop/foxy_ws/install/nav2_msgs/local/lib/python3.10/dist-packages:/home/edwinooi/Desktop/foxy_ws/install/nav_2d_msgs/local/lib/python3.10/dist-packages:/home/edwinooi/Desktop/foxy_ws/install/nav2_common/local/lib/python3.10/dist-packages:${PYTHONPATH} /usr/bin/cmake --install /home/edwinooi/Desktop/foxy_ws/build/nav_2d_utils
[93.365s] -- Install configuration: "Release"
[93.365s] -- Installing: /home/edwinooi/Desktop/foxy_ws/install/nav_2d_utils/lib/libconversions.so
[93.366s] -- Set runtime path of "/home/edwinooi/Desktop/foxy_ws/install/nav_2d_utils/lib/libconversions.so" to ""
[93.366s] -- Installing: /home/edwinooi/Desktop/foxy_ws/install/nav_2d_utils/lib/libpath_ops.so
[93.367s] -- Set runtime path of "/home/edwinooi/Desktop/foxy_ws/install/nav_2d_utils/lib/libpath_ops.so" to ""
[93.367s] -- Installing: /home/edwinooi/Desktop/foxy_ws/install/nav_2d_utils/lib/libtf_help.so
[93.368s] -- Set runtime path of "/home/edwinooi/Desktop/foxy_ws/install/nav_2d_utils/lib/libtf_help.so" to ""
[93.369s] -- Installing: /home/edwinooi/Desktop/foxy_ws/install/nav_2d_utils/include/
[93.369s] -- Installing: /home/edwinooi/Desktop/foxy_ws/install/nav_2d_utils/include//nav_2d_utils
[93.370s] -- Installing: /home/edwinooi/Desktop/foxy_ws/install/nav_2d_utils/include//nav_2d_utils/parameters.hpp
[93.380s] -- Installing: /home/edwinooi/Desktop/foxy_ws/install/nav_2d_utils/include//nav_2d_utils/path_ops.hpp
[93.381s] -- Installing: /home/edwinooi/Desktop/foxy_ws/install/nav_2d_utils/include//nav_2d_utils/conversions.hpp
[93.381s] -- Installing: /home/edwinooi/Desktop/foxy_ws/install/nav_2d_utils/include//nav_2d_utils/tf_help.hpp
[93.382s] -- Installing: /home/edwinooi/Desktop/foxy_ws/install/nav_2d_utils/include//nav_2d_utils/odom_subscriber.hpp
[93.383s] -- Installing: /home/edwinooi/Desktop/foxy_ws/install/nav_2d_utils/share/nav_2d_utils/environment/library_path.sh
[93.384s] -- Installing: /home/edwinooi/Desktop/foxy_ws/install/nav_2d_utils/share/nav_2d_utils/environment/library_path.dsv
[93.384s] -- Installing: /home/edwinooi/Desktop/foxy_ws/install/nav_2d_utils/share/ament_index/resource_index/package_run_dependencies/nav_2d_utils
[93.385s] -- Installing: /home/edwinooi/Desktop/foxy_ws/install/nav_2d_utils/share/ament_index/resource_index/parent_prefix_path/nav_2d_utils
[93.386s] -- Installing: /home/edwinooi/Desktop/foxy_ws/install/nav_2d_utils/share/nav_2d_utils/environment/ament_prefix_path.sh
[93.387s] -- Installing: /home/edwinooi/Desktop/foxy_ws/install/nav_2d_utils/share/nav_2d_utils/environment/ament_prefix_path.dsv
[93.387s] -- Installing: /home/edwinooi/Desktop/foxy_ws/install/nav_2d_utils/share/nav_2d_utils/environment/path.sh
[93.388s] -- Installing: /home/edwinooi/Desktop/foxy_ws/install/nav_2d_utils/share/nav_2d_utils/environment/path.dsv
[93.389s] -- Installing: /home/edwinooi/Desktop/foxy_ws/install/nav_2d_utils/share/nav_2d_utils/local_setup.bash
[93.389s] -- Installing: /home/edwinooi/Desktop/foxy_ws/install/nav_2d_utils/share/nav_2d_utils/local_setup.sh
[93.390s] -- Installing: /home/edwinooi/Desktop/foxy_ws/install/nav_2d_utils/share/nav_2d_utils/local_setup.zsh
[93.391s] -- Installing: /home/edwinooi/Desktop/foxy_ws/install/nav_2d_utils/share/nav_2d_utils/local_setup.dsv
[93.392s] -- Installing: /home/edwinooi/Desktop/foxy_ws/install/nav_2d_utils/share/nav_2d_utils/package.dsv
[93.392s] -- Installing: /home/edwinooi/Desktop/foxy_ws/install/nav_2d_utils/share/ament_index/resource_index/packages/nav_2d_utils
[93.394s] -- Installing: /home/edwinooi/Desktop/foxy_ws/install/nav_2d_utils/share/nav_2d_utils/cmake/ament_cmake_export_include_directories-extras.cmake
[93.394s] -- Installing: /home/edwinooi/Desktop/foxy_ws/install/nav_2d_utils/share/nav_2d_utils/cmake/ament_cmake_export_libraries-extras.cmake
[93.395s] -- Installing: /home/edwinooi/Desktop/foxy_ws/install/nav_2d_utils/share/nav_2d_utils/cmake/ament_cmake_export_dependencies-extras.cmake
[93.396s] -- Installing: /home/edwinooi/Desktop/foxy_ws/install/nav_2d_utils/share/nav_2d_utils/cmake/nav_2d_utilsConfig.cmake
[93.396s] -- Installing: /home/edwinooi/Desktop/foxy_ws/install/nav_2d_utils/share/nav_2d_utils/cmake/nav_2d_utilsConfig-version.cmake
[93.397s] -- Installing: /home/edwinooi/Desktop/foxy_ws/install/nav_2d_utils/share/nav_2d_utils/package.xml
[93.403s] Invoked command in '/home/edwinooi/Desktop/foxy_ws/build/nav_2d_utils' returned '0': AMENT_PREFIX_PATH=/home/edwinooi/Desktop/foxy_ws/install/nav2_util:/home/edwinooi/Desktop/foxy_ws/install/nav2_msgs:/home/edwinooi/Desktop/foxy_ws/install/nav_2d_msgs:/home/edwinooi/Desktop/foxy_ws/install/nav2_common:${AMENT_PREFIX_PATH} CMAKE_PREFIX_PATH=/home/edwinooi/Desktop/foxy_ws/install/nav2_util:/home/edwinooi/Desktop/foxy_ws/install/nav2_msgs:/home/edwinooi/Desktop/foxy_ws/install/nav_2d_msgs:/home/edwinooi/Desktop/foxy_ws/install/nav2_common:/home/edwinooi/Desktop/emanual/install/turtlebot3_simulations:/home/edwinooi/Desktop/emanual/install/turtlebot3_gazebo:/home/edwinooi/Desktop/emanual/install/turtlebot3_fake_node:/home/edwinooi/Desktop/emanual/install/ros2_aruco_interfaces:/home/edwinooi/Desktop/emanual/install/ros2_aruco:/opt/ros/humble LD_LIBRARY_PATH=/home/edwinooi/Desktop/foxy_ws/install/nav2_util/lib:/home/edwinooi/Desktop/foxy_ws/install/nav2_msgs/lib:/home/edwinooi/Desktop/foxy_ws/install/nav_2d_msgs/lib:${LD_LIBRARY_PATH} PYTHONPATH=/home/edwinooi/Desktop/foxy_ws/install/nav2_msgs/local/lib/python3.10/dist-packages:/home/edwinooi/Desktop/foxy_ws/install/nav_2d_msgs/local/lib/python3.10/dist-packages:/home/edwinooi/Desktop/foxy_ws/install/nav2_common/local/lib/python3.10/dist-packages:${PYTHONPATH} /usr/bin/cmake --install /home/edwinooi/Desktop/foxy_ws/build/nav_2d_utils
