[0.535s] Invoking command in '/home/edwinooi/Desktop/foxy_ws/build/turtlebot3_gazebo': CMAKE_PREFIX_PATH=${CMAKE_PREFIX_PATH}:/home/edwinooi/Desktop/foxy_ws/install/ros2_aruco:/home/edwinooi/Desktop/emanual/install/ros2_aruco:/opt/ros/humble /usr/bin/cmake --build /home/edwinooi/Desktop/foxy_ws/build/turtlebot3_gazebo -- -j4 -l4
[2.749s] [ 16%] Built target turtlebot3_drive
[2.749s] [ 33%] Built target turtlebot3_drive2
[2.750s] [ 50%] Built target turtlebot3_drive1
[2.750s] [ 66%] Built target obstacle1
[2.750s] [ 83%] Built target obstacle2
[2.750s] [100%] Built target obstacles
[2.783s] Invoked command in '/home/edwinooi/Desktop/foxy_ws/build/turtlebot3_gazebo' returned '0': CMAKE_PREFIX_PATH=${CMAKE_PREFIX_PATH}:/home/edwinooi/Desktop/foxy_ws/install/ros2_aruco:/home/edwinooi/Desktop/emanual/install/ros2_aruco:/opt/ros/humble /usr/bin/cmake --build /home/edwinooi/Desktop/foxy_ws/build/turtlebot3_gazebo -- -j4 -l4
[3.175s] Invoking command in '/home/edwinooi/Desktop/foxy_ws/build/turtlebot3_gazebo': CMAKE_PREFIX_PATH=${CMAKE_PREFIX_PATH}:/home/edwinooi/Desktop/foxy_ws/install/ros2_aruco:/home/edwinooi/Desktop/emanual/install/ros2_aruco:/opt/ros/humble /usr/bin/cmake --install /home/edwinooi/Desktop/foxy_ws/build/turtlebot3_gazebo
[3.248s] -- Install configuration: ""
[3.254s] -- Up-to-date: /home/edwinooi/Desktop/foxy_ws/install/turtlebot3_gazebo/lib/turtlebot3_gazebo/turtlebot3_drive
[3.260s] -- Up-to-date: /home/edwinooi/Desktop/foxy_ws/install/turtlebot3_gazebo/lib/turtlebot3_gazebo/turtlebot3_drive1
[3.265s] -- Up-to-date: /home/edwinooi/Desktop/foxy_ws/install/turtlebot3_gazebo/lib/turtlebot3_gazebo/turtlebot3_drive2
[3.265s] -- Up-to-date: /home/edwinooi/Desktop/foxy_ws/install/turtlebot3_gazebo/share/turtlebot3_gazebo//launch
[3.266s] -- Installing: /home/edwinooi/Desktop/foxy_ws/install/turtlebot3_gazebo/share/turtlebot3_gazebo//launch/aruco_second_test.launch.py
[3.266s] -- Installing: /home/edwinooi/Desktop/foxy_ws/install/turtlebot3_gazebo/share/turtlebot3_gazebo//launch/turtlebot3_world.launch.py
[3.267s] -- Up-to-date: /home/edwinooi/Desktop/foxy_ws/install/turtlebot3_gazebo/share/turtlebot3_gazebo//launch/turtlebot3_autorace.launch.py
[3.269s] -- Up-to-date: /home/edwinooi/Desktop/foxy_ws/install/turtlebot3_gazebo/share/turtlebot3_gazebo//launch/turtlebot3_house.launch.py
[3.273s] -- Up-to-date: /home/edwinooi/Desktop/foxy_ws/install/turtlebot3_gazebo/share/turtlebot3_gazebo//launch/robot_state_publisher2.launch.py
[3.275s] -- Up-to-date: /home/edwinooi/Desktop/foxy_ws/install/turtlebot3_gazebo/share/turtlebot3_gazebo//launch/turtlebot3_dqn_stage1.launch.py
[3.275s] -- Up-to-date: /home/edwinooi/Desktop/foxy_ws/install/turtlebot3_gazebo/share/turtlebot3_gazebo//launch/turtlebot3_dqn_stage3.launch.py
[3.275s] -- Up-to-date: /home/edwinooi/Desktop/foxy_ws/install/turtlebot3_gazebo/share/turtlebot3_gazebo//launch/turtlebot3_dqn_stage2.launch.py
[3.275s] -- Up-to-date: /home/edwinooi/Desktop/foxy_ws/install/turtlebot3_gazebo/share/turtlebot3_gazebo//launch/spawn_turtlebot3_2robots_with_markers.launch.py
[3.276s] -- Up-to-date: /home/edwinooi/Desktop/foxy_ws/install/turtlebot3_gazebo/share/turtlebot3_gazebo//launch/robot_state_publisher.launch.py
[3.276s] -- Up-to-date: /home/edwinooi/Desktop/foxy_ws/install/turtlebot3_gazebo/share/turtlebot3_gazebo//launch/turtlebot3_dqn_stage4.launch.py
[3.280s] -- Up-to-date: /home/edwinooi/Desktop/foxy_ws/install/turtlebot3_gazebo/share/turtlebot3_gazebo//launch/empty_world.launch.py
[3.280s] -- Up-to-date: /home/edwinooi/Desktop/foxy_ws/install/turtlebot3_gazebo/share/turtlebot3_gazebo//models
[3.280s] -- Up-to-date: /home/edwinooi/Desktop/foxy_ws/install/turtlebot3_gazebo/share/turtlebot3_gazebo//models/turtlebot3_waffle_pi
[3.280s] -- Up-to-date: /home/edwinooi/Desktop/foxy_ws/install/turtlebot3_gazebo/share/turtlebot3_gazebo//models/turtlebot3_waffle_pi/model.config
[3.282s] -- Up-to-date: /home/edwinooi/Desktop/foxy_ws/install/turtlebot3_gazebo/share/turtlebot3_gazebo//models/turtlebot3_waffle_pi/model2_with_marker.sdf
[3.282s] -- Up-to-date: /home/edwinooi/Desktop/foxy_ws/install/turtlebot3_gazebo/share/turtlebot3_gazebo//models/turtlebot3_waffle_pi/model-1_4_.sdf
[3.282s] -- Up-to-date: /home/edwinooi/Desktop/foxy_ws/install/turtlebot3_gazebo/share/turtlebot3_gazebo//models/turtlebot3_waffle_pi/meshes
[3.282s] -- Up-to-date: /home/edwinooi/Desktop/foxy_ws/install/turtlebot3_gazebo/share/turtlebot3_gazebo//models/turtlebot3_waffle_pi/meshes/waffle_pi_base.dae
[3.283s] -- Up-to-date: /home/edwinooi/Desktop/foxy_ws/install/turtlebot3_gazebo/share/turtlebot3_gazebo//models/turtlebot3_waffle_pi/meshes/tire.dae
[3.283s] -- Up-to-date: /home/edwinooi/Desktop/foxy_ws/install/turtlebot3_gazebo/share/turtlebot3_gazebo//models/turtlebot3_waffle_pi/meshes/lds.dae
[3.284s] -- Up-to-date: /home/edwinooi/Desktop/foxy_ws/install/turtlebot3_gazebo/share/turtlebot3_gazebo//models/turtlebot3_waffle_pi/model1_with_marker.sdf
[3.284s] -- Up-to-date: /home/edwinooi/Desktop/foxy_ws/install/turtlebot3_gazebo/share/turtlebot3_gazebo//models/turtlebot3_waffle_pi/model.sdf
[3.284s] -- Up-to-date: /home/edwinooi/Desktop/foxy_ws/install/turtlebot3_gazebo/share/turtlebot3_gazebo//models/turtlebot3_waffle
[3.284s] -- Up-to-date: /home/edwinooi/Desktop/foxy_ws/install/turtlebot3_gazebo/share/turtlebot3_gazebo//models/turtlebot3_waffle/model.config
[3.286s] -- Up-to-date: /home/edwinooi/Desktop/foxy_ws/install/turtlebot3_gazebo/share/turtlebot3_gazebo//models/turtlebot3_waffle/meshes
[3.287s] -- Up-to-date: /home/edwinooi/Desktop/foxy_ws/install/turtlebot3_gazebo/share/turtlebot3_gazebo//models/turtlebot3_waffle/meshes/r200.dae
[3.287s] -- Up-to-date: /home/edwinooi/Desktop/foxy_ws/install/turtlebot3_gazebo/share/turtlebot3_gazebo//models/turtlebot3_waffle/meshes/tire.dae
[3.287s] -- Up-to-date: /home/edwinooi/Desktop/foxy_ws/install/turtlebot3_gazebo/share/turtlebot3_gazebo//models/turtlebot3_waffle/meshes/waffle_base.dae
[3.288s] -- Up-to-date: /home/edwinooi/Desktop/foxy_ws/install/turtlebot3_gazebo/share/turtlebot3_gazebo//models/turtlebot3_waffle/meshes/lds.dae
[3.292s] -- Up-to-date: /home/edwinooi/Desktop/foxy_ws/install/turtlebot3_gazebo/share/turtlebot3_gazebo//models/turtlebot3_waffle/model.sdf
[3.292s] -- Up-to-date: /home/edwinooi/Desktop/foxy_ws/install/turtlebot3_gazebo/share/turtlebot3_gazebo//models/turtlebot3_waffle/model-1_4.sdf
[3.292s] -- Up-to-date: /home/edwinooi/Desktop/foxy_ws/install/turtlebot3_gazebo/share/turtlebot3_gazebo//models/turtlebot3_world
[3.292s] -- Up-to-date: /home/edwinooi/Desktop/foxy_ws/install/turtlebot3_gazebo/share/turtlebot3_gazebo//models/turtlebot3_world/model.config
[3.293s] -- Up-to-date: /home/edwinooi/Desktop/foxy_ws/install/turtlebot3_gazebo/share/turtlebot3_gazebo//models/turtlebot3_world/meshes
[3.293s] -- Up-to-date: /home/edwinooi/Desktop/foxy_ws/install/turtlebot3_gazebo/share/turtlebot3_gazebo//models/turtlebot3_world/meshes/hexagon.dae
[3.293s] -- Up-to-date: /home/edwinooi/Desktop/foxy_ws/install/turtlebot3_gazebo/share/turtlebot3_gazebo//models/turtlebot3_world/meshes/wall.dae
[3.293s] -- Up-to-date: /home/edwinooi/Desktop/foxy_ws/install/turtlebot3_gazebo/share/turtlebot3_gazebo//models/turtlebot3_world/model.sdf
[3.293s] -- Up-to-date: /home/edwinooi/Desktop/foxy_ws/install/turtlebot3_gazebo/share/turtlebot3_gazebo//models/turtlebot3_world/model-1_4.sdf
[3.293s] -- Up-to-date: /home/edwinooi/Desktop/foxy_ws/install/turtlebot3_gazebo/share/turtlebot3_gazebo//models/turtlebot3_autorace
[3.294s] -- Up-to-date: /home/edwinooi/Desktop/foxy_ws/install/turtlebot3_gazebo/share/turtlebot3_gazebo//models/turtlebot3_autorace/model.config
[3.294s] -- Up-to-date: /home/edwinooi/Desktop/foxy_ws/install/turtlebot3_gazebo/share/turtlebot3_gazebo//models/turtlebot3_autorace/lights
[3.294s] -- Up-to-date: /home/edwinooi/Desktop/foxy_ws/install/turtlebot3_gazebo/share/turtlebot3_gazebo//models/turtlebot3_autorace/lights/model.config
[3.294s] -- Up-to-date: /home/edwinooi/Desktop/foxy_ws/install/turtlebot3_gazebo/share/turtlebot3_gazebo//models/turtlebot3_autorace/lights/model.sdf
[3.294s] -- Up-to-date: /home/edwinooi/Desktop/foxy_ws/install/turtlebot3_gazebo/share/turtlebot3_gazebo//models/turtlebot3_autorace/ground
[3.294s] -- Up-to-date: /home/edwinooi/Desktop/foxy_ws/install/turtlebot3_gazebo/share/turtlebot3_gazebo//models/turtlebot3_autorace/ground/model.config
[3.294s] -- Up-to-date: /home/edwinooi/Desktop/foxy_ws/install/turtlebot3_gazebo/share/turtlebot3_gazebo//models/turtlebot3_autorace/ground/model.sdf
[3.295s] -- Up-to-date: /home/edwinooi/Desktop/foxy_ws/install/turtlebot3_gazebo/share/turtlebot3_gazebo//models/turtlebot3_autorace/traffic_light_red
[3.295s] -- Up-to-date: /home/edwinooi/Desktop/foxy_ws/install/turtlebot3_gazebo/share/turtlebot3_gazebo//models/turtlebot3_autorace/traffic_light_red/model.config
[3.295s] -- Up-to-date: /home/edwinooi/Desktop/foxy_ws/install/turtlebot3_gazebo/share/turtlebot3_gazebo//models/turtlebot3_autorace/traffic_light_red/model.sdf
[3.299s] -- Up-to-date: /home/edwinooi/Desktop/foxy_ws/install/turtlebot3_gazebo/share/turtlebot3_gazebo//models/turtlebot3_autorace/course
[3.301s] -- Up-to-date: /home/edwinooi/Desktop/foxy_ws/install/turtlebot3_gazebo/share/turtlebot3_gazebo//models/turtlebot3_autorace/course/model.config
[3.302s] -- Up-to-date: /home/edwinooi/Desktop/foxy_ws/install/turtlebot3_gazebo/share/turtlebot3_gazebo//models/turtlebot3_autorace/course/model.sdf
[3.303s] -- Up-to-date: /home/edwinooi/Desktop/foxy_ws/install/turtlebot3_gazebo/share/turtlebot3_gazebo//models/turtlebot3_autorace/course/materials
[3.332s] -- Up-to-date: /home/edwinooi/Desktop/foxy_ws/install/turtlebot3_gazebo/share/turtlebot3_gazebo//models/turtlebot3_autorace/course/materials/textures
[3.332s] -- Up-to-date: /home/edwinooi/Desktop/foxy_ws/install/turtlebot3_gazebo/share/turtlebot3_gazebo//models/turtlebot3_autorace/course/materials/textures/course.png
[3.332s] -- Up-to-date: /home/edwinooi/Desktop/foxy_ws/install/turtlebot3_gazebo/share/turtlebot3_gazebo//models/turtlebot3_autorace/course/materials/scripts
[3.333s] -- Up-to-date: /home/edwinooi/Desktop/foxy_ws/install/turtlebot3_gazebo/share/turtlebot3_gazebo//models/turtlebot3_autorace/course/materials/scripts/course.material
[3.333s] -- Up-to-date: /home/edwinooi/Desktop/foxy_ws/install/turtlebot3_gazebo/share/turtlebot3_gazebo//models/turtlebot3_autorace/traffic_light_green
[3.333s] -- Up-to-date: /home/edwinooi/Desktop/foxy_ws/install/turtlebot3_gazebo/share/turtlebot3_gazebo//models/turtlebot3_autorace/traffic_light_green/model.config
[3.333s] -- Up-to-date: /home/edwinooi/Desktop/foxy_ws/install/turtlebot3_gazebo/share/turtlebot3_gazebo//models/turtlebot3_autorace/traffic_light_green/model.sdf
[3.333s] -- Up-to-date: /home/edwinooi/Desktop/foxy_ws/install/turtlebot3_gazebo/share/turtlebot3_gazebo//models/turtlebot3_autorace/traffic_stop
[3.333s] -- Up-to-date: /home/edwinooi/Desktop/foxy_ws/install/turtlebot3_gazebo/share/turtlebot3_gazebo//models/turtlebot3_autorace/traffic_stop/model.config
[3.334s] -- Up-to-date: /home/edwinooi/Desktop/foxy_ws/install/turtlebot3_gazebo/share/turtlebot3_gazebo//models/turtlebot3_autorace/traffic_stop/model.sdf
[3.334s] -- Up-to-date: /home/edwinooi/Desktop/foxy_ws/install/turtlebot3_gazebo/share/turtlebot3_gazebo//models/turtlebot3_autorace/traffic_stop/materials
[3.334s] -- Up-to-date: /home/edwinooi/Desktop/foxy_ws/install/turtlebot3_gazebo/share/turtlebot3_gazebo//models/turtlebot3_autorace/traffic_stop/materials/textures
[3.334s] -- Up-to-date: /home/edwinooi/Desktop/foxy_ws/install/turtlebot3_gazebo/share/turtlebot3_gazebo//models/turtlebot3_autorace/traffic_stop/materials/textures/traffic_stop.png
[3.334s] -- Up-to-date: /home/edwinooi/Desktop/foxy_ws/install/turtlebot3_gazebo/share/turtlebot3_gazebo//models/turtlebot3_autorace/traffic_stop/materials/scripts
[3.334s] -- Up-to-date: /home/edwinooi/Desktop/foxy_ws/install/turtlebot3_gazebo/share/turtlebot3_gazebo//models/turtlebot3_autorace/traffic_stop/materials/scripts/traffic_stop.material
[3.335s] -- Up-to-date: /home/edwinooi/Desktop/foxy_ws/install/turtlebot3_gazebo/share/turtlebot3_gazebo//models/turtlebot3_autorace/traffic_bar_up
[3.335s] -- Up-to-date: /home/edwinooi/Desktop/foxy_ws/install/turtlebot3_gazebo/share/turtlebot3_gazebo//models/turtlebot3_autorace/traffic_bar_up/model.config
[3.340s] -- Up-to-date: /home/edwinooi/Desktop/foxy_ws/install/turtlebot3_gazebo/share/turtlebot3_gazebo//models/turtlebot3_autorace/traffic_bar_up/model.sdf
[3.340s] -- Up-to-date: /home/edwinooi/Desktop/foxy_ws/install/turtlebot3_gazebo/share/turtlebot3_gazebo//models/turtlebot3_autorace/traffic_bar_up/materials
[3.340s] -- Up-to-date: /home/edwinooi/Desktop/foxy_ws/install/turtlebot3_gazebo/share/turtlebot3_gazebo//models/turtlebot3_autorace/traffic_bar_up/materials/textures
[3.340s] -- Up-to-date: /home/edwinooi/Desktop/foxy_ws/install/turtlebot3_gazebo/share/turtlebot3_gazebo//models/turtlebot3_autorace/traffic_bar_up/materials/textures/traffic_bar.png
[3.340s] -- Up-to-date: /home/edwinooi/Desktop/foxy_ws/install/turtlebot3_gazebo/share/turtlebot3_gazebo//models/turtlebot3_autorace/traffic_bar_up/materials/scripts
[3.341s] -- Up-to-date: /home/edwinooi/Desktop/foxy_ws/install/turtlebot3_gazebo/share/turtlebot3_gazebo//models/turtlebot3_autorace/traffic_bar_up/materials/scripts/traffic_bar.material
[3.341s] -- Up-to-date: /home/edwinooi/Desktop/foxy_ws/install/turtlebot3_gazebo/share/turtlebot3_gazebo//models/turtlebot3_autorace/traffic_tunnel
[3.341s] -- Up-to-date: /home/edwinooi/Desktop/foxy_ws/install/turtlebot3_gazebo/share/turtlebot3_gazebo//models/turtlebot3_autorace/traffic_tunnel/model.config
[3.341s] -- Up-to-date: /home/edwinooi/Desktop/foxy_ws/install/turtlebot3_gazebo/share/turtlebot3_gazebo//models/turtlebot3_autorace/traffic_tunnel/model.sdf
[3.341s] -- Up-to-date: /home/edwinooi/Desktop/foxy_ws/install/turtlebot3_gazebo/share/turtlebot3_gazebo//models/turtlebot3_autorace/traffic_tunnel/materials
[3.341s] -- Up-to-date: /home/edwinooi/Desktop/foxy_ws/install/turtlebot3_gazebo/share/turtlebot3_gazebo//models/turtlebot3_autorace/traffic_tunnel/materials/textures
[3.342s] -- Up-to-date: /home/edwinooi/Desktop/foxy_ws/install/turtlebot3_gazebo/share/turtlebot3_gazebo//models/turtlebot3_autorace/traffic_tunnel/materials/textures/tunnel.png
[3.342s] -- Up-to-date: /home/edwinooi/Desktop/foxy_ws/install/turtlebot3_gazebo/share/turtlebot3_gazebo//models/turtlebot3_autorace/traffic_tunnel/materials/scripts
[3.342s] -- Up-to-date: /home/edwinooi/Desktop/foxy_ws/install/turtlebot3_gazebo/share/turtlebot3_gazebo//models/turtlebot3_autorace/traffic_tunnel/materials/scripts/tunnel.material
[3.342s] -- Up-to-date: /home/edwinooi/Desktop/foxy_ws/install/turtlebot3_gazebo/share/turtlebot3_gazebo//models/turtlebot3_autorace/traffic_light_yellow
[3.342s] -- Up-to-date: /home/edwinooi/Desktop/foxy_ws/install/turtlebot3_gazebo/share/turtlebot3_gazebo//models/turtlebot3_autorace/traffic_light_yellow/model.config
[3.342s] -- Up-to-date: /home/edwinooi/Desktop/foxy_ws/install/turtlebot3_gazebo/share/turtlebot3_gazebo//models/turtlebot3_autorace/traffic_light_yellow/model.sdf
[3.342s] -- Up-to-date: /home/edwinooi/Desktop/foxy_ws/install/turtlebot3_gazebo/share/turtlebot3_gazebo//models/turtlebot3_autorace/traffic_parking
[3.343s] -- Up-to-date: /home/edwinooi/Desktop/foxy_ws/install/turtlebot3_gazebo/share/turtlebot3_gazebo//models/turtlebot3_autorace/traffic_parking/model.config
[3.343s] -- Up-to-date: /home/edwinooi/Desktop/foxy_ws/install/turtlebot3_gazebo/share/turtlebot3_gazebo//models/turtlebot3_autorace/traffic_parking/model.sdf
[3.343s] -- Up-to-date: /home/edwinooi/Desktop/foxy_ws/install/turtlebot3_gazebo/share/turtlebot3_gazebo//models/turtlebot3_autorace/traffic_parking/materials
[3.360s] -- Up-to-date: /home/edwinooi/Desktop/foxy_ws/install/turtlebot3_gazebo/share/turtlebot3_gazebo//models/turtlebot3_autorace/traffic_parking/materials/textures
[3.361s] -- Up-to-date: /home/edwinooi/Desktop/foxy_ws/install/turtlebot3_gazebo/share/turtlebot3_gazebo//models/turtlebot3_autorace/traffic_parking/materials/textures/traffic_parking.png
[3.361s] -- Up-to-date: /home/edwinooi/Desktop/foxy_ws/install/turtlebot3_gazebo/share/turtlebot3_gazebo//models/turtlebot3_autorace/traffic_parking/materials/scripts
[3.361s] -- Up-to-date: /home/edwinooi/Desktop/foxy_ws/install/turtlebot3_gazebo/share/turtlebot3_gazebo//models/turtlebot3_autorace/traffic_parking/materials/scripts/traffic_parking.material
[3.361s] -- Up-to-date: /home/edwinooi/Desktop/foxy_ws/install/turtlebot3_gazebo/share/turtlebot3_gazebo//models/turtlebot3_autorace/tunnel_obstacles
[3.361s] -- Up-to-date: /home/edwinooi/Desktop/foxy_ws/install/turtlebot3_gazebo/share/turtlebot3_gazebo//models/turtlebot3_autorace/tunnel_obstacles/model.config
[3.361s] -- Up-to-date: /home/edwinooi/Desktop/foxy_ws/install/turtlebot3_gazebo/share/turtlebot3_gazebo//models/turtlebot3_autorace/tunnel_obstacles/model.sdf
[3.362s] -- Up-to-date: /home/edwinooi/Desktop/foxy_ws/install/turtlebot3_gazebo/share/turtlebot3_gazebo//models/turtlebot3_autorace/traffic_bar_down
[3.362s] -- Up-to-date: /home/edwinooi/Desktop/foxy_ws/install/turtlebot3_gazebo/share/turtlebot3_gazebo//models/turtlebot3_autorace/traffic_bar_down/model.config
[3.362s] -- Up-to-date: /home/edwinooi/Desktop/foxy_ws/install/turtlebot3_gazebo/share/turtlebot3_gazebo//models/turtlebot3_autorace/traffic_bar_down/model.sdf
[3.362s] -- Up-to-date: /home/edwinooi/Desktop/foxy_ws/install/turtlebot3_gazebo/share/turtlebot3_gazebo//models/turtlebot3_autorace/traffic_bar_down/materials
[3.362s] -- Up-to-date: /home/edwinooi/Desktop/foxy_ws/install/turtlebot3_gazebo/share/turtlebot3_gazebo//models/turtlebot3_autorace/traffic_bar_down/materials/textures
[3.362s] -- Up-to-date: /home/edwinooi/Desktop/foxy_ws/install/turtlebot3_gazebo/share/turtlebot3_gazebo//models/turtlebot3_autorace/traffic_bar_down/materials/textures/traffic_bar.png
[3.362s] -- Up-to-date: /home/edwinooi/Desktop/foxy_ws/install/turtlebot3_gazebo/share/turtlebot3_gazebo//models/turtlebot3_autorace/traffic_bar_down/materials/scripts
[3.363s] -- Up-to-date: /home/edwinooi/Desktop/foxy_ws/install/turtlebot3_gazebo/share/turtlebot3_gazebo//models/turtlebot3_autorace/traffic_bar_down/materials/scripts/traffic_bar.material
[3.363s] -- Up-to-date: /home/edwinooi/Desktop/foxy_ws/install/turtlebot3_gazebo/share/turtlebot3_gazebo//models/turtlebot3_autorace/tunnel_wall
[3.363s] -- Up-to-date: /home/edwinooi/Desktop/foxy_ws/install/turtlebot3_gazebo/share/turtlebot3_gazebo//models/turtlebot3_autorace/tunnel_wall/model.config
[3.363s] -- Up-to-date: /home/edwinooi/Desktop/foxy_ws/install/turtlebot3_gazebo/share/turtlebot3_gazebo//models/turtlebot3_autorace/tunnel_wall/model.sdf
[3.363s] -- Up-to-date: /home/edwinooi/Desktop/foxy_ws/install/turtlebot3_gazebo/share/turtlebot3_gazebo//models/turtlebot3_house
[3.363s] -- Up-to-date: /home/edwinooi/Desktop/foxy_ws/install/turtlebot3_gazebo/share/turtlebot3_gazebo//models/turtlebot3_house/model.config
[3.364s] -- Up-to-date: /home/edwinooi/Desktop/foxy_ws/install/turtlebot3_gazebo/share/turtlebot3_gazebo//models/turtlebot3_house/model.sdf
[3.364s] -- Up-to-date: /home/edwinooi/Desktop/foxy_ws/install/turtlebot3_gazebo/share/turtlebot3_gazebo//models/turtlebot3_burger
[3.364s] -- Up-to-date: /home/edwinooi/Desktop/foxy_ws/install/turtlebot3_gazebo/share/turtlebot3_gazebo//models/turtlebot3_burger/model.config
[3.364s] -- Up-to-date: /home/edwinooi/Desktop/foxy_ws/install/turtlebot3_gazebo/share/turtlebot3_gazebo//models/turtlebot3_burger/meshes
[3.364s] -- Up-to-date: /home/edwinooi/Desktop/foxy_ws/install/turtlebot3_gazebo/share/turtlebot3_gazebo//models/turtlebot3_burger/meshes/tire.dae
[3.364s] -- Up-to-date: /home/edwinooi/Desktop/foxy_ws/install/turtlebot3_gazebo/share/turtlebot3_gazebo//models/turtlebot3_burger/meshes/burger_base.dae
[3.365s] -- Up-to-date: /home/edwinooi/Desktop/foxy_ws/install/turtlebot3_gazebo/share/turtlebot3_gazebo//models/turtlebot3_burger/meshes/lds.dae
[3.365s] -- Up-to-date: /home/edwinooi/Desktop/foxy_ws/install/turtlebot3_gazebo/share/turtlebot3_gazebo//models/turtlebot3_burger/model.sdf
[3.365s] -- Up-to-date: /home/edwinooi/Desktop/foxy_ws/install/turtlebot3_gazebo/share/turtlebot3_gazebo//models/turtlebot3_burger/model-1_4.sdf
[3.365s] -- Up-to-date: /home/edwinooi/Desktop/foxy_ws/install/turtlebot3_gazebo/share/turtlebot3_gazebo//models/turtlebot3_dqn_world
[3.365s] -- Up-to-date: /home/edwinooi/Desktop/foxy_ws/install/turtlebot3_gazebo/share/turtlebot3_gazebo//models/turtlebot3_dqn_world/model.config
[3.366s] -- Up-to-date: /home/edwinooi/Desktop/foxy_ws/install/turtlebot3_gazebo/share/turtlebot3_gazebo//models/turtlebot3_dqn_world/obstacle1
[3.366s] -- Up-to-date: /home/edwinooi/Desktop/foxy_ws/install/turtlebot3_gazebo/share/turtlebot3_gazebo//models/turtlebot3_dqn_world/obstacle1/model.config
[3.366s] -- Up-to-date: /home/edwinooi/Desktop/foxy_ws/install/turtlebot3_gazebo/share/turtlebot3_gazebo//models/turtlebot3_dqn_world/obstacle1/model.sdf
[3.366s] -- Up-to-date: /home/edwinooi/Desktop/foxy_ws/install/turtlebot3_gazebo/share/turtlebot3_gazebo//models/turtlebot3_dqn_world/model.sdf
[3.366s] -- Up-to-date: /home/edwinooi/Desktop/foxy_ws/install/turtlebot3_gazebo/share/turtlebot3_gazebo//models/turtlebot3_dqn_world/goal_box
[3.366s] -- Up-to-date: /home/edwinooi/Desktop/foxy_ws/install/turtlebot3_gazebo/share/turtlebot3_gazebo//models/turtlebot3_dqn_world/goal_box/model.config
[3.366s] -- Up-to-date: /home/edwinooi/Desktop/foxy_ws/install/turtlebot3_gazebo/share/turtlebot3_gazebo//models/turtlebot3_dqn_world/goal_box/model.sdf
[3.367s] -- Up-to-date: /home/edwinooi/Desktop/foxy_ws/install/turtlebot3_gazebo/share/turtlebot3_gazebo//models/turtlebot3_dqn_world/obstacles
[3.367s] -- Up-to-date: /home/edwinooi/Desktop/foxy_ws/install/turtlebot3_gazebo/share/turtlebot3_gazebo//models/turtlebot3_dqn_world/obstacles/model.config
[3.367s] -- Up-to-date: /home/edwinooi/Desktop/foxy_ws/install/turtlebot3_gazebo/share/turtlebot3_gazebo//models/turtlebot3_dqn_world/obstacles/model.sdf
[3.388s] -- Up-to-date: /home/edwinooi/Desktop/foxy_ws/install/turtlebot3_gazebo/share/turtlebot3_gazebo//models/turtlebot3_dqn_world/obstacle2
[3.388s] -- Up-to-date: /home/edwinooi/Desktop/foxy_ws/install/turtlebot3_gazebo/share/turtlebot3_gazebo//models/turtlebot3_dqn_world/obstacle2/model.config
[3.389s] -- Up-to-date: /home/edwinooi/Desktop/foxy_ws/install/turtlebot3_gazebo/share/turtlebot3_gazebo//models/turtlebot3_dqn_world/obstacle2/model.sdf
[3.389s] -- Up-to-date: /home/edwinooi/Desktop/foxy_ws/install/turtlebot3_gazebo/share/turtlebot3_gazebo//models/turtlebot3_dqn_world/obstacle_plugin
[3.389s] -- Up-to-date: /home/edwinooi/Desktop/foxy_ws/install/turtlebot3_gazebo/share/turtlebot3_gazebo//models/turtlebot3_dqn_world/obstacle_plugin/obstacle1.cc
[3.389s] -- Up-to-date: /home/edwinooi/Desktop/foxy_ws/install/turtlebot3_gazebo/share/turtlebot3_gazebo//models/turtlebot3_dqn_world/obstacle_plugin/CMakeLists.txt
[3.390s] -- Up-to-date: /home/edwinooi/Desktop/foxy_ws/install/turtlebot3_gazebo/share/turtlebot3_gazebo//models/turtlebot3_dqn_world/obstacle_plugin/obstacle2.cc
[3.390s] -- Up-to-date: /home/edwinooi/Desktop/foxy_ws/install/turtlebot3_gazebo/share/turtlebot3_gazebo//models/turtlebot3_dqn_world/obstacle_plugin/obstacles.cc
[3.390s] -- Up-to-date: /home/edwinooi/Desktop/foxy_ws/install/turtlebot3_gazebo/share/turtlebot3_gazebo//models/turtlebot3_dqn_world/inner_walls
[3.390s] -- Up-to-date: /home/edwinooi/Desktop/foxy_ws/install/turtlebot3_gazebo/share/turtlebot3_gazebo//models/turtlebot3_dqn_world/inner_walls/model.config
[3.390s] -- Up-to-date: /home/edwinooi/Desktop/foxy_ws/install/turtlebot3_gazebo/share/turtlebot3_gazebo//models/turtlebot3_dqn_world/inner_walls/model.sdf
[3.390s] -- Up-to-date: /home/edwinooi/Desktop/foxy_ws/install/turtlebot3_gazebo/share/turtlebot3_gazebo//models/realsense_camera
[3.391s] -- Up-to-date: /home/edwinooi/Desktop/foxy_ws/install/turtlebot3_gazebo/share/turtlebot3_gazebo//models/realsense_camera/model.config
[3.391s] -- Up-to-date: /home/edwinooi/Desktop/foxy_ws/install/turtlebot3_gazebo/share/turtlebot3_gazebo//models/realsense_camera/meshes
[3.391s] -- Up-to-date: /home/edwinooi/Desktop/foxy_ws/install/turtlebot3_gazebo/share/turtlebot3_gazebo//models/realsense_camera/meshes/realsense.dae
[3.391s] -- Up-to-date: /home/edwinooi/Desktop/foxy_ws/install/turtlebot3_gazebo/share/turtlebot3_gazebo//models/realsense_camera/model.sdf
[3.391s] -- Up-to-date: /home/edwinooi/Desktop/foxy_ws/install/turtlebot3_gazebo/share/turtlebot3_gazebo//models/realsense_camera/materials
[3.391s] -- Up-to-date: /home/edwinooi/Desktop/foxy_ws/install/turtlebot3_gazebo/share/turtlebot3_gazebo//models/realsense_camera/materials/textures
[3.392s] -- Up-to-date: /home/edwinooi/Desktop/foxy_ws/install/turtlebot3_gazebo/share/turtlebot3_gazebo//models/realsense_camera/materials/textures/realsense_diffuse.png
[3.392s] -- Up-to-date: /home/edwinooi/Desktop/foxy_ws/install/turtlebot3_gazebo/share/turtlebot3_gazebo//rviz
[3.392s] -- Up-to-date: /home/edwinooi/Desktop/foxy_ws/install/turtlebot3_gazebo/share/turtlebot3_gazebo//rviz/tb3_gazebo.rviz
[3.393s] -- Up-to-date: /home/edwinooi/Desktop/foxy_ws/install/turtlebot3_gazebo/share/turtlebot3_gazebo//urdf
[3.393s] -- Up-to-date: /home/edwinooi/Desktop/foxy_ws/install/turtlebot3_gazebo/share/turtlebot3_gazebo//urdf/turtlebot3_waffle.urdf
[3.393s] -- Up-to-date: /home/edwinooi/Desktop/foxy_ws/install/turtlebot3_gazebo/share/turtlebot3_gazebo//urdf/turtlebot3_waffle_pi.urdf
[3.394s] -- Up-to-date: /home/edwinooi/Desktop/foxy_ws/install/turtlebot3_gazebo/share/turtlebot3_gazebo//urdf/common_properties.urdf
[3.394s] -- Up-to-date: /home/edwinooi/Desktop/foxy_ws/install/turtlebot3_gazebo/share/turtlebot3_gazebo//urdf/turtlebot3_burger.urdf
[3.394s] -- Up-to-date: /home/edwinooi/Desktop/foxy_ws/install/turtlebot3_gazebo/share/turtlebot3_gazebo//worlds
[3.394s] -- Up-to-date: /home/edwinooi/Desktop/foxy_ws/install/turtlebot3_gazebo/share/turtlebot3_gazebo//worlds/empty_worlds
[3.394s] -- Up-to-date: /home/edwinooi/Desktop/foxy_ws/install/turtlebot3_gazebo/share/turtlebot3_gazebo//worlds/empty_worlds/waffle_pi.model
[3.406s] -- Up-to-date: /home/edwinooi/Desktop/foxy_ws/install/turtlebot3_gazebo/share/turtlebot3_gazebo//worlds/empty_worlds/waffle.model
[3.407s] -- Up-to-date: /home/edwinooi/Desktop/foxy_ws/install/turtlebot3_gazebo/share/turtlebot3_gazebo//worlds/empty_worlds/burger.model
[3.407s] -- Up-to-date: /home/edwinooi/Desktop/foxy_ws/install/turtlebot3_gazebo/share/turtlebot3_gazebo//worlds/turtlebot3_autoraces
[3.408s] -- Up-to-date: /home/edwinooi/Desktop/foxy_ws/install/turtlebot3_gazebo/share/turtlebot3_gazebo//worlds/turtlebot3_autoraces/waffle_pi.model
[3.408s] -- Up-to-date: /home/edwinooi/Desktop/foxy_ws/install/turtlebot3_gazebo/share/turtlebot3_gazebo//worlds/turtlebot3_autoraces/waffle.model
[3.408s] -- Up-to-date: /home/edwinooi/Desktop/foxy_ws/install/turtlebot3_gazebo/share/turtlebot3_gazebo//worlds/turtlebot3_autoraces/burger.model
[3.408s] -- Up-to-date: /home/edwinooi/Desktop/foxy_ws/install/turtlebot3_gazebo/share/turtlebot3_gazebo//worlds/turtlebot3_dqn_stage1
[3.408s] -- Up-to-date: /home/edwinooi/Desktop/foxy_ws/install/turtlebot3_gazebo/share/turtlebot3_gazebo//worlds/turtlebot3_dqn_stage1/waffle_pi.model
[3.408s] -- Up-to-date: /home/edwinooi/Desktop/foxy_ws/install/turtlebot3_gazebo/share/turtlebot3_gazebo//worlds/turtlebot3_dqn_stage1/waffle.model
[3.409s] -- Up-to-date: /home/edwinooi/Desktop/foxy_ws/install/turtlebot3_gazebo/share/turtlebot3_gazebo//worlds/turtlebot3_dqn_stage1/burger.model
[3.409s] -- Up-to-date: /home/edwinooi/Desktop/foxy_ws/install/turtlebot3_gazebo/share/turtlebot3_gazebo//worlds/my_third_world.sdf
[3.409s] -- Up-to-date: /home/edwinooi/Desktop/foxy_ws/install/turtlebot3_gazebo/share/turtlebot3_gazebo//worlds/turtlebot3_dqn_stage3
[3.409s] -- Up-to-date: /home/edwinooi/Desktop/foxy_ws/install/turtlebot3_gazebo/share/turtlebot3_gazebo//worlds/turtlebot3_dqn_stage3/waffle_pi.model
[3.409s] -- Up-to-date: /home/edwinooi/Desktop/foxy_ws/install/turtlebot3_gazebo/share/turtlebot3_gazebo//worlds/turtlebot3_dqn_stage3/waffle.model
[3.409s] -- Up-to-date: /home/edwinooi/Desktop/foxy_ws/install/turtlebot3_gazebo/share/turtlebot3_gazebo//worlds/turtlebot3_dqn_stage3/burger.model
[3.410s] -- Up-to-date: /home/edwinooi/Desktop/foxy_ws/install/turtlebot3_gazebo/share/turtlebot3_gazebo//worlds/turtlebot3_houses
[3.410s] -- Up-to-date: /home/edwinooi/Desktop/foxy_ws/install/turtlebot3_gazebo/share/turtlebot3_gazebo//worlds/turtlebot3_houses/waffle_pi.model
[3.410s] -- Up-to-date: /home/edwinooi/Desktop/foxy_ws/install/turtlebot3_gazebo/share/turtlebot3_gazebo//worlds/turtlebot3_houses/waffle.model
[3.410s] -- Up-to-date: /home/edwinooi/Desktop/foxy_ws/install/turtlebot3_gazebo/share/turtlebot3_gazebo//worlds/turtlebot3_houses/burger.model
[3.410s] -- Up-to-date: /home/edwinooi/Desktop/foxy_ws/install/turtlebot3_gazebo/share/turtlebot3_gazebo//worlds/turtlebot3_dqn_stage4
[3.411s] -- Up-to-date: /home/edwinooi/Desktop/foxy_ws/install/turtlebot3_gazebo/share/turtlebot3_gazebo//worlds/turtlebot3_dqn_stage4/waffle_pi.model
[3.411s] -- Up-to-date: /home/edwinooi/Desktop/foxy_ws/install/turtlebot3_gazebo/share/turtlebot3_gazebo//worlds/turtlebot3_dqn_stage4/waffle.model
[3.411s] -- Up-to-date: /home/edwinooi/Desktop/foxy_ws/install/turtlebot3_gazebo/share/turtlebot3_gazebo//worlds/turtlebot3_dqn_stage4/burger.model
[3.412s] -- Up-to-date: /home/edwinooi/Desktop/foxy_ws/install/turtlebot3_gazebo/share/turtlebot3_gazebo//worlds/turtlebot3_worlds
[3.412s] -- Up-to-date: /home/edwinooi/Desktop/foxy_ws/install/turtlebot3_gazebo/share/turtlebot3_gazebo//worlds/turtlebot3_worlds/waffle_pi.model
[3.412s] -- Up-to-date: /home/edwinooi/Desktop/foxy_ws/install/turtlebot3_gazebo/share/turtlebot3_gazebo//worlds/turtlebot3_worlds/waffle.model
[3.413s] -- Up-to-date: /home/edwinooi/Desktop/foxy_ws/install/turtlebot3_gazebo/share/turtlebot3_gazebo//worlds/turtlebot3_worlds/burger.model
[3.413s] -- Up-to-date: /home/edwinooi/Desktop/foxy_ws/install/turtlebot3_gazebo/share/turtlebot3_gazebo//worlds/turtlebot3_dqn_stage2
[3.413s] -- Up-to-date: /home/edwinooi/Desktop/foxy_ws/install/turtlebot3_gazebo/share/turtlebot3_gazebo//worlds/turtlebot3_dqn_stage2/waffle_pi.model
[3.414s] -- Up-to-date: /home/edwinooi/Desktop/foxy_ws/install/turtlebot3_gazebo/share/turtlebot3_gazebo//worlds/turtlebot3_dqn_stage2/waffle.model
[3.414s] -- Up-to-date: /home/edwinooi/Desktop/foxy_ws/install/turtlebot3_gazebo/share/turtlebot3_gazebo//worlds/turtlebot3_dqn_stage2/burger.model
[3.414s] -- Up-to-date: /home/edwinooi/Desktop/foxy_ws/install/turtlebot3_gazebo/include/
[3.414s] -- Up-to-date: /home/edwinooi/Desktop/foxy_ws/install/turtlebot3_gazebo/include//turtlebot3_gazebo
[3.423s] -- Up-to-date: /home/edwinooi/Desktop/foxy_ws/install/turtlebot3_gazebo/include//turtlebot3_gazebo/turtlebot3_drive.hpp
[3.423s] -- Up-to-date: /home/edwinooi/Desktop/foxy_ws/install/turtlebot3_gazebo/include//turtlebot3_gazebo/turtlebot3_drive1.hpp
[3.423s] -- Up-to-date: /home/edwinooi/Desktop/foxy_ws/install/turtlebot3_gazebo/include//turtlebot3_gazebo/turtlebot3_drive2.hpp
[3.427s] -- Up-to-date: /home/edwinooi/Desktop/foxy_ws/install/turtlebot3_gazebo/share/ament_index/resource_index/package_run_dependencies/turtlebot3_gazebo
[3.453s] -- Up-to-date: /home/edwinooi/Desktop/foxy_ws/install/turtlebot3_gazebo/share/ament_index/resource_index/parent_prefix_path/turtlebot3_gazebo
[3.454s] -- Up-to-date: /home/edwinooi/Desktop/foxy_ws/install/turtlebot3_gazebo/share/turtlebot3_gazebo/environment/ament_prefix_path.sh
[3.454s] -- Up-to-date: /home/edwinooi/Desktop/foxy_ws/install/turtlebot3_gazebo/share/turtlebot3_gazebo/environment/ament_prefix_path.dsv
[3.454s] -- Up-to-date: /home/edwinooi/Desktop/foxy_ws/install/turtlebot3_gazebo/share/turtlebot3_gazebo/environment/path.sh
[3.454s] -- Up-to-date: /home/edwinooi/Desktop/foxy_ws/install/turtlebot3_gazebo/share/turtlebot3_gazebo/environment/path.dsv
[3.454s] -- Up-to-date: /home/edwinooi/Desktop/foxy_ws/install/turtlebot3_gazebo/share/turtlebot3_gazebo/local_setup.bash
[3.455s] -- Up-to-date: /home/edwinooi/Desktop/foxy_ws/install/turtlebot3_gazebo/share/turtlebot3_gazebo/local_setup.sh
[3.455s] -- Up-to-date: /home/edwinooi/Desktop/foxy_ws/install/turtlebot3_gazebo/share/turtlebot3_gazebo/local_setup.zsh
[3.455s] -- Up-to-date: /home/edwinooi/Desktop/foxy_ws/install/turtlebot3_gazebo/share/turtlebot3_gazebo/local_setup.dsv
[3.456s] -- Installing: /home/edwinooi/Desktop/foxy_ws/install/turtlebot3_gazebo/share/turtlebot3_gazebo/package.dsv
[3.456s] -- Up-to-date: /home/edwinooi/Desktop/foxy_ws/install/turtlebot3_gazebo/share/ament_index/resource_index/packages/turtlebot3_gazebo
[3.456s] -- Up-to-date: /home/edwinooi/Desktop/foxy_ws/install/turtlebot3_gazebo/share/turtlebot3_gazebo/cmake/ament_cmake_export_include_directories-extras.cmake
[3.457s] -- Up-to-date: /home/edwinooi/Desktop/foxy_ws/install/turtlebot3_gazebo/share/turtlebot3_gazebo/cmake/ament_cmake_export_dependencies-extras.cmake
[3.457s] -- Up-to-date: /home/edwinooi/Desktop/foxy_ws/install/turtlebot3_gazebo/share/turtlebot3_gazebo/cmake/turtlebot3_gazeboConfig.cmake
[3.457s] -- Up-to-date: /home/edwinooi/Desktop/foxy_ws/install/turtlebot3_gazebo/share/turtlebot3_gazebo/cmake/turtlebot3_gazeboConfig-version.cmake
[3.457s] -- Up-to-date: /home/edwinooi/Desktop/foxy_ws/install/turtlebot3_gazebo/share/turtlebot3_gazebo/package.xml
[3.457s] Invoked command in '/home/edwinooi/Desktop/foxy_ws/build/turtlebot3_gazebo' returned '0': CMAKE_PREFIX_PATH=${CMAKE_PREFIX_PATH}:/home/edwinooi/Desktop/foxy_ws/install/ros2_aruco:/home/edwinooi/Desktop/emanual/install/ros2_aruco:/opt/ros/humble /usr/bin/cmake --install /home/edwinooi/Desktop/foxy_ws/build/turtlebot3_gazebo
