[0.140s] Invoking command in '/home/edwinooi/Desktop/foxy_ws/build/turtlebot3_gazebo': CMAKE_PREFIX_PATH=${CMAKE_PREFIX_PATH}:/home/edwinooi/Desktop/foxy_ws/install/ros2_aruco:/home/edwinooi/Desktop/emanual/install/ros2_aruco:/opt/ros/humble /usr/bin/cmake --build /home/edwinooi/Desktop/foxy_ws/build/turtlebot3_gazebo -- -j4 -l4
[0.239s] [ 16%] Built target turtlebot3_drive2
[0.243s] [ 33%] Built target turtlebot3_drive1
[0.245s] [ 50%] Built target turtlebot3_drive
[0.276s] [ 66%] Built target obstacle1
[0.309s] [ 83%] Built target obstacle2
[0.322s] [100%] Built target obstacles
[0.338s] Invoked command in '/home/edwinooi/Desktop/foxy_ws/build/turtlebot3_gazebo' returned '0': CMAKE_PREFIX_PATH=${CMAKE_PREFIX_PATH}:/home/edwinooi/Desktop/foxy_ws/install/ros2_aruco:/home/edwinooi/Desktop/emanual/install/ros2_aruco:/opt/ros/humble /usr/bin/cmake --build /home/edwinooi/Desktop/foxy_ws/build/turtlebot3_gazebo -- -j4 -l4
[0.435s] Invoking command in '/home/edwinooi/Desktop/foxy_ws/build/turtlebot3_gazebo': CMAKE_PREFIX_PATH=${CMAKE_PREFIX_PATH}:/home/edwinooi/Desktop/foxy_ws/install/ros2_aruco:/home/edwinooi/Desktop/emanual/install/ros2_aruco:/opt/ros/humble /usr/bin/cmake --install /home/edwinooi/Desktop/foxy_ws/build/turtlebot3_gazebo
[0.448s] -- Install configuration: ""
[0.450s] -- Up-to-date: /home/edwinooi/Desktop/foxy_ws/install/turtlebot3_gazebo/lib/turtlebot3_gazebo/turtlebot3_drive
[0.451s] -- Up-to-date: /home/edwinooi/Desktop/foxy_ws/install/turtlebot3_gazebo/lib/turtlebot3_gazebo/turtlebot3_drive1
[0.451s] -- Up-to-date: /home/edwinooi/Desktop/foxy_ws/install/turtlebot3_gazebo/lib/turtlebot3_gazebo/turtlebot3_drive2
[0.451s] -- Up-to-date: /home/edwinooi/Desktop/foxy_ws/install/turtlebot3_gazebo/share/turtlebot3_gazebo//launch
[0.451s] -- Up-to-date: /home/edwinooi/Desktop/foxy_ws/install/turtlebot3_gazebo/share/turtlebot3_gazebo//launch/aruco_second_test.launch.py
[0.451s] -- Up-to-date: /home/edwinooi/Desktop/foxy_ws/install/turtlebot3_gazebo/share/turtlebot3_gazebo//launch/turtlebot3_world.launch.py
[0.452s] -- Up-to-date: /home/edwinooi/Desktop/foxy_ws/install/turtlebot3_gazebo/share/turtlebot3_gazebo//launch/turtlebot3_autorace.launch.py
[0.452s] -- Up-to-date: /home/edwinooi/Desktop/foxy_ws/install/turtlebot3_gazebo/share/turtlebot3_gazebo//launch/turtlebot3_house.launch.py
[0.452s] -- Up-to-date: /home/edwinooi/Desktop/foxy_ws/install/turtlebot3_gazebo/share/turtlebot3_gazebo//launch/robot_state_publisher2.launch.py
[0.453s] -- Up-to-date: /home/edwinooi/Desktop/foxy_ws/install/turtlebot3_gazebo/share/turtlebot3_gazebo//launch/turtlebot3_dqn_stage1.launch.py
[0.453s] -- Up-to-date: /home/edwinooi/Desktop/foxy_ws/install/turtlebot3_gazebo/share/turtlebot3_gazebo//launch/turtlebot3_dqn_stage3.launch.py
[0.453s] -- Up-to-date: /home/edwinooi/Desktop/foxy_ws/install/turtlebot3_gazebo/share/turtlebot3_gazebo//launch/turtlebot3_dqn_stage2.launch.py
[0.453s] -- Installing: /home/edwinooi/Desktop/foxy_ws/install/turtlebot3_gazebo/share/turtlebot3_gazebo//launch/spawn_turtlebot3_2robots_with_markers.launch.py
[0.453s] -- Up-to-date: /home/edwinooi/Desktop/foxy_ws/install/turtlebot3_gazebo/share/turtlebot3_gazebo//launch/robot_state_publisher.launch.py
[0.453s] -- Up-to-date: /home/edwinooi/Desktop/foxy_ws/install/turtlebot3_gazebo/share/turtlebot3_gazebo//launch/turtlebot3_dqn_stage4.launch.py
[0.453s] -- Up-to-date: /home/edwinooi/Desktop/foxy_ws/install/turtlebot3_gazebo/share/turtlebot3_gazebo//launch/empty_world.launch.py
[0.454s] -- Up-to-date: /home/edwinooi/Desktop/foxy_ws/install/turtlebot3_gazebo/share/turtlebot3_gazebo//models
[0.454s] -- Up-to-date: /home/edwinooi/Desktop/foxy_ws/install/turtlebot3_gazebo/share/turtlebot3_gazebo//models/turtlebot3_waffle_pi
[0.454s] -- Up-to-date: /home/edwinooi/Desktop/foxy_ws/install/turtlebot3_gazebo/share/turtlebot3_gazebo//models/turtlebot3_waffle_pi/model.config
[0.454s] -- Up-to-date: /home/edwinooi/Desktop/foxy_ws/install/turtlebot3_gazebo/share/turtlebot3_gazebo//models/turtlebot3_waffle_pi/model2_with_marker.sdf
[0.454s] -- Up-to-date: /home/edwinooi/Desktop/foxy_ws/install/turtlebot3_gazebo/share/turtlebot3_gazebo//models/turtlebot3_waffle_pi/model-1_4_.sdf
[0.454s] -- Up-to-date: /home/edwinooi/Desktop/foxy_ws/install/turtlebot3_gazebo/share/turtlebot3_gazebo//models/turtlebot3_waffle_pi/meshes
[0.454s] -- Up-to-date: /home/edwinooi/Desktop/foxy_ws/install/turtlebot3_gazebo/share/turtlebot3_gazebo//models/turtlebot3_waffle_pi/meshes/waffle_pi_base.dae
[0.455s] -- Up-to-date: /home/edwinooi/Desktop/foxy_ws/install/turtlebot3_gazebo/share/turtlebot3_gazebo//models/turtlebot3_waffle_pi/meshes/tire.dae
[0.455s] -- Up-to-date: /home/edwinooi/Desktop/foxy_ws/install/turtlebot3_gazebo/share/turtlebot3_gazebo//models/turtlebot3_waffle_pi/meshes/lds.dae
[0.455s] -- Up-to-date: /home/edwinooi/Desktop/foxy_ws/install/turtlebot3_gazebo/share/turtlebot3_gazebo//models/turtlebot3_waffle_pi/model1_with_marker.sdf
[0.455s] -- Up-to-date: /home/edwinooi/Desktop/foxy_ws/install/turtlebot3_gazebo/share/turtlebot3_gazebo//models/turtlebot3_waffle_pi/model.sdf
[0.455s] -- Up-to-date: /home/edwinooi/Desktop/foxy_ws/install/turtlebot3_gazebo/share/turtlebot3_gazebo//models/turtlebot3_waffle
[0.455s] -- Up-to-date: /home/edwinooi/Desktop/foxy_ws/install/turtlebot3_gazebo/share/turtlebot3_gazebo//models/turtlebot3_waffle/model.config
[0.455s] -- Up-to-date: /home/edwinooi/Desktop/foxy_ws/install/turtlebot3_gazebo/share/turtlebot3_gazebo//models/turtlebot3_waffle/meshes
[0.456s] -- Up-to-date: /home/edwinooi/Desktop/foxy_ws/install/turtlebot3_gazebo/share/turtlebot3_gazebo//models/turtlebot3_waffle/meshes/r200.dae
[0.456s] -- Up-to-date: /home/edwinooi/Desktop/foxy_ws/install/turtlebot3_gazebo/share/turtlebot3_gazebo//models/turtlebot3_waffle/meshes/tire.dae
[0.456s] -- Up-to-date: /home/edwinooi/Desktop/foxy_ws/install/turtlebot3_gazebo/share/turtlebot3_gazebo//models/turtlebot3_waffle/meshes/waffle_base.dae
[0.457s] -- Up-to-date: /home/edwinooi/Desktop/foxy_ws/install/turtlebot3_gazebo/share/turtlebot3_gazebo//models/turtlebot3_waffle/meshes/lds.dae
[0.457s] -- Up-to-date: /home/edwinooi/Desktop/foxy_ws/install/turtlebot3_gazebo/share/turtlebot3_gazebo//models/turtlebot3_waffle/model.sdf
[0.458s] -- Up-to-date: /home/edwinooi/Desktop/foxy_ws/install/turtlebot3_gazebo/share/turtlebot3_gazebo//models/turtlebot3_waffle/model-1_4.sdf
[0.462s] -- Up-to-date: /home/edwinooi/Desktop/foxy_ws/install/turtlebot3_gazebo/share/turtlebot3_gazebo//models/turtlebot3_world
[0.467s] -- Up-to-date: /home/edwinooi/Desktop/foxy_ws/install/turtlebot3_gazebo/share/turtlebot3_gazebo//models/turtlebot3_world/model.config
[0.469s] -- Up-to-date: /home/edwinooi/Desktop/foxy_ws/install/turtlebot3_gazebo/share/turtlebot3_gazebo//models/turtlebot3_world/meshes
[0.469s] -- Up-to-date: /home/edwinooi/Desktop/foxy_ws/install/turtlebot3_gazebo/share/turtlebot3_gazebo//models/turtlebot3_world/meshes/hexagon.dae
[0.474s] -- Up-to-date: /home/edwinooi/Desktop/foxy_ws/install/turtlebot3_gazebo/share/turtlebot3_gazebo//models/turtlebot3_world/meshes/wall.dae
[0.474s] -- Up-to-date: /home/edwinooi/Desktop/foxy_ws/install/turtlebot3_gazebo/share/turtlebot3_gazebo//models/turtlebot3_world/model.sdf
[0.474s] -- Up-to-date: /home/edwinooi/Desktop/foxy_ws/install/turtlebot3_gazebo/share/turtlebot3_gazebo//models/turtlebot3_world/model-1_4.sdf
[0.474s] -- Up-to-date: /home/edwinooi/Desktop/foxy_ws/install/turtlebot3_gazebo/share/turtlebot3_gazebo//models/turtlebot3_autorace
[0.474s] -- Up-to-date: /home/edwinooi/Desktop/foxy_ws/install/turtlebot3_gazebo/share/turtlebot3_gazebo//models/turtlebot3_autorace/model.config
[0.474s] -- Up-to-date: /home/edwinooi/Desktop/foxy_ws/install/turtlebot3_gazebo/share/turtlebot3_gazebo//models/turtlebot3_autorace/lights
[0.474s] -- Up-to-date: /home/edwinooi/Desktop/foxy_ws/install/turtlebot3_gazebo/share/turtlebot3_gazebo//models/turtlebot3_autorace/lights/model.config
[0.475s] -- Up-to-date: /home/edwinooi/Desktop/foxy_ws/install/turtlebot3_gazebo/share/turtlebot3_gazebo//models/turtlebot3_autorace/lights/model.sdf
[0.475s] -- Up-to-date: /home/edwinooi/Desktop/foxy_ws/install/turtlebot3_gazebo/share/turtlebot3_gazebo//models/turtlebot3_autorace/ground
[0.475s] -- Up-to-date: /home/edwinooi/Desktop/foxy_ws/install/turtlebot3_gazebo/share/turtlebot3_gazebo//models/turtlebot3_autorace/ground/model.config
[0.475s] -- Up-to-date: /home/edwinooi/Desktop/foxy_ws/install/turtlebot3_gazebo/share/turtlebot3_gazebo//models/turtlebot3_autorace/ground/model.sdf
[0.475s] -- Up-to-date: /home/edwinooi/Desktop/foxy_ws/install/turtlebot3_gazebo/share/turtlebot3_gazebo//models/turtlebot3_autorace/traffic_light_red
[0.475s] -- Up-to-date: /home/edwinooi/Desktop/foxy_ws/install/turtlebot3_gazebo/share/turtlebot3_gazebo//models/turtlebot3_autorace/traffic_light_red/model.config
[0.475s] -- Up-to-date: /home/edwinooi/Desktop/foxy_ws/install/turtlebot3_gazebo/share/turtlebot3_gazebo//models/turtlebot3_autorace/traffic_light_red/model.sdf
[0.476s] -- Up-to-date: /home/edwinooi/Desktop/foxy_ws/install/turtlebot3_gazebo/share/turtlebot3_gazebo//models/turtlebot3_autorace/course
[0.476s] -- Up-to-date: /home/edwinooi/Desktop/foxy_ws/install/turtlebot3_gazebo/share/turtlebot3_gazebo//models/turtlebot3_autorace/course/model.config
[0.476s] -- Up-to-date: /home/edwinooi/Desktop/foxy_ws/install/turtlebot3_gazebo/share/turtlebot3_gazebo//models/turtlebot3_autorace/course/model.sdf
[0.476s] -- Up-to-date: /home/edwinooi/Desktop/foxy_ws/install/turtlebot3_gazebo/share/turtlebot3_gazebo//models/turtlebot3_autorace/course/materials
[0.476s] -- Up-to-date: /home/edwinooi/Desktop/foxy_ws/install/turtlebot3_gazebo/share/turtlebot3_gazebo//models/turtlebot3_autorace/course/materials/textures
[0.476s] -- Up-to-date: /home/edwinooi/Desktop/foxy_ws/install/turtlebot3_gazebo/share/turtlebot3_gazebo//models/turtlebot3_autorace/course/materials/textures/course.png
[0.477s] -- Up-to-date: /home/edwinooi/Desktop/foxy_ws/install/turtlebot3_gazebo/share/turtlebot3_gazebo//models/turtlebot3_autorace/course/materials/scripts
[0.477s] -- Up-to-date: /home/edwinooi/Desktop/foxy_ws/install/turtlebot3_gazebo/share/turtlebot3_gazebo//models/turtlebot3_autorace/course/materials/scripts/course.material
[0.477s] -- Up-to-date: /home/edwinooi/Desktop/foxy_ws/install/turtlebot3_gazebo/share/turtlebot3_gazebo//models/turtlebot3_autorace/traffic_light_green
[0.477s] -- Up-to-date: /home/edwinooi/Desktop/foxy_ws/install/turtlebot3_gazebo/share/turtlebot3_gazebo//models/turtlebot3_autorace/traffic_light_green/model.config
[0.477s] -- Up-to-date: /home/edwinooi/Desktop/foxy_ws/install/turtlebot3_gazebo/share/turtlebot3_gazebo//models/turtlebot3_autorace/traffic_light_green/model.sdf
[0.477s] -- Up-to-date: /home/edwinooi/Desktop/foxy_ws/install/turtlebot3_gazebo/share/turtlebot3_gazebo//models/turtlebot3_autorace/traffic_stop
[0.477s] -- Up-to-date: /home/edwinooi/Desktop/foxy_ws/install/turtlebot3_gazebo/share/turtlebot3_gazebo//models/turtlebot3_autorace/traffic_stop/model.config
[0.478s] -- Up-to-date: /home/edwinooi/Desktop/foxy_ws/install/turtlebot3_gazebo/share/turtlebot3_gazebo//models/turtlebot3_autorace/traffic_stop/model.sdf
[0.478s] -- Up-to-date: /home/edwinooi/Desktop/foxy_ws/install/turtlebot3_gazebo/share/turtlebot3_gazebo//models/turtlebot3_autorace/traffic_stop/materials
[0.478s] -- Up-to-date: /home/edwinooi/Desktop/foxy_ws/install/turtlebot3_gazebo/share/turtlebot3_gazebo//models/turtlebot3_autorace/traffic_stop/materials/textures
[0.478s] -- Up-to-date: /home/edwinooi/Desktop/foxy_ws/install/turtlebot3_gazebo/share/turtlebot3_gazebo//models/turtlebot3_autorace/traffic_stop/materials/textures/traffic_stop.png
[0.478s] -- Up-to-date: /home/edwinooi/Desktop/foxy_ws/install/turtlebot3_gazebo/share/turtlebot3_gazebo//models/turtlebot3_autorace/traffic_stop/materials/scripts
[0.478s] -- Up-to-date: /home/edwinooi/Desktop/foxy_ws/install/turtlebot3_gazebo/share/turtlebot3_gazebo//models/turtlebot3_autorace/traffic_stop/materials/scripts/traffic_stop.material
[0.479s] -- Up-to-date: /home/edwinooi/Desktop/foxy_ws/install/turtlebot3_gazebo/share/turtlebot3_gazebo//models/turtlebot3_autorace/traffic_bar_up
[0.479s] -- Up-to-date: /home/edwinooi/Desktop/foxy_ws/install/turtlebot3_gazebo/share/turtlebot3_gazebo//models/turtlebot3_autorace/traffic_bar_up/model.config
[0.479s] -- Up-to-date: /home/edwinooi/Desktop/foxy_ws/install/turtlebot3_gazebo/share/turtlebot3_gazebo//models/turtlebot3_autorace/traffic_bar_up/model.sdf
[0.479s] -- Up-to-date: /home/edwinooi/Desktop/foxy_ws/install/turtlebot3_gazebo/share/turtlebot3_gazebo//models/turtlebot3_autorace/traffic_bar_up/materials
[0.479s] -- Up-to-date: /home/edwinooi/Desktop/foxy_ws/install/turtlebot3_gazebo/share/turtlebot3_gazebo//models/turtlebot3_autorace/traffic_bar_up/materials/textures
[0.479s] -- Up-to-date: /home/edwinooi/Desktop/foxy_ws/install/turtlebot3_gazebo/share/turtlebot3_gazebo//models/turtlebot3_autorace/traffic_bar_up/materials/textures/traffic_bar.png
[0.480s] -- Up-to-date: /home/edwinooi/Desktop/foxy_ws/install/turtlebot3_gazebo/share/turtlebot3_gazebo//models/turtlebot3_autorace/traffic_bar_up/materials/scripts
[0.480s] -- Up-to-date: /home/edwinooi/Desktop/foxy_ws/install/turtlebot3_gazebo/share/turtlebot3_gazebo//models/turtlebot3_autorace/traffic_bar_up/materials/scripts/traffic_bar.material
[0.480s] -- Up-to-date: /home/edwinooi/Desktop/foxy_ws/install/turtlebot3_gazebo/share/turtlebot3_gazebo//models/turtlebot3_autorace/traffic_tunnel
[0.480s] -- Up-to-date: /home/edwinooi/Desktop/foxy_ws/install/turtlebot3_gazebo/share/turtlebot3_gazebo//models/turtlebot3_autorace/traffic_tunnel/model.config
[0.480s] -- Up-to-date: /home/edwinooi/Desktop/foxy_ws/install/turtlebot3_gazebo/share/turtlebot3_gazebo//models/turtlebot3_autorace/traffic_tunnel/model.sdf
[0.480s] -- Up-to-date: /home/edwinooi/Desktop/foxy_ws/install/turtlebot3_gazebo/share/turtlebot3_gazebo//models/turtlebot3_autorace/traffic_tunnel/materials
[0.487s] -- Up-to-date: /home/edwinooi/Desktop/foxy_ws/install/turtlebot3_gazebo/share/turtlebot3_gazebo//models/turtlebot3_autorace/traffic_tunnel/materials/textures
[0.487s] -- Up-to-date: /home/edwinooi/Desktop/foxy_ws/install/turtlebot3_gazebo/share/turtlebot3_gazebo//models/turtlebot3_autorace/traffic_tunnel/materials/textures/tunnel.png
[0.487s] -- Up-to-date: /home/edwinooi/Desktop/foxy_ws/install/turtlebot3_gazebo/share/turtlebot3_gazebo//models/turtlebot3_autorace/traffic_tunnel/materials/scripts
[0.494s] -- Up-to-date: /home/edwinooi/Desktop/foxy_ws/install/turtlebot3_gazebo/share/turtlebot3_gazebo//models/turtlebot3_autorace/traffic_tunnel/materials/scripts/tunnel.material
[0.495s] -- Up-to-date: /home/edwinooi/Desktop/foxy_ws/install/turtlebot3_gazebo/share/turtlebot3_gazebo//models/turtlebot3_autorace/traffic_light_yellow
[0.495s] -- Up-to-date: /home/edwinooi/Desktop/foxy_ws/install/turtlebot3_gazebo/share/turtlebot3_gazebo//models/turtlebot3_autorace/traffic_light_yellow/model.config
[0.495s] -- Up-to-date: /home/edwinooi/Desktop/foxy_ws/install/turtlebot3_gazebo/share/turtlebot3_gazebo//models/turtlebot3_autorace/traffic_light_yellow/model.sdf
[0.495s] -- Up-to-date: /home/edwinooi/Desktop/foxy_ws/install/turtlebot3_gazebo/share/turtlebot3_gazebo//models/turtlebot3_autorace/traffic_parking
[0.495s] -- Up-to-date: /home/edwinooi/Desktop/foxy_ws/install/turtlebot3_gazebo/share/turtlebot3_gazebo//models/turtlebot3_autorace/traffic_parking/model.config
[0.495s] -- Up-to-date: /home/edwinooi/Desktop/foxy_ws/install/turtlebot3_gazebo/share/turtlebot3_gazebo//models/turtlebot3_autorace/traffic_parking/model.sdf
[0.495s] -- Up-to-date: /home/edwinooi/Desktop/foxy_ws/install/turtlebot3_gazebo/share/turtlebot3_gazebo//models/turtlebot3_autorace/traffic_parking/materials
[0.496s] -- Up-to-date: /home/edwinooi/Desktop/foxy_ws/install/turtlebot3_gazebo/share/turtlebot3_gazebo//models/turtlebot3_autorace/traffic_parking/materials/textures
[0.496s] -- Up-to-date: /home/edwinooi/Desktop/foxy_ws/install/turtlebot3_gazebo/share/turtlebot3_gazebo//models/turtlebot3_autorace/traffic_parking/materials/textures/traffic_parking.png
[0.496s] -- Up-to-date: /home/edwinooi/Desktop/foxy_ws/install/turtlebot3_gazebo/share/turtlebot3_gazebo//models/turtlebot3_autorace/traffic_parking/materials/scripts
[0.496s] -- Up-to-date: /home/edwinooi/Desktop/foxy_ws/install/turtlebot3_gazebo/share/turtlebot3_gazebo//models/turtlebot3_autorace/traffic_parking/materials/scripts/traffic_parking.material
[0.496s] -- Up-to-date: /home/edwinooi/Desktop/foxy_ws/install/turtlebot3_gazebo/share/turtlebot3_gazebo//models/turtlebot3_autorace/tunnel_obstacles
[0.496s] -- Up-to-date: /home/edwinooi/Desktop/foxy_ws/install/turtlebot3_gazebo/share/turtlebot3_gazebo//models/turtlebot3_autorace/tunnel_obstacles/model.config
[0.496s] -- Up-to-date: /home/edwinooi/Desktop/foxy_ws/install/turtlebot3_gazebo/share/turtlebot3_gazebo//models/turtlebot3_autorace/tunnel_obstacles/model.sdf
[0.497s] -- Up-to-date: /home/edwinooi/Desktop/foxy_ws/install/turtlebot3_gazebo/share/turtlebot3_gazebo//models/turtlebot3_autorace/traffic_bar_down
[0.497s] -- Up-to-date: /home/edwinooi/Desktop/foxy_ws/install/turtlebot3_gazebo/share/turtlebot3_gazebo//models/turtlebot3_autorace/traffic_bar_down/model.config
[0.497s] -- Up-to-date: /home/edwinooi/Desktop/foxy_ws/install/turtlebot3_gazebo/share/turtlebot3_gazebo//models/turtlebot3_autorace/traffic_bar_down/model.sdf
[0.497s] -- Up-to-date: /home/edwinooi/Desktop/foxy_ws/install/turtlebot3_gazebo/share/turtlebot3_gazebo//models/turtlebot3_autorace/traffic_bar_down/materials
[0.497s] -- Up-to-date: /home/edwinooi/Desktop/foxy_ws/install/turtlebot3_gazebo/share/turtlebot3_gazebo//models/turtlebot3_autorace/traffic_bar_down/materials/textures
[0.497s] -- Up-to-date: /home/edwinooi/Desktop/foxy_ws/install/turtlebot3_gazebo/share/turtlebot3_gazebo//models/turtlebot3_autorace/traffic_bar_down/materials/textures/traffic_bar.png
[0.497s] -- Up-to-date: /home/edwinooi/Desktop/foxy_ws/install/turtlebot3_gazebo/share/turtlebot3_gazebo//models/turtlebot3_autorace/traffic_bar_down/materials/scripts
[0.497s] -- Up-to-date: /home/edwinooi/Desktop/foxy_ws/install/turtlebot3_gazebo/share/turtlebot3_gazebo//models/turtlebot3_autorace/traffic_bar_down/materials/scripts/traffic_bar.material
[0.498s] -- Up-to-date: /home/edwinooi/Desktop/foxy_ws/install/turtlebot3_gazebo/share/turtlebot3_gazebo//models/turtlebot3_autorace/tunnel_wall
[0.498s] -- Up-to-date: /home/edwinooi/Desktop/foxy_ws/install/turtlebot3_gazebo/share/turtlebot3_gazebo//models/turtlebot3_autorace/tunnel_wall/model.config
[0.498s] -- Up-to-date: /home/edwinooi/Desktop/foxy_ws/install/turtlebot3_gazebo/share/turtlebot3_gazebo//models/turtlebot3_autorace/tunnel_wall/model.sdf
[0.498s] -- Up-to-date: /home/edwinooi/Desktop/foxy_ws/install/turtlebot3_gazebo/share/turtlebot3_gazebo//models/turtlebot3_house
[0.498s] -- Up-to-date: /home/edwinooi/Desktop/foxy_ws/install/turtlebot3_gazebo/share/turtlebot3_gazebo//models/turtlebot3_house/model.config
[0.498s] -- Up-to-date: /home/edwinooi/Desktop/foxy_ws/install/turtlebot3_gazebo/share/turtlebot3_gazebo//models/turtlebot3_house/model.sdf
[0.498s] -- Up-to-date: /home/edwinooi/Desktop/foxy_ws/install/turtlebot3_gazebo/share/turtlebot3_gazebo//models/turtlebot3_burger
[0.499s] -- Up-to-date: /home/edwinooi/Desktop/foxy_ws/install/turtlebot3_gazebo/share/turtlebot3_gazebo//models/turtlebot3_burger/model.config
[0.499s] -- Up-to-date: /home/edwinooi/Desktop/foxy_ws/install/turtlebot3_gazebo/share/turtlebot3_gazebo//models/turtlebot3_burger/meshes
[0.499s] -- Up-to-date: /home/edwinooi/Desktop/foxy_ws/install/turtlebot3_gazebo/share/turtlebot3_gazebo//models/turtlebot3_burger/meshes/tire.dae
[0.499s] -- Up-to-date: /home/edwinooi/Desktop/foxy_ws/install/turtlebot3_gazebo/share/turtlebot3_gazebo//models/turtlebot3_burger/meshes/burger_base.dae
[0.499s] -- Up-to-date: /home/edwinooi/Desktop/foxy_ws/install/turtlebot3_gazebo/share/turtlebot3_gazebo//models/turtlebot3_burger/meshes/lds.dae
[0.499s] -- Up-to-date: /home/edwinooi/Desktop/foxy_ws/install/turtlebot3_gazebo/share/turtlebot3_gazebo//models/turtlebot3_burger/model.sdf
[0.499s] -- Up-to-date: /home/edwinooi/Desktop/foxy_ws/install/turtlebot3_gazebo/share/turtlebot3_gazebo//models/turtlebot3_burger/model-1_4.sdf
[0.500s] -- Up-to-date: /home/edwinooi/Desktop/foxy_ws/install/turtlebot3_gazebo/share/turtlebot3_gazebo//models/turtlebot3_dqn_world
[0.500s] -- Up-to-date: /home/edwinooi/Desktop/foxy_ws/install/turtlebot3_gazebo/share/turtlebot3_gazebo//models/turtlebot3_dqn_world/model.config
[0.500s] -- Up-to-date: /home/edwinooi/Desktop/foxy_ws/install/turtlebot3_gazebo/share/turtlebot3_gazebo//models/turtlebot3_dqn_world/obstacle1
[0.500s] -- Up-to-date: /home/edwinooi/Desktop/foxy_ws/install/turtlebot3_gazebo/share/turtlebot3_gazebo//models/turtlebot3_dqn_world/obstacle1/model.config
[0.500s] -- Up-to-date: /home/edwinooi/Desktop/foxy_ws/install/turtlebot3_gazebo/share/turtlebot3_gazebo//models/turtlebot3_dqn_world/obstacle1/model.sdf
[0.500s] -- Up-to-date: /home/edwinooi/Desktop/foxy_ws/install/turtlebot3_gazebo/share/turtlebot3_gazebo//models/turtlebot3_dqn_world/model.sdf
[0.500s] -- Up-to-date: /home/edwinooi/Desktop/foxy_ws/install/turtlebot3_gazebo/share/turtlebot3_gazebo//models/turtlebot3_dqn_world/goal_box
[0.500s] -- Up-to-date: /home/edwinooi/Desktop/foxy_ws/install/turtlebot3_gazebo/share/turtlebot3_gazebo//models/turtlebot3_dqn_world/goal_box/model.config
[0.501s] -- Up-to-date: /home/edwinooi/Desktop/foxy_ws/install/turtlebot3_gazebo/share/turtlebot3_gazebo//models/turtlebot3_dqn_world/goal_box/model.sdf
[0.501s] -- Up-to-date: /home/edwinooi/Desktop/foxy_ws/install/turtlebot3_gazebo/share/turtlebot3_gazebo//models/turtlebot3_dqn_world/obstacles
[0.501s] -- Up-to-date: /home/edwinooi/Desktop/foxy_ws/install/turtlebot3_gazebo/share/turtlebot3_gazebo//models/turtlebot3_dqn_world/obstacles/model.config
[0.510s] -- Up-to-date: /home/edwinooi/Desktop/foxy_ws/install/turtlebot3_gazebo/share/turtlebot3_gazebo//models/turtlebot3_dqn_world/obstacles/model.sdf
[0.511s] -- Up-to-date: /home/edwinooi/Desktop/foxy_ws/install/turtlebot3_gazebo/share/turtlebot3_gazebo//models/turtlebot3_dqn_world/obstacle2
[0.511s] -- Up-to-date: /home/edwinooi/Desktop/foxy_ws/install/turtlebot3_gazebo/share/turtlebot3_gazebo//models/turtlebot3_dqn_world/obstacle2/model.config
[0.511s] -- Up-to-date: /home/edwinooi/Desktop/foxy_ws/install/turtlebot3_gazebo/share/turtlebot3_gazebo//models/turtlebot3_dqn_world/obstacle2/model.sdf
[0.511s] -- Up-to-date: /home/edwinooi/Desktop/foxy_ws/install/turtlebot3_gazebo/share/turtlebot3_gazebo//models/turtlebot3_dqn_world/obstacle_plugin
[0.511s] -- Up-to-date: /home/edwinooi/Desktop/foxy_ws/install/turtlebot3_gazebo/share/turtlebot3_gazebo//models/turtlebot3_dqn_world/obstacle_plugin/obstacle1.cc
[0.511s] -- Up-to-date: /home/edwinooi/Desktop/foxy_ws/install/turtlebot3_gazebo/share/turtlebot3_gazebo//models/turtlebot3_dqn_world/obstacle_plugin/CMakeLists.txt
[0.512s] -- Up-to-date: /home/edwinooi/Desktop/foxy_ws/install/turtlebot3_gazebo/share/turtlebot3_gazebo//models/turtlebot3_dqn_world/obstacle_plugin/obstacle2.cc
[0.512s] -- Up-to-date: /home/edwinooi/Desktop/foxy_ws/install/turtlebot3_gazebo/share/turtlebot3_gazebo//models/turtlebot3_dqn_world/obstacle_plugin/obstacles.cc
[0.512s] -- Up-to-date: /home/edwinooi/Desktop/foxy_ws/install/turtlebot3_gazebo/share/turtlebot3_gazebo//models/turtlebot3_dqn_world/inner_walls
[0.512s] -- Up-to-date: /home/edwinooi/Desktop/foxy_ws/install/turtlebot3_gazebo/share/turtlebot3_gazebo//models/turtlebot3_dqn_world/inner_walls/model.config
[0.512s] -- Up-to-date: /home/edwinooi/Desktop/foxy_ws/install/turtlebot3_gazebo/share/turtlebot3_gazebo//models/turtlebot3_dqn_world/inner_walls/model.sdf
[0.512s] -- Up-to-date: /home/edwinooi/Desktop/foxy_ws/install/turtlebot3_gazebo/share/turtlebot3_gazebo//models/realsense_camera
[0.512s] -- Up-to-date: /home/edwinooi/Desktop/foxy_ws/install/turtlebot3_gazebo/share/turtlebot3_gazebo//models/realsense_camera/model.config
[0.512s] -- Up-to-date: /home/edwinooi/Desktop/foxy_ws/install/turtlebot3_gazebo/share/turtlebot3_gazebo//models/realsense_camera/meshes
[0.512s] -- Up-to-date: /home/edwinooi/Desktop/foxy_ws/install/turtlebot3_gazebo/share/turtlebot3_gazebo//models/realsense_camera/meshes/realsense.dae
[0.513s] -- Up-to-date: /home/edwinooi/Desktop/foxy_ws/install/turtlebot3_gazebo/share/turtlebot3_gazebo//models/realsense_camera/model.sdf
[0.513s] -- Up-to-date: /home/edwinooi/Desktop/foxy_ws/install/turtlebot3_gazebo/share/turtlebot3_gazebo//models/realsense_camera/materials
[0.513s] -- Up-to-date: /home/edwinooi/Desktop/foxy_ws/install/turtlebot3_gazebo/share/turtlebot3_gazebo//models/realsense_camera/materials/textures
[0.513s] -- Up-to-date: /home/edwinooi/Desktop/foxy_ws/install/turtlebot3_gazebo/share/turtlebot3_gazebo//models/realsense_camera/materials/textures/realsense_diffuse.png
[0.513s] -- Up-to-date: /home/edwinooi/Desktop/foxy_ws/install/turtlebot3_gazebo/share/turtlebot3_gazebo//rviz
[0.513s] -- Up-to-date: /home/edwinooi/Desktop/foxy_ws/install/turtlebot3_gazebo/share/turtlebot3_gazebo//rviz/tb3_gazebo.rviz
[0.513s] -- Up-to-date: /home/edwinooi/Desktop/foxy_ws/install/turtlebot3_gazebo/share/turtlebot3_gazebo//urdf
[0.513s] -- Up-to-date: /home/edwinooi/Desktop/foxy_ws/install/turtlebot3_gazebo/share/turtlebot3_gazebo//urdf/turtlebot3_waffle.urdf
[0.513s] -- Up-to-date: /home/edwinooi/Desktop/foxy_ws/install/turtlebot3_gazebo/share/turtlebot3_gazebo//urdf/turtlebot3_waffle_pi.urdf
[0.514s] -- Up-to-date: /home/edwinooi/Desktop/foxy_ws/install/turtlebot3_gazebo/share/turtlebot3_gazebo//urdf/common_properties.urdf
[0.514s] -- Up-to-date: /home/edwinooi/Desktop/foxy_ws/install/turtlebot3_gazebo/share/turtlebot3_gazebo//urdf/turtlebot3_burger.urdf
[0.514s] -- Up-to-date: /home/edwinooi/Desktop/foxy_ws/install/turtlebot3_gazebo/share/turtlebot3_gazebo//worlds
[0.514s] -- Up-to-date: /home/edwinooi/Desktop/foxy_ws/install/turtlebot3_gazebo/share/turtlebot3_gazebo//worlds/empty_worlds
[0.514s] -- Up-to-date: /home/edwinooi/Desktop/foxy_ws/install/turtlebot3_gazebo/share/turtlebot3_gazebo//worlds/empty_worlds/waffle_pi.model
[0.514s] -- Up-to-date: /home/edwinooi/Desktop/foxy_ws/install/turtlebot3_gazebo/share/turtlebot3_gazebo//worlds/empty_worlds/waffle.model
[0.514s] -- Up-to-date: /home/edwinooi/Desktop/foxy_ws/install/turtlebot3_gazebo/share/turtlebot3_gazebo//worlds/empty_worlds/burger.model
[0.514s] -- Up-to-date: /home/edwinooi/Desktop/foxy_ws/install/turtlebot3_gazebo/share/turtlebot3_gazebo//worlds/turtlebot3_autoraces
[0.515s] -- Up-to-date: /home/edwinooi/Desktop/foxy_ws/install/turtlebot3_gazebo/share/turtlebot3_gazebo//worlds/turtlebot3_autoraces/waffle_pi.model
[0.515s] -- Up-to-date: /home/edwinooi/Desktop/foxy_ws/install/turtlebot3_gazebo/share/turtlebot3_gazebo//worlds/turtlebot3_autoraces/waffle.model
[0.515s] -- Up-to-date: /home/edwinooi/Desktop/foxy_ws/install/turtlebot3_gazebo/share/turtlebot3_gazebo//worlds/turtlebot3_autoraces/burger.model
[0.524s] -- Up-to-date: /home/edwinooi/Desktop/foxy_ws/install/turtlebot3_gazebo/share/turtlebot3_gazebo//worlds/turtlebot3_dqn_stage1
[0.525s] -- Up-to-date: /home/edwinooi/Desktop/foxy_ws/install/turtlebot3_gazebo/share/turtlebot3_gazebo//worlds/turtlebot3_dqn_stage1/waffle_pi.model
[0.525s] -- Up-to-date: /home/edwinooi/Desktop/foxy_ws/install/turtlebot3_gazebo/share/turtlebot3_gazebo//worlds/turtlebot3_dqn_stage1/waffle.model
[0.525s] -- Up-to-date: /home/edwinooi/Desktop/foxy_ws/install/turtlebot3_gazebo/share/turtlebot3_gazebo//worlds/turtlebot3_dqn_stage1/burger.model
[0.530s] -- Up-to-date: /home/edwinooi/Desktop/foxy_ws/install/turtlebot3_gazebo/share/turtlebot3_gazebo//worlds/my_third_world.sdf
[0.530s] -- Up-to-date: /home/edwinooi/Desktop/foxy_ws/install/turtlebot3_gazebo/share/turtlebot3_gazebo//worlds/turtlebot3_dqn_stage3
[0.531s] -- Up-to-date: /home/edwinooi/Desktop/foxy_ws/install/turtlebot3_gazebo/share/turtlebot3_gazebo//worlds/turtlebot3_dqn_stage3/waffle_pi.model
[0.531s] -- Up-to-date: /home/edwinooi/Desktop/foxy_ws/install/turtlebot3_gazebo/share/turtlebot3_gazebo//worlds/turtlebot3_dqn_stage3/waffle.model
[0.531s] -- Up-to-date: /home/edwinooi/Desktop/foxy_ws/install/turtlebot3_gazebo/share/turtlebot3_gazebo//worlds/turtlebot3_dqn_stage3/burger.model
[0.531s] -- Up-to-date: /home/edwinooi/Desktop/foxy_ws/install/turtlebot3_gazebo/share/turtlebot3_gazebo//worlds/turtlebot3_houses
[0.531s] -- Up-to-date: /home/edwinooi/Desktop/foxy_ws/install/turtlebot3_gazebo/share/turtlebot3_gazebo//worlds/turtlebot3_houses/waffle_pi.model
[0.532s] -- Up-to-date: /home/edwinooi/Desktop/foxy_ws/install/turtlebot3_gazebo/share/turtlebot3_gazebo//worlds/turtlebot3_houses/waffle.model
[0.532s] -- Up-to-date: /home/edwinooi/Desktop/foxy_ws/install/turtlebot3_gazebo/share/turtlebot3_gazebo//worlds/turtlebot3_houses/burger.model
[0.532s] -- Up-to-date: /home/edwinooi/Desktop/foxy_ws/install/turtlebot3_gazebo/share/turtlebot3_gazebo//worlds/turtlebot3_dqn_stage4
[0.533s] -- Up-to-date: /home/edwinooi/Desktop/foxy_ws/install/turtlebot3_gazebo/share/turtlebot3_gazebo//worlds/turtlebot3_dqn_stage4/waffle_pi.model
[0.533s] -- Up-to-date: /home/edwinooi/Desktop/foxy_ws/install/turtlebot3_gazebo/share/turtlebot3_gazebo//worlds/turtlebot3_dqn_stage4/waffle.model
[0.533s] -- Up-to-date: /home/edwinooi/Desktop/foxy_ws/install/turtlebot3_gazebo/share/turtlebot3_gazebo//worlds/turtlebot3_dqn_stage4/burger.model
[0.534s] -- Up-to-date: /home/edwinooi/Desktop/foxy_ws/install/turtlebot3_gazebo/share/turtlebot3_gazebo//worlds/turtlebot3_worlds
[0.534s] -- Up-to-date: /home/edwinooi/Desktop/foxy_ws/install/turtlebot3_gazebo/share/turtlebot3_gazebo//worlds/turtlebot3_worlds/waffle_pi.model
[0.534s] -- Up-to-date: /home/edwinooi/Desktop/foxy_ws/install/turtlebot3_gazebo/share/turtlebot3_gazebo//worlds/turtlebot3_worlds/waffle.model
[0.534s] -- Up-to-date: /home/edwinooi/Desktop/foxy_ws/install/turtlebot3_gazebo/share/turtlebot3_gazebo//worlds/turtlebot3_worlds/burger.model
[0.535s] -- Up-to-date: /home/edwinooi/Desktop/foxy_ws/install/turtlebot3_gazebo/share/turtlebot3_gazebo//worlds/turtlebot3_dqn_stage2
[0.535s] -- Up-to-date: /home/edwinooi/Desktop/foxy_ws/install/turtlebot3_gazebo/share/turtlebot3_gazebo//worlds/turtlebot3_dqn_stage2/waffle_pi.model
[0.536s] -- Up-to-date: /home/edwinooi/Desktop/foxy_ws/install/turtlebot3_gazebo/share/turtlebot3_gazebo//worlds/turtlebot3_dqn_stage2/waffle.model
[0.536s] -- Up-to-date: /home/edwinooi/Desktop/foxy_ws/install/turtlebot3_gazebo/share/turtlebot3_gazebo//worlds/turtlebot3_dqn_stage2/burger.model
[0.536s] -- Up-to-date: /home/edwinooi/Desktop/foxy_ws/install/turtlebot3_gazebo/include/
[0.536s] -- Up-to-date: /home/edwinooi/Desktop/foxy_ws/install/turtlebot3_gazebo/include//turtlebot3_gazebo
[0.537s] -- Up-to-date: /home/edwinooi/Desktop/foxy_ws/install/turtlebot3_gazebo/include//turtlebot3_gazebo/turtlebot3_drive.hpp
[0.538s] -- Up-to-date: /home/edwinooi/Desktop/foxy_ws/install/turtlebot3_gazebo/include//turtlebot3_gazebo/turtlebot3_drive1.hpp
[0.538s] -- Up-to-date: /home/edwinooi/Desktop/foxy_ws/install/turtlebot3_gazebo/include//turtlebot3_gazebo/turtlebot3_drive2.hpp
[0.538s] -- Up-to-date: /home/edwinooi/Desktop/foxy_ws/install/turtlebot3_gazebo/share/ament_index/resource_index/package_run_dependencies/turtlebot3_gazebo
[0.538s] -- Up-to-date: /home/edwinooi/Desktop/foxy_ws/install/turtlebot3_gazebo/share/ament_index/resource_index/parent_prefix_path/turtlebot3_gazebo
[0.539s] -- Up-to-date: /home/edwinooi/Desktop/foxy_ws/install/turtlebot3_gazebo/share/turtlebot3_gazebo/environment/ament_prefix_path.sh
[0.539s] -- Up-to-date: /home/edwinooi/Desktop/foxy_ws/install/turtlebot3_gazebo/share/turtlebot3_gazebo/environment/ament_prefix_path.dsv
[0.539s] -- Up-to-date: /home/edwinooi/Desktop/foxy_ws/install/turtlebot3_gazebo/share/turtlebot3_gazebo/environment/path.sh
[0.539s] -- Up-to-date: /home/edwinooi/Desktop/foxy_ws/install/turtlebot3_gazebo/share/turtlebot3_gazebo/environment/path.dsv
[0.539s] -- Up-to-date: /home/edwinooi/Desktop/foxy_ws/install/turtlebot3_gazebo/share/turtlebot3_gazebo/local_setup.bash
[0.539s] -- Up-to-date: /home/edwinooi/Desktop/foxy_ws/install/turtlebot3_gazebo/share/turtlebot3_gazebo/local_setup.sh
[0.539s] -- Up-to-date: /home/edwinooi/Desktop/foxy_ws/install/turtlebot3_gazebo/share/turtlebot3_gazebo/local_setup.zsh
[0.540s] -- Up-to-date: /home/edwinooi/Desktop/foxy_ws/install/turtlebot3_gazebo/share/turtlebot3_gazebo/local_setup.dsv
[0.540s] -- Installing: /home/edwinooi/Desktop/foxy_ws/install/turtlebot3_gazebo/share/turtlebot3_gazebo/package.dsv
[0.540s] -- Up-to-date: /home/edwinooi/Desktop/foxy_ws/install/turtlebot3_gazebo/share/ament_index/resource_index/packages/turtlebot3_gazebo
[0.540s] -- Up-to-date: /home/edwinooi/Desktop/foxy_ws/install/turtlebot3_gazebo/share/turtlebot3_gazebo/cmake/ament_cmake_export_include_directories-extras.cmake
[0.540s] -- Up-to-date: /home/edwinooi/Desktop/foxy_ws/install/turtlebot3_gazebo/share/turtlebot3_gazebo/cmake/ament_cmake_export_dependencies-extras.cmake
[0.540s] -- Up-to-date: /home/edwinooi/Desktop/foxy_ws/install/turtlebot3_gazebo/share/turtlebot3_gazebo/cmake/turtlebot3_gazeboConfig.cmake
[0.540s] -- Up-to-date: /home/edwinooi/Desktop/foxy_ws/install/turtlebot3_gazebo/share/turtlebot3_gazebo/cmake/turtlebot3_gazeboConfig-version.cmake
[0.540s] -- Up-to-date: /home/edwinooi/Desktop/foxy_ws/install/turtlebot3_gazebo/share/turtlebot3_gazebo/package.xml
[0.541s] Invoked command in '/home/edwinooi/Desktop/foxy_ws/build/turtlebot3_gazebo' returned '0': CMAKE_PREFIX_PATH=${CMAKE_PREFIX_PATH}:/home/edwinooi/Desktop/foxy_ws/install/ros2_aruco:/home/edwinooi/Desktop/emanual/install/ros2_aruco:/opt/ros/humble /usr/bin/cmake --install /home/edwinooi/Desktop/foxy_ws/build/turtlebot3_gazebo
