[0.327s] Invoking command in '/home/edwinooi/Desktop/foxy_ws/build/turtlebot3_gazebo': CMAKE_PREFIX_PATH=${CMAKE_PREFIX_PATH}:/home/edwinooi/Desktop/foxy_ws/install/ros2_aruco:/home/edwinooi/Desktop/emanual/install/ros2_aruco:/opt/ros/humble /usr/bin/cmake --build /home/edwinooi/Desktop/foxy_ws/build/turtlebot3_gazebo -- -j4 -l4
[0.486s] [ 16%] Built target turtlebot3_drive1
[0.595s] [ 33%] Built target turtlebot3_drive2
[0.608s] [ 50%] Built target turtlebot3_drive
[0.768s] [ 66%] Built target obstacle2
[0.802s] [ 83%] Built target obstacle1
[0.868s] [100%] Built target obstacles
[1.858s] Invoked command in '/home/edwinooi/Desktop/foxy_ws/build/turtlebot3_gazebo' returned '0': CMAKE_PREFIX_PATH=${CMAKE_PREFIX_PATH}:/home/edwinooi/Desktop/foxy_ws/install/ros2_aruco:/home/edwinooi/Desktop/emanual/install/ros2_aruco:/opt/ros/humble /usr/bin/cmake --build /home/edwinooi/Desktop/foxy_ws/build/turtlebot3_gazebo -- -j4 -l4
[2.103s] Invoking command in '/home/edwinooi/Desktop/foxy_ws/build/turtlebot3_gazebo': CMAKE_PREFIX_PATH=${CMAKE_PREFIX_PATH}:/home/edwinooi/Desktop/foxy_ws/install/ros2_aruco:/home/edwinooi/Desktop/emanual/install/ros2_aruco:/opt/ros/humble /usr/bin/cmake --install /home/edwinooi/Desktop/foxy_ws/build/turtlebot3_gazebo
[2.125s] -- Install configuration: ""
[2.129s] -- Up-to-date: /home/edwinooi/Desktop/foxy_ws/install/turtlebot3_gazebo/lib/turtlebot3_gazebo/turtlebot3_drive
[2.129s] -- Up-to-date: /home/edwinooi/Desktop/foxy_ws/install/turtlebot3_gazebo/lib/turtlebot3_gazebo/turtlebot3_drive1
[2.129s] -- Up-to-date: /home/edwinooi/Desktop/foxy_ws/install/turtlebot3_gazebo/lib/turtlebot3_gazebo/turtlebot3_drive2
[2.137s] -- Up-to-date: /home/edwinooi/Desktop/foxy_ws/install/turtlebot3_gazebo/share/turtlebot3_gazebo//launch
[2.137s] -- Up-to-date: /home/edwinooi/Desktop/foxy_ws/install/turtlebot3_gazebo/share/turtlebot3_gazebo//launch/aruco_second_test.launch.py
[2.137s] -- Up-to-date: /home/edwinooi/Desktop/foxy_ws/install/turtlebot3_gazebo/share/turtlebot3_gazebo//launch/turtlebot3_world.launch.py
[2.137s] -- Up-to-date: /home/edwinooi/Desktop/foxy_ws/install/turtlebot3_gazebo/share/turtlebot3_gazebo//launch/turtlebot3_autorace.launch.py
[2.138s] -- Up-to-date: /home/edwinooi/Desktop/foxy_ws/install/turtlebot3_gazebo/share/turtlebot3_gazebo//launch/turtlebot3_house.launch.py
[2.138s] -- Up-to-date: /home/edwinooi/Desktop/foxy_ws/install/turtlebot3_gazebo/share/turtlebot3_gazebo//launch/robot_state_publisher2.launch.py
[2.138s] -- Up-to-date: /home/edwinooi/Desktop/foxy_ws/install/turtlebot3_gazebo/share/turtlebot3_gazebo//launch/turtlebot3_dqn_stage1.launch.py
[2.138s] -- Up-to-date: /home/edwinooi/Desktop/foxy_ws/install/turtlebot3_gazebo/share/turtlebot3_gazebo//launch/turtlebot3_dqn_stage3.launch.py
[2.138s] -- Up-to-date: /home/edwinooi/Desktop/foxy_ws/install/turtlebot3_gazebo/share/turtlebot3_gazebo//launch/turtlebot3_dqn_stage2.launch.py
[2.138s] -- Up-to-date: /home/edwinooi/Desktop/foxy_ws/install/turtlebot3_gazebo/share/turtlebot3_gazebo//launch/spawn_turtlebot3_2robots_with_markers.launch.py
[2.138s] -- Up-to-date: /home/edwinooi/Desktop/foxy_ws/install/turtlebot3_gazebo/share/turtlebot3_gazebo//launch/robot_state_publisher.launch.py
[2.138s] -- Up-to-date: /home/edwinooi/Desktop/foxy_ws/install/turtlebot3_gazebo/share/turtlebot3_gazebo//launch/turtlebot3_dqn_stage4.launch.py
[2.139s] -- Up-to-date: /home/edwinooi/Desktop/foxy_ws/install/turtlebot3_gazebo/share/turtlebot3_gazebo//launch/empty_world.launch.py
[2.139s] -- Up-to-date: /home/edwinooi/Desktop/foxy_ws/install/turtlebot3_gazebo/share/turtlebot3_gazebo//models
[2.139s] -- Up-to-date: /home/edwinooi/Desktop/foxy_ws/install/turtlebot3_gazebo/share/turtlebot3_gazebo//models/turtlebot3_waffle_pi
[2.139s] -- Up-to-date: /home/edwinooi/Desktop/foxy_ws/install/turtlebot3_gazebo/share/turtlebot3_gazebo//models/turtlebot3_waffle_pi/model.config
[2.139s] -- Up-to-date: /home/edwinooi/Desktop/foxy_ws/install/turtlebot3_gazebo/share/turtlebot3_gazebo//models/turtlebot3_waffle_pi/model2_with_marker.sdf
[2.139s] -- Up-to-date: /home/edwinooi/Desktop/foxy_ws/install/turtlebot3_gazebo/share/turtlebot3_gazebo//models/turtlebot3_waffle_pi/model-1_4_.sdf
[2.139s] -- Up-to-date: /home/edwinooi/Desktop/foxy_ws/install/turtlebot3_gazebo/share/turtlebot3_gazebo//models/turtlebot3_waffle_pi/meshes
[2.140s] -- Up-to-date: /home/edwinooi/Desktop/foxy_ws/install/turtlebot3_gazebo/share/turtlebot3_gazebo//models/turtlebot3_waffle_pi/meshes/waffle_pi_base.dae
[2.146s] -- Up-to-date: /home/edwinooi/Desktop/foxy_ws/install/turtlebot3_gazebo/share/turtlebot3_gazebo//models/turtlebot3_waffle_pi/meshes/tire.dae
[2.156s] -- Up-to-date: /home/edwinooi/Desktop/foxy_ws/install/turtlebot3_gazebo/share/turtlebot3_gazebo//models/turtlebot3_waffle_pi/meshes/lds.dae
[2.156s] -- Up-to-date: /home/edwinooi/Desktop/foxy_ws/install/turtlebot3_gazebo/share/turtlebot3_gazebo//models/turtlebot3_waffle_pi/model1_with_marker.sdf
[2.158s] -- Up-to-date: /home/edwinooi/Desktop/foxy_ws/install/turtlebot3_gazebo/share/turtlebot3_gazebo//models/turtlebot3_waffle_pi/model.sdf
[2.158s] -- Up-to-date: /home/edwinooi/Desktop/foxy_ws/install/turtlebot3_gazebo/share/turtlebot3_gazebo//models/turtlebot3_waffle
[2.159s] -- Up-to-date: /home/edwinooi/Desktop/foxy_ws/install/turtlebot3_gazebo/share/turtlebot3_gazebo//models/turtlebot3_waffle/model.config
[2.159s] -- Up-to-date: /home/edwinooi/Desktop/foxy_ws/install/turtlebot3_gazebo/share/turtlebot3_gazebo//models/turtlebot3_waffle/meshes
[2.159s] -- Up-to-date: /home/edwinooi/Desktop/foxy_ws/install/turtlebot3_gazebo/share/turtlebot3_gazebo//models/turtlebot3_waffle/meshes/r200.dae
[2.167s] -- Up-to-date: /home/edwinooi/Desktop/foxy_ws/install/turtlebot3_gazebo/share/turtlebot3_gazebo//models/turtlebot3_waffle/meshes/tire.dae
[2.168s] -- Up-to-date: /home/edwinooi/Desktop/foxy_ws/install/turtlebot3_gazebo/share/turtlebot3_gazebo//models/turtlebot3_waffle/meshes/waffle_base.dae
[2.168s] -- Up-to-date: /home/edwinooi/Desktop/foxy_ws/install/turtlebot3_gazebo/share/turtlebot3_gazebo//models/turtlebot3_waffle/meshes/lds.dae
[2.168s] -- Up-to-date: /home/edwinooi/Desktop/foxy_ws/install/turtlebot3_gazebo/share/turtlebot3_gazebo//models/turtlebot3_waffle/model.sdf
[2.169s] -- Up-to-date: /home/edwinooi/Desktop/foxy_ws/install/turtlebot3_gazebo/share/turtlebot3_gazebo//models/turtlebot3_waffle/model-1_4.sdf
[2.169s] -- Up-to-date: /home/edwinooi/Desktop/foxy_ws/install/turtlebot3_gazebo/share/turtlebot3_gazebo//models/turtlebot3_world
[2.169s] -- Up-to-date: /home/edwinooi/Desktop/foxy_ws/install/turtlebot3_gazebo/share/turtlebot3_gazebo//models/turtlebot3_world/model.config
[2.169s] -- Up-to-date: /home/edwinooi/Desktop/foxy_ws/install/turtlebot3_gazebo/share/turtlebot3_gazebo//models/turtlebot3_world/meshes
[2.169s] -- Up-to-date: /home/edwinooi/Desktop/foxy_ws/install/turtlebot3_gazebo/share/turtlebot3_gazebo//models/turtlebot3_world/meshes/hexagon.dae
[2.169s] -- Up-to-date: /home/edwinooi/Desktop/foxy_ws/install/turtlebot3_gazebo/share/turtlebot3_gazebo//models/turtlebot3_world/meshes/wall.dae
[2.169s] -- Up-to-date: /home/edwinooi/Desktop/foxy_ws/install/turtlebot3_gazebo/share/turtlebot3_gazebo//models/turtlebot3_world/model.sdf
[2.170s] -- Up-to-date: /home/edwinooi/Desktop/foxy_ws/install/turtlebot3_gazebo/share/turtlebot3_gazebo//models/turtlebot3_world/model-1_4.sdf
[2.170s] -- Up-to-date: /home/edwinooi/Desktop/foxy_ws/install/turtlebot3_gazebo/share/turtlebot3_gazebo//models/turtlebot3_autorace
[2.170s] -- Up-to-date: /home/edwinooi/Desktop/foxy_ws/install/turtlebot3_gazebo/share/turtlebot3_gazebo//models/turtlebot3_autorace/model.config
[2.209s] -- Up-to-date: /home/edwinooi/Desktop/foxy_ws/install/turtlebot3_gazebo/share/turtlebot3_gazebo//models/turtlebot3_autorace/lights
[2.210s] -- Up-to-date: /home/edwinooi/Desktop/foxy_ws/install/turtlebot3_gazebo/share/turtlebot3_gazebo//models/turtlebot3_autorace/lights/model.config
[2.210s] -- Up-to-date: /home/edwinooi/Desktop/foxy_ws/install/turtlebot3_gazebo/share/turtlebot3_gazebo//models/turtlebot3_autorace/lights/model.sdf
[2.211s] -- Up-to-date: /home/edwinooi/Desktop/foxy_ws/install/turtlebot3_gazebo/share/turtlebot3_gazebo//models/turtlebot3_autorace/ground
[2.211s] -- Up-to-date: /home/edwinooi/Desktop/foxy_ws/install/turtlebot3_gazebo/share/turtlebot3_gazebo//models/turtlebot3_autorace/ground/model.config
[2.211s] -- Up-to-date: /home/edwinooi/Desktop/foxy_ws/install/turtlebot3_gazebo/share/turtlebot3_gazebo//models/turtlebot3_autorace/ground/model.sdf
[2.211s] -- Up-to-date: /home/edwinooi/Desktop/foxy_ws/install/turtlebot3_gazebo/share/turtlebot3_gazebo//models/turtlebot3_autorace/traffic_light_red
[2.211s] -- Up-to-date: /home/edwinooi/Desktop/foxy_ws/install/turtlebot3_gazebo/share/turtlebot3_gazebo//models/turtlebot3_autorace/traffic_light_red/model.config
[2.211s] -- Up-to-date: /home/edwinooi/Desktop/foxy_ws/install/turtlebot3_gazebo/share/turtlebot3_gazebo//models/turtlebot3_autorace/traffic_light_red/model.sdf
[2.211s] -- Up-to-date: /home/edwinooi/Desktop/foxy_ws/install/turtlebot3_gazebo/share/turtlebot3_gazebo//models/turtlebot3_autorace/course
[2.212s] -- Up-to-date: /home/edwinooi/Desktop/foxy_ws/install/turtlebot3_gazebo/share/turtlebot3_gazebo//models/turtlebot3_autorace/course/model.config
[2.212s] -- Up-to-date: /home/edwinooi/Desktop/foxy_ws/install/turtlebot3_gazebo/share/turtlebot3_gazebo//models/turtlebot3_autorace/course/model.sdf
[2.212s] -- Up-to-date: /home/edwinooi/Desktop/foxy_ws/install/turtlebot3_gazebo/share/turtlebot3_gazebo//models/turtlebot3_autorace/course/materials
[2.212s] -- Up-to-date: /home/edwinooi/Desktop/foxy_ws/install/turtlebot3_gazebo/share/turtlebot3_gazebo//models/turtlebot3_autorace/course/materials/textures
[2.212s] -- Up-to-date: /home/edwinooi/Desktop/foxy_ws/install/turtlebot3_gazebo/share/turtlebot3_gazebo//models/turtlebot3_autorace/course/materials/textures/course.png
[2.212s] -- Up-to-date: /home/edwinooi/Desktop/foxy_ws/install/turtlebot3_gazebo/share/turtlebot3_gazebo//models/turtlebot3_autorace/course/materials/scripts
[2.212s] -- Up-to-date: /home/edwinooi/Desktop/foxy_ws/install/turtlebot3_gazebo/share/turtlebot3_gazebo//models/turtlebot3_autorace/course/materials/scripts/course.material
[2.213s] -- Up-to-date: /home/edwinooi/Desktop/foxy_ws/install/turtlebot3_gazebo/share/turtlebot3_gazebo//models/turtlebot3_autorace/traffic_light_green
[2.213s] -- Up-to-date: /home/edwinooi/Desktop/foxy_ws/install/turtlebot3_gazebo/share/turtlebot3_gazebo//models/turtlebot3_autorace/traffic_light_green/model.config
[2.213s] -- Up-to-date: /home/edwinooi/Desktop/foxy_ws/install/turtlebot3_gazebo/share/turtlebot3_gazebo//models/turtlebot3_autorace/traffic_light_green/model.sdf
[2.213s] -- Up-to-date: /home/edwinooi/Desktop/foxy_ws/install/turtlebot3_gazebo/share/turtlebot3_gazebo//models/turtlebot3_autorace/traffic_stop
[2.213s] -- Up-to-date: /home/edwinooi/Desktop/foxy_ws/install/turtlebot3_gazebo/share/turtlebot3_gazebo//models/turtlebot3_autorace/traffic_stop/model.config
[2.213s] -- Up-to-date: /home/edwinooi/Desktop/foxy_ws/install/turtlebot3_gazebo/share/turtlebot3_gazebo//models/turtlebot3_autorace/traffic_stop/model.sdf
[2.213s] -- Up-to-date: /home/edwinooi/Desktop/foxy_ws/install/turtlebot3_gazebo/share/turtlebot3_gazebo//models/turtlebot3_autorace/traffic_stop/materials
[2.213s] -- Up-to-date: /home/edwinooi/Desktop/foxy_ws/install/turtlebot3_gazebo/share/turtlebot3_gazebo//models/turtlebot3_autorace/traffic_stop/materials/textures
[2.214s] -- Up-to-date: /home/edwinooi/Desktop/foxy_ws/install/turtlebot3_gazebo/share/turtlebot3_gazebo//models/turtlebot3_autorace/traffic_stop/materials/textures/traffic_stop.png
[2.214s] -- Up-to-date: /home/edwinooi/Desktop/foxy_ws/install/turtlebot3_gazebo/share/turtlebot3_gazebo//models/turtlebot3_autorace/traffic_stop/materials/scripts
[2.214s] -- Up-to-date: /home/edwinooi/Desktop/foxy_ws/install/turtlebot3_gazebo/share/turtlebot3_gazebo//models/turtlebot3_autorace/traffic_stop/materials/scripts/traffic_stop.material
[2.214s] -- Up-to-date: /home/edwinooi/Desktop/foxy_ws/install/turtlebot3_gazebo/share/turtlebot3_gazebo//models/turtlebot3_autorace/traffic_bar_up
[2.214s] -- Up-to-date: /home/edwinooi/Desktop/foxy_ws/install/turtlebot3_gazebo/share/turtlebot3_gazebo//models/turtlebot3_autorace/traffic_bar_up/model.config
[2.214s] -- Up-to-date: /home/edwinooi/Desktop/foxy_ws/install/turtlebot3_gazebo/share/turtlebot3_gazebo//models/turtlebot3_autorace/traffic_bar_up/model.sdf
[2.214s] -- Up-to-date: /home/edwinooi/Desktop/foxy_ws/install/turtlebot3_gazebo/share/turtlebot3_gazebo//models/turtlebot3_autorace/traffic_bar_up/materials
[2.214s] -- Up-to-date: /home/edwinooi/Desktop/foxy_ws/install/turtlebot3_gazebo/share/turtlebot3_gazebo//models/turtlebot3_autorace/traffic_bar_up/materials/textures
[2.215s] -- Up-to-date: /home/edwinooi/Desktop/foxy_ws/install/turtlebot3_gazebo/share/turtlebot3_gazebo//models/turtlebot3_autorace/traffic_bar_up/materials/textures/traffic_bar.png
[2.215s] -- Up-to-date: /home/edwinooi/Desktop/foxy_ws/install/turtlebot3_gazebo/share/turtlebot3_gazebo//models/turtlebot3_autorace/traffic_bar_up/materials/scripts
[2.215s] -- Up-to-date: /home/edwinooi/Desktop/foxy_ws/install/turtlebot3_gazebo/share/turtlebot3_gazebo//models/turtlebot3_autorace/traffic_bar_up/materials/scripts/traffic_bar.material
[2.215s] -- Up-to-date: /home/edwinooi/Desktop/foxy_ws/install/turtlebot3_gazebo/share/turtlebot3_gazebo//models/turtlebot3_autorace/traffic_tunnel
[2.215s] -- Up-to-date: /home/edwinooi/Desktop/foxy_ws/install/turtlebot3_gazebo/share/turtlebot3_gazebo//models/turtlebot3_autorace/traffic_tunnel/model.config
[2.215s] -- Up-to-date: /home/edwinooi/Desktop/foxy_ws/install/turtlebot3_gazebo/share/turtlebot3_gazebo//models/turtlebot3_autorace/traffic_tunnel/model.sdf
[2.215s] -- Up-to-date: /home/edwinooi/Desktop/foxy_ws/install/turtlebot3_gazebo/share/turtlebot3_gazebo//models/turtlebot3_autorace/traffic_tunnel/materials
[2.215s] -- Up-to-date: /home/edwinooi/Desktop/foxy_ws/install/turtlebot3_gazebo/share/turtlebot3_gazebo//models/turtlebot3_autorace/traffic_tunnel/materials/textures
[2.216s] -- Up-to-date: /home/edwinooi/Desktop/foxy_ws/install/turtlebot3_gazebo/share/turtlebot3_gazebo//models/turtlebot3_autorace/traffic_tunnel/materials/textures/tunnel.png
[2.216s] -- Up-to-date: /home/edwinooi/Desktop/foxy_ws/install/turtlebot3_gazebo/share/turtlebot3_gazebo//models/turtlebot3_autorace/traffic_tunnel/materials/scripts
[2.216s] -- Up-to-date: /home/edwinooi/Desktop/foxy_ws/install/turtlebot3_gazebo/share/turtlebot3_gazebo//models/turtlebot3_autorace/traffic_tunnel/materials/scripts/tunnel.material
[2.216s] -- Up-to-date: /home/edwinooi/Desktop/foxy_ws/install/turtlebot3_gazebo/share/turtlebot3_gazebo//models/turtlebot3_autorace/traffic_light_yellow
[2.216s] -- Up-to-date: /home/edwinooi/Desktop/foxy_ws/install/turtlebot3_gazebo/share/turtlebot3_gazebo//models/turtlebot3_autorace/traffic_light_yellow/model.config
[2.216s] -- Up-to-date: /home/edwinooi/Desktop/foxy_ws/install/turtlebot3_gazebo/share/turtlebot3_gazebo//models/turtlebot3_autorace/traffic_light_yellow/model.sdf
[2.216s] -- Up-to-date: /home/edwinooi/Desktop/foxy_ws/install/turtlebot3_gazebo/share/turtlebot3_gazebo//models/turtlebot3_autorace/traffic_parking
[2.216s] -- Up-to-date: /home/edwinooi/Desktop/foxy_ws/install/turtlebot3_gazebo/share/turtlebot3_gazebo//models/turtlebot3_autorace/traffic_parking/model.config
[2.217s] -- Up-to-date: /home/edwinooi/Desktop/foxy_ws/install/turtlebot3_gazebo/share/turtlebot3_gazebo//models/turtlebot3_autorace/traffic_parking/model.sdf
[2.220s] -- Up-to-date: /home/edwinooi/Desktop/foxy_ws/install/turtlebot3_gazebo/share/turtlebot3_gazebo//models/turtlebot3_autorace/traffic_parking/materials
[2.223s] -- Up-to-date: /home/edwinooi/Desktop/foxy_ws/install/turtlebot3_gazebo/share/turtlebot3_gazebo//models/turtlebot3_autorace/traffic_parking/materials/textures
[2.223s] -- Up-to-date: /home/edwinooi/Desktop/foxy_ws/install/turtlebot3_gazebo/share/turtlebot3_gazebo//models/turtlebot3_autorace/traffic_parking/materials/textures/traffic_parking.png
[2.224s] -- Up-to-date: /home/edwinooi/Desktop/foxy_ws/install/turtlebot3_gazebo/share/turtlebot3_gazebo//models/turtlebot3_autorace/traffic_parking/materials/scripts
[2.224s] -- Up-to-date: /home/edwinooi/Desktop/foxy_ws/install/turtlebot3_gazebo/share/turtlebot3_gazebo//models/turtlebot3_autorace/traffic_parking/materials/scripts/traffic_parking.material
[2.224s] -- Up-to-date: /home/edwinooi/Desktop/foxy_ws/install/turtlebot3_gazebo/share/turtlebot3_gazebo//models/turtlebot3_autorace/tunnel_obstacles
[2.224s] -- Up-to-date: /home/edwinooi/Desktop/foxy_ws/install/turtlebot3_gazebo/share/turtlebot3_gazebo//models/turtlebot3_autorace/tunnel_obstacles/model.config
[2.224s] -- Up-to-date: /home/edwinooi/Desktop/foxy_ws/install/turtlebot3_gazebo/share/turtlebot3_gazebo//models/turtlebot3_autorace/tunnel_obstacles/model.sdf
[2.225s] -- Up-to-date: /home/edwinooi/Desktop/foxy_ws/install/turtlebot3_gazebo/share/turtlebot3_gazebo//models/turtlebot3_autorace/traffic_bar_down
[2.225s] -- Up-to-date: /home/edwinooi/Desktop/foxy_ws/install/turtlebot3_gazebo/share/turtlebot3_gazebo//models/turtlebot3_autorace/traffic_bar_down/model.config
[2.225s] -- Up-to-date: /home/edwinooi/Desktop/foxy_ws/install/turtlebot3_gazebo/share/turtlebot3_gazebo//models/turtlebot3_autorace/traffic_bar_down/model.sdf
[2.225s] -- Up-to-date: /home/edwinooi/Desktop/foxy_ws/install/turtlebot3_gazebo/share/turtlebot3_gazebo//models/turtlebot3_autorace/traffic_bar_down/materials
[2.225s] -- Up-to-date: /home/edwinooi/Desktop/foxy_ws/install/turtlebot3_gazebo/share/turtlebot3_gazebo//models/turtlebot3_autorace/traffic_bar_down/materials/textures
[2.225s] -- Up-to-date: /home/edwinooi/Desktop/foxy_ws/install/turtlebot3_gazebo/share/turtlebot3_gazebo//models/turtlebot3_autorace/traffic_bar_down/materials/textures/traffic_bar.png
[2.226s] -- Up-to-date: /home/edwinooi/Desktop/foxy_ws/install/turtlebot3_gazebo/share/turtlebot3_gazebo//models/turtlebot3_autorace/traffic_bar_down/materials/scripts
[2.226s] -- Up-to-date: /home/edwinooi/Desktop/foxy_ws/install/turtlebot3_gazebo/share/turtlebot3_gazebo//models/turtlebot3_autorace/traffic_bar_down/materials/scripts/traffic_bar.material
[2.226s] -- Up-to-date: /home/edwinooi/Desktop/foxy_ws/install/turtlebot3_gazebo/share/turtlebot3_gazebo//models/turtlebot3_autorace/tunnel_wall
[2.226s] -- Up-to-date: /home/edwinooi/Desktop/foxy_ws/install/turtlebot3_gazebo/share/turtlebot3_gazebo//models/turtlebot3_autorace/tunnel_wall/model.config
[2.226s] -- Up-to-date: /home/edwinooi/Desktop/foxy_ws/install/turtlebot3_gazebo/share/turtlebot3_gazebo//models/turtlebot3_autorace/tunnel_wall/model.sdf
[2.226s] -- Up-to-date: /home/edwinooi/Desktop/foxy_ws/install/turtlebot3_gazebo/share/turtlebot3_gazebo//models/turtlebot3_house
[2.226s] -- Up-to-date: /home/edwinooi/Desktop/foxy_ws/install/turtlebot3_gazebo/share/turtlebot3_gazebo//models/turtlebot3_house/model.config
[2.226s] -- Up-to-date: /home/edwinooi/Desktop/foxy_ws/install/turtlebot3_gazebo/share/turtlebot3_gazebo//models/turtlebot3_house/model.sdf
[2.227s] -- Up-to-date: /home/edwinooi/Desktop/foxy_ws/install/turtlebot3_gazebo/share/turtlebot3_gazebo//models/turtlebot3_burger
[2.227s] -- Up-to-date: /home/edwinooi/Desktop/foxy_ws/install/turtlebot3_gazebo/share/turtlebot3_gazebo//models/turtlebot3_burger/model.config
[2.227s] -- Up-to-date: /home/edwinooi/Desktop/foxy_ws/install/turtlebot3_gazebo/share/turtlebot3_gazebo//models/turtlebot3_burger/meshes
[2.227s] -- Up-to-date: /home/edwinooi/Desktop/foxy_ws/install/turtlebot3_gazebo/share/turtlebot3_gazebo//models/turtlebot3_burger/meshes/tire.dae
[2.227s] -- Up-to-date: /home/edwinooi/Desktop/foxy_ws/install/turtlebot3_gazebo/share/turtlebot3_gazebo//models/turtlebot3_burger/meshes/burger_base.dae
[2.227s] -- Up-to-date: /home/edwinooi/Desktop/foxy_ws/install/turtlebot3_gazebo/share/turtlebot3_gazebo//models/turtlebot3_burger/meshes/lds.dae
[2.227s] -- Up-to-date: /home/edwinooi/Desktop/foxy_ws/install/turtlebot3_gazebo/share/turtlebot3_gazebo//models/turtlebot3_burger/model.sdf
[2.227s] -- Up-to-date: /home/edwinooi/Desktop/foxy_ws/install/turtlebot3_gazebo/share/turtlebot3_gazebo//models/turtlebot3_burger/model-1_4.sdf
[2.228s] -- Up-to-date: /home/edwinooi/Desktop/foxy_ws/install/turtlebot3_gazebo/share/turtlebot3_gazebo//models/turtlebot3_dqn_world
[2.228s] -- Up-to-date: /home/edwinooi/Desktop/foxy_ws/install/turtlebot3_gazebo/share/turtlebot3_gazebo//models/turtlebot3_dqn_world/model.config
[2.229s] -- Up-to-date: /home/edwinooi/Desktop/foxy_ws/install/turtlebot3_gazebo/share/turtlebot3_gazebo//models/turtlebot3_dqn_world/obstacle1
[2.236s] -- Up-to-date: /home/edwinooi/Desktop/foxy_ws/install/turtlebot3_gazebo/share/turtlebot3_gazebo//models/turtlebot3_dqn_world/obstacle1/model.config
[2.236s] -- Up-to-date: /home/edwinooi/Desktop/foxy_ws/install/turtlebot3_gazebo/share/turtlebot3_gazebo//models/turtlebot3_dqn_world/obstacle1/model.sdf
[2.236s] -- Up-to-date: /home/edwinooi/Desktop/foxy_ws/install/turtlebot3_gazebo/share/turtlebot3_gazebo//models/turtlebot3_dqn_world/model.sdf
[2.236s] -- Up-to-date: /home/edwinooi/Desktop/foxy_ws/install/turtlebot3_gazebo/share/turtlebot3_gazebo//models/turtlebot3_dqn_world/goal_box
[2.237s] -- Up-to-date: /home/edwinooi/Desktop/foxy_ws/install/turtlebot3_gazebo/share/turtlebot3_gazebo//models/turtlebot3_dqn_world/goal_box/model.config
[2.237s] -- Up-to-date: /home/edwinooi/Desktop/foxy_ws/install/turtlebot3_gazebo/share/turtlebot3_gazebo//models/turtlebot3_dqn_world/goal_box/model.sdf
[2.237s] -- Up-to-date: /home/edwinooi/Desktop/foxy_ws/install/turtlebot3_gazebo/share/turtlebot3_gazebo//models/turtlebot3_dqn_world/obstacles
[2.237s] -- Up-to-date: /home/edwinooi/Desktop/foxy_ws/install/turtlebot3_gazebo/share/turtlebot3_gazebo//models/turtlebot3_dqn_world/obstacles/model.config
[2.237s] -- Up-to-date: /home/edwinooi/Desktop/foxy_ws/install/turtlebot3_gazebo/share/turtlebot3_gazebo//models/turtlebot3_dqn_world/obstacles/model.sdf
[2.237s] -- Up-to-date: /home/edwinooi/Desktop/foxy_ws/install/turtlebot3_gazebo/share/turtlebot3_gazebo//models/turtlebot3_dqn_world/obstacle2
[2.237s] -- Up-to-date: /home/edwinooi/Desktop/foxy_ws/install/turtlebot3_gazebo/share/turtlebot3_gazebo//models/turtlebot3_dqn_world/obstacle2/model.config
[2.238s] -- Up-to-date: /home/edwinooi/Desktop/foxy_ws/install/turtlebot3_gazebo/share/turtlebot3_gazebo//models/turtlebot3_dqn_world/obstacle2/model.sdf
[2.238s] -- Up-to-date: /home/edwinooi/Desktop/foxy_ws/install/turtlebot3_gazebo/share/turtlebot3_gazebo//models/turtlebot3_dqn_world/obstacle_plugin
[2.238s] -- Up-to-date: /home/edwinooi/Desktop/foxy_ws/install/turtlebot3_gazebo/share/turtlebot3_gazebo//models/turtlebot3_dqn_world/obstacle_plugin/obstacle1.cc
[2.238s] -- Up-to-date: /home/edwinooi/Desktop/foxy_ws/install/turtlebot3_gazebo/share/turtlebot3_gazebo//models/turtlebot3_dqn_world/obstacle_plugin/CMakeLists.txt
[2.241s] -- Up-to-date: /home/edwinooi/Desktop/foxy_ws/install/turtlebot3_gazebo/share/turtlebot3_gazebo//models/turtlebot3_dqn_world/obstacle_plugin/obstacle2.cc
[2.242s] -- Up-to-date: /home/edwinooi/Desktop/foxy_ws/install/turtlebot3_gazebo/share/turtlebot3_gazebo//models/turtlebot3_dqn_world/obstacle_plugin/obstacles.cc
[2.242s] -- Up-to-date: /home/edwinooi/Desktop/foxy_ws/install/turtlebot3_gazebo/share/turtlebot3_gazebo//models/turtlebot3_dqn_world/inner_walls
[2.243s] -- Up-to-date: /home/edwinooi/Desktop/foxy_ws/install/turtlebot3_gazebo/share/turtlebot3_gazebo//models/turtlebot3_dqn_world/inner_walls/model.config
[2.243s] -- Up-to-date: /home/edwinooi/Desktop/foxy_ws/install/turtlebot3_gazebo/share/turtlebot3_gazebo//models/turtlebot3_dqn_world/inner_walls/model.sdf
[2.243s] -- Up-to-date: /home/edwinooi/Desktop/foxy_ws/install/turtlebot3_gazebo/share/turtlebot3_gazebo//models/realsense_camera
[2.243s] -- Up-to-date: /home/edwinooi/Desktop/foxy_ws/install/turtlebot3_gazebo/share/turtlebot3_gazebo//models/realsense_camera/model.config
[2.243s] -- Up-to-date: /home/edwinooi/Desktop/foxy_ws/install/turtlebot3_gazebo/share/turtlebot3_gazebo//models/realsense_camera/meshes
[2.244s] -- Up-to-date: /home/edwinooi/Desktop/foxy_ws/install/turtlebot3_gazebo/share/turtlebot3_gazebo//models/realsense_camera/meshes/realsense.dae
[2.244s] -- Up-to-date: /home/edwinooi/Desktop/foxy_ws/install/turtlebot3_gazebo/share/turtlebot3_gazebo//models/realsense_camera/model.sdf
[2.244s] -- Up-to-date: /home/edwinooi/Desktop/foxy_ws/install/turtlebot3_gazebo/share/turtlebot3_gazebo//models/realsense_camera/materials
[2.244s] -- Up-to-date: /home/edwinooi/Desktop/foxy_ws/install/turtlebot3_gazebo/share/turtlebot3_gazebo//models/realsense_camera/materials/textures
[2.244s] -- Up-to-date: /home/edwinooi/Desktop/foxy_ws/install/turtlebot3_gazebo/share/turtlebot3_gazebo//models/realsense_camera/materials/textures/realsense_diffuse.png
[2.244s] -- Up-to-date: /home/edwinooi/Desktop/foxy_ws/install/turtlebot3_gazebo/share/turtlebot3_gazebo//rviz
[2.245s] -- Up-to-date: /home/edwinooi/Desktop/foxy_ws/install/turtlebot3_gazebo/share/turtlebot3_gazebo//rviz/tb3_gazebo.rviz
[2.245s] -- Up-to-date: /home/edwinooi/Desktop/foxy_ws/install/turtlebot3_gazebo/share/turtlebot3_gazebo//urdf
[2.245s] -- Up-to-date: /home/edwinooi/Desktop/foxy_ws/install/turtlebot3_gazebo/share/turtlebot3_gazebo//urdf/turtlebot3_waffle.urdf
[2.245s] -- Up-to-date: /home/edwinooi/Desktop/foxy_ws/install/turtlebot3_gazebo/share/turtlebot3_gazebo//urdf/turtlebot3_waffle_pi.urdf
[2.245s] -- Up-to-date: /home/edwinooi/Desktop/foxy_ws/install/turtlebot3_gazebo/share/turtlebot3_gazebo//urdf/common_properties.urdf
[2.245s] -- Up-to-date: /home/edwinooi/Desktop/foxy_ws/install/turtlebot3_gazebo/share/turtlebot3_gazebo//urdf/turtlebot3_burger.urdf
[2.246s] -- Up-to-date: /home/edwinooi/Desktop/foxy_ws/install/turtlebot3_gazebo/share/turtlebot3_gazebo//worlds
[2.246s] -- Up-to-date: /home/edwinooi/Desktop/foxy_ws/install/turtlebot3_gazebo/share/turtlebot3_gazebo//worlds/empty_worlds
[2.246s] -- Up-to-date: /home/edwinooi/Desktop/foxy_ws/install/turtlebot3_gazebo/share/turtlebot3_gazebo//worlds/empty_worlds/waffle_pi.model
[2.246s] -- Up-to-date: /home/edwinooi/Desktop/foxy_ws/install/turtlebot3_gazebo/share/turtlebot3_gazebo//worlds/empty_worlds/waffle.model
[2.246s] -- Up-to-date: /home/edwinooi/Desktop/foxy_ws/install/turtlebot3_gazebo/share/turtlebot3_gazebo//worlds/empty_worlds/burger.model
[2.246s] -- Up-to-date: /home/edwinooi/Desktop/foxy_ws/install/turtlebot3_gazebo/share/turtlebot3_gazebo//worlds/turtlebot3_autoraces
[2.246s] -- Up-to-date: /home/edwinooi/Desktop/foxy_ws/install/turtlebot3_gazebo/share/turtlebot3_gazebo//worlds/turtlebot3_autoraces/waffle_pi.model
[2.247s] -- Up-to-date: /home/edwinooi/Desktop/foxy_ws/install/turtlebot3_gazebo/share/turtlebot3_gazebo//worlds/turtlebot3_autoraces/waffle.model
[2.247s] -- Up-to-date: /home/edwinooi/Desktop/foxy_ws/install/turtlebot3_gazebo/share/turtlebot3_gazebo//worlds/turtlebot3_autoraces/burger.model
[2.247s] -- Up-to-date: /home/edwinooi/Desktop/foxy_ws/install/turtlebot3_gazebo/share/turtlebot3_gazebo//worlds/turtlebot3_dqn_stage1
[2.247s] -- Up-to-date: /home/edwinooi/Desktop/foxy_ws/install/turtlebot3_gazebo/share/turtlebot3_gazebo//worlds/turtlebot3_dqn_stage1/waffle_pi.model
[2.248s] -- Up-to-date: /home/edwinooi/Desktop/foxy_ws/install/turtlebot3_gazebo/share/turtlebot3_gazebo//worlds/turtlebot3_dqn_stage1/waffle.model
[2.257s] -- Up-to-date: /home/edwinooi/Desktop/foxy_ws/install/turtlebot3_gazebo/share/turtlebot3_gazebo//worlds/turtlebot3_dqn_stage1/burger.model
[2.257s] -- Up-to-date: /home/edwinooi/Desktop/foxy_ws/install/turtlebot3_gazebo/share/turtlebot3_gazebo//worlds/my_third_world.sdf
[2.257s] -- Up-to-date: /home/edwinooi/Desktop/foxy_ws/install/turtlebot3_gazebo/share/turtlebot3_gazebo//worlds/turtlebot3_dqn_stage3
[2.257s] -- Up-to-date: /home/edwinooi/Desktop/foxy_ws/install/turtlebot3_gazebo/share/turtlebot3_gazebo//worlds/turtlebot3_dqn_stage3/waffle_pi.model
[2.257s] -- Up-to-date: /home/edwinooi/Desktop/foxy_ws/install/turtlebot3_gazebo/share/turtlebot3_gazebo//worlds/turtlebot3_dqn_stage3/waffle.model
[2.257s] -- Up-to-date: /home/edwinooi/Desktop/foxy_ws/install/turtlebot3_gazebo/share/turtlebot3_gazebo//worlds/turtlebot3_dqn_stage3/burger.model
[2.258s] -- Up-to-date: /home/edwinooi/Desktop/foxy_ws/install/turtlebot3_gazebo/share/turtlebot3_gazebo//worlds/turtlebot3_houses
[2.258s] -- Up-to-date: /home/edwinooi/Desktop/foxy_ws/install/turtlebot3_gazebo/share/turtlebot3_gazebo//worlds/turtlebot3_houses/waffle_pi.model
[2.258s] -- Up-to-date: /home/edwinooi/Desktop/foxy_ws/install/turtlebot3_gazebo/share/turtlebot3_gazebo//worlds/turtlebot3_houses/waffle.model
[2.258s] -- Up-to-date: /home/edwinooi/Desktop/foxy_ws/install/turtlebot3_gazebo/share/turtlebot3_gazebo//worlds/turtlebot3_houses/burger.model
[2.258s] -- Up-to-date: /home/edwinooi/Desktop/foxy_ws/install/turtlebot3_gazebo/share/turtlebot3_gazebo//worlds/turtlebot3_dqn_stage4
[2.258s] -- Up-to-date: /home/edwinooi/Desktop/foxy_ws/install/turtlebot3_gazebo/share/turtlebot3_gazebo//worlds/turtlebot3_dqn_stage4/waffle_pi.model
[2.258s] -- Up-to-date: /home/edwinooi/Desktop/foxy_ws/install/turtlebot3_gazebo/share/turtlebot3_gazebo//worlds/turtlebot3_dqn_stage4/waffle.model
[2.258s] -- Up-to-date: /home/edwinooi/Desktop/foxy_ws/install/turtlebot3_gazebo/share/turtlebot3_gazebo//worlds/turtlebot3_dqn_stage4/burger.model
[2.259s] -- Up-to-date: /home/edwinooi/Desktop/foxy_ws/install/turtlebot3_gazebo/share/turtlebot3_gazebo//worlds/turtlebot3_worlds
[2.259s] -- Up-to-date: /home/edwinooi/Desktop/foxy_ws/install/turtlebot3_gazebo/share/turtlebot3_gazebo//worlds/turtlebot3_worlds/waffle_pi.model
[2.259s] -- Up-to-date: /home/edwinooi/Desktop/foxy_ws/install/turtlebot3_gazebo/share/turtlebot3_gazebo//worlds/turtlebot3_worlds/waffle.model
[2.259s] -- Up-to-date: /home/edwinooi/Desktop/foxy_ws/install/turtlebot3_gazebo/share/turtlebot3_gazebo//worlds/turtlebot3_worlds/burger.model
[2.259s] -- Up-to-date: /home/edwinooi/Desktop/foxy_ws/install/turtlebot3_gazebo/share/turtlebot3_gazebo//worlds/turtlebot3_dqn_stage2
[2.259s] -- Up-to-date: /home/edwinooi/Desktop/foxy_ws/install/turtlebot3_gazebo/share/turtlebot3_gazebo//worlds/turtlebot3_dqn_stage2/waffle_pi.model
[2.259s] -- Up-to-date: /home/edwinooi/Desktop/foxy_ws/install/turtlebot3_gazebo/share/turtlebot3_gazebo//worlds/turtlebot3_dqn_stage2/waffle.model
[2.260s] -- Up-to-date: /home/edwinooi/Desktop/foxy_ws/install/turtlebot3_gazebo/share/turtlebot3_gazebo//worlds/turtlebot3_dqn_stage2/burger.model
[2.260s] -- Up-to-date: /home/edwinooi/Desktop/foxy_ws/install/turtlebot3_gazebo/include/
[2.260s] -- Up-to-date: /home/edwinooi/Desktop/foxy_ws/install/turtlebot3_gazebo/include//turtlebot3_gazebo
[2.260s] -- Up-to-date: /home/edwinooi/Desktop/foxy_ws/install/turtlebot3_gazebo/include//turtlebot3_gazebo/turtlebot3_drive.hpp
[2.260s] -- Up-to-date: /home/edwinooi/Desktop/foxy_ws/install/turtlebot3_gazebo/include//turtlebot3_gazebo/turtlebot3_drive1.hpp
[2.260s] -- Up-to-date: /home/edwinooi/Desktop/foxy_ws/install/turtlebot3_gazebo/include//turtlebot3_gazebo/turtlebot3_drive2.hpp
[2.261s] -- Up-to-date: /home/edwinooi/Desktop/foxy_ws/install/turtlebot3_gazebo/share/ament_index/resource_index/package_run_dependencies/turtlebot3_gazebo
[2.261s] -- Up-to-date: /home/edwinooi/Desktop/foxy_ws/install/turtlebot3_gazebo/share/ament_index/resource_index/parent_prefix_path/turtlebot3_gazebo
[2.261s] -- Up-to-date: /home/edwinooi/Desktop/foxy_ws/install/turtlebot3_gazebo/share/turtlebot3_gazebo/environment/ament_prefix_path.sh
[2.261s] -- Up-to-date: /home/edwinooi/Desktop/foxy_ws/install/turtlebot3_gazebo/share/turtlebot3_gazebo/environment/ament_prefix_path.dsv
[2.261s] -- Up-to-date: /home/edwinooi/Desktop/foxy_ws/install/turtlebot3_gazebo/share/turtlebot3_gazebo/environment/path.sh
[2.261s] -- Up-to-date: /home/edwinooi/Desktop/foxy_ws/install/turtlebot3_gazebo/share/turtlebot3_gazebo/environment/path.dsv
[2.261s] -- Up-to-date: /home/edwinooi/Desktop/foxy_ws/install/turtlebot3_gazebo/share/turtlebot3_gazebo/local_setup.bash
[2.262s] -- Up-to-date: /home/edwinooi/Desktop/foxy_ws/install/turtlebot3_gazebo/share/turtlebot3_gazebo/local_setup.sh
[2.262s] -- Up-to-date: /home/edwinooi/Desktop/foxy_ws/install/turtlebot3_gazebo/share/turtlebot3_gazebo/local_setup.zsh
[2.262s] -- Up-to-date: /home/edwinooi/Desktop/foxy_ws/install/turtlebot3_gazebo/share/turtlebot3_gazebo/local_setup.dsv
[2.262s] -- Installing: /home/edwinooi/Desktop/foxy_ws/install/turtlebot3_gazebo/share/turtlebot3_gazebo/package.dsv
[2.262s] -- Up-to-date: /home/edwinooi/Desktop/foxy_ws/install/turtlebot3_gazebo/share/ament_index/resource_index/packages/turtlebot3_gazebo
[2.262s] -- Up-to-date: /home/edwinooi/Desktop/foxy_ws/install/turtlebot3_gazebo/share/turtlebot3_gazebo/cmake/ament_cmake_export_include_directories-extras.cmake
[2.262s] -- Up-to-date: /home/edwinooi/Desktop/foxy_ws/install/turtlebot3_gazebo/share/turtlebot3_gazebo/cmake/ament_cmake_export_dependencies-extras.cmake
[2.262s] -- Up-to-date: /home/edwinooi/Desktop/foxy_ws/install/turtlebot3_gazebo/share/turtlebot3_gazebo/cmake/turtlebot3_gazeboConfig.cmake
[2.263s] -- Up-to-date: /home/edwinooi/Desktop/foxy_ws/install/turtlebot3_gazebo/share/turtlebot3_gazebo/cmake/turtlebot3_gazeboConfig-version.cmake
[2.263s] -- Up-to-date: /home/edwinooi/Desktop/foxy_ws/install/turtlebot3_gazebo/share/turtlebot3_gazebo/package.xml
[2.263s] Invoked command in '/home/edwinooi/Desktop/foxy_ws/build/turtlebot3_gazebo' returned '0': CMAKE_PREFIX_PATH=${CMAKE_PREFIX_PATH}:/home/edwinooi/Desktop/foxy_ws/install/ros2_aruco:/home/edwinooi/Desktop/emanual/install/ros2_aruco:/opt/ros/humble /usr/bin/cmake --install /home/edwinooi/Desktop/foxy_ws/build/turtlebot3_gazebo
