[0.516s] Invoking command in '/home/edwinooi/Desktop/foxy_ws/build/nav2_common': CMAKE_PREFIX_PATH=${CMAKE_PREFIX_PATH}:/home/edwinooi/Desktop/emanual/install/ros2_aruco:/opt/ros/humble /usr/bin/cmake --build /home/edwinooi/Desktop/foxy_ws/build/nav2_common -- -j4 -l4
[0.928s] Built target ament_cmake_python_copy_nav2_common
[2.873s] running egg_info
[2.873s] writing nav2_common.egg-info/PKG-INFO
[2.873s] writing dependency_links to nav2_common.egg-info/dependency_links.txt
[2.873s] writing top-level names to nav2_common.egg-info/top_level.txt
[2.874s] reading manifest file 'nav2_common.egg-info/SOURCES.txt'
[2.874s] writing manifest file 'nav2_common.egg-info/SOURCES.txt'
[3.037s] Built target ament_cmake_python_build_nav2_common_egg
[3.177s] Invoked command in '/home/edwinooi/Desktop/foxy_ws/build/nav2_common' returned '0': CMAKE_PREFIX_PATH=${CMAKE_PREFIX_PATH}:/home/edwinooi/Desktop/emanual/install/ros2_aruco:/opt/ros/humble /usr/bin/cmake --build /home/edwinooi/Desktop/foxy_ws/build/nav2_common -- -j4 -l4
[3.357s] Invoking command in '/home/edwinooi/Desktop/foxy_ws/build/nav2_common': CMAKE_PREFIX_PATH=${CMAKE_PREFIX_PATH}:/home/edwinooi/Desktop/emanual/install/ros2_aruco:/opt/ros/humble /usr/bin/cmake --install /home/edwinooi/Desktop/foxy_ws/build/nav2_common
[3.388s] -- Install configuration: ""
[3.388s] -- Up-to-date: /home/edwinooi/Desktop/foxy_ws/install/nav2_common/share/nav2_common/environment/pythonpath.sh
[3.389s] -- Up-to-date: /home/edwinooi/Desktop/foxy_ws/install/nav2_common/share/nav2_common/environment/pythonpath.dsv
[3.389s] -- Up-to-date: /home/edwinooi/Desktop/foxy_ws/install/nav2_common/local/lib/python3.10/dist-packages/nav2_common-1.1.15-py3.10.egg-info
[3.390s] -- Installing: /home/edwinooi/Desktop/foxy_ws/install/nav2_common/local/lib/python3.10/dist-packages/nav2_common-1.1.15-py3.10.egg-info/SOURCES.txt
[3.390s] -- Installing: /home/edwinooi/Desktop/foxy_ws/install/nav2_common/local/lib/python3.10/dist-packages/nav2_common-1.1.15-py3.10.egg-info/PKG-INFO
[3.392s] -- Installing: /home/edwinooi/Desktop/foxy_ws/install/nav2_common/local/lib/python3.10/dist-packages/nav2_common-1.1.15-py3.10.egg-info/top_level.txt
[3.392s] -- Installing: /home/edwinooi/Desktop/foxy_ws/install/nav2_common/local/lib/python3.10/dist-packages/nav2_common-1.1.15-py3.10.egg-info/dependency_links.txt
[3.393s] -- Up-to-date: /home/edwinooi/Desktop/foxy_ws/install/nav2_common/local/lib/python3.10/dist-packages/nav2_common
[3.393s] -- Up-to-date: /home/edwinooi/Desktop/foxy_ws/install/nav2_common/local/lib/python3.10/dist-packages/nav2_common/__init__.py
[3.393s] -- Up-to-date: /home/edwinooi/Desktop/foxy_ws/install/nav2_common/local/lib/python3.10/dist-packages/nav2_common/launch
[3.393s] -- Up-to-date: /home/edwinooi/Desktop/foxy_ws/install/nav2_common/local/lib/python3.10/dist-packages/nav2_common/launch/rewritten_yaml.py
[3.393s] -- Up-to-date: /home/edwinooi/Desktop/foxy_ws/install/nav2_common/local/lib/python3.10/dist-packages/nav2_common/launch/__init__.py
[3.393s] -- Up-to-date: /home/edwinooi/Desktop/foxy_ws/install/nav2_common/local/lib/python3.10/dist-packages/nav2_common/launch/parse_multirobot_pose.py
[3.393s] -- Up-to-date: /home/edwinooi/Desktop/foxy_ws/install/nav2_common/local/lib/python3.10/dist-packages/nav2_common/launch/replace_string.py
[3.394s] -- Up-to-date: /home/edwinooi/Desktop/foxy_ws/install/nav2_common/local/lib/python3.10/dist-packages/nav2_common/launch/has_node_params.py
[3.541s] Listing '/home/edwinooi/Desktop/foxy_ws/install/nav2_common/local/lib/python3.10/dist-packages/nav2_common'...
[3.541s] Listing '/home/edwinooi/Desktop/foxy_ws/install/nav2_common/local/lib/python3.10/dist-packages/nav2_common/launch'...
[3.558s] -- Up-to-date: /home/edwinooi/Desktop/foxy_ws/install/nav2_common/share/ament_index/resource_index/package_run_dependencies/nav2_common
[3.558s] -- Up-to-date: /home/edwinooi/Desktop/foxy_ws/install/nav2_common/share/ament_index/resource_index/parent_prefix_path/nav2_common
[3.558s] -- Up-to-date: /home/edwinooi/Desktop/foxy_ws/install/nav2_common/share/nav2_common/environment/ament_prefix_path.sh
[3.559s] -- Up-to-date: /home/edwinooi/Desktop/foxy_ws/install/nav2_common/share/nav2_common/environment/ament_prefix_path.dsv
[3.559s] -- Up-to-date: /home/edwinooi/Desktop/foxy_ws/install/nav2_common/share/nav2_common/environment/path.sh
[3.559s] -- Up-to-date: /home/edwinooi/Desktop/foxy_ws/install/nav2_common/share/nav2_common/environment/path.dsv
[3.559s] -- Up-to-date: /home/edwinooi/Desktop/foxy_ws/install/nav2_common/share/nav2_common/local_setup.bash
[3.559s] -- Up-to-date: /home/edwinooi/Desktop/foxy_ws/install/nav2_common/share/nav2_common/local_setup.sh
[3.560s] -- Up-to-date: /home/edwinooi/Desktop/foxy_ws/install/nav2_common/share/nav2_common/local_setup.zsh
[3.560s] -- Up-to-date: /home/edwinooi/Desktop/foxy_ws/install/nav2_common/share/nav2_common/local_setup.dsv
[3.560s] -- Installing: /home/edwinooi/Desktop/foxy_ws/install/nav2_common/share/nav2_common/package.dsv
[3.560s] -- Up-to-date: /home/edwinooi/Desktop/foxy_ws/install/nav2_common/share/ament_index/resource_index/packages/nav2_common
[3.560s] -- Up-to-date: /home/edwinooi/Desktop/foxy_ws/install/nav2_common/share/nav2_common/cmake/nav2_common-extras.cmake
[3.560s] -- Up-to-date: /home/edwinooi/Desktop/foxy_ws/install/nav2_common/share/nav2_common/cmake/nav2_commonConfig.cmake
[3.561s] -- Up-to-date: /home/edwinooi/Desktop/foxy_ws/install/nav2_common/share/nav2_common/cmake/nav2_commonConfig-version.cmake
[3.561s] -- Up-to-date: /home/edwinooi/Desktop/foxy_ws/install/nav2_common/share/nav2_common/package.xml
[3.561s] -- Up-to-date: /home/edwinooi/Desktop/foxy_ws/install/nav2_common/share/nav2_common/cmake
[3.561s] -- Up-to-date: /home/edwinooi/Desktop/foxy_ws/install/nav2_common/share/nav2_common/cmake/nav2_package.cmake
[3.575s] Invoked command in '/home/edwinooi/Desktop/foxy_ws/build/nav2_common' returned '0': CMAKE_PREFIX_PATH=${CMAKE_PREFIX_PATH}:/home/edwinooi/Desktop/emanual/install/ros2_aruco:/opt/ros/humble /usr/bin/cmake --install /home/edwinooi/Desktop/foxy_ws/build/nav2_common
