[0.280s] Invoking command in '/home/edwinooi/Desktop/foxy_ws/build/nav2_controller': AMENT_PREFIX_PATH=/home/edwinooi/Desktop/foxy_ws/install/nav2_core:/home/edwinooi/Desktop/foxy_ws/install/nav2_costmap_2d:/home/edwinooi/Desktop/foxy_ws/install/nav_2d_utils:/home/edwinooi/Desktop/foxy_ws/install/nav2_util:/home/edwinooi/Desktop/foxy_ws/install/nav2_voxel_grid:/home/edwinooi/Desktop/foxy_ws/install/nav2_msgs:/home/edwinooi/Desktop/foxy_ws/install/nav_2d_msgs:/home/edwinooi/Desktop/foxy_ws/install/nav2_common:${AMENT_PREFIX_PATH} CMAKE_PREFIX_PATH=/home/edwinooi/Desktop/foxy_ws/install/nav2_core:/home/edwinooi/Desktop/foxy_ws/install/nav2_costmap_2d:/home/edwinooi/Desktop/foxy_ws/install/nav_2d_utils:/home/edwinooi/Desktop/foxy_ws/install/nav2_util:/home/edwinooi/Desktop/foxy_ws/install/nav2_voxel_grid:/home/edwinooi/Desktop/foxy_ws/install/nav2_msgs:/home/edwinooi/Desktop/foxy_ws/install/nav_2d_msgs:/home/edwinooi/Desktop/foxy_ws/install/nav2_common:/home/edwinooi/Desktop/emanual/install/turtlebot3_simulations:/home/edwinooi/Desktop/emanual/install/turtlebot3_gazebo:/home/edwinooi/Desktop/emanual/install/turtlebot3_fake_node:/home/edwinooi/Desktop/emanual/install/ros2_aruco_interfaces:/home/edwinooi/Desktop/emanual/install/ros2_aruco:/opt/ros/humble LD_LIBRARY_PATH=/home/edwinooi/Desktop/foxy_ws/install/nav2_costmap_2d/lib:/home/edwinooi/Desktop/foxy_ws/install/nav_2d_utils/lib:/home/edwinooi/Desktop/foxy_ws/install/nav2_util/lib:/home/edwinooi/Desktop/foxy_ws/install/nav2_voxel_grid/lib:/home/edwinooi/Desktop/foxy_ws/install/nav2_msgs/lib:/home/edwinooi/Desktop/foxy_ws/install/nav_2d_msgs/lib:${LD_LIBRARY_PATH} PYTHONPATH=/home/edwinooi/Desktop/foxy_ws/install/nav2_msgs/local/lib/python3.10/dist-packages:/home/edwinooi/Desktop/foxy_ws/install/nav_2d_msgs/local/lib/python3.10/dist-packages:/home/edwinooi/Desktop/foxy_ws/install/nav2_common/local/lib/python3.10/dist-packages:${PYTHONPATH} /usr/bin/cmake /home/edwinooi/Desktop/foxy_ws/src/turtlebot3_simulations/navigation2-humble/nav2_controller -DCMAKE_INSTALL_PREFIX=/home/edwinooi/Desktop/foxy_ws/install/nav2_controller
[0.581s] -- The C compiler identification is GNU 11.4.0
[0.773s] -- The CXX compiler identification is GNU 11.4.0
[0.827s] -- Detecting C compiler ABI info
[1.320s] -- Detecting C compiler ABI info - done
[1.384s] -- Check for working C compiler: /usr/bin/cc - skipped
[1.385s] -- Detecting C compile features
[1.409s] -- Detecting C compile features - done
[1.409s] -- Detecting CXX compiler ABI info
[1.872s] -- Detecting CXX compiler ABI info - done
[1.921s] -- Check for working CXX compiler: /usr/bin/c++ - skipped
[1.925s] -- Detecting CXX compile features
[1.927s] -- Detecting CXX compile features - done
[1.946s] -- Found ament_cmake: 1.3.8 (/opt/ros/humble/share/ament_cmake/cmake)
[2.623s] -- Found Python3: /usr/bin/python3 (found version "3.10.12") found components: Interpreter 
[2.886s] -- Found nav2_core: 1.1.15 (/home/edwinooi/Desktop/foxy_ws/install/nav2_core/share/nav2_core/cmake)
[3.040s] -- Found rosidl_generator_c: 3.1.5 (/opt/ros/humble/share/rosidl_generator_c/cmake)
[3.060s] -- Found rosidl_adapter: 3.1.5 (/opt/ros/humble/share/rosidl_adapter/cmake)
[3.090s] -- Found rosidl_generator_cpp: 3.1.5 (/opt/ros/humble/share/rosidl_generator_cpp/cmake)
[3.135s] -- Using all available rosidl_typesupport_c: rosidl_typesupport_fastrtps_c;rosidl_typesupport_introspection_c
[3.200s] -- Using all available rosidl_typesupport_cpp: rosidl_typesupport_fastrtps_cpp;rosidl_typesupport_introspection_cpp
[3.488s] -- Found rmw_implementation_cmake: 6.1.1 (/opt/ros/humble/share/rmw_implementation_cmake/cmake)
[3.500s] -- Found rmw_fastrtps_cpp: 6.2.6 (/opt/ros/humble/share/rmw_fastrtps_cpp/cmake)
[4.057s] -- Found OpenSSL: /usr/lib/x86_64-linux-gnu/libcrypto.so (found version "3.0.2")  
[4.300s] -- Found FastRTPS: /opt/ros/humble/include  
[4.571s] -- Using RMW implementation 'rmw_fastrtps_cpp' as default
[4.646s] -- Looking for pthread.h
[5.323s] -- Looking for pthread.h - found
[5.327s] -- Performing Test CMAKE_HAVE_LIBC_PTHREAD
[6.090s] -- Performing Test CMAKE_HAVE_LIBC_PTHREAD - Success
[6.092s] -- Found Threads: TRUE  
[12.822s] -- Found Eigen3: TRUE (found version "3.4.0") 
[12.823s] -- Ensuring Eigen3 include directory is part of orocos-kdl CMake target
[18.810s] -- Found nav2_common: 1.1.15 (/home/edwinooi/Desktop/foxy_ws/install/nav2_common/share/nav2_common/cmake)
[18.817s] -- Found nav_2d_utils: 1.1.15 (/home/edwinooi/Desktop/foxy_ws/install/nav_2d_utils/share/nav_2d_utils/cmake)
[20.691s] -- Setting build type to Release as none was specified.
[80.386s] -- Found ament_lint_auto: 0.12.10 (/opt/ros/humble/share/ament_lint_auto/cmake)
[80.617s] -- Found gtest sources under '/opt/ros/humble/src/gtest_vendor': C++ tests using 'Google Test' will be built
[91.552s] -- Found gtest sources under '/opt/ros/humble/src/gtest_vendor': C++ tests using 'Google Test' will be built
[108.000s] -- Added test 'cppcheck' to perform static code analysis on C / C++ code
[108.007s] -- Configured cppcheck include dirs: /home/edwinooi/Desktop/foxy_ws/src/turtlebot3_simulations/navigation2-humble/nav2_controller/include
[108.007s] -- Configured cppcheck exclude dirs and/or files: 
[108.014s] -- Added test 'cpplint' to check C / C++ code against the Google style
[108.014s] -- Configured cpplint exclude dirs and/or files: 
[108.019s] -- Added test 'lint_cmake' to check CMake code style
[108.026s] -- Added test 'uncrustify' to check C / C++ code style
[108.026s] -- Configured uncrustify additional arguments: 
[108.030s] -- Added test 'xmllint' to check XML markup files
[108.054s] -- Configuring done
[110.010s] -- Generating done
[110.020s] -- Build files have been written to: /home/edwinooi/Desktop/foxy_ws/build/nav2_controller
[110.075s] Invoked command in '/home/edwinooi/Desktop/foxy_ws/build/nav2_controller' returned '0': AMENT_PREFIX_PATH=/home/edwinooi/Desktop/foxy_ws/install/nav2_core:/home/edwinooi/Desktop/foxy_ws/install/nav2_costmap_2d:/home/edwinooi/Desktop/foxy_ws/install/nav_2d_utils:/home/edwinooi/Desktop/foxy_ws/install/nav2_util:/home/edwinooi/Desktop/foxy_ws/install/nav2_voxel_grid:/home/edwinooi/Desktop/foxy_ws/install/nav2_msgs:/home/edwinooi/Desktop/foxy_ws/install/nav_2d_msgs:/home/edwinooi/Desktop/foxy_ws/install/nav2_common:${AMENT_PREFIX_PATH} CMAKE_PREFIX_PATH=/home/edwinooi/Desktop/foxy_ws/install/nav2_core:/home/edwinooi/Desktop/foxy_ws/install/nav2_costmap_2d:/home/edwinooi/Desktop/foxy_ws/install/nav_2d_utils:/home/edwinooi/Desktop/foxy_ws/install/nav2_util:/home/edwinooi/Desktop/foxy_ws/install/nav2_voxel_grid:/home/edwinooi/Desktop/foxy_ws/install/nav2_msgs:/home/edwinooi/Desktop/foxy_ws/install/nav_2d_msgs:/home/edwinooi/Desktop/foxy_ws/install/nav2_common:/home/edwinooi/Desktop/emanual/install/turtlebot3_simulations:/home/edwinooi/Desktop/emanual/install/turtlebot3_gazebo:/home/edwinooi/Desktop/emanual/install/turtlebot3_fake_node:/home/edwinooi/Desktop/emanual/install/ros2_aruco_interfaces:/home/edwinooi/Desktop/emanual/install/ros2_aruco:/opt/ros/humble LD_LIBRARY_PATH=/home/edwinooi/Desktop/foxy_ws/install/nav2_costmap_2d/lib:/home/edwinooi/Desktop/foxy_ws/install/nav_2d_utils/lib:/home/edwinooi/Desktop/foxy_ws/install/nav2_util/lib:/home/edwinooi/Desktop/foxy_ws/install/nav2_voxel_grid/lib:/home/edwinooi/Desktop/foxy_ws/install/nav2_msgs/lib:/home/edwinooi/Desktop/foxy_ws/install/nav_2d_msgs/lib:${LD_LIBRARY_PATH} PYTHONPATH=/home/edwinooi/Desktop/foxy_ws/install/nav2_msgs/local/lib/python3.10/dist-packages:/home/edwinooi/Desktop/foxy_ws/install/nav_2d_msgs/local/lib/python3.10/dist-packages:/home/edwinooi/Desktop/foxy_ws/install/nav2_common/local/lib/python3.10/dist-packages:${PYTHONPATH} /usr/bin/cmake /home/edwinooi/Desktop/foxy_ws/src/turtlebot3_simulations/navigation2-humble/nav2_controller -DCMAKE_INSTALL_PREFIX=/home/edwinooi/Desktop/foxy_ws/install/nav2_controller
[110.088s] Invoking command in '/home/edwinooi/Desktop/foxy_ws/build/nav2_controller': AMENT_PREFIX_PATH=/home/edwinooi/Desktop/foxy_ws/install/nav2_core:/home/edwinooi/Desktop/foxy_ws/install/nav2_costmap_2d:/home/edwinooi/Desktop/foxy_ws/install/nav_2d_utils:/home/edwinooi/Desktop/foxy_ws/install/nav2_util:/home/edwinooi/Desktop/foxy_ws/install/nav2_voxel_grid:/home/edwinooi/Desktop/foxy_ws/install/nav2_msgs:/home/edwinooi/Desktop/foxy_ws/install/nav_2d_msgs:/home/edwinooi/Desktop/foxy_ws/install/nav2_common:${AMENT_PREFIX_PATH} CMAKE_PREFIX_PATH=/home/edwinooi/Desktop/foxy_ws/install/nav2_core:/home/edwinooi/Desktop/foxy_ws/install/nav2_costmap_2d:/home/edwinooi/Desktop/foxy_ws/install/nav_2d_utils:/home/edwinooi/Desktop/foxy_ws/install/nav2_util:/home/edwinooi/Desktop/foxy_ws/install/nav2_voxel_grid:/home/edwinooi/Desktop/foxy_ws/install/nav2_msgs:/home/edwinooi/Desktop/foxy_ws/install/nav_2d_msgs:/home/edwinooi/Desktop/foxy_ws/install/nav2_common:/home/edwinooi/Desktop/emanual/install/turtlebot3_simulations:/home/edwinooi/Desktop/emanual/install/turtlebot3_gazebo:/home/edwinooi/Desktop/emanual/install/turtlebot3_fake_node:/home/edwinooi/Desktop/emanual/install/ros2_aruco_interfaces:/home/edwinooi/Desktop/emanual/install/ros2_aruco:/opt/ros/humble LD_LIBRARY_PATH=/home/edwinooi/Desktop/foxy_ws/install/nav2_costmap_2d/lib:/home/edwinooi/Desktop/foxy_ws/install/nav_2d_utils/lib:/home/edwinooi/Desktop/foxy_ws/install/nav2_util/lib:/home/edwinooi/Desktop/foxy_ws/install/nav2_voxel_grid/lib:/home/edwinooi/Desktop/foxy_ws/install/nav2_msgs/lib:/home/edwinooi/Desktop/foxy_ws/install/nav_2d_msgs/lib:${LD_LIBRARY_PATH} PYTHONPATH=/home/edwinooi/Desktop/foxy_ws/install/nav2_msgs/local/lib/python3.10/dist-packages:/home/edwinooi/Desktop/foxy_ws/install/nav_2d_msgs/local/lib/python3.10/dist-packages:/home/edwinooi/Desktop/foxy_ws/install/nav2_common/local/lib/python3.10/dist-packages:${PYTHONPATH} /usr/bin/cmake --build /home/edwinooi/Desktop/foxy_ws/build/nav2_controller -- -j4 -l4
[110.308s] [  4%] [32mBuilding CXX object CMakeFiles/controller_server_core.dir/src/controller_server.cpp.o[0m
[184.627s] [  9%] [32m[1mLinking CXX shared library libcontroller_server_core.so[0m
[186.144s] [  9%] Built target controller_server_core
[186.274s] [ 13%] [32mBuilding CXX object gtest/CMakeFiles/gtest_main.dir/src/gtest_main.cc.o[0m
[188.892s] [ 18%] [32m[1mLinking CXX static library libgtest_main.a[0m
[189.025s] [ 18%] Built target gtest_main
[189.109s] [ 22%] [32mBuilding CXX object gtest/CMakeFiles/gtest.dir/src/gtest-all.cc.o[0m
[209.228s] [ 27%] [32m[1mLinking CXX static library libgtest.a[0m
[209.338s] [ 27%] Built target gtest
[209.386s] [ 31%] [32mBuilding CXX object CMakeFiles/controller_server.dir/src/main.cpp.o[0m
[229.432s] [ 36%] [32m[1mLinking CXX executable controller_server[0m
[231.104s] [ 36%] Built target controller_server
[231.431s] [ 40%] [32mBuilding CXX object test/CMakeFiles/test_dynamic_parameters.dir/test_dynamic_parameters.cpp.o[0m
[257.173s] [ 45%] [32m[1mLinking CXX executable test_dynamic_parameters[0m
[258.443s] [ 45%] Built target test_dynamic_parameters
[258.717s] [ 50%] [32mBuilding CXX object CMakeFiles/simple_goal_checker.dir/plugins/simple_goal_checker.cpp.o[0m
[272.575s] [ 54%] [32m[1mLinking CXX shared library libsimple_goal_checker.so[0m
[273.560s] [ 54%] Built target simple_goal_checker
[273.630s] [ 59%] [32mBuilding CXX object CMakeFiles/simple_progress_checker.dir/plugins/simple_progress_checker.cpp.o[0m
[283.553s] [ 63%] [32m[1mLinking CXX shared library libsimple_progress_checker.so[0m
[284.312s] [ 63%] Built target simple_progress_checker
[284.360s] [ 68%] [32mBuilding CXX object CMakeFiles/stopped_goal_checker.dir/plugins/stopped_goal_checker.cpp.o[0m
[296.892s] [ 72%] [32m[1mLinking CXX shared library libstopped_goal_checker.so[0m
[297.689s] [ 72%] Built target stopped_goal_checker
[297.779s] [ 77%] [32mBuilding CXX object CMakeFiles/pose_progress_checker.dir/plugins/pose_progress_checker.cpp.o[0m
[309.982s] [ 81%] [32m[1mLinking CXX shared library libpose_progress_checker.so[0m
[311.100s] [ 81%] Built target pose_progress_checker
[311.243s] [ 86%] [32mBuilding CXX object plugins/test/CMakeFiles/gctest.dir/goal_checker.cpp.o[0m
[329.379s] [ 90%] [32m[1mLinking CXX executable gctest[0m
[331.050s] [ 90%] Built target gctest
[331.210s] [ 95%] [32mBuilding CXX object plugins/test/CMakeFiles/pctest.dir/progress_checker.cpp.o[0m
[344.774s] [100%] [32m[1mLinking CXX executable pctest[0m
[345.624s] [100%] Built target pctest
[345.681s] Invoked command in '/home/edwinooi/Desktop/foxy_ws/build/nav2_controller' returned '0': AMENT_PREFIX_PATH=/home/edwinooi/Desktop/foxy_ws/install/nav2_core:/home/edwinooi/Desktop/foxy_ws/install/nav2_costmap_2d:/home/edwinooi/Desktop/foxy_ws/install/nav_2d_utils:/home/edwinooi/Desktop/foxy_ws/install/nav2_util:/home/edwinooi/Desktop/foxy_ws/install/nav2_voxel_grid:/home/edwinooi/Desktop/foxy_ws/install/nav2_msgs:/home/edwinooi/Desktop/foxy_ws/install/nav_2d_msgs:/home/edwinooi/Desktop/foxy_ws/install/nav2_common:${AMENT_PREFIX_PATH} CMAKE_PREFIX_PATH=/home/edwinooi/Desktop/foxy_ws/install/nav2_core:/home/edwinooi/Desktop/foxy_ws/install/nav2_costmap_2d:/home/edwinooi/Desktop/foxy_ws/install/nav_2d_utils:/home/edwinooi/Desktop/foxy_ws/install/nav2_util:/home/edwinooi/Desktop/foxy_ws/install/nav2_voxel_grid:/home/edwinooi/Desktop/foxy_ws/install/nav2_msgs:/home/edwinooi/Desktop/foxy_ws/install/nav_2d_msgs:/home/edwinooi/Desktop/foxy_ws/install/nav2_common:/home/edwinooi/Desktop/emanual/install/turtlebot3_simulations:/home/edwinooi/Desktop/emanual/install/turtlebot3_gazebo:/home/edwinooi/Desktop/emanual/install/turtlebot3_fake_node:/home/edwinooi/Desktop/emanual/install/ros2_aruco_interfaces:/home/edwinooi/Desktop/emanual/install/ros2_aruco:/opt/ros/humble LD_LIBRARY_PATH=/home/edwinooi/Desktop/foxy_ws/install/nav2_costmap_2d/lib:/home/edwinooi/Desktop/foxy_ws/install/nav_2d_utils/lib:/home/edwinooi/Desktop/foxy_ws/install/nav2_util/lib:/home/edwinooi/Desktop/foxy_ws/install/nav2_voxel_grid/lib:/home/edwinooi/Desktop/foxy_ws/install/nav2_msgs/lib:/home/edwinooi/Desktop/foxy_ws/install/nav_2d_msgs/lib:${LD_LIBRARY_PATH} PYTHONPATH=/home/edwinooi/Desktop/foxy_ws/install/nav2_msgs/local/lib/python3.10/dist-packages:/home/edwinooi/Desktop/foxy_ws/install/nav_2d_msgs/local/lib/python3.10/dist-packages:/home/edwinooi/Desktop/foxy_ws/install/nav2_common/local/lib/python3.10/dist-packages:${PYTHONPATH} /usr/bin/cmake --build /home/edwinooi/Desktop/foxy_ws/build/nav2_controller -- -j4 -l4
[346.134s] Invoking command in '/home/edwinooi/Desktop/foxy_ws/build/nav2_controller': AMENT_PREFIX_PATH=/home/edwinooi/Desktop/foxy_ws/install/nav2_core:/home/edwinooi/Desktop/foxy_ws/install/nav2_costmap_2d:/home/edwinooi/Desktop/foxy_ws/install/nav_2d_utils:/home/edwinooi/Desktop/foxy_ws/install/nav2_util:/home/edwinooi/Desktop/foxy_ws/install/nav2_voxel_grid:/home/edwinooi/Desktop/foxy_ws/install/nav2_msgs:/home/edwinooi/Desktop/foxy_ws/install/nav_2d_msgs:/home/edwinooi/Desktop/foxy_ws/install/nav2_common:${AMENT_PREFIX_PATH} CMAKE_PREFIX_PATH=/home/edwinooi/Desktop/foxy_ws/install/nav2_core:/home/edwinooi/Desktop/foxy_ws/install/nav2_costmap_2d:/home/edwinooi/Desktop/foxy_ws/install/nav_2d_utils:/home/edwinooi/Desktop/foxy_ws/install/nav2_util:/home/edwinooi/Desktop/foxy_ws/install/nav2_voxel_grid:/home/edwinooi/Desktop/foxy_ws/install/nav2_msgs:/home/edwinooi/Desktop/foxy_ws/install/nav_2d_msgs:/home/edwinooi/Desktop/foxy_ws/install/nav2_common:/home/edwinooi/Desktop/emanual/install/turtlebot3_simulations:/home/edwinooi/Desktop/emanual/install/turtlebot3_gazebo:/home/edwinooi/Desktop/emanual/install/turtlebot3_fake_node:/home/edwinooi/Desktop/emanual/install/ros2_aruco_interfaces:/home/edwinooi/Desktop/emanual/install/ros2_aruco:/opt/ros/humble LD_LIBRARY_PATH=/home/edwinooi/Desktop/foxy_ws/install/nav2_costmap_2d/lib:/home/edwinooi/Desktop/foxy_ws/install/nav_2d_utils/lib:/home/edwinooi/Desktop/foxy_ws/install/nav2_util/lib:/home/edwinooi/Desktop/foxy_ws/install/nav2_voxel_grid/lib:/home/edwinooi/Desktop/foxy_ws/install/nav2_msgs/lib:/home/edwinooi/Desktop/foxy_ws/install/nav_2d_msgs/lib:${LD_LIBRARY_PATH} PYTHONPATH=/home/edwinooi/Desktop/foxy_ws/install/nav2_msgs/local/lib/python3.10/dist-packages:/home/edwinooi/Desktop/foxy_ws/install/nav_2d_msgs/local/lib/python3.10/dist-packages:/home/edwinooi/Desktop/foxy_ws/install/nav2_common/local/lib/python3.10/dist-packages:${PYTHONPATH} /usr/bin/cmake --install /home/edwinooi/Desktop/foxy_ws/build/nav2_controller
[346.144s] -- Install configuration: "Release"
[346.146s] -- Installing: /home/edwinooi/Desktop/foxy_ws/install/nav2_controller/lib/libsimple_progress_checker.so
[346.156s] -- Set runtime path of "/home/edwinooi/Desktop/foxy_ws/install/nav2_controller/lib/libsimple_progress_checker.so" to ""
[346.158s] -- Installing: /home/edwinooi/Desktop/foxy_ws/install/nav2_controller/lib/libpose_progress_checker.so
[346.167s] -- Set runtime path of "/home/edwinooi/Desktop/foxy_ws/install/nav2_controller/lib/libpose_progress_checker.so" to ""
[346.169s] -- Installing: /home/edwinooi/Desktop/foxy_ws/install/nav2_controller/lib/libsimple_goal_checker.so
[346.180s] -- Set runtime path of "/home/edwinooi/Desktop/foxy_ws/install/nav2_controller/lib/libsimple_goal_checker.so" to ""
[346.182s] -- Installing: /home/edwinooi/Desktop/foxy_ws/install/nav2_controller/lib/libstopped_goal_checker.so
[346.191s] -- Set runtime path of "/home/edwinooi/Desktop/foxy_ws/install/nav2_controller/lib/libstopped_goal_checker.so" to ""
[346.193s] -- Installing: /home/edwinooi/Desktop/foxy_ws/install/nav2_controller/lib/libcontroller_server_core.so
[346.218s] -- Set runtime path of "/home/edwinooi/Desktop/foxy_ws/install/nav2_controller/lib/libcontroller_server_core.so" to ""
[346.220s] -- Installing: /home/edwinooi/Desktop/foxy_ws/install/nav2_controller/lib/nav2_controller/controller_server
[346.229s] -- Set runtime path of "/home/edwinooi/Desktop/foxy_ws/install/nav2_controller/lib/nav2_controller/controller_server" to ""
[346.231s] -- Installing: /home/edwinooi/Desktop/foxy_ws/install/nav2_controller/include/
[346.233s] -- Installing: /home/edwinooi/Desktop/foxy_ws/install/nav2_controller/include//nav2_controller
[346.235s] -- Installing: /home/edwinooi/Desktop/foxy_ws/install/nav2_controller/include//nav2_controller/controller_server.hpp
[346.241s] -- Installing: /home/edwinooi/Desktop/foxy_ws/install/nav2_controller/include//nav2_controller/plugins
[346.244s] -- Installing: /home/edwinooi/Desktop/foxy_ws/install/nav2_controller/include//nav2_controller/plugins/simple_progress_checker.hpp
[346.248s] -- Installing: /home/edwinooi/Desktop/foxy_ws/install/nav2_controller/include//nav2_controller/plugins/simple_goal_checker.hpp
[346.256s] -- Installing: /home/edwinooi/Desktop/foxy_ws/install/nav2_controller/include//nav2_controller/plugins/stopped_goal_checker.hpp
[346.261s] -- Installing: /home/edwinooi/Desktop/foxy_ws/install/nav2_controller/include//nav2_controller/plugins/pose_progress_checker.hpp
[346.266s] -- Installing: /home/edwinooi/Desktop/foxy_ws/install/nav2_controller/share/nav2_controller/environment/library_path.sh
[346.267s] -- Installing: /home/edwinooi/Desktop/foxy_ws/install/nav2_controller/share/nav2_controller/environment/library_path.dsv
[346.273s] -- Installing: /home/edwinooi/Desktop/foxy_ws/install/nav2_controller/share/nav2_controller/plugins.xml
[346.278s] -- Installing: /home/edwinooi/Desktop/foxy_ws/install/nav2_controller/share/ament_index/resource_index/package_run_dependencies/nav2_controller
[346.286s] -- Installing: /home/edwinooi/Desktop/foxy_ws/install/nav2_controller/share/ament_index/resource_index/parent_prefix_path/nav2_controller
[346.302s] -- Installing: /home/edwinooi/Desktop/foxy_ws/install/nav2_controller/share/nav2_controller/environment/ament_prefix_path.sh
[346.304s] -- Installing: /home/edwinooi/Desktop/foxy_ws/install/nav2_controller/share/nav2_controller/environment/ament_prefix_path.dsv
[346.307s] -- Installing: /home/edwinooi/Desktop/foxy_ws/install/nav2_controller/share/nav2_controller/environment/path.sh
[346.310s] -- Installing: /home/edwinooi/Desktop/foxy_ws/install/nav2_controller/share/nav2_controller/environment/path.dsv
[346.312s] -- Installing: /home/edwinooi/Desktop/foxy_ws/install/nav2_controller/share/nav2_controller/local_setup.bash
[346.314s] -- Installing: /home/edwinooi/Desktop/foxy_ws/install/nav2_controller/share/nav2_controller/local_setup.sh
[346.316s] -- Installing: /home/edwinooi/Desktop/foxy_ws/install/nav2_controller/share/nav2_controller/local_setup.zsh
[346.318s] -- Installing: /home/edwinooi/Desktop/foxy_ws/install/nav2_controller/share/nav2_controller/local_setup.dsv
[346.323s] -- Installing: /home/edwinooi/Desktop/foxy_ws/install/nav2_controller/share/nav2_controller/package.dsv
[346.342s] -- Installing: /home/edwinooi/Desktop/foxy_ws/install/nav2_controller/share/ament_index/resource_index/packages/nav2_controller
[346.344s] -- Installing: /home/edwinooi/Desktop/foxy_ws/install/nav2_controller/share/ament_index/resource_index/nav2_core__pluginlib__plugin/nav2_controller
[346.345s] -- Installing: /home/edwinooi/Desktop/foxy_ws/install/nav2_controller/share/ament_index/resource_index/rclcpp_components/nav2_controller
[346.346s] -- Installing: /home/edwinooi/Desktop/foxy_ws/install/nav2_controller/share/nav2_controller/cmake/ament_cmake_export_include_directories-extras.cmake
[346.348s] -- Installing: /home/edwinooi/Desktop/foxy_ws/install/nav2_controller/share/nav2_controller/cmake/ament_cmake_export_libraries-extras.cmake
[346.349s] -- Installing: /home/edwinooi/Desktop/foxy_ws/install/nav2_controller/share/nav2_controller/cmake/ament_cmake_export_dependencies-extras.cmake
[346.350s] -- Installing: /home/edwinooi/Desktop/foxy_ws/install/nav2_controller/share/nav2_controller/cmake/nav2_controllerConfig.cmake
[346.352s] -- Installing: /home/edwinooi/Desktop/foxy_ws/install/nav2_controller/share/nav2_controller/cmake/nav2_controllerConfig-version.cmake
[346.353s] -- Installing: /home/edwinooi/Desktop/foxy_ws/install/nav2_controller/share/nav2_controller/package.xml
[346.354s] Invoked command in '/home/edwinooi/Desktop/foxy_ws/build/nav2_controller' returned '0': AMENT_PREFIX_PATH=/home/edwinooi/Desktop/foxy_ws/install/nav2_core:/home/edwinooi/Desktop/foxy_ws/install/nav2_costmap_2d:/home/edwinooi/Desktop/foxy_ws/install/nav_2d_utils:/home/edwinooi/Desktop/foxy_ws/install/nav2_util:/home/edwinooi/Desktop/foxy_ws/install/nav2_voxel_grid:/home/edwinooi/Desktop/foxy_ws/install/nav2_msgs:/home/edwinooi/Desktop/foxy_ws/install/nav_2d_msgs:/home/edwinooi/Desktop/foxy_ws/install/nav2_common:${AMENT_PREFIX_PATH} CMAKE_PREFIX_PATH=/home/edwinooi/Desktop/foxy_ws/install/nav2_core:/home/edwinooi/Desktop/foxy_ws/install/nav2_costmap_2d:/home/edwinooi/Desktop/foxy_ws/install/nav_2d_utils:/home/edwinooi/Desktop/foxy_ws/install/nav2_util:/home/edwinooi/Desktop/foxy_ws/install/nav2_voxel_grid:/home/edwinooi/Desktop/foxy_ws/install/nav2_msgs:/home/edwinooi/Desktop/foxy_ws/install/nav_2d_msgs:/home/edwinooi/Desktop/foxy_ws/install/nav2_common:/home/edwinooi/Desktop/emanual/install/turtlebot3_simulations:/home/edwinooi/Desktop/emanual/install/turtlebot3_gazebo:/home/edwinooi/Desktop/emanual/install/turtlebot3_fake_node:/home/edwinooi/Desktop/emanual/install/ros2_aruco_interfaces:/home/edwinooi/Desktop/emanual/install/ros2_aruco:/opt/ros/humble LD_LIBRARY_PATH=/home/edwinooi/Desktop/foxy_ws/install/nav2_costmap_2d/lib:/home/edwinooi/Desktop/foxy_ws/install/nav_2d_utils/lib:/home/edwinooi/Desktop/foxy_ws/install/nav2_util/lib:/home/edwinooi/Desktop/foxy_ws/install/nav2_voxel_grid/lib:/home/edwinooi/Desktop/foxy_ws/install/nav2_msgs/lib:/home/edwinooi/Desktop/foxy_ws/install/nav_2d_msgs/lib:${LD_LIBRARY_PATH} PYTHONPATH=/home/edwinooi/Desktop/foxy_ws/install/nav2_msgs/local/lib/python3.10/dist-packages:/home/edwinooi/Desktop/foxy_ws/install/nav_2d_msgs/local/lib/python3.10/dist-packages:/home/edwinooi/Desktop/foxy_ws/install/nav2_common/local/lib/python3.10/dist-packages:${PYTHONPATH} /usr/bin/cmake --install /home/edwinooi/Desktop/foxy_ws/build/nav2_controller
