[0.394s] Invoking command in '/home/edwinooi/Desktop/foxy_ws/build/ros2_aruco_interfaces': CMAKE_PREFIX_PATH=${CMAKE_PREFIX_PATH}:/home/edwinooi/Desktop/emanual/install/ros2_aruco:/opt/ros/humble /usr/bin/cmake --build /home/edwinooi/Desktop/foxy_ws/build/ros2_aruco_interfaces -- -j4 -l4
[0.743s] [  2%] Built target ros2_aruco_interfaces__cpp
[0.959s] [  2%] Built target ament_cmake_python_copy_ros2_aruco_interfaces
[1.099s] [ 12%] Built target ros2_aruco_interfaces__rosidl_typesupport_fastrtps_cpp
[1.187s] [ 23%] Built target ros2_aruco_interfaces__rosidl_typesupport_introspection_cpp
[2.820s] running egg_info
[2.844s] writing ros2_aruco_interfaces.egg-info/PKG-INFO
[2.844s] writing dependency_links to ros2_aruco_interfaces.egg-info/dependency_links.txt
[2.845s] writing top-level names to ros2_aruco_interfaces.egg-info/top_level.txt
[2.850s] reading manifest file 'ros2_aruco_interfaces.egg-info/SOURCES.txt'
[2.870s] writing manifest file 'ros2_aruco_interfaces.egg-info/SOURCES.txt'
[2.951s] [ 23%] Built target ament_cmake_python_build_ros2_aruco_interfaces_egg
[3.118s] [ 33%] Built target ros2_aruco_interfaces__rosidl_typesupport_cpp
[3.315s] [ 43%] Built target ros2_aruco_interfaces__rosidl_generator_c
[3.477s] [ 53%] Built target ros2_aruco_interfaces__rosidl_typesupport_fastrtps_c
[3.623s] [ 64%] Built target ros2_aruco_interfaces__rosidl_typesupport_c
[3.810s] [ 74%] Built target ros2_aruco_interfaces__rosidl_typesupport_introspection_c
[4.019s] [ 74%] Built target ros2_aruco_interfaces
[4.208s] [ 76%] Built target ros2_aruco_interfaces__py
[4.431s] [ 84%] Built target ros2_aruco_interfaces__rosidl_generator_py
[4.668s] [ 89%] Built target ros2_aruco_interfaces__rosidl_typesupport_fastrtps_c__pyext
[4.928s] [ 94%] Built target ros2_aruco_interfaces__rosidl_typesupport_c__pyext
[5.142s] [100%] Built target ros2_aruco_interfaces__rosidl_typesupport_introspection_c__pyext
[5.275s] Invoked command in '/home/edwinooi/Desktop/foxy_ws/build/ros2_aruco_interfaces' returned '0': CMAKE_PREFIX_PATH=${CMAKE_PREFIX_PATH}:/home/edwinooi/Desktop/emanual/install/ros2_aruco:/opt/ros/humble /usr/bin/cmake --build /home/edwinooi/Desktop/foxy_ws/build/ros2_aruco_interfaces -- -j4 -l4
[6.592s] Invoking command in '/home/edwinooi/Desktop/foxy_ws/build/ros2_aruco_interfaces': CMAKE_PREFIX_PATH=${CMAKE_PREFIX_PATH}:/home/edwinooi/Desktop/emanual/install/ros2_aruco:/opt/ros/humble /usr/bin/cmake --install /home/edwinooi/Desktop/foxy_ws/build/ros2_aruco_interfaces
[6.655s] -- Install configuration: ""
[6.659s] -- Up-to-date: /home/edwinooi/Desktop/foxy_ws/install/ros2_aruco_interfaces/share/ament_index/resource_index/rosidl_interfaces/ros2_aruco_interfaces
[6.664s] -- Up-to-date: /home/edwinooi/Desktop/foxy_ws/install/ros2_aruco_interfaces/include/ros2_aruco_interfaces/ros2_aruco_interfaces
[6.667s] -- Up-to-date: /home/edwinooi/Desktop/foxy_ws/install/ros2_aruco_interfaces/include/ros2_aruco_interfaces/ros2_aruco_interfaces/msg
[6.677s] -- Up-to-date: /home/edwinooi/Desktop/foxy_ws/install/ros2_aruco_interfaces/include/ros2_aruco_interfaces/ros2_aruco_interfaces/msg/rosidl_generator_c__visibility_control.h
[6.677s] -- Up-to-date: /home/edwinooi/Desktop/foxy_ws/install/ros2_aruco_interfaces/include/ros2_aruco_interfaces/ros2_aruco_interfaces/msg/aruco_markers_with_rot_matrix.h
[6.677s] -- Up-to-date: /home/edwinooi/Desktop/foxy_ws/install/ros2_aruco_interfaces/include/ros2_aruco_interfaces/ros2_aruco_interfaces/msg/detail
[6.677s] -- Up-to-date: /home/edwinooi/Desktop/foxy_ws/install/ros2_aruco_interfaces/include/ros2_aruco_interfaces/ros2_aruco_interfaces/msg/detail/aruco_markers_with_rot_matrix__struct.h
[6.677s] -- Up-to-date: /home/edwinooi/Desktop/foxy_ws/install/ros2_aruco_interfaces/include/ros2_aruco_interfaces/ros2_aruco_interfaces/msg/detail/aruco_markers__type_support.h
[6.678s] -- Up-to-date: /home/edwinooi/Desktop/foxy_ws/install/ros2_aruco_interfaces/include/ros2_aruco_interfaces/ros2_aruco_interfaces/msg/detail/aruco_markers_with_rot_matrix__functions.h
[6.678s] -- Up-to-date: /home/edwinooi/Desktop/foxy_ws/install/ros2_aruco_interfaces/include/ros2_aruco_interfaces/ros2_aruco_interfaces/msg/detail/aruco_markers_with_rot_matrix__type_support.h
[6.678s] -- Up-to-date: /home/edwinooi/Desktop/foxy_ws/install/ros2_aruco_interfaces/include/ros2_aruco_interfaces/ros2_aruco_interfaces/msg/detail/aruco_markers__struct.h
[6.678s] -- Up-to-date: /home/edwinooi/Desktop/foxy_ws/install/ros2_aruco_interfaces/include/ros2_aruco_interfaces/ros2_aruco_interfaces/msg/detail/aruco_markers__functions.c
[6.679s] -- Up-to-date: /home/edwinooi/Desktop/foxy_ws/install/ros2_aruco_interfaces/include/ros2_aruco_interfaces/ros2_aruco_interfaces/msg/detail/aruco_markers_with_rot_matrix__functions.c
[6.679s] -- Up-to-date: /home/edwinooi/Desktop/foxy_ws/install/ros2_aruco_interfaces/include/ros2_aruco_interfaces/ros2_aruco_interfaces/msg/detail/aruco_markers__functions.h
[6.679s] -- Up-to-date: /home/edwinooi/Desktop/foxy_ws/install/ros2_aruco_interfaces/include/ros2_aruco_interfaces/ros2_aruco_interfaces/msg/aruco_markers.h
[6.679s] -- Up-to-date: /home/edwinooi/Desktop/foxy_ws/install/ros2_aruco_interfaces/share/ros2_aruco_interfaces/environment/library_path.sh
[6.684s] -- Up-to-date: /home/edwinooi/Desktop/foxy_ws/install/ros2_aruco_interfaces/share/ros2_aruco_interfaces/environment/library_path.dsv
[6.685s] -- Up-to-date: /home/edwinooi/Desktop/foxy_ws/install/ros2_aruco_interfaces/lib/libros2_aruco_interfaces__rosidl_generator_c.so
[6.685s] -- Up-to-date: /home/edwinooi/Desktop/foxy_ws/install/ros2_aruco_interfaces/include/ros2_aruco_interfaces/ros2_aruco_interfaces
[6.685s] -- Up-to-date: /home/edwinooi/Desktop/foxy_ws/install/ros2_aruco_interfaces/include/ros2_aruco_interfaces/ros2_aruco_interfaces/msg
[6.685s] -- Up-to-date: /home/edwinooi/Desktop/foxy_ws/install/ros2_aruco_interfaces/include/ros2_aruco_interfaces/ros2_aruco_interfaces/msg/rosidl_typesupport_fastrtps_c__visibility_control.h
[6.686s] -- Up-to-date: /home/edwinooi/Desktop/foxy_ws/install/ros2_aruco_interfaces/include/ros2_aruco_interfaces/ros2_aruco_interfaces/msg/detail
[6.686s] -- Up-to-date: /home/edwinooi/Desktop/foxy_ws/install/ros2_aruco_interfaces/include/ros2_aruco_interfaces/ros2_aruco_interfaces/msg/detail/aruco_markers__rosidl_typesupport_fastrtps_c.h
[6.686s] -- Up-to-date: /home/edwinooi/Desktop/foxy_ws/install/ros2_aruco_interfaces/include/ros2_aruco_interfaces/ros2_aruco_interfaces/msg/detail/aruco_markers_with_rot_matrix__rosidl_typesupport_fastrtps_c.h
[6.686s] -- Up-to-date: /home/edwinooi/Desktop/foxy_ws/install/ros2_aruco_interfaces/lib/libros2_aruco_interfaces__rosidl_typesupport_fastrtps_c.so
[6.686s] -- Up-to-date: /home/edwinooi/Desktop/foxy_ws/install/ros2_aruco_interfaces/include/ros2_aruco_interfaces/ros2_aruco_interfaces
[6.687s] -- Up-to-date: /home/edwinooi/Desktop/foxy_ws/install/ros2_aruco_interfaces/include/ros2_aruco_interfaces/ros2_aruco_interfaces/msg
[6.687s] -- Up-to-date: /home/edwinooi/Desktop/foxy_ws/install/ros2_aruco_interfaces/include/ros2_aruco_interfaces/ros2_aruco_interfaces/msg/detail
[6.687s] -- Up-to-date: /home/edwinooi/Desktop/foxy_ws/install/ros2_aruco_interfaces/include/ros2_aruco_interfaces/ros2_aruco_interfaces/msg/detail/aruco_markers__builder.hpp
[6.698s] -- Up-to-date: /home/edwinooi/Desktop/foxy_ws/install/ros2_aruco_interfaces/include/ros2_aruco_interfaces/ros2_aruco_interfaces/msg/detail/aruco_markers_with_rot_matrix__struct.hpp
[6.698s] -- Up-to-date: /home/edwinooi/Desktop/foxy_ws/install/ros2_aruco_interfaces/include/ros2_aruco_interfaces/ros2_aruco_interfaces/msg/detail/aruco_markers_with_rot_matrix__builder.hpp
[6.698s] -- Up-to-date: /home/edwinooi/Desktop/foxy_ws/install/ros2_aruco_interfaces/include/ros2_aruco_interfaces/ros2_aruco_interfaces/msg/detail/aruco_markers__traits.hpp
[6.698s] -- Up-to-date: /home/edwinooi/Desktop/foxy_ws/install/ros2_aruco_interfaces/include/ros2_aruco_interfaces/ros2_aruco_interfaces/msg/detail/aruco_markers__struct.hpp
[6.699s] -- Up-to-date: /home/edwinooi/Desktop/foxy_ws/install/ros2_aruco_interfaces/include/ros2_aruco_interfaces/ros2_aruco_interfaces/msg/detail/aruco_markers_with_rot_matrix__traits.hpp
[6.699s] -- Up-to-date: /home/edwinooi/Desktop/foxy_ws/install/ros2_aruco_interfaces/include/ros2_aruco_interfaces/ros2_aruco_interfaces/msg/aruco_markers.hpp
[6.699s] -- Up-to-date: /home/edwinooi/Desktop/foxy_ws/install/ros2_aruco_interfaces/include/ros2_aruco_interfaces/ros2_aruco_interfaces/msg/aruco_markers_with_rot_matrix.hpp
[6.699s] -- Up-to-date: /home/edwinooi/Desktop/foxy_ws/install/ros2_aruco_interfaces/include/ros2_aruco_interfaces/ros2_aruco_interfaces
[6.699s] -- Up-to-date: /home/edwinooi/Desktop/foxy_ws/install/ros2_aruco_interfaces/include/ros2_aruco_interfaces/ros2_aruco_interfaces/msg
[6.699s] -- Up-to-date: /home/edwinooi/Desktop/foxy_ws/install/ros2_aruco_interfaces/include/ros2_aruco_interfaces/ros2_aruco_interfaces/msg/rosidl_typesupport_fastrtps_cpp__visibility_control.h
[6.700s] -- Up-to-date: /home/edwinooi/Desktop/foxy_ws/install/ros2_aruco_interfaces/include/ros2_aruco_interfaces/ros2_aruco_interfaces/msg/detail
[6.700s] -- Up-to-date: /home/edwinooi/Desktop/foxy_ws/install/ros2_aruco_interfaces/include/ros2_aruco_interfaces/ros2_aruco_interfaces/msg/detail/aruco_markers__rosidl_typesupport_fastrtps_cpp.hpp
[6.700s] -- Up-to-date: /home/edwinooi/Desktop/foxy_ws/install/ros2_aruco_interfaces/include/ros2_aruco_interfaces/ros2_aruco_interfaces/msg/detail/dds_fastrtps
[6.700s] -- Up-to-date: /home/edwinooi/Desktop/foxy_ws/install/ros2_aruco_interfaces/include/ros2_aruco_interfaces/ros2_aruco_interfaces/msg/detail/aruco_markers_with_rot_matrix__rosidl_typesupport_fastrtps_cpp.hpp
[6.700s] -- Up-to-date: /home/edwinooi/Desktop/foxy_ws/install/ros2_aruco_interfaces/lib/libros2_aruco_interfaces__rosidl_typesupport_fastrtps_cpp.so
[6.701s] -- Up-to-date: /home/edwinooi/Desktop/foxy_ws/install/ros2_aruco_interfaces/include/ros2_aruco_interfaces/ros2_aruco_interfaces
[6.701s] -- Up-to-date: /home/edwinooi/Desktop/foxy_ws/install/ros2_aruco_interfaces/include/ros2_aruco_interfaces/ros2_aruco_interfaces/msg
[6.701s] -- Up-to-date: /home/edwinooi/Desktop/foxy_ws/install/ros2_aruco_interfaces/include/ros2_aruco_interfaces/ros2_aruco_interfaces/msg/rosidl_typesupport_introspection_c__visibility_control.h
[6.701s] -- Up-to-date: /home/edwinooi/Desktop/foxy_ws/install/ros2_aruco_interfaces/include/ros2_aruco_interfaces/ros2_aruco_interfaces/msg/detail
[6.701s] -- Up-to-date: /home/edwinooi/Desktop/foxy_ws/install/ros2_aruco_interfaces/include/ros2_aruco_interfaces/ros2_aruco_interfaces/msg/detail/aruco_markers_with_rot_matrix__rosidl_typesupport_introspection_c.h
[6.701s] -- Up-to-date: /home/edwinooi/Desktop/foxy_ws/install/ros2_aruco_interfaces/include/ros2_aruco_interfaces/ros2_aruco_interfaces/msg/detail/aruco_markers__type_support.c
[6.702s] -- Up-to-date: /home/edwinooi/Desktop/foxy_ws/install/ros2_aruco_interfaces/include/ros2_aruco_interfaces/ros2_aruco_interfaces/msg/detail/aruco_markers__rosidl_typesupport_introspection_c.h
[6.702s] -- Up-to-date: /home/edwinooi/Desktop/foxy_ws/install/ros2_aruco_interfaces/include/ros2_aruco_interfaces/ros2_aruco_interfaces/msg/detail/aruco_markers_with_rot_matrix__type_support.c
[6.719s] -- Up-to-date: /home/edwinooi/Desktop/foxy_ws/install/ros2_aruco_interfaces/lib/libros2_aruco_interfaces__rosidl_typesupport_introspection_c.so
[6.719s] -- Up-to-date: /home/edwinooi/Desktop/foxy_ws/install/ros2_aruco_interfaces/lib/libros2_aruco_interfaces__rosidl_typesupport_c.so
[6.720s] -- Up-to-date: /home/edwinooi/Desktop/foxy_ws/install/ros2_aruco_interfaces/include/ros2_aruco_interfaces/ros2_aruco_interfaces
[6.720s] -- Up-to-date: /home/edwinooi/Desktop/foxy_ws/install/ros2_aruco_interfaces/include/ros2_aruco_interfaces/ros2_aruco_interfaces/msg
[6.720s] -- Up-to-date: /home/edwinooi/Desktop/foxy_ws/install/ros2_aruco_interfaces/include/ros2_aruco_interfaces/ros2_aruco_interfaces/msg/detail
[6.720s] -- Up-to-date: /home/edwinooi/Desktop/foxy_ws/install/ros2_aruco_interfaces/include/ros2_aruco_interfaces/ros2_aruco_interfaces/msg/detail/aruco_markers_with_rot_matrix__rosidl_typesupport_introspection_cpp.hpp
[6.720s] -- Up-to-date: /home/edwinooi/Desktop/foxy_ws/install/ros2_aruco_interfaces/include/ros2_aruco_interfaces/ros2_aruco_interfaces/msg/detail/aruco_markers__type_support.cpp
[6.720s] -- Up-to-date: /home/edwinooi/Desktop/foxy_ws/install/ros2_aruco_interfaces/include/ros2_aruco_interfaces/ros2_aruco_interfaces/msg/detail/aruco_markers__rosidl_typesupport_introspection_cpp.hpp
[6.721s] -- Up-to-date: /home/edwinooi/Desktop/foxy_ws/install/ros2_aruco_interfaces/include/ros2_aruco_interfaces/ros2_aruco_interfaces/msg/detail/aruco_markers_with_rot_matrix__type_support.cpp
[6.728s] -- Up-to-date: /home/edwinooi/Desktop/foxy_ws/install/ros2_aruco_interfaces/lib/libros2_aruco_interfaces__rosidl_typesupport_introspection_cpp.so
[6.737s] -- Up-to-date: /home/edwinooi/Desktop/foxy_ws/install/ros2_aruco_interfaces/lib/libros2_aruco_interfaces__rosidl_typesupport_cpp.so
[6.737s] -- Up-to-date: /home/edwinooi/Desktop/foxy_ws/install/ros2_aruco_interfaces/share/ros2_aruco_interfaces/environment/pythonpath.sh
[6.737s] -- Up-to-date: /home/edwinooi/Desktop/foxy_ws/install/ros2_aruco_interfaces/share/ros2_aruco_interfaces/environment/pythonpath.dsv
[6.737s] -- Up-to-date: /home/edwinooi/Desktop/foxy_ws/install/ros2_aruco_interfaces/local/lib/python3.10/dist-packages/ros2_aruco_interfaces-0.1.0-py3.10.egg-info
[6.737s] -- Installing: /home/edwinooi/Desktop/foxy_ws/install/ros2_aruco_interfaces/local/lib/python3.10/dist-packages/ros2_aruco_interfaces-0.1.0-py3.10.egg-info/SOURCES.txt
[6.738s] -- Installing: /home/edwinooi/Desktop/foxy_ws/install/ros2_aruco_interfaces/local/lib/python3.10/dist-packages/ros2_aruco_interfaces-0.1.0-py3.10.egg-info/PKG-INFO
[6.739s] -- Installing: /home/edwinooi/Desktop/foxy_ws/install/ros2_aruco_interfaces/local/lib/python3.10/dist-packages/ros2_aruco_interfaces-0.1.0-py3.10.egg-info/top_level.txt
[6.744s] -- Installing: /home/edwinooi/Desktop/foxy_ws/install/ros2_aruco_interfaces/local/lib/python3.10/dist-packages/ros2_aruco_interfaces-0.1.0-py3.10.egg-info/dependency_links.txt
[6.746s] -- Up-to-date: /home/edwinooi/Desktop/foxy_ws/install/ros2_aruco_interfaces/local/lib/python3.10/dist-packages/ros2_aruco_interfaces
[6.747s] -- Up-to-date: /home/edwinooi/Desktop/foxy_ws/install/ros2_aruco_interfaces/local/lib/python3.10/dist-packages/ros2_aruco_interfaces/libros2_aruco_interfaces__rosidl_generator_py.so
[6.747s] -- Up-to-date: /home/edwinooi/Desktop/foxy_ws/install/ros2_aruco_interfaces/local/lib/python3.10/dist-packages/ros2_aruco_interfaces/_ros2_aruco_interfaces_s.ep.rosidl_typesupport_fastrtps_c.c
[6.747s] -- Up-to-date: /home/edwinooi/Desktop/foxy_ws/install/ros2_aruco_interfaces/local/lib/python3.10/dist-packages/ros2_aruco_interfaces/_ros2_aruco_interfaces_s.ep.rosidl_typesupport_c.c
[6.748s] -- Up-to-date: /home/edwinooi/Desktop/foxy_ws/install/ros2_aruco_interfaces/local/lib/python3.10/dist-packages/ros2_aruco_interfaces/ros2_aruco_interfaces_s__rosidl_typesupport_introspection_c.cpython-310-x86_64-linux-gnu.so
[6.748s] -- Up-to-date: /home/edwinooi/Desktop/foxy_ws/install/ros2_aruco_interfaces/local/lib/python3.10/dist-packages/ros2_aruco_interfaces/__init__.py
[6.749s] -- Up-to-date: /home/edwinooi/Desktop/foxy_ws/install/ros2_aruco_interfaces/local/lib/python3.10/dist-packages/ros2_aruco_interfaces/msg
[6.749s] -- Up-to-date: /home/edwinooi/Desktop/foxy_ws/install/ros2_aruco_interfaces/local/lib/python3.10/dist-packages/ros2_aruco_interfaces/msg/_aruco_markers_with_rot_matrix_s.c
[6.749s] -- Up-to-date: /home/edwinooi/Desktop/foxy_ws/install/ros2_aruco_interfaces/local/lib/python3.10/dist-packages/ros2_aruco_interfaces/msg/_aruco_markers_s.c
[6.749s] -- Up-to-date: /home/edwinooi/Desktop/foxy_ws/install/ros2_aruco_interfaces/local/lib/python3.10/dist-packages/ros2_aruco_interfaces/msg/__init__.py
[6.749s] -- Up-to-date: /home/edwinooi/Desktop/foxy_ws/install/ros2_aruco_interfaces/local/lib/python3.10/dist-packages/ros2_aruco_interfaces/msg/_aruco_markers_with_rot_matrix.py
[6.749s] -- Up-to-date: /home/edwinooi/Desktop/foxy_ws/install/ros2_aruco_interfaces/local/lib/python3.10/dist-packages/ros2_aruco_interfaces/msg/_aruco_markers.py
[6.751s] -- Up-to-date: /home/edwinooi/Desktop/foxy_ws/install/ros2_aruco_interfaces/local/lib/python3.10/dist-packages/ros2_aruco_interfaces/ros2_aruco_interfaces_s__rosidl_typesupport_c.cpython-310-x86_64-linux-gnu.so
[6.755s] -- Up-to-date: /home/edwinooi/Desktop/foxy_ws/install/ros2_aruco_interfaces/local/lib/python3.10/dist-packages/ros2_aruco_interfaces/_ros2_aruco_interfaces_s.ep.rosidl_typesupport_introspection_c.c
[6.763s] -- Up-to-date: /home/edwinooi/Desktop/foxy_ws/install/ros2_aruco_interfaces/local/lib/python3.10/dist-packages/ros2_aruco_interfaces/ros2_aruco_interfaces_s__rosidl_typesupport_fastrtps_c.cpython-310-x86_64-linux-gnu.so
[6.998s] Listing '/home/edwinooi/Desktop/foxy_ws/install/ros2_aruco_interfaces/local/lib/python3.10/dist-packages/ros2_aruco_interfaces'...
[6.998s] Listing '/home/edwinooi/Desktop/foxy_ws/install/ros2_aruco_interfaces/local/lib/python3.10/dist-packages/ros2_aruco_interfaces/msg'...
[7.015s] -- Up-to-date: /home/edwinooi/Desktop/foxy_ws/install/ros2_aruco_interfaces/local/lib/python3.10/dist-packages/ros2_aruco_interfaces/ros2_aruco_interfaces_s__rosidl_typesupport_fastrtps_c.cpython-310-x86_64-linux-gnu.so
[7.015s] -- Up-to-date: /home/edwinooi/Desktop/foxy_ws/install/ros2_aruco_interfaces/local/lib/python3.10/dist-packages/ros2_aruco_interfaces/ros2_aruco_interfaces_s__rosidl_typesupport_introspection_c.cpython-310-x86_64-linux-gnu.so
[7.016s] -- Up-to-date: /home/edwinooi/Desktop/foxy_ws/install/ros2_aruco_interfaces/local/lib/python3.10/dist-packages/ros2_aruco_interfaces/ros2_aruco_interfaces_s__rosidl_typesupport_c.cpython-310-x86_64-linux-gnu.so
[7.016s] -- Up-to-date: /home/edwinooi/Desktop/foxy_ws/install/ros2_aruco_interfaces/lib/libros2_aruco_interfaces__rosidl_generator_py.so
[7.016s] -- Up-to-date: /home/edwinooi/Desktop/foxy_ws/install/ros2_aruco_interfaces/share/ros2_aruco_interfaces/msg/ArucoMarkers.idl
[7.022s] -- Up-to-date: /home/edwinooi/Desktop/foxy_ws/install/ros2_aruco_interfaces/share/ros2_aruco_interfaces/msg/ArucoMarkersWithRotMatrix.idl
[7.022s] -- Up-to-date: /home/edwinooi/Desktop/foxy_ws/install/ros2_aruco_interfaces/share/ros2_aruco_interfaces/msg/ArucoMarkers.msg
[7.022s] -- Up-to-date: /home/edwinooi/Desktop/foxy_ws/install/ros2_aruco_interfaces/share/ros2_aruco_interfaces/msg/ArucoMarkersWithRotMatrix.msg
[7.027s] -- Up-to-date: /home/edwinooi/Desktop/foxy_ws/install/ros2_aruco_interfaces/share/ament_index/resource_index/package_run_dependencies/ros2_aruco_interfaces
[7.027s] -- Up-to-date: /home/edwinooi/Desktop/foxy_ws/install/ros2_aruco_interfaces/share/ament_index/resource_index/parent_prefix_path/ros2_aruco_interfaces
[7.028s] -- Up-to-date: /home/edwinooi/Desktop/foxy_ws/install/ros2_aruco_interfaces/share/ros2_aruco_interfaces/environment/ament_prefix_path.sh
[7.028s] -- Up-to-date: /home/edwinooi/Desktop/foxy_ws/install/ros2_aruco_interfaces/share/ros2_aruco_interfaces/environment/ament_prefix_path.dsv
[7.028s] -- Up-to-date: /home/edwinooi/Desktop/foxy_ws/install/ros2_aruco_interfaces/share/ros2_aruco_interfaces/environment/path.sh
[7.028s] -- Up-to-date: /home/edwinooi/Desktop/foxy_ws/install/ros2_aruco_interfaces/share/ros2_aruco_interfaces/environment/path.dsv
[7.029s] -- Up-to-date: /home/edwinooi/Desktop/foxy_ws/install/ros2_aruco_interfaces/share/ros2_aruco_interfaces/local_setup.bash
[7.029s] -- Up-to-date: /home/edwinooi/Desktop/foxy_ws/install/ros2_aruco_interfaces/share/ros2_aruco_interfaces/local_setup.sh
[7.029s] -- Up-to-date: /home/edwinooi/Desktop/foxy_ws/install/ros2_aruco_interfaces/share/ros2_aruco_interfaces/local_setup.zsh
[7.029s] -- Up-to-date: /home/edwinooi/Desktop/foxy_ws/install/ros2_aruco_interfaces/share/ros2_aruco_interfaces/local_setup.dsv
[7.029s] -- Installing: /home/edwinooi/Desktop/foxy_ws/install/ros2_aruco_interfaces/share/ros2_aruco_interfaces/package.dsv
[7.030s] -- Up-to-date: /home/edwinooi/Desktop/foxy_ws/install/ros2_aruco_interfaces/share/ament_index/resource_index/packages/ros2_aruco_interfaces
[7.030s] -- Up-to-date: /home/edwinooi/Desktop/foxy_ws/install/ros2_aruco_interfaces/share/ros2_aruco_interfaces/cmake/export_ros2_aruco_interfaces__rosidl_generator_cExport.cmake
[7.030s] -- Up-to-date: /home/edwinooi/Desktop/foxy_ws/install/ros2_aruco_interfaces/share/ros2_aruco_interfaces/cmake/export_ros2_aruco_interfaces__rosidl_generator_cExport-noconfig.cmake
[7.056s] -- Up-to-date: /home/edwinooi/Desktop/foxy_ws/install/ros2_aruco_interfaces/share/ros2_aruco_interfaces/cmake/export_ros2_aruco_interfaces__rosidl_typesupport_fastrtps_cExport.cmake
[7.056s] -- Up-to-date: /home/edwinooi/Desktop/foxy_ws/install/ros2_aruco_interfaces/share/ros2_aruco_interfaces/cmake/export_ros2_aruco_interfaces__rosidl_typesupport_fastrtps_cExport-noconfig.cmake
[7.057s] -- Up-to-date: /home/edwinooi/Desktop/foxy_ws/install/ros2_aruco_interfaces/share/ros2_aruco_interfaces/cmake/export_ros2_aruco_interfaces__rosidl_generator_cppExport.cmake
[7.057s] -- Up-to-date: /home/edwinooi/Desktop/foxy_ws/install/ros2_aruco_interfaces/share/ros2_aruco_interfaces/cmake/export_ros2_aruco_interfaces__rosidl_typesupport_fastrtps_cppExport.cmake
[7.057s] -- Up-to-date: /home/edwinooi/Desktop/foxy_ws/install/ros2_aruco_interfaces/share/ros2_aruco_interfaces/cmake/export_ros2_aruco_interfaces__rosidl_typesupport_fastrtps_cppExport-noconfig.cmake
[7.057s] -- Up-to-date: /home/edwinooi/Desktop/foxy_ws/install/ros2_aruco_interfaces/share/ros2_aruco_interfaces/cmake/ros2_aruco_interfaces__rosidl_typesupport_introspection_cExport.cmake
[7.057s] -- Up-to-date: /home/edwinooi/Desktop/foxy_ws/install/ros2_aruco_interfaces/share/ros2_aruco_interfaces/cmake/ros2_aruco_interfaces__rosidl_typesupport_introspection_cExport-noconfig.cmake
[7.057s] -- Up-to-date: /home/edwinooi/Desktop/foxy_ws/install/ros2_aruco_interfaces/share/ros2_aruco_interfaces/cmake/ros2_aruco_interfaces__rosidl_typesupport_cExport.cmake
[7.058s] -- Up-to-date: /home/edwinooi/Desktop/foxy_ws/install/ros2_aruco_interfaces/share/ros2_aruco_interfaces/cmake/ros2_aruco_interfaces__rosidl_typesupport_cExport-noconfig.cmake
[7.058s] -- Up-to-date: /home/edwinooi/Desktop/foxy_ws/install/ros2_aruco_interfaces/share/ros2_aruco_interfaces/cmake/ros2_aruco_interfaces__rosidl_typesupport_introspection_cppExport.cmake
[7.058s] -- Up-to-date: /home/edwinooi/Desktop/foxy_ws/install/ros2_aruco_interfaces/share/ros2_aruco_interfaces/cmake/ros2_aruco_interfaces__rosidl_typesupport_introspection_cppExport-noconfig.cmake
[7.058s] -- Up-to-date: /home/edwinooi/Desktop/foxy_ws/install/ros2_aruco_interfaces/share/ros2_aruco_interfaces/cmake/ros2_aruco_interfaces__rosidl_typesupport_cppExport.cmake
[7.058s] -- Up-to-date: /home/edwinooi/Desktop/foxy_ws/install/ros2_aruco_interfaces/share/ros2_aruco_interfaces/cmake/ros2_aruco_interfaces__rosidl_typesupport_cppExport-noconfig.cmake
[7.059s] -- Up-to-date: /home/edwinooi/Desktop/foxy_ws/install/ros2_aruco_interfaces/share/ros2_aruco_interfaces/cmake/export_ros2_aruco_interfaces__rosidl_generator_pyExport.cmake
[7.127s] -- Up-to-date: /home/edwinooi/Desktop/foxy_ws/install/ros2_aruco_interfaces/share/ros2_aruco_interfaces/cmake/export_ros2_aruco_interfaces__rosidl_generator_pyExport-noconfig.cmake
[7.127s] -- Up-to-date: /home/edwinooi/Desktop/foxy_ws/install/ros2_aruco_interfaces/share/ros2_aruco_interfaces/cmake/rosidl_cmake-extras.cmake
[7.127s] -- Up-to-date: /home/edwinooi/Desktop/foxy_ws/install/ros2_aruco_interfaces/share/ros2_aruco_interfaces/cmake/ament_cmake_export_dependencies-extras.cmake
[7.128s] -- Up-to-date: /home/edwinooi/Desktop/foxy_ws/install/ros2_aruco_interfaces/share/ros2_aruco_interfaces/cmake/ament_cmake_export_include_directories-extras.cmake
[7.128s] -- Up-to-date: /home/edwinooi/Desktop/foxy_ws/install/ros2_aruco_interfaces/share/ros2_aruco_interfaces/cmake/ament_cmake_export_libraries-extras.cmake
[7.128s] -- Up-to-date: /home/edwinooi/Desktop/foxy_ws/install/ros2_aruco_interfaces/share/ros2_aruco_interfaces/cmake/ament_cmake_export_targets-extras.cmake
[7.128s] -- Up-to-date: /home/edwinooi/Desktop/foxy_ws/install/ros2_aruco_interfaces/share/ros2_aruco_interfaces/cmake/rosidl_cmake_export_typesupport_targets-extras.cmake
[7.128s] -- Up-to-date: /home/edwinooi/Desktop/foxy_ws/install/ros2_aruco_interfaces/share/ros2_aruco_interfaces/cmake/rosidl_cmake_export_typesupport_libraries-extras.cmake
[7.128s] -- Up-to-date: /home/edwinooi/Desktop/foxy_ws/install/ros2_aruco_interfaces/share/ros2_aruco_interfaces/cmake/ros2_aruco_interfacesConfig.cmake
[7.128s] -- Up-to-date: /home/edwinooi/Desktop/foxy_ws/install/ros2_aruco_interfaces/share/ros2_aruco_interfaces/cmake/ros2_aruco_interfacesConfig-version.cmake
[7.129s] -- Up-to-date: /home/edwinooi/Desktop/foxy_ws/install/ros2_aruco_interfaces/share/ros2_aruco_interfaces/package.xml
[7.129s] Invoked command in '/home/edwinooi/Desktop/foxy_ws/build/ros2_aruco_interfaces' returned '0': CMAKE_PREFIX_PATH=${CMAKE_PREFIX_PATH}:/home/edwinooi/Desktop/emanual/install/ros2_aruco:/opt/ros/humble /usr/bin/cmake --install /home/edwinooi/Desktop/foxy_ws/build/ros2_aruco_interfaces
