[0.405s] Invoking command in '/home/edwinooi/Desktop/foxy_ws/build/nav2_amcl': AMENT_PREFIX_PATH=/home/edwinooi/Desktop/foxy_ws/install/nav2_util:/home/edwinooi/Desktop/foxy_ws/install/nav2_msgs:/home/edwinooi/Desktop/foxy_ws/install/nav2_common:${AMENT_PREFIX_PATH} CMAKE_PREFIX_PATH=/home/edwinooi/Desktop/foxy_ws/install/nav2_util:/home/edwinooi/Desktop/foxy_ws/install/nav2_msgs:/home/edwinooi/Desktop/foxy_ws/install/nav2_common:/home/edwinooi/Desktop/emanual/install/turtlebot3_simulations:/home/edwinooi/Desktop/emanual/install/turtlebot3_gazebo:/home/edwinooi/Desktop/emanual/install/turtlebot3_fake_node:/home/edwinooi/Desktop/emanual/install/ros2_aruco_interfaces:/home/edwinooi/Desktop/emanual/install/ros2_aruco:/opt/ros/humble LD_LIBRARY_PATH=/home/edwinooi/Desktop/foxy_ws/install/nav2_util/lib:/home/edwinooi/Desktop/foxy_ws/install/nav2_msgs/lib:${LD_LIBRARY_PATH} PYTHONPATH=/home/edwinooi/Desktop/foxy_ws/install/nav2_msgs/local/lib/python3.10/dist-packages:/home/edwinooi/Desktop/foxy_ws/install/nav2_common/local/lib/python3.10/dist-packages:${PYTHONPATH} /usr/bin/cmake /home/edwinooi/Desktop/foxy_ws/src/turtlebot3_simulations/navigation2-humble/nav2_amcl -DCMAKE_INSTALL_PREFIX=/home/edwinooi/Desktop/foxy_ws/install/nav2_amcl
[0.688s] -- The C compiler identification is GNU 11.4.0
[0.907s] -- The CXX compiler identification is GNU 11.4.0
[0.941s] -- Detecting C compiler ABI info
[1.117s] -- Detecting C compiler ABI info - done
[1.140s] -- Check for working C compiler: /usr/bin/cc - skipped
[1.141s] -- Detecting C compile features
[1.142s] -- Detecting C compile features - done
[1.160s] -- Detecting CXX compiler ABI info
[1.652s] -- Detecting CXX compiler ABI info - done
[1.684s] -- Check for working CXX compiler: /usr/bin/c++ - skipped
[1.685s] -- Detecting CXX compile features
[1.686s] -- Detecting CXX compile features - done
[1.694s] -- Found ament_cmake: 1.3.8 (/opt/ros/humble/share/ament_cmake/cmake)
[2.434s] -- Found Python3: /usr/bin/python3 (found version "3.10.12") found components: Interpreter 
[2.803s] -- Found nav2_common: 1.1.15 (/home/edwinooi/Desktop/foxy_ws/install/nav2_common/share/nav2_common/cmake)
[2.810s] -- Found rclcpp: 16.0.8 (/opt/ros/humble/share/rclcpp/cmake)
[3.003s] -- Found rosidl_generator_c: 3.1.5 (/opt/ros/humble/share/rosidl_generator_c/cmake)
[3.018s] -- Found rosidl_adapter: 3.1.5 (/opt/ros/humble/share/rosidl_adapter/cmake)
[3.081s] -- Found rosidl_generator_cpp: 3.1.5 (/opt/ros/humble/share/rosidl_generator_cpp/cmake)
[3.146s] -- Using all available rosidl_typesupport_c: rosidl_typesupport_fastrtps_c;rosidl_typesupport_introspection_c
[3.260s] -- Using all available rosidl_typesupport_cpp: rosidl_typesupport_fastrtps_cpp;rosidl_typesupport_introspection_cpp
[3.514s] -- Found rmw_implementation_cmake: 6.1.1 (/opt/ros/humble/share/rmw_implementation_cmake/cmake)
[3.524s] -- Found rmw_fastrtps_cpp: 6.2.6 (/opt/ros/humble/share/rmw_fastrtps_cpp/cmake)
[3.795s] -- Found OpenSSL: /usr/lib/x86_64-linux-gnu/libcrypto.so (found version "3.0.2")  
[3.872s] -- Found FastRTPS: /opt/ros/humble/include  
[4.004s] -- Using RMW implementation 'rmw_fastrtps_cpp' as default
[4.040s] -- Looking for pthread.h
[4.276s] -- Looking for pthread.h - found
[4.277s] -- Performing Test CMAKE_HAVE_LIBC_PTHREAD
[4.517s] -- Performing Test CMAKE_HAVE_LIBC_PTHREAD - Success
[4.520s] -- Found Threads: TRUE  
[5.402s] -- Found rclcpp_lifecycle: 16.0.8 (/opt/ros/humble/share/rclcpp_lifecycle/cmake)
[5.625s] -- Found rclcpp_components: 16.0.8 (/opt/ros/humble/share/rclcpp_components/cmake)
[5.900s] -- Found message_filters: 4.3.3 (/opt/ros/humble/share/message_filters/cmake)
[5.912s] -- Found tf2_geometry_msgs: 0.25.6 (/opt/ros/humble/share/tf2_geometry_msgs/cmake)
[6.082s] -- Found eigen3_cmake_module: 0.1.1 (/opt/ros/humble/share/eigen3_cmake_module/cmake)
[6.085s] -- Found Eigen3: TRUE (found version "3.4.0") 
[6.086s] -- Ensuring Eigen3 include directory is part of orocos-kdl CMake target
[6.969s] -- Found nav_msgs: 4.2.3 (/opt/ros/humble/share/nav_msgs/cmake)
[7.225s] -- Found sensor_msgs: 4.2.3 (/opt/ros/humble/share/sensor_msgs/cmake)
[7.480s] -- Found std_srvs: 4.2.3 (/opt/ros/humble/share/std_srvs/cmake)
[7.533s] -- Found nav2_util: 1.1.15 (/home/edwinooi/Desktop/foxy_ws/install/nav2_util/share/nav2_util/cmake)
[9.000s] -- Found pluginlib: 5.1.0 (/opt/ros/humble/share/pluginlib/cmake)
[9.050s] -- Setting build type to Release as none was specified.
[9.056s] -- Looking for drand48
[9.377s] -- Looking for drand48 - found
[17.476s] -- Found ament_lint_auto: 0.12.10 (/opt/ros/humble/share/ament_lint_auto/cmake)
[17.763s] -- Added test 'cppcheck' to perform static code analysis on C / C++ code
[17.763s] -- Configured cppcheck include dirs: /home/edwinooi/Desktop/foxy_ws/src/turtlebot3_simulations/navigation2-humble/nav2_amcl/include;/home/edwinooi/Desktop/foxy_ws/src/turtlebot3_simulations/navigation2-humble/nav2_amcl/src/include
[17.763s] -- Configured cppcheck exclude dirs and/or files: 
[17.770s] -- Added test 'lint_cmake' to check CMake code style
[17.779s] -- Added test 'uncrustify' to check C / C++ code style
[17.780s] -- Configured uncrustify additional arguments: 
[17.784s] -- Added test 'xmllint' to check XML markup files
[17.825s] -- Configuring done
[18.496s] -- Generating done
[18.500s] -- Build files have been written to: /home/edwinooi/Desktop/foxy_ws/build/nav2_amcl
[18.540s] Invoked command in '/home/edwinooi/Desktop/foxy_ws/build/nav2_amcl' returned '0': AMENT_PREFIX_PATH=/home/edwinooi/Desktop/foxy_ws/install/nav2_util:/home/edwinooi/Desktop/foxy_ws/install/nav2_msgs:/home/edwinooi/Desktop/foxy_ws/install/nav2_common:${AMENT_PREFIX_PATH} CMAKE_PREFIX_PATH=/home/edwinooi/Desktop/foxy_ws/install/nav2_util:/home/edwinooi/Desktop/foxy_ws/install/nav2_msgs:/home/edwinooi/Desktop/foxy_ws/install/nav2_common:/home/edwinooi/Desktop/emanual/install/turtlebot3_simulations:/home/edwinooi/Desktop/emanual/install/turtlebot3_gazebo:/home/edwinooi/Desktop/emanual/install/turtlebot3_fake_node:/home/edwinooi/Desktop/emanual/install/ros2_aruco_interfaces:/home/edwinooi/Desktop/emanual/install/ros2_aruco:/opt/ros/humble LD_LIBRARY_PATH=/home/edwinooi/Desktop/foxy_ws/install/nav2_util/lib:/home/edwinooi/Desktop/foxy_ws/install/nav2_msgs/lib:${LD_LIBRARY_PATH} PYTHONPATH=/home/edwinooi/Desktop/foxy_ws/install/nav2_msgs/local/lib/python3.10/dist-packages:/home/edwinooi/Desktop/foxy_ws/install/nav2_common/local/lib/python3.10/dist-packages:${PYTHONPATH} /usr/bin/cmake /home/edwinooi/Desktop/foxy_ws/src/turtlebot3_simulations/navigation2-humble/nav2_amcl -DCMAKE_INSTALL_PREFIX=/home/edwinooi/Desktop/foxy_ws/install/nav2_amcl
[18.542s] Invoking command in '/home/edwinooi/Desktop/foxy_ws/build/nav2_amcl': AMENT_PREFIX_PATH=/home/edwinooi/Desktop/foxy_ws/install/nav2_util:/home/edwinooi/Desktop/foxy_ws/install/nav2_msgs:/home/edwinooi/Desktop/foxy_ws/install/nav2_common:${AMENT_PREFIX_PATH} CMAKE_PREFIX_PATH=/home/edwinooi/Desktop/foxy_ws/install/nav2_util:/home/edwinooi/Desktop/foxy_ws/install/nav2_msgs:/home/edwinooi/Desktop/foxy_ws/install/nav2_common:/home/edwinooi/Desktop/emanual/install/turtlebot3_simulations:/home/edwinooi/Desktop/emanual/install/turtlebot3_gazebo:/home/edwinooi/Desktop/emanual/install/turtlebot3_fake_node:/home/edwinooi/Desktop/emanual/install/ros2_aruco_interfaces:/home/edwinooi/Desktop/emanual/install/ros2_aruco:/opt/ros/humble LD_LIBRARY_PATH=/home/edwinooi/Desktop/foxy_ws/install/nav2_util/lib:/home/edwinooi/Desktop/foxy_ws/install/nav2_msgs/lib:${LD_LIBRARY_PATH} PYTHONPATH=/home/edwinooi/Desktop/foxy_ws/install/nav2_msgs/local/lib/python3.10/dist-packages:/home/edwinooi/Desktop/foxy_ws/install/nav2_common/local/lib/python3.10/dist-packages:${PYTHONPATH} /usr/bin/cmake --build /home/edwinooi/Desktop/foxy_ws/build/nav2_amcl -- -j4 -l4
[18.836s] [  4%] [32mBuilding C object src/map/CMakeFiles/map_lib.dir/map.c.o[0m
[19.079s] [  8%] [32mBuilding C object src/map/CMakeFiles/map_lib.dir/map_draw.c.o[0m
[19.160s] [ 12%] [32mBuilding CXX object src/map/CMakeFiles/map_lib.dir/map_cspace.cpp.o[0m
[20.138s] [ 16%] [32mBuilding C object src/map/CMakeFiles/map_lib.dir/map_range.c.o[0m
[20.734s] [ 20%] [32m[1mLinking CXX shared library libmap_lib.so[0m
[20.964s] [ 20%] Built target map_lib
[21.101s] [ 25%] [32mBuilding C object src/pf/CMakeFiles/pf_lib.dir/pf.c.o[0m
[21.684s] [ 29%] [32mBuilding C object src/pf/CMakeFiles/pf_lib.dir/pf_vector.c.o[0m
[21.896s] [ 33%] [32mBuilding C object src/pf/CMakeFiles/pf_lib.dir/eig3.c.o[0m
[22.265s] [ 37%] [32mBuilding C object src/pf/CMakeFiles/pf_lib.dir/pf_draw.c.o[0m
[22.306s] [ 41%] [32mBuilding C object src/pf/CMakeFiles/pf_lib.dir/pf_pdf.c.o[0m
[22.515s] [ 45%] [32mBuilding C object src/pf/CMakeFiles/pf_lib.dir/pf_kdtree.c.o[0m
[22.993s] [ 50%] [32m[1mLinking C shared library libpf_lib.so[0m
[23.161s] [ 50%] Built target pf_lib
[23.248s] [ 54%] [32mBuilding CXX object src/sensors/CMakeFiles/sensors_lib.dir/laser/laser.cpp.o[0m
[24.128s] [ 58%] [32mBuilding CXX object src/sensors/CMakeFiles/sensors_lib.dir/laser/likelihood_field_model.cpp.o[0m
[24.965s] [ 62%] [32mBuilding CXX object src/sensors/CMakeFiles/sensors_lib.dir/laser/likelihood_field_model_prob.cpp.o[0m
[25.855s] [ 66%] [32mBuilding CXX object src/sensors/CMakeFiles/sensors_lib.dir/laser/beam_model.cpp.o[0m
[26.667s] [ 70%] [32m[1mLinking CXX shared library libsensors_lib.so[0m
[26.927s] [ 70%] Built target sensors_lib
[27.035s] [ 75%] [32mBuilding CXX object src/motion_model/CMakeFiles/motions_lib.dir/omni_motion_model.cpp.o[0m
[29.307s] [ 79%] [32mBuilding CXX object src/motion_model/CMakeFiles/motions_lib.dir/differential_motion_model.cpp.o[0m
[33.193s] [ 83%] [32m[1mLinking CXX shared library libmotions_lib.so[0m
[34.160s] [ 83%] Built target motions_lib
[34.288s] [ 87%] [32mBuilding CXX object CMakeFiles/amcl_core.dir/src/amcl_node.cpp.o[0m
[113.778s] [ 91%] [32m[1mLinking CXX shared library libamcl_core.so[0m
[115.040s] [ 91%] Built target amcl_core
[115.200s] [ 95%] [32mBuilding CXX object CMakeFiles/amcl.dir/src/main.cpp.o[0m
[126.667s] [100%] [32m[1mLinking CXX executable amcl[0m
[127.461s] [100%] Built target amcl
[127.494s] Invoked command in '/home/edwinooi/Desktop/foxy_ws/build/nav2_amcl' returned '0': AMENT_PREFIX_PATH=/home/edwinooi/Desktop/foxy_ws/install/nav2_util:/home/edwinooi/Desktop/foxy_ws/install/nav2_msgs:/home/edwinooi/Desktop/foxy_ws/install/nav2_common:${AMENT_PREFIX_PATH} CMAKE_PREFIX_PATH=/home/edwinooi/Desktop/foxy_ws/install/nav2_util:/home/edwinooi/Desktop/foxy_ws/install/nav2_msgs:/home/edwinooi/Desktop/foxy_ws/install/nav2_common:/home/edwinooi/Desktop/emanual/install/turtlebot3_simulations:/home/edwinooi/Desktop/emanual/install/turtlebot3_gazebo:/home/edwinooi/Desktop/emanual/install/turtlebot3_fake_node:/home/edwinooi/Desktop/emanual/install/ros2_aruco_interfaces:/home/edwinooi/Desktop/emanual/install/ros2_aruco:/opt/ros/humble LD_LIBRARY_PATH=/home/edwinooi/Desktop/foxy_ws/install/nav2_util/lib:/home/edwinooi/Desktop/foxy_ws/install/nav2_msgs/lib:${LD_LIBRARY_PATH} PYTHONPATH=/home/edwinooi/Desktop/foxy_ws/install/nav2_msgs/local/lib/python3.10/dist-packages:/home/edwinooi/Desktop/foxy_ws/install/nav2_common/local/lib/python3.10/dist-packages:${PYTHONPATH} /usr/bin/cmake --build /home/edwinooi/Desktop/foxy_ws/build/nav2_amcl -- -j4 -l4
[127.560s] Invoking command in '/home/edwinooi/Desktop/foxy_ws/build/nav2_amcl': AMENT_PREFIX_PATH=/home/edwinooi/Desktop/foxy_ws/install/nav2_util:/home/edwinooi/Desktop/foxy_ws/install/nav2_msgs:/home/edwinooi/Desktop/foxy_ws/install/nav2_common:${AMENT_PREFIX_PATH} CMAKE_PREFIX_PATH=/home/edwinooi/Desktop/foxy_ws/install/nav2_util:/home/edwinooi/Desktop/foxy_ws/install/nav2_msgs:/home/edwinooi/Desktop/foxy_ws/install/nav2_common:/home/edwinooi/Desktop/emanual/install/turtlebot3_simulations:/home/edwinooi/Desktop/emanual/install/turtlebot3_gazebo:/home/edwinooi/Desktop/emanual/install/turtlebot3_fake_node:/home/edwinooi/Desktop/emanual/install/ros2_aruco_interfaces:/home/edwinooi/Desktop/emanual/install/ros2_aruco:/opt/ros/humble LD_LIBRARY_PATH=/home/edwinooi/Desktop/foxy_ws/install/nav2_util/lib:/home/edwinooi/Desktop/foxy_ws/install/nav2_msgs/lib:${LD_LIBRARY_PATH} PYTHONPATH=/home/edwinooi/Desktop/foxy_ws/install/nav2_msgs/local/lib/python3.10/dist-packages:/home/edwinooi/Desktop/foxy_ws/install/nav2_common/local/lib/python3.10/dist-packages:${PYTHONPATH} /usr/bin/cmake --install /home/edwinooi/Desktop/foxy_ws/build/nav2_amcl
[127.573s] -- Install configuration: "Release"
[127.573s] -- Installing: /home/edwinooi/Desktop/foxy_ws/install/nav2_amcl/lib/libamcl_core.so
[127.579s] -- Set runtime path of "/home/edwinooi/Desktop/foxy_ws/install/nav2_amcl/lib/libamcl_core.so" to ""
[127.580s] -- Installing: /home/edwinooi/Desktop/foxy_ws/install/nav2_amcl/lib/nav2_amcl/amcl
[127.580s] -- Set runtime path of "/home/edwinooi/Desktop/foxy_ws/install/nav2_amcl/lib/nav2_amcl/amcl" to ""
[127.581s] -- Installing: /home/edwinooi/Desktop/foxy_ws/install/nav2_amcl/include/
[127.581s] -- Installing: /home/edwinooi/Desktop/foxy_ws/install/nav2_amcl/include//nav2_amcl
[127.581s] -- Installing: /home/edwinooi/Desktop/foxy_ws/install/nav2_amcl/include//nav2_amcl/amcl_node.hpp
[127.581s] -- Installing: /home/edwinooi/Desktop/foxy_ws/install/nav2_amcl/include//nav2_amcl/map
[127.581s] -- Installing: /home/edwinooi/Desktop/foxy_ws/install/nav2_amcl/include//nav2_amcl/map/map.hpp
[127.581s] -- Installing: /home/edwinooi/Desktop/foxy_ws/install/nav2_amcl/include//nav2_amcl/angleutils.hpp
[127.582s] -- Installing: /home/edwinooi/Desktop/foxy_ws/install/nav2_amcl/include//nav2_amcl/pf
[127.582s] -- Installing: /home/edwinooi/Desktop/foxy_ws/install/nav2_amcl/include//nav2_amcl/pf/eig3.hpp
[127.582s] -- Installing: /home/edwinooi/Desktop/foxy_ws/install/nav2_amcl/include//nav2_amcl/pf/pf_vector.hpp
[127.582s] -- Installing: /home/edwinooi/Desktop/foxy_ws/install/nav2_amcl/include//nav2_amcl/pf/pf.hpp
[127.582s] -- Installing: /home/edwinooi/Desktop/foxy_ws/install/nav2_amcl/include//nav2_amcl/pf/pf_kdtree.hpp
[127.582s] -- Installing: /home/edwinooi/Desktop/foxy_ws/install/nav2_amcl/include//nav2_amcl/pf/pf_pdf.hpp
[127.583s] -- Installing: /home/edwinooi/Desktop/foxy_ws/install/nav2_amcl/include//nav2_amcl/sensors
[127.583s] -- Installing: /home/edwinooi/Desktop/foxy_ws/install/nav2_amcl/include//nav2_amcl/sensors/laser
[127.583s] -- Installing: /home/edwinooi/Desktop/foxy_ws/install/nav2_amcl/include//nav2_amcl/sensors/laser/laser.hpp
[127.583s] -- Installing: /home/edwinooi/Desktop/foxy_ws/install/nav2_amcl/include//nav2_amcl/motion_model
[127.583s] -- Installing: /home/edwinooi/Desktop/foxy_ws/install/nav2_amcl/include//nav2_amcl/motion_model/omni_motion_model.hpp
[127.583s] -- Installing: /home/edwinooi/Desktop/foxy_ws/install/nav2_amcl/include//nav2_amcl/motion_model/motion_model.hpp
[127.584s] -- Installing: /home/edwinooi/Desktop/foxy_ws/install/nav2_amcl/include//nav2_amcl/motion_model/differential_motion_model.hpp
[127.584s] -- Installing: /home/edwinooi/Desktop/foxy_ws/install/nav2_amcl/include//nav2_amcl/portable_utils.hpp
[127.584s] -- Installing: /home/edwinooi/Desktop/foxy_ws/install/nav2_amcl/share/nav2_amcl/environment/library_path.sh
[127.584s] -- Installing: /home/edwinooi/Desktop/foxy_ws/install/nav2_amcl/share/nav2_amcl/environment/library_path.dsv
[127.584s] -- Installing: /home/edwinooi/Desktop/foxy_ws/install/nav2_amcl/share/nav2_amcl/plugins.xml
[127.589s] -- Installing: /home/edwinooi/Desktop/foxy_ws/install/nav2_amcl/share/ament_index/resource_index/package_run_dependencies/nav2_amcl
[127.589s] -- Installing: /home/edwinooi/Desktop/foxy_ws/install/nav2_amcl/share/ament_index/resource_index/parent_prefix_path/nav2_amcl
[127.589s] -- Installing: /home/edwinooi/Desktop/foxy_ws/install/nav2_amcl/share/nav2_amcl/environment/ament_prefix_path.sh
[127.589s] -- Installing: /home/edwinooi/Desktop/foxy_ws/install/nav2_amcl/share/nav2_amcl/environment/ament_prefix_path.dsv
[127.590s] -- Installing: /home/edwinooi/Desktop/foxy_ws/install/nav2_amcl/share/nav2_amcl/environment/path.sh
[127.590s] -- Installing: /home/edwinooi/Desktop/foxy_ws/install/nav2_amcl/share/nav2_amcl/environment/path.dsv
[127.590s] -- Installing: /home/edwinooi/Desktop/foxy_ws/install/nav2_amcl/share/nav2_amcl/local_setup.bash
[127.590s] -- Installing: /home/edwinooi/Desktop/foxy_ws/install/nav2_amcl/share/nav2_amcl/local_setup.sh
[127.591s] -- Installing: /home/edwinooi/Desktop/foxy_ws/install/nav2_amcl/share/nav2_amcl/local_setup.zsh
[127.591s] -- Installing: /home/edwinooi/Desktop/foxy_ws/install/nav2_amcl/share/nav2_amcl/local_setup.dsv
[127.591s] -- Installing: /home/edwinooi/Desktop/foxy_ws/install/nav2_amcl/share/nav2_amcl/package.dsv
[127.604s] -- Installing: /home/edwinooi/Desktop/foxy_ws/install/nav2_amcl/share/ament_index/resource_index/packages/nav2_amcl
[127.604s] -- Installing: /home/edwinooi/Desktop/foxy_ws/install/nav2_amcl/share/ament_index/resource_index/nav2_amcl__pluginlib__plugin/nav2_amcl
[127.604s] -- Installing: /home/edwinooi/Desktop/foxy_ws/install/nav2_amcl/share/ament_index/resource_index/rclcpp_components/nav2_amcl
[127.605s] -- Installing: /home/edwinooi/Desktop/foxy_ws/install/nav2_amcl/share/nav2_amcl/cmake/ament_cmake_export_include_directories-extras.cmake
[127.605s] -- Installing: /home/edwinooi/Desktop/foxy_ws/install/nav2_amcl/share/nav2_amcl/cmake/ament_cmake_export_libraries-extras.cmake
[127.605s] -- Installing: /home/edwinooi/Desktop/foxy_ws/install/nav2_amcl/share/nav2_amcl/cmake/ament_cmake_export_dependencies-extras.cmake
[127.606s] -- Installing: /home/edwinooi/Desktop/foxy_ws/install/nav2_amcl/share/nav2_amcl/cmake/nav2_amclConfig.cmake
[127.606s] -- Installing: /home/edwinooi/Desktop/foxy_ws/install/nav2_amcl/share/nav2_amcl/cmake/nav2_amclConfig-version.cmake
[127.606s] -- Installing: /home/edwinooi/Desktop/foxy_ws/install/nav2_amcl/share/nav2_amcl/package.xml
[127.607s] -- Installing: /home/edwinooi/Desktop/foxy_ws/install/nav2_amcl/lib/libpf_lib.so
[127.607s] -- Installing: /home/edwinooi/Desktop/foxy_ws/install/nav2_amcl/lib/libmap_lib.so
[127.608s] -- Installing: /home/edwinooi/Desktop/foxy_ws/install/nav2_amcl/lib/libmotions_lib.so
[127.609s] -- Set runtime path of "/home/edwinooi/Desktop/foxy_ws/install/nav2_amcl/lib/libmotions_lib.so" to ""
[127.609s] -- Installing: /home/edwinooi/Desktop/foxy_ws/install/nav2_amcl/lib/libsensors_lib.so
[127.610s] -- Set runtime path of "/home/edwinooi/Desktop/foxy_ws/install/nav2_amcl/lib/libsensors_lib.so" to ""
[127.620s] Invoked command in '/home/edwinooi/Desktop/foxy_ws/build/nav2_amcl' returned '0': AMENT_PREFIX_PATH=/home/edwinooi/Desktop/foxy_ws/install/nav2_util:/home/edwinooi/Desktop/foxy_ws/install/nav2_msgs:/home/edwinooi/Desktop/foxy_ws/install/nav2_common:${AMENT_PREFIX_PATH} CMAKE_PREFIX_PATH=/home/edwinooi/Desktop/foxy_ws/install/nav2_util:/home/edwinooi/Desktop/foxy_ws/install/nav2_msgs:/home/edwinooi/Desktop/foxy_ws/install/nav2_common:/home/edwinooi/Desktop/emanual/install/turtlebot3_simulations:/home/edwinooi/Desktop/emanual/install/turtlebot3_gazebo:/home/edwinooi/Desktop/emanual/install/turtlebot3_fake_node:/home/edwinooi/Desktop/emanual/install/ros2_aruco_interfaces:/home/edwinooi/Desktop/emanual/install/ros2_aruco:/opt/ros/humble LD_LIBRARY_PATH=/home/edwinooi/Desktop/foxy_ws/install/nav2_util/lib:/home/edwinooi/Desktop/foxy_ws/install/nav2_msgs/lib:${LD_LIBRARY_PATH} PYTHONPATH=/home/edwinooi/Desktop/foxy_ws/install/nav2_msgs/local/lib/python3.10/dist-packages:/home/edwinooi/Desktop/foxy_ws/install/nav2_common/local/lib/python3.10/dist-packages:${PYTHONPATH} /usr/bin/cmake --install /home/edwinooi/Desktop/foxy_ws/build/nav2_amcl
