[0.571s] Invoking command in '/home/edwinooi/Desktop/foxy_ws/build/dwb_critics': AMENT_PREFIX_PATH=/home/edwinooi/Desktop/foxy_ws/install/dwb_core:/home/edwinooi/Desktop/foxy_ws/install/nav2_core:/home/edwinooi/Desktop/foxy_ws/install/costmap_queue:/home/edwinooi/Desktop/foxy_ws/install/nav2_costmap_2d:/home/edwinooi/Desktop/foxy_ws/install/nav_2d_utils:/home/edwinooi/Desktop/foxy_ws/install/nav2_util:/home/edwinooi/Desktop/foxy_ws/install/nav2_voxel_grid:/home/edwinooi/Desktop/foxy_ws/install/nav2_msgs:/home/edwinooi/Desktop/foxy_ws/install/dwb_msgs:/home/edwinooi/Desktop/foxy_ws/install/nav_2d_msgs:/home/edwinooi/Desktop/foxy_ws/install/nav2_common:${AMENT_PREFIX_PATH} CMAKE_PREFIX_PATH=/home/edwinooi/Desktop/foxy_ws/install/dwb_core:/home/edwinooi/Desktop/foxy_ws/install/nav2_core:/home/edwinooi/Desktop/foxy_ws/install/costmap_queue:/home/edwinooi/Desktop/foxy_ws/install/nav2_costmap_2d:/home/edwinooi/Desktop/foxy_ws/install/nav_2d_utils:/home/edwinooi/Desktop/foxy_ws/install/nav2_util:/home/edwinooi/Desktop/foxy_ws/install/nav2_voxel_grid:/home/edwinooi/Desktop/foxy_ws/install/nav2_msgs:/home/edwinooi/Desktop/foxy_ws/install/dwb_msgs:/home/edwinooi/Desktop/foxy_ws/install/nav_2d_msgs:/home/edwinooi/Desktop/foxy_ws/install/nav2_common:/home/edwinooi/Desktop/emanual/install/turtlebot3_simulations:/home/edwinooi/Desktop/emanual/install/turtlebot3_gazebo:/home/edwinooi/Desktop/emanual/install/turtlebot3_fake_node:/home/edwinooi/Desktop/emanual/install/ros2_aruco_interfaces:/home/edwinooi/Desktop/emanual/install/ros2_aruco:/opt/ros/humble LD_LIBRARY_PATH=/home/edwinooi/Desktop/foxy_ws/install/dwb_core/lib:/home/edwinooi/Desktop/foxy_ws/install/costmap_queue/lib:/home/edwinooi/Desktop/foxy_ws/install/nav2_costmap_2d/lib:/home/edwinooi/Desktop/foxy_ws/install/nav_2d_utils/lib:/home/edwinooi/Desktop/foxy_ws/install/nav2_util/lib:/home/edwinooi/Desktop/foxy_ws/install/nav2_voxel_grid/lib:/home/edwinooi/Desktop/foxy_ws/install/nav2_msgs/lib:/home/edwinooi/Desktop/foxy_ws/install/dwb_msgs/lib:/home/edwinooi/Desktop/foxy_ws/install/nav_2d_msgs/lib:${LD_LIBRARY_PATH} PYTHONPATH=/home/edwinooi/Desktop/foxy_ws/install/nav2_msgs/local/lib/python3.10/dist-packages:/home/edwinooi/Desktop/foxy_ws/install/dwb_msgs/local/lib/python3.10/dist-packages:/home/edwinooi/Desktop/foxy_ws/install/nav_2d_msgs/local/lib/python3.10/dist-packages:/home/edwinooi/Desktop/foxy_ws/install/nav2_common/local/lib/python3.10/dist-packages:${PYTHONPATH} /usr/bin/cmake /home/edwinooi/Desktop/foxy_ws/src/turtlebot3_simulations/navigation2-humble/nav2_dwb_controller/dwb_critics -DCMAKE_INSTALL_PREFIX=/home/edwinooi/Desktop/foxy_ws/install/dwb_critics
[0.899s] -- The C compiler identification is GNU 11.4.0
[1.084s] -- The CXX compiler identification is GNU 11.4.0
[1.128s] -- Detecting C compiler ABI info
[1.538s] -- Detecting C compiler ABI info - done
[1.615s] -- Check for working C compiler: /usr/bin/cc - skipped
[1.615s] -- Detecting C compile features
[1.615s] -- Detecting C compile features - done
[1.658s] -- Detecting CXX compiler ABI info
[2.196s] -- Detecting CXX compiler ABI info - done
[2.239s] -- Check for working CXX compiler: /usr/bin/c++ - skipped
[2.240s] -- Detecting CXX compile features
[2.241s] -- Detecting CXX compile features - done
[2.250s] -- Found ament_cmake: 1.3.8 (/opt/ros/humble/share/ament_cmake/cmake)
[2.932s] -- Found Python3: /usr/bin/python3 (found version "3.10.12") found components: Interpreter 
[3.263s] -- Found nav2_common: 1.1.15 (/home/edwinooi/Desktop/foxy_ws/install/nav2_common/share/nav2_common/cmake)
[3.271s] -- Found angles: 1.15.0 (/opt/ros/humble/share/angles/cmake)
[3.275s] -- Found nav2_costmap_2d: 1.1.15 (/home/edwinooi/Desktop/foxy_ws/install/nav2_costmap_2d/share/nav2_costmap_2d/cmake)
[3.487s] -- Found rosidl_generator_c: 3.1.5 (/opt/ros/humble/share/rosidl_generator_c/cmake)
[3.510s] -- Found rosidl_adapter: 3.1.5 (/opt/ros/humble/share/rosidl_adapter/cmake)
[3.548s] -- Found rosidl_generator_cpp: 3.1.5 (/opt/ros/humble/share/rosidl_generator_cpp/cmake)
[3.594s] -- Using all available rosidl_typesupport_c: rosidl_typesupport_fastrtps_c;rosidl_typesupport_introspection_c
[3.667s] -- Using all available rosidl_typesupport_cpp: rosidl_typesupport_fastrtps_cpp;rosidl_typesupport_introspection_cpp
[4.325s] -- Found rmw_implementation_cmake: 6.1.1 (/opt/ros/humble/share/rmw_implementation_cmake/cmake)
[4.342s] -- Found rmw_fastrtps_cpp: 6.2.6 (/opt/ros/humble/share/rmw_fastrtps_cpp/cmake)
[4.661s] -- Found OpenSSL: /usr/lib/x86_64-linux-gnu/libcrypto.so (found version "3.0.2")  
[4.744s] -- Found FastRTPS: /opt/ros/humble/include  
[4.894s] -- Using RMW implementation 'rmw_fastrtps_cpp' as default
[4.938s] -- Looking for pthread.h
[5.318s] -- Looking for pthread.h - found
[5.319s] -- Performing Test CMAKE_HAVE_LIBC_PTHREAD
[5.863s] -- Performing Test CMAKE_HAVE_LIBC_PTHREAD - Success
[5.866s] -- Found Threads: TRUE  
[9.728s] -- Found Eigen3: TRUE (found version "3.4.0") 
[9.729s] -- Ensuring Eigen3 include directory is part of orocos-kdl CMake target
[12.535s] -- Found costmap_queue: 1.1.15 (/home/edwinooi/Desktop/foxy_ws/install/costmap_queue/share/costmap_queue/cmake)
[12.540s] -- Found dwb_core: 1.1.15 (/home/edwinooi/Desktop/foxy_ws/install/dwb_core/share/dwb_core/cmake)
[24.972s] -- Setting build type to Release as none was specified.
[42.792s] -- Found ament_lint_auto: 0.12.10 (/opt/ros/humble/share/ament_lint_auto/cmake)
[43.178s] -- Found gtest sources under '/opt/ros/humble/src/gtest_vendor': C++ tests using 'Google Test' will be built
[43.266s] -- Added test 'cppcheck' to perform static code analysis on C / C++ code
[43.268s] -- Configured cppcheck include dirs: /home/edwinooi/Desktop/foxy_ws/src/turtlebot3_simulations/navigation2-humble/nav2_dwb_controller/dwb_critics/include
[43.268s] -- Configured cppcheck exclude dirs and/or files: 
[43.276s] -- Added test 'cpplint' to check C / C++ code against the Google style
[43.276s] -- Configured cpplint exclude dirs and/or files: 
[43.281s] -- Added test 'lint_cmake' to check CMake code style
[43.289s] -- Added test 'uncrustify' to check C / C++ code style
[43.290s] -- Configured uncrustify additional arguments: 
[43.292s] -- Added test 'xmllint' to check XML markup files
[43.302s] -- Configuring done
[44.370s] -- Generating done
[44.372s] -- Build files have been written to: /home/edwinooi/Desktop/foxy_ws/build/dwb_critics
[44.407s] Invoked command in '/home/edwinooi/Desktop/foxy_ws/build/dwb_critics' returned '0': AMENT_PREFIX_PATH=/home/edwinooi/Desktop/foxy_ws/install/dwb_core:/home/edwinooi/Desktop/foxy_ws/install/nav2_core:/home/edwinooi/Desktop/foxy_ws/install/costmap_queue:/home/edwinooi/Desktop/foxy_ws/install/nav2_costmap_2d:/home/edwinooi/Desktop/foxy_ws/install/nav_2d_utils:/home/edwinooi/Desktop/foxy_ws/install/nav2_util:/home/edwinooi/Desktop/foxy_ws/install/nav2_voxel_grid:/home/edwinooi/Desktop/foxy_ws/install/nav2_msgs:/home/edwinooi/Desktop/foxy_ws/install/dwb_msgs:/home/edwinooi/Desktop/foxy_ws/install/nav_2d_msgs:/home/edwinooi/Desktop/foxy_ws/install/nav2_common:${AMENT_PREFIX_PATH} CMAKE_PREFIX_PATH=/home/edwinooi/Desktop/foxy_ws/install/dwb_core:/home/edwinooi/Desktop/foxy_ws/install/nav2_core:/home/edwinooi/Desktop/foxy_ws/install/costmap_queue:/home/edwinooi/Desktop/foxy_ws/install/nav2_costmap_2d:/home/edwinooi/Desktop/foxy_ws/install/nav_2d_utils:/home/edwinooi/Desktop/foxy_ws/install/nav2_util:/home/edwinooi/Desktop/foxy_ws/install/nav2_voxel_grid:/home/edwinooi/Desktop/foxy_ws/install/nav2_msgs:/home/edwinooi/Desktop/foxy_ws/install/dwb_msgs:/home/edwinooi/Desktop/foxy_ws/install/nav_2d_msgs:/home/edwinooi/Desktop/foxy_ws/install/nav2_common:/home/edwinooi/Desktop/emanual/install/turtlebot3_simulations:/home/edwinooi/Desktop/emanual/install/turtlebot3_gazebo:/home/edwinooi/Desktop/emanual/install/turtlebot3_fake_node:/home/edwinooi/Desktop/emanual/install/ros2_aruco_interfaces:/home/edwinooi/Desktop/emanual/install/ros2_aruco:/opt/ros/humble LD_LIBRARY_PATH=/home/edwinooi/Desktop/foxy_ws/install/dwb_core/lib:/home/edwinooi/Desktop/foxy_ws/install/costmap_queue/lib:/home/edwinooi/Desktop/foxy_ws/install/nav2_costmap_2d/lib:/home/edwinooi/Desktop/foxy_ws/install/nav_2d_utils/lib:/home/edwinooi/Desktop/foxy_ws/install/nav2_util/lib:/home/edwinooi/Desktop/foxy_ws/install/nav2_voxel_grid/lib:/home/edwinooi/Desktop/foxy_ws/install/nav2_msgs/lib:/home/edwinooi/Desktop/foxy_ws/install/dwb_msgs/lib:/home/edwinooi/Desktop/foxy_ws/install/nav_2d_msgs/lib:${LD_LIBRARY_PATH} PYTHONPATH=/home/edwinooi/Desktop/foxy_ws/install/nav2_msgs/local/lib/python3.10/dist-packages:/home/edwinooi/Desktop/foxy_ws/install/dwb_msgs/local/lib/python3.10/dist-packages:/home/edwinooi/Desktop/foxy_ws/install/nav_2d_msgs/local/lib/python3.10/dist-packages:/home/edwinooi/Desktop/foxy_ws/install/nav2_common/local/lib/python3.10/dist-packages:${PYTHONPATH} /usr/bin/cmake /home/edwinooi/Desktop/foxy_ws/src/turtlebot3_simulations/navigation2-humble/nav2_dwb_controller/dwb_critics -DCMAKE_INSTALL_PREFIX=/home/edwinooi/Desktop/foxy_ws/install/dwb_critics
[44.408s] Invoking command in '/home/edwinooi/Desktop/foxy_ws/build/dwb_critics': AMENT_PREFIX_PATH=/home/edwinooi/Desktop/foxy_ws/install/dwb_core:/home/edwinooi/Desktop/foxy_ws/install/nav2_core:/home/edwinooi/Desktop/foxy_ws/install/costmap_queue:/home/edwinooi/Desktop/foxy_ws/install/nav2_costmap_2d:/home/edwinooi/Desktop/foxy_ws/install/nav_2d_utils:/home/edwinooi/Desktop/foxy_ws/install/nav2_util:/home/edwinooi/Desktop/foxy_ws/install/nav2_voxel_grid:/home/edwinooi/Desktop/foxy_ws/install/nav2_msgs:/home/edwinooi/Desktop/foxy_ws/install/dwb_msgs:/home/edwinooi/Desktop/foxy_ws/install/nav_2d_msgs:/home/edwinooi/Desktop/foxy_ws/install/nav2_common:${AMENT_PREFIX_PATH} CMAKE_PREFIX_PATH=/home/edwinooi/Desktop/foxy_ws/install/dwb_core:/home/edwinooi/Desktop/foxy_ws/install/nav2_core:/home/edwinooi/Desktop/foxy_ws/install/costmap_queue:/home/edwinooi/Desktop/foxy_ws/install/nav2_costmap_2d:/home/edwinooi/Desktop/foxy_ws/install/nav_2d_utils:/home/edwinooi/Desktop/foxy_ws/install/nav2_util:/home/edwinooi/Desktop/foxy_ws/install/nav2_voxel_grid:/home/edwinooi/Desktop/foxy_ws/install/nav2_msgs:/home/edwinooi/Desktop/foxy_ws/install/dwb_msgs:/home/edwinooi/Desktop/foxy_ws/install/nav_2d_msgs:/home/edwinooi/Desktop/foxy_ws/install/nav2_common:/home/edwinooi/Desktop/emanual/install/turtlebot3_simulations:/home/edwinooi/Desktop/emanual/install/turtlebot3_gazebo:/home/edwinooi/Desktop/emanual/install/turtlebot3_fake_node:/home/edwinooi/Desktop/emanual/install/ros2_aruco_interfaces:/home/edwinooi/Desktop/emanual/install/ros2_aruco:/opt/ros/humble LD_LIBRARY_PATH=/home/edwinooi/Desktop/foxy_ws/install/dwb_core/lib:/home/edwinooi/Desktop/foxy_ws/install/costmap_queue/lib:/home/edwinooi/Desktop/foxy_ws/install/nav2_costmap_2d/lib:/home/edwinooi/Desktop/foxy_ws/install/nav_2d_utils/lib:/home/edwinooi/Desktop/foxy_ws/install/nav2_util/lib:/home/edwinooi/Desktop/foxy_ws/install/nav2_voxel_grid/lib:/home/edwinooi/Desktop/foxy_ws/install/nav2_msgs/lib:/home/edwinooi/Desktop/foxy_ws/install/dwb_msgs/lib:/home/edwinooi/Desktop/foxy_ws/install/nav_2d_msgs/lib:${LD_LIBRARY_PATH} PYTHONPATH=/home/edwinooi/Desktop/foxy_ws/install/nav2_msgs/local/lib/python3.10/dist-packages:/home/edwinooi/Desktop/foxy_ws/install/dwb_msgs/local/lib/python3.10/dist-packages:/home/edwinooi/Desktop/foxy_ws/install/nav_2d_msgs/local/lib/python3.10/dist-packages:/home/edwinooi/Desktop/foxy_ws/install/nav2_common/local/lib/python3.10/dist-packages:${PYTHONPATH} /usr/bin/cmake --build /home/edwinooi/Desktop/foxy_ws/build/dwb_critics -- -j4 -l4
[44.612s] [  3%] [32mBuilding CXX object CMakeFiles/dwb_critics.dir/src/alignment_util.cpp.o[0m
[46.835s] [  7%] [32mBuilding CXX object CMakeFiles/dwb_critics.dir/src/map_grid.cpp.o[0m
[59.021s] [ 11%] [32mBuilding CXX object CMakeFiles/dwb_critics.dir/src/goal_dist.cpp.o[0m
[72.214s] [ 14%] [32mBuilding CXX object CMakeFiles/dwb_critics.dir/src/path_dist.cpp.o[0m
[87.793s] [ 18%] [32mBuilding CXX object CMakeFiles/dwb_critics.dir/src/goal_align.cpp.o[0m
[100.683s] [ 22%] [32mBuilding CXX object CMakeFiles/dwb_critics.dir/src/path_align.cpp.o[0m
[113.620s] [ 25%] [32mBuilding CXX object CMakeFiles/dwb_critics.dir/src/base_obstacle.cpp.o[0m
[130.622s] [ 29%] [32mBuilding CXX object CMakeFiles/dwb_critics.dir/src/obstacle_footprint.cpp.o[0m
[145.591s] [ 33%] [32mBuilding CXX object CMakeFiles/dwb_critics.dir/src/oscillation.cpp.o[0m
[160.654s] [ 37%] [32mBuilding CXX object CMakeFiles/dwb_critics.dir/src/prefer_forward.cpp.o[0m
[175.297s] [ 40%] [32mBuilding CXX object CMakeFiles/dwb_critics.dir/src/rotate_to_goal.cpp.o[0m
[189.880s] [ 44%] [32mBuilding CXX object CMakeFiles/dwb_critics.dir/src/twirling.cpp.o[0m
[205.186s] [ 48%] [32m[1mLinking CXX shared library libdwb_critics.so[0m
[206.247s] [ 48%] Built target dwb_critics
[206.353s] [ 51%] [32mBuilding CXX object gtest/CMakeFiles/gtest.dir/src/gtest-all.cc.o[0m
[230.088s] [ 55%] [32m[1mLinking CXX static library libgtest.a[0m
[230.319s] [ 55%] Built target gtest
[230.378s] [ 59%] [32mBuilding CXX object gtest/CMakeFiles/gtest_main.dir/src/gtest_main.cc.o[0m
[233.134s] [ 62%] [32m[1mLinking CXX static library libgtest_main.a[0m
[233.273s] [ 62%] Built target gtest_main
[233.378s] [ 66%] [32mBuilding CXX object test/CMakeFiles/prefer_forward_tests.dir/prefer_forward_test.cpp.o[0m
[255.463s] [ 70%] [32m[1mLinking CXX executable prefer_forward_tests[0m
[256.494s] [ 70%] Built target prefer_forward_tests
[256.555s] [ 74%] [32mBuilding CXX object test/CMakeFiles/alignment_util_tests.dir/alignment_util_test.cpp.o[0m
[267.360s] [ 77%] [32m[1mLinking CXX executable alignment_util_tests[0m
[268.094s] [ 77%] Built target alignment_util_tests
[268.161s] [ 81%] [32mBuilding CXX object test/CMakeFiles/twirling_tests.dir/twirling_test.cpp.o[0m
[284.499s] [ 85%] [32m[1mLinking CXX executable twirling_tests[0m
[285.339s] [ 85%] Built target twirling_tests
[285.397s] [ 88%] [32mBuilding CXX object test/CMakeFiles/obstacle_footprint_tests.dir/obstacle_footprint_test.cpp.o[0m
[304.711s] [ 92%] [32m[1mLinking CXX executable obstacle_footprint_tests[0m
[305.884s] [ 92%] Built target obstacle_footprint_tests
[306.046s] [ 96%] [32mBuilding CXX object test/CMakeFiles/base_obstacle_tests.dir/base_obstacle_test.cpp.o[0m
[322.796s] [100%] [32m[1mLinking CXX executable base_obstacle_tests[0m
[323.786s] [100%] Built target base_obstacle_tests
[323.871s] Invoked command in '/home/edwinooi/Desktop/foxy_ws/build/dwb_critics' returned '0': AMENT_PREFIX_PATH=/home/edwinooi/Desktop/foxy_ws/install/dwb_core:/home/edwinooi/Desktop/foxy_ws/install/nav2_core:/home/edwinooi/Desktop/foxy_ws/install/costmap_queue:/home/edwinooi/Desktop/foxy_ws/install/nav2_costmap_2d:/home/edwinooi/Desktop/foxy_ws/install/nav_2d_utils:/home/edwinooi/Desktop/foxy_ws/install/nav2_util:/home/edwinooi/Desktop/foxy_ws/install/nav2_voxel_grid:/home/edwinooi/Desktop/foxy_ws/install/nav2_msgs:/home/edwinooi/Desktop/foxy_ws/install/dwb_msgs:/home/edwinooi/Desktop/foxy_ws/install/nav_2d_msgs:/home/edwinooi/Desktop/foxy_ws/install/nav2_common:${AMENT_PREFIX_PATH} CMAKE_PREFIX_PATH=/home/edwinooi/Desktop/foxy_ws/install/dwb_core:/home/edwinooi/Desktop/foxy_ws/install/nav2_core:/home/edwinooi/Desktop/foxy_ws/install/costmap_queue:/home/edwinooi/Desktop/foxy_ws/install/nav2_costmap_2d:/home/edwinooi/Desktop/foxy_ws/install/nav_2d_utils:/home/edwinooi/Desktop/foxy_ws/install/nav2_util:/home/edwinooi/Desktop/foxy_ws/install/nav2_voxel_grid:/home/edwinooi/Desktop/foxy_ws/install/nav2_msgs:/home/edwinooi/Desktop/foxy_ws/install/dwb_msgs:/home/edwinooi/Desktop/foxy_ws/install/nav_2d_msgs:/home/edwinooi/Desktop/foxy_ws/install/nav2_common:/home/edwinooi/Desktop/emanual/install/turtlebot3_simulations:/home/edwinooi/Desktop/emanual/install/turtlebot3_gazebo:/home/edwinooi/Desktop/emanual/install/turtlebot3_fake_node:/home/edwinooi/Desktop/emanual/install/ros2_aruco_interfaces:/home/edwinooi/Desktop/emanual/install/ros2_aruco:/opt/ros/humble LD_LIBRARY_PATH=/home/edwinooi/Desktop/foxy_ws/install/dwb_core/lib:/home/edwinooi/Desktop/foxy_ws/install/costmap_queue/lib:/home/edwinooi/Desktop/foxy_ws/install/nav2_costmap_2d/lib:/home/edwinooi/Desktop/foxy_ws/install/nav_2d_utils/lib:/home/edwinooi/Desktop/foxy_ws/install/nav2_util/lib:/home/edwinooi/Desktop/foxy_ws/install/nav2_voxel_grid/lib:/home/edwinooi/Desktop/foxy_ws/install/nav2_msgs/lib:/home/edwinooi/Desktop/foxy_ws/install/dwb_msgs/lib:/home/edwinooi/Desktop/foxy_ws/install/nav_2d_msgs/lib:${LD_LIBRARY_PATH} PYTHONPATH=/home/edwinooi/Desktop/foxy_ws/install/nav2_msgs/local/lib/python3.10/dist-packages:/home/edwinooi/Desktop/foxy_ws/install/dwb_msgs/local/lib/python3.10/dist-packages:/home/edwinooi/Desktop/foxy_ws/install/nav_2d_msgs/local/lib/python3.10/dist-packages:/home/edwinooi/Desktop/foxy_ws/install/nav2_common/local/lib/python3.10/dist-packages:${PYTHONPATH} /usr/bin/cmake --build /home/edwinooi/Desktop/foxy_ws/build/dwb_critics -- -j4 -l4
[324.423s] Invoking command in '/home/edwinooi/Desktop/foxy_ws/build/dwb_critics': AMENT_PREFIX_PATH=/home/edwinooi/Desktop/foxy_ws/install/dwb_core:/home/edwinooi/Desktop/foxy_ws/install/nav2_core:/home/edwinooi/Desktop/foxy_ws/install/costmap_queue:/home/edwinooi/Desktop/foxy_ws/install/nav2_costmap_2d:/home/edwinooi/Desktop/foxy_ws/install/nav_2d_utils:/home/edwinooi/Desktop/foxy_ws/install/nav2_util:/home/edwinooi/Desktop/foxy_ws/install/nav2_voxel_grid:/home/edwinooi/Desktop/foxy_ws/install/nav2_msgs:/home/edwinooi/Desktop/foxy_ws/install/dwb_msgs:/home/edwinooi/Desktop/foxy_ws/install/nav_2d_msgs:/home/edwinooi/Desktop/foxy_ws/install/nav2_common:${AMENT_PREFIX_PATH} CMAKE_PREFIX_PATH=/home/edwinooi/Desktop/foxy_ws/install/dwb_core:/home/edwinooi/Desktop/foxy_ws/install/nav2_core:/home/edwinooi/Desktop/foxy_ws/install/costmap_queue:/home/edwinooi/Desktop/foxy_ws/install/nav2_costmap_2d:/home/edwinooi/Desktop/foxy_ws/install/nav_2d_utils:/home/edwinooi/Desktop/foxy_ws/install/nav2_util:/home/edwinooi/Desktop/foxy_ws/install/nav2_voxel_grid:/home/edwinooi/Desktop/foxy_ws/install/nav2_msgs:/home/edwinooi/Desktop/foxy_ws/install/dwb_msgs:/home/edwinooi/Desktop/foxy_ws/install/nav_2d_msgs:/home/edwinooi/Desktop/foxy_ws/install/nav2_common:/home/edwinooi/Desktop/emanual/install/turtlebot3_simulations:/home/edwinooi/Desktop/emanual/install/turtlebot3_gazebo:/home/edwinooi/Desktop/emanual/install/turtlebot3_fake_node:/home/edwinooi/Desktop/emanual/install/ros2_aruco_interfaces:/home/edwinooi/Desktop/emanual/install/ros2_aruco:/opt/ros/humble LD_LIBRARY_PATH=/home/edwinooi/Desktop/foxy_ws/install/dwb_core/lib:/home/edwinooi/Desktop/foxy_ws/install/costmap_queue/lib:/home/edwinooi/Desktop/foxy_ws/install/nav2_costmap_2d/lib:/home/edwinooi/Desktop/foxy_ws/install/nav_2d_utils/lib:/home/edwinooi/Desktop/foxy_ws/install/nav2_util/lib:/home/edwinooi/Desktop/foxy_ws/install/nav2_voxel_grid/lib:/home/edwinooi/Desktop/foxy_ws/install/nav2_msgs/lib:/home/edwinooi/Desktop/foxy_ws/install/dwb_msgs/lib:/home/edwinooi/Desktop/foxy_ws/install/nav_2d_msgs/lib:${LD_LIBRARY_PATH} PYTHONPATH=/home/edwinooi/Desktop/foxy_ws/install/nav2_msgs/local/lib/python3.10/dist-packages:/home/edwinooi/Desktop/foxy_ws/install/dwb_msgs/local/lib/python3.10/dist-packages:/home/edwinooi/Desktop/foxy_ws/install/nav_2d_msgs/local/lib/python3.10/dist-packages:/home/edwinooi/Desktop/foxy_ws/install/nav2_common/local/lib/python3.10/dist-packages:${PYTHONPATH} /usr/bin/cmake --install /home/edwinooi/Desktop/foxy_ws/build/dwb_critics
[324.449s] -- Install configuration: "Release"
[324.449s] -- Installing: /home/edwinooi/Desktop/foxy_ws/install/dwb_critics/lib/libdwb_critics.so
[324.450s] -- Set runtime path of "/home/edwinooi/Desktop/foxy_ws/install/dwb_critics/lib/libdwb_critics.so" to ""
[324.450s] -- Installing: /home/edwinooi/Desktop/foxy_ws/install/dwb_critics/include/
[324.463s] -- Installing: /home/edwinooi/Desktop/foxy_ws/install/dwb_critics/include//dwb_critics
[324.464s] -- Installing: /home/edwinooi/Desktop/foxy_ws/install/dwb_critics/include//dwb_critics/goal_align.hpp
[324.467s] -- Installing: /home/edwinooi/Desktop/foxy_ws/install/dwb_critics/include//dwb_critics/oscillation.hpp
[324.475s] -- Installing: /home/edwinooi/Desktop/foxy_ws/install/dwb_critics/include//dwb_critics/alignment_util.hpp
[324.479s] -- Installing: /home/edwinooi/Desktop/foxy_ws/install/dwb_critics/include//dwb_critics/goal_dist.hpp
[324.481s] -- Installing: /home/edwinooi/Desktop/foxy_ws/install/dwb_critics/include//dwb_critics/rotate_to_goal.hpp
[324.485s] -- Installing: /home/edwinooi/Desktop/foxy_ws/install/dwb_critics/include//dwb_critics/line_iterator.hpp
[324.489s] -- Installing: /home/edwinooi/Desktop/foxy_ws/install/dwb_critics/include//dwb_critics/twirling.hpp
[324.492s] -- Installing: /home/edwinooi/Desktop/foxy_ws/install/dwb_critics/include//dwb_critics/map_grid.hpp
[324.495s] -- Installing: /home/edwinooi/Desktop/foxy_ws/install/dwb_critics/include//dwb_critics/base_obstacle.hpp
[324.497s] -- Installing: /home/edwinooi/Desktop/foxy_ws/install/dwb_critics/include//dwb_critics/path_align.hpp
[324.499s] -- Installing: /home/edwinooi/Desktop/foxy_ws/install/dwb_critics/include//dwb_critics/prefer_forward.hpp
[324.502s] -- Installing: /home/edwinooi/Desktop/foxy_ws/install/dwb_critics/include//dwb_critics/obstacle_footprint.hpp
[324.504s] -- Installing: /home/edwinooi/Desktop/foxy_ws/install/dwb_critics/include//dwb_critics/path_dist.hpp
[324.507s] -- Installing: /home/edwinooi/Desktop/foxy_ws/install/dwb_critics/share/dwb_critics/default_critics.xml
[324.515s] -- Installing: /home/edwinooi/Desktop/foxy_ws/install/dwb_critics/share/dwb_critics/environment/library_path.sh
[324.517s] -- Installing: /home/edwinooi/Desktop/foxy_ws/install/dwb_critics/share/dwb_critics/environment/library_path.dsv
[324.518s] -- Up-to-date: /home/edwinooi/Desktop/foxy_ws/install/dwb_critics/share/dwb_critics/default_critics.xml
[324.518s] -- Installing: /home/edwinooi/Desktop/foxy_ws/install/dwb_critics/share/ament_index/resource_index/package_run_dependencies/dwb_critics
[324.521s] -- Installing: /home/edwinooi/Desktop/foxy_ws/install/dwb_critics/share/ament_index/resource_index/parent_prefix_path/dwb_critics
[324.521s] -- Installing: /home/edwinooi/Desktop/foxy_ws/install/dwb_critics/share/dwb_critics/environment/ament_prefix_path.sh
[324.521s] -- Installing: /home/edwinooi/Desktop/foxy_ws/install/dwb_critics/share/dwb_critics/environment/ament_prefix_path.dsv
[324.521s] -- Installing: /home/edwinooi/Desktop/foxy_ws/install/dwb_critics/share/dwb_critics/environment/path.sh
[324.521s] -- Installing: /home/edwinooi/Desktop/foxy_ws/install/dwb_critics/share/dwb_critics/environment/path.dsv
[324.522s] -- Installing: /home/edwinooi/Desktop/foxy_ws/install/dwb_critics/share/dwb_critics/local_setup.bash
[324.522s] -- Installing: /home/edwinooi/Desktop/foxy_ws/install/dwb_critics/share/dwb_critics/local_setup.sh
[324.522s] -- Installing: /home/edwinooi/Desktop/foxy_ws/install/dwb_critics/share/dwb_critics/local_setup.zsh
[324.522s] -- Installing: /home/edwinooi/Desktop/foxy_ws/install/dwb_critics/share/dwb_critics/local_setup.dsv
[324.522s] -- Installing: /home/edwinooi/Desktop/foxy_ws/install/dwb_critics/share/dwb_critics/package.dsv
[324.526s] -- Installing: /home/edwinooi/Desktop/foxy_ws/install/dwb_critics/share/ament_index/resource_index/packages/dwb_critics
[324.527s] -- Installing: /home/edwinooi/Desktop/foxy_ws/install/dwb_critics/share/ament_index/resource_index/dwb_core__pluginlib__plugin/dwb_critics
[324.527s] -- Installing: /home/edwinooi/Desktop/foxy_ws/install/dwb_critics/share/dwb_critics/cmake/ament_cmake_export_include_directories-extras.cmake
[324.527s] -- Installing: /home/edwinooi/Desktop/foxy_ws/install/dwb_critics/share/dwb_critics/cmake/ament_cmake_export_libraries-extras.cmake
[324.527s] -- Installing: /home/edwinooi/Desktop/foxy_ws/install/dwb_critics/share/dwb_critics/cmake/ament_cmake_export_dependencies-extras.cmake
[324.528s] -- Installing: /home/edwinooi/Desktop/foxy_ws/install/dwb_critics/share/dwb_critics/cmake/dwb_criticsConfig.cmake
[324.528s] -- Installing: /home/edwinooi/Desktop/foxy_ws/install/dwb_critics/share/dwb_critics/cmake/dwb_criticsConfig-version.cmake
[324.528s] -- Installing: /home/edwinooi/Desktop/foxy_ws/install/dwb_critics/share/dwb_critics/package.xml
[324.547s] Invoked command in '/home/edwinooi/Desktop/foxy_ws/build/dwb_critics' returned '0': AMENT_PREFIX_PATH=/home/edwinooi/Desktop/foxy_ws/install/dwb_core:/home/edwinooi/Desktop/foxy_ws/install/nav2_core:/home/edwinooi/Desktop/foxy_ws/install/costmap_queue:/home/edwinooi/Desktop/foxy_ws/install/nav2_costmap_2d:/home/edwinooi/Desktop/foxy_ws/install/nav_2d_utils:/home/edwinooi/Desktop/foxy_ws/install/nav2_util:/home/edwinooi/Desktop/foxy_ws/install/nav2_voxel_grid:/home/edwinooi/Desktop/foxy_ws/install/nav2_msgs:/home/edwinooi/Desktop/foxy_ws/install/dwb_msgs:/home/edwinooi/Desktop/foxy_ws/install/nav_2d_msgs:/home/edwinooi/Desktop/foxy_ws/install/nav2_common:${AMENT_PREFIX_PATH} CMAKE_PREFIX_PATH=/home/edwinooi/Desktop/foxy_ws/install/dwb_core:/home/edwinooi/Desktop/foxy_ws/install/nav2_core:/home/edwinooi/Desktop/foxy_ws/install/costmap_queue:/home/edwinooi/Desktop/foxy_ws/install/nav2_costmap_2d:/home/edwinooi/Desktop/foxy_ws/install/nav_2d_utils:/home/edwinooi/Desktop/foxy_ws/install/nav2_util:/home/edwinooi/Desktop/foxy_ws/install/nav2_voxel_grid:/home/edwinooi/Desktop/foxy_ws/install/nav2_msgs:/home/edwinooi/Desktop/foxy_ws/install/dwb_msgs:/home/edwinooi/Desktop/foxy_ws/install/nav_2d_msgs:/home/edwinooi/Desktop/foxy_ws/install/nav2_common:/home/edwinooi/Desktop/emanual/install/turtlebot3_simulations:/home/edwinooi/Desktop/emanual/install/turtlebot3_gazebo:/home/edwinooi/Desktop/emanual/install/turtlebot3_fake_node:/home/edwinooi/Desktop/emanual/install/ros2_aruco_interfaces:/home/edwinooi/Desktop/emanual/install/ros2_aruco:/opt/ros/humble LD_LIBRARY_PATH=/home/edwinooi/Desktop/foxy_ws/install/dwb_core/lib:/home/edwinooi/Desktop/foxy_ws/install/costmap_queue/lib:/home/edwinooi/Desktop/foxy_ws/install/nav2_costmap_2d/lib:/home/edwinooi/Desktop/foxy_ws/install/nav_2d_utils/lib:/home/edwinooi/Desktop/foxy_ws/install/nav2_util/lib:/home/edwinooi/Desktop/foxy_ws/install/nav2_voxel_grid/lib:/home/edwinooi/Desktop/foxy_ws/install/nav2_msgs/lib:/home/edwinooi/Desktop/foxy_ws/install/dwb_msgs/lib:/home/edwinooi/Desktop/foxy_ws/install/nav_2d_msgs/lib:${LD_LIBRARY_PATH} PYTHONPATH=/home/edwinooi/Desktop/foxy_ws/install/nav2_msgs/local/lib/python3.10/dist-packages:/home/edwinooi/Desktop/foxy_ws/install/dwb_msgs/local/lib/python3.10/dist-packages:/home/edwinooi/Desktop/foxy_ws/install/nav_2d_msgs/local/lib/python3.10/dist-packages:/home/edwinooi/Desktop/foxy_ws/install/nav2_common/local/lib/python3.10/dist-packages:${PYTHONPATH} /usr/bin/cmake --install /home/edwinooi/Desktop/foxy_ws/build/dwb_critics
