[0.236s] Invoking command in '/home/edwinooi/Desktop/foxy_ws/build/ros2_aruco_interfaces': CMAKE_PREFIX_PATH=${CMAKE_PREFIX_PATH}:/home/edwinooi/Desktop/emanual/install/ros2_aruco:/opt/ros/humble /usr/bin/cmake /home/edwinooi/Desktop/foxy_ws/src/turtlebot3_simulations/ros2_aruco/ros2_aruco_interfaces -DCMAKE_INSTALL_PREFIX=/home/edwinooi/Desktop/foxy_ws/install/ros2_aruco_interfaces
[0.441s] -- The C compiler identification is GNU 11.4.0
[0.615s] -- The CXX compiler identification is GNU 11.4.0
[0.659s] -- Detecting C compiler ABI info
[1.055s] -- Detecting C compiler ABI info - done
[1.111s] -- Check for working C compiler: /usr/bin/cc - skipped
[1.115s] -- Detecting C compile features
[1.115s] -- Detecting C compile features - done
[1.131s] -- Detecting CXX compiler ABI info
[1.475s] -- Detecting CXX compiler ABI info - done
[1.539s] -- Check for working CXX compiler: /usr/bin/c++ - skipped
[1.541s] -- Detecting CXX compile features
[1.542s] -- Detecting CXX compile features - done
[1.555s] -- Found ament_cmake: 1.3.8 (/opt/ros/humble/share/ament_cmake/cmake)
[2.456s] -- Found Python3: /usr/bin/python3 (found version "3.10.12") found components: Interpreter 
[2.919s] -- Found geometry_msgs: 4.2.3 (/opt/ros/humble/share/geometry_msgs/cmake)
[3.074s] -- Found rosidl_generator_c: 3.1.5 (/opt/ros/humble/share/rosidl_generator_c/cmake)
[3.091s] -- Found rosidl_adapter: 3.1.5 (/opt/ros/humble/share/rosidl_adapter/cmake)
[3.119s] -- Found rosidl_generator_cpp: 3.1.5 (/opt/ros/humble/share/rosidl_generator_cpp/cmake)
[3.159s] -- Using all available rosidl_typesupport_c: rosidl_typesupport_fastrtps_c;rosidl_typesupport_introspection_c
[3.284s] -- Using all available rosidl_typesupport_cpp: rosidl_typesupport_fastrtps_cpp;rosidl_typesupport_introspection_cpp
[3.711s] -- Found rosidl_default_generators: 1.2.0 (/opt/ros/humble/share/rosidl_default_generators/cmake)
[4.778s] -- Found ament_cmake_ros: 0.10.0 (/opt/ros/humble/share/ament_cmake_ros/cmake)
[7.175s] -- Using all available rosidl_typesupport_c: rosidl_typesupport_fastrtps_c;rosidl_typesupport_introspection_c
[8.218s] -- Using all available rosidl_typesupport_cpp: rosidl_typesupport_fastrtps_cpp;rosidl_typesupport_introspection_cpp
[8.378s] -- Found PythonInterp: /usr/bin/python3 (found suitable version "3.10.12", minimum required is "3.6") 
[8.383s] -- Found python_cmake_module: 0.10.0 (/opt/ros/humble/share/python_cmake_module/cmake)
[8.561s] -- Found PythonLibs: /usr/lib/x86_64-linux-gnu/libpython3.10.so (found suitable version "3.10.12", minimum required is "3.5") 
[8.562s] -- Using PYTHON_EXECUTABLE: /usr/bin/python3
[8.562s] -- Using PYTHON_INCLUDE_DIRS: /usr/include/python3.10
[8.562s] -- Using PYTHON_LIBRARIES: /usr/lib/x86_64-linux-gnu/libpython3.10.so
[8.657s] -- Found PythonExtra: .so  
[8.981s] -- Found ament_lint_auto: 0.12.10 (/opt/ros/humble/share/ament_lint_auto/cmake)
[9.164s] -- Added test 'copyright' to check source files copyright and LICENSE
[9.188s] -- Added test 'lint_cmake' to check CMake code style
[9.199s] -- Added test 'xmllint' to check XML markup files
[9.227s] -- Configuring done
[9.533s] -- Generating done
[9.560s] -- Build files have been written to: /home/edwinooi/Desktop/foxy_ws/build/ros2_aruco_interfaces
[9.661s] Invoked command in '/home/edwinooi/Desktop/foxy_ws/build/ros2_aruco_interfaces' returned '0': CMAKE_PREFIX_PATH=${CMAKE_PREFIX_PATH}:/home/edwinooi/Desktop/emanual/install/ros2_aruco:/opt/ros/humble /usr/bin/cmake /home/edwinooi/Desktop/foxy_ws/src/turtlebot3_simulations/ros2_aruco/ros2_aruco_interfaces -DCMAKE_INSTALL_PREFIX=/home/edwinooi/Desktop/foxy_ws/install/ros2_aruco_interfaces
[9.666s] Invoking command in '/home/edwinooi/Desktop/foxy_ws/build/ros2_aruco_interfaces': CMAKE_PREFIX_PATH=${CMAKE_PREFIX_PATH}:/home/edwinooi/Desktop/emanual/install/ros2_aruco:/opt/ros/humble /usr/bin/cmake --build /home/edwinooi/Desktop/foxy_ws/build/ros2_aruco_interfaces -- -j4 -l4
[10.000s] [  2%] [34m[1mGenerating C code for ROS interfaces[0m
[10.180s] [  5%] [34m[1mGenerating C++ code for ROS interfaces[0m
[10.182s] [  5%] Built target ament_cmake_python_copy_ros2_aruco_interfaces
[11.871s] running egg_info
[11.901s] creating ros2_aruco_interfaces.egg-info
[11.906s] writing ros2_aruco_interfaces.egg-info/PKG-INFO
[11.912s] writing dependency_links to ros2_aruco_interfaces.egg-info/dependency_links.txt
[11.912s] writing top-level names to ros2_aruco_interfaces.egg-info/top_level.txt
[11.913s] writing manifest file 'ros2_aruco_interfaces.egg-info/SOURCES.txt'
[11.947s] reading manifest file 'ros2_aruco_interfaces.egg-info/SOURCES.txt'
[11.948s] writing manifest file 'ros2_aruco_interfaces.egg-info/SOURCES.txt'
[12.215s] [  5%] Built target ament_cmake_python_build_ros2_aruco_interfaces_egg
[13.350s] [  7%] [32mBuilding C object CMakeFiles/ros2_aruco_interfaces__rosidl_generator_c.dir/rosidl_generator_c/ros2_aruco_interfaces/msg/detail/aruco_markers__functions.c.o[0m
[13.708s] [  7%] Built target ros2_aruco_interfaces__cpp
[14.025s] [ 10%] [32mBuilding C object CMakeFiles/ros2_aruco_interfaces__rosidl_generator_c.dir/rosidl_generator_c/ros2_aruco_interfaces/msg/detail/aruco_markers_with_rot_matrix__functions.c.o[0m
[14.363s] [ 12%] [32m[1mLinking C shared library libros2_aruco_interfaces__rosidl_generator_c.so[0m
[14.804s] [ 12%] Built target ros2_aruco_interfaces__rosidl_generator_c
[14.943s] [ 15%] [34m[1mGenerating C++ introspection for ROS interfaces[0m
[17.487s] [ 17%] [32mBuilding CXX object CMakeFiles/ros2_aruco_interfaces__rosidl_typesupport_introspection_cpp.dir/rosidl_typesupport_introspection_cpp/ros2_aruco_interfaces/msg/detail/aruco_markers__type_support.cpp.o[0m
[21.214s] [ 20%] [32mBuilding CXX object CMakeFiles/ros2_aruco_interfaces__rosidl_typesupport_introspection_cpp.dir/rosidl_typesupport_introspection_cpp/ros2_aruco_interfaces/msg/detail/aruco_markers_with_rot_matrix__type_support.cpp.o[0m
[24.311s] [ 23%] [32m[1mLinking CXX shared library libros2_aruco_interfaces__rosidl_typesupport_introspection_cpp.so[0m
[24.760s] [ 23%] Built target ros2_aruco_interfaces__rosidl_typesupport_introspection_cpp
[24.859s] [ 25%] [34m[1mGenerating C type support for eProsima Fast-RTPS[0m
[26.689s] [ 28%] [32mBuilding CXX object CMakeFiles/ros2_aruco_interfaces__rosidl_typesupport_fastrtps_c.dir/rosidl_typesupport_fastrtps_c/ros2_aruco_interfaces/msg/detail/aruco_markers__type_support_c.cpp.o[0m
[28.820s] [ 30%] [32mBuilding CXX object CMakeFiles/ros2_aruco_interfaces__rosidl_typesupport_fastrtps_c.dir/rosidl_typesupport_fastrtps_c/ros2_aruco_interfaces/msg/detail/aruco_markers_with_rot_matrix__type_support_c.cpp.o[0m
[31.265s] [ 33%] [32m[1mLinking CXX shared library libros2_aruco_interfaces__rosidl_typesupport_fastrtps_c.so[0m
[31.947s] [ 33%] Built target ros2_aruco_interfaces__rosidl_typesupport_fastrtps_c
[32.044s] [ 35%] [34m[1mGenerating C introspection for ROS interfaces[0m
[33.581s] [ 38%] [32mBuilding C object CMakeFiles/ros2_aruco_interfaces__rosidl_typesupport_introspection_c.dir/rosidl_typesupport_introspection_c/ros2_aruco_interfaces/msg/detail/aruco_markers__type_support.c.o[0m
[33.964s] [ 41%] [32mBuilding C object CMakeFiles/ros2_aruco_interfaces__rosidl_typesupport_introspection_c.dir/rosidl_typesupport_introspection_c/ros2_aruco_interfaces/msg/detail/aruco_markers_with_rot_matrix__type_support.c.o[0m
[34.245s] [ 43%] [32m[1mLinking C shared library libros2_aruco_interfaces__rosidl_typesupport_introspection_c.so[0m
[34.515s] [ 43%] Built target ros2_aruco_interfaces__rosidl_typesupport_introspection_c
[34.643s] [ 46%] [34m[1mGenerating C type support dispatch for ROS interfaces[0m
[35.729s] [ 48%] [32mBuilding CXX object CMakeFiles/ros2_aruco_interfaces__rosidl_typesupport_c.dir/rosidl_typesupport_c/ros2_aruco_interfaces/msg/aruco_markers__type_support.cpp.o[0m
[35.897s] [ 51%] [32mBuilding CXX object CMakeFiles/ros2_aruco_interfaces__rosidl_typesupport_c.dir/rosidl_typesupport_c/ros2_aruco_interfaces/msg/aruco_markers_with_rot_matrix__type_support.cpp.o[0m
[35.977s] [ 53%] [32m[1mLinking CXX shared library libros2_aruco_interfaces__rosidl_typesupport_c.so[0m
[36.298s] [ 53%] Built target ros2_aruco_interfaces__rosidl_typesupport_c
[36.380s] [ 56%] [34m[1mGenerating C++ type support for eProsima Fast-RTPS[0m
[37.699s] [ 58%] [32mBuilding CXX object CMakeFiles/ros2_aruco_interfaces__rosidl_typesupport_fastrtps_cpp.dir/rosidl_typesupport_fastrtps_cpp/ros2_aruco_interfaces/msg/detail/dds_fastrtps/aruco_markers__type_support.cpp.o[0m
[39.628s] [ 61%] [32mBuilding CXX object CMakeFiles/ros2_aruco_interfaces__rosidl_typesupport_fastrtps_cpp.dir/rosidl_typesupport_fastrtps_cpp/ros2_aruco_interfaces/msg/detail/dds_fastrtps/aruco_markers_with_rot_matrix__type_support.cpp.o[0m
[41.504s] [ 64%] [32m[1mLinking CXX shared library libros2_aruco_interfaces__rosidl_typesupport_fastrtps_cpp.so[0m
[42.026s] [ 64%] Built target ros2_aruco_interfaces__rosidl_typesupport_fastrtps_cpp
[42.111s] [ 66%] [34m[1mGenerating C++ type support dispatch for ROS interfaces[0m
[43.721s] [ 69%] [32mBuilding CXX object CMakeFiles/ros2_aruco_interfaces__rosidl_typesupport_cpp.dir/rosidl_typesupport_cpp/ros2_aruco_interfaces/msg/aruco_markers__type_support.cpp.o[0m
[45.760s] [ 71%] [32mBuilding CXX object CMakeFiles/ros2_aruco_interfaces__rosidl_typesupport_cpp.dir/rosidl_typesupport_cpp/ros2_aruco_interfaces/msg/aruco_markers_with_rot_matrix__type_support.cpp.o[0m
[47.253s] [ 74%] [32m[1mLinking CXX shared library libros2_aruco_interfaces__rosidl_typesupport_cpp.so[0m
[47.548s] [ 74%] Built target ros2_aruco_interfaces__rosidl_typesupport_cpp
[47.684s] [ 74%] Built target ros2_aruco_interfaces
[47.839s] [ 76%] [34m[1mGenerating Python code for ROS interfaces[0m
[50.627s] [ 76%] Built target ros2_aruco_interfaces__py
[50.823s] [ 79%] [32mBuilding C object CMakeFiles/ros2_aruco_interfaces__rosidl_generator_py.dir/rosidl_generator_py/ros2_aruco_interfaces/msg/_aruco_markers_s.c.o[0m
[51.835s] [ 82%] [32mBuilding C object CMakeFiles/ros2_aruco_interfaces__rosidl_generator_py.dir/rosidl_generator_py/ros2_aruco_interfaces/msg/_aruco_markers_with_rot_matrix_s.c.o[0m
[53.056s] [ 84%] [32m[1mLinking C shared library rosidl_generator_py/ros2_aruco_interfaces/libros2_aruco_interfaces__rosidl_generator_py.so[0m
[53.407s] [ 84%] Built target ros2_aruco_interfaces__rosidl_generator_py
[53.615s] [ 87%] [32mBuilding C object CMakeFiles/ros2_aruco_interfaces__rosidl_typesupport_fastrtps_c__pyext.dir/rosidl_generator_py/ros2_aruco_interfaces/_ros2_aruco_interfaces_s.ep.rosidl_typesupport_fastrtps_c.c.o[0m
[54.724s] [ 89%] [32m[1mLinking C shared library rosidl_generator_py/ros2_aruco_interfaces/ros2_aruco_interfaces_s__rosidl_typesupport_fastrtps_c.cpython-310-x86_64-linux-gnu.so[0m
[55.075s] [ 89%] Built target ros2_aruco_interfaces__rosidl_typesupport_fastrtps_c__pyext
[55.164s] [ 92%] [32mBuilding C object CMakeFiles/ros2_aruco_interfaces__rosidl_typesupport_c__pyext.dir/rosidl_generator_py/ros2_aruco_interfaces/_ros2_aruco_interfaces_s.ep.rosidl_typesupport_c.c.o[0m
[55.891s] [ 94%] [32m[1mLinking C shared library rosidl_generator_py/ros2_aruco_interfaces/ros2_aruco_interfaces_s__rosidl_typesupport_c.cpython-310-x86_64-linux-gnu.so[0m
[56.141s] [ 94%] Built target ros2_aruco_interfaces__rosidl_typesupport_c__pyext
[56.312s] [ 97%] [32mBuilding C object CMakeFiles/ros2_aruco_interfaces__rosidl_typesupport_introspection_c__pyext.dir/rosidl_generator_py/ros2_aruco_interfaces/_ros2_aruco_interfaces_s.ep.rosidl_typesupport_introspection_c.c.o[0m
[56.947s] [100%] [32m[1mLinking C shared library rosidl_generator_py/ros2_aruco_interfaces/ros2_aruco_interfaces_s__rosidl_typesupport_introspection_c.cpython-310-x86_64-linux-gnu.so[0m
[57.119s] [100%] Built target ros2_aruco_interfaces__rosidl_typesupport_introspection_c__pyext
