[0.538s] Invoking command in '/home/edwinooi/Desktop/foxy_ws/build/nav2_core': AMENT_PREFIX_PATH=/home/edwinooi/Desktop/foxy_ws/install/nav2_costmap_2d:/home/edwinooi/Desktop/foxy_ws/install/nav2_util:/home/edwinooi/Desktop/foxy_ws/install/nav2_voxel_grid:/home/edwinooi/Desktop/foxy_ws/install/nav2_msgs:/home/edwinooi/Desktop/foxy_ws/install/nav2_common:${AMENT_PREFIX_PATH} CMAKE_PREFIX_PATH=/home/edwinooi/Desktop/foxy_ws/install/nav2_costmap_2d:/home/edwinooi/Desktop/foxy_ws/install/nav2_util:/home/edwinooi/Desktop/foxy_ws/install/nav2_voxel_grid:/home/edwinooi/Desktop/foxy_ws/install/nav2_msgs:/home/edwinooi/Desktop/foxy_ws/install/nav2_common:/home/edwinooi/Desktop/emanual/install/turtlebot3_simulations:/home/edwinooi/Desktop/emanual/install/turtlebot3_gazebo:/home/edwinooi/Desktop/emanual/install/turtlebot3_fake_node:/home/edwinooi/Desktop/emanual/install/ros2_aruco_interfaces:/home/edwinooi/Desktop/emanual/install/ros2_aruco:/opt/ros/humble LD_LIBRARY_PATH=/home/edwinooi/Desktop/foxy_ws/install/nav2_costmap_2d/lib:/home/edwinooi/Desktop/foxy_ws/install/nav2_util/lib:/home/edwinooi/Desktop/foxy_ws/install/nav2_voxel_grid/lib:/home/edwinooi/Desktop/foxy_ws/install/nav2_msgs/lib:${LD_LIBRARY_PATH} PYTHONPATH=/home/edwinooi/Desktop/foxy_ws/install/nav2_msgs/local/lib/python3.10/dist-packages:/home/edwinooi/Desktop/foxy_ws/install/nav2_common/local/lib/python3.10/dist-packages:${PYTHONPATH} /usr/bin/cmake /home/edwinooi/Desktop/foxy_ws/src/turtlebot3_simulations/navigation2-humble/nav2_core -DCMAKE_INSTALL_PREFIX=/home/edwinooi/Desktop/foxy_ws/install/nav2_core
[0.836s] -- The C compiler identification is GNU 11.4.0
[1.041s] -- The CXX compiler identification is GNU 11.4.0
[1.081s] -- Detecting C compiler ABI info
[1.378s] -- Detecting C compiler ABI info - done
[1.447s] -- Check for working C compiler: /usr/bin/cc - skipped
[1.447s] -- Detecting C compile features
[1.447s] -- Detecting C compile features - done
[1.467s] -- Detecting CXX compiler ABI info
[2.092s] -- Detecting CXX compiler ABI info - done
[2.191s] -- Check for working CXX compiler: /usr/bin/c++ - skipped
[2.192s] -- Detecting CXX compile features
[2.193s] -- Detecting CXX compile features - done
[2.225s] -- Found ament_cmake: 1.3.8 (/opt/ros/humble/share/ament_cmake/cmake)
[2.966s] -- Found Python3: /usr/bin/python3 (found version "3.10.12") found components: Interpreter 
[3.343s] -- Found nav2_common: 1.1.15 (/home/edwinooi/Desktop/foxy_ws/install/nav2_common/share/nav2_common/cmake)
[3.350s] -- Found rclcpp: 16.0.8 (/opt/ros/humble/share/rclcpp/cmake)
[3.670s] -- Found rosidl_generator_c: 3.1.5 (/opt/ros/humble/share/rosidl_generator_c/cmake)
[3.712s] -- Found rosidl_adapter: 3.1.5 (/opt/ros/humble/share/rosidl_adapter/cmake)
[3.737s] -- Found rosidl_generator_cpp: 3.1.5 (/opt/ros/humble/share/rosidl_generator_cpp/cmake)
[3.781s] -- Using all available rosidl_typesupport_c: rosidl_typesupport_fastrtps_c;rosidl_typesupport_introspection_c
[3.850s] -- Using all available rosidl_typesupport_cpp: rosidl_typesupport_fastrtps_cpp;rosidl_typesupport_introspection_cpp
[4.073s] -- Found rmw_implementation_cmake: 6.1.1 (/opt/ros/humble/share/rmw_implementation_cmake/cmake)
[4.085s] -- Found rmw_fastrtps_cpp: 6.2.6 (/opt/ros/humble/share/rmw_fastrtps_cpp/cmake)
[4.516s] -- Found OpenSSL: /usr/lib/x86_64-linux-gnu/libcrypto.so (found version "3.0.2")  
[4.618s] -- Found FastRTPS: /opt/ros/humble/include  
[4.754s] -- Using RMW implementation 'rmw_fastrtps_cpp' as default
[4.790s] -- Looking for pthread.h
[5.106s] -- Looking for pthread.h - found
[5.107s] -- Performing Test CMAKE_HAVE_LIBC_PTHREAD
[5.608s] -- Performing Test CMAKE_HAVE_LIBC_PTHREAD - Success
[5.610s] -- Found Threads: TRUE  
[6.630s] -- Found rclcpp_lifecycle: 16.0.8 (/opt/ros/humble/share/rclcpp_lifecycle/cmake)
[6.918s] -- Found geometry_msgs: 4.2.3 (/opt/ros/humble/share/geometry_msgs/cmake)
[7.179s] -- Found nav2_costmap_2d: 1.1.15 (/home/edwinooi/Desktop/foxy_ws/install/nav2_costmap_2d/share/nav2_costmap_2d/cmake)
[10.157s] -- Found Eigen3: TRUE (found version "3.4.0") 
[10.162s] -- Ensuring Eigen3 include directory is part of orocos-kdl CMake target
[13.431s] -- Setting build type to Release as none was specified.
[13.451s] -- Found ament_lint_auto: 0.12.10 (/opt/ros/humble/share/ament_lint_auto/cmake)
[14.017s] -- Added test 'cppcheck' to perform static code analysis on C / C++ code
[14.017s] -- Configured cppcheck include dirs: 
[14.017s] -- Configured cppcheck exclude dirs and/or files: 
[14.033s] -- Added test 'cpplint' to check C / C++ code against the Google style
[14.033s] -- Configured cpplint exclude dirs and/or files: 
[14.033s] -- Added test 'lint_cmake' to check CMake code style
[14.033s] -- Added test 'uncrustify' to check C / C++ code style
[14.033s] -- Configured uncrustify additional arguments: 
[14.033s] -- Added test 'xmllint' to check XML markup files
[14.034s] -- Configuring done
[14.058s] -- Generating done
[14.058s] -- Build files have been written to: /home/edwinooi/Desktop/foxy_ws/build/nav2_core
[14.086s] Invoked command in '/home/edwinooi/Desktop/foxy_ws/build/nav2_core' returned '0': AMENT_PREFIX_PATH=/home/edwinooi/Desktop/foxy_ws/install/nav2_costmap_2d:/home/edwinooi/Desktop/foxy_ws/install/nav2_util:/home/edwinooi/Desktop/foxy_ws/install/nav2_voxel_grid:/home/edwinooi/Desktop/foxy_ws/install/nav2_msgs:/home/edwinooi/Desktop/foxy_ws/install/nav2_common:${AMENT_PREFIX_PATH} CMAKE_PREFIX_PATH=/home/edwinooi/Desktop/foxy_ws/install/nav2_costmap_2d:/home/edwinooi/Desktop/foxy_ws/install/nav2_util:/home/edwinooi/Desktop/foxy_ws/install/nav2_voxel_grid:/home/edwinooi/Desktop/foxy_ws/install/nav2_msgs:/home/edwinooi/Desktop/foxy_ws/install/nav2_common:/home/edwinooi/Desktop/emanual/install/turtlebot3_simulations:/home/edwinooi/Desktop/emanual/install/turtlebot3_gazebo:/home/edwinooi/Desktop/emanual/install/turtlebot3_fake_node:/home/edwinooi/Desktop/emanual/install/ros2_aruco_interfaces:/home/edwinooi/Desktop/emanual/install/ros2_aruco:/opt/ros/humble LD_LIBRARY_PATH=/home/edwinooi/Desktop/foxy_ws/install/nav2_costmap_2d/lib:/home/edwinooi/Desktop/foxy_ws/install/nav2_util/lib:/home/edwinooi/Desktop/foxy_ws/install/nav2_voxel_grid/lib:/home/edwinooi/Desktop/foxy_ws/install/nav2_msgs/lib:${LD_LIBRARY_PATH} PYTHONPATH=/home/edwinooi/Desktop/foxy_ws/install/nav2_msgs/local/lib/python3.10/dist-packages:/home/edwinooi/Desktop/foxy_ws/install/nav2_common/local/lib/python3.10/dist-packages:${PYTHONPATH} /usr/bin/cmake /home/edwinooi/Desktop/foxy_ws/src/turtlebot3_simulations/navigation2-humble/nav2_core -DCMAKE_INSTALL_PREFIX=/home/edwinooi/Desktop/foxy_ws/install/nav2_core
[14.102s] Invoking command in '/home/edwinooi/Desktop/foxy_ws/build/nav2_core': AMENT_PREFIX_PATH=/home/edwinooi/Desktop/foxy_ws/install/nav2_costmap_2d:/home/edwinooi/Desktop/foxy_ws/install/nav2_util:/home/edwinooi/Desktop/foxy_ws/install/nav2_voxel_grid:/home/edwinooi/Desktop/foxy_ws/install/nav2_msgs:/home/edwinooi/Desktop/foxy_ws/install/nav2_common:${AMENT_PREFIX_PATH} CMAKE_PREFIX_PATH=/home/edwinooi/Desktop/foxy_ws/install/nav2_costmap_2d:/home/edwinooi/Desktop/foxy_ws/install/nav2_util:/home/edwinooi/Desktop/foxy_ws/install/nav2_voxel_grid:/home/edwinooi/Desktop/foxy_ws/install/nav2_msgs:/home/edwinooi/Desktop/foxy_ws/install/nav2_common:/home/edwinooi/Desktop/emanual/install/turtlebot3_simulations:/home/edwinooi/Desktop/emanual/install/turtlebot3_gazebo:/home/edwinooi/Desktop/emanual/install/turtlebot3_fake_node:/home/edwinooi/Desktop/emanual/install/ros2_aruco_interfaces:/home/edwinooi/Desktop/emanual/install/ros2_aruco:/opt/ros/humble LD_LIBRARY_PATH=/home/edwinooi/Desktop/foxy_ws/install/nav2_costmap_2d/lib:/home/edwinooi/Desktop/foxy_ws/install/nav2_util/lib:/home/edwinooi/Desktop/foxy_ws/install/nav2_voxel_grid/lib:/home/edwinooi/Desktop/foxy_ws/install/nav2_msgs/lib:${LD_LIBRARY_PATH} PYTHONPATH=/home/edwinooi/Desktop/foxy_ws/install/nav2_msgs/local/lib/python3.10/dist-packages:/home/edwinooi/Desktop/foxy_ws/install/nav2_common/local/lib/python3.10/dist-packages:${PYTHONPATH} /usr/bin/cmake --build /home/edwinooi/Desktop/foxy_ws/build/nav2_core -- -j4 -l4
[14.243s] Invoked command in '/home/edwinooi/Desktop/foxy_ws/build/nav2_core' returned '0': AMENT_PREFIX_PATH=/home/edwinooi/Desktop/foxy_ws/install/nav2_costmap_2d:/home/edwinooi/Desktop/foxy_ws/install/nav2_util:/home/edwinooi/Desktop/foxy_ws/install/nav2_voxel_grid:/home/edwinooi/Desktop/foxy_ws/install/nav2_msgs:/home/edwinooi/Desktop/foxy_ws/install/nav2_common:${AMENT_PREFIX_PATH} CMAKE_PREFIX_PATH=/home/edwinooi/Desktop/foxy_ws/install/nav2_costmap_2d:/home/edwinooi/Desktop/foxy_ws/install/nav2_util:/home/edwinooi/Desktop/foxy_ws/install/nav2_voxel_grid:/home/edwinooi/Desktop/foxy_ws/install/nav2_msgs:/home/edwinooi/Desktop/foxy_ws/install/nav2_common:/home/edwinooi/Desktop/emanual/install/turtlebot3_simulations:/home/edwinooi/Desktop/emanual/install/turtlebot3_gazebo:/home/edwinooi/Desktop/emanual/install/turtlebot3_fake_node:/home/edwinooi/Desktop/emanual/install/ros2_aruco_interfaces:/home/edwinooi/Desktop/emanual/install/ros2_aruco:/opt/ros/humble LD_LIBRARY_PATH=/home/edwinooi/Desktop/foxy_ws/install/nav2_costmap_2d/lib:/home/edwinooi/Desktop/foxy_ws/install/nav2_util/lib:/home/edwinooi/Desktop/foxy_ws/install/nav2_voxel_grid/lib:/home/edwinooi/Desktop/foxy_ws/install/nav2_msgs/lib:${LD_LIBRARY_PATH} PYTHONPATH=/home/edwinooi/Desktop/foxy_ws/install/nav2_msgs/local/lib/python3.10/dist-packages:/home/edwinooi/Desktop/foxy_ws/install/nav2_common/local/lib/python3.10/dist-packages:${PYTHONPATH} /usr/bin/cmake --build /home/edwinooi/Desktop/foxy_ws/build/nav2_core -- -j4 -l4
[14.448s] Invoking command in '/home/edwinooi/Desktop/foxy_ws/build/nav2_core': AMENT_PREFIX_PATH=/home/edwinooi/Desktop/foxy_ws/install/nav2_costmap_2d:/home/edwinooi/Desktop/foxy_ws/install/nav2_util:/home/edwinooi/Desktop/foxy_ws/install/nav2_voxel_grid:/home/edwinooi/Desktop/foxy_ws/install/nav2_msgs:/home/edwinooi/Desktop/foxy_ws/install/nav2_common:${AMENT_PREFIX_PATH} CMAKE_PREFIX_PATH=/home/edwinooi/Desktop/foxy_ws/install/nav2_costmap_2d:/home/edwinooi/Desktop/foxy_ws/install/nav2_util:/home/edwinooi/Desktop/foxy_ws/install/nav2_voxel_grid:/home/edwinooi/Desktop/foxy_ws/install/nav2_msgs:/home/edwinooi/Desktop/foxy_ws/install/nav2_common:/home/edwinooi/Desktop/emanual/install/turtlebot3_simulations:/home/edwinooi/Desktop/emanual/install/turtlebot3_gazebo:/home/edwinooi/Desktop/emanual/install/turtlebot3_fake_node:/home/edwinooi/Desktop/emanual/install/ros2_aruco_interfaces:/home/edwinooi/Desktop/emanual/install/ros2_aruco:/opt/ros/humble LD_LIBRARY_PATH=/home/edwinooi/Desktop/foxy_ws/install/nav2_costmap_2d/lib:/home/edwinooi/Desktop/foxy_ws/install/nav2_util/lib:/home/edwinooi/Desktop/foxy_ws/install/nav2_voxel_grid/lib:/home/edwinooi/Desktop/foxy_ws/install/nav2_msgs/lib:${LD_LIBRARY_PATH} PYTHONPATH=/home/edwinooi/Desktop/foxy_ws/install/nav2_msgs/local/lib/python3.10/dist-packages:/home/edwinooi/Desktop/foxy_ws/install/nav2_common/local/lib/python3.10/dist-packages:${PYTHONPATH} /usr/bin/cmake --install /home/edwinooi/Desktop/foxy_ws/build/nav2_core
[14.469s] -- Install configuration: "Release"
[14.471s] -- Installing: /home/edwinooi/Desktop/foxy_ws/install/nav2_core/include/
[14.473s] -- Installing: /home/edwinooi/Desktop/foxy_ws/install/nav2_core/include//nav2_core
[14.476s] -- Installing: /home/edwinooi/Desktop/foxy_ws/install/nav2_core/include//nav2_core/waypoint_task_executor.hpp
[14.482s] -- Installing: /home/edwinooi/Desktop/foxy_ws/install/nav2_core/include//nav2_core/controller.hpp
[14.482s] -- Installing: /home/edwinooi/Desktop/foxy_ws/install/nav2_core/include//nav2_core/exceptions.hpp
[14.483s] -- Installing: /home/edwinooi/Desktop/foxy_ws/install/nav2_core/include//nav2_core/behavior.hpp
[14.486s] -- Installing: /home/edwinooi/Desktop/foxy_ws/install/nav2_core/include//nav2_core/goal_checker.hpp
[14.490s] -- Installing: /home/edwinooi/Desktop/foxy_ws/install/nav2_core/include//nav2_core/smoother.hpp
[14.490s] -- Installing: /home/edwinooi/Desktop/foxy_ws/install/nav2_core/include//nav2_core/global_planner.hpp
[14.491s] -- Installing: /home/edwinooi/Desktop/foxy_ws/install/nav2_core/include//nav2_core/progress_checker.hpp
[14.492s] -- Installing: /home/edwinooi/Desktop/foxy_ws/install/nav2_core/share/ament_index/resource_index/package_run_dependencies/nav2_core
[14.492s] -- Installing: /home/edwinooi/Desktop/foxy_ws/install/nav2_core/share/ament_index/resource_index/parent_prefix_path/nav2_core
[14.492s] -- Installing: /home/edwinooi/Desktop/foxy_ws/install/nav2_core/share/nav2_core/environment/ament_prefix_path.sh
[14.493s] -- Installing: /home/edwinooi/Desktop/foxy_ws/install/nav2_core/share/nav2_core/environment/ament_prefix_path.dsv
[14.493s] -- Installing: /home/edwinooi/Desktop/foxy_ws/install/nav2_core/share/nav2_core/environment/path.sh
[14.493s] -- Installing: /home/edwinooi/Desktop/foxy_ws/install/nav2_core/share/nav2_core/environment/path.dsv
[14.494s] -- Installing: /home/edwinooi/Desktop/foxy_ws/install/nav2_core/share/nav2_core/local_setup.bash
[14.494s] -- Installing: /home/edwinooi/Desktop/foxy_ws/install/nav2_core/share/nav2_core/local_setup.sh
[14.494s] -- Installing: /home/edwinooi/Desktop/foxy_ws/install/nav2_core/share/nav2_core/local_setup.zsh
[14.495s] -- Installing: /home/edwinooi/Desktop/foxy_ws/install/nav2_core/share/nav2_core/local_setup.dsv
[14.495s] -- Installing: /home/edwinooi/Desktop/foxy_ws/install/nav2_core/share/nav2_core/package.dsv
[14.495s] -- Installing: /home/edwinooi/Desktop/foxy_ws/install/nav2_core/share/ament_index/resource_index/packages/nav2_core
[14.496s] -- Installing: /home/edwinooi/Desktop/foxy_ws/install/nav2_core/share/nav2_core/cmake/ament_cmake_export_include_directories-extras.cmake
[14.496s] -- Installing: /home/edwinooi/Desktop/foxy_ws/install/nav2_core/share/nav2_core/cmake/ament_cmake_export_dependencies-extras.cmake
[14.496s] -- Installing: /home/edwinooi/Desktop/foxy_ws/install/nav2_core/share/nav2_core/cmake/nav2_coreConfig.cmake
[14.496s] -- Installing: /home/edwinooi/Desktop/foxy_ws/install/nav2_core/share/nav2_core/cmake/nav2_coreConfig-version.cmake
[14.497s] -- Installing: /home/edwinooi/Desktop/foxy_ws/install/nav2_core/share/nav2_core/package.xml
[14.514s] Invoked command in '/home/edwinooi/Desktop/foxy_ws/build/nav2_core' returned '0': AMENT_PREFIX_PATH=/home/edwinooi/Desktop/foxy_ws/install/nav2_costmap_2d:/home/edwinooi/Desktop/foxy_ws/install/nav2_util:/home/edwinooi/Desktop/foxy_ws/install/nav2_voxel_grid:/home/edwinooi/Desktop/foxy_ws/install/nav2_msgs:/home/edwinooi/Desktop/foxy_ws/install/nav2_common:${AMENT_PREFIX_PATH} CMAKE_PREFIX_PATH=/home/edwinooi/Desktop/foxy_ws/install/nav2_costmap_2d:/home/edwinooi/Desktop/foxy_ws/install/nav2_util:/home/edwinooi/Desktop/foxy_ws/install/nav2_voxel_grid:/home/edwinooi/Desktop/foxy_ws/install/nav2_msgs:/home/edwinooi/Desktop/foxy_ws/install/nav2_common:/home/edwinooi/Desktop/emanual/install/turtlebot3_simulations:/home/edwinooi/Desktop/emanual/install/turtlebot3_gazebo:/home/edwinooi/Desktop/emanual/install/turtlebot3_fake_node:/home/edwinooi/Desktop/emanual/install/ros2_aruco_interfaces:/home/edwinooi/Desktop/emanual/install/ros2_aruco:/opt/ros/humble LD_LIBRARY_PATH=/home/edwinooi/Desktop/foxy_ws/install/nav2_costmap_2d/lib:/home/edwinooi/Desktop/foxy_ws/install/nav2_util/lib:/home/edwinooi/Desktop/foxy_ws/install/nav2_voxel_grid/lib:/home/edwinooi/Desktop/foxy_ws/install/nav2_msgs/lib:${LD_LIBRARY_PATH} PYTHONPATH=/home/edwinooi/Desktop/foxy_ws/install/nav2_msgs/local/lib/python3.10/dist-packages:/home/edwinooi/Desktop/foxy_ws/install/nav2_common/local/lib/python3.10/dist-packages:${PYTHONPATH} /usr/bin/cmake --install /home/edwinooi/Desktop/foxy_ws/build/nav2_core
