[0.624s] Invoking command in '/home/edwinooi/Desktop/foxy_ws/build/nav2_waypoint_follower': AMENT_PREFIX_PATH=/home/edwinooi/Desktop/foxy_ws/install/nav2_core:/home/edwinooi/Desktop/foxy_ws/install/nav2_costmap_2d:/home/edwinooi/Desktop/foxy_ws/install/nav2_util:/home/edwinooi/Desktop/foxy_ws/install/nav2_voxel_grid:/home/edwinooi/Desktop/foxy_ws/install/nav2_msgs:/home/edwinooi/Desktop/foxy_ws/install/nav2_common:${AMENT_PREFIX_PATH} CMAKE_PREFIX_PATH=/home/edwinooi/Desktop/foxy_ws/install/nav2_core:/home/edwinooi/Desktop/foxy_ws/install/nav2_costmap_2d:/home/edwinooi/Desktop/foxy_ws/install/nav2_util:/home/edwinooi/Desktop/foxy_ws/install/nav2_voxel_grid:/home/edwinooi/Desktop/foxy_ws/install/nav2_msgs:/home/edwinooi/Desktop/foxy_ws/install/nav2_common:/home/edwinooi/Desktop/emanual/install/turtlebot3_simulations:/home/edwinooi/Desktop/emanual/install/turtlebot3_gazebo:/home/edwinooi/Desktop/emanual/install/turtlebot3_fake_node:/home/edwinooi/Desktop/emanual/install/ros2_aruco_interfaces:/home/edwinooi/Desktop/emanual/install/ros2_aruco:/opt/ros/humble LD_LIBRARY_PATH=/home/edwinooi/Desktop/foxy_ws/install/nav2_costmap_2d/lib:/home/edwinooi/Desktop/foxy_ws/install/nav2_util/lib:/home/edwinooi/Desktop/foxy_ws/install/nav2_voxel_grid/lib:/home/edwinooi/Desktop/foxy_ws/install/nav2_msgs/lib:${LD_LIBRARY_PATH} PYTHONPATH=/home/edwinooi/Desktop/foxy_ws/install/nav2_msgs/local/lib/python3.10/dist-packages:/home/edwinooi/Desktop/foxy_ws/install/nav2_common/local/lib/python3.10/dist-packages:${PYTHONPATH} /usr/bin/cmake /home/edwinooi/Desktop/foxy_ws/src/turtlebot3_simulations/navigation2-humble/nav2_waypoint_follower -DCMAKE_INSTALL_PREFIX=/home/edwinooi/Desktop/foxy_ws/install/nav2_waypoint_follower
[0.925s] -- The C compiler identification is GNU 11.4.0
[1.098s] -- The CXX compiler identification is GNU 11.4.0
[1.163s] -- Detecting C compiler ABI info
[1.682s] -- Detecting C compiler ABI info - done
[1.717s] -- Check for working C compiler: /usr/bin/cc - skipped
[1.718s] -- Detecting C compile features
[1.738s] -- Detecting C compile features - done
[1.745s] -- Detecting CXX compiler ABI info
[2.219s] -- Detecting CXX compiler ABI info - done
[2.318s] -- Check for working CXX compiler: /usr/bin/c++ - skipped
[2.320s] -- Detecting CXX compile features
[2.322s] -- Detecting CXX compile features - done
[2.445s] -- Found OpenCV version 4.5.4
[2.459s] -- Found image_transport: 3.1.8 (/opt/ros/humble/share/image_transport/cmake)
[3.176s] -- Found Python3: /usr/bin/python3 (found version "3.10.12") found components: Interpreter 
[3.645s] -- Found rosidl_generator_c: 3.1.5 (/opt/ros/humble/share/rosidl_generator_c/cmake)
[3.663s] -- Found rosidl_adapter: 3.1.5 (/opt/ros/humble/share/rosidl_adapter/cmake)
[3.693s] -- Found rosidl_generator_cpp: 3.1.5 (/opt/ros/humble/share/rosidl_generator_cpp/cmake)
[3.749s] -- Using all available rosidl_typesupport_c: rosidl_typesupport_fastrtps_c;rosidl_typesupport_introspection_c
[3.865s] -- Using all available rosidl_typesupport_cpp: rosidl_typesupport_fastrtps_cpp;rosidl_typesupport_introspection_cpp
[4.150s] -- Found rmw_implementation_cmake: 6.1.1 (/opt/ros/humble/share/rmw_implementation_cmake/cmake)
[4.164s] -- Found rmw_fastrtps_cpp: 6.2.6 (/opt/ros/humble/share/rmw_fastrtps_cpp/cmake)
[4.873s] -- Found OpenSSL: /usr/lib/x86_64-linux-gnu/libcrypto.so (found version "3.0.2")  
[5.068s] -- Found FastRTPS: /opt/ros/humble/include  
[5.220s] -- Using RMW implementation 'rmw_fastrtps_cpp' as default
[5.262s] -- Looking for pthread.h
[5.494s] -- Looking for pthread.h - found
[5.494s] -- Performing Test CMAKE_HAVE_LIBC_PTHREAD
[5.798s] -- Performing Test CMAKE_HAVE_LIBC_PTHREAD - Success
[5.814s] -- Found Threads: TRUE  
[7.735s] -- Found cv_bridge: 3.2.1 (/opt/ros/humble/share/cv_bridge/cmake)
[7.766s] -- Found nav2_common: 1.1.15 (/home/edwinooi/Desktop/foxy_ws/install/nav2_common/share/nav2_common/cmake)
[7.775s] -- Found rclcpp_action: 16.0.8 (/opt/ros/humble/share/rclcpp_action/cmake)
[8.088s] -- Found rclcpp_lifecycle: 16.0.8 (/opt/ros/humble/share/rclcpp_lifecycle/cmake)
[8.227s] -- Found rclcpp_components: 16.0.8 (/opt/ros/humble/share/rclcpp_components/cmake)
[8.409s] -- Found nav_msgs: 4.2.3 (/opt/ros/humble/share/nav_msgs/cmake)
[8.650s] -- Found nav2_msgs: 1.1.15 (/home/edwinooi/Desktop/foxy_ws/install/nav2_msgs/share/nav2_msgs/cmake)
[9.179s] -- Found nav2_util: 1.1.15 (/home/edwinooi/Desktop/foxy_ws/install/nav2_util/share/nav2_util/cmake)
[9.866s] -- Found eigen3_cmake_module: 0.1.1 (/opt/ros/humble/share/eigen3_cmake_module/cmake)
[9.869s] -- Found Eigen3: TRUE (found version "3.4.0") 
[9.871s] -- Ensuring Eigen3 include directory is part of orocos-kdl CMake target
[10.513s] -- Found nav2_core: 1.1.15 (/home/edwinooi/Desktop/foxy_ws/install/nav2_core/share/nav2_core/cmake)
[15.295s] -- Setting build type to Release as none was specified.
[50.335s] -- Found ament_lint_auto: 0.12.10 (/opt/ros/humble/share/ament_lint_auto/cmake)
[50.344s] -- Found ament_cmake_gtest: 1.3.8 (/opt/ros/humble/share/ament_cmake_gtest/cmake)
[50.720s] -- Found gtest sources under '/opt/ros/humble/src/gtest_vendor': C++ tests using 'Google Test' will be built
[64.675s] -- Added test 'copyright' to check source files copyright and LICENSE
[64.699s] -- Added test 'cppcheck' to perform static code analysis on C / C++ code
[64.710s] -- Configured cppcheck include dirs: /home/edwinooi/Desktop/foxy_ws/src/turtlebot3_simulations/navigation2-humble/nav2_waypoint_follower/include
[64.710s] -- Configured cppcheck exclude dirs and/or files: 
[64.715s] -- Added test 'cpplint' to check C / C++ code against the Google style
[64.715s] -- Configured cpplint exclude dirs and/or files: 
[64.719s] -- Added test 'lint_cmake' to check CMake code style
[64.724s] -- Added test 'uncrustify' to check C / C++ code style
[64.724s] -- Configured uncrustify additional arguments: 
[64.728s] -- Added test 'xmllint' to check XML markup files
[64.735s] -- Configuring done
[66.003s] -- Generating done
[66.004s] -- Build files have been written to: /home/edwinooi/Desktop/foxy_ws/build/nav2_waypoint_follower
[66.042s] Invoked command in '/home/edwinooi/Desktop/foxy_ws/build/nav2_waypoint_follower' returned '0': AMENT_PREFIX_PATH=/home/edwinooi/Desktop/foxy_ws/install/nav2_core:/home/edwinooi/Desktop/foxy_ws/install/nav2_costmap_2d:/home/edwinooi/Desktop/foxy_ws/install/nav2_util:/home/edwinooi/Desktop/foxy_ws/install/nav2_voxel_grid:/home/edwinooi/Desktop/foxy_ws/install/nav2_msgs:/home/edwinooi/Desktop/foxy_ws/install/nav2_common:${AMENT_PREFIX_PATH} CMAKE_PREFIX_PATH=/home/edwinooi/Desktop/foxy_ws/install/nav2_core:/home/edwinooi/Desktop/foxy_ws/install/nav2_costmap_2d:/home/edwinooi/Desktop/foxy_ws/install/nav2_util:/home/edwinooi/Desktop/foxy_ws/install/nav2_voxel_grid:/home/edwinooi/Desktop/foxy_ws/install/nav2_msgs:/home/edwinooi/Desktop/foxy_ws/install/nav2_common:/home/edwinooi/Desktop/emanual/install/turtlebot3_simulations:/home/edwinooi/Desktop/emanual/install/turtlebot3_gazebo:/home/edwinooi/Desktop/emanual/install/turtlebot3_fake_node:/home/edwinooi/Desktop/emanual/install/ros2_aruco_interfaces:/home/edwinooi/Desktop/emanual/install/ros2_aruco:/opt/ros/humble LD_LIBRARY_PATH=/home/edwinooi/Desktop/foxy_ws/install/nav2_costmap_2d/lib:/home/edwinooi/Desktop/foxy_ws/install/nav2_util/lib:/home/edwinooi/Desktop/foxy_ws/install/nav2_voxel_grid/lib:/home/edwinooi/Desktop/foxy_ws/install/nav2_msgs/lib:${LD_LIBRARY_PATH} PYTHONPATH=/home/edwinooi/Desktop/foxy_ws/install/nav2_msgs/local/lib/python3.10/dist-packages:/home/edwinooi/Desktop/foxy_ws/install/nav2_common/local/lib/python3.10/dist-packages:${PYTHONPATH} /usr/bin/cmake /home/edwinooi/Desktop/foxy_ws/src/turtlebot3_simulations/navigation2-humble/nav2_waypoint_follower -DCMAKE_INSTALL_PREFIX=/home/edwinooi/Desktop/foxy_ws/install/nav2_waypoint_follower
[66.042s] Invoking command in '/home/edwinooi/Desktop/foxy_ws/build/nav2_waypoint_follower': AMENT_PREFIX_PATH=/home/edwinooi/Desktop/foxy_ws/install/nav2_core:/home/edwinooi/Desktop/foxy_ws/install/nav2_costmap_2d:/home/edwinooi/Desktop/foxy_ws/install/nav2_util:/home/edwinooi/Desktop/foxy_ws/install/nav2_voxel_grid:/home/edwinooi/Desktop/foxy_ws/install/nav2_msgs:/home/edwinooi/Desktop/foxy_ws/install/nav2_common:${AMENT_PREFIX_PATH} CMAKE_PREFIX_PATH=/home/edwinooi/Desktop/foxy_ws/install/nav2_core:/home/edwinooi/Desktop/foxy_ws/install/nav2_costmap_2d:/home/edwinooi/Desktop/foxy_ws/install/nav2_util:/home/edwinooi/Desktop/foxy_ws/install/nav2_voxel_grid:/home/edwinooi/Desktop/foxy_ws/install/nav2_msgs:/home/edwinooi/Desktop/foxy_ws/install/nav2_common:/home/edwinooi/Desktop/emanual/install/turtlebot3_simulations:/home/edwinooi/Desktop/emanual/install/turtlebot3_gazebo:/home/edwinooi/Desktop/emanual/install/turtlebot3_fake_node:/home/edwinooi/Desktop/emanual/install/ros2_aruco_interfaces:/home/edwinooi/Desktop/emanual/install/ros2_aruco:/opt/ros/humble LD_LIBRARY_PATH=/home/edwinooi/Desktop/foxy_ws/install/nav2_costmap_2d/lib:/home/edwinooi/Desktop/foxy_ws/install/nav2_util/lib:/home/edwinooi/Desktop/foxy_ws/install/nav2_voxel_grid/lib:/home/edwinooi/Desktop/foxy_ws/install/nav2_msgs/lib:${LD_LIBRARY_PATH} PYTHONPATH=/home/edwinooi/Desktop/foxy_ws/install/nav2_msgs/local/lib/python3.10/dist-packages:/home/edwinooi/Desktop/foxy_ws/install/nav2_common/local/lib/python3.10/dist-packages:${PYTHONPATH} /usr/bin/cmake --build /home/edwinooi/Desktop/foxy_ws/build/nav2_waypoint_follower -- -j4 -l4
[66.208s] [  5%] [32mBuilding CXX object CMakeFiles/waypoint_follower_core.dir/src/waypoint_follower.cpp.o[0m
[101.185s] [ 11%] [32m[1mLinking CXX shared library libwaypoint_follower_core.so[0m
[103.237s] [ 11%] Built target waypoint_follower_core
[103.383s] [ 16%] [32mBuilding CXX object CMakeFiles/input_at_waypoint.dir/plugins/input_at_waypoint.cpp.o[0m
[130.030s] [ 22%] [32m[1mLinking CXX shared library libinput_at_waypoint.so[0m
[131.249s] [ 22%] Built target input_at_waypoint
[131.299s] [ 27%] [32mBuilding CXX object gtest/CMakeFiles/gtest.dir/src/gtest-all.cc.o[0m
[154.235s] [ 33%] [32m[1mLinking CXX static library libgtest.a[0m
[154.507s] [ 33%] Built target gtest
[154.681s] [ 38%] [32mBuilding CXX object gtest/CMakeFiles/gtest_main.dir/src/gtest_main.cc.o[0m
[158.163s] [ 44%] [32m[1mLinking CXX static library libgtest_main.a[0m
[158.297s] [ 44%] Built target gtest_main
[158.376s] [ 50%] [32mBuilding CXX object CMakeFiles/waypoint_follower.dir/src/main.cpp.o[0m
[169.785s] [ 55%] [32m[1mLinking CXX executable waypoint_follower[0m
[170.665s] [ 55%] Built target waypoint_follower
[170.712s] [ 61%] [32mBuilding CXX object test/CMakeFiles/test_dynamic_parameters.dir/test_dynamic_parameters.cpp.o[0m
[183.759s] [ 66%] [32m[1mLinking CXX executable test_dynamic_parameters[0m
[185.207s] [ 66%] Built target test_dynamic_parameters
[185.354s] [ 72%] [32mBuilding CXX object CMakeFiles/photo_at_waypoint.dir/plugins/photo_at_waypoint.cpp.o[0m
[222.002s] [ 77%] [32m[1mLinking CXX shared library libphoto_at_waypoint.so[0m
[223.397s] [ 77%] Built target photo_at_waypoint
[223.480s] [ 83%] [32mBuilding CXX object CMakeFiles/wait_at_waypoint.dir/plugins/wait_at_waypoint.cpp.o[0m
[232.467s] [ 88%] [32m[1mLinking CXX shared library libwait_at_waypoint.so[0m
[233.198s] [ 88%] Built target wait_at_waypoint
[233.255s] [ 94%] [32mBuilding CXX object test/CMakeFiles/test_task_executors.dir/test_task_executors.cpp.o[0m
[259.270s] [100%] [32m[1mLinking CXX executable test_task_executors[0m
[261.349s] [100%] Built target test_task_executors
[261.405s] Invoked command in '/home/edwinooi/Desktop/foxy_ws/build/nav2_waypoint_follower' returned '0': AMENT_PREFIX_PATH=/home/edwinooi/Desktop/foxy_ws/install/nav2_core:/home/edwinooi/Desktop/foxy_ws/install/nav2_costmap_2d:/home/edwinooi/Desktop/foxy_ws/install/nav2_util:/home/edwinooi/Desktop/foxy_ws/install/nav2_voxel_grid:/home/edwinooi/Desktop/foxy_ws/install/nav2_msgs:/home/edwinooi/Desktop/foxy_ws/install/nav2_common:${AMENT_PREFIX_PATH} CMAKE_PREFIX_PATH=/home/edwinooi/Desktop/foxy_ws/install/nav2_core:/home/edwinooi/Desktop/foxy_ws/install/nav2_costmap_2d:/home/edwinooi/Desktop/foxy_ws/install/nav2_util:/home/edwinooi/Desktop/foxy_ws/install/nav2_voxel_grid:/home/edwinooi/Desktop/foxy_ws/install/nav2_msgs:/home/edwinooi/Desktop/foxy_ws/install/nav2_common:/home/edwinooi/Desktop/emanual/install/turtlebot3_simulations:/home/edwinooi/Desktop/emanual/install/turtlebot3_gazebo:/home/edwinooi/Desktop/emanual/install/turtlebot3_fake_node:/home/edwinooi/Desktop/emanual/install/ros2_aruco_interfaces:/home/edwinooi/Desktop/emanual/install/ros2_aruco:/opt/ros/humble LD_LIBRARY_PATH=/home/edwinooi/Desktop/foxy_ws/install/nav2_costmap_2d/lib:/home/edwinooi/Desktop/foxy_ws/install/nav2_util/lib:/home/edwinooi/Desktop/foxy_ws/install/nav2_voxel_grid/lib:/home/edwinooi/Desktop/foxy_ws/install/nav2_msgs/lib:${LD_LIBRARY_PATH} PYTHONPATH=/home/edwinooi/Desktop/foxy_ws/install/nav2_msgs/local/lib/python3.10/dist-packages:/home/edwinooi/Desktop/foxy_ws/install/nav2_common/local/lib/python3.10/dist-packages:${PYTHONPATH} /usr/bin/cmake --build /home/edwinooi/Desktop/foxy_ws/build/nav2_waypoint_follower -- -j4 -l4
[261.548s] Invoking command in '/home/edwinooi/Desktop/foxy_ws/build/nav2_waypoint_follower': AMENT_PREFIX_PATH=/home/edwinooi/Desktop/foxy_ws/install/nav2_core:/home/edwinooi/Desktop/foxy_ws/install/nav2_costmap_2d:/home/edwinooi/Desktop/foxy_ws/install/nav2_util:/home/edwinooi/Desktop/foxy_ws/install/nav2_voxel_grid:/home/edwinooi/Desktop/foxy_ws/install/nav2_msgs:/home/edwinooi/Desktop/foxy_ws/install/nav2_common:${AMENT_PREFIX_PATH} CMAKE_PREFIX_PATH=/home/edwinooi/Desktop/foxy_ws/install/nav2_core:/home/edwinooi/Desktop/foxy_ws/install/nav2_costmap_2d:/home/edwinooi/Desktop/foxy_ws/install/nav2_util:/home/edwinooi/Desktop/foxy_ws/install/nav2_voxel_grid:/home/edwinooi/Desktop/foxy_ws/install/nav2_msgs:/home/edwinooi/Desktop/foxy_ws/install/nav2_common:/home/edwinooi/Desktop/emanual/install/turtlebot3_simulations:/home/edwinooi/Desktop/emanual/install/turtlebot3_gazebo:/home/edwinooi/Desktop/emanual/install/turtlebot3_fake_node:/home/edwinooi/Desktop/emanual/install/ros2_aruco_interfaces:/home/edwinooi/Desktop/emanual/install/ros2_aruco:/opt/ros/humble LD_LIBRARY_PATH=/home/edwinooi/Desktop/foxy_ws/install/nav2_costmap_2d/lib:/home/edwinooi/Desktop/foxy_ws/install/nav2_util/lib:/home/edwinooi/Desktop/foxy_ws/install/nav2_voxel_grid/lib:/home/edwinooi/Desktop/foxy_ws/install/nav2_msgs/lib:${LD_LIBRARY_PATH} PYTHONPATH=/home/edwinooi/Desktop/foxy_ws/install/nav2_msgs/local/lib/python3.10/dist-packages:/home/edwinooi/Desktop/foxy_ws/install/nav2_common/local/lib/python3.10/dist-packages:${PYTHONPATH} /usr/bin/cmake --install /home/edwinooi/Desktop/foxy_ws/build/nav2_waypoint_follower
[261.590s] -- Install configuration: "Release"
[261.594s] -- Installing: /home/edwinooi/Desktop/foxy_ws/install/nav2_waypoint_follower/lib/libwaypoint_follower_core.so
[261.597s] -- Set runtime path of "/home/edwinooi/Desktop/foxy_ws/install/nav2_waypoint_follower/lib/libwaypoint_follower_core.so" to ""
[261.597s] -- Installing: /home/edwinooi/Desktop/foxy_ws/install/nav2_waypoint_follower/lib/libwait_at_waypoint.so
[261.611s] -- Set runtime path of "/home/edwinooi/Desktop/foxy_ws/install/nav2_waypoint_follower/lib/libwait_at_waypoint.so" to ""
[261.611s] -- Installing: /home/edwinooi/Desktop/foxy_ws/install/nav2_waypoint_follower/lib/libphoto_at_waypoint.so
[261.613s] -- Set runtime path of "/home/edwinooi/Desktop/foxy_ws/install/nav2_waypoint_follower/lib/libphoto_at_waypoint.so" to ""
[261.613s] -- Installing: /home/edwinooi/Desktop/foxy_ws/install/nav2_waypoint_follower/lib/libinput_at_waypoint.so
[261.616s] -- Set runtime path of "/home/edwinooi/Desktop/foxy_ws/install/nav2_waypoint_follower/lib/libinput_at_waypoint.so" to ""
[261.616s] -- Installing: /home/edwinooi/Desktop/foxy_ws/install/nav2_waypoint_follower/lib/nav2_waypoint_follower/waypoint_follower
[261.617s] -- Set runtime path of "/home/edwinooi/Desktop/foxy_ws/install/nav2_waypoint_follower/lib/nav2_waypoint_follower/waypoint_follower" to ""
[261.618s] -- Installing: /home/edwinooi/Desktop/foxy_ws/install/nav2_waypoint_follower/include/
[261.618s] -- Installing: /home/edwinooi/Desktop/foxy_ws/install/nav2_waypoint_follower/include//nav2_waypoint_follower
[261.618s] -- Installing: /home/edwinooi/Desktop/foxy_ws/install/nav2_waypoint_follower/include//nav2_waypoint_follower/waypoint_follower.hpp
[261.618s] -- Installing: /home/edwinooi/Desktop/foxy_ws/install/nav2_waypoint_follower/include//nav2_waypoint_follower/plugins
[261.619s] -- Installing: /home/edwinooi/Desktop/foxy_ws/install/nav2_waypoint_follower/include//nav2_waypoint_follower/plugins/wait_at_waypoint.hpp
[261.619s] -- Installing: /home/edwinooi/Desktop/foxy_ws/install/nav2_waypoint_follower/include//nav2_waypoint_follower/plugins/photo_at_waypoint.hpp
[261.619s] -- Installing: /home/edwinooi/Desktop/foxy_ws/install/nav2_waypoint_follower/include//nav2_waypoint_follower/plugins/input_at_waypoint.hpp
[261.619s] -- Installing: /home/edwinooi/Desktop/foxy_ws/install/nav2_waypoint_follower/share/nav2_waypoint_follower/environment/library_path.sh
[261.619s] -- Installing: /home/edwinooi/Desktop/foxy_ws/install/nav2_waypoint_follower/share/nav2_waypoint_follower/environment/library_path.dsv
[261.620s] -- Installing: /home/edwinooi/Desktop/foxy_ws/install/nav2_waypoint_follower/share/nav2_waypoint_follower/plugins.xml
[261.621s] -- Installing: /home/edwinooi/Desktop/foxy_ws/install/nav2_waypoint_follower/share/ament_index/resource_index/package_run_dependencies/nav2_waypoint_follower
[261.627s] -- Installing: /home/edwinooi/Desktop/foxy_ws/install/nav2_waypoint_follower/share/ament_index/resource_index/parent_prefix_path/nav2_waypoint_follower
[261.627s] -- Installing: /home/edwinooi/Desktop/foxy_ws/install/nav2_waypoint_follower/share/nav2_waypoint_follower/environment/ament_prefix_path.sh
[261.627s] -- Installing: /home/edwinooi/Desktop/foxy_ws/install/nav2_waypoint_follower/share/nav2_waypoint_follower/environment/ament_prefix_path.dsv
[261.627s] -- Installing: /home/edwinooi/Desktop/foxy_ws/install/nav2_waypoint_follower/share/nav2_waypoint_follower/environment/path.sh
[261.628s] -- Installing: /home/edwinooi/Desktop/foxy_ws/install/nav2_waypoint_follower/share/nav2_waypoint_follower/environment/path.dsv
[261.628s] -- Installing: /home/edwinooi/Desktop/foxy_ws/install/nav2_waypoint_follower/share/nav2_waypoint_follower/local_setup.bash
[261.628s] -- Installing: /home/edwinooi/Desktop/foxy_ws/install/nav2_waypoint_follower/share/nav2_waypoint_follower/local_setup.sh
[261.628s] -- Installing: /home/edwinooi/Desktop/foxy_ws/install/nav2_waypoint_follower/share/nav2_waypoint_follower/local_setup.zsh
[261.628s] -- Installing: /home/edwinooi/Desktop/foxy_ws/install/nav2_waypoint_follower/share/nav2_waypoint_follower/local_setup.dsv
[261.629s] -- Installing: /home/edwinooi/Desktop/foxy_ws/install/nav2_waypoint_follower/share/nav2_waypoint_follower/package.dsv
[261.629s] -- Installing: /home/edwinooi/Desktop/foxy_ws/install/nav2_waypoint_follower/share/ament_index/resource_index/packages/nav2_waypoint_follower
[261.629s] -- Installing: /home/edwinooi/Desktop/foxy_ws/install/nav2_waypoint_follower/share/ament_index/resource_index/nav2_waypoint_follower__pluginlib__plugin/nav2_waypoint_follower
[261.634s] -- Installing: /home/edwinooi/Desktop/foxy_ws/install/nav2_waypoint_follower/share/ament_index/resource_index/rclcpp_components/nav2_waypoint_follower
[261.635s] -- Installing: /home/edwinooi/Desktop/foxy_ws/install/nav2_waypoint_follower/share/nav2_waypoint_follower/cmake/ament_cmake_export_include_directories-extras.cmake
[261.635s] -- Installing: /home/edwinooi/Desktop/foxy_ws/install/nav2_waypoint_follower/share/nav2_waypoint_follower/cmake/ament_cmake_export_libraries-extras.cmake
[261.635s] -- Installing: /home/edwinooi/Desktop/foxy_ws/install/nav2_waypoint_follower/share/nav2_waypoint_follower/cmake/ament_cmake_export_dependencies-extras.cmake
[261.636s] -- Installing: /home/edwinooi/Desktop/foxy_ws/install/nav2_waypoint_follower/share/nav2_waypoint_follower/cmake/nav2_waypoint_followerConfig.cmake
[261.636s] -- Installing: /home/edwinooi/Desktop/foxy_ws/install/nav2_waypoint_follower/share/nav2_waypoint_follower/cmake/nav2_waypoint_followerConfig-version.cmake
[261.636s] -- Installing: /home/edwinooi/Desktop/foxy_ws/install/nav2_waypoint_follower/share/nav2_waypoint_follower/package.xml
[261.646s] Invoked command in '/home/edwinooi/Desktop/foxy_ws/build/nav2_waypoint_follower' returned '0': AMENT_PREFIX_PATH=/home/edwinooi/Desktop/foxy_ws/install/nav2_core:/home/edwinooi/Desktop/foxy_ws/install/nav2_costmap_2d:/home/edwinooi/Desktop/foxy_ws/install/nav2_util:/home/edwinooi/Desktop/foxy_ws/install/nav2_voxel_grid:/home/edwinooi/Desktop/foxy_ws/install/nav2_msgs:/home/edwinooi/Desktop/foxy_ws/install/nav2_common:${AMENT_PREFIX_PATH} CMAKE_PREFIX_PATH=/home/edwinooi/Desktop/foxy_ws/install/nav2_core:/home/edwinooi/Desktop/foxy_ws/install/nav2_costmap_2d:/home/edwinooi/Desktop/foxy_ws/install/nav2_util:/home/edwinooi/Desktop/foxy_ws/install/nav2_voxel_grid:/home/edwinooi/Desktop/foxy_ws/install/nav2_msgs:/home/edwinooi/Desktop/foxy_ws/install/nav2_common:/home/edwinooi/Desktop/emanual/install/turtlebot3_simulations:/home/edwinooi/Desktop/emanual/install/turtlebot3_gazebo:/home/edwinooi/Desktop/emanual/install/turtlebot3_fake_node:/home/edwinooi/Desktop/emanual/install/ros2_aruco_interfaces:/home/edwinooi/Desktop/emanual/install/ros2_aruco:/opt/ros/humble LD_LIBRARY_PATH=/home/edwinooi/Desktop/foxy_ws/install/nav2_costmap_2d/lib:/home/edwinooi/Desktop/foxy_ws/install/nav2_util/lib:/home/edwinooi/Desktop/foxy_ws/install/nav2_voxel_grid/lib:/home/edwinooi/Desktop/foxy_ws/install/nav2_msgs/lib:${LD_LIBRARY_PATH} PYTHONPATH=/home/edwinooi/Desktop/foxy_ws/install/nav2_msgs/local/lib/python3.10/dist-packages:/home/edwinooi/Desktop/foxy_ws/install/nav2_common/local/lib/python3.10/dist-packages:${PYTHONPATH} /usr/bin/cmake --install /home/edwinooi/Desktop/foxy_ws/build/nav2_waypoint_follower
