[0.964s] Invoking command in '/home/edwinooi/Desktop/foxy_ws/build/nav2_voxel_grid': AMENT_PREFIX_PATH=/home/edwinooi/Desktop/foxy_ws/install/nav2_common:${AMENT_PREFIX_PATH} CMAKE_PREFIX_PATH=/home/edwinooi/Desktop/foxy_ws/install/nav2_common:/home/edwinooi/Desktop/emanual/install/turtlebot3_simulations:/home/edwinooi/Desktop/emanual/install/turtlebot3_gazebo:/home/edwinooi/Desktop/emanual/install/turtlebot3_fake_node:/home/edwinooi/Desktop/emanual/install/ros2_aruco_interfaces:/home/edwinooi/Desktop/emanual/install/ros2_aruco:/opt/ros/humble PYTHONPATH=/home/edwinooi/Desktop/foxy_ws/install/nav2_common/local/lib/python3.10/dist-packages:${PYTHONPATH} /usr/bin/cmake /home/edwinooi/Desktop/foxy_ws/src/turtlebot3_simulations/navigation2-humble/nav2_voxel_grid -DCMAKE_INSTALL_PREFIX=/home/edwinooi/Desktop/foxy_ws/install/nav2_voxel_grid
[1.354s] -- The C compiler identification is GNU 11.4.0
[1.725s] -- The CXX compiler identification is GNU 11.4.0
[1.763s] -- Detecting C compiler ABI info
[2.146s] -- Detecting C compiler ABI info - done
[2.192s] -- Check for working C compiler: /usr/bin/cc - skipped
[2.192s] -- Detecting C compile features
[2.192s] -- Detecting C compile features - done
[2.203s] -- Detecting CXX compiler ABI info
[2.591s] -- Detecting CXX compiler ABI info - done
[2.659s] -- Check for working CXX compiler: /usr/bin/c++ - skipped
[2.660s] -- Detecting CXX compile features
[2.660s] -- Detecting CXX compile features - done
[2.675s] -- Found ament_cmake: 1.3.8 (/opt/ros/humble/share/ament_cmake/cmake)
[3.543s] -- Found Python3: /usr/bin/python3 (found version "3.10.12") found components: Interpreter 
[3.955s] -- Found nav2_common: 1.1.15 (/home/edwinooi/Desktop/foxy_ws/install/nav2_common/share/nav2_common/cmake)
[3.989s] -- Found rclcpp: 16.0.8 (/opt/ros/humble/share/rclcpp/cmake)
[4.383s] -- Found rosidl_generator_c: 3.1.5 (/opt/ros/humble/share/rosidl_generator_c/cmake)
[4.433s] -- Found rosidl_adapter: 3.1.5 (/opt/ros/humble/share/rosidl_adapter/cmake)
[4.491s] -- Found rosidl_generator_cpp: 3.1.5 (/opt/ros/humble/share/rosidl_generator_cpp/cmake)
[4.691s] -- Using all available rosidl_typesupport_c: rosidl_typesupport_fastrtps_c;rosidl_typesupport_introspection_c
[4.908s] -- Using all available rosidl_typesupport_cpp: rosidl_typesupport_fastrtps_cpp;rosidl_typesupport_introspection_cpp
[5.548s] -- Found rmw_implementation_cmake: 6.1.1 (/opt/ros/humble/share/rmw_implementation_cmake/cmake)
[5.593s] -- Found rmw_fastrtps_cpp: 6.2.6 (/opt/ros/humble/share/rmw_fastrtps_cpp/cmake)
[6.615s] -- Found OpenSSL: /usr/lib/x86_64-linux-gnu/libcrypto.so (found version "3.0.2")  
[6.809s] -- Found FastRTPS: /opt/ros/humble/include  
[7.100s] -- Using RMW implementation 'rmw_fastrtps_cpp' as default
[7.278s] -- Looking for pthread.h
[7.659s] -- Looking for pthread.h - found
[7.660s] -- Performing Test CMAKE_HAVE_LIBC_PTHREAD
[8.024s] -- Performing Test CMAKE_HAVE_LIBC_PTHREAD - Success
[8.041s] -- Found Threads: TRUE  
[9.371s] -- Setting build type to Release as none was specified.
[9.415s] -- Found ament_lint_auto: 0.12.10 (/opt/ros/humble/share/ament_lint_auto/cmake)
[10.021s] -- Found gtest sources under '/opt/ros/humble/src/gtest_vendor': C++ tests using 'Google Test' will be built
[10.100s] -- Added test 'cppcheck' to perform static code analysis on C / C++ code
[10.100s] -- Configured cppcheck include dirs: /home/edwinooi/Desktop/foxy_ws/src/turtlebot3_simulations/navigation2-humble/nav2_voxel_grid/include
[10.100s] -- Configured cppcheck exclude dirs and/or files: 
[10.117s] -- Added test 'cpplint' to check C / C++ code against the Google style
[10.118s] -- Configured cpplint exclude dirs and/or files: 
[10.133s] -- Added test 'lint_cmake' to check CMake code style
[10.145s] -- Added test 'uncrustify' to check C / C++ code style
[10.145s] -- Configured uncrustify additional arguments: 
[10.148s] -- Added test 'xmllint' to check XML markup files
[10.175s] -- Configuring done
[10.342s] -- Generating done
[10.364s] -- Build files have been written to: /home/edwinooi/Desktop/foxy_ws/build/nav2_voxel_grid
[11.352s] Invoked command in '/home/edwinooi/Desktop/foxy_ws/build/nav2_voxel_grid' returned '0': AMENT_PREFIX_PATH=/home/edwinooi/Desktop/foxy_ws/install/nav2_common:${AMENT_PREFIX_PATH} CMAKE_PREFIX_PATH=/home/edwinooi/Desktop/foxy_ws/install/nav2_common:/home/edwinooi/Desktop/emanual/install/turtlebot3_simulations:/home/edwinooi/Desktop/emanual/install/turtlebot3_gazebo:/home/edwinooi/Desktop/emanual/install/turtlebot3_fake_node:/home/edwinooi/Desktop/emanual/install/ros2_aruco_interfaces:/home/edwinooi/Desktop/emanual/install/ros2_aruco:/opt/ros/humble PYTHONPATH=/home/edwinooi/Desktop/foxy_ws/install/nav2_common/local/lib/python3.10/dist-packages:${PYTHONPATH} /usr/bin/cmake /home/edwinooi/Desktop/foxy_ws/src/turtlebot3_simulations/navigation2-humble/nav2_voxel_grid -DCMAKE_INSTALL_PREFIX=/home/edwinooi/Desktop/foxy_ws/install/nav2_voxel_grid
[11.353s] Invoking command in '/home/edwinooi/Desktop/foxy_ws/build/nav2_voxel_grid': AMENT_PREFIX_PATH=/home/edwinooi/Desktop/foxy_ws/install/nav2_common:${AMENT_PREFIX_PATH} CMAKE_PREFIX_PATH=/home/edwinooi/Desktop/foxy_ws/install/nav2_common:/home/edwinooi/Desktop/emanual/install/turtlebot3_simulations:/home/edwinooi/Desktop/emanual/install/turtlebot3_gazebo:/home/edwinooi/Desktop/emanual/install/turtlebot3_fake_node:/home/edwinooi/Desktop/emanual/install/ros2_aruco_interfaces:/home/edwinooi/Desktop/emanual/install/ros2_aruco:/opt/ros/humble PYTHONPATH=/home/edwinooi/Desktop/foxy_ws/install/nav2_common/local/lib/python3.10/dist-packages:${PYTHONPATH} /usr/bin/cmake --build /home/edwinooi/Desktop/foxy_ws/build/nav2_voxel_grid -- -j4 -l4
[11.710s] [ 10%] [32mBuilding CXX object CMakeFiles/voxel_grid.dir/src/voxel_grid.cpp.o[0m
[31.201s] [ 20%] [32m[1mLinking CXX shared library libvoxel_grid.so[0m
[32.063s] [ 20%] Built target voxel_grid
[32.217s] [ 30%] [32mBuilding CXX object gtest/CMakeFiles/gtest.dir/src/gtest-all.cc.o[0m
[73.633s] [ 40%] [32m[1mLinking CXX static library libgtest.a[0m
[74.077s] [ 40%] Built target gtest
[74.219s] [ 50%] [32mBuilding CXX object gtest/CMakeFiles/gtest_main.dir/src/gtest_main.cc.o[0m
[80.061s] [ 60%] [32m[1mLinking CXX static library libgtest_main.a[0m
[80.297s] [ 60%] Built target gtest_main
[80.468s] [ 70%] [32mBuilding CXX object test/CMakeFiles/voxel_grid_tests.dir/voxel_grid_tests.cpp.o[0m
[98.557s] [ 80%] [32m[1mLinking CXX executable voxel_grid_tests[0m
[99.215s] [ 80%] Built target voxel_grid_tests
[99.388s] [ 90%] [32mBuilding CXX object test/CMakeFiles/voxel_grid_bresenham_3d.dir/voxel_grid_bresenham_3d.cpp.o[0m
[117.175s] [100%] [32m[1mLinking CXX executable voxel_grid_bresenham_3d[0m
[117.866s] [100%] Built target voxel_grid_bresenham_3d
[117.954s] Invoked command in '/home/edwinooi/Desktop/foxy_ws/build/nav2_voxel_grid' returned '0': AMENT_PREFIX_PATH=/home/edwinooi/Desktop/foxy_ws/install/nav2_common:${AMENT_PREFIX_PATH} CMAKE_PREFIX_PATH=/home/edwinooi/Desktop/foxy_ws/install/nav2_common:/home/edwinooi/Desktop/emanual/install/turtlebot3_simulations:/home/edwinooi/Desktop/emanual/install/turtlebot3_gazebo:/home/edwinooi/Desktop/emanual/install/turtlebot3_fake_node:/home/edwinooi/Desktop/emanual/install/ros2_aruco_interfaces:/home/edwinooi/Desktop/emanual/install/ros2_aruco:/opt/ros/humble PYTHONPATH=/home/edwinooi/Desktop/foxy_ws/install/nav2_common/local/lib/python3.10/dist-packages:${PYTHONPATH} /usr/bin/cmake --build /home/edwinooi/Desktop/foxy_ws/build/nav2_voxel_grid -- -j4 -l4
[118.156s] Invoking command in '/home/edwinooi/Desktop/foxy_ws/build/nav2_voxel_grid': AMENT_PREFIX_PATH=/home/edwinooi/Desktop/foxy_ws/install/nav2_common:${AMENT_PREFIX_PATH} CMAKE_PREFIX_PATH=/home/edwinooi/Desktop/foxy_ws/install/nav2_common:/home/edwinooi/Desktop/emanual/install/turtlebot3_simulations:/home/edwinooi/Desktop/emanual/install/turtlebot3_gazebo:/home/edwinooi/Desktop/emanual/install/turtlebot3_fake_node:/home/edwinooi/Desktop/emanual/install/ros2_aruco_interfaces:/home/edwinooi/Desktop/emanual/install/ros2_aruco:/opt/ros/humble PYTHONPATH=/home/edwinooi/Desktop/foxy_ws/install/nav2_common/local/lib/python3.10/dist-packages:${PYTHONPATH} /usr/bin/cmake --install /home/edwinooi/Desktop/foxy_ws/build/nav2_voxel_grid
[118.212s] -- Install configuration: "Release"
[118.212s] -- Installing: /home/edwinooi/Desktop/foxy_ws/install/nav2_voxel_grid/lib/libvoxel_grid.so
[118.212s] -- Set runtime path of "/home/edwinooi/Desktop/foxy_ws/install/nav2_voxel_grid/lib/libvoxel_grid.so" to ""
[118.212s] -- Installing: /home/edwinooi/Desktop/foxy_ws/install/nav2_voxel_grid/include
[118.213s] -- Installing: /home/edwinooi/Desktop/foxy_ws/install/nav2_voxel_grid/include/nav2_voxel_grid
[118.214s] -- Installing: /home/edwinooi/Desktop/foxy_ws/install/nav2_voxel_grid/include/nav2_voxel_grid/voxel_grid.hpp
[118.223s] -- Installing: /home/edwinooi/Desktop/foxy_ws/install/nav2_voxel_grid/share/nav2_voxel_grid/environment/library_path.sh
[118.223s] -- Installing: /home/edwinooi/Desktop/foxy_ws/install/nav2_voxel_grid/share/nav2_voxel_grid/environment/library_path.dsv
[118.224s] -- Installing: /home/edwinooi/Desktop/foxy_ws/install/nav2_voxel_grid/share/ament_index/resource_index/package_run_dependencies/nav2_voxel_grid
[118.224s] -- Installing: /home/edwinooi/Desktop/foxy_ws/install/nav2_voxel_grid/share/ament_index/resource_index/parent_prefix_path/nav2_voxel_grid
[118.225s] -- Installing: /home/edwinooi/Desktop/foxy_ws/install/nav2_voxel_grid/share/nav2_voxel_grid/environment/ament_prefix_path.sh
[118.226s] -- Installing: /home/edwinooi/Desktop/foxy_ws/install/nav2_voxel_grid/share/nav2_voxel_grid/environment/ament_prefix_path.dsv
[118.226s] -- Installing: /home/edwinooi/Desktop/foxy_ws/install/nav2_voxel_grid/share/nav2_voxel_grid/environment/path.sh
[118.227s] -- Installing: /home/edwinooi/Desktop/foxy_ws/install/nav2_voxel_grid/share/nav2_voxel_grid/environment/path.dsv
[118.234s] -- Installing: /home/edwinooi/Desktop/foxy_ws/install/nav2_voxel_grid/share/nav2_voxel_grid/local_setup.bash
[118.235s] -- Installing: /home/edwinooi/Desktop/foxy_ws/install/nav2_voxel_grid/share/nav2_voxel_grid/local_setup.sh
[118.235s] -- Installing: /home/edwinooi/Desktop/foxy_ws/install/nav2_voxel_grid/share/nav2_voxel_grid/local_setup.zsh
[118.236s] -- Installing: /home/edwinooi/Desktop/foxy_ws/install/nav2_voxel_grid/share/nav2_voxel_grid/local_setup.dsv
[118.236s] -- Installing: /home/edwinooi/Desktop/foxy_ws/install/nav2_voxel_grid/share/nav2_voxel_grid/package.dsv
[118.237s] -- Installing: /home/edwinooi/Desktop/foxy_ws/install/nav2_voxel_grid/share/ament_index/resource_index/packages/nav2_voxel_grid
[118.238s] -- Installing: /home/edwinooi/Desktop/foxy_ws/install/nav2_voxel_grid/share/nav2_voxel_grid/cmake/ament_cmake_export_dependencies-extras.cmake
[118.239s] -- Installing: /home/edwinooi/Desktop/foxy_ws/install/nav2_voxel_grid/share/nav2_voxel_grid/cmake/ament_cmake_export_include_directories-extras.cmake
[118.239s] -- Installing: /home/edwinooi/Desktop/foxy_ws/install/nav2_voxel_grid/share/nav2_voxel_grid/cmake/ament_cmake_export_libraries-extras.cmake
[118.239s] -- Installing: /home/edwinooi/Desktop/foxy_ws/install/nav2_voxel_grid/share/nav2_voxel_grid/cmake/nav2_voxel_gridConfig.cmake
[118.244s] -- Installing: /home/edwinooi/Desktop/foxy_ws/install/nav2_voxel_grid/share/nav2_voxel_grid/cmake/nav2_voxel_gridConfig-version.cmake
[118.244s] -- Installing: /home/edwinooi/Desktop/foxy_ws/install/nav2_voxel_grid/share/nav2_voxel_grid/package.xml
[118.252s] Invoked command in '/home/edwinooi/Desktop/foxy_ws/build/nav2_voxel_grid' returned '0': AMENT_PREFIX_PATH=/home/edwinooi/Desktop/foxy_ws/install/nav2_common:${AMENT_PREFIX_PATH} CMAKE_PREFIX_PATH=/home/edwinooi/Desktop/foxy_ws/install/nav2_common:/home/edwinooi/Desktop/emanual/install/turtlebot3_simulations:/home/edwinooi/Desktop/emanual/install/turtlebot3_gazebo:/home/edwinooi/Desktop/emanual/install/turtlebot3_fake_node:/home/edwinooi/Desktop/emanual/install/ros2_aruco_interfaces:/home/edwinooi/Desktop/emanual/install/ros2_aruco:/opt/ros/humble PYTHONPATH=/home/edwinooi/Desktop/foxy_ws/install/nav2_common/local/lib/python3.10/dist-packages:${PYTHONPATH} /usr/bin/cmake --install /home/edwinooi/Desktop/foxy_ws/build/nav2_voxel_grid
