[0.590s] Invoking command in '/home/edwinooi/Desktop/foxy_ws/build/nav2_common': CMAKE_PREFIX_PATH=${CMAKE_PREFIX_PATH}:/home/edwinooi/Desktop/emanual/install/ros2_aruco:/opt/ros/humble /usr/bin/cmake /home/edwinooi/Desktop/foxy_ws/src/turtlebot3_simulations/navigation2-humble/nav2_common -DCMAKE_INSTALL_PREFIX=/home/edwinooi/Desktop/foxy_ws/install/nav2_common
[0.676s] -- Found ament_cmake_core: 1.3.8 (/opt/ros/humble/share/ament_cmake_core/cmake)
[2.192s] -- Found Python3: /usr/bin/python3 (found version "3.10.12") found components: Interpreter 
[2.943s] -- Found ament_cmake_python: 1.3.8 (/opt/ros/humble/share/ament_cmake_python/cmake)
[3.975s] -- Configuring done
[3.985s] -- Generating done
[3.985s] -- Build files have been written to: /home/edwinooi/Desktop/foxy_ws/build/nav2_common
[5.917s] Invoked command in '/home/edwinooi/Desktop/foxy_ws/build/nav2_common' returned '0': CMAKE_PREFIX_PATH=${CMAKE_PREFIX_PATH}:/home/edwinooi/Desktop/emanual/install/ros2_aruco:/opt/ros/humble /usr/bin/cmake /home/edwinooi/Desktop/foxy_ws/src/turtlebot3_simulations/navigation2-humble/nav2_common -DCMAKE_INSTALL_PREFIX=/home/edwinooi/Desktop/foxy_ws/install/nav2_common
[5.919s] Invoking command in '/home/edwinooi/Desktop/foxy_ws/build/nav2_common': CMAKE_PREFIX_PATH=${CMAKE_PREFIX_PATH}:/home/edwinooi/Desktop/emanual/install/ros2_aruco:/opt/ros/humble /usr/bin/cmake --build /home/edwinooi/Desktop/foxy_ws/build/nav2_common -- -j4 -l4
[6.295s] Built target ament_cmake_python_copy_nav2_common
[7.477s] running egg_info
[7.480s] creating nav2_common.egg-info
[7.481s] writing nav2_common.egg-info/PKG-INFO
[7.484s] writing dependency_links to nav2_common.egg-info/dependency_links.txt
[7.485s] writing top-level names to nav2_common.egg-info/top_level.txt
[7.485s] writing manifest file 'nav2_common.egg-info/SOURCES.txt'
[7.515s] reading manifest file 'nav2_common.egg-info/SOURCES.txt'
[7.515s] writing manifest file 'nav2_common.egg-info/SOURCES.txt'
[7.711s] Built target ament_cmake_python_build_nav2_common_egg
[7.751s] Invoked command in '/home/edwinooi/Desktop/foxy_ws/build/nav2_common' returned '0': CMAKE_PREFIX_PATH=${CMAKE_PREFIX_PATH}:/home/edwinooi/Desktop/emanual/install/ros2_aruco:/opt/ros/humble /usr/bin/cmake --build /home/edwinooi/Desktop/foxy_ws/build/nav2_common -- -j4 -l4
[8.496s] Invoking command in '/home/edwinooi/Desktop/foxy_ws/build/nav2_common': CMAKE_PREFIX_PATH=${CMAKE_PREFIX_PATH}:/home/edwinooi/Desktop/emanual/install/ros2_aruco:/opt/ros/humble /usr/bin/cmake --install /home/edwinooi/Desktop/foxy_ws/build/nav2_common
[8.561s] -- Install configuration: ""
[8.587s] -- Installing: /home/edwinooi/Desktop/foxy_ws/install/nav2_common/share/nav2_common/environment/pythonpath.sh
[8.588s] -- Installing: /home/edwinooi/Desktop/foxy_ws/install/nav2_common/share/nav2_common/environment/pythonpath.dsv
[8.591s] -- Installing: /home/edwinooi/Desktop/foxy_ws/install/nav2_common/local/lib/python3.10/dist-packages/nav2_common-1.1.15-py3.10.egg-info
[8.592s] -- Installing: /home/edwinooi/Desktop/foxy_ws/install/nav2_common/local/lib/python3.10/dist-packages/nav2_common-1.1.15-py3.10.egg-info/SOURCES.txt
[8.595s] -- Installing: /home/edwinooi/Desktop/foxy_ws/install/nav2_common/local/lib/python3.10/dist-packages/nav2_common-1.1.15-py3.10.egg-info/PKG-INFO
[8.596s] -- Installing: /home/edwinooi/Desktop/foxy_ws/install/nav2_common/local/lib/python3.10/dist-packages/nav2_common-1.1.15-py3.10.egg-info/top_level.txt
[8.597s] -- Installing: /home/edwinooi/Desktop/foxy_ws/install/nav2_common/local/lib/python3.10/dist-packages/nav2_common-1.1.15-py3.10.egg-info/dependency_links.txt
[8.598s] -- Installing: /home/edwinooi/Desktop/foxy_ws/install/nav2_common/local/lib/python3.10/dist-packages/nav2_common
[8.607s] -- Installing: /home/edwinooi/Desktop/foxy_ws/install/nav2_common/local/lib/python3.10/dist-packages/nav2_common/__init__.py
[8.607s] -- Installing: /home/edwinooi/Desktop/foxy_ws/install/nav2_common/local/lib/python3.10/dist-packages/nav2_common/launch
[8.614s] -- Installing: /home/edwinooi/Desktop/foxy_ws/install/nav2_common/local/lib/python3.10/dist-packages/nav2_common/launch/rewritten_yaml.py
[8.615s] -- Installing: /home/edwinooi/Desktop/foxy_ws/install/nav2_common/local/lib/python3.10/dist-packages/nav2_common/launch/__init__.py
[8.615s] -- Installing: /home/edwinooi/Desktop/foxy_ws/install/nav2_common/local/lib/python3.10/dist-packages/nav2_common/launch/parse_multirobot_pose.py
[8.616s] -- Installing: /home/edwinooi/Desktop/foxy_ws/install/nav2_common/local/lib/python3.10/dist-packages/nav2_common/launch/replace_string.py
[8.617s] -- Installing: /home/edwinooi/Desktop/foxy_ws/install/nav2_common/local/lib/python3.10/dist-packages/nav2_common/launch/has_node_params.py
[8.823s] Listing '/home/edwinooi/Desktop/foxy_ws/install/nav2_common/local/lib/python3.10/dist-packages/nav2_common'...
[8.824s] Compiling '/home/edwinooi/Desktop/foxy_ws/install/nav2_common/local/lib/python3.10/dist-packages/nav2_common/__init__.py'...
[8.825s] Listing '/home/edwinooi/Desktop/foxy_ws/install/nav2_common/local/lib/python3.10/dist-packages/nav2_common/launch'...
[8.825s] Compiling '/home/edwinooi/Desktop/foxy_ws/install/nav2_common/local/lib/python3.10/dist-packages/nav2_common/launch/__init__.py'...
[8.825s] Compiling '/home/edwinooi/Desktop/foxy_ws/install/nav2_common/local/lib/python3.10/dist-packages/nav2_common/launch/has_node_params.py'...
[8.825s] Compiling '/home/edwinooi/Desktop/foxy_ws/install/nav2_common/local/lib/python3.10/dist-packages/nav2_common/launch/parse_multirobot_pose.py'...
[8.825s] Compiling '/home/edwinooi/Desktop/foxy_ws/install/nav2_common/local/lib/python3.10/dist-packages/nav2_common/launch/replace_string.py'...
[8.825s] Compiling '/home/edwinooi/Desktop/foxy_ws/install/nav2_common/local/lib/python3.10/dist-packages/nav2_common/launch/rewritten_yaml.py'...
[8.845s] -- Installing: /home/edwinooi/Desktop/foxy_ws/install/nav2_common/share/ament_index/resource_index/package_run_dependencies/nav2_common
[8.847s] -- Installing: /home/edwinooi/Desktop/foxy_ws/install/nav2_common/share/ament_index/resource_index/parent_prefix_path/nav2_common
[8.848s] -- Installing: /home/edwinooi/Desktop/foxy_ws/install/nav2_common/share/nav2_common/environment/ament_prefix_path.sh
[8.849s] -- Installing: /home/edwinooi/Desktop/foxy_ws/install/nav2_common/share/nav2_common/environment/ament_prefix_path.dsv
[8.850s] -- Installing: /home/edwinooi/Desktop/foxy_ws/install/nav2_common/share/nav2_common/environment/path.sh
[8.851s] -- Installing: /home/edwinooi/Desktop/foxy_ws/install/nav2_common/share/nav2_common/environment/path.dsv
[8.855s] -- Installing: /home/edwinooi/Desktop/foxy_ws/install/nav2_common/share/nav2_common/local_setup.bash
[8.856s] -- Installing: /home/edwinooi/Desktop/foxy_ws/install/nav2_common/share/nav2_common/local_setup.sh
[8.856s] -- Installing: /home/edwinooi/Desktop/foxy_ws/install/nav2_common/share/nav2_common/local_setup.zsh
[8.857s] -- Installing: /home/edwinooi/Desktop/foxy_ws/install/nav2_common/share/nav2_common/local_setup.dsv
[8.858s] -- Installing: /home/edwinooi/Desktop/foxy_ws/install/nav2_common/share/nav2_common/package.dsv
[8.859s] -- Installing: /home/edwinooi/Desktop/foxy_ws/install/nav2_common/share/ament_index/resource_index/packages/nav2_common
[8.860s] -- Installing: /home/edwinooi/Desktop/foxy_ws/install/nav2_common/share/nav2_common/cmake/nav2_common-extras.cmake
[8.860s] -- Installing: /home/edwinooi/Desktop/foxy_ws/install/nav2_common/share/nav2_common/cmake/nav2_commonConfig.cmake
[8.861s] -- Installing: /home/edwinooi/Desktop/foxy_ws/install/nav2_common/share/nav2_common/cmake/nav2_commonConfig-version.cmake
[8.862s] -- Installing: /home/edwinooi/Desktop/foxy_ws/install/nav2_common/share/nav2_common/package.xml
[8.863s] -- Up-to-date: /home/edwinooi/Desktop/foxy_ws/install/nav2_common/share/nav2_common/cmake
[8.863s] -- Installing: /home/edwinooi/Desktop/foxy_ws/install/nav2_common/share/nav2_common/cmake/nav2_package.cmake
[8.892s] Invoked command in '/home/edwinooi/Desktop/foxy_ws/build/nav2_common' returned '0': CMAKE_PREFIX_PATH=${CMAKE_PREFIX_PATH}:/home/edwinooi/Desktop/emanual/install/ros2_aruco:/opt/ros/humble /usr/bin/cmake --install /home/edwinooi/Desktop/foxy_ws/build/nav2_common
