[0.743s] Invoking command in '/home/edwinooi/Desktop/foxy_ws/build/realsense2_description': AMENT_PREFIX_PATH=/home/edwinooi/Desktop/foxy_ws/install/realsense2_camera_msgs:${AMENT_PREFIX_PATH} CMAKE_PREFIX_PATH=/home/edwinooi/Desktop/foxy_ws/install/realsense2_camera_msgs:/home/edwinooi/Desktop/emanual/install/turtlebot3_simulations:/home/edwinooi/Desktop/emanual/install/turtlebot3_gazebo:/home/edwinooi/Desktop/emanual/install/turtlebot3_fake_node:/home/edwinooi/Desktop/emanual/install/ros2_aruco_interfaces:/home/edwinooi/Desktop/emanual/install/ros2_aruco:/opt/ros/humble LD_LIBRARY_PATH=/home/edwinooi/Desktop/foxy_ws/install/realsense2_camera_msgs/lib:${LD_LIBRARY_PATH} PYTHONPATH=/home/edwinooi/Desktop/foxy_ws/install/realsense2_camera_msgs/local/lib/python3.10/dist-packages:${PYTHONPATH} /usr/bin/cmake --build /home/edwinooi/Desktop/foxy_ws/build/realsense2_description -- -j4 -l4
[1.072s] Invoked command in '/home/edwinooi/Desktop/foxy_ws/build/realsense2_description' returned '0': AMENT_PREFIX_PATH=/home/edwinooi/Desktop/foxy_ws/install/realsense2_camera_msgs:${AMENT_PREFIX_PATH} CMAKE_PREFIX_PATH=/home/edwinooi/Desktop/foxy_ws/install/realsense2_camera_msgs:/home/edwinooi/Desktop/emanual/install/turtlebot3_simulations:/home/edwinooi/Desktop/emanual/install/turtlebot3_gazebo:/home/edwinooi/Desktop/emanual/install/turtlebot3_fake_node:/home/edwinooi/Desktop/emanual/install/ros2_aruco_interfaces:/home/edwinooi/Desktop/emanual/install/ros2_aruco:/opt/ros/humble LD_LIBRARY_PATH=/home/edwinooi/Desktop/foxy_ws/install/realsense2_camera_msgs/lib:${LD_LIBRARY_PATH} PYTHONPATH=/home/edwinooi/Desktop/foxy_ws/install/realsense2_camera_msgs/local/lib/python3.10/dist-packages:${PYTHONPATH} /usr/bin/cmake --build /home/edwinooi/Desktop/foxy_ws/build/realsense2_description -- -j4 -l4
[1.314s] Invoking command in '/home/edwinooi/Desktop/foxy_ws/build/realsense2_description': AMENT_PREFIX_PATH=/home/edwinooi/Desktop/foxy_ws/install/realsense2_camera_msgs:${AMENT_PREFIX_PATH} CMAKE_PREFIX_PATH=/home/edwinooi/Desktop/foxy_ws/install/realsense2_camera_msgs:/home/edwinooi/Desktop/emanual/install/turtlebot3_simulations:/home/edwinooi/Desktop/emanual/install/turtlebot3_gazebo:/home/edwinooi/Desktop/emanual/install/turtlebot3_fake_node:/home/edwinooi/Desktop/emanual/install/ros2_aruco_interfaces:/home/edwinooi/Desktop/emanual/install/ros2_aruco:/opt/ros/humble LD_LIBRARY_PATH=/home/edwinooi/Desktop/foxy_ws/install/realsense2_camera_msgs/lib:${LD_LIBRARY_PATH} PYTHONPATH=/home/edwinooi/Desktop/foxy_ws/install/realsense2_camera_msgs/local/lib/python3.10/dist-packages:${PYTHONPATH} /usr/bin/cmake --install /home/edwinooi/Desktop/foxy_ws/build/realsense2_description
[1.380s] -- Install configuration: ""
[1.380s] -- Up-to-date: /home/edwinooi/Desktop/foxy_ws/install/realsense2_description/share/realsense2_description/launch
[1.388s] -- Up-to-date: /home/edwinooi/Desktop/foxy_ws/install/realsense2_description/share/realsense2_description/launch/view_model.launch.py
[1.393s] -- Up-to-date: /home/edwinooi/Desktop/foxy_ws/install/realsense2_description/share/realsense2_description/launch/launch_utils.py
[1.393s] -- Up-to-date: /home/edwinooi/Desktop/foxy_ws/install/realsense2_description/share/realsense2_description/meshes
[1.394s] -- Up-to-date: /home/edwinooi/Desktop/foxy_ws/install/realsense2_description/share/realsense2_description/meshes/l515.dae
[1.394s] -- Up-to-date: /home/edwinooi/Desktop/foxy_ws/install/realsense2_description/share/realsense2_description/meshes/d435.dae
[1.394s] -- Up-to-date: /home/edwinooi/Desktop/foxy_ws/install/realsense2_description/share/realsense2_description/meshes/plug.stl
[1.394s] -- Up-to-date: /home/edwinooi/Desktop/foxy_ws/install/realsense2_description/share/realsense2_description/meshes/d455.stl
[1.395s] -- Up-to-date: /home/edwinooi/Desktop/foxy_ws/install/realsense2_description/share/realsense2_description/meshes/plug_collision.stl
[1.395s] -- Up-to-date: /home/edwinooi/Desktop/foxy_ws/install/realsense2_description/share/realsense2_description/meshes/d415.stl
[1.395s] -- Up-to-date: /home/edwinooi/Desktop/foxy_ws/install/realsense2_description/share/realsense2_description/rviz
[1.395s] -- Up-to-date: /home/edwinooi/Desktop/foxy_ws/install/realsense2_description/share/realsense2_description/rviz/urdf.rviz
[1.395s] -- Up-to-date: /home/edwinooi/Desktop/foxy_ws/install/realsense2_description/share/realsense2_description/urdf
[1.395s] -- Up-to-date: /home/edwinooi/Desktop/foxy_ws/install/realsense2_description/share/realsense2_description/urdf/test_r430_camera.urdf.xacro
[1.396s] -- Up-to-date: /home/edwinooi/Desktop/foxy_ws/install/realsense2_description/share/realsense2_description/urdf/_d435i_imu_modules.urdf.xacro
[1.396s] -- Up-to-date: /home/edwinooi/Desktop/foxy_ws/install/realsense2_description/share/realsense2_description/urdf/_d455.urdf.xacro
[1.397s] -- Up-to-date: /home/edwinooi/Desktop/foxy_ws/install/realsense2_description/share/realsense2_description/urdf/test_d455_camera.urdf.xacro
[1.397s] -- Up-to-date: /home/edwinooi/Desktop/foxy_ws/install/realsense2_description/share/realsense2_description/urdf/test_d415_camera.urdf.xacro
[1.397s] -- Up-to-date: /home/edwinooi/Desktop/foxy_ws/install/realsense2_description/share/realsense2_description/urdf/test_r410_camera.urdf.xacro
[1.398s] -- Up-to-date: /home/edwinooi/Desktop/foxy_ws/install/realsense2_description/share/realsense2_description/urdf/_l515.urdf.xacro
[1.398s] -- Up-to-date: /home/edwinooi/Desktop/foxy_ws/install/realsense2_description/share/realsense2_description/urdf/_d415.urdf.xacro
[1.398s] -- Up-to-date: /home/edwinooi/Desktop/foxy_ws/install/realsense2_description/share/realsense2_description/urdf/test_d435_camera.urdf.xacro
[1.398s] -- Up-to-date: /home/edwinooi/Desktop/foxy_ws/install/realsense2_description/share/realsense2_description/urdf/_d435.urdf.xacro
[1.398s] -- Up-to-date: /home/edwinooi/Desktop/foxy_ws/install/realsense2_description/share/realsense2_description/urdf/_materials.urdf.xacro
[1.399s] -- Up-to-date: /home/edwinooi/Desktop/foxy_ws/install/realsense2_description/share/realsense2_description/urdf/_r430.urdf.xacro
[1.399s] -- Up-to-date: /home/edwinooi/Desktop/foxy_ws/install/realsense2_description/share/realsense2_description/urdf/test_d435i_camera.urdf.xacro
[1.400s] -- Up-to-date: /home/edwinooi/Desktop/foxy_ws/install/realsense2_description/share/realsense2_description/urdf/test_l515_camera.urdf.xacro
[1.403s] -- Up-to-date: /home/edwinooi/Desktop/foxy_ws/install/realsense2_description/share/realsense2_description/urdf/_d435i.urdf.xacro
[1.403s] -- Up-to-date: /home/edwinooi/Desktop/foxy_ws/install/realsense2_description/share/realsense2_description/urdf/_usb_plug.urdf.xacro
[1.404s] -- Up-to-date: /home/edwinooi/Desktop/foxy_ws/install/realsense2_description/share/realsense2_description/urdf/test_d435_multiple_cameras.urdf.xacro
[1.404s] -- Up-to-date: /home/edwinooi/Desktop/foxy_ws/install/realsense2_description/share/realsense2_description/urdf/_r410.urdf.xacro
[1.404s] -- Up-to-date: /home/edwinooi/Desktop/foxy_ws/install/realsense2_description/share/ament_index/resource_index/package_run_dependencies/realsense2_description
[1.404s] -- Up-to-date: /home/edwinooi/Desktop/foxy_ws/install/realsense2_description/share/ament_index/resource_index/parent_prefix_path/realsense2_description
[1.405s] -- Up-to-date: /home/edwinooi/Desktop/foxy_ws/install/realsense2_description/share/realsense2_description/environment/ament_prefix_path.sh
[1.405s] -- Up-to-date: /home/edwinooi/Desktop/foxy_ws/install/realsense2_description/share/realsense2_description/environment/ament_prefix_path.dsv
[1.405s] -- Up-to-date: /home/edwinooi/Desktop/foxy_ws/install/realsense2_description/share/realsense2_description/environment/path.sh
[1.405s] -- Up-to-date: /home/edwinooi/Desktop/foxy_ws/install/realsense2_description/share/realsense2_description/environment/path.dsv
[1.405s] -- Up-to-date: /home/edwinooi/Desktop/foxy_ws/install/realsense2_description/share/realsense2_description/local_setup.bash
[1.406s] -- Up-to-date: /home/edwinooi/Desktop/foxy_ws/install/realsense2_description/share/realsense2_description/local_setup.sh
[1.407s] -- Up-to-date: /home/edwinooi/Desktop/foxy_ws/install/realsense2_description/share/realsense2_description/local_setup.zsh
[1.407s] -- Up-to-date: /home/edwinooi/Desktop/foxy_ws/install/realsense2_description/share/realsense2_description/local_setup.dsv
[1.407s] -- Installing: /home/edwinooi/Desktop/foxy_ws/install/realsense2_description/share/realsense2_description/package.dsv
[1.408s] -- Up-to-date: /home/edwinooi/Desktop/foxy_ws/install/realsense2_description/share/ament_index/resource_index/packages/realsense2_description
[1.408s] -- Up-to-date: /home/edwinooi/Desktop/foxy_ws/install/realsense2_description/share/realsense2_description/cmake/realsense2_descriptionConfig.cmake
[1.408s] -- Up-to-date: /home/edwinooi/Desktop/foxy_ws/install/realsense2_description/share/realsense2_description/cmake/realsense2_descriptionConfig-version.cmake
[1.408s] -- Up-to-date: /home/edwinooi/Desktop/foxy_ws/install/realsense2_description/share/realsense2_description/package.xml
[1.423s] Invoked command in '/home/edwinooi/Desktop/foxy_ws/build/realsense2_description' returned '0': AMENT_PREFIX_PATH=/home/edwinooi/Desktop/foxy_ws/install/realsense2_camera_msgs:${AMENT_PREFIX_PATH} CMAKE_PREFIX_PATH=/home/edwinooi/Desktop/foxy_ws/install/realsense2_camera_msgs:/home/edwinooi/Desktop/emanual/install/turtlebot3_simulations:/home/edwinooi/Desktop/emanual/install/turtlebot3_gazebo:/home/edwinooi/Desktop/emanual/install/turtlebot3_fake_node:/home/edwinooi/Desktop/emanual/install/ros2_aruco_interfaces:/home/edwinooi/Desktop/emanual/install/ros2_aruco:/opt/ros/humble LD_LIBRARY_PATH=/home/edwinooi/Desktop/foxy_ws/install/realsense2_camera_msgs/lib:${LD_LIBRARY_PATH} PYTHONPATH=/home/edwinooi/Desktop/foxy_ws/install/realsense2_camera_msgs/local/lib/python3.10/dist-packages:${PYTHONPATH} /usr/bin/cmake --install /home/edwinooi/Desktop/foxy_ws/build/realsense2_description
