[4.618s] Invoking command in '/home/edwinooi/Desktop/foxy_ws/src/turtlebot3_simulations/map_server': PYTHONPATH=/home/edwinooi/Desktop/foxy_ws/build/map_server/prefix_override:/home/edwinooi/Desktop/foxy_ws/install/map_server/lib/python3.10/site-packages:${PYTHONPATH} /usr/bin/python3 setup.py egg_info --egg-base ../../../build/map_server build --build-base /home/edwinooi/Desktop/foxy_ws/build/map_server/build install --record /home/edwinooi/Desktop/foxy_ws/build/map_server/install.log --single-version-externally-managed
[5.692s] running egg_info
[5.697s] creating ../../../build/map_server/map_server.egg-info
[5.698s] writing ../../../build/map_server/map_server.egg-info/PKG-INFO
[5.698s] writing dependency_links to ../../../build/map_server/map_server.egg-info/dependency_links.txt
[5.698s] writing entry points to ../../../build/map_server/map_server.egg-info/entry_points.txt
[5.698s] writing requirements to ../../../build/map_server/map_server.egg-info/requires.txt
[5.713s] writing top-level names to ../../../build/map_server/map_server.egg-info/top_level.txt
[5.713s] writing manifest file '../../../build/map_server/map_server.egg-info/SOURCES.txt'
[5.729s] reading manifest file '../../../build/map_server/map_server.egg-info/SOURCES.txt'
[5.729s] writing manifest file '../../../build/map_server/map_server.egg-info/SOURCES.txt'
[5.729s] running build
[5.729s] running build_py
[5.735s] creating /home/edwinooi/Desktop/foxy_ws/build/map_server/build
[5.736s] creating /home/edwinooi/Desktop/foxy_ws/build/map_server/build/lib
[5.736s] creating /home/edwinooi/Desktop/foxy_ws/build/map_server/build/lib/map_server
[5.736s] copying map_server/__init__.py -> /home/edwinooi/Desktop/foxy_ws/build/map_server/build/lib/map_server
[5.736s] running install
[5.737s] /usr/lib/python3/dist-packages/setuptools/command/install.py:34: SetuptoolsDeprecationWarning: setup.py install is deprecated. Use build and pip and other standards-based tools.
[5.737s]   warnings.warn(
[5.737s] running install_lib
[5.744s] creating /home/edwinooi/Desktop/foxy_ws/install/map_server/lib/python3.10/site-packages/map_server
[5.744s] copying /home/edwinooi/Desktop/foxy_ws/build/map_server/build/lib/map_server/__init__.py -> /home/edwinooi/Desktop/foxy_ws/install/map_server/lib/python3.10/site-packages/map_server
[5.744s] byte-compiling /home/edwinooi/Desktop/foxy_ws/install/map_server/lib/python3.10/site-packages/map_server/__init__.py to __init__.cpython-310.pyc
[5.744s] running install_data
[5.744s] creating /home/edwinooi/Desktop/foxy_ws/install/map_server/share/ament_index
[5.745s] creating /home/edwinooi/Desktop/foxy_ws/install/map_server/share/ament_index/resource_index
[5.745s] creating /home/edwinooi/Desktop/foxy_ws/install/map_server/share/ament_index/resource_index/packages
[5.745s] copying resource/map_server -> /home/edwinooi/Desktop/foxy_ws/install/map_server/share/ament_index/resource_index/packages
[5.745s] copying package.xml -> /home/edwinooi/Desktop/foxy_ws/install/map_server/share/map_server
[5.745s] creating /home/edwinooi/Desktop/foxy_ws/install/map_server/share/map_server/launch
[5.746s] copying launch/nav2_map_server.launch.py -> /home/edwinooi/Desktop/foxy_ws/install/map_server/share/map_server/launch
[5.746s] creating /home/edwinooi/Desktop/foxy_ws/install/map_server/share/map_server/config
[5.746s] copying config/turtlebot_area.yaml -> /home/edwinooi/Desktop/foxy_ws/install/map_server/share/map_server/config
[5.746s] copying config/turtlebot_area.pgm -> /home/edwinooi/Desktop/foxy_ws/install/map_server/share/map_server/config
[5.746s] running install_egg_info
[5.749s] Copying ../../../build/map_server/map_server.egg-info to /home/edwinooi/Desktop/foxy_ws/install/map_server/lib/python3.10/site-packages/map_server-0.0.0-py3.10.egg-info
[5.759s] running install_scripts
[5.824s] writing list of installed files to '/home/edwinooi/Desktop/foxy_ws/build/map_server/install.log'
[6.576s] Invoked command in '/home/edwinooi/Desktop/foxy_ws/src/turtlebot3_simulations/map_server' returned '0': PYTHONPATH=/home/edwinooi/Desktop/foxy_ws/build/map_server/prefix_override:/home/edwinooi/Desktop/foxy_ws/install/map_server/lib/python3.10/site-packages:${PYTHONPATH} /usr/bin/python3 setup.py egg_info --egg-base ../../../build/map_server build --build-base /home/edwinooi/Desktop/foxy_ws/build/map_server/build install --record /home/edwinooi/Desktop/foxy_ws/build/map_server/install.log --single-version-externally-managed
