[3.713s] Invoking command in '/home/edwinooi/Desktop/foxy_ws/src/turtlebot3_simulations/map_server': PYTHONPATH=/home/edwinooi/Desktop/foxy_ws/build/map_server/prefix_override:/home/edwinooi/Desktop/foxy_ws/install/map_server/lib/python3.10/site-packages:${PYTHONPATH} /usr/bin/python3 setup.py egg_info --egg-base ../../../build/map_server build --build-base /home/edwinooi/Desktop/foxy_ws/build/map_server/build install --record /home/edwinooi/Desktop/foxy_ws/build/map_server/install.log --single-version-externally-managed
[4.574s] running egg_info
[4.574s] writing ../../../build/map_server/map_server.egg-info/PKG-INFO
[4.576s] writing dependency_links to ../../../build/map_server/map_server.egg-info/dependency_links.txt
[4.576s] writing entry points to ../../../build/map_server/map_server.egg-info/entry_points.txt
[4.576s] writing requirements to ../../../build/map_server/map_server.egg-info/requires.txt
[4.577s] writing top-level names to ../../../build/map_server/map_server.egg-info/top_level.txt
[4.584s] reading manifest file '../../../build/map_server/map_server.egg-info/SOURCES.txt'
[4.588s] writing manifest file '../../../build/map_server/map_server.egg-info/SOURCES.txt'
[4.588s] running build
[4.588s] running build_py
[4.594s] /usr/lib/python3/dist-packages/setuptools/command/install.py:34: SetuptoolsDeprecationWarning: setup.py install is deprecated. Use build and pip and other standards-based tools.
[4.594s]   warnings.warn(
[4.603s] running install
[4.603s] running install_lib
[4.603s] running install_data
[4.603s] running install_egg_info
[4.604s] removing '/home/edwinooi/Desktop/foxy_ws/install/map_server/lib/python3.10/site-packages/map_server-0.0.0-py3.10.egg-info' (and everything under it)
[4.604s] Copying ../../../build/map_server/map_server.egg-info to /home/edwinooi/Desktop/foxy_ws/install/map_server/lib/python3.10/site-packages/map_server-0.0.0-py3.10.egg-info
[4.604s] running install_scripts
[4.913s] writing list of installed files to '/home/edwinooi/Desktop/foxy_ws/build/map_server/install.log'
[5.006s] Invoked command in '/home/edwinooi/Desktop/foxy_ws/src/turtlebot3_simulations/map_server' returned '0': PYTHONPATH=/home/edwinooi/Desktop/foxy_ws/build/map_server/prefix_override:/home/edwinooi/Desktop/foxy_ws/install/map_server/lib/python3.10/site-packages:${PYTHONPATH} /usr/bin/python3 setup.py egg_info --egg-base ../../../build/map_server build --build-base /home/edwinooi/Desktop/foxy_ws/build/map_server/build install --record /home/edwinooi/Desktop/foxy_ws/build/map_server/install.log --single-version-externally-managed
