[0.302s] Invoking command in '/home/edwinooi/Desktop/foxy_ws/build/nav2_theta_star_planner': AMENT_PREFIX_PATH=/home/edwinooi/Desktop/foxy_ws/install/nav2_core:/home/edwinooi/Desktop/foxy_ws/install/nav2_costmap_2d:/home/edwinooi/Desktop/foxy_ws/install/nav2_util:/home/edwinooi/Desktop/foxy_ws/install/nav2_voxel_grid:/home/edwinooi/Desktop/foxy_ws/install/nav2_msgs:/home/edwinooi/Desktop/foxy_ws/install/nav2_common:${AMENT_PREFIX_PATH} CMAKE_PREFIX_PATH=/home/edwinooi/Desktop/foxy_ws/install/nav2_core:/home/edwinooi/Desktop/foxy_ws/install/nav2_costmap_2d:/home/edwinooi/Desktop/foxy_ws/install/nav2_util:/home/edwinooi/Desktop/foxy_ws/install/nav2_voxel_grid:/home/edwinooi/Desktop/foxy_ws/install/nav2_msgs:/home/edwinooi/Desktop/foxy_ws/install/nav2_common:/home/edwinooi/Desktop/emanual/install/turtlebot3_simulations:/home/edwinooi/Desktop/emanual/install/turtlebot3_gazebo:/home/edwinooi/Desktop/emanual/install/turtlebot3_fake_node:/home/edwinooi/Desktop/emanual/install/ros2_aruco_interfaces:/home/edwinooi/Desktop/emanual/install/ros2_aruco:/opt/ros/humble LD_LIBRARY_PATH=/home/edwinooi/Desktop/foxy_ws/install/nav2_costmap_2d/lib:/home/edwinooi/Desktop/foxy_ws/install/nav2_util/lib:/home/edwinooi/Desktop/foxy_ws/install/nav2_voxel_grid/lib:/home/edwinooi/Desktop/foxy_ws/install/nav2_msgs/lib:${LD_LIBRARY_PATH} PYTHONPATH=/home/edwinooi/Desktop/foxy_ws/install/nav2_msgs/local/lib/python3.10/dist-packages:/home/edwinooi/Desktop/foxy_ws/install/nav2_common/local/lib/python3.10/dist-packages:${PYTHONPATH} /usr/bin/cmake /home/edwinooi/Desktop/foxy_ws/src/turtlebot3_simulations/navigation2-humble/nav2_theta_star_planner -DCMAKE_INSTALL_PREFIX=/home/edwinooi/Desktop/foxy_ws/install/nav2_theta_star_planner
[0.520s] -- The C compiler identification is GNU 11.4.0
[0.675s] -- The CXX compiler identification is GNU 11.4.0
[0.703s] -- Detecting C compiler ABI info
[0.935s] -- Detecting C compiler ABI info - done
[0.957s] -- Check for working C compiler: /usr/bin/cc - skipped
[0.958s] -- Detecting C compile features
[0.960s] -- Detecting C compile features - done
[0.968s] -- Detecting CXX compiler ABI info
[1.371s] -- Detecting CXX compiler ABI info - done
[1.410s] -- Check for working CXX compiler: /usr/bin/c++ - skipped
[1.412s] -- Detecting CXX compile features
[1.416s] -- Detecting CXX compile features - done
[1.431s] -- Found ament_cmake: 1.3.8 (/opt/ros/humble/share/ament_cmake/cmake)
[2.035s] -- Found Python3: /usr/bin/python3 (found version "3.10.12") found components: Interpreter 
[2.309s] -- Found builtin_interfaces: 1.2.1 (/opt/ros/humble/share/builtin_interfaces/cmake)
[2.476s] -- Found rosidl_generator_c: 3.1.5 (/opt/ros/humble/share/rosidl_generator_c/cmake)
[2.493s] -- Found rosidl_adapter: 3.1.5 (/opt/ros/humble/share/rosidl_adapter/cmake)
[2.528s] -- Found rosidl_generator_cpp: 3.1.5 (/opt/ros/humble/share/rosidl_generator_cpp/cmake)
[2.583s] -- Using all available rosidl_typesupport_c: rosidl_typesupport_fastrtps_c;rosidl_typesupport_introspection_c
[2.647s] -- Using all available rosidl_typesupport_cpp: rosidl_typesupport_fastrtps_cpp;rosidl_typesupport_introspection_cpp
[2.706s] -- Found nav2_common: 1.1.15 (/home/edwinooi/Desktop/foxy_ws/install/nav2_common/share/nav2_common/cmake)
[2.714s] -- Found nav2_core: 1.1.15 (/home/edwinooi/Desktop/foxy_ws/install/nav2_core/share/nav2_core/cmake)
[2.931s] -- Found rmw_implementation_cmake: 6.1.1 (/opt/ros/humble/share/rmw_implementation_cmake/cmake)
[2.944s] -- Found rmw_fastrtps_cpp: 6.2.6 (/opt/ros/humble/share/rmw_fastrtps_cpp/cmake)
[3.276s] -- Found OpenSSL: /usr/lib/x86_64-linux-gnu/libcrypto.so (found version "3.0.2")  
[3.362s] -- Found FastRTPS: /opt/ros/humble/include  
[3.699s] -- Using RMW implementation 'rmw_fastrtps_cpp' as default
[3.748s] -- Looking for pthread.h
[3.975s] -- Looking for pthread.h - found
[3.976s] -- Performing Test CMAKE_HAVE_LIBC_PTHREAD
[4.236s] -- Performing Test CMAKE_HAVE_LIBC_PTHREAD - Success
[4.249s] -- Found Threads: TRUE  
[9.249s] -- Found Eigen3: TRUE (found version "3.4.0") 
[9.250s] -- Ensuring Eigen3 include directory is part of orocos-kdl CMake target
[15.328s] -- Setting build type to Release as none was specified.
[23.677s] -- Found ament_lint_auto: 0.12.10 (/opt/ros/humble/share/ament_lint_auto/cmake)
[24.210s] -- Found gtest sources under '/opt/ros/humble/src/gtest_vendor': C++ tests using 'Google Test' will be built
[31.989s] -- Added test 'copyright' to check source files copyright and LICENSE
[31.996s] -- Added test 'cppcheck' to perform static code analysis on C / C++ code
[31.999s] -- Configured cppcheck include dirs: /home/edwinooi/Desktop/foxy_ws/src/turtlebot3_simulations/navigation2-humble/nav2_theta_star_planner/include
[31.999s] -- Configured cppcheck exclude dirs and/or files: 
[32.005s] -- Added test 'cpplint' to check C / C++ code against the Google style
[32.005s] -- Configured cpplint exclude dirs and/or files: 
[32.009s] -- Added test 'lint_cmake' to check CMake code style
[32.015s] -- Added test 'uncrustify' to check C / C++ code style
[32.016s] -- Configured uncrustify additional arguments: 
[32.019s] -- Added test 'xmllint' to check XML markup files
[32.048s] -- Configuring done
[32.710s] -- Generating done
[32.723s] -- Build files have been written to: /home/edwinooi/Desktop/foxy_ws/build/nav2_theta_star_planner
[32.844s] Invoked command in '/home/edwinooi/Desktop/foxy_ws/build/nav2_theta_star_planner' returned '0': AMENT_PREFIX_PATH=/home/edwinooi/Desktop/foxy_ws/install/nav2_core:/home/edwinooi/Desktop/foxy_ws/install/nav2_costmap_2d:/home/edwinooi/Desktop/foxy_ws/install/nav2_util:/home/edwinooi/Desktop/foxy_ws/install/nav2_voxel_grid:/home/edwinooi/Desktop/foxy_ws/install/nav2_msgs:/home/edwinooi/Desktop/foxy_ws/install/nav2_common:${AMENT_PREFIX_PATH} CMAKE_PREFIX_PATH=/home/edwinooi/Desktop/foxy_ws/install/nav2_core:/home/edwinooi/Desktop/foxy_ws/install/nav2_costmap_2d:/home/edwinooi/Desktop/foxy_ws/install/nav2_util:/home/edwinooi/Desktop/foxy_ws/install/nav2_voxel_grid:/home/edwinooi/Desktop/foxy_ws/install/nav2_msgs:/home/edwinooi/Desktop/foxy_ws/install/nav2_common:/home/edwinooi/Desktop/emanual/install/turtlebot3_simulations:/home/edwinooi/Desktop/emanual/install/turtlebot3_gazebo:/home/edwinooi/Desktop/emanual/install/turtlebot3_fake_node:/home/edwinooi/Desktop/emanual/install/ros2_aruco_interfaces:/home/edwinooi/Desktop/emanual/install/ros2_aruco:/opt/ros/humble LD_LIBRARY_PATH=/home/edwinooi/Desktop/foxy_ws/install/nav2_costmap_2d/lib:/home/edwinooi/Desktop/foxy_ws/install/nav2_util/lib:/home/edwinooi/Desktop/foxy_ws/install/nav2_voxel_grid/lib:/home/edwinooi/Desktop/foxy_ws/install/nav2_msgs/lib:${LD_LIBRARY_PATH} PYTHONPATH=/home/edwinooi/Desktop/foxy_ws/install/nav2_msgs/local/lib/python3.10/dist-packages:/home/edwinooi/Desktop/foxy_ws/install/nav2_common/local/lib/python3.10/dist-packages:${PYTHONPATH} /usr/bin/cmake /home/edwinooi/Desktop/foxy_ws/src/turtlebot3_simulations/navigation2-humble/nav2_theta_star_planner -DCMAKE_INSTALL_PREFIX=/home/edwinooi/Desktop/foxy_ws/install/nav2_theta_star_planner
[32.845s] Invoking command in '/home/edwinooi/Desktop/foxy_ws/build/nav2_theta_star_planner': AMENT_PREFIX_PATH=/home/edwinooi/Desktop/foxy_ws/install/nav2_core:/home/edwinooi/Desktop/foxy_ws/install/nav2_costmap_2d:/home/edwinooi/Desktop/foxy_ws/install/nav2_util:/home/edwinooi/Desktop/foxy_ws/install/nav2_voxel_grid:/home/edwinooi/Desktop/foxy_ws/install/nav2_msgs:/home/edwinooi/Desktop/foxy_ws/install/nav2_common:${AMENT_PREFIX_PATH} CMAKE_PREFIX_PATH=/home/edwinooi/Desktop/foxy_ws/install/nav2_core:/home/edwinooi/Desktop/foxy_ws/install/nav2_costmap_2d:/home/edwinooi/Desktop/foxy_ws/install/nav2_util:/home/edwinooi/Desktop/foxy_ws/install/nav2_voxel_grid:/home/edwinooi/Desktop/foxy_ws/install/nav2_msgs:/home/edwinooi/Desktop/foxy_ws/install/nav2_common:/home/edwinooi/Desktop/emanual/install/turtlebot3_simulations:/home/edwinooi/Desktop/emanual/install/turtlebot3_gazebo:/home/edwinooi/Desktop/emanual/install/turtlebot3_fake_node:/home/edwinooi/Desktop/emanual/install/ros2_aruco_interfaces:/home/edwinooi/Desktop/emanual/install/ros2_aruco:/opt/ros/humble LD_LIBRARY_PATH=/home/edwinooi/Desktop/foxy_ws/install/nav2_costmap_2d/lib:/home/edwinooi/Desktop/foxy_ws/install/nav2_util/lib:/home/edwinooi/Desktop/foxy_ws/install/nav2_voxel_grid/lib:/home/edwinooi/Desktop/foxy_ws/install/nav2_msgs/lib:${LD_LIBRARY_PATH} PYTHONPATH=/home/edwinooi/Desktop/foxy_ws/install/nav2_msgs/local/lib/python3.10/dist-packages:/home/edwinooi/Desktop/foxy_ws/install/nav2_common/local/lib/python3.10/dist-packages:${PYTHONPATH} /usr/bin/cmake --build /home/edwinooi/Desktop/foxy_ws/build/nav2_theta_star_planner -- -j4 -l4
[33.136s] [ 11%] [32mBuilding CXX object CMakeFiles/nav2_theta_star_planner.dir/src/theta_star.cpp.o[0m
[45.039s] [ 22%] [32mBuilding CXX object CMakeFiles/nav2_theta_star_planner.dir/src/theta_star_planner.cpp.o[0m
[61.002s] [ 33%] [32m[1mLinking CXX shared library libnav2_theta_star_planner.so[0m
[61.982s] [ 33%] Built target nav2_theta_star_planner
[62.037s] [ 44%] [32mBuilding CXX object gtest/CMakeFiles/gtest.dir/src/gtest-all.cc.o[0m
[80.365s] [ 55%] [32m[1mLinking CXX static library libgtest.a[0m
[80.489s] [ 55%] Built target gtest
[80.604s] [ 66%] [32mBuilding CXX object gtest/CMakeFiles/gtest_main.dir/src/gtest_main.cc.o[0m
[83.449s] [ 77%] [32m[1mLinking CXX static library libgtest_main.a[0m
[83.536s] [ 77%] Built target gtest_main
[83.703s] [ 88%] [32mBuilding CXX object CMakeFiles/test_theta_star.dir/test/test_theta_star.cpp.o[0m
[102.155s] [100%] [32m[1mLinking CXX executable test_theta_star[0m
[103.412s] [100%] Built target test_theta_star
[103.468s] Invoked command in '/home/edwinooi/Desktop/foxy_ws/build/nav2_theta_star_planner' returned '0': AMENT_PREFIX_PATH=/home/edwinooi/Desktop/foxy_ws/install/nav2_core:/home/edwinooi/Desktop/foxy_ws/install/nav2_costmap_2d:/home/edwinooi/Desktop/foxy_ws/install/nav2_util:/home/edwinooi/Desktop/foxy_ws/install/nav2_voxel_grid:/home/edwinooi/Desktop/foxy_ws/install/nav2_msgs:/home/edwinooi/Desktop/foxy_ws/install/nav2_common:${AMENT_PREFIX_PATH} CMAKE_PREFIX_PATH=/home/edwinooi/Desktop/foxy_ws/install/nav2_core:/home/edwinooi/Desktop/foxy_ws/install/nav2_costmap_2d:/home/edwinooi/Desktop/foxy_ws/install/nav2_util:/home/edwinooi/Desktop/foxy_ws/install/nav2_voxel_grid:/home/edwinooi/Desktop/foxy_ws/install/nav2_msgs:/home/edwinooi/Desktop/foxy_ws/install/nav2_common:/home/edwinooi/Desktop/emanual/install/turtlebot3_simulations:/home/edwinooi/Desktop/emanual/install/turtlebot3_gazebo:/home/edwinooi/Desktop/emanual/install/turtlebot3_fake_node:/home/edwinooi/Desktop/emanual/install/ros2_aruco_interfaces:/home/edwinooi/Desktop/emanual/install/ros2_aruco:/opt/ros/humble LD_LIBRARY_PATH=/home/edwinooi/Desktop/foxy_ws/install/nav2_costmap_2d/lib:/home/edwinooi/Desktop/foxy_ws/install/nav2_util/lib:/home/edwinooi/Desktop/foxy_ws/install/nav2_voxel_grid/lib:/home/edwinooi/Desktop/foxy_ws/install/nav2_msgs/lib:${LD_LIBRARY_PATH} PYTHONPATH=/home/edwinooi/Desktop/foxy_ws/install/nav2_msgs/local/lib/python3.10/dist-packages:/home/edwinooi/Desktop/foxy_ws/install/nav2_common/local/lib/python3.10/dist-packages:${PYTHONPATH} /usr/bin/cmake --build /home/edwinooi/Desktop/foxy_ws/build/nav2_theta_star_planner -- -j4 -l4
[103.903s] Invoking command in '/home/edwinooi/Desktop/foxy_ws/build/nav2_theta_star_planner': AMENT_PREFIX_PATH=/home/edwinooi/Desktop/foxy_ws/install/nav2_core:/home/edwinooi/Desktop/foxy_ws/install/nav2_costmap_2d:/home/edwinooi/Desktop/foxy_ws/install/nav2_util:/home/edwinooi/Desktop/foxy_ws/install/nav2_voxel_grid:/home/edwinooi/Desktop/foxy_ws/install/nav2_msgs:/home/edwinooi/Desktop/foxy_ws/install/nav2_common:${AMENT_PREFIX_PATH} CMAKE_PREFIX_PATH=/home/edwinooi/Desktop/foxy_ws/install/nav2_core:/home/edwinooi/Desktop/foxy_ws/install/nav2_costmap_2d:/home/edwinooi/Desktop/foxy_ws/install/nav2_util:/home/edwinooi/Desktop/foxy_ws/install/nav2_voxel_grid:/home/edwinooi/Desktop/foxy_ws/install/nav2_msgs:/home/edwinooi/Desktop/foxy_ws/install/nav2_common:/home/edwinooi/Desktop/emanual/install/turtlebot3_simulations:/home/edwinooi/Desktop/emanual/install/turtlebot3_gazebo:/home/edwinooi/Desktop/emanual/install/turtlebot3_fake_node:/home/edwinooi/Desktop/emanual/install/ros2_aruco_interfaces:/home/edwinooi/Desktop/emanual/install/ros2_aruco:/opt/ros/humble LD_LIBRARY_PATH=/home/edwinooi/Desktop/foxy_ws/install/nav2_costmap_2d/lib:/home/edwinooi/Desktop/foxy_ws/install/nav2_util/lib:/home/edwinooi/Desktop/foxy_ws/install/nav2_voxel_grid/lib:/home/edwinooi/Desktop/foxy_ws/install/nav2_msgs/lib:${LD_LIBRARY_PATH} PYTHONPATH=/home/edwinooi/Desktop/foxy_ws/install/nav2_msgs/local/lib/python3.10/dist-packages:/home/edwinooi/Desktop/foxy_ws/install/nav2_common/local/lib/python3.10/dist-packages:${PYTHONPATH} /usr/bin/cmake --install /home/edwinooi/Desktop/foxy_ws/build/nav2_theta_star_planner
[103.922s] -- Install configuration: "Release"
[103.932s] -- Installing: /home/edwinooi/Desktop/foxy_ws/install/nav2_theta_star_planner/share/nav2_theta_star_planner/theta_star_planner.xml
[103.946s] -- Installing: /home/edwinooi/Desktop/foxy_ws/install/nav2_theta_star_planner/lib/libnav2_theta_star_planner.so
[103.946s] -- Set runtime path of "/home/edwinooi/Desktop/foxy_ws/install/nav2_theta_star_planner/lib/libnav2_theta_star_planner.so" to ""
[103.953s] -- Installing: /home/edwinooi/Desktop/foxy_ws/install/nav2_theta_star_planner/include/
[103.956s] -- Installing: /home/edwinooi/Desktop/foxy_ws/install/nav2_theta_star_planner/include//nav2_theta_star_planner
[103.958s] -- Installing: /home/edwinooi/Desktop/foxy_ws/install/nav2_theta_star_planner/include//nav2_theta_star_planner/theta_star_planner.hpp
[103.963s] -- Installing: /home/edwinooi/Desktop/foxy_ws/install/nav2_theta_star_planner/include//nav2_theta_star_planner/theta_star.hpp
[103.967s] -- Up-to-date: /home/edwinooi/Desktop/foxy_ws/install/nav2_theta_star_planner/share/nav2_theta_star_planner/theta_star_planner.xml
[103.969s] -- Installing: /home/edwinooi/Desktop/foxy_ws/install/nav2_theta_star_planner/share/nav2_theta_star_planner/environment/library_path.sh
[103.974s] -- Installing: /home/edwinooi/Desktop/foxy_ws/install/nav2_theta_star_planner/share/nav2_theta_star_planner/environment/library_path.dsv
[103.979s] -- Installing: /home/edwinooi/Desktop/foxy_ws/install/nav2_theta_star_planner/share/ament_index/resource_index/package_run_dependencies/nav2_theta_star_planner
[103.981s] -- Installing: /home/edwinooi/Desktop/foxy_ws/install/nav2_theta_star_planner/share/ament_index/resource_index/parent_prefix_path/nav2_theta_star_planner
[103.983s] -- Installing: /home/edwinooi/Desktop/foxy_ws/install/nav2_theta_star_planner/share/nav2_theta_star_planner/environment/ament_prefix_path.sh
[103.988s] -- Installing: /home/edwinooi/Desktop/foxy_ws/install/nav2_theta_star_planner/share/nav2_theta_star_planner/environment/ament_prefix_path.dsv
[103.993s] -- Installing: /home/edwinooi/Desktop/foxy_ws/install/nav2_theta_star_planner/share/nav2_theta_star_planner/environment/path.sh
[103.998s] -- Installing: /home/edwinooi/Desktop/foxy_ws/install/nav2_theta_star_planner/share/nav2_theta_star_planner/environment/path.dsv
[104.003s] -- Installing: /home/edwinooi/Desktop/foxy_ws/install/nav2_theta_star_planner/share/nav2_theta_star_planner/local_setup.bash
[104.006s] -- Installing: /home/edwinooi/Desktop/foxy_ws/install/nav2_theta_star_planner/share/nav2_theta_star_planner/local_setup.sh
[104.010s] -- Installing: /home/edwinooi/Desktop/foxy_ws/install/nav2_theta_star_planner/share/nav2_theta_star_planner/local_setup.zsh
[104.014s] -- Installing: /home/edwinooi/Desktop/foxy_ws/install/nav2_theta_star_planner/share/nav2_theta_star_planner/local_setup.dsv
[104.024s] -- Installing: /home/edwinooi/Desktop/foxy_ws/install/nav2_theta_star_planner/share/nav2_theta_star_planner/package.dsv
[104.026s] -- Installing: /home/edwinooi/Desktop/foxy_ws/install/nav2_theta_star_planner/share/ament_index/resource_index/packages/nav2_theta_star_planner
[104.027s] -- Installing: /home/edwinooi/Desktop/foxy_ws/install/nav2_theta_star_planner/share/ament_index/resource_index/nav2_core__pluginlib__plugin/nav2_theta_star_planner
[104.028s] -- Installing: /home/edwinooi/Desktop/foxy_ws/install/nav2_theta_star_planner/share/nav2_theta_star_planner/cmake/ament_cmake_export_include_directories-extras.cmake
[104.038s] -- Installing: /home/edwinooi/Desktop/foxy_ws/install/nav2_theta_star_planner/share/nav2_theta_star_planner/cmake/ament_cmake_export_libraries-extras.cmake
[104.040s] -- Installing: /home/edwinooi/Desktop/foxy_ws/install/nav2_theta_star_planner/share/nav2_theta_star_planner/cmake/ament_cmake_export_dependencies-extras.cmake
[104.040s] -- Installing: /home/edwinooi/Desktop/foxy_ws/install/nav2_theta_star_planner/share/nav2_theta_star_planner/cmake/nav2_theta_star_plannerConfig.cmake
[104.042s] -- Installing: /home/edwinooi/Desktop/foxy_ws/install/nav2_theta_star_planner/share/nav2_theta_star_planner/cmake/nav2_theta_star_plannerConfig-version.cmake
[104.052s] -- Installing: /home/edwinooi/Desktop/foxy_ws/install/nav2_theta_star_planner/share/nav2_theta_star_planner/package.xml
[104.053s] Invoked command in '/home/edwinooi/Desktop/foxy_ws/build/nav2_theta_star_planner' returned '0': AMENT_PREFIX_PATH=/home/edwinooi/Desktop/foxy_ws/install/nav2_core:/home/edwinooi/Desktop/foxy_ws/install/nav2_costmap_2d:/home/edwinooi/Desktop/foxy_ws/install/nav2_util:/home/edwinooi/Desktop/foxy_ws/install/nav2_voxel_grid:/home/edwinooi/Desktop/foxy_ws/install/nav2_msgs:/home/edwinooi/Desktop/foxy_ws/install/nav2_common:${AMENT_PREFIX_PATH} CMAKE_PREFIX_PATH=/home/edwinooi/Desktop/foxy_ws/install/nav2_core:/home/edwinooi/Desktop/foxy_ws/install/nav2_costmap_2d:/home/edwinooi/Desktop/foxy_ws/install/nav2_util:/home/edwinooi/Desktop/foxy_ws/install/nav2_voxel_grid:/home/edwinooi/Desktop/foxy_ws/install/nav2_msgs:/home/edwinooi/Desktop/foxy_ws/install/nav2_common:/home/edwinooi/Desktop/emanual/install/turtlebot3_simulations:/home/edwinooi/Desktop/emanual/install/turtlebot3_gazebo:/home/edwinooi/Desktop/emanual/install/turtlebot3_fake_node:/home/edwinooi/Desktop/emanual/install/ros2_aruco_interfaces:/home/edwinooi/Desktop/emanual/install/ros2_aruco:/opt/ros/humble LD_LIBRARY_PATH=/home/edwinooi/Desktop/foxy_ws/install/nav2_costmap_2d/lib:/home/edwinooi/Desktop/foxy_ws/install/nav2_util/lib:/home/edwinooi/Desktop/foxy_ws/install/nav2_voxel_grid/lib:/home/edwinooi/Desktop/foxy_ws/install/nav2_msgs/lib:${LD_LIBRARY_PATH} PYTHONPATH=/home/edwinooi/Desktop/foxy_ws/install/nav2_msgs/local/lib/python3.10/dist-packages:/home/edwinooi/Desktop/foxy_ws/install/nav2_common/local/lib/python3.10/dist-packages:${PYTHONPATH} /usr/bin/cmake --install /home/edwinooi/Desktop/foxy_ws/build/nav2_theta_star_planner
