[0.946s] Invoking command in '/home/edwinooi/Desktop/foxy_ws/build/realsense2_camera_msgs': CMAKE_PREFIX_PATH=${CMAKE_PREFIX_PATH}:/home/edwinooi/Desktop/foxy_ws/install/ros2_aruco:/home/edwinooi/Desktop/emanual/install/ros2_aruco:/opt/ros/humble /usr/bin/cmake --build /home/edwinooi/Desktop/foxy_ws/build/realsense2_camera_msgs -- -j4 -l4
[3.169s] [  0%] Built target ament_cmake_python_copy_realsense2_camera_msgs
[3.170s] [  1%] Built target realsense2_camera_msgs__cpp
[3.170s] [ 12%] Built target realsense2_camera_msgs__rosidl_generator_c
[3.170s] [ 23%] Built target realsense2_camera_msgs__rosidl_typesupport_cpp
[3.170s] [ 34%] Built target realsense2_camera_msgs__rosidl_typesupport_fastrtps_cpp
[3.170s] [ 45%] Built target realsense2_camera_msgs__rosidl_typesupport_introspection_cpp
[3.170s] [ 56%] Built target realsense2_camera_msgs__rosidl_typesupport_fastrtps_c
[3.170s] [ 67%] Built target realsense2_camera_msgs__rosidl_typesupport_c
[3.170s] [ 78%] Built target realsense2_camera_msgs__rosidl_typesupport_introspection_c
[3.171s] [ 78%] Built target realsense2_camera_msgs
[3.172s] [ 80%] Built target realsense2_camera_msgs__py
[3.173s] [ 89%] Built target realsense2_camera_msgs__rosidl_generator_py
[3.173s] [ 92%] Built target realsense2_camera_msgs__rosidl_typesupport_introspection_c__pyext
[3.173s] [ 96%] Built target realsense2_camera_msgs__rosidl_typesupport_c__pyext
[3.173s] [100%] Built target realsense2_camera_msgs__rosidl_typesupport_fastrtps_c__pyext
[3.241s] running egg_info
[3.243s] writing realsense2_camera_msgs.egg-info/PKG-INFO
[3.244s] writing dependency_links to realsense2_camera_msgs.egg-info/dependency_links.txt
[3.248s] writing top-level names to realsense2_camera_msgs.egg-info/top_level.txt
[3.299s] reading manifest file 'realsense2_camera_msgs.egg-info/SOURCES.txt'
[3.310s] writing manifest file 'realsense2_camera_msgs.egg-info/SOURCES.txt'
[3.575s] [100%] Built target ament_cmake_python_build_realsense2_camera_msgs_egg
[3.633s] Invoked command in '/home/edwinooi/Desktop/foxy_ws/build/realsense2_camera_msgs' returned '0': CMAKE_PREFIX_PATH=${CMAKE_PREFIX_PATH}:/home/edwinooi/Desktop/foxy_ws/install/ros2_aruco:/home/edwinooi/Desktop/emanual/install/ros2_aruco:/opt/ros/humble /usr/bin/cmake --build /home/edwinooi/Desktop/foxy_ws/build/realsense2_camera_msgs -- -j4 -l4
[5.604s] Invoking command in '/home/edwinooi/Desktop/foxy_ws/build/realsense2_camera_msgs': CMAKE_PREFIX_PATH=${CMAKE_PREFIX_PATH}:/home/edwinooi/Desktop/foxy_ws/install/ros2_aruco:/home/edwinooi/Desktop/emanual/install/ros2_aruco:/opt/ros/humble /usr/bin/cmake --install /home/edwinooi/Desktop/foxy_ws/build/realsense2_camera_msgs
[5.628s] -- Install configuration: ""
[5.629s] -- Up-to-date: /home/edwinooi/Desktop/foxy_ws/install/realsense2_camera_msgs/share/ament_index/resource_index/rosidl_interfaces/realsense2_camera_msgs
[5.629s] -- Up-to-date: /home/edwinooi/Desktop/foxy_ws/install/realsense2_camera_msgs/include/realsense2_camera_msgs/realsense2_camera_msgs
[5.629s] -- Up-to-date: /home/edwinooi/Desktop/foxy_ws/install/realsense2_camera_msgs/include/realsense2_camera_msgs/realsense2_camera_msgs/msg
[5.629s] -- Up-to-date: /home/edwinooi/Desktop/foxy_ws/install/realsense2_camera_msgs/include/realsense2_camera_msgs/realsense2_camera_msgs/msg/rosidl_generator_c__visibility_control.h
[5.629s] -- Up-to-date: /home/edwinooi/Desktop/foxy_ws/install/realsense2_camera_msgs/include/realsense2_camera_msgs/realsense2_camera_msgs/msg/extrinsics.h
[5.630s] -- Up-to-date: /home/edwinooi/Desktop/foxy_ws/install/realsense2_camera_msgs/include/realsense2_camera_msgs/realsense2_camera_msgs/msg/detail
[5.630s] -- Up-to-date: /home/edwinooi/Desktop/foxy_ws/install/realsense2_camera_msgs/include/realsense2_camera_msgs/realsense2_camera_msgs/msg/detail/imu_info__struct.h
[5.630s] -- Up-to-date: /home/edwinooi/Desktop/foxy_ws/install/realsense2_camera_msgs/include/realsense2_camera_msgs/realsense2_camera_msgs/msg/detail/metadata__functions.h
[5.630s] -- Up-to-date: /home/edwinooi/Desktop/foxy_ws/install/realsense2_camera_msgs/include/realsense2_camera_msgs/realsense2_camera_msgs/msg/detail/imu_info__functions.h
[5.630s] -- Up-to-date: /home/edwinooi/Desktop/foxy_ws/install/realsense2_camera_msgs/include/realsense2_camera_msgs/realsense2_camera_msgs/msg/detail/metadata__struct.h
[5.630s] -- Up-to-date: /home/edwinooi/Desktop/foxy_ws/install/realsense2_camera_msgs/include/realsense2_camera_msgs/realsense2_camera_msgs/msg/detail/extrinsics__functions.h
[5.631s] -- Up-to-date: /home/edwinooi/Desktop/foxy_ws/install/realsense2_camera_msgs/include/realsense2_camera_msgs/realsense2_camera_msgs/msg/detail/extrinsics__type_support.h
[5.631s] -- Up-to-date: /home/edwinooi/Desktop/foxy_ws/install/realsense2_camera_msgs/include/realsense2_camera_msgs/realsense2_camera_msgs/msg/detail/extrinsics__struct.h
[5.631s] -- Up-to-date: /home/edwinooi/Desktop/foxy_ws/install/realsense2_camera_msgs/include/realsense2_camera_msgs/realsense2_camera_msgs/msg/detail/imu_info__type_support.h
[5.631s] -- Up-to-date: /home/edwinooi/Desktop/foxy_ws/install/realsense2_camera_msgs/include/realsense2_camera_msgs/realsense2_camera_msgs/msg/detail/metadata__functions.c
[5.631s] -- Up-to-date: /home/edwinooi/Desktop/foxy_ws/install/realsense2_camera_msgs/include/realsense2_camera_msgs/realsense2_camera_msgs/msg/detail/metadata__type_support.h
[5.631s] -- Up-to-date: /home/edwinooi/Desktop/foxy_ws/install/realsense2_camera_msgs/include/realsense2_camera_msgs/realsense2_camera_msgs/msg/detail/imu_info__functions.c
[5.632s] -- Up-to-date: /home/edwinooi/Desktop/foxy_ws/install/realsense2_camera_msgs/include/realsense2_camera_msgs/realsense2_camera_msgs/msg/detail/extrinsics__functions.c
[5.632s] -- Up-to-date: /home/edwinooi/Desktop/foxy_ws/install/realsense2_camera_msgs/include/realsense2_camera_msgs/realsense2_camera_msgs/msg/metadata.h
[5.632s] -- Up-to-date: /home/edwinooi/Desktop/foxy_ws/install/realsense2_camera_msgs/include/realsense2_camera_msgs/realsense2_camera_msgs/msg/imu_info.h
[5.632s] -- Up-to-date: /home/edwinooi/Desktop/foxy_ws/install/realsense2_camera_msgs/include/realsense2_camera_msgs/realsense2_camera_msgs/srv
[5.632s] -- Up-to-date: /home/edwinooi/Desktop/foxy_ws/install/realsense2_camera_msgs/include/realsense2_camera_msgs/realsense2_camera_msgs/srv/detail
[5.632s] -- Up-to-date: /home/edwinooi/Desktop/foxy_ws/install/realsense2_camera_msgs/include/realsense2_camera_msgs/realsense2_camera_msgs/srv/detail/device_info__struct.h
[5.632s] -- Up-to-date: /home/edwinooi/Desktop/foxy_ws/install/realsense2_camera_msgs/include/realsense2_camera_msgs/realsense2_camera_msgs/srv/detail/device_info__type_support.h
[5.633s] -- Up-to-date: /home/edwinooi/Desktop/foxy_ws/install/realsense2_camera_msgs/include/realsense2_camera_msgs/realsense2_camera_msgs/srv/detail/device_info__functions.c
[5.633s] -- Up-to-date: /home/edwinooi/Desktop/foxy_ws/install/realsense2_camera_msgs/include/realsense2_camera_msgs/realsense2_camera_msgs/srv/detail/device_info__functions.h
[5.633s] -- Up-to-date: /home/edwinooi/Desktop/foxy_ws/install/realsense2_camera_msgs/include/realsense2_camera_msgs/realsense2_camera_msgs/srv/device_info.h
[5.633s] -- Up-to-date: /home/edwinooi/Desktop/foxy_ws/install/realsense2_camera_msgs/share/realsense2_camera_msgs/environment/library_path.sh
[5.634s] -- Up-to-date: /home/edwinooi/Desktop/foxy_ws/install/realsense2_camera_msgs/share/realsense2_camera_msgs/environment/library_path.dsv
[5.634s] -- Up-to-date: /home/edwinooi/Desktop/foxy_ws/install/realsense2_camera_msgs/lib/librealsense2_camera_msgs__rosidl_generator_c.so
[5.634s] -- Up-to-date: /home/edwinooi/Desktop/foxy_ws/install/realsense2_camera_msgs/include/realsense2_camera_msgs/realsense2_camera_msgs
[5.635s] -- Up-to-date: /home/edwinooi/Desktop/foxy_ws/install/realsense2_camera_msgs/include/realsense2_camera_msgs/realsense2_camera_msgs/msg
[5.661s] -- Up-to-date: /home/edwinooi/Desktop/foxy_ws/install/realsense2_camera_msgs/include/realsense2_camera_msgs/realsense2_camera_msgs/msg/rosidl_typesupport_fastrtps_c__visibility_control.h
[5.661s] -- Up-to-date: /home/edwinooi/Desktop/foxy_ws/install/realsense2_camera_msgs/include/realsense2_camera_msgs/realsense2_camera_msgs/msg/detail
[5.661s] -- Up-to-date: /home/edwinooi/Desktop/foxy_ws/install/realsense2_camera_msgs/include/realsense2_camera_msgs/realsense2_camera_msgs/msg/detail/imu_info__rosidl_typesupport_fastrtps_c.h
[5.662s] -- Up-to-date: /home/edwinooi/Desktop/foxy_ws/install/realsense2_camera_msgs/include/realsense2_camera_msgs/realsense2_camera_msgs/msg/detail/extrinsics__rosidl_typesupport_fastrtps_c.h
[5.662s] -- Up-to-date: /home/edwinooi/Desktop/foxy_ws/install/realsense2_camera_msgs/include/realsense2_camera_msgs/realsense2_camera_msgs/msg/detail/metadata__rosidl_typesupport_fastrtps_c.h
[5.662s] -- Up-to-date: /home/edwinooi/Desktop/foxy_ws/install/realsense2_camera_msgs/include/realsense2_camera_msgs/realsense2_camera_msgs/srv
[5.662s] -- Up-to-date: /home/edwinooi/Desktop/foxy_ws/install/realsense2_camera_msgs/include/realsense2_camera_msgs/realsense2_camera_msgs/srv/detail
[5.662s] -- Up-to-date: /home/edwinooi/Desktop/foxy_ws/install/realsense2_camera_msgs/include/realsense2_camera_msgs/realsense2_camera_msgs/srv/detail/device_info__rosidl_typesupport_fastrtps_c.h
[5.662s] -- Up-to-date: /home/edwinooi/Desktop/foxy_ws/install/realsense2_camera_msgs/lib/librealsense2_camera_msgs__rosidl_typesupport_fastrtps_c.so
[5.663s] -- Up-to-date: /home/edwinooi/Desktop/foxy_ws/install/realsense2_camera_msgs/include/realsense2_camera_msgs/realsense2_camera_msgs
[5.663s] -- Up-to-date: /home/edwinooi/Desktop/foxy_ws/install/realsense2_camera_msgs/include/realsense2_camera_msgs/realsense2_camera_msgs/msg
[5.663s] -- Up-to-date: /home/edwinooi/Desktop/foxy_ws/install/realsense2_camera_msgs/include/realsense2_camera_msgs/realsense2_camera_msgs/msg/rosidl_typesupport_introspection_c__visibility_control.h
[5.663s] -- Up-to-date: /home/edwinooi/Desktop/foxy_ws/install/realsense2_camera_msgs/include/realsense2_camera_msgs/realsense2_camera_msgs/msg/detail
[5.663s] -- Up-to-date: /home/edwinooi/Desktop/foxy_ws/install/realsense2_camera_msgs/include/realsense2_camera_msgs/realsense2_camera_msgs/msg/detail/extrinsics__rosidl_typesupport_introspection_c.h
[5.663s] -- Up-to-date: /home/edwinooi/Desktop/foxy_ws/install/realsense2_camera_msgs/include/realsense2_camera_msgs/realsense2_camera_msgs/msg/detail/metadata__rosidl_typesupport_introspection_c.h
[5.663s] -- Up-to-date: /home/edwinooi/Desktop/foxy_ws/install/realsense2_camera_msgs/include/realsense2_camera_msgs/realsense2_camera_msgs/msg/detail/imu_info__type_support.c
[5.664s] -- Up-to-date: /home/edwinooi/Desktop/foxy_ws/install/realsense2_camera_msgs/include/realsense2_camera_msgs/realsense2_camera_msgs/msg/detail/extrinsics__type_support.c
[5.664s] -- Up-to-date: /home/edwinooi/Desktop/foxy_ws/install/realsense2_camera_msgs/include/realsense2_camera_msgs/realsense2_camera_msgs/msg/detail/imu_info__rosidl_typesupport_introspection_c.h
[5.664s] -- Up-to-date: /home/edwinooi/Desktop/foxy_ws/install/realsense2_camera_msgs/include/realsense2_camera_msgs/realsense2_camera_msgs/msg/detail/metadata__type_support.c
[5.664s] -- Up-to-date: /home/edwinooi/Desktop/foxy_ws/install/realsense2_camera_msgs/include/realsense2_camera_msgs/realsense2_camera_msgs/srv
[5.664s] -- Up-to-date: /home/edwinooi/Desktop/foxy_ws/install/realsense2_camera_msgs/include/realsense2_camera_msgs/realsense2_camera_msgs/srv/detail
[5.664s] -- Up-to-date: /home/edwinooi/Desktop/foxy_ws/install/realsense2_camera_msgs/include/realsense2_camera_msgs/realsense2_camera_msgs/srv/detail/device_info__rosidl_typesupport_introspection_c.h
[5.665s] -- Up-to-date: /home/edwinooi/Desktop/foxy_ws/install/realsense2_camera_msgs/include/realsense2_camera_msgs/realsense2_camera_msgs/srv/detail/device_info__type_support.c
[5.665s] -- Up-to-date: /home/edwinooi/Desktop/foxy_ws/install/realsense2_camera_msgs/lib/librealsense2_camera_msgs__rosidl_typesupport_introspection_c.so
[5.665s] -- Up-to-date: /home/edwinooi/Desktop/foxy_ws/install/realsense2_camera_msgs/lib/librealsense2_camera_msgs__rosidl_typesupport_c.so
[5.665s] -- Up-to-date: /home/edwinooi/Desktop/foxy_ws/install/realsense2_camera_msgs/include/realsense2_camera_msgs/realsense2_camera_msgs
[5.665s] -- Up-to-date: /home/edwinooi/Desktop/foxy_ws/install/realsense2_camera_msgs/include/realsense2_camera_msgs/realsense2_camera_msgs/msg
[5.665s] -- Up-to-date: /home/edwinooi/Desktop/foxy_ws/install/realsense2_camera_msgs/include/realsense2_camera_msgs/realsense2_camera_msgs/msg/metadata.hpp
[5.666s] -- Up-to-date: /home/edwinooi/Desktop/foxy_ws/install/realsense2_camera_msgs/include/realsense2_camera_msgs/realsense2_camera_msgs/msg/extrinsics.hpp
[5.666s] -- Up-to-date: /home/edwinooi/Desktop/foxy_ws/install/realsense2_camera_msgs/include/realsense2_camera_msgs/realsense2_camera_msgs/msg/detail
[5.666s] -- Up-to-date: /home/edwinooi/Desktop/foxy_ws/install/realsense2_camera_msgs/include/realsense2_camera_msgs/realsense2_camera_msgs/msg/detail/imu_info__traits.hpp
[5.666s] -- Up-to-date: /home/edwinooi/Desktop/foxy_ws/install/realsense2_camera_msgs/include/realsense2_camera_msgs/realsense2_camera_msgs/msg/detail/extrinsics__traits.hpp
[5.666s] -- Up-to-date: /home/edwinooi/Desktop/foxy_ws/install/realsense2_camera_msgs/include/realsense2_camera_msgs/realsense2_camera_msgs/msg/detail/metadata__builder.hpp
[5.666s] -- Up-to-date: /home/edwinooi/Desktop/foxy_ws/install/realsense2_camera_msgs/include/realsense2_camera_msgs/realsense2_camera_msgs/msg/detail/imu_info__builder.hpp
[5.666s] -- Up-to-date: /home/edwinooi/Desktop/foxy_ws/install/realsense2_camera_msgs/include/realsense2_camera_msgs/realsense2_camera_msgs/msg/detail/metadata__struct.hpp
[5.667s] -- Up-to-date: /home/edwinooi/Desktop/foxy_ws/install/realsense2_camera_msgs/include/realsense2_camera_msgs/realsense2_camera_msgs/msg/detail/extrinsics__struct.hpp
[5.667s] -- Up-to-date: /home/edwinooi/Desktop/foxy_ws/install/realsense2_camera_msgs/include/realsense2_camera_msgs/realsense2_camera_msgs/msg/detail/imu_info__struct.hpp
[5.670s] -- Up-to-date: /home/edwinooi/Desktop/foxy_ws/install/realsense2_camera_msgs/include/realsense2_camera_msgs/realsense2_camera_msgs/msg/detail/metadata__traits.hpp
[5.670s] -- Up-to-date: /home/edwinooi/Desktop/foxy_ws/install/realsense2_camera_msgs/include/realsense2_camera_msgs/realsense2_camera_msgs/msg/detail/extrinsics__builder.hpp
[5.670s] -- Up-to-date: /home/edwinooi/Desktop/foxy_ws/install/realsense2_camera_msgs/include/realsense2_camera_msgs/realsense2_camera_msgs/msg/imu_info.hpp
[5.670s] -- Up-to-date: /home/edwinooi/Desktop/foxy_ws/install/realsense2_camera_msgs/include/realsense2_camera_msgs/realsense2_camera_msgs/srv
[5.671s] -- Up-to-date: /home/edwinooi/Desktop/foxy_ws/install/realsense2_camera_msgs/include/realsense2_camera_msgs/realsense2_camera_msgs/srv/detail
[5.671s] -- Up-to-date: /home/edwinooi/Desktop/foxy_ws/install/realsense2_camera_msgs/include/realsense2_camera_msgs/realsense2_camera_msgs/srv/detail/device_info__builder.hpp
[5.671s] -- Up-to-date: /home/edwinooi/Desktop/foxy_ws/install/realsense2_camera_msgs/include/realsense2_camera_msgs/realsense2_camera_msgs/srv/detail/device_info__traits.hpp
[5.671s] -- Up-to-date: /home/edwinooi/Desktop/foxy_ws/install/realsense2_camera_msgs/include/realsense2_camera_msgs/realsense2_camera_msgs/srv/detail/device_info__struct.hpp
[5.671s] -- Up-to-date: /home/edwinooi/Desktop/foxy_ws/install/realsense2_camera_msgs/include/realsense2_camera_msgs/realsense2_camera_msgs/srv/device_info.hpp
[5.671s] -- Up-to-date: /home/edwinooi/Desktop/foxy_ws/install/realsense2_camera_msgs/include/realsense2_camera_msgs/realsense2_camera_msgs
[5.672s] -- Up-to-date: /home/edwinooi/Desktop/foxy_ws/install/realsense2_camera_msgs/include/realsense2_camera_msgs/realsense2_camera_msgs/msg
[5.672s] -- Up-to-date: /home/edwinooi/Desktop/foxy_ws/install/realsense2_camera_msgs/include/realsense2_camera_msgs/realsense2_camera_msgs/msg/rosidl_typesupport_fastrtps_cpp__visibility_control.h
[5.672s] -- Up-to-date: /home/edwinooi/Desktop/foxy_ws/install/realsense2_camera_msgs/include/realsense2_camera_msgs/realsense2_camera_msgs/msg/detail
[5.672s] -- Up-to-date: /home/edwinooi/Desktop/foxy_ws/install/realsense2_camera_msgs/include/realsense2_camera_msgs/realsense2_camera_msgs/msg/detail/extrinsics__rosidl_typesupport_fastrtps_cpp.hpp
[5.672s] -- Up-to-date: /home/edwinooi/Desktop/foxy_ws/install/realsense2_camera_msgs/include/realsense2_camera_msgs/realsense2_camera_msgs/msg/detail/metadata__rosidl_typesupport_fastrtps_cpp.hpp
[5.672s] -- Up-to-date: /home/edwinooi/Desktop/foxy_ws/install/realsense2_camera_msgs/include/realsense2_camera_msgs/realsense2_camera_msgs/msg/detail/dds_fastrtps
[5.672s] -- Up-to-date: /home/edwinooi/Desktop/foxy_ws/install/realsense2_camera_msgs/include/realsense2_camera_msgs/realsense2_camera_msgs/msg/detail/imu_info__rosidl_typesupport_fastrtps_cpp.hpp
[5.673s] -- Up-to-date: /home/edwinooi/Desktop/foxy_ws/install/realsense2_camera_msgs/include/realsense2_camera_msgs/realsense2_camera_msgs/srv
[5.673s] -- Up-to-date: /home/edwinooi/Desktop/foxy_ws/install/realsense2_camera_msgs/include/realsense2_camera_msgs/realsense2_camera_msgs/srv/detail
[5.673s] -- Up-to-date: /home/edwinooi/Desktop/foxy_ws/install/realsense2_camera_msgs/include/realsense2_camera_msgs/realsense2_camera_msgs/srv/detail/device_info__rosidl_typesupport_fastrtps_cpp.hpp
[5.673s] -- Up-to-date: /home/edwinooi/Desktop/foxy_ws/install/realsense2_camera_msgs/include/realsense2_camera_msgs/realsense2_camera_msgs/srv/detail/dds_fastrtps
[5.673s] -- Up-to-date: /home/edwinooi/Desktop/foxy_ws/install/realsense2_camera_msgs/lib/librealsense2_camera_msgs__rosidl_typesupport_fastrtps_cpp.so
[5.673s] -- Up-to-date: /home/edwinooi/Desktop/foxy_ws/install/realsense2_camera_msgs/include/realsense2_camera_msgs/realsense2_camera_msgs
[5.673s] -- Up-to-date: /home/edwinooi/Desktop/foxy_ws/install/realsense2_camera_msgs/include/realsense2_camera_msgs/realsense2_camera_msgs/msg
[5.674s] -- Up-to-date: /home/edwinooi/Desktop/foxy_ws/install/realsense2_camera_msgs/include/realsense2_camera_msgs/realsense2_camera_msgs/msg/detail
[5.674s] -- Up-to-date: /home/edwinooi/Desktop/foxy_ws/install/realsense2_camera_msgs/include/realsense2_camera_msgs/realsense2_camera_msgs/msg/detail/metadata__rosidl_typesupport_introspection_cpp.hpp
[5.674s] -- Up-to-date: /home/edwinooi/Desktop/foxy_ws/install/realsense2_camera_msgs/include/realsense2_camera_msgs/realsense2_camera_msgs/msg/detail/extrinsics__type_support.cpp
[5.674s] -- Up-to-date: /home/edwinooi/Desktop/foxy_ws/install/realsense2_camera_msgs/include/realsense2_camera_msgs/realsense2_camera_msgs/msg/detail/metadata__type_support.cpp
[5.674s] -- Up-to-date: /home/edwinooi/Desktop/foxy_ws/install/realsense2_camera_msgs/include/realsense2_camera_msgs/realsense2_camera_msgs/msg/detail/imu_info__rosidl_typesupport_introspection_cpp.hpp
[5.674s] -- Up-to-date: /home/edwinooi/Desktop/foxy_ws/install/realsense2_camera_msgs/include/realsense2_camera_msgs/realsense2_camera_msgs/msg/detail/imu_info__type_support.cpp
[5.674s] -- Up-to-date: /home/edwinooi/Desktop/foxy_ws/install/realsense2_camera_msgs/include/realsense2_camera_msgs/realsense2_camera_msgs/msg/detail/extrinsics__rosidl_typesupport_introspection_cpp.hpp
[5.675s] -- Up-to-date: /home/edwinooi/Desktop/foxy_ws/install/realsense2_camera_msgs/include/realsense2_camera_msgs/realsense2_camera_msgs/srv
[5.675s] -- Up-to-date: /home/edwinooi/Desktop/foxy_ws/install/realsense2_camera_msgs/include/realsense2_camera_msgs/realsense2_camera_msgs/srv/detail
[5.675s] -- Up-to-date: /home/edwinooi/Desktop/foxy_ws/install/realsense2_camera_msgs/include/realsense2_camera_msgs/realsense2_camera_msgs/srv/detail/device_info__type_support.cpp
[5.675s] -- Up-to-date: /home/edwinooi/Desktop/foxy_ws/install/realsense2_camera_msgs/include/realsense2_camera_msgs/realsense2_camera_msgs/srv/detail/device_info__rosidl_typesupport_introspection_cpp.hpp
[5.675s] -- Up-to-date: /home/edwinooi/Desktop/foxy_ws/install/realsense2_camera_msgs/lib/librealsense2_camera_msgs__rosidl_typesupport_introspection_cpp.so
[5.675s] -- Up-to-date: /home/edwinooi/Desktop/foxy_ws/install/realsense2_camera_msgs/lib/librealsense2_camera_msgs__rosidl_typesupport_cpp.so
[5.675s] -- Up-to-date: /home/edwinooi/Desktop/foxy_ws/install/realsense2_camera_msgs/share/realsense2_camera_msgs/environment/pythonpath.sh
[5.677s] -- Up-to-date: /home/edwinooi/Desktop/foxy_ws/install/realsense2_camera_msgs/share/realsense2_camera_msgs/environment/pythonpath.dsv
[5.677s] -- Up-to-date: /home/edwinooi/Desktop/foxy_ws/install/realsense2_camera_msgs/local/lib/python3.10/dist-packages/realsense2_camera_msgs-4.51.1-py3.10.egg-info
[5.677s] -- Installing: /home/edwinooi/Desktop/foxy_ws/install/realsense2_camera_msgs/local/lib/python3.10/dist-packages/realsense2_camera_msgs-4.51.1-py3.10.egg-info/SOURCES.txt
[5.677s] -- Installing: /home/edwinooi/Desktop/foxy_ws/install/realsense2_camera_msgs/local/lib/python3.10/dist-packages/realsense2_camera_msgs-4.51.1-py3.10.egg-info/PKG-INFO
[5.678s] -- Installing: /home/edwinooi/Desktop/foxy_ws/install/realsense2_camera_msgs/local/lib/python3.10/dist-packages/realsense2_camera_msgs-4.51.1-py3.10.egg-info/top_level.txt
[5.678s] -- Installing: /home/edwinooi/Desktop/foxy_ws/install/realsense2_camera_msgs/local/lib/python3.10/dist-packages/realsense2_camera_msgs-4.51.1-py3.10.egg-info/dependency_links.txt
[5.678s] -- Up-to-date: /home/edwinooi/Desktop/foxy_ws/install/realsense2_camera_msgs/local/lib/python3.10/dist-packages/realsense2_camera_msgs
[5.678s] -- Up-to-date: /home/edwinooi/Desktop/foxy_ws/install/realsense2_camera_msgs/local/lib/python3.10/dist-packages/realsense2_camera_msgs/realsense2_camera_msgs_s__rosidl_typesupport_c.cpython-310-x86_64-linux-gnu.so
[5.678s] -- Up-to-date: /home/edwinooi/Desktop/foxy_ws/install/realsense2_camera_msgs/local/lib/python3.10/dist-packages/realsense2_camera_msgs/_realsense2_camera_msgs_s.ep.rosidl_typesupport_introspection_c.c
[5.678s] -- Up-to-date: /home/edwinooi/Desktop/foxy_ws/install/realsense2_camera_msgs/local/lib/python3.10/dist-packages/realsense2_camera_msgs/_realsense2_camera_msgs_s.ep.rosidl_typesupport_fastrtps_c.c
[5.678s] -- Up-to-date: /home/edwinooi/Desktop/foxy_ws/install/realsense2_camera_msgs/local/lib/python3.10/dist-packages/realsense2_camera_msgs/__init__.py
[5.679s] -- Up-to-date: /home/edwinooi/Desktop/foxy_ws/install/realsense2_camera_msgs/local/lib/python3.10/dist-packages/realsense2_camera_msgs/realsense2_camera_msgs_s__rosidl_typesupport_fastrtps_c.cpython-310-x86_64-linux-gnu.so
[5.685s] -- Up-to-date: /home/edwinooi/Desktop/foxy_ws/install/realsense2_camera_msgs/local/lib/python3.10/dist-packages/realsense2_camera_msgs/msg
[5.685s] -- Up-to-date: /home/edwinooi/Desktop/foxy_ws/install/realsense2_camera_msgs/local/lib/python3.10/dist-packages/realsense2_camera_msgs/msg/_extrinsics.py
[5.685s] -- Up-to-date: /home/edwinooi/Desktop/foxy_ws/install/realsense2_camera_msgs/local/lib/python3.10/dist-packages/realsense2_camera_msgs/msg/__init__.py
[5.685s] -- Up-to-date: /home/edwinooi/Desktop/foxy_ws/install/realsense2_camera_msgs/local/lib/python3.10/dist-packages/realsense2_camera_msgs/msg/_metadata_s.c
[5.685s] -- Up-to-date: /home/edwinooi/Desktop/foxy_ws/install/realsense2_camera_msgs/local/lib/python3.10/dist-packages/realsense2_camera_msgs/msg/_imu_info_s.c
[5.685s] -- Up-to-date: /home/edwinooi/Desktop/foxy_ws/install/realsense2_camera_msgs/local/lib/python3.10/dist-packages/realsense2_camera_msgs/msg/_imu_info.py
[5.686s] -- Up-to-date: /home/edwinooi/Desktop/foxy_ws/install/realsense2_camera_msgs/local/lib/python3.10/dist-packages/realsense2_camera_msgs/msg/_metadata.py
[5.686s] -- Up-to-date: /home/edwinooi/Desktop/foxy_ws/install/realsense2_camera_msgs/local/lib/python3.10/dist-packages/realsense2_camera_msgs/msg/_extrinsics_s.c
[5.686s] -- Up-to-date: /home/edwinooi/Desktop/foxy_ws/install/realsense2_camera_msgs/local/lib/python3.10/dist-packages/realsense2_camera_msgs/_realsense2_camera_msgs_s.ep.rosidl_typesupport_c.c
[5.686s] -- Up-to-date: /home/edwinooi/Desktop/foxy_ws/install/realsense2_camera_msgs/local/lib/python3.10/dist-packages/realsense2_camera_msgs/srv
[5.686s] -- Up-to-date: /home/edwinooi/Desktop/foxy_ws/install/realsense2_camera_msgs/local/lib/python3.10/dist-packages/realsense2_camera_msgs/srv/__init__.py
[5.686s] -- Up-to-date: /home/edwinooi/Desktop/foxy_ws/install/realsense2_camera_msgs/local/lib/python3.10/dist-packages/realsense2_camera_msgs/srv/_device_info_s.c
[5.687s] -- Up-to-date: /home/edwinooi/Desktop/foxy_ws/install/realsense2_camera_msgs/local/lib/python3.10/dist-packages/realsense2_camera_msgs/srv/_device_info.py
[5.687s] -- Up-to-date: /home/edwinooi/Desktop/foxy_ws/install/realsense2_camera_msgs/local/lib/python3.10/dist-packages/realsense2_camera_msgs/librealsense2_camera_msgs__rosidl_generator_py.so
[5.691s] -- Up-to-date: /home/edwinooi/Desktop/foxy_ws/install/realsense2_camera_msgs/local/lib/python3.10/dist-packages/realsense2_camera_msgs/realsense2_camera_msgs_s__rosidl_typesupport_introspection_c.cpython-310-x86_64-linux-gnu.so
[5.789s] Listing '/home/edwinooi/Desktop/foxy_ws/install/realsense2_camera_msgs/local/lib/python3.10/dist-packages/realsense2_camera_msgs'...
[5.789s] Listing '/home/edwinooi/Desktop/foxy_ws/install/realsense2_camera_msgs/local/lib/python3.10/dist-packages/realsense2_camera_msgs/msg'...
[5.789s] Listing '/home/edwinooi/Desktop/foxy_ws/install/realsense2_camera_msgs/local/lib/python3.10/dist-packages/realsense2_camera_msgs/srv'...
[5.832s] -- Up-to-date: /home/edwinooi/Desktop/foxy_ws/install/realsense2_camera_msgs/local/lib/python3.10/dist-packages/realsense2_camera_msgs/realsense2_camera_msgs_s__rosidl_typesupport_fastrtps_c.cpython-310-x86_64-linux-gnu.so
[5.832s] -- Up-to-date: /home/edwinooi/Desktop/foxy_ws/install/realsense2_camera_msgs/local/lib/python3.10/dist-packages/realsense2_camera_msgs/realsense2_camera_msgs_s__rosidl_typesupport_introspection_c.cpython-310-x86_64-linux-gnu.so
[5.833s] -- Up-to-date: /home/edwinooi/Desktop/foxy_ws/install/realsense2_camera_msgs/local/lib/python3.10/dist-packages/realsense2_camera_msgs/realsense2_camera_msgs_s__rosidl_typesupport_c.cpython-310-x86_64-linux-gnu.so
[5.833s] -- Up-to-date: /home/edwinooi/Desktop/foxy_ws/install/realsense2_camera_msgs/lib/librealsense2_camera_msgs__rosidl_generator_py.so
[5.833s] -- Up-to-date: /home/edwinooi/Desktop/foxy_ws/install/realsense2_camera_msgs/share/realsense2_camera_msgs/msg/IMUInfo.idl
[5.833s] -- Up-to-date: /home/edwinooi/Desktop/foxy_ws/install/realsense2_camera_msgs/share/realsense2_camera_msgs/msg/Extrinsics.idl
[5.833s] -- Up-to-date: /home/edwinooi/Desktop/foxy_ws/install/realsense2_camera_msgs/share/realsense2_camera_msgs/msg/Metadata.idl
[5.833s] -- Up-to-date: /home/edwinooi/Desktop/foxy_ws/install/realsense2_camera_msgs/share/realsense2_camera_msgs/srv/DeviceInfo.idl
[5.834s] -- Up-to-date: /home/edwinooi/Desktop/foxy_ws/install/realsense2_camera_msgs/share/realsense2_camera_msgs/msg/IMUInfo.msg
[5.834s] -- Up-to-date: /home/edwinooi/Desktop/foxy_ws/install/realsense2_camera_msgs/share/realsense2_camera_msgs/msg/Extrinsics.msg
[5.834s] -- Up-to-date: /home/edwinooi/Desktop/foxy_ws/install/realsense2_camera_msgs/share/realsense2_camera_msgs/msg/Metadata.msg
[5.834s] -- Up-to-date: /home/edwinooi/Desktop/foxy_ws/install/realsense2_camera_msgs/share/realsense2_camera_msgs/srv/DeviceInfo.srv
[5.834s] -- Up-to-date: /home/edwinooi/Desktop/foxy_ws/install/realsense2_camera_msgs/share/realsense2_camera_msgs/srv/DeviceInfo_Request.msg
[5.834s] -- Up-to-date: /home/edwinooi/Desktop/foxy_ws/install/realsense2_camera_msgs/share/realsense2_camera_msgs/srv/DeviceInfo_Response.msg
[5.835s] -- Up-to-date: /home/edwinooi/Desktop/foxy_ws/install/realsense2_camera_msgs/share/ament_index/resource_index/package_run_dependencies/realsense2_camera_msgs
[5.835s] -- Up-to-date: /home/edwinooi/Desktop/foxy_ws/install/realsense2_camera_msgs/share/ament_index/resource_index/parent_prefix_path/realsense2_camera_msgs
[5.837s] -- Up-to-date: /home/edwinooi/Desktop/foxy_ws/install/realsense2_camera_msgs/share/realsense2_camera_msgs/environment/ament_prefix_path.sh
[5.837s] -- Up-to-date: /home/edwinooi/Desktop/foxy_ws/install/realsense2_camera_msgs/share/realsense2_camera_msgs/environment/ament_prefix_path.dsv
[5.837s] -- Up-to-date: /home/edwinooi/Desktop/foxy_ws/install/realsense2_camera_msgs/share/realsense2_camera_msgs/environment/path.sh
[5.837s] -- Up-to-date: /home/edwinooi/Desktop/foxy_ws/install/realsense2_camera_msgs/share/realsense2_camera_msgs/environment/path.dsv
[5.837s] -- Up-to-date: /home/edwinooi/Desktop/foxy_ws/install/realsense2_camera_msgs/share/realsense2_camera_msgs/local_setup.bash
[5.838s] -- Up-to-date: /home/edwinooi/Desktop/foxy_ws/install/realsense2_camera_msgs/share/realsense2_camera_msgs/local_setup.sh
[5.838s] -- Up-to-date: /home/edwinooi/Desktop/foxy_ws/install/realsense2_camera_msgs/share/realsense2_camera_msgs/local_setup.zsh
[5.838s] -- Up-to-date: /home/edwinooi/Desktop/foxy_ws/install/realsense2_camera_msgs/share/realsense2_camera_msgs/local_setup.dsv
[5.838s] -- Installing: /home/edwinooi/Desktop/foxy_ws/install/realsense2_camera_msgs/share/realsense2_camera_msgs/package.dsv
[5.838s] -- Up-to-date: /home/edwinooi/Desktop/foxy_ws/install/realsense2_camera_msgs/share/ament_index/resource_index/packages/realsense2_camera_msgs
[5.838s] -- Up-to-date: /home/edwinooi/Desktop/foxy_ws/install/realsense2_camera_msgs/share/realsense2_camera_msgs/cmake/export_realsense2_camera_msgs__rosidl_generator_cExport.cmake
[5.838s] -- Up-to-date: /home/edwinooi/Desktop/foxy_ws/install/realsense2_camera_msgs/share/realsense2_camera_msgs/cmake/export_realsense2_camera_msgs__rosidl_generator_cExport-noconfig.cmake
[5.839s] -- Up-to-date: /home/edwinooi/Desktop/foxy_ws/install/realsense2_camera_msgs/share/realsense2_camera_msgs/cmake/export_realsense2_camera_msgs__rosidl_typesupport_fastrtps_cExport.cmake
[5.839s] -- Up-to-date: /home/edwinooi/Desktop/foxy_ws/install/realsense2_camera_msgs/share/realsense2_camera_msgs/cmake/export_realsense2_camera_msgs__rosidl_typesupport_fastrtps_cExport-noconfig.cmake
[5.846s] -- Up-to-date: /home/edwinooi/Desktop/foxy_ws/install/realsense2_camera_msgs/share/realsense2_camera_msgs/cmake/realsense2_camera_msgs__rosidl_typesupport_introspection_cExport.cmake
[5.847s] -- Up-to-date: /home/edwinooi/Desktop/foxy_ws/install/realsense2_camera_msgs/share/realsense2_camera_msgs/cmake/realsense2_camera_msgs__rosidl_typesupport_introspection_cExport-noconfig.cmake
[5.847s] -- Up-to-date: /home/edwinooi/Desktop/foxy_ws/install/realsense2_camera_msgs/share/realsense2_camera_msgs/cmake/realsense2_camera_msgs__rosidl_typesupport_cExport.cmake
[5.848s] -- Up-to-date: /home/edwinooi/Desktop/foxy_ws/install/realsense2_camera_msgs/share/realsense2_camera_msgs/cmake/realsense2_camera_msgs__rosidl_typesupport_cExport-noconfig.cmake
[5.849s] -- Up-to-date: /home/edwinooi/Desktop/foxy_ws/install/realsense2_camera_msgs/share/realsense2_camera_msgs/cmake/export_realsense2_camera_msgs__rosidl_generator_cppExport.cmake
[5.849s] -- Up-to-date: /home/edwinooi/Desktop/foxy_ws/install/realsense2_camera_msgs/share/realsense2_camera_msgs/cmake/export_realsense2_camera_msgs__rosidl_typesupport_fastrtps_cppExport.cmake
[5.850s] -- Up-to-date: /home/edwinooi/Desktop/foxy_ws/install/realsense2_camera_msgs/share/realsense2_camera_msgs/cmake/export_realsense2_camera_msgs__rosidl_typesupport_fastrtps_cppExport-noconfig.cmake
[5.850s] -- Up-to-date: /home/edwinooi/Desktop/foxy_ws/install/realsense2_camera_msgs/share/realsense2_camera_msgs/cmake/realsense2_camera_msgs__rosidl_typesupport_introspection_cppExport.cmake
[5.851s] -- Up-to-date: /home/edwinooi/Desktop/foxy_ws/install/realsense2_camera_msgs/share/realsense2_camera_msgs/cmake/realsense2_camera_msgs__rosidl_typesupport_introspection_cppExport-noconfig.cmake
[5.851s] -- Up-to-date: /home/edwinooi/Desktop/foxy_ws/install/realsense2_camera_msgs/share/realsense2_camera_msgs/cmake/realsense2_camera_msgs__rosidl_typesupport_cppExport.cmake
[5.851s] -- Up-to-date: /home/edwinooi/Desktop/foxy_ws/install/realsense2_camera_msgs/share/realsense2_camera_msgs/cmake/realsense2_camera_msgs__rosidl_typesupport_cppExport-noconfig.cmake
[5.852s] -- Up-to-date: /home/edwinooi/Desktop/foxy_ws/install/realsense2_camera_msgs/share/realsense2_camera_msgs/cmake/export_realsense2_camera_msgs__rosidl_generator_pyExport.cmake
[5.853s] -- Up-to-date: /home/edwinooi/Desktop/foxy_ws/install/realsense2_camera_msgs/share/realsense2_camera_msgs/cmake/export_realsense2_camera_msgs__rosidl_generator_pyExport-noconfig.cmake
[5.853s] -- Up-to-date: /home/edwinooi/Desktop/foxy_ws/install/realsense2_camera_msgs/share/realsense2_camera_msgs/cmake/rosidl_cmake-extras.cmake
[5.853s] -- Up-to-date: /home/edwinooi/Desktop/foxy_ws/install/realsense2_camera_msgs/share/realsense2_camera_msgs/cmake/ament_cmake_export_dependencies-extras.cmake
[5.860s] -- Up-to-date: /home/edwinooi/Desktop/foxy_ws/install/realsense2_camera_msgs/share/realsense2_camera_msgs/cmake/ament_cmake_export_include_directories-extras.cmake
[5.860s] -- Up-to-date: /home/edwinooi/Desktop/foxy_ws/install/realsense2_camera_msgs/share/realsense2_camera_msgs/cmake/ament_cmake_export_libraries-extras.cmake
[5.863s] -- Up-to-date: /home/edwinooi/Desktop/foxy_ws/install/realsense2_camera_msgs/share/realsense2_camera_msgs/cmake/ament_cmake_export_targets-extras.cmake
[5.864s] -- Up-to-date: /home/edwinooi/Desktop/foxy_ws/install/realsense2_camera_msgs/share/realsense2_camera_msgs/cmake/rosidl_cmake_export_typesupport_targets-extras.cmake
[5.864s] -- Up-to-date: /home/edwinooi/Desktop/foxy_ws/install/realsense2_camera_msgs/share/realsense2_camera_msgs/cmake/rosidl_cmake_export_typesupport_libraries-extras.cmake
[5.864s] -- Up-to-date: /home/edwinooi/Desktop/foxy_ws/install/realsense2_camera_msgs/share/realsense2_camera_msgs/cmake/realsense2_camera_msgsConfig.cmake
[5.879s] -- Up-to-date: /home/edwinooi/Desktop/foxy_ws/install/realsense2_camera_msgs/share/realsense2_camera_msgs/cmake/realsense2_camera_msgsConfig-version.cmake
[5.879s] -- Up-to-date: /home/edwinooi/Desktop/foxy_ws/install/realsense2_camera_msgs/share/realsense2_camera_msgs/package.xml
[5.897s] Invoked command in '/home/edwinooi/Desktop/foxy_ws/build/realsense2_camera_msgs' returned '0': CMAKE_PREFIX_PATH=${CMAKE_PREFIX_PATH}:/home/edwinooi/Desktop/foxy_ws/install/ros2_aruco:/home/edwinooi/Desktop/emanual/install/ros2_aruco:/opt/ros/humble /usr/bin/cmake --install /home/edwinooi/Desktop/foxy_ws/build/realsense2_camera_msgs
