[1.411s] DEBUG:colcon:Command line arguments: ['/usr/bin/colcon', 'build', '--packages-select', 'turtlebot2_gazebo']
[1.411s] DEBUG:colcon:Parsed command line arguments: Namespace(log_base=None, log_level=None, verb_name='build', build_base='build', install_base='install', merge_install=False, symlink_install=False, test_result_base=None, continue_on_error=False, executor='parallel', parallel_workers=4, event_handlers=None, ignore_user_meta=False, metas=['./colcon.meta'], base_paths=['.'], packages_ignore=None, packages_ignore_regex=None, paths=None, packages_up_to=None, packages_up_to_regex=None, packages_above=None, packages_above_and_dependencies=None, packages_above_depth=None, packages_select_by_dep=None, packages_skip_by_dep=None, packages_skip_up_to=None, packages_select_build_failed=False, packages_skip_build_finished=False, packages_select_test_failures=False, packages_skip_test_passed=False, packages_select=['turtlebot2_gazebo'], packages_skip=None, packages_select_regex=None, packages_skip_regex=None, packages_start=None, packages_end=None, allow_overriding=[], cmake_args=None, cmake_target=None, cmake_target_skip_unavailable=False, cmake_clean_cache=False, cmake_clean_first=False, cmake_force_configure=False, ament_cmake_args=None, catkin_cmake_args=None, catkin_skip_building_tests=False, verb_parser=<colcon_defaults.argument_parser.defaults.DefaultArgumentsDecorator object at 0x7936c662e890>, verb_extension=<colcon_core.verb.build.BuildVerb object at 0x7936c6a52a10>, main=<bound method BuildVerb.main of <colcon_core.verb.build.BuildVerb object at 0x7936c6a52a10>>)
[1.480s] Level 1:colcon.colcon_core.package_discovery:discover_packages(colcon_meta) check parameters
[1.480s] Level 1:colcon.colcon_core.package_discovery:discover_packages(recursive) check parameters
[1.480s] Level 1:colcon.colcon_core.package_discovery:discover_packages(ignore) check parameters
[1.480s] Level 1:colcon.colcon_core.package_discovery:discover_packages(path) check parameters
[1.480s] Level 1:colcon.colcon_core.package_discovery:discover_packages(colcon_meta) discover
[1.480s] Level 1:colcon.colcon_core.package_discovery:discover_packages(recursive) discover
[1.480s] INFO:colcon.colcon_core.package_discovery:Crawling recursively for packages in '/home/edwinooi/Desktop/foxy_ws'
[1.480s] Level 1:colcon.colcon_core.package_identification:_identify(.) by extensions ['ignore', 'ignore_ament_install']
[1.481s] Level 1:colcon.colcon_core.package_identification:_identify(.) by extension 'ignore'
[1.481s] Level 1:colcon.colcon_core.package_identification:_identify(.) by extension 'ignore_ament_install'
[1.481s] Level 1:colcon.colcon_core.package_identification:_identify(.) by extensions ['colcon_pkg']
[1.481s] Level 1:colcon.colcon_core.package_identification:_identify(.) by extension 'colcon_pkg'
[1.481s] Level 1:colcon.colcon_core.package_identification:_identify(.) by extensions ['colcon_meta']
[1.481s] Level 1:colcon.colcon_core.package_identification:_identify(.) by extension 'colcon_meta'
[1.481s] Level 1:colcon.colcon_core.package_identification:_identify(.) by extensions ['ros']
[1.481s] Level 1:colcon.colcon_core.package_identification:_identify(.) by extension 'ros'
[1.498s] Level 1:colcon.colcon_core.package_identification:_identify(.) by extensions ['cmake', 'python']
[1.498s] Level 1:colcon.colcon_core.package_identification:_identify(.) by extension 'cmake'
[1.498s] Level 1:colcon.colcon_core.package_identification:_identify(.) by extension 'python'
[1.498s] Level 1:colcon.colcon_core.package_identification:_identify(.) by extensions ['python_setup_py']
[1.498s] Level 1:colcon.colcon_core.package_identification:_identify(.) by extension 'python_setup_py'
[1.498s] Level 1:colcon.colcon_core.package_identification:_identify(build) by extensions ['ignore', 'ignore_ament_install']
[1.498s] Level 1:colcon.colcon_core.package_identification:_identify(build) by extension 'ignore'
[1.498s] Level 1:colcon.colcon_core.package_identification:_identify(build) ignored
[1.498s] Level 1:colcon.colcon_core.package_identification:_identify(install) by extensions ['ignore', 'ignore_ament_install']
[1.498s] Level 1:colcon.colcon_core.package_identification:_identify(install) by extension 'ignore'
[1.499s] Level 1:colcon.colcon_core.package_identification:_identify(install) ignored
[1.499s] Level 1:colcon.colcon_core.package_identification:_identify(log) by extensions ['ignore', 'ignore_ament_install']
[1.499s] Level 1:colcon.colcon_core.package_identification:_identify(log) by extension 'ignore'
[1.499s] Level 1:colcon.colcon_core.package_identification:_identify(log) ignored
[1.499s] Level 1:colcon.colcon_core.package_identification:_identify(src) by extensions ['ignore', 'ignore_ament_install']
[1.499s] Level 1:colcon.colcon_core.package_identification:_identify(src) by extension 'ignore'
[1.499s] Level 1:colcon.colcon_core.package_identification:_identify(src) by extension 'ignore_ament_install'
[1.499s] Level 1:colcon.colcon_core.package_identification:_identify(src) by extensions ['colcon_pkg']
[1.499s] Level 1:colcon.colcon_core.package_identification:_identify(src) by extension 'colcon_pkg'
[1.499s] Level 1:colcon.colcon_core.package_identification:_identify(src) by extensions ['colcon_meta']
[1.499s] Level 1:colcon.colcon_core.package_identification:_identify(src) by extension 'colcon_meta'
[1.499s] Level 1:colcon.colcon_core.package_identification:_identify(src) by extensions ['ros']
[1.499s] Level 1:colcon.colcon_core.package_identification:_identify(src) by extension 'ros'
[1.499s] Level 1:colcon.colcon_core.package_identification:_identify(src) by extensions ['cmake', 'python']
[1.500s] Level 1:colcon.colcon_core.package_identification:_identify(src) by extension 'cmake'
[1.500s] Level 1:colcon.colcon_core.package_identification:_identify(src) by extension 'python'
[1.500s] Level 1:colcon.colcon_core.package_identification:_identify(src) by extensions ['python_setup_py']
[1.500s] Level 1:colcon.colcon_core.package_identification:_identify(src) by extension 'python_setup_py'
[1.500s] Level 1:colcon.colcon_core.package_identification:_identify(src/turtlebot3_simulations) by extensions ['ignore', 'ignore_ament_install']
[1.500s] Level 1:colcon.colcon_core.package_identification:_identify(src/turtlebot3_simulations) by extension 'ignore'
[1.500s] Level 1:colcon.colcon_core.package_identification:_identify(src/turtlebot3_simulations) by extension 'ignore_ament_install'
[1.500s] Level 1:colcon.colcon_core.package_identification:_identify(src/turtlebot3_simulations) by extensions ['colcon_pkg']
[1.500s] Level 1:colcon.colcon_core.package_identification:_identify(src/turtlebot3_simulations) by extension 'colcon_pkg'
[1.500s] Level 1:colcon.colcon_core.package_identification:_identify(src/turtlebot3_simulations) by extensions ['colcon_meta']
[1.500s] Level 1:colcon.colcon_core.package_identification:_identify(src/turtlebot3_simulations) by extension 'colcon_meta'
[1.500s] Level 1:colcon.colcon_core.package_identification:_identify(src/turtlebot3_simulations) by extensions ['ros']
[1.500s] Level 1:colcon.colcon_core.package_identification:_identify(src/turtlebot3_simulations) by extension 'ros'
[1.500s] Level 1:colcon.colcon_core.package_identification:_identify(src/turtlebot3_simulations) by extensions ['cmake', 'python']
[1.500s] Level 1:colcon.colcon_core.package_identification:_identify(src/turtlebot3_simulations) by extension 'cmake'
[1.500s] Level 1:colcon.colcon_core.package_identification:_identify(src/turtlebot3_simulations) by extension 'python'
[1.501s] Level 1:colcon.colcon_core.package_identification:_identify(src/turtlebot3_simulations) by extensions ['python_setup_py']
[1.501s] Level 1:colcon.colcon_core.package_identification:_identify(src/turtlebot3_simulations) by extension 'python_setup_py'
[1.501s] Level 1:colcon.colcon_core.package_identification:_identify(src/turtlebot3_simulations/realsense-ros-4.51.1) by extensions ['ignore', 'ignore_ament_install']
[1.501s] Level 1:colcon.colcon_core.package_identification:_identify(src/turtlebot3_simulations/realsense-ros-4.51.1) by extension 'ignore'
[1.501s] Level 1:colcon.colcon_core.package_identification:_identify(src/turtlebot3_simulations/realsense-ros-4.51.1) by extension 'ignore_ament_install'
[1.501s] Level 1:colcon.colcon_core.package_identification:_identify(src/turtlebot3_simulations/realsense-ros-4.51.1) by extensions ['colcon_pkg']
[1.501s] Level 1:colcon.colcon_core.package_identification:_identify(src/turtlebot3_simulations/realsense-ros-4.51.1) by extension 'colcon_pkg'
[1.501s] Level 1:colcon.colcon_core.package_identification:_identify(src/turtlebot3_simulations/realsense-ros-4.51.1) by extensions ['colcon_meta']
[1.501s] Level 1:colcon.colcon_core.package_identification:_identify(src/turtlebot3_simulations/realsense-ros-4.51.1) by extension 'colcon_meta'
[1.501s] Level 1:colcon.colcon_core.package_identification:_identify(src/turtlebot3_simulations/realsense-ros-4.51.1) by extensions ['ros']
[1.501s] Level 1:colcon.colcon_core.package_identification:_identify(src/turtlebot3_simulations/realsense-ros-4.51.1) by extension 'ros'
[1.501s] Level 1:colcon.colcon_core.package_identification:_identify(src/turtlebot3_simulations/realsense-ros-4.51.1) by extensions ['cmake', 'python']
[1.501s] Level 1:colcon.colcon_core.package_identification:_identify(src/turtlebot3_simulations/realsense-ros-4.51.1) by extension 'cmake'
[1.501s] Level 1:colcon.colcon_core.package_identification:_identify(src/turtlebot3_simulations/realsense-ros-4.51.1) by extension 'python'
[1.501s] Level 1:colcon.colcon_core.package_identification:_identify(src/turtlebot3_simulations/realsense-ros-4.51.1) by extensions ['python_setup_py']
[1.501s] Level 1:colcon.colcon_core.package_identification:_identify(src/turtlebot3_simulations/realsense-ros-4.51.1) by extension 'python_setup_py'
[1.502s] Level 1:colcon.colcon_core.package_identification:_identify(src/turtlebot3_simulations/realsense-ros-4.51.1/realsense2_camera) by extensions ['ignore', 'ignore_ament_install']
[1.502s] Level 1:colcon.colcon_core.package_identification:_identify(src/turtlebot3_simulations/realsense-ros-4.51.1/realsense2_camera) by extension 'ignore'
[1.502s] Level 1:colcon.colcon_core.package_identification:_identify(src/turtlebot3_simulations/realsense-ros-4.51.1/realsense2_camera) by extension 'ignore_ament_install'
[1.502s] Level 1:colcon.colcon_core.package_identification:_identify(src/turtlebot3_simulations/realsense-ros-4.51.1/realsense2_camera) by extensions ['colcon_pkg']
[1.502s] Level 1:colcon.colcon_core.package_identification:_identify(src/turtlebot3_simulations/realsense-ros-4.51.1/realsense2_camera) by extension 'colcon_pkg'
[1.502s] Level 1:colcon.colcon_core.package_identification:_identify(src/turtlebot3_simulations/realsense-ros-4.51.1/realsense2_camera) by extensions ['colcon_meta']
[1.502s] Level 1:colcon.colcon_core.package_identification:_identify(src/turtlebot3_simulations/realsense-ros-4.51.1/realsense2_camera) by extension 'colcon_meta'
[1.502s] Level 1:colcon.colcon_core.package_identification:_identify(src/turtlebot3_simulations/realsense-ros-4.51.1/realsense2_camera) by extensions ['ros']
[1.502s] Level 1:colcon.colcon_core.package_identification:_identify(src/turtlebot3_simulations/realsense-ros-4.51.1/realsense2_camera) by extension 'ros'
[1.508s] DEBUG:colcon.colcon_core.package_identification:Package 'src/turtlebot3_simulations/realsense-ros-4.51.1/realsense2_camera' with type 'ros.ament_cmake' and name 'realsense2_camera'
[1.509s] Level 1:colcon.colcon_core.package_identification:_identify(src/turtlebot3_simulations/realsense-ros-4.51.1/realsense2_camera_msgs) by extensions ['ignore', 'ignore_ament_install']
[1.509s] Level 1:colcon.colcon_core.package_identification:_identify(src/turtlebot3_simulations/realsense-ros-4.51.1/realsense2_camera_msgs) by extension 'ignore'
[1.509s] Level 1:colcon.colcon_core.package_identification:_identify(src/turtlebot3_simulations/realsense-ros-4.51.1/realsense2_camera_msgs) by extension 'ignore_ament_install'
[1.509s] Level 1:colcon.colcon_core.package_identification:_identify(src/turtlebot3_simulations/realsense-ros-4.51.1/realsense2_camera_msgs) by extensions ['colcon_pkg']
[1.509s] Level 1:colcon.colcon_core.package_identification:_identify(src/turtlebot3_simulations/realsense-ros-4.51.1/realsense2_camera_msgs) by extension 'colcon_pkg'
[1.509s] Level 1:colcon.colcon_core.package_identification:_identify(src/turtlebot3_simulations/realsense-ros-4.51.1/realsense2_camera_msgs) by extensions ['colcon_meta']
[1.509s] Level 1:colcon.colcon_core.package_identification:_identify(src/turtlebot3_simulations/realsense-ros-4.51.1/realsense2_camera_msgs) by extension 'colcon_meta'
[1.510s] Level 1:colcon.colcon_core.package_identification:_identify(src/turtlebot3_simulations/realsense-ros-4.51.1/realsense2_camera_msgs) by extensions ['ros']
[1.510s] Level 1:colcon.colcon_core.package_identification:_identify(src/turtlebot3_simulations/realsense-ros-4.51.1/realsense2_camera_msgs) by extension 'ros'
[1.511s] DEBUG:colcon.colcon_core.package_identification:Package 'src/turtlebot3_simulations/realsense-ros-4.51.1/realsense2_camera_msgs' with type 'ros.ament_cmake' and name 'realsense2_camera_msgs'
[1.511s] Level 1:colcon.colcon_core.package_identification:_identify(src/turtlebot3_simulations/realsense-ros-4.51.1/realsense2_description) by extensions ['ignore', 'ignore_ament_install']
[1.511s] Level 1:colcon.colcon_core.package_identification:_identify(src/turtlebot3_simulations/realsense-ros-4.51.1/realsense2_description) by extension 'ignore'
[1.511s] Level 1:colcon.colcon_core.package_identification:_identify(src/turtlebot3_simulations/realsense-ros-4.51.1/realsense2_description) by extension 'ignore_ament_install'
[1.512s] Level 1:colcon.colcon_core.package_identification:_identify(src/turtlebot3_simulations/realsense-ros-4.51.1/realsense2_description) by extensions ['colcon_pkg']
[1.512s] Level 1:colcon.colcon_core.package_identification:_identify(src/turtlebot3_simulations/realsense-ros-4.51.1/realsense2_description) by extension 'colcon_pkg'
[1.512s] Level 1:colcon.colcon_core.package_identification:_identify(src/turtlebot3_simulations/realsense-ros-4.51.1/realsense2_description) by extensions ['colcon_meta']
[1.512s] Level 1:colcon.colcon_core.package_identification:_identify(src/turtlebot3_simulations/realsense-ros-4.51.1/realsense2_description) by extension 'colcon_meta'
[1.512s] Level 1:colcon.colcon_core.package_identification:_identify(src/turtlebot3_simulations/realsense-ros-4.51.1/realsense2_description) by extensions ['ros']
[1.512s] Level 1:colcon.colcon_core.package_identification:_identify(src/turtlebot3_simulations/realsense-ros-4.51.1/realsense2_description) by extension 'ros'
[1.513s] DEBUG:colcon.colcon_core.package_identification:Package 'src/turtlebot3_simulations/realsense-ros-4.51.1/realsense2_description' with type 'ros.ament_cmake' and name 'realsense2_description'
[1.514s] Level 1:colcon.colcon_core.package_identification:_identify(src/turtlebot3_simulations/realsense-ros-4.51.1/scripts) by extensions ['ignore', 'ignore_ament_install']
[1.514s] Level 1:colcon.colcon_core.package_identification:_identify(src/turtlebot3_simulations/realsense-ros-4.51.1/scripts) by extension 'ignore'
[1.514s] Level 1:colcon.colcon_core.package_identification:_identify(src/turtlebot3_simulations/realsense-ros-4.51.1/scripts) by extension 'ignore_ament_install'
[1.514s] Level 1:colcon.colcon_core.package_identification:_identify(src/turtlebot3_simulations/realsense-ros-4.51.1/scripts) by extensions ['colcon_pkg']
[1.514s] Level 1:colcon.colcon_core.package_identification:_identify(src/turtlebot3_simulations/realsense-ros-4.51.1/scripts) by extension 'colcon_pkg'
[1.514s] Level 1:colcon.colcon_core.package_identification:_identify(src/turtlebot3_simulations/realsense-ros-4.51.1/scripts) by extensions ['colcon_meta']
[1.514s] Level 1:colcon.colcon_core.package_identification:_identify(src/turtlebot3_simulations/realsense-ros-4.51.1/scripts) by extension 'colcon_meta'
[1.514s] Level 1:colcon.colcon_core.package_identification:_identify(src/turtlebot3_simulations/realsense-ros-4.51.1/scripts) by extensions ['ros']
[1.514s] Level 1:colcon.colcon_core.package_identification:_identify(src/turtlebot3_simulations/realsense-ros-4.51.1/scripts) by extension 'ros'
[1.514s] Level 1:colcon.colcon_core.package_identification:_identify(src/turtlebot3_simulations/realsense-ros-4.51.1/scripts) by extensions ['cmake', 'python']
[1.515s] Level 1:colcon.colcon_core.package_identification:_identify(src/turtlebot3_simulations/realsense-ros-4.51.1/scripts) by extension 'cmake'
[1.515s] Level 1:colcon.colcon_core.package_identification:_identify(src/turtlebot3_simulations/realsense-ros-4.51.1/scripts) by extension 'python'
[1.515s] Level 1:colcon.colcon_core.package_identification:_identify(src/turtlebot3_simulations/realsense-ros-4.51.1/scripts) by extensions ['python_setup_py']
[1.515s] Level 1:colcon.colcon_core.package_identification:_identify(src/turtlebot3_simulations/realsense-ros-4.51.1/scripts) by extension 'python_setup_py'
[1.515s] Level 1:colcon.colcon_core.package_identification:_identify(src/turtlebot3_simulations/ros2_aruco) by extensions ['ignore', 'ignore_ament_install']
[1.515s] Level 1:colcon.colcon_core.package_identification:_identify(src/turtlebot3_simulations/ros2_aruco) by extension 'ignore'
[1.515s] Level 1:colcon.colcon_core.package_identification:_identify(src/turtlebot3_simulations/ros2_aruco) by extension 'ignore_ament_install'
[1.515s] Level 1:colcon.colcon_core.package_identification:_identify(src/turtlebot3_simulations/ros2_aruco) by extensions ['colcon_pkg']
[1.515s] Level 1:colcon.colcon_core.package_identification:_identify(src/turtlebot3_simulations/ros2_aruco) by extension 'colcon_pkg'
[1.515s] Level 1:colcon.colcon_core.package_identification:_identify(src/turtlebot3_simulations/ros2_aruco) by extensions ['colcon_meta']
[1.515s] Level 1:colcon.colcon_core.package_identification:_identify(src/turtlebot3_simulations/ros2_aruco) by extension 'colcon_meta'
[1.515s] Level 1:colcon.colcon_core.package_identification:_identify(src/turtlebot3_simulations/ros2_aruco) by extensions ['ros']
[1.515s] Level 1:colcon.colcon_core.package_identification:_identify(src/turtlebot3_simulations/ros2_aruco) by extension 'ros'
[1.516s] Level 1:colcon.colcon_core.package_identification:_identify(src/turtlebot3_simulations/ros2_aruco) by extensions ['cmake', 'python']
[1.516s] Level 1:colcon.colcon_core.package_identification:_identify(src/turtlebot3_simulations/ros2_aruco) by extension 'cmake'
[1.516s] Level 1:colcon.colcon_core.package_identification:_identify(src/turtlebot3_simulations/ros2_aruco) by extension 'python'
[1.516s] Level 1:colcon.colcon_core.package_identification:_identify(src/turtlebot3_simulations/ros2_aruco) by extensions ['python_setup_py']
[1.516s] Level 1:colcon.colcon_core.package_identification:_identify(src/turtlebot3_simulations/ros2_aruco) by extension 'python_setup_py'
[1.516s] Level 1:colcon.colcon_core.package_identification:_identify(src/turtlebot3_simulations/ros2_aruco/ros2_aruco) by extensions ['ignore', 'ignore_ament_install']
[1.516s] Level 1:colcon.colcon_core.package_identification:_identify(src/turtlebot3_simulations/ros2_aruco/ros2_aruco) by extension 'ignore'
[1.516s] Level 1:colcon.colcon_core.package_identification:_identify(src/turtlebot3_simulations/ros2_aruco/ros2_aruco) by extension 'ignore_ament_install'
[1.516s] Level 1:colcon.colcon_core.package_identification:_identify(src/turtlebot3_simulations/ros2_aruco/ros2_aruco) by extensions ['colcon_pkg']
[1.516s] Level 1:colcon.colcon_core.package_identification:_identify(src/turtlebot3_simulations/ros2_aruco/ros2_aruco) by extension 'colcon_pkg'
[1.516s] Level 1:colcon.colcon_core.package_identification:_identify(src/turtlebot3_simulations/ros2_aruco/ros2_aruco) by extensions ['colcon_meta']
[1.516s] Level 1:colcon.colcon_core.package_identification:_identify(src/turtlebot3_simulations/ros2_aruco/ros2_aruco) by extension 'colcon_meta'
[1.516s] Level 1:colcon.colcon_core.package_identification:_identify(src/turtlebot3_simulations/ros2_aruco/ros2_aruco) by extensions ['ros']
[1.516s] Level 1:colcon.colcon_core.package_identification:_identify(src/turtlebot3_simulations/ros2_aruco/ros2_aruco) by extension 'ros'
[1.517s] DEBUG:colcon.colcon_core.package_identification:Package 'src/turtlebot3_simulations/ros2_aruco/ros2_aruco' with type 'ros.ament_python' and name 'ros2_aruco'
[1.517s] Level 1:colcon.colcon_core.package_identification:_identify(src/turtlebot3_simulations/ros2_aruco/ros2_aruco_interfaces) by extensions ['ignore', 'ignore_ament_install']
[1.517s] Level 1:colcon.colcon_core.package_identification:_identify(src/turtlebot3_simulations/ros2_aruco/ros2_aruco_interfaces) by extension 'ignore'
[1.517s] Level 1:colcon.colcon_core.package_identification:_identify(src/turtlebot3_simulations/ros2_aruco/ros2_aruco_interfaces) by extension 'ignore_ament_install'
[1.517s] Level 1:colcon.colcon_core.package_identification:_identify(src/turtlebot3_simulations/ros2_aruco/ros2_aruco_interfaces) by extensions ['colcon_pkg']
[1.517s] Level 1:colcon.colcon_core.package_identification:_identify(src/turtlebot3_simulations/ros2_aruco/ros2_aruco_interfaces) by extension 'colcon_pkg'
[1.517s] Level 1:colcon.colcon_core.package_identification:_identify(src/turtlebot3_simulations/ros2_aruco/ros2_aruco_interfaces) by extensions ['colcon_meta']
[1.518s] Level 1:colcon.colcon_core.package_identification:_identify(src/turtlebot3_simulations/ros2_aruco/ros2_aruco_interfaces) by extension 'colcon_meta'
[1.518s] Level 1:colcon.colcon_core.package_identification:_identify(src/turtlebot3_simulations/ros2_aruco/ros2_aruco_interfaces) by extensions ['ros']
[1.518s] Level 1:colcon.colcon_core.package_identification:_identify(src/turtlebot3_simulations/ros2_aruco/ros2_aruco_interfaces) by extension 'ros'
[1.519s] DEBUG:colcon.colcon_core.package_identification:Package 'src/turtlebot3_simulations/ros2_aruco/ros2_aruco_interfaces' with type 'ros.ament_cmake' and name 'ros2_aruco_interfaces'
[1.519s] Level 1:colcon.colcon_core.package_identification:_identify(src/turtlebot3_simulations/turtlebot3_fake_node) by extensions ['ignore', 'ignore_ament_install']
[1.519s] Level 1:colcon.colcon_core.package_identification:_identify(src/turtlebot3_simulations/turtlebot3_fake_node) by extension 'ignore'
[1.519s] Level 1:colcon.colcon_core.package_identification:_identify(src/turtlebot3_simulations/turtlebot3_fake_node) by extension 'ignore_ament_install'
[1.519s] Level 1:colcon.colcon_core.package_identification:_identify(src/turtlebot3_simulations/turtlebot3_fake_node) by extensions ['colcon_pkg']
[1.519s] Level 1:colcon.colcon_core.package_identification:_identify(src/turtlebot3_simulations/turtlebot3_fake_node) by extension 'colcon_pkg'
[1.519s] Level 1:colcon.colcon_core.package_identification:_identify(src/turtlebot3_simulations/turtlebot3_fake_node) by extensions ['colcon_meta']
[1.519s] Level 1:colcon.colcon_core.package_identification:_identify(src/turtlebot3_simulations/turtlebot3_fake_node) by extension 'colcon_meta'
[1.520s] Level 1:colcon.colcon_core.package_identification:_identify(src/turtlebot3_simulations/turtlebot3_fake_node) by extensions ['ros']
[1.520s] Level 1:colcon.colcon_core.package_identification:_identify(src/turtlebot3_simulations/turtlebot3_fake_node) by extension 'ros'
[1.522s] DEBUG:colcon.colcon_core.package_identification:Package 'src/turtlebot3_simulations/turtlebot3_fake_node' with type 'ros.ament_cmake' and name 'turtlebot3_fake_node'
[1.522s] Level 1:colcon.colcon_core.package_identification:_identify(src/turtlebot3_simulations/turtlebot3_gazebo) by extensions ['ignore', 'ignore_ament_install']
[1.522s] Level 1:colcon.colcon_core.package_identification:_identify(src/turtlebot3_simulations/turtlebot3_gazebo) by extension 'ignore'
[1.522s] Level 1:colcon.colcon_core.package_identification:_identify(src/turtlebot3_simulations/turtlebot3_gazebo) by extension 'ignore_ament_install'
[1.522s] Level 1:colcon.colcon_core.package_identification:_identify(src/turtlebot3_simulations/turtlebot3_gazebo) by extensions ['colcon_pkg']
[1.522s] Level 1:colcon.colcon_core.package_identification:_identify(src/turtlebot3_simulations/turtlebot3_gazebo) by extension 'colcon_pkg'
[1.522s] Level 1:colcon.colcon_core.package_identification:_identify(src/turtlebot3_simulations/turtlebot3_gazebo) by extensions ['colcon_meta']
[1.523s] Level 1:colcon.colcon_core.package_identification:_identify(src/turtlebot3_simulations/turtlebot3_gazebo) by extension 'colcon_meta'
[1.523s] Level 1:colcon.colcon_core.package_identification:_identify(src/turtlebot3_simulations/turtlebot3_gazebo) by extensions ['ros']
[1.523s] Level 1:colcon.colcon_core.package_identification:_identify(src/turtlebot3_simulations/turtlebot3_gazebo) by extension 'ros'
[1.525s] DEBUG:colcon.colcon_core.package_identification:Package 'src/turtlebot3_simulations/turtlebot3_gazebo' with type 'ros.ament_cmake' and name 'turtlebot3_gazebo'
[1.525s] Level 1:colcon.colcon_core.package_identification:_identify(src/turtlebot3_simulations/turtlebot3_simulations) by extensions ['ignore', 'ignore_ament_install']
[1.525s] Level 1:colcon.colcon_core.package_identification:_identify(src/turtlebot3_simulations/turtlebot3_simulations) by extension 'ignore'
[1.525s] Level 1:colcon.colcon_core.package_identification:_identify(src/turtlebot3_simulations/turtlebot3_simulations) by extension 'ignore_ament_install'
[1.525s] Level 1:colcon.colcon_core.package_identification:_identify(src/turtlebot3_simulations/turtlebot3_simulations) by extensions ['colcon_pkg']
[1.525s] Level 1:colcon.colcon_core.package_identification:_identify(src/turtlebot3_simulations/turtlebot3_simulations) by extension 'colcon_pkg'
[1.525s] Level 1:colcon.colcon_core.package_identification:_identify(src/turtlebot3_simulations/turtlebot3_simulations) by extensions ['colcon_meta']
[1.525s] Level 1:colcon.colcon_core.package_identification:_identify(src/turtlebot3_simulations/turtlebot3_simulations) by extension 'colcon_meta'
[1.525s] Level 1:colcon.colcon_core.package_identification:_identify(src/turtlebot3_simulations/turtlebot3_simulations) by extensions ['ros']
[1.525s] Level 1:colcon.colcon_core.package_identification:_identify(src/turtlebot3_simulations/turtlebot3_simulations) by extension 'ros'
[1.527s] DEBUG:colcon.colcon_core.package_identification:Package 'src/turtlebot3_simulations/turtlebot3_simulations' with type 'ros.ament_cmake' and name 'turtlebot3_simulations'
[1.527s] Level 1:colcon.colcon_core.package_discovery:discover_packages(recursive) using defaults
[1.527s] Level 1:colcon.colcon_core.package_discovery:discover_packages(ignore) discover
[1.527s] Level 1:colcon.colcon_core.package_discovery:discover_packages(ignore) using defaults
[1.527s] Level 1:colcon.colcon_core.package_discovery:discover_packages(path) discover
[1.527s] Level 1:colcon.colcon_core.package_discovery:discover_packages(path) using defaults
[1.552s] WARNING:colcon.colcon_core.package_selection:ignoring unknown package 'turtlebot2_gazebo' in --packages-select
[1.638s] INFO:colcon.colcon_core.package_selection:Skipping not selected package 'realsense2_camera_msgs' in 'src/turtlebot3_simulations/realsense-ros-4.51.1/realsense2_camera_msgs'
[1.638s] INFO:colcon.colcon_core.package_selection:Skipping not selected package 'ros2_aruco' in 'src/turtlebot3_simulations/ros2_aruco/ros2_aruco'
[1.638s] INFO:colcon.colcon_core.package_selection:Skipping not selected package 'ros2_aruco_interfaces' in 'src/turtlebot3_simulations/ros2_aruco/ros2_aruco_interfaces'
[1.638s] INFO:colcon.colcon_core.package_selection:Skipping not selected package 'turtlebot3_fake_node' in 'src/turtlebot3_simulations/turtlebot3_fake_node'
[1.638s] INFO:colcon.colcon_core.package_selection:Skipping not selected package 'turtlebot3_gazebo' in 'src/turtlebot3_simulations/turtlebot3_gazebo'
[1.638s] INFO:colcon.colcon_core.package_selection:Skipping not selected package 'realsense2_camera' in 'src/turtlebot3_simulations/realsense-ros-4.51.1/realsense2_camera'
[1.638s] INFO:colcon.colcon_core.package_selection:Skipping not selected package 'realsense2_description' in 'src/turtlebot3_simulations/realsense-ros-4.51.1/realsense2_description'
[1.638s] INFO:colcon.colcon_core.package_selection:Skipping not selected package 'turtlebot3_simulations' in 'src/turtlebot3_simulations/turtlebot3_simulations'
[1.686s] Level 1:colcon.colcon_core.package_discovery:discover_packages(prefix_path) check parameters
[1.686s] Level 1:colcon.colcon_core.package_discovery:discover_packages(prefix_path) discover
[1.731s] DEBUG:colcon.colcon_installed_package_information.package_discovery:Found 6 installed packages in /home/edwinooi/Desktop/emanual/install
[1.755s] DEBUG:colcon.colcon_installed_package_information.package_discovery:Found 383 installed packages in /opt/ros/humble
[1.768s] Level 1:colcon.colcon_core.package_discovery:discover_packages(prefix_path) using defaults
[1.902s] INFO:colcon.colcon_core.executor:Executing jobs using 'parallel' executor
[1.923s] DEBUG:colcon.colcon_parallel_executor.executor.parallel:run_until_complete
[1.923s] DEBUG:colcon.colcon_parallel_executor.executor.parallel:closing loop
[1.923s] DEBUG:colcon.colcon_parallel_executor.executor.parallel:loop closed
[1.923s] DEBUG:colcon.colcon_parallel_executor.executor.parallel:run_until_complete finished with '0'
[1.923s] DEBUG:colcon.colcon_core.event_reactor:joining thread
[1.952s] INFO:colcon.colcon_core.plugin_system:Skipping extension 'colcon_notification.desktop_notification.terminal_notifier': Not used on non-Darwin systems
[1.952s] INFO:colcon.colcon_core.plugin_system:Skipping extension 'colcon_notification.desktop_notification.win32': Not used on non-Windows systems
[1.953s] INFO:colcon.colcon_notification.desktop_notification:Sending desktop notification using 'notify2'
[1.967s] DEBUG:colcon.colcon_core.event_reactor:joined thread
[1.996s] INFO:colcon.colcon_core.plugin_system:Skipping extension 'colcon_core.shell.bat': Not used on non-Windows systems
[1.997s] INFO:colcon.colcon_core.shell:Creating prefix script '/home/edwinooi/Desktop/foxy_ws/install/local_setup.ps1'
[1.999s] INFO:colcon.colcon_core.shell:Creating prefix util module '/home/edwinooi/Desktop/foxy_ws/install/_local_setup_util_ps1.py'
[2.002s] INFO:colcon.colcon_core.shell:Creating prefix chain script '/home/edwinooi/Desktop/foxy_ws/install/setup.ps1'
[2.049s] INFO:colcon.colcon_core.shell:Creating prefix script '/home/edwinooi/Desktop/foxy_ws/install/local_setup.sh'
[2.051s] INFO:colcon.colcon_core.shell:Creating prefix util module '/home/edwinooi/Desktop/foxy_ws/install/_local_setup_util_sh.py'
[2.052s] INFO:colcon.colcon_core.shell:Creating prefix chain script '/home/edwinooi/Desktop/foxy_ws/install/setup.sh'
[2.096s] INFO:colcon.colcon_core.shell:Creating prefix script '/home/edwinooi/Desktop/foxy_ws/install/local_setup.bash'
[2.097s] INFO:colcon.colcon_core.shell:Creating prefix chain script '/home/edwinooi/Desktop/foxy_ws/install/setup.bash'
[2.133s] INFO:colcon.colcon_core.shell:Creating prefix script '/home/edwinooi/Desktop/foxy_ws/install/local_setup.zsh'
[2.134s] INFO:colcon.colcon_core.shell:Creating prefix chain script '/home/edwinooi/Desktop/foxy_ws/install/setup.zsh'
