[0.486s] DEBUG:colcon:Command line arguments: ['/usr/bin/colcon', 'list', '-p', '--base-paths', '/home/edwinooi/Desktop/foxy_ws']
[0.486s] DEBUG:colcon:Parsed command line arguments: Namespace(log_base=None, log_level=None, verb_name='list', build_base='build', ignore_user_meta=False, metas=['./colcon.meta'], base_paths=['/home/edwinooi/Desktop/foxy_ws'], packages_ignore=None, packages_ignore_regex=None, paths=None, packages_up_to=None, packages_up_to_regex=None, packages_above=None, packages_above_and_dependencies=None, packages_above_depth=None, packages_select_by_dep=None, packages_skip_by_dep=None, packages_skip_up_to=None, packages_select_build_failed=False, packages_skip_build_finished=False, packages_select_test_failures=False, packages_skip_test_passed=False, packages_select=None, packages_skip=None, packages_select_regex=None, packages_skip_regex=None, packages_start=None, packages_end=None, allow_overriding=[], topological_order=False, names_only=False, paths_only=True, topological_graph=False, topological_graph_dot=False, topological_graph_density=False, topological_graph_legend=False, topological_graph_dot_cluster=False, topological_graph_dot_include_skipped=False, verb_parser=<colcon_defaults.argument_parser.defaults.DefaultArgumentsDecorator object at 0x748158633af0>, verb_extension=<colcon_package_information.verb.list.ListVerb object at 0x74815873faf0>, main=<bound method ListVerb.main of <colcon_package_information.verb.list.ListVerb object at 0x74815873faf0>>)
[1.327s] Level 1:colcon.colcon_core.package_discovery:discover_packages(colcon_meta) check parameters
[1.327s] Level 1:colcon.colcon_core.package_discovery:discover_packages(recursive) check parameters
[1.327s] Level 1:colcon.colcon_core.package_discovery:discover_packages(ignore) check parameters
[1.332s] Level 1:colcon.colcon_core.package_discovery:discover_packages(path) check parameters
[1.332s] Level 1:colcon.colcon_core.package_discovery:discover_packages(recursive) discover
[1.332s] INFO:colcon.colcon_core.package_discovery:Crawling recursively for packages in '/home/edwinooi/Desktop/foxy_ws'
[1.333s] Level 1:colcon.colcon_core.package_identification:_identify(/home/edwinooi/Desktop/foxy_ws) by extensions ['ignore', 'ignore_ament_install']
[1.333s] Level 1:colcon.colcon_core.package_identification:_identify(/home/edwinooi/Desktop/foxy_ws) by extension 'ignore'
[1.333s] Level 1:colcon.colcon_core.package_identification:_identify(/home/edwinooi/Desktop/foxy_ws) by extension 'ignore_ament_install'
[1.333s] Level 1:colcon.colcon_core.package_identification:_identify(/home/edwinooi/Desktop/foxy_ws) by extensions ['colcon_pkg']
[1.333s] Level 1:colcon.colcon_core.package_identification:_identify(/home/edwinooi/Desktop/foxy_ws) by extension 'colcon_pkg'
[1.333s] Level 1:colcon.colcon_core.package_identification:_identify(/home/edwinooi/Desktop/foxy_ws) by extensions ['colcon_meta']
[1.334s] Level 1:colcon.colcon_core.package_identification:_identify(/home/edwinooi/Desktop/foxy_ws) by extension 'colcon_meta'
[1.334s] Level 1:colcon.colcon_core.package_identification:_identify(/home/edwinooi/Desktop/foxy_ws) by extensions ['ros']
[1.334s] Level 1:colcon.colcon_core.package_identification:_identify(/home/edwinooi/Desktop/foxy_ws) by extension 'ros'
[1.366s] Level 1:colcon.colcon_core.package_identification:_identify(/home/edwinooi/Desktop/foxy_ws) by extensions ['cmake', 'python']
[1.366s] Level 1:colcon.colcon_core.package_identification:_identify(/home/edwinooi/Desktop/foxy_ws) by extension 'cmake'
[1.366s] Level 1:colcon.colcon_core.package_identification:_identify(/home/edwinooi/Desktop/foxy_ws) by extension 'python'
[1.366s] Level 1:colcon.colcon_core.package_identification:_identify(/home/edwinooi/Desktop/foxy_ws) by extensions ['python_setup_py']
[1.367s] Level 1:colcon.colcon_core.package_identification:_identify(/home/edwinooi/Desktop/foxy_ws) by extension 'python_setup_py'
[1.367s] Level 1:colcon.colcon_core.package_identification:_identify(/home/edwinooi/Desktop/foxy_ws/build) by extensions ['ignore', 'ignore_ament_install']
[1.367s] Level 1:colcon.colcon_core.package_identification:_identify(/home/edwinooi/Desktop/foxy_ws/build) by extension 'ignore'
[1.367s] Level 1:colcon.colcon_core.package_identification:_identify(/home/edwinooi/Desktop/foxy_ws/build) ignored
[1.368s] Level 1:colcon.colcon_core.package_identification:_identify(/home/edwinooi/Desktop/foxy_ws/install) by extensions ['ignore', 'ignore_ament_install']
[1.369s] Level 1:colcon.colcon_core.package_identification:_identify(/home/edwinooi/Desktop/foxy_ws/install) by extension 'ignore'
[1.369s] Level 1:colcon.colcon_core.package_identification:_identify(/home/edwinooi/Desktop/foxy_ws/install) ignored
[1.369s] Level 1:colcon.colcon_core.package_identification:_identify(/home/edwinooi/Desktop/foxy_ws/log) by extensions ['ignore', 'ignore_ament_install']
[1.369s] Level 1:colcon.colcon_core.package_identification:_identify(/home/edwinooi/Desktop/foxy_ws/log) by extension 'ignore'
[1.369s] Level 1:colcon.colcon_core.package_identification:_identify(/home/edwinooi/Desktop/foxy_ws/log) ignored
[1.370s] Level 1:colcon.colcon_core.package_identification:_identify(/home/edwinooi/Desktop/foxy_ws/src) by extensions ['ignore', 'ignore_ament_install']
[1.370s] Level 1:colcon.colcon_core.package_identification:_identify(/home/edwinooi/Desktop/foxy_ws/src) by extension 'ignore'
[1.370s] Level 1:colcon.colcon_core.package_identification:_identify(/home/edwinooi/Desktop/foxy_ws/src) by extension 'ignore_ament_install'
[1.370s] Level 1:colcon.colcon_core.package_identification:_identify(/home/edwinooi/Desktop/foxy_ws/src) by extensions ['colcon_pkg']
[1.370s] Level 1:colcon.colcon_core.package_identification:_identify(/home/edwinooi/Desktop/foxy_ws/src) by extension 'colcon_pkg'
[1.370s] Level 1:colcon.colcon_core.package_identification:_identify(/home/edwinooi/Desktop/foxy_ws/src) by extensions ['colcon_meta']
[1.370s] Level 1:colcon.colcon_core.package_identification:_identify(/home/edwinooi/Desktop/foxy_ws/src) by extension 'colcon_meta'
[1.371s] Level 1:colcon.colcon_core.package_identification:_identify(/home/edwinooi/Desktop/foxy_ws/src) by extensions ['ros']
[1.371s] Level 1:colcon.colcon_core.package_identification:_identify(/home/edwinooi/Desktop/foxy_ws/src) by extension 'ros'
[1.371s] Level 1:colcon.colcon_core.package_identification:_identify(/home/edwinooi/Desktop/foxy_ws/src) by extensions ['cmake', 'python']
[1.371s] Level 1:colcon.colcon_core.package_identification:_identify(/home/edwinooi/Desktop/foxy_ws/src) by extension 'cmake'
[1.371s] Level 1:colcon.colcon_core.package_identification:_identify(/home/edwinooi/Desktop/foxy_ws/src) by extension 'python'
[1.371s] Level 1:colcon.colcon_core.package_identification:_identify(/home/edwinooi/Desktop/foxy_ws/src) by extensions ['python_setup_py']
[1.371s] Level 1:colcon.colcon_core.package_identification:_identify(/home/edwinooi/Desktop/foxy_ws/src) by extension 'python_setup_py'
[1.371s] Level 1:colcon.colcon_core.package_identification:_identify(/home/edwinooi/Desktop/foxy_ws/src/turtlebot3_simulations) by extensions ['ignore', 'ignore_ament_install']
[1.372s] Level 1:colcon.colcon_core.package_identification:_identify(/home/edwinooi/Desktop/foxy_ws/src/turtlebot3_simulations) by extension 'ignore'
[1.372s] Level 1:colcon.colcon_core.package_identification:_identify(/home/edwinooi/Desktop/foxy_ws/src/turtlebot3_simulations) by extension 'ignore_ament_install'
[1.372s] Level 1:colcon.colcon_core.package_identification:_identify(/home/edwinooi/Desktop/foxy_ws/src/turtlebot3_simulations) by extensions ['colcon_pkg']
[1.372s] Level 1:colcon.colcon_core.package_identification:_identify(/home/edwinooi/Desktop/foxy_ws/src/turtlebot3_simulations) by extension 'colcon_pkg'
[1.372s] Level 1:colcon.colcon_core.package_identification:_identify(/home/edwinooi/Desktop/foxy_ws/src/turtlebot3_simulations) by extensions ['colcon_meta']
[1.372s] Level 1:colcon.colcon_core.package_identification:_identify(/home/edwinooi/Desktop/foxy_ws/src/turtlebot3_simulations) by extension 'colcon_meta'
[1.372s] Level 1:colcon.colcon_core.package_identification:_identify(/home/edwinooi/Desktop/foxy_ws/src/turtlebot3_simulations) by extensions ['ros']
[1.373s] Level 1:colcon.colcon_core.package_identification:_identify(/home/edwinooi/Desktop/foxy_ws/src/turtlebot3_simulations) by extension 'ros'
[1.373s] Level 1:colcon.colcon_core.package_identification:_identify(/home/edwinooi/Desktop/foxy_ws/src/turtlebot3_simulations) by extensions ['cmake', 'python']
[1.373s] Level 1:colcon.colcon_core.package_identification:_identify(/home/edwinooi/Desktop/foxy_ws/src/turtlebot3_simulations) by extension 'cmake'
[1.373s] Level 1:colcon.colcon_core.package_identification:_identify(/home/edwinooi/Desktop/foxy_ws/src/turtlebot3_simulations) by extension 'python'
[1.373s] Level 1:colcon.colcon_core.package_identification:_identify(/home/edwinooi/Desktop/foxy_ws/src/turtlebot3_simulations) by extensions ['python_setup_py']
[1.373s] Level 1:colcon.colcon_core.package_identification:_identify(/home/edwinooi/Desktop/foxy_ws/src/turtlebot3_simulations) by extension 'python_setup_py'
[1.374s] Level 1:colcon.colcon_core.package_identification:_identify(/home/edwinooi/Desktop/foxy_ws/src/turtlebot3_simulations/build) by extensions ['ignore', 'ignore_ament_install']
[1.374s] Level 1:colcon.colcon_core.package_identification:_identify(/home/edwinooi/Desktop/foxy_ws/src/turtlebot3_simulations/build) by extension 'ignore'
[1.374s] Level 1:colcon.colcon_core.package_identification:_identify(/home/edwinooi/Desktop/foxy_ws/src/turtlebot3_simulations/build) ignored
[1.374s] Level 1:colcon.colcon_core.package_identification:_identify(/home/edwinooi/Desktop/foxy_ws/src/turtlebot3_simulations/install) by extensions ['ignore', 'ignore_ament_install']
[1.374s] Level 1:colcon.colcon_core.package_identification:_identify(/home/edwinooi/Desktop/foxy_ws/src/turtlebot3_simulations/install) by extension 'ignore'
[1.375s] Level 1:colcon.colcon_core.package_identification:_identify(/home/edwinooi/Desktop/foxy_ws/src/turtlebot3_simulations/install) ignored
[1.375s] Level 1:colcon.colcon_core.package_identification:_identify(/home/edwinooi/Desktop/foxy_ws/src/turtlebot3_simulations/localization_server) by extensions ['ignore', 'ignore_ament_install']
[1.375s] Level 1:colcon.colcon_core.package_identification:_identify(/home/edwinooi/Desktop/foxy_ws/src/turtlebot3_simulations/localization_server) by extension 'ignore'
[1.375s] Level 1:colcon.colcon_core.package_identification:_identify(/home/edwinooi/Desktop/foxy_ws/src/turtlebot3_simulations/localization_server) by extension 'ignore_ament_install'
[1.375s] Level 1:colcon.colcon_core.package_identification:_identify(/home/edwinooi/Desktop/foxy_ws/src/turtlebot3_simulations/localization_server) by extensions ['colcon_pkg']
[1.375s] Level 1:colcon.colcon_core.package_identification:_identify(/home/edwinooi/Desktop/foxy_ws/src/turtlebot3_simulations/localization_server) by extension 'colcon_pkg'
[1.376s] Level 1:colcon.colcon_core.package_identification:_identify(/home/edwinooi/Desktop/foxy_ws/src/turtlebot3_simulations/localization_server) by extensions ['colcon_meta']
[1.376s] Level 1:colcon.colcon_core.package_identification:_identify(/home/edwinooi/Desktop/foxy_ws/src/turtlebot3_simulations/localization_server) by extension 'colcon_meta'
[1.376s] Level 1:colcon.colcon_core.package_identification:_identify(/home/edwinooi/Desktop/foxy_ws/src/turtlebot3_simulations/localization_server) by extensions ['ros']
[1.376s] Level 1:colcon.colcon_core.package_identification:_identify(/home/edwinooi/Desktop/foxy_ws/src/turtlebot3_simulations/localization_server) by extension 'ros'
[1.381s] DEBUG:colcon.colcon_core.package_identification:Package '/home/edwinooi/Desktop/foxy_ws/src/turtlebot3_simulations/localization_server' with type 'ros.ament_python' and name 'localization_server'
[1.381s] Level 1:colcon.colcon_core.package_identification:_identify(/home/edwinooi/Desktop/foxy_ws/src/turtlebot3_simulations/log) by extensions ['ignore', 'ignore_ament_install']
[1.382s] Level 1:colcon.colcon_core.package_identification:_identify(/home/edwinooi/Desktop/foxy_ws/src/turtlebot3_simulations/log) by extension 'ignore'
[1.382s] Level 1:colcon.colcon_core.package_identification:_identify(/home/edwinooi/Desktop/foxy_ws/src/turtlebot3_simulations/log) ignored
[1.383s] Level 1:colcon.colcon_core.package_identification:_identify(/home/edwinooi/Desktop/foxy_ws/src/turtlebot3_simulations/map_server) by extensions ['ignore', 'ignore_ament_install']
[1.383s] Level 1:colcon.colcon_core.package_identification:_identify(/home/edwinooi/Desktop/foxy_ws/src/turtlebot3_simulations/map_server) by extension 'ignore'
[1.383s] Level 1:colcon.colcon_core.package_identification:_identify(/home/edwinooi/Desktop/foxy_ws/src/turtlebot3_simulations/map_server) by extension 'ignore_ament_install'
[1.384s] Level 1:colcon.colcon_core.package_identification:_identify(/home/edwinooi/Desktop/foxy_ws/src/turtlebot3_simulations/map_server) by extensions ['colcon_pkg']
[1.384s] Level 1:colcon.colcon_core.package_identification:_identify(/home/edwinooi/Desktop/foxy_ws/src/turtlebot3_simulations/map_server) by extension 'colcon_pkg'
[1.384s] Level 1:colcon.colcon_core.package_identification:_identify(/home/edwinooi/Desktop/foxy_ws/src/turtlebot3_simulations/map_server) by extensions ['colcon_meta']
[1.384s] Level 1:colcon.colcon_core.package_identification:_identify(/home/edwinooi/Desktop/foxy_ws/src/turtlebot3_simulations/map_server) by extension 'colcon_meta'
[1.384s] Level 1:colcon.colcon_core.package_identification:_identify(/home/edwinooi/Desktop/foxy_ws/src/turtlebot3_simulations/map_server) by extensions ['ros']
[1.384s] Level 1:colcon.colcon_core.package_identification:_identify(/home/edwinooi/Desktop/foxy_ws/src/turtlebot3_simulations/map_server) by extension 'ros'
[1.386s] DEBUG:colcon.colcon_core.package_identification:Package '/home/edwinooi/Desktop/foxy_ws/src/turtlebot3_simulations/map_server' with type 'ros.ament_python' and name 'map_server'
[1.386s] Level 1:colcon.colcon_core.package_identification:_identify(/home/edwinooi/Desktop/foxy_ws/src/turtlebot3_simulations/realsense-ros-4.51.1) by extensions ['ignore', 'ignore_ament_install']
[1.386s] Level 1:colcon.colcon_core.package_identification:_identify(/home/edwinooi/Desktop/foxy_ws/src/turtlebot3_simulations/realsense-ros-4.51.1) by extension 'ignore'
[1.386s] Level 1:colcon.colcon_core.package_identification:_identify(/home/edwinooi/Desktop/foxy_ws/src/turtlebot3_simulations/realsense-ros-4.51.1) by extension 'ignore_ament_install'
[1.386s] Level 1:colcon.colcon_core.package_identification:_identify(/home/edwinooi/Desktop/foxy_ws/src/turtlebot3_simulations/realsense-ros-4.51.1) by extensions ['colcon_pkg']
[1.387s] Level 1:colcon.colcon_core.package_identification:_identify(/home/edwinooi/Desktop/foxy_ws/src/turtlebot3_simulations/realsense-ros-4.51.1) by extension 'colcon_pkg'
[1.387s] Level 1:colcon.colcon_core.package_identification:_identify(/home/edwinooi/Desktop/foxy_ws/src/turtlebot3_simulations/realsense-ros-4.51.1) by extensions ['colcon_meta']
[1.387s] Level 1:colcon.colcon_core.package_identification:_identify(/home/edwinooi/Desktop/foxy_ws/src/turtlebot3_simulations/realsense-ros-4.51.1) by extension 'colcon_meta'
[1.387s] Level 1:colcon.colcon_core.package_identification:_identify(/home/edwinooi/Desktop/foxy_ws/src/turtlebot3_simulations/realsense-ros-4.51.1) by extensions ['ros']
[1.395s] Level 1:colcon.colcon_core.package_identification:_identify(/home/edwinooi/Desktop/foxy_ws/src/turtlebot3_simulations/realsense-ros-4.51.1) by extension 'ros'
[1.395s] Level 1:colcon.colcon_core.package_identification:_identify(/home/edwinooi/Desktop/foxy_ws/src/turtlebot3_simulations/realsense-ros-4.51.1) by extensions ['cmake', 'python']
[1.396s] Level 1:colcon.colcon_core.package_identification:_identify(/home/edwinooi/Desktop/foxy_ws/src/turtlebot3_simulations/realsense-ros-4.51.1) by extension 'cmake'
[1.396s] Level 1:colcon.colcon_core.package_identification:_identify(/home/edwinooi/Desktop/foxy_ws/src/turtlebot3_simulations/realsense-ros-4.51.1) by extension 'python'
[1.396s] Level 1:colcon.colcon_core.package_identification:_identify(/home/edwinooi/Desktop/foxy_ws/src/turtlebot3_simulations/realsense-ros-4.51.1) by extensions ['python_setup_py']
[1.396s] Level 1:colcon.colcon_core.package_identification:_identify(/home/edwinooi/Desktop/foxy_ws/src/turtlebot3_simulations/realsense-ros-4.51.1) by extension 'python_setup_py'
[1.396s] Level 1:colcon.colcon_core.package_identification:_identify(/home/edwinooi/Desktop/foxy_ws/src/turtlebot3_simulations/realsense-ros-4.51.1/realsense2_camera) by extensions ['ignore', 'ignore_ament_install']
[1.397s] Level 1:colcon.colcon_core.package_identification:_identify(/home/edwinooi/Desktop/foxy_ws/src/turtlebot3_simulations/realsense-ros-4.51.1/realsense2_camera) by extension 'ignore'
[1.397s] Level 1:colcon.colcon_core.package_identification:_identify(/home/edwinooi/Desktop/foxy_ws/src/turtlebot3_simulations/realsense-ros-4.51.1/realsense2_camera) by extension 'ignore_ament_install'
[1.397s] Level 1:colcon.colcon_core.package_identification:_identify(/home/edwinooi/Desktop/foxy_ws/src/turtlebot3_simulations/realsense-ros-4.51.1/realsense2_camera) by extensions ['colcon_pkg']
[1.397s] Level 1:colcon.colcon_core.package_identification:_identify(/home/edwinooi/Desktop/foxy_ws/src/turtlebot3_simulations/realsense-ros-4.51.1/realsense2_camera) by extension 'colcon_pkg'
[1.398s] Level 1:colcon.colcon_core.package_identification:_identify(/home/edwinooi/Desktop/foxy_ws/src/turtlebot3_simulations/realsense-ros-4.51.1/realsense2_camera) by extensions ['colcon_meta']
[1.398s] Level 1:colcon.colcon_core.package_identification:_identify(/home/edwinooi/Desktop/foxy_ws/src/turtlebot3_simulations/realsense-ros-4.51.1/realsense2_camera) by extension 'colcon_meta'
[1.398s] Level 1:colcon.colcon_core.package_identification:_identify(/home/edwinooi/Desktop/foxy_ws/src/turtlebot3_simulations/realsense-ros-4.51.1/realsense2_camera) by extensions ['ros']
[1.398s] Level 1:colcon.colcon_core.package_identification:_identify(/home/edwinooi/Desktop/foxy_ws/src/turtlebot3_simulations/realsense-ros-4.51.1/realsense2_camera) by extension 'ros'
[1.403s] DEBUG:colcon.colcon_core.package_identification:Package '/home/edwinooi/Desktop/foxy_ws/src/turtlebot3_simulations/realsense-ros-4.51.1/realsense2_camera' with type 'ros.ament_cmake' and name 'realsense2_camera'
[1.403s] Level 1:colcon.colcon_core.package_identification:_identify(/home/edwinooi/Desktop/foxy_ws/src/turtlebot3_simulations/realsense-ros-4.51.1/realsense2_camera_msgs) by extensions ['ignore', 'ignore_ament_install']
[1.404s] Level 1:colcon.colcon_core.package_identification:_identify(/home/edwinooi/Desktop/foxy_ws/src/turtlebot3_simulations/realsense-ros-4.51.1/realsense2_camera_msgs) by extension 'ignore'
[1.404s] Level 1:colcon.colcon_core.package_identification:_identify(/home/edwinooi/Desktop/foxy_ws/src/turtlebot3_simulations/realsense-ros-4.51.1/realsense2_camera_msgs) by extension 'ignore_ament_install'
[1.404s] Level 1:colcon.colcon_core.package_identification:_identify(/home/edwinooi/Desktop/foxy_ws/src/turtlebot3_simulations/realsense-ros-4.51.1/realsense2_camera_msgs) by extensions ['colcon_pkg']
[1.404s] Level 1:colcon.colcon_core.package_identification:_identify(/home/edwinooi/Desktop/foxy_ws/src/turtlebot3_simulations/realsense-ros-4.51.1/realsense2_camera_msgs) by extension 'colcon_pkg'
[1.404s] Level 1:colcon.colcon_core.package_identification:_identify(/home/edwinooi/Desktop/foxy_ws/src/turtlebot3_simulations/realsense-ros-4.51.1/realsense2_camera_msgs) by extensions ['colcon_meta']
[1.404s] Level 1:colcon.colcon_core.package_identification:_identify(/home/edwinooi/Desktop/foxy_ws/src/turtlebot3_simulations/realsense-ros-4.51.1/realsense2_camera_msgs) by extension 'colcon_meta'
[1.405s] Level 1:colcon.colcon_core.package_identification:_identify(/home/edwinooi/Desktop/foxy_ws/src/turtlebot3_simulations/realsense-ros-4.51.1/realsense2_camera_msgs) by extensions ['ros']
[1.405s] Level 1:colcon.colcon_core.package_identification:_identify(/home/edwinooi/Desktop/foxy_ws/src/turtlebot3_simulations/realsense-ros-4.51.1/realsense2_camera_msgs) by extension 'ros'
[1.407s] DEBUG:colcon.colcon_core.package_identification:Package '/home/edwinooi/Desktop/foxy_ws/src/turtlebot3_simulations/realsense-ros-4.51.1/realsense2_camera_msgs' with type 'ros.ament_cmake' and name 'realsense2_camera_msgs'
[1.407s] Level 1:colcon.colcon_core.package_identification:_identify(/home/edwinooi/Desktop/foxy_ws/src/turtlebot3_simulations/realsense-ros-4.51.1/realsense2_description) by extensions ['ignore', 'ignore_ament_install']
[1.419s] Level 1:colcon.colcon_core.package_identification:_identify(/home/edwinooi/Desktop/foxy_ws/src/turtlebot3_simulations/realsense-ros-4.51.1/realsense2_description) by extension 'ignore'
[1.419s] Level 1:colcon.colcon_core.package_identification:_identify(/home/edwinooi/Desktop/foxy_ws/src/turtlebot3_simulations/realsense-ros-4.51.1/realsense2_description) by extension 'ignore_ament_install'
[1.420s] Level 1:colcon.colcon_core.package_identification:_identify(/home/edwinooi/Desktop/foxy_ws/src/turtlebot3_simulations/realsense-ros-4.51.1/realsense2_description) by extensions ['colcon_pkg']
[1.420s] Level 1:colcon.colcon_core.package_identification:_identify(/home/edwinooi/Desktop/foxy_ws/src/turtlebot3_simulations/realsense-ros-4.51.1/realsense2_description) by extension 'colcon_pkg'
[1.420s] Level 1:colcon.colcon_core.package_identification:_identify(/home/edwinooi/Desktop/foxy_ws/src/turtlebot3_simulations/realsense-ros-4.51.1/realsense2_description) by extensions ['colcon_meta']
[1.420s] Level 1:colcon.colcon_core.package_identification:_identify(/home/edwinooi/Desktop/foxy_ws/src/turtlebot3_simulations/realsense-ros-4.51.1/realsense2_description) by extension 'colcon_meta'
[1.420s] Level 1:colcon.colcon_core.package_identification:_identify(/home/edwinooi/Desktop/foxy_ws/src/turtlebot3_simulations/realsense-ros-4.51.1/realsense2_description) by extensions ['ros']
[1.420s] Level 1:colcon.colcon_core.package_identification:_identify(/home/edwinooi/Desktop/foxy_ws/src/turtlebot3_simulations/realsense-ros-4.51.1/realsense2_description) by extension 'ros'
[1.422s] DEBUG:colcon.colcon_core.package_identification:Package '/home/edwinooi/Desktop/foxy_ws/src/turtlebot3_simulations/realsense-ros-4.51.1/realsense2_description' with type 'ros.ament_cmake' and name 'realsense2_description'
[1.423s] Level 1:colcon.colcon_core.package_identification:_identify(/home/edwinooi/Desktop/foxy_ws/src/turtlebot3_simulations/realsense-ros-4.51.1/scripts) by extensions ['ignore', 'ignore_ament_install']
[1.423s] Level 1:colcon.colcon_core.package_identification:_identify(/home/edwinooi/Desktop/foxy_ws/src/turtlebot3_simulations/realsense-ros-4.51.1/scripts) by extension 'ignore'
[1.423s] Level 1:colcon.colcon_core.package_identification:_identify(/home/edwinooi/Desktop/foxy_ws/src/turtlebot3_simulations/realsense-ros-4.51.1/scripts) by extension 'ignore_ament_install'
[1.423s] Level 1:colcon.colcon_core.package_identification:_identify(/home/edwinooi/Desktop/foxy_ws/src/turtlebot3_simulations/realsense-ros-4.51.1/scripts) by extensions ['colcon_pkg']
[1.423s] Level 1:colcon.colcon_core.package_identification:_identify(/home/edwinooi/Desktop/foxy_ws/src/turtlebot3_simulations/realsense-ros-4.51.1/scripts) by extension 'colcon_pkg'
[1.423s] Level 1:colcon.colcon_core.package_identification:_identify(/home/edwinooi/Desktop/foxy_ws/src/turtlebot3_simulations/realsense-ros-4.51.1/scripts) by extensions ['colcon_meta']
[1.424s] Level 1:colcon.colcon_core.package_identification:_identify(/home/edwinooi/Desktop/foxy_ws/src/turtlebot3_simulations/realsense-ros-4.51.1/scripts) by extension 'colcon_meta'
[1.424s] Level 1:colcon.colcon_core.package_identification:_identify(/home/edwinooi/Desktop/foxy_ws/src/turtlebot3_simulations/realsense-ros-4.51.1/scripts) by extensions ['ros']
[1.424s] Level 1:colcon.colcon_core.package_identification:_identify(/home/edwinooi/Desktop/foxy_ws/src/turtlebot3_simulations/realsense-ros-4.51.1/scripts) by extension 'ros'
[1.424s] Level 1:colcon.colcon_core.package_identification:_identify(/home/edwinooi/Desktop/foxy_ws/src/turtlebot3_simulations/realsense-ros-4.51.1/scripts) by extensions ['cmake', 'python']
[1.424s] Level 1:colcon.colcon_core.package_identification:_identify(/home/edwinooi/Desktop/foxy_ws/src/turtlebot3_simulations/realsense-ros-4.51.1/scripts) by extension 'cmake'
[1.424s] Level 1:colcon.colcon_core.package_identification:_identify(/home/edwinooi/Desktop/foxy_ws/src/turtlebot3_simulations/realsense-ros-4.51.1/scripts) by extension 'python'
[1.424s] Level 1:colcon.colcon_core.package_identification:_identify(/home/edwinooi/Desktop/foxy_ws/src/turtlebot3_simulations/realsense-ros-4.51.1/scripts) by extensions ['python_setup_py']
[1.425s] Level 1:colcon.colcon_core.package_identification:_identify(/home/edwinooi/Desktop/foxy_ws/src/turtlebot3_simulations/realsense-ros-4.51.1/scripts) by extension 'python_setup_py'
[1.425s] Level 1:colcon.colcon_core.package_identification:_identify(/home/edwinooi/Desktop/foxy_ws/src/turtlebot3_simulations/ros2_aruco) by extensions ['ignore', 'ignore_ament_install']
[1.426s] Level 1:colcon.colcon_core.package_identification:_identify(/home/edwinooi/Desktop/foxy_ws/src/turtlebot3_simulations/ros2_aruco) by extension 'ignore'
[1.426s] Level 1:colcon.colcon_core.package_identification:_identify(/home/edwinooi/Desktop/foxy_ws/src/turtlebot3_simulations/ros2_aruco) by extension 'ignore_ament_install'
[1.426s] Level 1:colcon.colcon_core.package_identification:_identify(/home/edwinooi/Desktop/foxy_ws/src/turtlebot3_simulations/ros2_aruco) by extensions ['colcon_pkg']
[1.426s] Level 1:colcon.colcon_core.package_identification:_identify(/home/edwinooi/Desktop/foxy_ws/src/turtlebot3_simulations/ros2_aruco) by extension 'colcon_pkg'
[1.426s] Level 1:colcon.colcon_core.package_identification:_identify(/home/edwinooi/Desktop/foxy_ws/src/turtlebot3_simulations/ros2_aruco) by extensions ['colcon_meta']
[1.426s] Level 1:colcon.colcon_core.package_identification:_identify(/home/edwinooi/Desktop/foxy_ws/src/turtlebot3_simulations/ros2_aruco) by extension 'colcon_meta'
[1.426s] Level 1:colcon.colcon_core.package_identification:_identify(/home/edwinooi/Desktop/foxy_ws/src/turtlebot3_simulations/ros2_aruco) by extensions ['ros']
[1.426s] Level 1:colcon.colcon_core.package_identification:_identify(/home/edwinooi/Desktop/foxy_ws/src/turtlebot3_simulations/ros2_aruco) by extension 'ros'
[1.427s] Level 1:colcon.colcon_core.package_identification:_identify(/home/edwinooi/Desktop/foxy_ws/src/turtlebot3_simulations/ros2_aruco) by extensions ['cmake', 'python']
[1.427s] Level 1:colcon.colcon_core.package_identification:_identify(/home/edwinooi/Desktop/foxy_ws/src/turtlebot3_simulations/ros2_aruco) by extension 'cmake'
[1.427s] Level 1:colcon.colcon_core.package_identification:_identify(/home/edwinooi/Desktop/foxy_ws/src/turtlebot3_simulations/ros2_aruco) by extension 'python'
[1.427s] Level 1:colcon.colcon_core.package_identification:_identify(/home/edwinooi/Desktop/foxy_ws/src/turtlebot3_simulations/ros2_aruco) by extensions ['python_setup_py']
[1.427s] Level 1:colcon.colcon_core.package_identification:_identify(/home/edwinooi/Desktop/foxy_ws/src/turtlebot3_simulations/ros2_aruco) by extension 'python_setup_py'
[1.427s] Level 1:colcon.colcon_core.package_identification:_identify(/home/edwinooi/Desktop/foxy_ws/src/turtlebot3_simulations/ros2_aruco/ros2_aruco) by extensions ['ignore', 'ignore_ament_install']
[1.428s] Level 1:colcon.colcon_core.package_identification:_identify(/home/edwinooi/Desktop/foxy_ws/src/turtlebot3_simulations/ros2_aruco/ros2_aruco) by extension 'ignore'
[1.428s] Level 1:colcon.colcon_core.package_identification:_identify(/home/edwinooi/Desktop/foxy_ws/src/turtlebot3_simulations/ros2_aruco/ros2_aruco) by extension 'ignore_ament_install'
[1.428s] Level 1:colcon.colcon_core.package_identification:_identify(/home/edwinooi/Desktop/foxy_ws/src/turtlebot3_simulations/ros2_aruco/ros2_aruco) by extensions ['colcon_pkg']
[1.428s] Level 1:colcon.colcon_core.package_identification:_identify(/home/edwinooi/Desktop/foxy_ws/src/turtlebot3_simulations/ros2_aruco/ros2_aruco) by extension 'colcon_pkg'
[1.428s] Level 1:colcon.colcon_core.package_identification:_identify(/home/edwinooi/Desktop/foxy_ws/src/turtlebot3_simulations/ros2_aruco/ros2_aruco) by extensions ['colcon_meta']
[1.428s] Level 1:colcon.colcon_core.package_identification:_identify(/home/edwinooi/Desktop/foxy_ws/src/turtlebot3_simulations/ros2_aruco/ros2_aruco) by extension 'colcon_meta'
[1.429s] Level 1:colcon.colcon_core.package_identification:_identify(/home/edwinooi/Desktop/foxy_ws/src/turtlebot3_simulations/ros2_aruco/ros2_aruco) by extensions ['ros']
[1.429s] Level 1:colcon.colcon_core.package_identification:_identify(/home/edwinooi/Desktop/foxy_ws/src/turtlebot3_simulations/ros2_aruco/ros2_aruco) by extension 'ros'
[1.430s] DEBUG:colcon.colcon_core.package_identification:Package '/home/edwinooi/Desktop/foxy_ws/src/turtlebot3_simulations/ros2_aruco/ros2_aruco' with type 'ros.ament_python' and name 'ros2_aruco'
[1.430s] Level 1:colcon.colcon_core.package_identification:_identify(/home/edwinooi/Desktop/foxy_ws/src/turtlebot3_simulations/ros2_aruco/ros2_aruco_interfaces) by extensions ['ignore', 'ignore_ament_install']
[1.431s] Level 1:colcon.colcon_core.package_identification:_identify(/home/edwinooi/Desktop/foxy_ws/src/turtlebot3_simulations/ros2_aruco/ros2_aruco_interfaces) by extension 'ignore'
[1.431s] Level 1:colcon.colcon_core.package_identification:_identify(/home/edwinooi/Desktop/foxy_ws/src/turtlebot3_simulations/ros2_aruco/ros2_aruco_interfaces) by extension 'ignore_ament_install'
[1.431s] Level 1:colcon.colcon_core.package_identification:_identify(/home/edwinooi/Desktop/foxy_ws/src/turtlebot3_simulations/ros2_aruco/ros2_aruco_interfaces) by extensions ['colcon_pkg']
[1.431s] Level 1:colcon.colcon_core.package_identification:_identify(/home/edwinooi/Desktop/foxy_ws/src/turtlebot3_simulations/ros2_aruco/ros2_aruco_interfaces) by extension 'colcon_pkg'
[1.431s] Level 1:colcon.colcon_core.package_identification:_identify(/home/edwinooi/Desktop/foxy_ws/src/turtlebot3_simulations/ros2_aruco/ros2_aruco_interfaces) by extensions ['colcon_meta']
[1.431s] Level 1:colcon.colcon_core.package_identification:_identify(/home/edwinooi/Desktop/foxy_ws/src/turtlebot3_simulations/ros2_aruco/ros2_aruco_interfaces) by extension 'colcon_meta'
[1.431s] Level 1:colcon.colcon_core.package_identification:_identify(/home/edwinooi/Desktop/foxy_ws/src/turtlebot3_simulations/ros2_aruco/ros2_aruco_interfaces) by extensions ['ros']
[1.432s] Level 1:colcon.colcon_core.package_identification:_identify(/home/edwinooi/Desktop/foxy_ws/src/turtlebot3_simulations/ros2_aruco/ros2_aruco_interfaces) by extension 'ros'
[1.433s] DEBUG:colcon.colcon_core.package_identification:Package '/home/edwinooi/Desktop/foxy_ws/src/turtlebot3_simulations/ros2_aruco/ros2_aruco_interfaces' with type 'ros.ament_cmake' and name 'ros2_aruco_interfaces'
[1.434s] Level 1:colcon.colcon_core.package_identification:_identify(/home/edwinooi/Desktop/foxy_ws/src/turtlebot3_simulations/turtlebot3_gazebo) by extensions ['ignore', 'ignore_ament_install']
[1.434s] Level 1:colcon.colcon_core.package_identification:_identify(/home/edwinooi/Desktop/foxy_ws/src/turtlebot3_simulations/turtlebot3_gazebo) by extension 'ignore'
[1.434s] Level 1:colcon.colcon_core.package_identification:_identify(/home/edwinooi/Desktop/foxy_ws/src/turtlebot3_simulations/turtlebot3_gazebo) by extension 'ignore_ament_install'
[1.434s] Level 1:colcon.colcon_core.package_identification:_identify(/home/edwinooi/Desktop/foxy_ws/src/turtlebot3_simulations/turtlebot3_gazebo) by extensions ['colcon_pkg']
[1.434s] Level 1:colcon.colcon_core.package_identification:_identify(/home/edwinooi/Desktop/foxy_ws/src/turtlebot3_simulations/turtlebot3_gazebo) by extension 'colcon_pkg'
[1.435s] Level 1:colcon.colcon_core.package_identification:_identify(/home/edwinooi/Desktop/foxy_ws/src/turtlebot3_simulations/turtlebot3_gazebo) by extensions ['colcon_meta']
[1.435s] Level 1:colcon.colcon_core.package_identification:_identify(/home/edwinooi/Desktop/foxy_ws/src/turtlebot3_simulations/turtlebot3_gazebo) by extension 'colcon_meta'
[1.435s] Level 1:colcon.colcon_core.package_identification:_identify(/home/edwinooi/Desktop/foxy_ws/src/turtlebot3_simulations/turtlebot3_gazebo) by extensions ['ros']
[1.435s] Level 1:colcon.colcon_core.package_identification:_identify(/home/edwinooi/Desktop/foxy_ws/src/turtlebot3_simulations/turtlebot3_gazebo) by extension 'ros'
[1.450s] DEBUG:colcon.colcon_core.package_identification:Package '/home/edwinooi/Desktop/foxy_ws/src/turtlebot3_simulations/turtlebot3_gazebo' with type 'ros.ament_cmake' and name 'turtlebot3_gazebo'
[1.450s] Level 1:colcon.colcon_core.package_identification:_identify(/home/edwinooi/Desktop/foxy_ws/src/turtlebot3_simulations/turtlebot3_simulations) by extensions ['ignore', 'ignore_ament_install']
[1.451s] Level 1:colcon.colcon_core.package_identification:_identify(/home/edwinooi/Desktop/foxy_ws/src/turtlebot3_simulations/turtlebot3_simulations) by extension 'ignore'
[1.451s] Level 1:colcon.colcon_core.package_identification:_identify(/home/edwinooi/Desktop/foxy_ws/src/turtlebot3_simulations/turtlebot3_simulations) by extension 'ignore_ament_install'
[1.451s] Level 1:colcon.colcon_core.package_identification:_identify(/home/edwinooi/Desktop/foxy_ws/src/turtlebot3_simulations/turtlebot3_simulations) by extensions ['colcon_pkg']
[1.451s] Level 1:colcon.colcon_core.package_identification:_identify(/home/edwinooi/Desktop/foxy_ws/src/turtlebot3_simulations/turtlebot3_simulations) by extension 'colcon_pkg'
[1.451s] Level 1:colcon.colcon_core.package_identification:_identify(/home/edwinooi/Desktop/foxy_ws/src/turtlebot3_simulations/turtlebot3_simulations) by extensions ['colcon_meta']
[1.451s] Level 1:colcon.colcon_core.package_identification:_identify(/home/edwinooi/Desktop/foxy_ws/src/turtlebot3_simulations/turtlebot3_simulations) by extension 'colcon_meta'
[1.451s] Level 1:colcon.colcon_core.package_identification:_identify(/home/edwinooi/Desktop/foxy_ws/src/turtlebot3_simulations/turtlebot3_simulations) by extensions ['ros']
[1.452s] Level 1:colcon.colcon_core.package_identification:_identify(/home/edwinooi/Desktop/foxy_ws/src/turtlebot3_simulations/turtlebot3_simulations) by extension 'ros'
[1.453s] DEBUG:colcon.colcon_core.package_identification:Package '/home/edwinooi/Desktop/foxy_ws/src/turtlebot3_simulations/turtlebot3_simulations' with type 'ros.ament_cmake' and name 'turtlebot3_simulations'
[1.453s] Level 1:colcon.colcon_core.package_discovery:discover_packages(recursive) using defaults
