[0.403s] Invoking command in '/home/edwinooi/Desktop/foxy_ws/build/nav_2d_msgs': CMAKE_PREFIX_PATH=${CMAKE_PREFIX_PATH}:/home/edwinooi/Desktop/emanual/install/ros2_aruco:/opt/ros/humble /usr/bin/cmake --build /home/edwinooi/Desktop/foxy_ws/build/nav_2d_msgs -- -j4 -l4
[0.766s] [  0%] Built target ament_cmake_python_copy_nav_2d_msgs
[0.791s] [  1%] Built target nav_2d_msgs__cpp
[0.865s] [ 12%] Built target nav_2d_msgs__rosidl_generator_c
[1.139s] [ 23%] Built target nav_2d_msgs__rosidl_typesupport_cpp
[1.213s] [ 35%] Built target nav_2d_msgs__rosidl_typesupport_fastrtps_cpp
[1.265s] [ 46%] Built target nav_2d_msgs__rosidl_typesupport_introspection_cpp
[1.350s] [ 57%] Built target nav_2d_msgs__rosidl_typesupport_fastrtps_c
[1.514s] [ 69%] Built target nav_2d_msgs__rosidl_typesupport_c
[1.566s] [ 80%] Built target nav_2d_msgs__rosidl_typesupport_introspection_c
[1.789s] [ 80%] Built target nav_2d_msgs
[1.929s] [ 81%] Built target nav_2d_msgs__py
[2.156s] [ 91%] Built target nav_2d_msgs__rosidl_generator_py
[2.497s] [ 94%] Built target nav_2d_msgs__rosidl_typesupport_fastrtps_c__pyext
[2.585s] [ 97%] Built target nav_2d_msgs__rosidl_typesupport_c__pyext
[2.588s] [100%] Built target nav_2d_msgs__rosidl_typesupport_introspection_c__pyext
[3.289s] running egg_info
[3.291s] writing nav_2d_msgs.egg-info/PKG-INFO
[3.292s] writing dependency_links to nav_2d_msgs.egg-info/dependency_links.txt
[3.293s] writing top-level names to nav_2d_msgs.egg-info/top_level.txt
[3.306s] reading manifest file 'nav_2d_msgs.egg-info/SOURCES.txt'
[3.310s] writing manifest file 'nav_2d_msgs.egg-info/SOURCES.txt'
[3.422s] [100%] Built target ament_cmake_python_build_nav_2d_msgs_egg
[3.653s] Invoked command in '/home/edwinooi/Desktop/foxy_ws/build/nav_2d_msgs' returned '0': CMAKE_PREFIX_PATH=${CMAKE_PREFIX_PATH}:/home/edwinooi/Desktop/emanual/install/ros2_aruco:/opt/ros/humble /usr/bin/cmake --build /home/edwinooi/Desktop/foxy_ws/build/nav_2d_msgs -- -j4 -l4
[4.755s] Invoking command in '/home/edwinooi/Desktop/foxy_ws/build/nav_2d_msgs': CMAKE_PREFIX_PATH=${CMAKE_PREFIX_PATH}:/home/edwinooi/Desktop/emanual/install/ros2_aruco:/opt/ros/humble /usr/bin/cmake --install /home/edwinooi/Desktop/foxy_ws/build/nav_2d_msgs
[5.643s] -- Install configuration: ""
[5.643s] -- Up-to-date: /home/edwinooi/Desktop/foxy_ws/install/nav_2d_msgs/share/ament_index/resource_index/rosidl_interfaces/nav_2d_msgs
[5.644s] -- Up-to-date: /home/edwinooi/Desktop/foxy_ws/install/nav_2d_msgs/include/nav_2d_msgs/nav_2d_msgs
[5.644s] -- Up-to-date: /home/edwinooi/Desktop/foxy_ws/install/nav_2d_msgs/include/nav_2d_msgs/nav_2d_msgs/msg
[5.644s] -- Up-to-date: /home/edwinooi/Desktop/foxy_ws/install/nav_2d_msgs/include/nav_2d_msgs/nav_2d_msgs/msg/twist2_d_stamped.h
[5.644s] -- Up-to-date: /home/edwinooi/Desktop/foxy_ws/install/nav_2d_msgs/include/nav_2d_msgs/nav_2d_msgs/msg/path2_d.h
[5.644s] -- Up-to-date: /home/edwinooi/Desktop/foxy_ws/install/nav_2d_msgs/include/nav_2d_msgs/nav_2d_msgs/msg/pose2_d_stamped.h
[5.644s] -- Up-to-date: /home/edwinooi/Desktop/foxy_ws/install/nav_2d_msgs/include/nav_2d_msgs/nav_2d_msgs/msg/twist2_d.h
[5.645s] -- Up-to-date: /home/edwinooi/Desktop/foxy_ws/install/nav_2d_msgs/include/nav_2d_msgs/nav_2d_msgs/msg/rosidl_generator_c__visibility_control.h
[5.645s] -- Up-to-date: /home/edwinooi/Desktop/foxy_ws/install/nav_2d_msgs/include/nav_2d_msgs/nav_2d_msgs/msg/pose2_d32.h
[5.645s] -- Up-to-date: /home/edwinooi/Desktop/foxy_ws/install/nav_2d_msgs/include/nav_2d_msgs/nav_2d_msgs/msg/detail
[5.645s] -- Up-to-date: /home/edwinooi/Desktop/foxy_ws/install/nav_2d_msgs/include/nav_2d_msgs/nav_2d_msgs/msg/detail/twist2_d__type_support.h
[5.645s] -- Up-to-date: /home/edwinooi/Desktop/foxy_ws/install/nav_2d_msgs/include/nav_2d_msgs/nav_2d_msgs/msg/detail/pose2_d32__type_support.h
[5.646s] -- Up-to-date: /home/edwinooi/Desktop/foxy_ws/install/nav_2d_msgs/include/nav_2d_msgs/nav_2d_msgs/msg/detail/pose2_d32__functions.h
[5.646s] -- Up-to-date: /home/edwinooi/Desktop/foxy_ws/install/nav_2d_msgs/include/nav_2d_msgs/nav_2d_msgs/msg/detail/twist2_d__functions.c
[5.646s] -- Up-to-date: /home/edwinooi/Desktop/foxy_ws/install/nav_2d_msgs/include/nav_2d_msgs/nav_2d_msgs/msg/detail/path2_d__struct.h
[5.646s] -- Up-to-date: /home/edwinooi/Desktop/foxy_ws/install/nav_2d_msgs/include/nav_2d_msgs/nav_2d_msgs/msg/detail/twist2_d32__functions.c
[5.646s] -- Up-to-date: /home/edwinooi/Desktop/foxy_ws/install/nav_2d_msgs/include/nav_2d_msgs/nav_2d_msgs/msg/detail/twist2_d32__type_support.h
[5.646s] -- Up-to-date: /home/edwinooi/Desktop/foxy_ws/install/nav_2d_msgs/include/nav_2d_msgs/nav_2d_msgs/msg/detail/twist2_d_stamped__struct.h
[5.646s] -- Up-to-date: /home/edwinooi/Desktop/foxy_ws/install/nav_2d_msgs/include/nav_2d_msgs/nav_2d_msgs/msg/detail/pose2_d_stamped__type_support.h
[5.647s] -- Up-to-date: /home/edwinooi/Desktop/foxy_ws/install/nav_2d_msgs/include/nav_2d_msgs/nav_2d_msgs/msg/detail/twist2_d_stamped__functions.c
[5.647s] -- Up-to-date: /home/edwinooi/Desktop/foxy_ws/install/nav_2d_msgs/include/nav_2d_msgs/nav_2d_msgs/msg/detail/pose2_d_stamped__functions.c
[5.647s] -- Up-to-date: /home/edwinooi/Desktop/foxy_ws/install/nav_2d_msgs/include/nav_2d_msgs/nav_2d_msgs/msg/detail/twist2_d__functions.h
[5.647s] -- Up-to-date: /home/edwinooi/Desktop/foxy_ws/install/nav_2d_msgs/include/nav_2d_msgs/nav_2d_msgs/msg/detail/twist2_d_stamped__type_support.h
[5.647s] -- Up-to-date: /home/edwinooi/Desktop/foxy_ws/install/nav_2d_msgs/include/nav_2d_msgs/nav_2d_msgs/msg/detail/pose2_d32__struct.h
[5.655s] -- Up-to-date: /home/edwinooi/Desktop/foxy_ws/install/nav_2d_msgs/include/nav_2d_msgs/nav_2d_msgs/msg/detail/twist2_d_stamped__functions.h
[5.655s] -- Up-to-date: /home/edwinooi/Desktop/foxy_ws/install/nav_2d_msgs/include/nav_2d_msgs/nav_2d_msgs/msg/detail/path2_d__functions.h
[5.656s] -- Up-to-date: /home/edwinooi/Desktop/foxy_ws/install/nav_2d_msgs/include/nav_2d_msgs/nav_2d_msgs/msg/detail/path2_d__type_support.h
[5.656s] -- Up-to-date: /home/edwinooi/Desktop/foxy_ws/install/nav_2d_msgs/include/nav_2d_msgs/nav_2d_msgs/msg/detail/pose2_d32__functions.c
[5.657s] -- Up-to-date: /home/edwinooi/Desktop/foxy_ws/install/nav_2d_msgs/include/nav_2d_msgs/nav_2d_msgs/msg/detail/twist2_d__struct.h
[5.664s] -- Up-to-date: /home/edwinooi/Desktop/foxy_ws/install/nav_2d_msgs/include/nav_2d_msgs/nav_2d_msgs/msg/detail/twist2_d32__functions.h
[5.665s] -- Up-to-date: /home/edwinooi/Desktop/foxy_ws/install/nav_2d_msgs/include/nav_2d_msgs/nav_2d_msgs/msg/detail/pose2_d_stamped__struct.h
[5.665s] -- Up-to-date: /home/edwinooi/Desktop/foxy_ws/install/nav_2d_msgs/include/nav_2d_msgs/nav_2d_msgs/msg/detail/twist2_d32__struct.h
[5.669s] -- Up-to-date: /home/edwinooi/Desktop/foxy_ws/install/nav_2d_msgs/include/nav_2d_msgs/nav_2d_msgs/msg/detail/pose2_d_stamped__functions.h
[5.670s] -- Up-to-date: /home/edwinooi/Desktop/foxy_ws/install/nav_2d_msgs/include/nav_2d_msgs/nav_2d_msgs/msg/detail/path2_d__functions.c
[5.670s] -- Up-to-date: /home/edwinooi/Desktop/foxy_ws/install/nav_2d_msgs/include/nav_2d_msgs/nav_2d_msgs/msg/twist2_d32.h
[5.670s] -- Up-to-date: /home/edwinooi/Desktop/foxy_ws/install/nav_2d_msgs/share/nav_2d_msgs/environment/library_path.sh
[5.670s] -- Up-to-date: /home/edwinooi/Desktop/foxy_ws/install/nav_2d_msgs/share/nav_2d_msgs/environment/library_path.dsv
[5.670s] -- Up-to-date: /home/edwinooi/Desktop/foxy_ws/install/nav_2d_msgs/lib/libnav_2d_msgs__rosidl_generator_c.so
[5.670s] -- Up-to-date: /home/edwinooi/Desktop/foxy_ws/install/nav_2d_msgs/include/nav_2d_msgs/nav_2d_msgs
[5.671s] -- Up-to-date: /home/edwinooi/Desktop/foxy_ws/install/nav_2d_msgs/include/nav_2d_msgs/nav_2d_msgs/msg
[5.671s] -- Up-to-date: /home/edwinooi/Desktop/foxy_ws/install/nav_2d_msgs/include/nav_2d_msgs/nav_2d_msgs/msg/rosidl_typesupport_fastrtps_c__visibility_control.h
[5.671s] -- Up-to-date: /home/edwinooi/Desktop/foxy_ws/install/nav_2d_msgs/include/nav_2d_msgs/nav_2d_msgs/msg/detail
[5.671s] -- Up-to-date: /home/edwinooi/Desktop/foxy_ws/install/nav_2d_msgs/include/nav_2d_msgs/nav_2d_msgs/msg/detail/pose2_d32__rosidl_typesupport_fastrtps_c.h
[5.671s] -- Up-to-date: /home/edwinooi/Desktop/foxy_ws/install/nav_2d_msgs/include/nav_2d_msgs/nav_2d_msgs/msg/detail/twist2_d_stamped__rosidl_typesupport_fastrtps_c.h
[5.671s] -- Up-to-date: /home/edwinooi/Desktop/foxy_ws/install/nav_2d_msgs/include/nav_2d_msgs/nav_2d_msgs/msg/detail/pose2_d_stamped__rosidl_typesupport_fastrtps_c.h
[5.671s] -- Up-to-date: /home/edwinooi/Desktop/foxy_ws/install/nav_2d_msgs/include/nav_2d_msgs/nav_2d_msgs/msg/detail/twist2_d__rosidl_typesupport_fastrtps_c.h
[5.672s] -- Up-to-date: /home/edwinooi/Desktop/foxy_ws/install/nav_2d_msgs/include/nav_2d_msgs/nav_2d_msgs/msg/detail/path2_d__rosidl_typesupport_fastrtps_c.h
[5.672s] -- Up-to-date: /home/edwinooi/Desktop/foxy_ws/install/nav_2d_msgs/include/nav_2d_msgs/nav_2d_msgs/msg/detail/twist2_d32__rosidl_typesupport_fastrtps_c.h
[5.672s] -- Up-to-date: /home/edwinooi/Desktop/foxy_ws/install/nav_2d_msgs/lib/libnav_2d_msgs__rosidl_typesupport_fastrtps_c.so
[5.672s] -- Up-to-date: /home/edwinooi/Desktop/foxy_ws/install/nav_2d_msgs/include/nav_2d_msgs/nav_2d_msgs
[5.672s] -- Up-to-date: /home/edwinooi/Desktop/foxy_ws/install/nav_2d_msgs/include/nav_2d_msgs/nav_2d_msgs/msg
[5.672s] -- Up-to-date: /home/edwinooi/Desktop/foxy_ws/install/nav_2d_msgs/include/nav_2d_msgs/nav_2d_msgs/msg/twist2_d32.hpp
[5.672s] -- Up-to-date: /home/edwinooi/Desktop/foxy_ws/install/nav_2d_msgs/include/nav_2d_msgs/nav_2d_msgs/msg/path2_d.hpp
[5.673s] -- Up-to-date: /home/edwinooi/Desktop/foxy_ws/install/nav_2d_msgs/include/nav_2d_msgs/nav_2d_msgs/msg/twist2_d.hpp
[5.673s] -- Up-to-date: /home/edwinooi/Desktop/foxy_ws/install/nav_2d_msgs/include/nav_2d_msgs/nav_2d_msgs/msg/pose2_d_stamped.hpp
[5.685s] -- Up-to-date: /home/edwinooi/Desktop/foxy_ws/install/nav_2d_msgs/include/nav_2d_msgs/nav_2d_msgs/msg/detail
[5.685s] -- Up-to-date: /home/edwinooi/Desktop/foxy_ws/install/nav_2d_msgs/include/nav_2d_msgs/nav_2d_msgs/msg/detail/pose2_d_stamped__struct.hpp
[5.685s] -- Up-to-date: /home/edwinooi/Desktop/foxy_ws/install/nav_2d_msgs/include/nav_2d_msgs/nav_2d_msgs/msg/detail/twist2_d_stamped__struct.hpp
[5.686s] -- Up-to-date: /home/edwinooi/Desktop/foxy_ws/install/nav_2d_msgs/include/nav_2d_msgs/nav_2d_msgs/msg/detail/pose2_d32__traits.hpp
[5.686s] -- Up-to-date: /home/edwinooi/Desktop/foxy_ws/install/nav_2d_msgs/include/nav_2d_msgs/nav_2d_msgs/msg/detail/twist2_d_stamped__builder.hpp
[5.686s] -- Up-to-date: /home/edwinooi/Desktop/foxy_ws/install/nav_2d_msgs/include/nav_2d_msgs/nav_2d_msgs/msg/detail/twist2_d__traits.hpp
[5.686s] -- Up-to-date: /home/edwinooi/Desktop/foxy_ws/install/nav_2d_msgs/include/nav_2d_msgs/nav_2d_msgs/msg/detail/twist2_d32__struct.hpp
[5.686s] -- Up-to-date: /home/edwinooi/Desktop/foxy_ws/install/nav_2d_msgs/include/nav_2d_msgs/nav_2d_msgs/msg/detail/twist2_d_stamped__traits.hpp
[5.686s] -- Up-to-date: /home/edwinooi/Desktop/foxy_ws/install/nav_2d_msgs/include/nav_2d_msgs/nav_2d_msgs/msg/detail/pose2_d_stamped__builder.hpp
[5.687s] -- Up-to-date: /home/edwinooi/Desktop/foxy_ws/install/nav_2d_msgs/include/nav_2d_msgs/nav_2d_msgs/msg/detail/path2_d__traits.hpp
[5.687s] -- Up-to-date: /home/edwinooi/Desktop/foxy_ws/install/nav_2d_msgs/include/nav_2d_msgs/nav_2d_msgs/msg/detail/pose2_d32__struct.hpp
[5.687s] -- Up-to-date: /home/edwinooi/Desktop/foxy_ws/install/nav_2d_msgs/include/nav_2d_msgs/nav_2d_msgs/msg/detail/pose2_d32__builder.hpp
[5.687s] -- Up-to-date: /home/edwinooi/Desktop/foxy_ws/install/nav_2d_msgs/include/nav_2d_msgs/nav_2d_msgs/msg/detail/twist2_d__builder.hpp
[5.687s] -- Up-to-date: /home/edwinooi/Desktop/foxy_ws/install/nav_2d_msgs/include/nav_2d_msgs/nav_2d_msgs/msg/detail/path2_d__builder.hpp
[5.687s] -- Up-to-date: /home/edwinooi/Desktop/foxy_ws/install/nav_2d_msgs/include/nav_2d_msgs/nav_2d_msgs/msg/detail/path2_d__struct.hpp
[5.687s] -- Up-to-date: /home/edwinooi/Desktop/foxy_ws/install/nav_2d_msgs/include/nav_2d_msgs/nav_2d_msgs/msg/detail/twist2_d__struct.hpp
[5.687s] -- Up-to-date: /home/edwinooi/Desktop/foxy_ws/install/nav_2d_msgs/include/nav_2d_msgs/nav_2d_msgs/msg/detail/twist2_d32__builder.hpp
[5.688s] -- Up-to-date: /home/edwinooi/Desktop/foxy_ws/install/nav_2d_msgs/include/nav_2d_msgs/nav_2d_msgs/msg/detail/pose2_d_stamped__traits.hpp
[5.688s] -- Up-to-date: /home/edwinooi/Desktop/foxy_ws/install/nav_2d_msgs/include/nav_2d_msgs/nav_2d_msgs/msg/detail/twist2_d32__traits.hpp
[5.688s] -- Up-to-date: /home/edwinooi/Desktop/foxy_ws/install/nav_2d_msgs/include/nav_2d_msgs/nav_2d_msgs/msg/twist2_d_stamped.hpp
[5.688s] -- Up-to-date: /home/edwinooi/Desktop/foxy_ws/install/nav_2d_msgs/include/nav_2d_msgs/nav_2d_msgs/msg/pose2_d32.hpp
[5.688s] -- Up-to-date: /home/edwinooi/Desktop/foxy_ws/install/nav_2d_msgs/include/nav_2d_msgs/nav_2d_msgs
[5.688s] -- Up-to-date: /home/edwinooi/Desktop/foxy_ws/install/nav_2d_msgs/include/nav_2d_msgs/nav_2d_msgs/msg
[5.688s] -- Up-to-date: /home/edwinooi/Desktop/foxy_ws/install/nav_2d_msgs/include/nav_2d_msgs/nav_2d_msgs/msg/rosidl_typesupport_fastrtps_cpp__visibility_control.h
[5.688s] -- Up-to-date: /home/edwinooi/Desktop/foxy_ws/install/nav_2d_msgs/include/nav_2d_msgs/nav_2d_msgs/msg/detail
[5.689s] -- Up-to-date: /home/edwinooi/Desktop/foxy_ws/install/nav_2d_msgs/include/nav_2d_msgs/nav_2d_msgs/msg/detail/pose2_d32__rosidl_typesupport_fastrtps_cpp.hpp
[5.689s] -- Up-to-date: /home/edwinooi/Desktop/foxy_ws/install/nav_2d_msgs/include/nav_2d_msgs/nav_2d_msgs/msg/detail/pose2_d_stamped__rosidl_typesupport_fastrtps_cpp.hpp
[5.689s] -- Up-to-date: /home/edwinooi/Desktop/foxy_ws/install/nav_2d_msgs/include/nav_2d_msgs/nav_2d_msgs/msg/detail/twist2_d__rosidl_typesupport_fastrtps_cpp.hpp
[5.689s] -- Up-to-date: /home/edwinooi/Desktop/foxy_ws/install/nav_2d_msgs/include/nav_2d_msgs/nav_2d_msgs/msg/detail/dds_fastrtps
[5.689s] -- Up-to-date: /home/edwinooi/Desktop/foxy_ws/install/nav_2d_msgs/include/nav_2d_msgs/nav_2d_msgs/msg/detail/twist2_d_stamped__rosidl_typesupport_fastrtps_cpp.hpp
[5.689s] -- Up-to-date: /home/edwinooi/Desktop/foxy_ws/install/nav_2d_msgs/include/nav_2d_msgs/nav_2d_msgs/msg/detail/twist2_d32__rosidl_typesupport_fastrtps_cpp.hpp
[5.689s] -- Up-to-date: /home/edwinooi/Desktop/foxy_ws/install/nav_2d_msgs/include/nav_2d_msgs/nav_2d_msgs/msg/detail/path2_d__rosidl_typesupport_fastrtps_cpp.hpp
[5.689s] -- Up-to-date: /home/edwinooi/Desktop/foxy_ws/install/nav_2d_msgs/lib/libnav_2d_msgs__rosidl_typesupport_fastrtps_cpp.so
[5.690s] -- Up-to-date: /home/edwinooi/Desktop/foxy_ws/install/nav_2d_msgs/include/nav_2d_msgs/nav_2d_msgs
[5.690s] -- Up-to-date: /home/edwinooi/Desktop/foxy_ws/install/nav_2d_msgs/include/nav_2d_msgs/nav_2d_msgs/msg
[5.690s] -- Up-to-date: /home/edwinooi/Desktop/foxy_ws/install/nav_2d_msgs/include/nav_2d_msgs/nav_2d_msgs/msg/rosidl_typesupport_introspection_c__visibility_control.h
[5.692s] -- Up-to-date: /home/edwinooi/Desktop/foxy_ws/install/nav_2d_msgs/include/nav_2d_msgs/nav_2d_msgs/msg/detail
[5.692s] -- Up-to-date: /home/edwinooi/Desktop/foxy_ws/install/nav_2d_msgs/include/nav_2d_msgs/nav_2d_msgs/msg/detail/pose2_d_stamped__type_support.c
[5.692s] -- Up-to-date: /home/edwinooi/Desktop/foxy_ws/install/nav_2d_msgs/include/nav_2d_msgs/nav_2d_msgs/msg/detail/pose2_d32__type_support.c
[5.692s] -- Up-to-date: /home/edwinooi/Desktop/foxy_ws/install/nav_2d_msgs/include/nav_2d_msgs/nav_2d_msgs/msg/detail/twist2_d32__type_support.c
[5.692s] -- Up-to-date: /home/edwinooi/Desktop/foxy_ws/install/nav_2d_msgs/include/nav_2d_msgs/nav_2d_msgs/msg/detail/pose2_d32__rosidl_typesupport_introspection_c.h
[5.692s] -- Up-to-date: /home/edwinooi/Desktop/foxy_ws/install/nav_2d_msgs/include/nav_2d_msgs/nav_2d_msgs/msg/detail/pose2_d_stamped__rosidl_typesupport_introspection_c.h
[5.692s] -- Up-to-date: /home/edwinooi/Desktop/foxy_ws/install/nav_2d_msgs/include/nav_2d_msgs/nav_2d_msgs/msg/detail/twist2_d__rosidl_typesupport_introspection_c.h
[5.692s] -- Up-to-date: /home/edwinooi/Desktop/foxy_ws/install/nav_2d_msgs/include/nav_2d_msgs/nav_2d_msgs/msg/detail/path2_d__rosidl_typesupport_introspection_c.h
[5.693s] -- Up-to-date: /home/edwinooi/Desktop/foxy_ws/install/nav_2d_msgs/include/nav_2d_msgs/nav_2d_msgs/msg/detail/twist2_d32__rosidl_typesupport_introspection_c.h
[5.693s] -- Up-to-date: /home/edwinooi/Desktop/foxy_ws/install/nav_2d_msgs/include/nav_2d_msgs/nav_2d_msgs/msg/detail/path2_d__type_support.c
[5.693s] -- Up-to-date: /home/edwinooi/Desktop/foxy_ws/install/nav_2d_msgs/include/nav_2d_msgs/nav_2d_msgs/msg/detail/twist2_d_stamped__type_support.c
[5.693s] -- Up-to-date: /home/edwinooi/Desktop/foxy_ws/install/nav_2d_msgs/include/nav_2d_msgs/nav_2d_msgs/msg/detail/twist2_d_stamped__rosidl_typesupport_introspection_c.h
[5.693s] -- Up-to-date: /home/edwinooi/Desktop/foxy_ws/install/nav_2d_msgs/include/nav_2d_msgs/nav_2d_msgs/msg/detail/twist2_d__type_support.c
[5.693s] -- Up-to-date: /home/edwinooi/Desktop/foxy_ws/install/nav_2d_msgs/lib/libnav_2d_msgs__rosidl_typesupport_introspection_c.so
[5.694s] -- Up-to-date: /home/edwinooi/Desktop/foxy_ws/install/nav_2d_msgs/lib/libnav_2d_msgs__rosidl_typesupport_c.so
[5.694s] -- Up-to-date: /home/edwinooi/Desktop/foxy_ws/install/nav_2d_msgs/include/nav_2d_msgs/nav_2d_msgs
[5.694s] -- Up-to-date: /home/edwinooi/Desktop/foxy_ws/install/nav_2d_msgs/include/nav_2d_msgs/nav_2d_msgs/msg
[5.694s] -- Up-to-date: /home/edwinooi/Desktop/foxy_ws/install/nav_2d_msgs/include/nav_2d_msgs/nav_2d_msgs/msg/detail
[5.694s] -- Up-to-date: /home/edwinooi/Desktop/foxy_ws/install/nav_2d_msgs/include/nav_2d_msgs/nav_2d_msgs/msg/detail/pose2_d32__type_support.cpp
[5.694s] -- Up-to-date: /home/edwinooi/Desktop/foxy_ws/install/nav_2d_msgs/include/nav_2d_msgs/nav_2d_msgs/msg/detail/twist2_d_stamped__rosidl_typesupport_introspection_cpp.hpp
[5.695s] -- Up-to-date: /home/edwinooi/Desktop/foxy_ws/install/nav_2d_msgs/include/nav_2d_msgs/nav_2d_msgs/msg/detail/path2_d__rosidl_typesupport_introspection_cpp.hpp
[5.695s] -- Up-to-date: /home/edwinooi/Desktop/foxy_ws/install/nav_2d_msgs/include/nav_2d_msgs/nav_2d_msgs/msg/detail/pose2_d_stamped__type_support.cpp
[5.695s] -- Up-to-date: /home/edwinooi/Desktop/foxy_ws/install/nav_2d_msgs/include/nav_2d_msgs/nav_2d_msgs/msg/detail/twist2_d32__rosidl_typesupport_introspection_cpp.hpp
[5.695s] -- Up-to-date: /home/edwinooi/Desktop/foxy_ws/install/nav_2d_msgs/include/nav_2d_msgs/nav_2d_msgs/msg/detail/twist2_d32__type_support.cpp
[5.695s] -- Up-to-date: /home/edwinooi/Desktop/foxy_ws/install/nav_2d_msgs/include/nav_2d_msgs/nav_2d_msgs/msg/detail/pose2_d_stamped__rosidl_typesupport_introspection_cpp.hpp
[5.695s] -- Up-to-date: /home/edwinooi/Desktop/foxy_ws/install/nav_2d_msgs/include/nav_2d_msgs/nav_2d_msgs/msg/detail/twist2_d_stamped__type_support.cpp
[5.695s] -- Up-to-date: /home/edwinooi/Desktop/foxy_ws/install/nav_2d_msgs/include/nav_2d_msgs/nav_2d_msgs/msg/detail/path2_d__type_support.cpp
[5.696s] -- Up-to-date: /home/edwinooi/Desktop/foxy_ws/install/nav_2d_msgs/include/nav_2d_msgs/nav_2d_msgs/msg/detail/twist2_d__rosidl_typesupport_introspection_cpp.hpp
[5.696s] -- Up-to-date: /home/edwinooi/Desktop/foxy_ws/install/nav_2d_msgs/include/nav_2d_msgs/nav_2d_msgs/msg/detail/twist2_d__type_support.cpp
[5.696s] -- Up-to-date: /home/edwinooi/Desktop/foxy_ws/install/nav_2d_msgs/include/nav_2d_msgs/nav_2d_msgs/msg/detail/pose2_d32__rosidl_typesupport_introspection_cpp.hpp
[5.696s] -- Up-to-date: /home/edwinooi/Desktop/foxy_ws/install/nav_2d_msgs/lib/libnav_2d_msgs__rosidl_typesupport_introspection_cpp.so
[5.696s] -- Up-to-date: /home/edwinooi/Desktop/foxy_ws/install/nav_2d_msgs/lib/libnav_2d_msgs__rosidl_typesupport_cpp.so
[5.696s] -- Up-to-date: /home/edwinooi/Desktop/foxy_ws/install/nav_2d_msgs/share/nav_2d_msgs/environment/pythonpath.sh
[5.697s] -- Up-to-date: /home/edwinooi/Desktop/foxy_ws/install/nav_2d_msgs/share/nav_2d_msgs/environment/pythonpath.dsv
[5.697s] -- Up-to-date: /home/edwinooi/Desktop/foxy_ws/install/nav_2d_msgs/local/lib/python3.10/dist-packages/nav_2d_msgs-1.1.15-py3.10.egg-info
[5.704s] -- Installing: /home/edwinooi/Desktop/foxy_ws/install/nav_2d_msgs/local/lib/python3.10/dist-packages/nav_2d_msgs-1.1.15-py3.10.egg-info/SOURCES.txt
[5.705s] -- Installing: /home/edwinooi/Desktop/foxy_ws/install/nav_2d_msgs/local/lib/python3.10/dist-packages/nav_2d_msgs-1.1.15-py3.10.egg-info/PKG-INFO
[5.705s] -- Installing: /home/edwinooi/Desktop/foxy_ws/install/nav_2d_msgs/local/lib/python3.10/dist-packages/nav_2d_msgs-1.1.15-py3.10.egg-info/top_level.txt
[5.706s] -- Installing: /home/edwinooi/Desktop/foxy_ws/install/nav_2d_msgs/local/lib/python3.10/dist-packages/nav_2d_msgs-1.1.15-py3.10.egg-info/dependency_links.txt
[5.706s] -- Up-to-date: /home/edwinooi/Desktop/foxy_ws/install/nav_2d_msgs/local/lib/python3.10/dist-packages/nav_2d_msgs
[5.706s] -- Up-to-date: /home/edwinooi/Desktop/foxy_ws/install/nav_2d_msgs/local/lib/python3.10/dist-packages/nav_2d_msgs/_nav_2d_msgs_s.ep.rosidl_typesupport_introspection_c.c
[5.706s] -- Up-to-date: /home/edwinooi/Desktop/foxy_ws/install/nav_2d_msgs/local/lib/python3.10/dist-packages/nav_2d_msgs/_nav_2d_msgs_s.ep.rosidl_typesupport_c.c
[5.706s] -- Up-to-date: /home/edwinooi/Desktop/foxy_ws/install/nav_2d_msgs/local/lib/python3.10/dist-packages/nav_2d_msgs/_nav_2d_msgs_s.ep.rosidl_typesupport_fastrtps_c.c
[5.706s] -- Up-to-date: /home/edwinooi/Desktop/foxy_ws/install/nav_2d_msgs/local/lib/python3.10/dist-packages/nav_2d_msgs/__init__.py
[5.706s] -- Up-to-date: /home/edwinooi/Desktop/foxy_ws/install/nav_2d_msgs/local/lib/python3.10/dist-packages/nav_2d_msgs/msg
[5.707s] -- Up-to-date: /home/edwinooi/Desktop/foxy_ws/install/nav_2d_msgs/local/lib/python3.10/dist-packages/nav_2d_msgs/msg/_pose2_d32.py
[5.707s] -- Up-to-date: /home/edwinooi/Desktop/foxy_ws/install/nav_2d_msgs/local/lib/python3.10/dist-packages/nav_2d_msgs/msg/_path2_d_s.c
[5.707s] -- Up-to-date: /home/edwinooi/Desktop/foxy_ws/install/nav_2d_msgs/local/lib/python3.10/dist-packages/nav_2d_msgs/msg/_twist2_d32.py
[5.707s] -- Up-to-date: /home/edwinooi/Desktop/foxy_ws/install/nav_2d_msgs/local/lib/python3.10/dist-packages/nav_2d_msgs/msg/_twist2_d32_s.c
[5.707s] -- Up-to-date: /home/edwinooi/Desktop/foxy_ws/install/nav_2d_msgs/local/lib/python3.10/dist-packages/nav_2d_msgs/msg/_twist2_d_stamped_s.c
[5.707s] -- Up-to-date: /home/edwinooi/Desktop/foxy_ws/install/nav_2d_msgs/local/lib/python3.10/dist-packages/nav_2d_msgs/msg/_pose2_d_stamped_s.c
[5.708s] -- Up-to-date: /home/edwinooi/Desktop/foxy_ws/install/nav_2d_msgs/local/lib/python3.10/dist-packages/nav_2d_msgs/msg/__init__.py
[5.708s] -- Up-to-date: /home/edwinooi/Desktop/foxy_ws/install/nav_2d_msgs/local/lib/python3.10/dist-packages/nav_2d_msgs/msg/_twist2_d_s.c
[5.708s] -- Up-to-date: /home/edwinooi/Desktop/foxy_ws/install/nav_2d_msgs/local/lib/python3.10/dist-packages/nav_2d_msgs/msg/_twist2_d.py
[5.708s] -- Up-to-date: /home/edwinooi/Desktop/foxy_ws/install/nav_2d_msgs/local/lib/python3.10/dist-packages/nav_2d_msgs/msg/_pose2_d32_s.c
[5.708s] -- Up-to-date: /home/edwinooi/Desktop/foxy_ws/install/nav_2d_msgs/local/lib/python3.10/dist-packages/nav_2d_msgs/msg/_path2_d.py
[5.708s] -- Up-to-date: /home/edwinooi/Desktop/foxy_ws/install/nav_2d_msgs/local/lib/python3.10/dist-packages/nav_2d_msgs/msg/_pose2_d_stamped.py
[5.709s] -- Up-to-date: /home/edwinooi/Desktop/foxy_ws/install/nav_2d_msgs/local/lib/python3.10/dist-packages/nav_2d_msgs/msg/_twist2_d_stamped.py
[5.709s] -- Up-to-date: /home/edwinooi/Desktop/foxy_ws/install/nav_2d_msgs/local/lib/python3.10/dist-packages/nav_2d_msgs/libnav_2d_msgs__rosidl_generator_py.so
[5.716s] -- Up-to-date: /home/edwinooi/Desktop/foxy_ws/install/nav_2d_msgs/local/lib/python3.10/dist-packages/nav_2d_msgs/nav_2d_msgs_s__rosidl_typesupport_fastrtps_c.cpython-310-x86_64-linux-gnu.so
[5.717s] -- Up-to-date: /home/edwinooi/Desktop/foxy_ws/install/nav_2d_msgs/local/lib/python3.10/dist-packages/nav_2d_msgs/nav_2d_msgs_s__rosidl_typesupport_introspection_c.cpython-310-x86_64-linux-gnu.so
[5.717s] -- Up-to-date: /home/edwinooi/Desktop/foxy_ws/install/nav_2d_msgs/local/lib/python3.10/dist-packages/nav_2d_msgs/nav_2d_msgs_s__rosidl_typesupport_c.cpython-310-x86_64-linux-gnu.so
[5.749s] Listing '/home/edwinooi/Desktop/foxy_ws/install/nav_2d_msgs/local/lib/python3.10/dist-packages/nav_2d_msgs'...
[5.750s] Listing '/home/edwinooi/Desktop/foxy_ws/install/nav_2d_msgs/local/lib/python3.10/dist-packages/nav_2d_msgs/msg'...
[5.762s] -- Up-to-date: /home/edwinooi/Desktop/foxy_ws/install/nav_2d_msgs/local/lib/python3.10/dist-packages/nav_2d_msgs/nav_2d_msgs_s__rosidl_typesupport_fastrtps_c.cpython-310-x86_64-linux-gnu.so
[5.762s] -- Up-to-date: /home/edwinooi/Desktop/foxy_ws/install/nav_2d_msgs/local/lib/python3.10/dist-packages/nav_2d_msgs/nav_2d_msgs_s__rosidl_typesupport_introspection_c.cpython-310-x86_64-linux-gnu.so
[5.763s] -- Up-to-date: /home/edwinooi/Desktop/foxy_ws/install/nav_2d_msgs/local/lib/python3.10/dist-packages/nav_2d_msgs/nav_2d_msgs_s__rosidl_typesupport_c.cpython-310-x86_64-linux-gnu.so
[5.764s] -- Up-to-date: /home/edwinooi/Desktop/foxy_ws/install/nav_2d_msgs/lib/libnav_2d_msgs__rosidl_generator_py.so
[5.765s] -- Up-to-date: /home/edwinooi/Desktop/foxy_ws/install/nav_2d_msgs/share/nav_2d_msgs/msg/Path2D.idl
[5.766s] -- Up-to-date: /home/edwinooi/Desktop/foxy_ws/install/nav_2d_msgs/share/nav_2d_msgs/msg/Pose2D32.idl
[5.767s] -- Up-to-date: /home/edwinooi/Desktop/foxy_ws/install/nav_2d_msgs/share/nav_2d_msgs/msg/Pose2DStamped.idl
[5.767s] -- Up-to-date: /home/edwinooi/Desktop/foxy_ws/install/nav_2d_msgs/share/nav_2d_msgs/msg/Twist2D.idl
[5.769s] -- Up-to-date: /home/edwinooi/Desktop/foxy_ws/install/nav_2d_msgs/share/nav_2d_msgs/msg/Twist2D32.idl
[5.771s] -- Up-to-date: /home/edwinooi/Desktop/foxy_ws/install/nav_2d_msgs/share/nav_2d_msgs/msg/Twist2DStamped.idl
[5.772s] -- Up-to-date: /home/edwinooi/Desktop/foxy_ws/install/nav_2d_msgs/share/nav_2d_msgs/msg/Path2D.msg
[5.772s] -- Up-to-date: /home/edwinooi/Desktop/foxy_ws/install/nav_2d_msgs/share/nav_2d_msgs/msg/Pose2D32.msg
[5.773s] -- Up-to-date: /home/edwinooi/Desktop/foxy_ws/install/nav_2d_msgs/share/nav_2d_msgs/msg/Pose2DStamped.msg
[5.775s] -- Up-to-date: /home/edwinooi/Desktop/foxy_ws/install/nav_2d_msgs/share/nav_2d_msgs/msg/Twist2D.msg
[5.775s] -- Up-to-date: /home/edwinooi/Desktop/foxy_ws/install/nav_2d_msgs/share/nav_2d_msgs/msg/Twist2D32.msg
[5.775s] -- Up-to-date: /home/edwinooi/Desktop/foxy_ws/install/nav_2d_msgs/share/nav_2d_msgs/msg/Twist2DStamped.msg
[5.775s] -- Up-to-date: /home/edwinooi/Desktop/foxy_ws/install/nav_2d_msgs/share/ament_index/resource_index/package_run_dependencies/nav_2d_msgs
[5.775s] -- Up-to-date: /home/edwinooi/Desktop/foxy_ws/install/nav_2d_msgs/share/ament_index/resource_index/parent_prefix_path/nav_2d_msgs
[5.775s] -- Up-to-date: /home/edwinooi/Desktop/foxy_ws/install/nav_2d_msgs/share/nav_2d_msgs/environment/ament_prefix_path.sh
[5.776s] -- Up-to-date: /home/edwinooi/Desktop/foxy_ws/install/nav_2d_msgs/share/nav_2d_msgs/environment/ament_prefix_path.dsv
[5.776s] -- Up-to-date: /home/edwinooi/Desktop/foxy_ws/install/nav_2d_msgs/share/nav_2d_msgs/environment/path.sh
[5.776s] -- Up-to-date: /home/edwinooi/Desktop/foxy_ws/install/nav_2d_msgs/share/nav_2d_msgs/environment/path.dsv
[5.776s] -- Up-to-date: /home/edwinooi/Desktop/foxy_ws/install/nav_2d_msgs/share/nav_2d_msgs/local_setup.bash
[5.776s] -- Up-to-date: /home/edwinooi/Desktop/foxy_ws/install/nav_2d_msgs/share/nav_2d_msgs/local_setup.sh
[5.776s] -- Up-to-date: /home/edwinooi/Desktop/foxy_ws/install/nav_2d_msgs/share/nav_2d_msgs/local_setup.zsh
[5.776s] -- Up-to-date: /home/edwinooi/Desktop/foxy_ws/install/nav_2d_msgs/share/nav_2d_msgs/local_setup.dsv
[5.777s] -- Installing: /home/edwinooi/Desktop/foxy_ws/install/nav_2d_msgs/share/nav_2d_msgs/package.dsv
[5.777s] -- Up-to-date: /home/edwinooi/Desktop/foxy_ws/install/nav_2d_msgs/share/ament_index/resource_index/packages/nav_2d_msgs
[5.777s] -- Up-to-date: /home/edwinooi/Desktop/foxy_ws/install/nav_2d_msgs/share/nav_2d_msgs/cmake/export_nav_2d_msgs__rosidl_generator_cExport.cmake
[5.777s] -- Up-to-date: /home/edwinooi/Desktop/foxy_ws/install/nav_2d_msgs/share/nav_2d_msgs/cmake/export_nav_2d_msgs__rosidl_generator_cExport-noconfig.cmake
[5.777s] -- Up-to-date: /home/edwinooi/Desktop/foxy_ws/install/nav_2d_msgs/share/nav_2d_msgs/cmake/export_nav_2d_msgs__rosidl_typesupport_fastrtps_cExport.cmake
[5.777s] -- Up-to-date: /home/edwinooi/Desktop/foxy_ws/install/nav_2d_msgs/share/nav_2d_msgs/cmake/export_nav_2d_msgs__rosidl_typesupport_fastrtps_cExport-noconfig.cmake
[5.778s] -- Up-to-date: /home/edwinooi/Desktop/foxy_ws/install/nav_2d_msgs/share/nav_2d_msgs/cmake/export_nav_2d_msgs__rosidl_generator_cppExport.cmake
[5.778s] -- Up-to-date: /home/edwinooi/Desktop/foxy_ws/install/nav_2d_msgs/share/nav_2d_msgs/cmake/export_nav_2d_msgs__rosidl_typesupport_fastrtps_cppExport.cmake
[5.778s] -- Up-to-date: /home/edwinooi/Desktop/foxy_ws/install/nav_2d_msgs/share/nav_2d_msgs/cmake/export_nav_2d_msgs__rosidl_typesupport_fastrtps_cppExport-noconfig.cmake
[5.778s] -- Up-to-date: /home/edwinooi/Desktop/foxy_ws/install/nav_2d_msgs/share/nav_2d_msgs/cmake/nav_2d_msgs__rosidl_typesupport_introspection_cExport.cmake
[5.778s] -- Up-to-date: /home/edwinooi/Desktop/foxy_ws/install/nav_2d_msgs/share/nav_2d_msgs/cmake/nav_2d_msgs__rosidl_typesupport_introspection_cExport-noconfig.cmake
[5.778s] -- Up-to-date: /home/edwinooi/Desktop/foxy_ws/install/nav_2d_msgs/share/nav_2d_msgs/cmake/nav_2d_msgs__rosidl_typesupport_cExport.cmake
[5.779s] -- Up-to-date: /home/edwinooi/Desktop/foxy_ws/install/nav_2d_msgs/share/nav_2d_msgs/cmake/nav_2d_msgs__rosidl_typesupport_cExport-noconfig.cmake
[5.779s] -- Up-to-date: /home/edwinooi/Desktop/foxy_ws/install/nav_2d_msgs/share/nav_2d_msgs/cmake/nav_2d_msgs__rosidl_typesupport_introspection_cppExport.cmake
[5.779s] -- Up-to-date: /home/edwinooi/Desktop/foxy_ws/install/nav_2d_msgs/share/nav_2d_msgs/cmake/nav_2d_msgs__rosidl_typesupport_introspection_cppExport-noconfig.cmake
[5.779s] -- Up-to-date: /home/edwinooi/Desktop/foxy_ws/install/nav_2d_msgs/share/nav_2d_msgs/cmake/nav_2d_msgs__rosidl_typesupport_cppExport.cmake
[5.779s] -- Up-to-date: /home/edwinooi/Desktop/foxy_ws/install/nav_2d_msgs/share/nav_2d_msgs/cmake/nav_2d_msgs__rosidl_typesupport_cppExport-noconfig.cmake
[5.779s] -- Up-to-date: /home/edwinooi/Desktop/foxy_ws/install/nav_2d_msgs/share/nav_2d_msgs/cmake/export_nav_2d_msgs__rosidl_generator_pyExport.cmake
[5.779s] -- Up-to-date: /home/edwinooi/Desktop/foxy_ws/install/nav_2d_msgs/share/nav_2d_msgs/cmake/export_nav_2d_msgs__rosidl_generator_pyExport-noconfig.cmake
[5.780s] -- Up-to-date: /home/edwinooi/Desktop/foxy_ws/install/nav_2d_msgs/share/nav_2d_msgs/cmake/rosidl_cmake-extras.cmake
[5.780s] -- Up-to-date: /home/edwinooi/Desktop/foxy_ws/install/nav_2d_msgs/share/nav_2d_msgs/cmake/ament_cmake_export_dependencies-extras.cmake
[5.780s] -- Up-to-date: /home/edwinooi/Desktop/foxy_ws/install/nav_2d_msgs/share/nav_2d_msgs/cmake/ament_cmake_export_include_directories-extras.cmake
[5.780s] -- Up-to-date: /home/edwinooi/Desktop/foxy_ws/install/nav_2d_msgs/share/nav_2d_msgs/cmake/ament_cmake_export_libraries-extras.cmake
[5.780s] -- Up-to-date: /home/edwinooi/Desktop/foxy_ws/install/nav_2d_msgs/share/nav_2d_msgs/cmake/ament_cmake_export_targets-extras.cmake
[5.783s] -- Up-to-date: /home/edwinooi/Desktop/foxy_ws/install/nav_2d_msgs/share/nav_2d_msgs/cmake/rosidl_cmake_export_typesupport_targets-extras.cmake
[5.784s] -- Up-to-date: /home/edwinooi/Desktop/foxy_ws/install/nav_2d_msgs/share/nav_2d_msgs/cmake/rosidl_cmake_export_typesupport_libraries-extras.cmake
[5.784s] -- Up-to-date: /home/edwinooi/Desktop/foxy_ws/install/nav_2d_msgs/share/nav_2d_msgs/cmake/nav_2d_msgsConfig.cmake
[5.784s] -- Up-to-date: /home/edwinooi/Desktop/foxy_ws/install/nav_2d_msgs/share/nav_2d_msgs/cmake/nav_2d_msgsConfig-version.cmake
[5.784s] -- Up-to-date: /home/edwinooi/Desktop/foxy_ws/install/nav_2d_msgs/share/nav_2d_msgs/package.xml
[5.956s] Invoked command in '/home/edwinooi/Desktop/foxy_ws/build/nav_2d_msgs' returned '0': CMAKE_PREFIX_PATH=${CMAKE_PREFIX_PATH}:/home/edwinooi/Desktop/emanual/install/ros2_aruco:/opt/ros/humble /usr/bin/cmake --install /home/edwinooi/Desktop/foxy_ws/build/nav_2d_msgs
